[zyj-debug] Before affine transformations
nvar = 1, npar = 1
Parameters: PB_M 
S1 "A[i] = A[i-2] + 4;"
ndims: 1; orig_depth: 1
iterators: i
Index set
3 4
1 1 0 -2 
1 -1 1 -1 
1 0 1 -3 
T(S1): (0, i, 0)
loop types (loop, loop, loop)

Read accesses
A[i-2]
Write accesses
A[i]
Original loop: 0 -> yes

--- Dep 1 from S1 to S1; satisfied: 0, sat level: -1; Type: RAW
on variable: A
Dependence polyhedron
4 5
0 -1 1 0 -2 
1 1 0 0 -2 
1 -1 0 1 -3 
1 0 0 1 -80000000 


[zyj-debug] After affine transformations
T(S1): (i)
loop types (loop)

t1 --> serial   loop   (band 0)no-ujam

