[zyj-debug] Before affine transformations
nvar = 2, npar = 2
Parameters: PB_L PB_M 
S1 "A[j][j] = 2;"
ndims: 2; orig_depth: 2
iterators: i, j
Index set
6 6
1 1 0 0 0 0 
1 -1 0 1 0 -1 
1 0 0 1 0 -1 
1 0 1 0 0 0 
1 0 -1 0 1 -1 
1 0 0 0 1 -1 
T(S1): (0, i, 0, j, 0)
loop types (loop, loop, loop, loop, loop)

No Read accesses
Write accesses
A[j][j]
Original loop: 0 -> yes
Original loop: 1 -> yes

--- Dep 1 from S1 to S1; satisfied: 0, sat level: -1; Type: WAW
on variable: A
Dependence polyhedron
10 8
0 0 -1 0 1 0 0 0 
1 1 0 0 0 0 0 0 
1 -1 0 0 0 1 0 -1 
1 0 0 0 0 1 0 -10000 
1 0 1 0 0 0 0 0 
1 0 -1 0 0 0 1 -1 
1 0 0 0 0 0 1 -10000 
1 0 0 1 0 0 0 0 
1 0 0 -1 0 1 0 -1 
1 -1 0 1 0 0 0 -1 


[zyj-debug] After affine transformations
T(S1): (zT2, zT3, j, i)
loop types (loop, loop, loop, loop)

t1 --> parallel loop   (band 0)no-ujam
t2 --> fwd_dep  loop   (band 0)no-ujam
t3 --> parallel loop   (band 0)no-ujam
t4 --> fwd_dep  loop   (band 0)no-ujam

