[zyj-debug] Before affine transformations
nvar = 3, npar = 1
Parameters: PB_P 
S1 "A[j-1][k] = A[j-1][k] - A[j-1][k] - B[j+1][k-1][i] - B[i][j][k] - 1;"
ndims: 3; orig_depth: 3
iterators: i, j, k
Index set
9 6
1 1 0 0 0 0 
1 -1 0 0 1 -1 
1 0 0 0 1 -1 
1 0 1 0 0 -1 
1 1 -1 0 0 -1 
1 1 0 0 0 -2 
1 0 0 1 0 -1 
1 0 0 -1 1 -1 
1 0 0 0 1 -2 
T(S1): (0, i, 0, j, 0, k, 0)
loop types (loop, loop, loop, loop, loop, loop, loop)

Read accesses
A[j-1][k]
A[j-1][k]
B[j+1][k-1][i]
B[i][j][k]
Write accesses
A[j-1][k]
Original loop: 0 -> yes
Original loop: 1 -> yes
Original loop: 2 -> yes

--- Dep 1 from S1 to S1; satisfied: 0, sat level: -1; Type: RAW
on variable: A
Dependence polyhedron
13 9
0 0 0 -1 0 0 1 0 0 
0 0 -1 0 0 1 0 0 0 
1 1 0 0 0 0 0 0 -2 
1 -1 0 0 0 0 0 1 -1 
1 0 0 0 0 0 0 1 -300 
1 0 1 0 0 0 0 0 -1 
1 1 -1 0 0 0 0 0 -1 
1 0 0 -1 0 0 0 1 -1 
1 0 0 1 0 0 0 0 -1 
1 0 0 0 1 0 0 0 -2 
1 0 0 0 -1 0 0 1 -1 
1 0 -1 0 1 0 0 0 -1 
1 -1 0 0 1 0 0 0 -1 

--- Dep 2 from S1 to S1; satisfied: 0, sat level: -1; Type: RAW
on variable: A
Dependence polyhedron
13 9
0 0 0 -1 0 0 1 0 0 
0 0 -1 0 0 1 0 0 0 
1 1 0 0 0 0 0 0 -2 
1 -1 0 0 0 0 0 1 -1 
1 0 0 0 0 0 0 1 -300 
1 0 1 0 0 0 0 0 -1 
1 1 -1 0 0 0 0 0 -1 
1 0 0 -1 0 0 0 1 -1 
1 0 0 1 0 0 0 0 -1 
1 0 0 0 1 0 0 0 -2 
1 0 0 0 -1 0 0 1 -1 
1 0 -1 0 1 0 0 0 -1 
1 -1 0 0 1 0 0 0 -1 

--- Dep 3 from S1 to S1; satisfied: 0, sat level: -1; Type: WAR
on variable: A
Dependence polyhedron
13 9
0 0 0 -1 0 0 1 0 0 
0 0 -1 0 0 1 0 0 0 
1 1 0 0 0 0 0 0 -2 
1 -1 0 0 0 0 0 1 -1 
1 0 0 0 0 0 0 1 -300 
1 0 1 0 0 0 0 0 -1 
1 1 -1 0 0 0 0 0 -1 
1 0 0 -1 0 0 0 1 -1 
1 0 0 1 0 0 0 0 -1 
1 0 0 0 1 0 0 0 -2 
1 0 0 0 -1 0 0 1 -1 
1 0 -1 0 1 0 0 0 -1 
1 -1 0 0 1 0 0 0 -1 

--- Dep 4 from S1 to S1; satisfied: 0, sat level: -1; Type: WAR
on variable: A
Dependence polyhedron
13 9
0 0 0 -1 0 0 1 0 0 
0 0 -1 0 0 1 0 0 0 
1 1 0 0 0 0 0 0 -2 
1 -1 0 0 0 0 0 1 -1 
1 0 0 0 0 0 0 1 -300 
1 0 1 0 0 0 0 0 -1 
1 1 -1 0 0 0 0 0 -1 
1 0 0 -1 0 0 0 1 -1 
1 0 0 1 0 0 0 0 -1 
1 0 0 0 1 0 0 0 -2 
1 0 0 0 -1 0 0 1 -1 
1 0 -1 0 1 0 0 0 -1 
1 -1 0 0 1 0 0 0 -1 

--- Dep 5 from S1 to S1; satisfied: 0, sat level: -1; Type: WAW
on variable: A
Dependence polyhedron
13 9
0 0 0 -1 0 0 1 0 0 
0 0 -1 0 0 1 0 0 0 
1 1 0 0 0 0 0 0 -2 
1 -1 0 0 0 0 0 1 -1 
1 0 0 0 0 0 0 1 -300 
1 0 1 0 0 0 0 0 -1 
1 1 -1 0 0 0 0 0 -1 
1 0 0 -1 0 0 0 1 -1 
1 0 0 1 0 0 0 0 -1 
1 0 0 0 1 0 0 0 -2 
1 0 0 0 -1 0 0 1 -1 
1 0 -1 0 1 0 0 0 -1 
1 -1 0 0 1 0 0 0 -1 


[zyj-debug] After affine transformations
T(S1): (zT3, zT4, zT5, j, k, i)
loop types (loop, loop, loop, loop, loop, loop)

t1 --> parallel loop   (band 0)no-ujam
t2 --> parallel loop   (band 0)no-ujam
t3 --> fwd_dep  loop   (band 0)no-ujam
t4 --> parallel loop   (band 0)no-ujam
t5 --> parallel loop   (band 0)no-ujam
t6 --> fwd_dep  loop   (band 0)no-ujam

