[zyj-debug] Before affine transformations
nvar = 2, npar = 1
Parameters: PB_M 
S1 "A[j][i] = B[j-1] - 2;"
ndims: 2; orig_depth: 2
iterators: i, j
Index set
6 5
1 1 0 0 0 
1 -1 0 1 -1 
1 0 0 1 -1 
1 0 1 0 -1 
1 0 -1 1 -1 
1 0 0 1 -2 
T(S1): (0, i, 0, j, 0)
loop types (loop, loop, loop, loop, loop)

Read accesses
B[j-1]
Write accesses
A[j][i]
Original loop: 0 -> yes
Original loop: 1 -> yes

** No dependences **


[zyj-debug] After affine transformations
T(S1): (zT2, zT3, j, i)
loop types (loop, loop, loop, loop)

t1 --> parallel loop   (band 0)no-ujam
t2 --> parallel loop   (band 0)no-ujam
t3 --> parallel loop   (band 0)no-ujam
t4 --> parallel loop   (band 0)no-ujam

