[zyj-debug] Before affine transformations
nvar = 3, npar = 2
Parameters: PB_P PB_L 
S1 "A[k+1][k-1][j] = A[k][k-1][j] + A[j][j][k-1] - B[j][i] - 6;"
ndims: 3; orig_depth: 3
iterators: i, j, k
Index set
13 7
1 1 0 0 0 0 0 
1 -1 0 0 1 0 -1 
1 0 0 0 1 0 -1 
1 0 1 0 0 0 0 
1 1 -1 0 0 0 -1 
1 0 -1 0 0 1 -1 
1 1 0 0 0 0 -1 
1 0 0 0 0 1 -1 
1 0 0 1 0 0 -1 
1 1 0 -1 0 0 -1 
1 0 0 -1 0 1 -2 
1 1 0 0 0 0 -2 
1 0 0 0 0 1 -3 
T(S1): (0, i, 0, j, 0, k, 0)
loop types (loop, loop, loop, loop, loop, loop, loop)

Read accesses
A[k][k-1][j]
A[j][j][k-1]
B[j][i]
Write accesses
A[k+1][k-1][j]
Original loop: 0 -> yes
Original loop: 1 -> yes
Original loop: 2 -> yes

--- Dep 1 from S1 to S1; satisfied: 0, sat level: -1; Type: WAW
on variable: A
Dependence polyhedron
17 10
0 0 0 -1 0 0 1 0 0 0 
0 0 -1 0 0 1 0 0 0 0 
1 1 0 0 0 0 0 0 0 -2 
1 -1 0 0 0 0 0 1 0 -1 
1 0 0 0 0 0 0 1 0 -500 
1 0 1 0 0 0 0 0 0 0 
1 1 -1 0 0 0 0 0 0 -1 
1 0 -1 0 0 0 0 0 1 -1 
1 0 0 0 0 0 0 0 1 -300 
1 0 0 -1 0 0 0 0 1 -2 
1 0 0 1 0 0 0 0 0 -1 
1 1 0 -1 0 0 0 0 0 -1 
1 0 0 0 1 0 0 0 0 -2 
1 0 0 0 -1 0 0 1 0 -1 
1 0 0 -1 1 0 0 0 0 -1 
1 0 -1 0 1 0 0 0 0 -1 
1 -1 0 0 1 0 0 0 0 -1 


[zyj-debug] After affine transformations
T(S1): (zT3, zT4, zT5, j, k, i)
loop types (loop, loop, loop, loop, loop, loop)

t1 --> parallel loop   (band 0)no-ujam
t2 --> parallel loop   (band 0)no-ujam
t3 --> fwd_dep  loop   (band 0)no-ujam
t4 --> parallel loop   (band 0)no-ujam
t5 --> parallel loop   (band 0)no-ujam
t6 --> fwd_dep  loop   (band 0)no-ujam

