[zyj-debug] Before affine transformations
nvar = 2, npar = 2
Parameters: PB_L PB_M 
S1 "A[j+1][i] = A[j+3][i+1] - 1;"
ndims: 2; orig_depth: 2
iterators: i, j
Index set
6 6
1 1 0 0 0 0 
1 -1 0 1 0 -2 
1 0 0 1 0 -2 
1 0 1 0 0 1 
1 0 -1 0 1 -4 
1 0 0 0 1 -3 
T(S1): (0, i, 0, j, 0)
loop types (loop, loop, loop, loop, loop)

Read accesses
A[j+3][i+1]
Write accesses
A[j+1][i]
Original loop: 0 -> yes
Original loop: 1 -> yes

--- Dep 1 from S1 to S1; satisfied: 0, sat level: -1; Type: WAR
on variable: A
Dependence polyhedron
8 8
0 0 -1 0 1 0 0 -2 
0 -1 0 1 0 0 0 -1 
1 1 0 0 0 0 0 0 
1 -1 0 0 0 1 0 -3 
1 0 0 0 0 1 0 -7000 
1 0 1 0 0 0 0 1 
1 0 -1 0 0 0 1 -6 
1 0 0 0 0 0 1 -10000 


[zyj-debug] After affine transformations
T(S1): (zT2+zT3, zT3, j, i)
loop types (loop, loop, loop, loop)

t1 --> fwd_dep  loop   (band 0)no-ujam
t2 --> fwd_dep  loop   (band 0)no-ujam
t3 --> fwd_dep  loop   (band 0)no-ujam
t4 --> parallel loop   (band 0)no-ujam

