[zyj-debug] Before affine transformations
nvar = 3, npar = 2
Parameters: PB_M PB_L 
S1 "A[j][k-1][k] = A[i][j][k] - 1;"
ndims: 3; orig_depth: 3
iterators: i, j, k
Index set
9 7
1 1 0 0 0 0 0 
1 -1 0 0 1 0 -1 
1 0 0 0 1 0 -1 
1 0 1 0 0 0 0 
1 1 -1 0 0 0 -1 
1 1 0 0 0 0 -1 
1 0 0 1 0 0 -1 
1 0 0 -1 0 1 -1 
1 0 0 0 0 1 -2 
T(S1): (0, i, 0, j, 0, k, 0)
loop types (loop, loop, loop, loop, loop, loop, loop)

Read accesses
A[i][j][k]
Write accesses
A[j][k-1][k]
Original loop: 0 -> yes
Original loop: 1 -> yes
Original loop: 2 -> yes

--- Dep 1 from S1 to S1; satisfied: 0, sat level: -1; Type: WAR
on variable: A
Dependence polyhedron
13 10
0 0 -1 0 0 0 1 0 0 -1 
0 -1 0 0 0 1 0 0 0 0 
0 0 -1 1 0 0 0 0 0 -1 
1 1 0 0 0 0 0 0 0 -1 
1 -1 0 0 0 0 0 1 0 -1 
1 0 0 0 0 0 0 1 0 -400 
1 0 1 0 0 0 0 0 0 0 
1 1 -1 0 0 0 0 0 0 -1 
1 0 0 0 0 0 0 0 1 -300 
1 0 -1 0 0 0 0 0 1 -2 
1 -1 0 0 1 0 0 0 0 -1 
1 0 0 0 1 0 0 0 0 -1 
1 0 0 0 -1 0 0 1 0 -1 

--- Dep 2 from S1 to S1; satisfied: 0, sat level: -1; Type: WAW
on variable: A
Dependence polyhedron
14 10
0 0 0 -1 0 0 1 0 0 0 
0 0 -1 0 0 1 0 0 0 0 
1 1 0 0 0 0 0 0 0 -1 
1 -1 0 0 0 0 0 1 0 -1 
1 0 0 0 0 0 0 1 0 -400 
1 0 1 0 0 0 0 0 0 0 
1 1 -1 0 0 0 0 0 0 -1 
1 0 0 0 0 0 0 0 1 -300 
1 0 0 1 0 0 0 0 0 -1 
1 0 0 -1 0 0 0 0 1 -1 
1 0 0 0 1 0 0 0 0 -1 
1 0 0 0 -1 0 0 1 0 -1 
1 0 -1 0 1 0 0 0 0 -1 
1 -1 0 0 1 0 0 0 0 -1 


[zyj-debug] After affine transformations
T(S1): (zT3, zT4, zT5, k, i, j)
loop types (loop, loop, loop, loop, loop, loop)

t1 --> parallel loop   (band 0)no-ujam
t2 --> fwd_dep  loop   (band 0)no-ujam
t3 --> fwd_dep  loop   (band 0)no-ujam
t4 --> parallel loop   (band 0)no-ujam
t5 --> fwd_dep  loop   (band 0)no-ujam
t6 --> parallel loop   (band 0)no-ujam

