[zyj-debug] Before affine transformations
nvar = 3, npar = 1
Parameters: PB_N 
S1 "A[k-1][k] = A[k-1][k] - A[k+1][k] + 6;"
ndims: 3; orig_depth: 3
iterators: i, j, k
Index set
9 6
1 1 0 0 0 0 
1 -1 0 0 1 -1 
1 0 0 0 1 -1 
1 0 1 0 0 0 
1 1 -1 0 0 -1 
1 1 0 0 0 -1 
1 0 0 1 0 -1 
1 0 0 -1 1 -2 
1 0 0 0 1 -3 
T(S1): (0, i, 0, j, 0, k, 0)
loop types (loop, loop, loop, loop, loop, loop, loop)

Read accesses
A[k-1][k]
A[k+1][k]
Write accesses
A[k-1][k]
Original loop: 0 -> yes
Original loop: 1 -> yes
Original loop: 2 -> yes

--- Dep 1 from S1 to S1; satisfied: 0, sat level: -1; Type: RAW
on variable: A
Dependence polyhedron
10 9
0 0 0 -1 0 0 1 0 0 
1 0 0 0 1 -1 0 0 -1 
1 0 0 0 0 1 0 0 0 
1 0 0 0 0 0 0 1 -400 
1 0 1 0 0 0 0 0 0 
1 1 -1 0 0 0 0 0 -1 
1 0 0 -1 0 0 0 1 -2 
1 0 0 1 0 0 0 0 -1 
1 -1 0 0 1 0 0 0 -1 
1 0 0 0 -1 0 0 1 -1 

--- Dep 2 from S1 to S1; satisfied: 0, sat level: -1; Type: RAW
on variable: A
Dependence polyhedron
9 9
0 0 0 -1 0 0 1 0 0 
0 -1 0 0 1 0 0 0 0 
1 0 -1 0 0 1 0 0 -1 
1 -1 0 0 0 0 0 1 -1 
1 0 0 0 0 0 0 1 -400 
1 0 1 0 0 0 0 0 0 
1 1 0 0 0 -1 0 0 -1 
1 0 0 -1 0 0 0 1 -2 
1 0 0 1 0 0 0 0 -1 

--- Dep 3 from S1 to S1; satisfied: 0, sat level: -1; Type: WAR
on variable: A
Dependence polyhedron
10 9
0 0 0 -1 0 0 1 0 0 
1 0 0 0 1 -1 0 0 -1 
1 0 0 0 0 1 0 0 0 
1 0 0 0 0 0 0 1 -400 
1 0 1 0 0 0 0 0 0 
1 1 -1 0 0 0 0 0 -1 
1 0 0 -1 0 0 0 1 -2 
1 0 0 1 0 0 0 0 -1 
1 -1 0 0 1 0 0 0 -1 
1 0 0 0 -1 0 0 1 -1 

--- Dep 4 from S1 to S1; satisfied: 0, sat level: -1; Type: WAR
on variable: A
Dependence polyhedron
9 9
0 0 0 -1 0 0 1 0 0 
0 -1 0 0 1 0 0 0 0 
1 0 -1 0 0 1 0 0 -1 
1 -1 0 0 0 0 0 1 -1 
1 0 0 0 0 0 0 1 -400 
1 0 1 0 0 0 0 0 0 
1 1 0 0 0 -1 0 0 -1 
1 0 0 -1 0 0 0 1 -2 
1 0 0 1 0 0 0 0 -1 

--- Dep 5 from S1 to S1; satisfied: 0, sat level: -1; Type: WAW
on variable: A
Dependence polyhedron
10 9
0 0 0 -1 0 0 1 0 0 
1 0 0 0 1 -1 0 0 -1 
1 0 0 0 0 1 0 0 0 
1 0 0 0 0 0 0 1 -400 
1 0 1 0 0 0 0 0 0 
1 1 -1 0 0 0 0 0 -1 
1 0 0 -1 0 0 0 1 -2 
1 0 0 1 0 0 0 0 -1 
1 -1 0 0 1 0 0 0 -1 
1 0 0 0 -1 0 0 1 -1 

--- Dep 6 from S1 to S1; satisfied: 0, sat level: -1; Type: WAW
on variable: A
Dependence polyhedron
9 9
0 0 0 -1 0 0 1 0 0 
0 -1 0 0 1 0 0 0 0 
1 0 -1 0 0 1 0 0 -1 
1 -1 0 0 0 0 0 1 -1 
1 0 0 0 0 0 0 1 -400 
1 0 1 0 0 0 0 0 0 
1 1 0 0 0 -1 0 0 -1 
1 0 0 -1 0 0 0 1 -2 
1 0 0 1 0 0 0 0 -1 


[zyj-debug] After affine transformations
T(S1): (zT3, zT4, k, i, j)
loop types (loop, loop, loop, loop, loop)

t1 --> parallel loop   (band 0)no-ujam
t2 --> fwd_dep  loop   (band 0)no-ujam
t3 --> parallel loop   (band 0)no-ujam
t4 --> fwd_dep  loop   (band 0)no-ujam
t5 --> serial   loop   (band 1)no-ujam

