[zyj-debug] Before affine transformations
nvar = 2, npar = 2
Parameters: PB_N PB_P 
S1 "A[i-1][j] = B[i][i] * B[i][j] * 5;"
ndims: 2; orig_depth: 2
iterators: i, j
Index set
6 6
1 1 0 0 0 -1 
1 -1 0 1 0 -1 
1 0 0 1 0 -2 
1 0 1 0 0 0 
1 0 -1 0 1 -1 
1 0 0 0 1 -1 
T(S1): (0, i, 0, j, 0)
loop types (loop, loop, loop, loop, loop)

Read accesses
B[i][i]
B[i][j]
Write accesses
A[i-1][j]
Original loop: 0 -> yes
Original loop: 1 -> yes

** No dependences **


[zyj-debug] After affine transformations
T(S1): (zT2, zT3, i, j)
loop types (loop, loop, loop, loop)

t1 --> parallel loop   (band 0)no-ujam
t2 --> parallel loop   (band 0)no-ujam
t3 --> parallel loop   (band 0)no-ujam
t4 --> parallel loop   (band 0)no-ujam

