[zyj-debug] Before affine transformations
nvar = 2, npar = 1
Parameters: PB_P 
S1 "A[j-1] = A[j-2] + A[j-1] - B[j][i] - B[i+1][i] * 1;"
ndims: 2; orig_depth: 2
iterators: i, j
Index set
6 5
1 1 0 0 0 
1 -1 0 1 -1 
1 0 0 1 -1 
1 0 1 0 -2 
1 1 -1 0 -1 
1 1 0 0 -3 
T(S1): (0, i, 0, j, 0)
loop types (loop, loop, loop, loop, loop)

Read accesses
A[j-2]
A[j-1]
B[j][i]
B[i+1][i]
Write accesses
A[j-1]
Original loop: 0 -> yes
Original loop: 1 -> yes

--- Dep 1 from S1 to S1; satisfied: 0, sat level: -1; Type: RAW
on variable: A
Dependence polyhedron
7 7
0 0 -1 0 1 0 -1 
1 0 0 0 0 1 -6000 
1 0 1 0 0 0 -2 
1 1 -1 0 0 0 -1 
1 0 0 -1 0 1 -1 
1 0 -1 1 0 0 -2 
1 -1 0 1 0 0 0 

--- Dep 2 from S1 to S1; satisfied: 0, sat level: -1; Type: RAW
on variable: A
Dependence polyhedron
10 7
0 0 -1 0 1 0 0 
1 1 0 0 0 0 -3 
1 -1 0 0 0 1 -1 
1 0 0 0 0 1 -6000 
1 0 1 0 0 0 -2 
1 1 -1 0 0 0 -1 
1 0 0 1 0 0 -3 
1 0 0 -1 0 1 -1 
1 0 -1 1 0 0 -1 
1 -1 0 1 0 0 -1 

--- Dep 3 from S1 to S1; satisfied: 0, sat level: -1; Type: WAR
on variable: A
Dependence polyhedron
10 7
0 0 -1 0 1 0 1 
1 1 0 0 0 0 -3 
1 -1 0 0 0 1 -1 
1 0 0 0 0 1 -6000 
1 0 1 0 0 0 -3 
1 1 -1 0 0 0 -1 
1 0 0 1 0 0 -3 
1 0 0 -1 0 1 -1 
1 0 -1 1 0 0 0 
1 -1 0 1 0 0 -1 

--- Dep 4 from S1 to S1; satisfied: 0, sat level: -1; Type: WAR
on variable: A
Dependence polyhedron
10 7
0 0 -1 0 1 0 0 
1 1 0 0 0 0 -3 
1 -1 0 0 0 1 -1 
1 0 0 0 0 1 -6000 
1 0 1 0 0 0 -2 
1 1 -1 0 0 0 -1 
1 0 0 1 0 0 -3 
1 0 0 -1 0 1 -1 
1 0 -1 1 0 0 -1 
1 -1 0 1 0 0 -1 

--- Dep 5 from S1 to S1; satisfied: 0, sat level: -1; Type: WAW
on variable: A
Dependence polyhedron
10 7
0 0 -1 0 1 0 0 
1 1 0 0 0 0 -3 
1 -1 0 0 0 1 -1 
1 0 0 0 0 1 -6000 
1 0 1 0 0 0 -2 
1 1 -1 0 0 0 -1 
1 0 0 1 0 0 -3 
1 0 0 -1 0 1 -1 
1 0 -1 1 0 0 -1 
1 -1 0 1 0 0 -1 


[zyj-debug] After affine transformations
T(S1): (zT2+zT3, zT3, i, i+j)
loop types (loop, loop, loop, loop)

t1 --> fwd_dep  loop   (band 0)no-ujam
t2 --> fwd_dep  loop   (band 0)no-ujam
t3 --> fwd_dep  loop   (band 0)no-ujam
t4 --> fwd_dep  loop   (band 0)no-ujam

