[zyj-debug] Before affine transformations
nvar = 3, npar = 2
Parameters: PB_P PB_M 
S1 "A[k][j][i] = A[j+1][j][k] + 2;"
ndims: 3; orig_depth: 3
iterators: i, j, k
Index set
11 7
1 1 0 0 0 0 0 
1 -1 0 0 1 0 -1 
1 0 0 0 1 0 -1 
1 0 1 0 0 0 0 
1 1 -1 0 0 0 -1 
1 0 -1 0 0 1 -2 
1 1 0 0 0 0 -1 
1 0 0 0 0 1 -2 
1 0 0 1 0 0 0 
1 0 0 -1 0 1 -1 
1 0 0 0 0 1 -1 
T(S1): (0, i, 0, j, 0, k, 0)
loop types (loop, loop, loop, loop, loop, loop, loop)

Read accesses
A[j+1][j][k]
Write accesses
A[k][j][i]
Original loop: 0 -> yes
Original loop: 1 -> yes
Original loop: 2 -> yes

--- Dep 1 from S1 to S1; satisfied: 0, sat level: -1; Type: RAW
on variable: A
Dependence polyhedron
11 10
0 -1 0 0 0 0 1 0 0 0 
0 0 -1 0 0 1 0 0 0 0 
0 0 -1 1 0 0 0 0 0 -1 
1 0 0 0 0 0 0 1 0 -500 
1 0 1 0 0 0 0 0 0 0 
1 1 -1 0 0 0 0 0 0 -1 
1 0 0 0 0 0 0 0 1 -400 
1 -1 0 0 1 0 0 0 0 0 
1 0 0 0 -1 0 0 1 0 -1 
1 0 -1 0 1 0 0 0 0 -2 
1 -1 0 0 0 0 0 0 1 -1 

--- Dep 2 from S1 to S1; satisfied: 0, sat level: -1; Type: WAR
on variable: A
Dependence polyhedron
15 10
0 0 -1 0 0 0 1 0 0 -1 
0 0 -1 0 0 1 0 0 0 0 
0 0 0 -1 1 0 0 0 0 0 
1 1 0 0 0 0 0 0 0 -1 
1 -1 0 0 0 0 0 1 0 -1 
1 0 0 0 0 0 0 1 0 -500 
1 0 1 0 0 0 0 0 0 0 
1 1 -1 0 0 0 0 0 0 -1 
1 0 -1 0 0 0 0 0 1 -2 
1 0 0 0 0 0 0 0 1 -400 
1 0 0 -1 0 0 0 0 1 -1 
1 0 0 1 0 0 0 0 0 -1 
1 0 -1 1 0 0 0 0 0 -1 
1 0 0 -1 0 0 0 1 0 -1 
1 -1 0 1 0 0 0 0 0 -1 


[zyj-debug] After affine transformations
T(S1): (zT3, zT4, j, i, k)
loop types (loop, loop, loop, loop, loop)

t1 --> parallel loop   (band 0)no-ujam
t2 --> fwd_dep  loop   (band 0)no-ujam
t3 --> parallel loop   (band 0)no-ujam
t4 --> fwd_dep  loop   (band 0)no-ujam
t5 --> parallel loop   (band 1)no-ujam

