[zyj-debug] Before affine transformations
nvar = 3, npar = 2
Parameters: PB_M PB_Q 
S1 "A[i][i-1][j-1] = A[i][i-2][j-1] + A[i][i-3][j-1] - 4;"
ndims: 3; orig_depth: 3
iterators: i, j, k
Index set
8 7
1 1 0 0 0 0 -3 
1 -1 0 0 1 0 -1 
1 0 0 0 1 0 -4 
1 0 1 0 0 0 -1 
1 0 -1 0 0 1 0 
1 0 0 0 0 1 -1 
1 0 0 1 0 0 0 
1 0 0 -1 0 1 -1 
T(S1): (0, i, 0, j, 0, k, 0)
loop types (loop, loop, loop, loop, loop, loop, loop)

Read accesses
A[i][i-2][j-1]
A[i][i-3][j-1]
Write accesses
A[i][i-1][j-1]
Original loop: 0 -> yes
Original loop: 1 -> yes
Original loop: 2 -> yes

S2 "B[l] = C[l] * 3;"
ndims: 1; orig_depth: 1
iterators: l
Index set
3 5
1 1 0 0 0 
1 -1 1 0 -1 
1 0 1 0 -1 
T(S2): (1, l, 0, 0, 0, 0, 0)
loop types (loop, loop, loop, scalar, scalar, scalar, scalar)

Read accesses
C[l]
Write accesses
B[l]
Original loop: 0 -> yes

--- Dep 1 from S1 to S1; satisfied: 0, sat level: -1; Type: WAW
on variable: A
Dependence polyhedron
13 10
0 0 -1 0 0 1 0 0 0 0 
0 -1 0 0 1 0 0 0 0 0 
1 1 0 0 0 0 0 0 0 -3 
1 -1 0 0 0 0 0 1 0 -1 
1 0 0 0 0 0 0 1 0 -300 
1 0 1 0 0 0 0 0 0 -1 
1 0 -1 0 0 0 0 0 1 0 
1 0 0 0 0 0 0 0 1 -300 
1 0 0 1 0 0 0 0 0 0 
1 0 0 -1 0 0 0 0 1 -1 
1 0 0 0 0 0 -1 0 1 -1 
1 0 0 0 0 0 1 0 0 0 
1 0 0 -1 0 0 1 0 0 -1 


[zyj-debug] After affine transformations
T(S1): (zT3, zT4, zT5, i, k, j)
loop types (loop, loop, loop, loop, loop, loop)

T(S2): (zT1, 0, 0, l, 0, 0)
loop types (loop, scalar, scalar, loop, scalar, scalar)

t1 --> parallel loop   (band 0)no-ujam
t2 --> parallel loop   (band 0)no-ujam
t3 --> fwd_dep  loop   (band 0)no-ujam
t4 --> parallel loop   (band 0)no-ujam
t5 --> fwd_dep  loop   (band 0)no-ujam
t6 --> parallel loop   (band 0)no-ujam

