[zyj-debug] Before affine transformations
nvar = 3, npar = 1
Parameters: PB_Q 
S1 "B[j+3][j-1] = A[k][j][k] + 3;"
ndims: 3; orig_depth: 3
iterators: i, j, k
Index set
11 6
1 1 0 0 0 0 
1 -1 0 0 1 -1 
1 0 0 0 1 -1 
1 0 1 0 0 -1 
1 1 -1 0 0 -1 
1 0 -1 0 1 -2 
1 1 0 0 0 -2 
1 0 0 0 1 -3 
1 0 0 1 0 -1 
1 0 0 -1 1 -1 
1 0 0 0 1 -2 
T(S1): (0, i, 0, j, 0, k, 0)
loop types (loop, loop, loop, loop, loop, loop, loop)

Read accesses
A[k][j][k]
Write accesses
B[j+3][j-1]
Original loop: 0 -> yes
Original loop: 1 -> yes
Original loop: 2 -> yes

S2 "B[j+1][j] = B[j+5][j+1] + A[k][k-1][i] - A[k][k][j+1] + 4;"
ndims: 3; orig_depth: 3
iterators: i, j, k
Index set
11 6
1 1 0 0 0 0 
1 -1 0 0 1 -1 
1 0 0 0 1 -1 
1 0 1 0 0 -1 
1 1 -1 0 0 -1 
1 0 -1 0 1 -2 
1 1 0 0 0 -2 
1 0 0 0 1 -3 
1 0 0 1 0 -1 
1 0 0 -1 1 -1 
1 0 0 0 1 -2 
T(S2): (0, i, 0, j, 0, k, 1)
loop types (loop, loop, loop, loop, loop, loop, loop)

Read accesses
B[j+5][j+1]
A[k][k-1][i]
A[k][k][j+1]
Write accesses
B[j+1][j]
Original loop: 0 -> yes
Original loop: 1 -> yes
Original loop: 2 -> yes

--- Dep 1 from S1 to S2; satisfied: 0, sat level: -1; Type: RAW
on variable: B
Dependence polyhedron
15 9
0 0 -1 0 0 1 0 0 2 
1 1 0 0 0 0 0 0 -2 
1 -1 0 0 0 0 0 1 -1 
1 0 0 0 0 0 0 1 -300 
1 0 1 0 0 0 0 0 -3 
1 1 -1 0 0 0 0 0 -1 
1 0 -1 0 0 0 0 1 -2 
1 0 0 -1 0 0 0 1 -1 
1 0 0 1 0 0 0 0 -1 
1 0 0 0 1 0 0 0 -2 
1 0 0 0 -1 0 0 1 -1 
1 0 0 0 0 0 1 0 -1 
1 0 0 0 0 0 -1 1 -1 
1 0 -1 0 1 0 0 0 1 
1 -1 0 0 1 0 0 0 -1 

--- Dep 2 from S2 to S1; satisfied: 0, sat level: -1; Type: WAR
on variable: B
Dependence polyhedron
11 9
0 0 -1 0 0 1 0 0 -2 
1 0 0 0 0 0 1 0 -1 
1 0 0 0 0 0 -1 1 -1 
1 0 0 0 0 0 0 1 -300 
1 0 1 0 0 0 0 0 -1 
1 1 -1 0 0 0 0 0 -1 
1 0 -1 0 1 0 0 0 -3 
1 0 0 -1 0 0 0 1 -1 
1 0 0 1 0 0 0 0 -1 
1 -1 0 0 1 0 0 0 0 
1 0 0 0 -1 0 0 1 -1 

--- Dep 3 from S1 to S1; satisfied: 0, sat level: -1; Type: WAW
on variable: B
Dependence polyhedron
10 9
0 0 -1 0 0 1 0 0 0 
1 0 0 0 -1 0 0 1 -1 
1 0 0 0 0 0 1 0 -1 
1 0 0 0 0 0 0 1 -300 
1 0 1 0 0 0 0 0 -1 
1 1 -1 0 0 0 0 0 -1 
1 0 0 0 0 0 -1 1 -1 
1 0 0 -1 0 0 0 1 -1 
1 0 0 1 0 0 0 0 -1 
1 -1 0 0 1 0 0 0 -1 

--- Dep 4 from S1 to S1; satisfied: 0, sat level: -1; Type: WAW
on variable: B
Dependence polyhedron
9 9
0 0 -1 0 0 1 0 0 0 
0 -1 0 0 1 0 0 0 0 
1 0 0 1 0 0 0 0 -1 
1 -1 0 0 0 0 0 1 -1 
1 0 0 0 0 0 0 1 -300 
1 0 1 0 0 0 0 0 -1 
1 1 -1 0 0 0 0 0 -1 
1 0 0 -1 0 0 1 0 -1 
1 0 0 0 0 0 -1 1 -1 

--- Dep 5 from S2 to S2; satisfied: 0, sat level: -1; Type: WAW
on variable: B
Dependence polyhedron
10 9
0 0 -1 0 0 1 0 0 0 
1 0 0 0 -1 0 0 1 -1 
1 0 0 0 0 0 1 0 -1 
1 0 0 0 0 0 0 1 -300 
1 0 1 0 0 0 0 0 -1 
1 1 -1 0 0 0 0 0 -1 
1 0 0 0 0 0 -1 1 -1 
1 0 0 -1 0 0 0 1 -1 
1 0 0 1 0 0 0 0 -1 
1 -1 0 0 1 0 0 0 -1 

--- Dep 6 from S2 to S2; satisfied: 0, sat level: -1; Type: WAW
on variable: B
Dependence polyhedron
9 9
0 0 -1 0 0 1 0 0 0 
0 -1 0 0 1 0 0 0 0 
1 0 0 1 0 0 0 0 -1 
1 -1 0 0 0 0 0 1 -1 
1 0 0 0 0 0 0 1 -300 
1 0 1 0 0 0 0 0 -1 
1 1 -1 0 0 0 0 0 -1 
1 0 0 -1 0 0 1 0 -1 
1 0 0 0 0 0 -1 1 -1 


[zyj-debug] After affine transformations
T(S1): (zT3, zT4, j, i, 1, k)
loop types (loop, loop, loop, loop, scalar, loop)

T(S2): (zT3, zT4, j+2, i, 0, k)
loop types (loop, loop, loop, loop, scalar, loop)

t1 --> parallel loop   (band 0)no-ujam
t2 --> fwd_dep  loop   (band 0)no-ujam
t3 --> parallel loop   (band 0)no-ujam
t4 --> fwd_dep  loop   (band 0)no-ujam
t5 --> fwd_dep  scalar (band 1)no-ujam
t6 --> serial   loop   (band 1)no-ujam

