[zyj-debug] Before affine transformations
nvar = 2, npar = 1
Parameters: PB_M 
S1 "A[i] = A[i] - A[i] - 2;"
ndims: 1; orig_depth: 1
iterators: i
Index set
3 4
1 1 0 0 
1 -1 1 -1 
1 0 1 -1 
T(S1): (0, i, 0, 0, 0)
loop types (loop, loop, loop, scalar, scalar)

Read accesses
A[i]
A[i]
Write accesses
A[i]
Original loop: 0 -> yes

S2 "A[j] = A[j] - A[j] - 2;"
ndims: 2; orig_depth: 2
iterators: j, k
Index set
5 5
1 1 0 0 0 
1 -1 0 1 -1 
1 0 0 1 -1 
1 0 1 0 0 
1 0 -1 1 -1 
T(S2): (1, j, 0, k, 0)
loop types (loop, loop, loop, loop, loop)

Read accesses
A[j]
A[j]
Write accesses
A[j]
Original loop: 0 -> yes
Original loop: 1 -> yes

--- Dep 1 from S1 to S2; satisfied: 0, sat level: -1; Type: RAW
on variable: A
Dependence polyhedron
6 6
0 -1 1 0 0 0 
1 1 0 0 0 0 
1 -1 0 0 1 -1 
1 0 0 0 1 -7000 
1 0 0 -1 1 -1 
1 0 0 1 0 0 

--- Dep 2 from S2 to S2; satisfied: 0, sat level: -1; Type: RAW
on variable: A
Dependence polyhedron
9 7
0 -1 0 1 0 0 0 
1 1 0 0 0 0 0 
1 -1 0 0 0 1 -1 
1 0 0 0 0 1 -7000 
1 0 1 0 0 0 0 
1 0 -1 0 0 1 -1 
1 0 0 0 -1 1 -1 
1 0 0 0 1 0 0 
1 0 -1 0 1 0 -1 

--- Dep 3 from S2 to S2; satisfied: 0, sat level: -1; Type: RAW
on variable: A
Dependence polyhedron
9 7
0 -1 0 1 0 0 0 
1 1 0 0 0 0 0 
1 -1 0 0 0 1 -1 
1 0 0 0 0 1 -7000 
1 0 1 0 0 0 0 
1 0 -1 0 0 1 -1 
1 0 0 0 -1 1 -1 
1 0 0 0 1 0 0 
1 0 -1 0 1 0 -1 

--- Dep 4 from S1 to S2; satisfied: 0, sat level: -1; Type: RAW
on variable: A
Dependence polyhedron
6 6
0 -1 1 0 0 0 
1 1 0 0 0 0 
1 -1 0 0 1 -1 
1 0 0 0 1 -7000 
1 0 0 -1 1 -1 
1 0 0 1 0 0 

--- Dep 5 from S1 to S2; satisfied: 0, sat level: -1; Type: WAR
on variable: A
Dependence polyhedron
6 6
0 -1 1 0 0 0 
1 1 0 0 0 0 
1 -1 0 0 1 -1 
1 0 0 0 1 -7000 
1 0 0 -1 1 -1 
1 0 0 1 0 0 

--- Dep 6 from S1 to S2; satisfied: 0, sat level: -1; Type: WAR
on variable: A
Dependence polyhedron
6 6
0 -1 1 0 0 0 
1 1 0 0 0 0 
1 -1 0 0 1 -1 
1 0 0 0 1 -7000 
1 0 0 -1 1 -1 
1 0 0 1 0 0 

--- Dep 7 from S2 to S2; satisfied: 0, sat level: -1; Type: WAR
on variable: A
Dependence polyhedron
9 7
0 -1 0 1 0 0 0 
1 1 0 0 0 0 0 
1 -1 0 0 0 1 -1 
1 0 0 0 0 1 -7000 
1 0 1 0 0 0 0 
1 0 -1 0 0 1 -1 
1 0 0 0 -1 1 -1 
1 0 0 0 1 0 0 
1 0 -1 0 1 0 -1 

--- Dep 8 from S2 to S2; satisfied: 0, sat level: -1; Type: WAR
on variable: A
Dependence polyhedron
9 7
0 -1 0 1 0 0 0 
1 1 0 0 0 0 0 
1 -1 0 0 0 1 -1 
1 0 0 0 0 1 -7000 
1 0 1 0 0 0 0 
1 0 -1 0 0 1 -1 
1 0 0 0 -1 1 -1 
1 0 0 0 1 0 0 
1 0 -1 0 1 0 -1 

--- Dep 9 from S2 to S2; satisfied: 0, sat level: -1; Type: WAW
on variable: A
Dependence polyhedron
9 7
0 -1 0 1 0 0 0 
1 1 0 0 0 0 0 
1 -1 0 0 0 1 -1 
1 0 0 0 0 1 -7000 
1 0 1 0 0 0 0 
1 0 -1 0 0 1 -1 
1 0 0 0 -1 1 -1 
1 0 0 0 1 0 0 
1 0 -1 0 1 0 -1 

--- Dep 10 from S1 to S2; satisfied: 0, sat level: -1; Type: WAW
on variable: A
Dependence polyhedron
6 6
0 -1 1 0 0 0 
1 1 0 0 0 0 
1 -1 0 0 1 -1 
1 0 0 0 1 -7000 
1 0 0 -1 1 -1 
1 0 0 1 0 0 


[zyj-debug] After affine transformations
T(S1): (0, zT1, i, 0, 0)
loop types (scalar, loop, loop, scalar, scalar)

T(S2): (1, zT2, zT3, k, j)
loop types (scalar, loop, loop, loop, loop)

t1 --> fwd_dep  scalar (band 0)no-ujam
t2 --> parallel loop   (band 0)no-ujam
t3 --> fwd_dep  loop   (band 0)no-ujam
t4 --> fwd_dep  loop   (band 0)no-ujam
t5 --> parallel loop   (band 0)no-ujam

