[zyj-debug] Before affine transformations
nvar = 3, npar = 2
Parameters: PB_M PB_L 
S1 "A[j-1][k] = A[j+1][k] + B[i+1][k] - 4;"
ndims: 3; orig_depth: 3
iterators: i, j, k
Index set
9 7
1 1 0 0 0 0 1 
1 -1 0 0 1 0 -2 
1 0 0 0 1 0 -1 
1 0 1 0 0 0 -1 
1 0 -1 0 1 0 -2 
1 0 0 0 1 0 -3 
1 0 0 1 0 0 0 
1 1 0 -1 0 0 -1 
1 1 0 0 0 0 -1 
T(S1): (0, i, 0, j, 0, k, 0)
loop types (loop, loop, loop, loop, loop, loop, loop)

Read accesses
A[j+1][k]
B[i+1][k]
Write accesses
A[j-1][k]
Original loop: 0 -> yes
Original loop: 1 -> yes
Original loop: 2 -> yes

S2 "B[m][l-1] = B[m][l-3] + B[m][l-1] + 5;"
ndims: 2; orig_depth: 2
iterators: l, m
Index set
8 6
1 1 0 0 0 -3 
1 -1 0 0 1 0 
1 0 0 0 1 -3 
1 0 1 0 0 0 
1 1 -1 0 0 -1 
1 0 -1 1 0 -1 
1 1 0 0 0 -1 
1 0 0 1 0 -1 
T(S2): (1, l, 0, m, 0, 0, 0)
loop types (loop, loop, loop, loop, loop, scalar, scalar)

Read accesses
B[m][l-3]
B[m][l-1]
Write accesses
B[m][l-1]
Original loop: 0 -> yes
Original loop: 1 -> yes

--- Dep 1 from S1 to S1; satisfied: 0, sat level: -1; Type: RAW
on variable: A
Dependence polyhedron
14 10
0 0 0 -1 0 0 1 0 0 0 
0 0 -1 0 0 1 0 0 0 2 
1 1 0 0 0 0 0 0 0 -1 
1 -1 0 0 0 0 0 1 0 -2 
1 0 0 0 0 0 0 1 0 -400 
1 0 1 0 0 0 0 0 0 -3 
1 0 -1 0 0 0 0 1 0 -2 
1 1 0 -1 0 0 0 0 0 -1 
1 0 0 1 0 0 0 0 0 0 
1 0 0 0 0 0 0 0 1 -500 
1 0 0 0 1 0 0 0 0 -1 
1 0 0 0 -1 0 0 1 0 -2 
1 0 0 -1 1 0 0 0 0 -1 
1 -1 0 0 1 0 0 0 0 -1 

--- Dep 2 from S2 to S2; satisfied: 0, sat level: -1; Type: RAW
on variable: B
Dependence polyhedron
9 8
0 0 -1 0 1 0 0 0 
0 -1 0 1 0 0 0 -2 
1 1 0 0 0 0 0 -3 
1 -1 0 0 0 0 1 -2 
1 0 0 0 0 0 1 -500 
1 0 1 0 0 0 0 0 
1 1 -1 0 0 0 0 -1 
1 0 -1 0 0 1 0 -1 
1 0 0 0 0 1 0 -400 

--- Dep 3 from S1 to S1; satisfied: 0, sat level: -1; Type: WAR
on variable: A
Dependence polyhedron
10 10
0 0 0 -1 0 0 1 0 0 0 
0 0 -1 0 0 1 0 0 0 -2 
1 -1 0 0 1 0 0 0 0 0 
1 0 0 0 -1 0 0 1 0 -2 
1 0 0 0 0 0 0 1 0 -400 
1 0 1 0 0 0 0 0 0 -1 
1 0 -1 0 0 0 0 1 0 -4 
1 1 0 -1 0 0 0 0 0 -1 
1 0 0 1 0 0 0 0 0 0 
1 0 0 0 0 0 0 0 1 -500 

--- Dep 4 from S1 to S1; satisfied: 0, sat level: -1; Type: WAW
on variable: A
Dependence polyhedron
14 10
0 0 0 -1 0 0 1 0 0 0 
0 0 -1 0 0 1 0 0 0 0 
1 1 0 0 0 0 0 0 0 -1 
1 -1 0 0 0 0 0 1 0 -2 
1 0 0 0 0 0 0 1 0 -400 
1 0 1 0 0 0 0 0 0 -1 
1 0 -1 0 0 0 0 1 0 -2 
1 1 0 -1 0 0 0 0 0 -1 
1 0 0 1 0 0 0 0 0 0 
1 0 0 0 0 0 0 0 1 -500 
1 0 0 0 1 0 0 0 0 -1 
1 0 0 0 -1 0 0 1 0 -2 
1 0 0 -1 1 0 0 0 0 -1 
1 -1 0 0 1 0 0 0 0 -1 


[zyj-debug] After affine transformations
T(S1): (zT3, zT4, zT5, k, i, 2i+j)
loop types (loop, loop, loop, loop, loop, loop)

T(S2): (zT2, zT3, 0, m, l, 0)
loop types (loop, loop, scalar, loop, loop, scalar)

t1 --> parallel loop   (band 0)no-ujam
t2 --> fwd_dep  loop   (band 0)no-ujam
t3 --> fwd_dep  loop   (band 0)no-ujam
t4 --> parallel loop   (band 0)no-ujam
t5 --> fwd_dep  loop   (band 0)no-ujam
t6 --> fwd_dep  loop   (band 0)no-ujam

