[zyj-debug] Before affine transformations
nvar = 3, npar = 2
Parameters: PB_M PB_P 
S1 "A[j] = A[j] * A[j] - B[i+1][j] * A[j+1] - 3;"
ndims: 2; orig_depth: 2
iterators: i, j
Index set
5 6
1 1 0 0 0 0 
1 -1 0 1 0 -2 
1 0 0 1 0 -2 
1 0 1 0 0 0 
1 0 -1 1 0 -2 
T(S1): (0, i, 0, j, 0, 0, 0)
loop types (loop, loop, loop, loop, loop, scalar, scalar)

Read accesses
A[j]
A[j]
B[i+1][j]
A[j+1]
Write accesses
A[j]
Original loop: 0 -> yes
Original loop: 1 -> yes

S2 "C[j+1][i][k] = 1;"
ndims: 3; orig_depth: 3
iterators: i, j, k
Index set
10 7
1 1 0 0 0 0 0 
1 -1 0 0 1 0 -2 
1 0 0 0 1 0 -2 
1 0 1 0 0 0 0 
1 0 -1 0 1 0 -2 
1 0 0 1 0 0 0 
1 0 1 -1 0 0 -1 
1 0 0 -1 0 1 -1 
1 0 1 0 0 0 -1 
1 0 0 0 0 1 -1 
T(S2): (0, i, 0, j, 1, k, 0)
loop types (loop, loop, loop, loop, loop, loop, loop)

No Read accesses
Write accesses
C[j+1][i][k]
Original loop: 0 -> yes
Original loop: 1 -> yes
Original loop: 2 -> yes

--- Dep 1 from S1 to S1; satisfied: 0, sat level: -1; Type: RAW
on variable: A
Dependence polyhedron
10 8
0 0 -1 0 1 0 0 1 
1 1 0 0 0 0 0 0 
1 -1 0 0 0 1 0 -2 
1 0 0 0 0 1 0 -400 
1 0 1 0 0 0 0 -1 
1 0 -1 0 0 1 0 -2 
1 0 0 0 0 0 1 -300 
1 0 0 1 0 0 0 0 
1 0 0 -1 0 1 0 -2 
1 -1 0 1 0 0 0 -1 

--- Dep 2 from S1 to S1; satisfied: 0, sat level: -1; Type: RAW
on variable: A
Dependence polyhedron
10 8
0 0 -1 0 1 0 0 0 
1 1 0 0 0 0 0 0 
1 -1 0 0 0 1 0 -2 
1 0 0 0 0 1 0 -400 
1 0 1 0 0 0 0 0 
1 0 -1 0 0 1 0 -2 
1 0 0 0 0 0 1 -300 
1 0 0 1 0 0 0 0 
1 0 0 -1 0 1 0 -2 
1 -1 0 1 0 0 0 -1 

--- Dep 3 from S1 to S1; satisfied: 0, sat level: -1; Type: RAW
on variable: A
Dependence polyhedron
10 8
0 0 -1 0 1 0 0 0 
1 1 0 0 0 0 0 0 
1 -1 0 0 0 1 0 -2 
1 0 0 0 0 1 0 -400 
1 0 1 0 0 0 0 0 
1 0 -1 0 0 1 0 -2 
1 0 0 0 0 0 1 -300 
1 0 0 1 0 0 0 0 
1 0 0 -1 0 1 0 -2 
1 -1 0 1 0 0 0 -1 

--- Dep 4 from S1 to S1; satisfied: 0, sat level: -1; Type: WAR
on variable: A
Dependence polyhedron
10 8
0 0 -1 0 1 0 0 0 
1 1 0 0 0 0 0 0 
1 -1 0 0 0 1 0 -2 
1 0 0 0 0 1 0 -400 
1 0 1 0 0 0 0 0 
1 0 -1 0 0 1 0 -2 
1 0 0 0 0 0 1 -300 
1 0 0 1 0 0 0 0 
1 0 0 -1 0 1 0 -2 
1 -1 0 1 0 0 0 -1 

--- Dep 5 from S1 to S1; satisfied: 0, sat level: -1; Type: WAR
on variable: A
Dependence polyhedron
10 8
0 0 -1 0 1 0 0 0 
1 1 0 0 0 0 0 0 
1 -1 0 0 0 1 0 -2 
1 0 0 0 0 1 0 -400 
1 0 1 0 0 0 0 0 
1 0 -1 0 0 1 0 -2 
1 0 0 0 0 0 1 -300 
1 0 0 1 0 0 0 0 
1 0 0 -1 0 1 0 -2 
1 -1 0 1 0 0 0 -1 

--- Dep 6 from S1 to S1; satisfied: 0, sat level: -1; Type: WAR
on variable: A
Dependence polyhedron
8 8
0 0 -1 0 1 0 0 -1 
1 1 0 0 0 0 0 0 
1 0 0 -1 0 1 0 -2 
1 0 0 0 0 1 0 -400 
1 0 1 0 0 0 0 0 
1 0 -1 0 0 1 0 -3 
1 0 0 0 0 0 1 -300 
1 -1 0 1 0 0 0 0 

--- Dep 7 from S1 to S1; satisfied: 0, sat level: -1; Type: WAW
on variable: A
Dependence polyhedron
10 8
0 0 -1 0 1 0 0 0 
1 1 0 0 0 0 0 0 
1 -1 0 0 0 1 0 -2 
1 0 0 0 0 1 0 -400 
1 0 1 0 0 0 0 0 
1 0 -1 0 0 1 0 -2 
1 0 0 0 0 0 1 -300 
1 0 0 1 0 0 0 0 
1 0 0 -1 0 1 0 -2 
1 -1 0 1 0 0 0 -1 


[zyj-debug] After affine transformations
T(S1): (zT2+zT3, zT3, 0, i, i+j, 0)
loop types (loop, loop, scalar, loop, loop, scalar)

T(S2): (zT3+zT4, zT4, zT5, i, j, k)
loop types (loop, loop, loop, loop, loop, loop)

t1 --> fwd_dep  loop   (band 0)no-ujam
t2 --> fwd_dep  loop   (band 0)no-ujam
t3 --> parallel loop   (band 0)no-ujam
t4 --> fwd_dep  loop   (band 0)no-ujam
t5 --> fwd_dep  loop   (band 0)no-ujam
t6 --> parallel loop   (band 0)no-ujam

