[zyj-debug] Before affine transformations
nvar = 3, npar = 3
Parameters: PB_M PB_P PB_Q 
S1 "A[i][j] = A[i][j] * A[i-1][j] - 2;"
ndims: 2; orig_depth: 2
iterators: i, j
Index set
6 7
1 1 0 0 0 0 -1 
1 -1 0 1 0 0 -1 
1 0 0 1 0 0 -2 
1 0 1 0 0 0 0 
1 0 -1 1 0 0 -1 
1 0 0 1 0 0 -1 
T(S1): (0, i, 0, j, 0, 0, 0)
loop types (loop, loop, loop, loop, loop, scalar, scalar)

Read accesses
A[i][j]
A[i-1][j]
Write accesses
A[i][j]
Original loop: 0 -> yes
Original loop: 1 -> yes

S2 "B[m-1][k+1][k] = C[m][k][l] + 6;"
ndims: 3; orig_depth: 3
iterators: k, l, m
Index set
9 8
1 1 0 0 0 0 0 0 
1 -1 0 0 0 1 0 -1 
1 0 0 0 0 1 0 -1 
1 0 1 0 0 0 0 0 
1 0 -1 0 0 0 1 -1 
1 0 0 0 0 0 1 -1 
1 0 0 1 0 0 0 -1 
1 0 0 -1 1 0 0 -1 
1 0 0 0 1 0 0 -2 
T(S2): (1, k, 0, l, 0, m, 0)
loop types (loop, loop, loop, loop, loop, loop, loop)

Read accesses
C[m][k][l]
Write accesses
B[m-1][k+1][k]
Original loop: 0 -> yes
Original loop: 1 -> yes
Original loop: 2 -> yes

--- Dep 1 from S1 to S1; satisfied: 0, sat level: -1; Type: RAW
on variable: A
Dependence polyhedron
9 9
0 0 -1 0 1 0 0 0 0 
0 -1 0 1 0 0 0 0 -1 
1 1 0 0 0 0 0 0 -1 
1 -1 0 0 0 1 0 0 -2 
1 0 0 0 0 1 0 0 -400 
1 0 1 0 0 0 0 0 0 
1 0 -1 0 0 1 0 0 -1 
1 0 0 0 0 0 0 1 -400 
1 0 0 0 0 0 1 0 -300 

--- Dep 2 from S2 to S2; satisfied: 0, sat level: -1; Type: WAW
on variable: B
Dependence polyhedron
14 11
0 0 0 -1 0 0 1 0 0 0 0 
0 -1 0 0 1 0 0 0 0 0 0 
1 1 0 0 0 0 0 0 0 0 0 
1 -1 0 0 0 0 0 0 1 0 -1 
1 0 0 0 0 0 0 0 1 0 -300 
1 0 1 0 0 0 0 0 0 0 0 
1 0 -1 0 0 0 0 0 0 1 -1 
1 0 0 0 0 0 0 0 0 1 -400 
1 0 0 1 0 0 0 0 0 0 -1 
1 0 0 -1 0 0 0 1 0 0 -1 
1 0 0 0 0 0 0 1 0 0 -400 
1 0 0 0 0 -1 0 0 0 1 -1 
1 0 0 0 0 1 0 0 0 0 0 
1 0 -1 0 0 1 0 0 0 0 -1 


[zyj-debug] After affine transformations
T(S1): (zT2, zT3, 0, j, i, 0)
loop types (loop, loop, scalar, loop, loop, scalar)

T(S2): (zT3, zT4, zT5, k, m, l)
loop types (loop, loop, loop, loop, loop, loop)

t1 --> parallel loop   (band 0)no-ujam
t2 --> fwd_dep  loop   (band 0)no-ujam
t3 --> fwd_dep  loop   (band 0)no-ujam
t4 --> parallel loop   (band 0)no-ujam
t5 --> fwd_dep  loop   (band 0)no-ujam
t6 --> fwd_dep  loop   (band 0)no-ujam

