[zyj-debug] Before affine transformations
nvar = 2, npar = 1
Parameters: PB_M 
S1 "A[i-1][j] = 5;"
ndims: 2; orig_depth: 2
iterators: i, j
Index set
5 5
1 1 0 0 -1 
1 -1 0 1 -2 
1 0 0 1 -3 
1 0 1 0 0 
1 1 -1 0 -1 
T(S1): (0, i, 0, j, 0)
loop types (loop, loop, loop, loop, loop)

No Read accesses
Write accesses
A[i-1][j]
Original loop: 0 -> yes
Original loop: 1 -> yes

S2 "A[i+1][k] = A[k-1][i] + B[k] + 4;"
ndims: 2; orig_depth: 2
iterators: i, k
Index set
6 5
1 1 0 0 -1 
1 -1 0 1 -2 
1 0 0 1 -3 
1 0 1 0 -1 
1 0 -1 1 -1 
1 0 0 1 -2 
T(S2): (0, i, 1, k, 0)
loop types (loop, loop, loop, loop, loop)

Read accesses
A[k-1][i]
B[k]
Write accesses
A[i+1][k]
Original loop: 0 -> yes
Original loop: 1 -> yes

--- Dep 1 from S2 to S2; satisfied: 0, sat level: -1; Type: RAW
on variable: A
Dependence polyhedron
6 7
0 -1 0 0 1 0 -2 
0 0 -1 1 0 0 0 
1 1 0 0 0 0 -1 
1 0 -1 0 0 1 -2 
1 0 0 0 0 1 -6000 
1 -1 1 0 0 0 -1 

--- Dep 2 from S2 to S2; satisfied: 0, sat level: -1; Type: RAW
on variable: A
Dependence polyhedron
6 7
0 -1 0 0 1 0 -2 
0 -1 0 1 0 0 0 
0 -1 1 0 0 0 0 
1 1 0 0 0 0 -1 
1 -1 0 0 0 1 -3 
1 0 0 0 0 1 -6000 

--- Dep 3 from S2 to S2; satisfied: 0, sat level: -1; Type: WAR
on variable: A
Dependence polyhedron
8 7
0 -1 0 0 1 0 0 
0 0 -1 1 0 0 2 
1 1 0 0 0 0 -1 
1 -1 0 0 0 1 -2 
1 0 0 0 0 1 -6000 
1 0 1 0 0 0 -3 
1 0 -1 0 0 1 -1 
1 -1 1 0 0 0 -3 

--- Dep 4 from S2 to S1; satisfied: 0, sat level: -1; Type: WAR
on variable: A
Dependence polyhedron
8 7
0 -1 0 0 1 0 0 
0 0 -1 1 0 0 0 
1 1 0 0 0 0 -1 
1 -1 0 0 0 1 -2 
1 0 0 0 0 1 -6000 
1 0 1 0 0 0 -1 
1 0 -1 0 0 1 -2 
1 -1 1 0 0 0 -1 

--- Dep 5 from S2 to S1; satisfied: 0, sat level: -1; Type: WAW
on variable: A
Dependence polyhedron
8 7
0 0 -1 0 1 0 0 
0 -1 0 1 0 0 -2 
1 1 0 0 0 0 -1 
1 -1 0 0 0 1 -4 
1 0 0 0 0 1 -6000 
1 0 1 0 0 0 -1 
1 0 -1 0 0 1 -1 
1 1 -1 0 0 0 1 


[zyj-debug] After affine transformations
T(S1): (zT2+zT3, zT3, i, 3i+j)
loop types (loop, loop, loop, loop)

T(S2): (zT2+zT3, zT3, i, 3i+k)
loop types (loop, loop, loop, loop)

t1 --> fwd_dep  loop   (band 0)no-ujam
t2 --> fwd_dep  loop   (band 0)no-ujam
t3 --> fwd_dep  loop   (band 0)no-ujam
t4 --> fwd_dep  loop   (band 0)no-ujam

