[zyj-debug] Before affine transformations
nvar = 3, npar = 2
Parameters: PB_Q PB_M 
S1 "A[k][i][i-1] = 4;"
ndims: 3; orig_depth: 3
iterators: i, j, k
Index set
9 7
1 1 0 0 0 0 -1 
1 -1 0 0 1 0 0 
1 0 0 0 1 0 -1 
1 0 1 0 0 0 0 
1 1 -1 0 0 0 -1 
1 0 0 1 0 0 0 
1 1 0 -1 0 0 -1 
1 0 0 -1 0 1 -1 
1 0 0 0 0 1 -1 
T(S1): (0, i, 0, j, 0, k, 0)
loop types (loop, loop, loop, loop, loop, loop, loop)

No Read accesses
Write accesses
A[k][i][i-1]
Original loop: 0 -> yes
Original loop: 1 -> yes
Original loop: 2 -> yes

S2 "B[n-1][m-1] = B[n-1][m-3] + A[m][n][n] - 2;"
ndims: 3; orig_depth: 3
iterators: l, m, n
Index set
9 7
1 1 0 0 0 0 0 
1 -1 0 0 0 1 -1 
1 0 0 0 0 1 -1 
1 0 1 0 0 0 -3 
1 0 -1 0 0 1 -1 
1 0 0 0 0 1 -4 
1 0 0 1 0 0 -1 
1 0 0 -1 1 0 -1 
1 0 0 0 1 0 -2 
T(S2): (1, l, 0, m, 0, n, 0)
loop types (loop, loop, loop, loop, loop, loop, loop)

Read accesses
B[n-1][m-3]
A[m][n][n]
Write accesses
B[n-1][m-1]
Original loop: 0 -> yes
Original loop: 1 -> yes
Original loop: 2 -> yes

--- Dep 1 from S2 to S2; satisfied: 0, sat level: -1; Type: RAW
on variable: B
Dependence polyhedron
11 10
0 0 0 -1 0 0 1 0 0 0 
0 0 -1 0 0 1 0 0 0 -2 
1 1 0 0 0 0 0 0 0 0 
1 0 0 0 -1 0 0 0 1 -1 
1 0 0 0 0 0 0 0 1 -300 
1 0 1 0 0 0 0 0 0 -3 
1 0 -1 0 0 0 0 0 1 -3 
1 0 0 0 0 0 0 1 0 -400 
1 0 0 1 0 0 0 0 0 -1 
1 0 0 -1 0 0 0 1 0 -1 
1 -1 0 0 1 0 0 0 0 0 

--- Dep 2 from S2 to S2; satisfied: 0, sat level: -1; Type: WAR
on variable: B
Dependence polyhedron
13 10
0 0 0 -1 0 0 1 0 0 0 
0 0 -1 0 0 1 0 0 0 2 
1 1 0 0 0 0 0 0 0 0 
1 -1 0 0 0 0 0 0 1 -1 
1 0 0 0 0 0 0 0 1 -300 
1 0 1 0 0 0 0 0 0 -5 
1 0 -1 0 0 0 0 0 1 -1 
1 0 0 0 0 0 0 1 0 -400 
1 0 0 1 0 0 0 0 0 -1 
1 0 0 -1 0 0 0 1 0 -1 
1 0 0 0 1 0 0 0 0 0 
1 0 0 0 -1 0 0 0 1 -1 
1 -1 0 0 1 0 0 0 0 -1 

--- Dep 3 from S1 to S1; satisfied: 0, sat level: -1; Type: WAW
on variable: A
Dependence polyhedron
14 10
0 0 0 -1 0 0 1 0 0 0 
0 -1 0 0 1 0 0 0 0 0 
1 1 0 0 0 0 0 0 0 -1 
1 -1 0 0 0 0 0 1 0 0 
1 0 0 0 0 0 0 1 0 -400 
1 0 1 0 0 0 0 0 0 0 
1 1 -1 0 0 0 0 0 0 -1 
1 0 0 1 0 0 0 0 0 0 
1 1 0 -1 0 0 0 0 0 -1 
1 0 0 -1 0 0 0 0 1 -1 
1 0 0 0 0 0 0 0 1 -300 
1 1 0 0 0 -1 0 0 0 -1 
1 0 0 0 0 1 0 0 0 0 
1 0 -1 0 0 1 0 0 0 -1 

--- Dep 4 from S2 to S2; satisfied: 0, sat level: -1; Type: WAW
on variable: B
Dependence polyhedron
13 10
0 0 0 -1 0 0 1 0 0 0 
0 0 -1 0 0 1 0 0 0 0 
1 1 0 0 0 0 0 0 0 0 
1 -1 0 0 0 0 0 0 1 -1 
1 0 0 0 0 0 0 0 1 -300 
1 0 1 0 0 0 0 0 0 -3 
1 0 -1 0 0 0 0 0 1 -1 
1 0 0 0 0 0 0 1 0 -400 
1 0 0 1 0 0 0 0 0 -1 
1 0 0 -1 0 0 0 1 0 -1 
1 0 0 0 1 0 0 0 0 0 
1 0 0 0 -1 0 0 0 1 -1 
1 -1 0 0 1 0 0 0 0 -1 


[zyj-debug] After affine transformations
T(S1): (zT3, zT4, zT5, i, k, j)
loop types (loop, loop, loop, loop, loop, loop)

T(S2): (zT3, zT4, zT5, n, l, 2l+m)
loop types (loop, loop, loop, loop, loop, loop)

t1 --> parallel loop   (band 0)no-ujam
t2 --> fwd_dep  loop   (band 0)no-ujam
t3 --> fwd_dep  loop   (band 0)no-ujam
t4 --> parallel loop   (band 0)no-ujam
t5 --> fwd_dep  loop   (band 0)no-ujam
t6 --> fwd_dep  loop   (band 0)no-ujam

