[zyj-debug] Before affine transformations
nvar = 3, npar = 2
Parameters: PB_L PB_M 
S1 "A[i][j][j] = A[i][j-2][j] + B[j][i][k] * 5;"
ndims: 3; orig_depth: 3
iterators: i, j, k
Index set
9 7
1 1 0 0 0 0 0 
1 -1 0 0 1 0 -1 
1 0 0 0 1 0 -1 
1 0 1 0 0 0 -2 
1 0 -1 0 0 1 -1 
1 0 0 0 0 1 -3 
1 0 0 1 0 0 0 
1 0 1 -1 0 0 -1 
1 0 1 0 0 0 -1 
T(S1): (0, i, 0, j, 0, k, 0)
loop types (loop, loop, loop, loop, loop, loop, loop)

Read accesses
A[i][j-2][j]
B[j][i][k]
Write accesses
A[i][j][j]
Original loop: 0 -> yes
Original loop: 1 -> yes
Original loop: 2 -> yes

S2 "C[l] = C[l] - C[m-1] + D[m][l] - 5;"
ndims: 2; orig_depth: 2
iterators: l, m
Index set
6 6
1 1 0 0 0 0 
1 -1 0 0 1 -1 
1 0 0 0 1 -1 
1 0 1 0 0 -1 
1 0 -1 0 1 -1 
1 0 0 0 1 -2 
T(S2): (1, l, 0, m, 0, 0, 0)
loop types (loop, loop, loop, loop, loop, scalar, scalar)

Read accesses
C[l]
C[m-1]
D[m][l]
Write accesses
C[l]
Original loop: 0 -> yes
Original loop: 1 -> yes

--- Dep 1 from S2 to S2; satisfied: 0, sat level: -1; Type: RAW
on variable: C
Dependence polyhedron
10 8
0 -1 0 1 0 0 0 0 
1 1 0 0 0 0 0 0 
1 -1 0 0 0 0 1 -1 
1 0 0 0 0 0 1 -400 
1 0 1 0 0 0 0 -1 
1 0 -1 0 0 0 1 -1 
1 0 0 0 0 1 0 -400 
1 0 0 0 -1 0 1 -1 
1 0 0 0 1 0 0 -1 
1 0 -1 0 1 0 0 -1 

--- Dep 2 from S2 to S2; satisfied: 0, sat level: -1; Type: RAW
on variable: C
Dependence polyhedron
8 8
0 -1 0 0 1 0 0 -1 
1 1 0 0 0 0 0 0 
1 0 0 -1 0 0 1 -1 
1 0 0 0 0 0 1 -400 
1 0 1 0 0 0 0 -1 
1 0 -1 0 0 0 1 -1 
1 0 0 0 0 1 0 -400 
1 -1 0 1 0 0 0 -1 

--- Dep 3 from S2 to S2; satisfied: 0, sat level: -1; Type: RAW
on variable: C
Dependence polyhedron
7 8
0 -1 0 0 1 0 0 -1 
0 -1 0 1 0 0 0 0 
1 0 0 0 0 1 0 -400 
1 -1 0 0 0 0 1 -2 
1 0 0 0 0 0 1 -400 
1 0 1 0 0 0 0 -1 
1 1 -1 0 0 0 0 0 

--- Dep 4 from S2 to S2; satisfied: 0, sat level: -1; Type: WAR
on variable: C
Dependence polyhedron
10 8
0 -1 0 1 0 0 0 0 
1 1 0 0 0 0 0 0 
1 -1 0 0 0 0 1 -1 
1 0 0 0 0 0 1 -400 
1 0 1 0 0 0 0 -1 
1 0 -1 0 0 0 1 -1 
1 0 0 0 0 1 0 -400 
1 0 0 0 -1 0 1 -1 
1 0 0 0 1 0 0 -1 
1 0 -1 0 1 0 0 -1 

--- Dep 5 from S2 to S2; satisfied: 0, sat level: -1; Type: WAR
on variable: C
Dependence polyhedron
8 8
0 0 -1 1 0 0 0 1 
1 1 0 0 0 0 0 0 
1 0 0 0 1 0 0 -1 
1 0 0 0 0 0 1 -400 
1 -1 1 0 0 0 0 -2 
1 0 -1 0 0 0 1 -1 
1 0 0 0 0 1 0 -400 
1 0 0 0 -1 0 1 -1 

--- Dep 6 from S2 to S2; satisfied: 0, sat level: -1; Type: WAR
on variable: C
Dependence polyhedron
7 8
0 -1 0 1 0 0 0 0 
0 -1 1 0 0 0 0 -1 
1 1 0 0 0 0 0 0 
1 0 0 0 0 1 0 -400 
1 0 0 0 0 0 1 -400 
1 -1 0 0 1 0 0 -2 
1 0 0 0 -1 0 1 -1 

--- Dep 7 from S1 to S1; satisfied: 0, sat level: -1; Type: WAW
on variable: A
Dependence polyhedron
13 10
0 0 -1 0 0 1 0 0 0 0 
0 -1 0 0 1 0 0 0 0 0 
1 1 0 0 0 0 0 0 0 0 
1 -1 0 0 0 0 0 1 0 -1 
1 0 0 0 0 0 0 1 0 -400 
1 0 1 0 0 0 0 0 0 -2 
1 0 -1 0 0 0 0 0 1 -1 
1 0 0 0 0 0 0 0 1 -400 
1 0 0 1 0 0 0 0 0 0 
1 0 1 -1 0 0 0 0 0 -1 
1 0 1 0 0 0 -1 0 0 -1 
1 0 0 0 0 0 1 0 0 0 
1 0 0 -1 0 0 1 0 0 -1 

--- Dep 8 from S2 to S2; satisfied: 0, sat level: -1; Type: WAW
on variable: C
Dependence polyhedron
10 8
0 -1 0 1 0 0 0 0 
1 1 0 0 0 0 0 0 
1 -1 0 0 0 0 1 -1 
1 0 0 0 0 0 1 -400 
1 0 1 0 0 0 0 -1 
1 0 -1 0 0 0 1 -1 
1 0 0 0 0 1 0 -400 
1 0 0 0 -1 0 1 -1 
1 0 0 0 1 0 0 -1 
1 0 -1 0 1 0 0 -1 


[zyj-debug] After affine transformations
T(S1): (i, zT3, zT4, j, k)
loop types (loop, loop, loop, loop, loop)

T(S2): (l, zT2, 0, m, 0)
loop types (loop, loop, scalar, loop, scalar)

t1 --> serial   loop   (band 0)no-ujam
t2 --> fwd_dep  loop   (band 1)no-ujam
t3 --> fwd_dep  loop   (band 1)no-ujam
t4 --> fwd_dep  loop   (band 1)no-ujam
t5 --> fwd_dep  loop   (band 1)no-ujam

