[zyj-debug] Before affine transformations
nvar = 3, npar = 2
Parameters: PB_M PB_P 
S1 "A[i] = 2;"
ndims: 1; orig_depth: 1
iterators: i
Index set
3 5
1 1 0 0 0 
1 -1 1 0 -1 
1 0 1 0 -1 
T(S1): (0, i, 0, 0, 0, 0, 0)
loop types (loop, loop, loop, scalar, scalar, scalar, scalar)

No Read accesses
Write accesses
A[i]
Original loop: 0 -> yes

S2 "B[k][k][l] = C[l][k] * 4;"
ndims: 3; orig_depth: 3
iterators: j, k, l
Index set
8 7
1 1 0 0 0 0 0 
1 -1 0 0 0 1 -1 
1 0 0 0 0 1 -1 
1 0 1 0 0 0 0 
1 0 -1 0 1 0 -1 
1 0 0 0 1 0 -1 
1 0 0 1 0 0 0 
1 0 0 -1 0 1 -1 
T(S2): (1, j, 0, k, 0, l, 0)
loop types (loop, loop, loop, loop, loop, loop, loop)

Read accesses
C[l][k]
Write accesses
B[k][k][l]
Original loop: 0 -> yes
Original loop: 1 -> yes
Original loop: 2 -> yes

--- Dep 1 from S2 to S2; satisfied: 0, sat level: -1; Type: WAW
on variable: B
Dependence polyhedron
13 10
0 0 0 -1 0 0 1 0 0 0 
0 0 -1 0 0 1 0 0 0 0 
1 1 0 0 0 0 0 0 0 0 
1 -1 0 0 0 0 0 0 1 -1 
1 0 0 0 0 0 0 0 1 -400 
1 0 1 0 0 0 0 0 0 0 
1 0 -1 0 0 0 0 1 0 -1 
1 0 0 0 0 0 0 1 0 -500 
1 0 0 1 0 0 0 0 0 0 
1 0 0 -1 0 0 0 0 1 -1 
1 0 0 0 1 0 0 0 0 0 
1 0 0 0 -1 0 0 0 1 -1 
1 -1 0 0 1 0 0 0 0 -1 


[zyj-debug] After affine transformations
T(S1): (zT1, 0, 0, i, 0, 0)
loop types (loop, scalar, scalar, loop, scalar, scalar)

T(S2): (zT3, zT4, zT5, k, l, j)
loop types (loop, loop, loop, loop, loop, loop)

t1 --> parallel loop   (band 0)no-ujam
t2 --> parallel loop   (band 0)no-ujam
t3 --> fwd_dep  loop   (band 0)no-ujam
t4 --> parallel loop   (band 0)no-ujam
t5 --> parallel loop   (band 0)no-ujam
t6 --> fwd_dep  loop   (band 0)no-ujam

