[zyj-debug] Before affine transformations
nvar = 2, npar = 1
Parameters: PB_M 
S1 "A[i] = A[i] + A[i] + B[i-1][j] + C[i] * 3;"
ndims: 2; orig_depth: 2
iterators: i, j
Index set
6 5
1 1 0 0 -1 
1 -1 0 1 -1 
1 0 0 1 -2 
1 0 1 0 0 
1 0 -1 1 -1 
1 0 0 1 -1 
T(S1): (0, i, 0, j, 0)
loop types (loop, loop, loop, loop, loop)

Read accesses
A[i]
A[i]
B[i-1][j]
C[i]
Write accesses
A[i]
Original loop: 0 -> yes
Original loop: 1 -> yes

S2 "C[i-1] = C[i-1] + C[i] + 3;"
ndims: 1; orig_depth: 1
iterators: i
Index set
3 4
1 1 0 -1 
1 -1 1 -1 
1 0 1 -2 
T(S2): (0, i, 1, 0, 0)
loop types (loop, loop, loop, scalar, scalar)

Read accesses
C[i-1]
C[i]
Write accesses
C[i-1]
Original loop: 0 -> yes

--- Dep 1 from S1 to S1; satisfied: 0, sat level: -1; Type: RAW
on variable: A
Dependence polyhedron
9 7
0 -1 0 1 0 0 0 
1 1 0 0 0 0 -1 
1 -1 0 0 0 1 -1 
1 0 0 0 0 1 -7000 
1 0 1 0 0 0 0 
1 0 -1 0 0 1 -1 
1 0 0 0 -1 1 -1 
1 0 0 0 1 0 0 
1 0 -1 0 1 0 -1 

--- Dep 2 from S1 to S1; satisfied: 0, sat level: -1; Type: RAW
on variable: A
Dependence polyhedron
9 7
0 -1 0 1 0 0 0 
1 1 0 0 0 0 -1 
1 -1 0 0 0 1 -1 
1 0 0 0 0 1 -7000 
1 0 1 0 0 0 0 
1 0 -1 0 0 1 -1 
1 0 0 0 -1 1 -1 
1 0 0 0 1 0 0 
1 0 -1 0 1 0 -1 

--- Dep 3 from S1 to S1; satisfied: 0, sat level: -1; Type: WAR
on variable: A
Dependence polyhedron
9 7
0 -1 0 1 0 0 0 
1 1 0 0 0 0 -1 
1 -1 0 0 0 1 -1 
1 0 0 0 0 1 -7000 
1 0 1 0 0 0 0 
1 0 -1 0 0 1 -1 
1 0 0 0 -1 1 -1 
1 0 0 0 1 0 0 
1 0 -1 0 1 0 -1 

--- Dep 4 from S1 to S1; satisfied: 0, sat level: -1; Type: WAR
on variable: A
Dependence polyhedron
9 7
0 -1 0 1 0 0 0 
1 1 0 0 0 0 -1 
1 -1 0 0 0 1 -1 
1 0 0 0 0 1 -7000 
1 0 1 0 0 0 0 
1 0 -1 0 0 1 -1 
1 0 0 0 -1 1 -1 
1 0 0 0 1 0 0 
1 0 -1 0 1 0 -1 

--- Dep 5 from S1 to S2; satisfied: 0, sat level: -1; Type: WAR
on variable: C
Dependence polyhedron
6 6
0 -1 0 1 0 -1 
1 1 0 0 0 -1 
1 -1 0 0 1 -2 
1 0 0 0 1 -7000 
1 0 1 0 0 0 
1 0 -1 0 1 -1 

--- Dep 6 from S2 to S2; satisfied: 0, sat level: -1; Type: WAR
on variable: C
Dependence polyhedron
4 5
0 -1 1 0 -1 
1 1 0 0 -1 
1 -1 0 1 -2 
1 0 0 1 -7000 

--- Dep 7 from S1 to S1; satisfied: 0, sat level: -1; Type: WAW
on variable: A
Dependence polyhedron
9 7
0 -1 0 1 0 0 0 
1 1 0 0 0 0 -1 
1 -1 0 0 0 1 -1 
1 0 0 0 0 1 -7000 
1 0 1 0 0 0 0 
1 0 -1 0 0 1 -1 
1 0 0 0 -1 1 -1 
1 0 0 0 1 0 0 
1 0 -1 0 1 0 -1 


[zyj-debug] After affine transformations
T(S1): (0, zT2, zT3, i, j)
loop types (scalar, loop, loop, loop, loop)

T(S2): (1, i, 0, 0, 0)
loop types (scalar, loop, scalar, scalar, scalar)

t1 --> fwd_dep  scalar (band 0)no-ujam
t2 --> fwd_dep  loop   (band 0)no-ujam
t3 --> fwd_dep  loop   (band 0)no-ujam
t4 --> parallel loop   (band 0)no-ujam
t5 --> fwd_dep  loop   (band 0)no-ujam

