[zyj-debug] Before affine transformations
nvar = 2, npar = 2
Parameters: PB_N PB_M 
S1 "A[i] = A[i+1] * 5;"
ndims: 2; orig_depth: 2
iterators: i, j
Index set
6 6
1 1 0 0 0 0 
1 -1 0 1 0 -2 
1 0 0 1 0 -2 
1 0 1 0 0 0 
1 0 -1 1 0 -1 
1 0 0 1 0 -1 
T(S1): (0, i, 0, j, 0)
loop types (loop, loop, loop, loop, loop)

Read accesses
A[i+1]
Write accesses
A[i]
Original loop: 0 -> yes
Original loop: 1 -> yes

S2 "B[k][l] = A[l] + 3;"
ndims: 2; orig_depth: 2
iterators: k, l
Index set
8 6
1 1 0 0 0 0 
1 -1 0 0 1 -1 
1 0 0 0 1 -1 
1 0 1 0 0 0 
1 1 -1 0 0 -1 
1 0 -1 1 0 -1 
1 1 0 0 0 -1 
1 0 0 1 0 -1 
T(S2): (1, k, 0, l, 0)
loop types (loop, loop, loop, loop, loop)

Read accesses
A[l]
Write accesses
B[k][l]
Original loop: 0 -> yes
Original loop: 1 -> yes

--- Dep 1 from S1 to S2; satisfied: 0, sat level: -1; Type: RAW
on variable: A
Dependence polyhedron
10 8
0 -1 0 0 1 0 0 0 
1 1 0 0 0 0 0 0 
1 -1 0 0 0 1 0 -2 
1 0 0 0 0 1 0 -6000 
1 0 1 0 0 0 0 0 
1 0 -1 0 0 1 0 -1 
1 0 0 0 0 0 1 -7000 
1 0 0 1 0 0 0 -1 
1 0 0 -1 0 0 1 -1 
1 -1 0 1 0 0 0 -1 

--- Dep 2 from S1 to S1; satisfied: 0, sat level: -1; Type: WAR
on variable: A
Dependence polyhedron
9 8
0 -1 0 1 0 0 0 -1 
1 1 0 0 0 0 0 0 
1 -1 0 0 0 1 0 -3 
1 0 0 0 0 1 0 -6000 
1 0 1 0 0 0 0 0 
1 0 -1 0 0 1 0 -1 
1 0 0 0 0 0 1 -7000 
1 0 0 0 -1 1 0 -1 
1 0 0 0 1 0 0 0 

--- Dep 3 from S1 to S1; satisfied: 0, sat level: -1; Type: WAW
on variable: A
Dependence polyhedron
10 8
0 -1 0 1 0 0 0 0 
1 1 0 0 0 0 0 0 
1 -1 0 0 0 1 0 -2 
1 0 0 0 0 1 0 -6000 
1 0 1 0 0 0 0 0 
1 0 -1 0 0 1 0 -1 
1 0 0 0 0 0 1 -7000 
1 0 0 0 -1 1 0 -1 
1 0 0 0 1 0 0 0 
1 0 -1 0 1 0 0 -1 


[zyj-debug] After affine transformations
T(S1): (i, 0, j, 0)
loop types (loop, scalar, loop, scalar)

T(S2): (l, 1, zT2, k)
loop types (loop, scalar, loop, loop)

t1 --> fwd_dep  loop   (band 0)no-ujam
t2 --> serial   scalar (band 0)no-ujam
t3 --> fwd_dep  loop   (band 1)no-ujam
t4 --> parallel loop   (band 1)no-ujam

