[zyj-debug] Before affine transformations
nvar = 2, npar = 1
Parameters: PB_L 
S1 "A[i+1] = A[i+1] - 3;"
ndims: 2; orig_depth: 2
iterators: i, j
Index set
6 5
1 1 0 0 0 
1 -1 0 1 -3 
1 0 0 1 -3 
1 0 1 0 0 
1 0 -1 1 -1 
1 0 0 1 -1 
T(S1): (0, i, 0, j, 0)
loop types (loop, loop, loop, loop, loop)

Read accesses
A[i+1]
Write accesses
A[i+1]
Original loop: 0 -> yes
Original loop: 1 -> yes

S2 "A[i] = A[i+2] * A[i] - A[i] - A[i] - 4;"
ndims: 1; orig_depth: 1
iterators: i
Index set
3 4
1 1 0 0 
1 -1 1 -3 
1 0 1 -3 
T(S2): (0, i, 1, 0, 0)
loop types (loop, loop, loop, scalar, scalar)

Read accesses
A[i+2]
A[i]
A[i]
A[i]
Write accesses
A[i]
Original loop: 0 -> yes

--- Dep 1 from S1 to S2; satisfied: 0, sat level: -1; Type: RAW
on variable: A
Dependence polyhedron
6 6
0 -1 0 1 0 -1 
1 1 0 0 0 0 
1 -1 0 0 1 -4 
1 0 0 0 1 -9000 
1 0 1 0 0 0 
1 0 -1 0 1 -1 

--- Dep 2 from S1 to S2; satisfied: 0, sat level: -1; Type: RAW
on variable: A
Dependence polyhedron
6 6
0 -1 0 1 0 -1 
1 1 0 0 0 0 
1 -1 0 0 1 -4 
1 0 0 0 1 -9000 
1 0 1 0 0 0 
1 0 -1 0 1 -1 

--- Dep 3 from S1 to S2; satisfied: 0, sat level: -1; Type: RAW
on variable: A
Dependence polyhedron
6 6
0 -1 0 1 0 -1 
1 1 0 0 0 0 
1 -1 0 0 1 -4 
1 0 0 0 1 -9000 
1 0 1 0 0 0 
1 0 -1 0 1 -1 

--- Dep 4 from S1 to S1; satisfied: 0, sat level: -1; Type: RAW
on variable: A
Dependence polyhedron
9 7
0 -1 0 1 0 0 0 
1 1 0 0 0 0 0 
1 -1 0 0 0 1 -3 
1 0 0 0 0 1 -9000 
1 0 1 0 0 0 0 
1 0 -1 0 0 1 -1 
1 0 0 0 -1 1 -1 
1 0 0 0 1 0 0 
1 0 -1 0 1 0 -1 

--- Dep 5 from S1 to S2; satisfied: 0, sat level: -1; Type: WAR
on variable: A
Dependence polyhedron
6 6
0 -1 0 1 0 -1 
1 1 0 0 0 0 
1 -1 0 0 1 -4 
1 0 0 0 1 -9000 
1 0 1 0 0 0 
1 0 -1 0 1 -1 

--- Dep 6 from S1 to S1; satisfied: 0, sat level: -1; Type: WAR
on variable: A
Dependence polyhedron
9 7
0 -1 0 1 0 0 0 
1 1 0 0 0 0 0 
1 -1 0 0 0 1 -3 
1 0 0 0 0 1 -9000 
1 0 1 0 0 0 0 
1 0 -1 0 0 1 -1 
1 0 0 0 -1 1 -1 
1 0 0 0 1 0 0 
1 0 -1 0 1 0 -1 

--- Dep 7 from S2 to S2; satisfied: 0, sat level: -1; Type: WAR
on variable: A
Dependence polyhedron
4 5
0 -1 1 0 -2 
1 1 0 0 0 
1 -1 0 1 -5 
1 0 0 1 -9000 

--- Dep 8 from S2 to S1; satisfied: 0, sat level: -1; Type: WAR
on variable: A
Dependence polyhedron
6 6
0 -1 1 0 0 -1 
1 1 0 0 0 0 
1 -1 0 0 1 -4 
1 0 0 0 1 -9000 
1 0 0 -1 1 -1 
1 0 0 1 0 0 

--- Dep 9 from S1 to S2; satisfied: 0, sat level: -1; Type: WAW
on variable: A
Dependence polyhedron
6 6
0 -1 0 1 0 -1 
1 1 0 0 0 0 
1 -1 0 0 1 -4 
1 0 0 0 1 -9000 
1 0 1 0 0 0 
1 0 -1 0 1 -1 

--- Dep 10 from S1 to S1; satisfied: 0, sat level: -1; Type: WAW
on variable: A
Dependence polyhedron
9 7
0 -1 0 1 0 0 0 
1 1 0 0 0 0 0 
1 -1 0 0 0 1 -3 
1 0 0 0 0 1 -9000 
1 0 1 0 0 0 0 
1 0 -1 0 0 1 -1 
1 0 0 0 -1 1 -1 
1 0 0 0 1 0 0 
1 0 -1 0 1 0 -1 


[zyj-debug] After affine transformations
T(S1): (i, j)
loop types (loop, loop)

T(S2): (i, 0)
loop types (loop, scalar)

t1 --> serial   loop   (band 0)no-ujam
t2 --> serial   loop   (band 1)no-ujam

