[zyj-debug] Before affine transformations
nvar = 3, npar = 2
Parameters: PB_L PB_P 
S1 "A[j][i+1][k] = A[k-1][i+1][j+1] + 2;"
ndims: 3; orig_depth: 3
iterators: i, j, k
Index set
8 7
1 1 0 0 0 0 1 
1 -1 0 0 1 0 -2 
1 0 0 0 1 0 -1 
1 0 1 0 0 0 0 
1 0 -1 0 0 1 -2 
1 0 0 0 0 1 -2 
1 0 0 1 0 0 -1 
1 0 0 -1 0 1 -1 
T(S1): (0, i, 0, j, 0, k, 0)
loop types (loop, loop, loop, loop, loop, loop, loop)

Read accesses
A[k-1][i+1][j+1]
Write accesses
A[j][i+1][k]
Original loop: 0 -> yes
Original loop: 1 -> yes
Original loop: 2 -> yes

S2 "B[l][m] = B[m][l] - B[l][m] * 1;"
ndims: 2; orig_depth: 2
iterators: l, m
Index set
5 6
1 1 0 0 0 0 
1 -1 0 1 0 -1 
1 0 0 1 0 -1 
1 0 1 0 0 0 
1 0 -1 1 0 -1 
T(S2): (1, l, 0, m, 0, 0, 0)
loop types (loop, loop, loop, loop, loop, scalar, scalar)

Read accesses
B[m][l]
B[l][m]
Write accesses
B[l][m]
Original loop: 0 -> yes
Original loop: 1 -> yes

--- Dep 1 from S2 to S2; satisfied: 0, sat level: -1; Type: RAW
on variable: B
Dependence polyhedron
9 8
0 -1 0 0 1 0 0 0 
0 0 -1 1 0 0 0 0 
1 1 0 0 0 0 0 0 
1 -1 0 0 0 1 0 -1 
1 0 0 0 0 1 0 -400 
1 0 1 0 0 0 0 0 
1 0 -1 0 0 1 0 -1 
1 0 0 0 0 0 1 -300 
1 -1 1 0 0 0 0 -1 

--- Dep 2 from S1 to S1; satisfied: 0, sat level: -1; Type: RAW
on variable: A
Dependence polyhedron
12 10
0 0 -1 0 0 0 1 0 0 -1 
0 0 0 -1 0 1 0 0 0 1 
0 -1 0 0 1 0 0 0 0 0 
1 1 0 0 0 0 0 0 0 1 
1 -1 0 0 0 0 0 1 0 -2 
1 0 0 0 0 0 0 1 0 -400 
1 0 1 0 0 0 0 0 0 0 
1 0 -1 0 0 0 0 0 1 -2 
1 0 0 0 0 0 0 0 1 -300 
1 0 0 1 0 0 0 0 0 -1 
1 0 0 -1 0 0 0 0 1 -1 
1 0 -1 1 0 0 0 0 0 -2 

--- Dep 3 from S2 to S2; satisfied: 0, sat level: -1; Type: WAR
on variable: B
Dependence polyhedron
9 8
0 -1 0 0 1 0 0 0 
0 0 -1 1 0 0 0 0 
1 1 0 0 0 0 0 0 
1 -1 0 0 0 1 0 -1 
1 0 0 0 0 1 0 -400 
1 0 1 0 0 0 0 0 
1 0 -1 0 0 1 0 -1 
1 0 0 0 0 0 1 -300 
1 -1 1 0 0 0 0 -1 

--- Dep 4 from S1 to S1; satisfied: 0, sat level: -1; Type: WAR
on variable: A
Dependence polyhedron
12 10
0 0 -1 0 0 0 1 0 0 -1 
0 0 0 -1 0 1 0 0 0 1 
0 -1 0 0 1 0 0 0 0 0 
1 1 0 0 0 0 0 0 0 1 
1 -1 0 0 0 0 0 1 0 -2 
1 0 0 0 0 0 0 1 0 -400 
1 0 1 0 0 0 0 0 0 0 
1 0 -1 0 0 0 0 0 1 -2 
1 0 0 0 0 0 0 0 1 -300 
1 0 0 1 0 0 0 0 0 -1 
1 0 0 -1 0 0 0 0 1 -1 
1 0 -1 1 0 0 0 0 0 -2 


[zyj-debug] After affine transformations
T(S1): (zT3, zT4, zT5, i, j+k, j)
loop types (loop, loop, loop, loop, loop, loop)

T(S2): (zT2, zT3, 0, l+m, l, 0)
loop types (loop, loop, scalar, loop, loop, scalar)

t1 --> parallel loop   (band 0)no-ujam
t2 --> fwd_dep  loop   (band 0)no-ujam
t3 --> fwd_dep  loop   (band 0)no-ujam
t4 --> parallel loop   (band 0)no-ujam
t5 --> fwd_dep  loop   (band 0)no-ujam
t6 --> fwd_dep  loop   (band 0)no-ujam

