[zyj-debug] Before affine transformations
nvar = 3, npar = 3
Parameters: PB_M PB_L PB_P 
S1 "A[i-1][j][k] = A[i-1][j+2][k] - A[i][i][k] - 2;"
ndims: 3; orig_depth: 3
iterators: i, j, k
Index set
9 8
1 1 0 0 0 0 0 -1 
1 -1 0 0 1 0 0 -1 
1 0 0 0 1 0 0 -2 
1 0 1 0 0 0 0 0 
1 0 -1 0 0 1 0 -3 
1 0 0 0 0 1 0 -3 
1 0 0 1 0 0 0 0 
1 0 0 -1 0 0 1 -1 
1 0 0 0 0 0 1 -1 
T(S1): (0, i, 0, j, 0, k, 0)
loop types (loop, loop, loop, loop, loop, loop, loop)

Read accesses
A[i-1][j+2][k]
A[i][i][k]
Write accesses
A[i-1][j][k]
Original loop: 0 -> yes
Original loop: 1 -> yes
Original loop: 2 -> yes

S2 "B[l] = B[l-1] + B[l-2] - 2;"
ndims: 1; orig_depth: 1
iterators: l
Index set
3 6
1 1 0 0 0 -2 
1 -1 1 0 0 -1 
1 0 1 0 0 -3 
T(S2): (1, l, 0, 0, 0, 0, 0)
loop types (loop, loop, loop, scalar, scalar, scalar, scalar)

Read accesses
B[l-1]
B[l-2]
Write accesses
B[l]
Original loop: 0 -> yes

--- Dep 1 from S2 to S2; satisfied: 0, sat level: -1; Type: RAW
on variable: B
Dependence polyhedron
6 7
0 -1 1 0 0 0 -2 
1 1 0 0 0 0 -2 
1 -1 0 1 0 0 -3 
1 0 0 1 0 0 -400 
1 0 0 0 0 1 -500 
1 0 0 0 1 0 -400 

--- Dep 2 from S2 to S2; satisfied: 0, sat level: -1; Type: RAW
on variable: B
Dependence polyhedron
6 7
0 -1 1 0 0 0 -1 
1 1 0 0 0 0 -2 
1 -1 0 1 0 0 -2 
1 0 0 1 0 0 -400 
1 0 0 0 0 1 -500 
1 0 0 0 1 0 -400 

--- Dep 3 from S1 to S1; satisfied: 0, sat level: -1; Type: WAR
on variable: A
Dependence polyhedron
12 11
0 0 0 -1 0 0 1 0 0 0 0 
0 0 -1 0 0 1 0 0 0 0 -2 
0 -1 0 0 1 0 0 0 0 0 0 
1 1 0 0 0 0 0 0 0 0 -1 
1 -1 0 0 0 0 0 1 0 0 -1 
1 0 0 0 0 0 0 1 0 0 -400 
1 0 1 0 0 0 0 0 0 0 0 
1 0 -1 0 0 0 0 0 1 0 -5 
1 0 0 0 0 0 0 0 1 0 -400 
1 0 0 1 0 0 0 0 0 0 0 
1 0 0 -1 0 0 0 0 0 1 -1 
1 0 0 0 0 0 0 0 0 1 -500 

--- Dep 4 from S1 to S1; satisfied: 0, sat level: -1; Type: WAR
on variable: A
Dependence polyhedron
13 11
0 0 0 -1 0 0 1 0 0 0 0 
0 -1 0 0 0 1 0 0 0 0 0 
0 -1 0 0 1 0 0 0 0 0 -1 
1 1 0 0 0 0 0 0 0 0 -1 
1 -1 0 0 0 0 0 1 0 0 -2 
1 0 0 0 0 0 0 1 0 0 -400 
1 0 1 0 0 0 0 0 0 0 0 
1 0 -1 0 0 0 0 0 1 0 -3 
1 0 0 0 0 0 0 0 1 0 -400 
1 0 0 1 0 0 0 0 0 0 0 
1 0 0 -1 0 0 0 0 0 1 -1 
1 0 0 0 0 0 0 0 0 1 -500 
1 -1 0 0 0 0 0 0 1 0 -3 


[zyj-debug] After affine transformations
T(S1): (zT3, zT4, i, k, j)
loop types (loop, loop, loop, loop, loop)

T(S2): (zT1, 0, l, 0, 0)
loop types (loop, scalar, loop, scalar, scalar)

t1 --> fwd_dep  loop   (band 0)no-ujam
t2 --> parallel loop   (band 0)no-ujam
t3 --> fwd_dep  loop   (band 0)no-ujam
t4 --> parallel loop   (band 0)no-ujam
t5 --> serial   loop   (band 1)no-ujam

Warning: parallel poly loop not found in AST
