[zyj-debug] Before affine transformations
nvar = 3, npar = 4
Parameters: PB_N PB_M PB_P PB_Q 
S1 "A[j][i+1][k] = A[j+1][i+1][k] * A[j][i+1][k] - 2;"
ndims: 3; orig_depth: 3
iterators: i, j, k
Index set
9 9
1 1 0 0 0 0 0 0 1 
1 -1 0 0 1 0 0 0 -2 
1 0 0 0 1 0 0 0 -1 
1 0 1 0 0 0 0 0 0 
1 0 -1 0 1 0 0 0 -2 
1 0 0 0 1 0 0 0 -2 
1 0 0 1 0 0 0 0 0 
1 0 0 -1 0 1 0 0 -1 
1 0 0 0 0 1 0 0 -1 
T(S1): (0, i, 0, j, 0, k, 0)
loop types (loop, loop, loop, loop, loop, loop, loop)

Read accesses
A[j+1][i+1][k]
A[j][i+1][k]
Write accesses
A[j][i+1][k]
Original loop: 0 -> yes
Original loop: 1 -> yes
Original loop: 2 -> yes

S2 "B[m][m][n] = 1;"
ndims: 3; orig_depth: 3
iterators: l, m, n
Index set
9 9
1 1 0 0 0 0 0 0 0 
1 -1 0 0 0 0 1 0 -1 
1 0 0 0 0 0 1 0 -1 
1 0 1 0 0 0 0 0 0 
1 1 -1 0 0 0 0 0 -1 
1 1 0 0 0 0 0 0 -1 
1 0 0 1 0 0 0 0 0 
1 0 0 -1 0 0 0 1 -1 
1 0 0 0 0 0 0 1 -1 
T(S2): (1, l, 0, m, 0, n, 0)
loop types (loop, loop, loop, loop, loop, loop, loop)

No Read accesses
Write accesses
B[m][m][n]
Original loop: 0 -> yes
Original loop: 1 -> yes
Original loop: 2 -> yes

--- Dep 1 from S1 to S1; satisfied: 0, sat level: -1; Type: WAR
on variable: A
Dependence polyhedron
13 12
0 0 0 -1 0 0 1 0 0 0 0 0 
0 0 -1 0 0 1 0 0 0 0 0 -1 
0 -1 0 0 1 0 0 0 0 0 0 0 
1 1 0 0 0 0 0 0 0 0 0 1 
1 -1 0 0 0 0 0 1 0 0 0 -2 
1 0 0 0 0 0 0 1 0 0 0 -300 
1 0 1 0 0 0 0 0 0 0 0 0 
1 0 -1 0 0 0 0 1 0 0 0 -3 
1 0 0 0 0 0 0 0 1 0 0 -500 
1 0 0 1 0 0 0 0 0 0 0 0 
1 0 0 -1 0 0 0 0 1 0 0 -1 
1 0 0 0 0 0 0 0 0 0 1 -400 
1 0 0 0 0 0 0 0 0 1 0 -400 

--- Dep 2 from S2 to S2; satisfied: 0, sat level: -1; Type: WAW
on variable: B
Dependence polyhedron
16 12
0 0 0 -1 0 0 1 0 0 0 0 0 
0 0 -1 0 0 1 0 0 0 0 0 0 
1 1 0 0 0 0 0 0 0 0 0 -1 
1 -1 0 0 0 0 0 0 0 1 0 -1 
1 0 0 0 0 0 0 0 0 1 0 -400 
1 0 1 0 0 0 0 0 0 0 0 0 
1 1 -1 0 0 0 0 0 0 0 0 -1 
1 0 0 0 0 0 0 0 0 0 1 -400 
1 0 0 1 0 0 0 0 0 0 0 0 
1 0 0 -1 0 0 0 0 0 0 1 -1 
1 0 0 0 0 0 0 1 0 0 0 -300 
1 0 0 0 0 0 0 0 1 0 0 -500 
1 0 0 0 1 0 0 0 0 0 0 -1 
1 0 0 0 -1 0 0 0 0 1 0 -1 
1 0 -1 0 1 0 0 0 0 0 0 -1 
1 -1 0 0 1 0 0 0 0 0 0 -1 


[zyj-debug] After affine transformations
T(S1): (zT3, zT4, zT5, i, j, k)
loop types (loop, loop, loop, loop, loop, loop)

T(S2): (zT3, zT4, zT5, m, l, n)
loop types (loop, loop, loop, loop, loop, loop)

t1 --> parallel loop   (band 0)no-ujam
t2 --> parallel loop   (band 0)no-ujam
t3 --> fwd_dep  loop   (band 0)no-ujam
t4 --> parallel loop   (band 0)no-ujam
t5 --> fwd_dep  loop   (band 0)no-ujam
t6 --> parallel loop   (band 0)no-ujam

