[zyj-debug] Before affine transformations
nvar = 2, npar = 1
Parameters: PB_L 
S1 "A[j][j] = C[i] + A[j][j+1] - A[i][i] * B[i][j-1] * 1;"
ndims: 2; orig_depth: 2
iterators: i, j
Index set
6 5
1 1 0 0 0 
1 -1 0 1 -1 
1 0 0 1 -1 
1 0 1 0 -1 
1 0 -1 1 -2 
1 0 0 1 -3 
T(S1): (0, i, 0, j, 0)
loop types (loop, loop, loop, loop, loop)

Read accesses
C[i]
A[j][j+1]
A[i][i]
B[i][j-1]
Write accesses
A[j][j]
Original loop: 0 -> yes
Original loop: 1 -> yes

S2 "C[i] = 5;"
ndims: 1; orig_depth: 1
iterators: i
Index set
3 4
1 1 0 0 
1 -1 1 -1 
1 0 1 -1 
T(S2): (0, i, 1, 0, 0)
loop types (loop, loop, loop, scalar, scalar)

No Read accesses
Write accesses
C[i]
Original loop: 0 -> yes

--- Dep 1 from S1 to S1; satisfied: 0, sat level: -1; Type: RAW
on variable: A
Dependence polyhedron
7 7
0 0 -1 1 0 0 0 
1 1 0 0 0 0 0 
1 0 0 0 1 0 -1 
1 0 0 0 0 1 -6000 
1 -1 1 0 0 0 -1 
1 0 -1 0 0 1 -2 
1 0 0 0 -1 1 -2 

--- Dep 2 from S1 to S1; satisfied: 0, sat level: -1; Type: RAW
on variable: A
Dependence polyhedron
6 7
0 -1 0 1 0 0 0 
0 -1 1 0 0 0 0 
1 1 0 0 0 0 -1 
1 0 0 0 -1 1 -2 
1 0 0 0 0 1 -6000 
1 -1 0 0 1 0 -1 

--- Dep 3 from S1 to S1; satisfied: 0, sat level: -1; Type: WAR
on variable: A
Dependence polyhedron
7 7
0 -1 0 0 1 0 0 
1 1 0 0 0 0 -1 
1 0 0 -1 0 1 -1 
1 0 0 0 0 1 -6000 
1 0 1 0 0 0 -1 
1 0 -1 0 0 1 -2 
1 -1 0 1 0 0 -1 

--- Dep 4 from S1 to S1; satisfied: 0, sat level: -1; Type: WAR
on variable: A
Dependence polyhedron
6 7
0 -1 0 0 1 0 0 
0 -1 0 1 0 0 0 
1 1 -1 0 0 0 -1 
1 -1 0 0 0 1 -2 
1 0 0 0 0 1 -6000 
1 0 1 0 0 0 -1 

--- Dep 5 from S1 to S2; satisfied: 0, sat level: -1; Type: WAR
on variable: C
Dependence polyhedron
6 6
0 -1 0 1 0 0 
1 1 0 0 0 0 
1 -1 0 0 1 -1 
1 0 0 0 1 -6000 
1 0 1 0 0 -1 
1 0 -1 0 1 -2 

--- Dep 6 from S1 to S1; satisfied: 0, sat level: -1; Type: WAW
on variable: A
Dependence polyhedron
9 7
0 0 -1 0 1 0 0 
1 1 0 0 0 0 0 
1 -1 0 0 0 1 -1 
1 0 0 0 0 1 -6000 
1 0 1 0 0 0 -1 
1 0 -1 0 0 1 -2 
1 0 0 1 0 0 0 
1 0 0 -1 0 1 -1 
1 -1 0 1 0 0 -1 


[zyj-debug] After affine transformations
T(S1): (0, i, j, 0)
loop types (scalar, loop, loop, scalar)

T(S2): (1, zT1, i, 0)
loop types (scalar, loop, loop, scalar)

t1 --> fwd_dep  scalar (band 0)no-ujam
t2 --> serial   loop   (band 0)no-ujam
t3 --> fwd_dep  loop   (band 1)no-ujam
t4 --> parallel scalar (band 1)no-ujam

