[zyj-debug] Before affine transformations
nvar = 3, npar = 3
Parameters: PB_Q PB_L PB_M 
S1 "A[j+1][j] = A[j+2][j-1] + 2;"
ndims: 2; orig_depth: 2
iterators: i, j
Index set
6 7
1 1 0 0 0 0 -1 
1 -1 0 1 0 0 -2 
1 0 0 1 0 0 -3 
1 0 1 0 0 0 -1 
1 0 -1 0 1 0 -1 
1 0 0 0 1 0 -2 
T(S1): (0, i, 0, j, 0, 0, 0)
loop types (loop, loop, loop, loop, loop, scalar, scalar)

Read accesses
A[j+2][j-1]
Write accesses
A[j+1][j]
Original loop: 0 -> yes
Original loop: 1 -> yes

S2 "B[k][l][i+1] = B[k][l-1][i-1] * 4;"
ndims: 3; orig_depth: 3
iterators: i, k, l
Index set
11 8
1 1 0 0 0 0 0 -1 
1 -1 0 0 1 0 0 -2 
1 0 0 0 1 0 0 -3 
1 0 1 0 0 0 0 0 
1 0 -1 0 0 0 1 -1 
1 0 0 0 0 0 1 -1 
1 0 0 1 0 0 0 -1 
1 1 0 -1 0 0 0 -1 
1 0 0 -1 0 1 0 -1 
1 1 0 0 0 0 0 -2 
1 0 0 0 0 1 0 -2 
T(S2): (0, i, 1, k, 0, l, 0)
loop types (loop, loop, loop, loop, loop, loop, loop)

Read accesses
B[k][l-1][i-1]
Write accesses
B[k][l][i+1]
Original loop: 0 -> yes
Original loop: 1 -> yes
Original loop: 2 -> yes

--- Dep 1 from S2 to S2; satisfied: 0, sat level: -1; Type: RAW
on variable: B
Dependence polyhedron
13 11
0 0 0 -1 0 0 1 0 0 0 -1 
0 0 -1 0 0 1 0 0 0 0 0 
0 -1 0 0 1 0 0 0 0 0 -2 
1 1 0 0 0 0 0 0 0 0 -2 
1 -1 0 0 0 0 0 1 0 0 -4 
1 0 0 0 0 0 0 1 0 0 -400 
1 0 1 0 0 0 0 0 0 0 0 
1 0 -1 0 0 0 0 0 0 1 -1 
1 0 0 0 0 0 0 0 0 1 -400 
1 0 0 1 0 0 0 0 0 0 -1 
1 1 0 -1 0 0 0 0 0 0 -1 
1 0 0 -1 0 0 0 0 1 0 -2 
1 0 0 0 0 0 0 0 1 0 -300 

--- Dep 2 from S1 to S1; satisfied: 0, sat level: -1; Type: WAW
on variable: A
Dependence polyhedron
11 9
0 0 -1 0 1 0 0 0 0 
1 1 0 0 0 0 0 0 -1 
1 -1 0 0 0 1 0 0 -2 
1 0 0 0 0 1 0 0 -400 
1 0 1 0 0 0 0 0 -1 
1 0 -1 0 0 0 1 0 -1 
1 0 0 0 0 0 1 0 -300 
1 0 0 0 0 0 0 1 -400 
1 0 0 1 0 0 0 0 -1 
1 0 0 -1 0 1 0 0 -2 
1 -1 0 1 0 0 0 0 -1 


[zyj-debug] After affine transformations
T(S1): (zT2, zT3, 0, j, i, 0)
loop types (loop, loop, scalar, loop, loop, scalar)

T(S2): (zT3, zT4, zT5, k, i, l)
loop types (loop, loop, loop, loop, loop, loop)

t1 --> parallel loop   (band 0)no-ujam
t2 --> fwd_dep  loop   (band 0)no-ujam
t3 --> fwd_dep  loop   (band 0)no-ujam
t4 --> parallel loop   (band 0)no-ujam
t5 --> fwd_dep  loop   (band 0)no-ujam
t6 --> parallel loop   (band 0)no-ujam

