[zyj-debug] Before affine transformations
nvar = 3, npar = 2
Parameters: PB_M PB_N 
S1 "A[j][i][k-1] = A[j][i+2][k-1] * 3;"
ndims: 3; orig_depth: 3
iterators: i, j, k
Index set
9 7
1 1 0 0 0 0 0 
1 -1 0 0 1 0 -3 
1 0 0 0 1 0 -3 
1 0 1 0 0 0 0 
1 0 -1 0 0 1 -1 
1 0 0 0 0 1 -1 
1 0 0 1 0 0 -1 
1 0 0 -1 1 0 0 
1 0 0 0 1 0 -1 
T(S1): (0, i, 0, j, 0, k, 0)
loop types (loop, loop, loop, loop, loop, loop, loop)

Read accesses
A[j][i+2][k-1]
Write accesses
A[j][i][k-1]
Original loop: 0 -> yes
Original loop: 1 -> yes
Original loop: 2 -> yes

S2 "B[m+1][l] = B[m+1][l+1] + B[l][m] * B[m+1][l] - 6;"
ndims: 2; orig_depth: 2
iterators: l, m
Index set
6 6
1 1 0 0 0 0 
1 -1 0 1 0 -1 
1 0 0 1 0 -1 
1 0 1 0 0 0 
1 0 -1 1 0 -2 
1 0 0 1 0 -2 
T(S2): (1, l, 0, m, 0, 0, 0)
loop types (loop, loop, loop, loop, loop, scalar, scalar)

Read accesses
B[m+1][l+1]
B[l][m]
B[m+1][l]
Write accesses
B[m+1][l]
Original loop: 0 -> yes
Original loop: 1 -> yes

--- Dep 1 from S2 to S2; satisfied: 0, sat level: -1; Type: RAW
on variable: B
Dependence polyhedron
7 8
0 -1 0 0 1 0 0 0 
0 0 -1 1 0 0 0 -1 
1 1 0 0 0 0 0 0 
1 0 0 0 0 0 1 -500 
1 0 0 0 0 1 0 -300 
1 -1 1 0 0 0 0 0 
1 0 -1 0 0 1 0 -2 

--- Dep 2 from S2 to S2; satisfied: 0, sat level: -1; Type: RAW
on variable: B
Dependence polyhedron
7 8
0 -1 0 0 1 0 0 0 
0 -1 0 1 0 0 0 0 
0 -1 1 0 0 0 0 1 
1 1 0 0 0 0 0 -1 
1 -1 0 0 0 1 0 -2 
1 0 0 0 0 1 0 -300 
1 0 0 0 0 0 1 -500 

--- Dep 3 from S2 to S2; satisfied: 0, sat level: -1; Type: WAR
on variable: B
Dependence polyhedron
9 8
0 -1 0 0 1 0 0 1 
0 0 -1 1 0 0 0 0 
1 1 0 0 0 0 0 -1 
1 -1 0 0 0 1 0 -1 
1 0 0 0 0 1 0 -300 
1 0 1 0 0 0 0 0 
1 0 -1 0 0 1 0 -2 
1 0 0 0 0 0 1 -500 
1 -1 1 0 0 0 0 -1 

--- Dep 4 from S1 to S1; satisfied: 0, sat level: -1; Type: WAR
on variable: A
Dependence polyhedron
11 10
0 0 0 -1 0 0 1 0 0 0 
0 0 -1 0 0 1 0 0 0 0 
0 -1 0 0 1 0 0 0 0 -2 
1 1 0 0 0 0 0 0 0 0 
1 -1 0 0 0 0 0 1 0 -5 
1 0 0 0 0 0 0 1 0 -300 
1 0 1 0 0 0 0 0 0 0 
1 0 -1 0 0 0 0 0 1 -1 
1 0 0 0 0 0 0 0 1 -500 
1 0 0 1 0 0 0 0 0 -1 
1 0 0 -1 0 0 0 1 0 0 

--- Dep 5 from S2 to S2; satisfied: 0, sat level: -1; Type: WAR
on variable: B
Dependence polyhedron
8 8
0 0 -1 0 1 0 0 0 
0 -1 0 1 0 0 0 -1 
1 1 0 0 0 0 0 0 
1 -1 0 0 0 1 0 -2 
1 0 0 0 0 1 0 -300 
1 0 1 0 0 0 0 0 
1 0 -1 0 0 1 0 -2 
1 0 0 0 0 0 1 -500 


[zyj-debug] After affine transformations
T(S1): (zT3+zT4, zT4, zT5, i, j, k)
loop types (loop, loop, loop, loop, loop, loop)

T(S2): (zT2+zT3, zT3, 0, l, 2l+m, 0)
loop types (loop, loop, scalar, loop, loop, scalar)

t1 --> fwd_dep  loop   (band 0)no-ujam
t2 --> fwd_dep  loop   (band 0)no-ujam
t3 --> parallel loop   (band 0)no-ujam
t4 --> fwd_dep  loop   (band 0)no-ujam
t5 --> fwd_dep  loop   (band 0)no-ujam
t6 --> parallel loop   (band 0)no-ujam

