[zyj-debug] Before affine transformations
nvar = 2, npar = 2
Parameters: PB_M PB_L 
S1 "A[j-1][i-1] = A[j-1][i-1] + A[i][j] * 4;"
ndims: 2; orig_depth: 2
iterators: i, j
Index set
5 6
1 1 0 0 0 -1 
1 -1 0 1 0 -1 
1 0 0 1 0 -2 
1 0 1 0 0 -1 
1 0 -1 1 0 -1 
T(S1): (0, i, 0, j, 0)
loop types (loop, loop, loop, loop, loop)

Read accesses
A[j-1][i-1]
A[i][j]
Write accesses
A[j-1][i-1]
Original loop: 0 -> yes
Original loop: 1 -> yes

S2 "B[k][k+1] = 2;"
ndims: 2; orig_depth: 2
iterators: k, l
Index set
6 6
1 1 0 0 0 0 
1 -1 0 0 1 -2 
1 0 0 0 1 -2 
1 0 1 0 0 0 
1 0 -1 0 1 -1 
1 0 0 0 1 -1 
T(S2): (1, k, 0, l, 0)
loop types (loop, loop, loop, loop, loop)

No Read accesses
Write accesses
B[k][k+1]
Original loop: 0 -> yes
Original loop: 1 -> yes

--- Dep 1 from S1 to S1; satisfied: 0, sat level: -1; Type: RAW
on variable: A
Dependence polyhedron
9 8
0 -1 0 0 1 0 0 1 
0 0 -1 1 0 0 0 1 
1 1 0 0 0 0 0 -2 
1 -1 0 0 0 1 0 -1 
1 0 0 0 0 1 0 -10000 
1 0 1 0 0 0 0 -2 
1 0 -1 0 0 1 0 -1 
1 0 0 0 0 0 1 -7000 
1 -1 1 0 0 0 0 -2 

--- Dep 2 from S1 to S1; satisfied: 0, sat level: -1; Type: WAR
on variable: A
Dependence polyhedron
7 8
0 -1 0 0 1 0 0 -1 
0 0 -1 1 0 0 0 -1 
1 1 0 0 0 0 0 -1 
1 0 0 0 0 0 1 -7000 
1 0 0 0 0 1 0 -10000 
1 -1 1 0 0 0 0 0 
1 0 -1 0 0 1 0 -2 

--- Dep 3 from S1 to S1; satisfied: 0, sat level: -1; Type: WAR
on variable: A
Dependence polyhedron
7 8
0 -1 0 0 1 0 0 -1 
0 -1 0 1 0 0 0 0 
0 -1 1 0 0 0 0 1 
1 1 0 0 0 0 0 -2 
1 -1 0 0 0 1 0 -2 
1 0 0 0 0 1 0 -10000 
1 0 0 0 0 0 1 -7000 

--- Dep 4 from S2 to S2; satisfied: 0, sat level: -1; Type: WAW
on variable: B
Dependence polyhedron
10 8
0 -1 0 1 0 0 0 0 
1 1 0 0 0 0 0 0 
1 -1 0 0 0 0 1 -2 
1 0 0 0 0 0 1 -7000 
1 0 1 0 0 0 0 0 
1 0 -1 0 0 0 1 -1 
1 0 0 0 0 1 0 -10000 
1 0 0 0 -1 0 1 -1 
1 0 0 0 1 0 0 0 
1 0 -1 0 1 0 0 -1 


[zyj-debug] After affine transformations
T(S1): (zT2+zT3, zT3, i, 3i+j)
loop types (loop, loop, loop, loop)

T(S2): (zT2+zT3, zT3, k, l)
loop types (loop, loop, loop, loop)

t1 --> fwd_dep  loop   (band 0)no-ujam
t2 --> fwd_dep  loop   (band 0)no-ujam
t3 --> fwd_dep  loop   (band 0)no-ujam
t4 --> fwd_dep  loop   (band 0)no-ujam

