[zyj-debug] Before affine transformations
nvar = 3, npar = 2
Parameters: PB_M PB_L 
S1 "A[i] = A[i] - 6;"
ndims: 1; orig_depth: 1
iterators: i
Index set
3 5
1 1 0 0 0 
1 -1 1 0 -1 
1 0 1 0 -1 
T(S1): (0, i, 0, 0, 0, 0, 0)
loop types (loop, loop, loop, scalar, scalar, scalar, scalar)

Read accesses
A[i]
Write accesses
A[i]
Original loop: 0 -> yes

S2 "B[k][j][i] = B[k-2][j+2][i+2] * B[k][j][i] + B[i][j-1][k+1] * 1;"
ndims: 3; orig_depth: 3
iterators: i, j, k
Index set
11 7
1 1 0 0 0 0 0 
1 -1 0 0 1 0 -1 
1 0 0 0 1 0 -1 
1 0 1 0 0 0 -1 
1 1 -1 0 0 0 -1 
1 0 -1 0 0 1 -3 
1 1 0 0 0 0 -2 
1 0 0 0 0 1 -4 
1 0 0 1 0 0 -2 
1 0 0 -1 1 0 -1 
1 0 0 0 1 0 -3 
T(S2): (0, i, 1, j, 0, k, 0)
loop types (loop, loop, loop, loop, loop, loop, loop)

Read accesses
B[k-2][j+2][i+2]
B[k][j][i]
B[i][j-1][k+1]
Write accesses
B[k][j][i]
Original loop: 0 -> yes
Original loop: 1 -> yes
Original loop: 2 -> yes

--- Dep 1 from S2 to S2; satisfied: 0, sat level: -1; Type: RAW
on variable: B
Dependence polyhedron
11 10
0 -1 0 0 0 0 1 0 0 1 
0 0 -1 0 0 1 0 0 0 -1 
0 0 0 -1 1 0 0 0 0 0 
1 1 0 0 0 0 0 0 0 -3 
1 -1 0 1 0 0 0 0 0 -1 
1 0 0 0 0 0 0 1 0 -400 
1 0 1 0 0 0 0 0 0 -1 
1 1 -1 0 0 0 0 0 0 -1 
1 0 -1 0 0 0 0 0 1 -4 
1 0 0 -1 0 0 0 1 0 -1 
1 0 0 0 0 0 0 0 1 -400 

--- Dep 2 from S2 to S2; satisfied: 0, sat level: -1; Type: RAW
on variable: B
Dependence polyhedron
10 10
0 -1 0 0 0 0 1 0 0 1 
0 0 -1 0 0 1 0 0 0 -1 
0 -1 0 0 1 0 0 0 0 0 
0 -1 0 1 0 0 0 0 0 0 
1 0 0 0 0 0 0 0 1 -400 
1 -1 0 0 0 0 0 1 0 -1 
1 0 0 0 0 0 0 1 0 -400 
1 0 1 0 0 0 0 0 0 -1 
1 1 -1 0 0 0 0 0 0 -2 
1 0 -1 0 0 0 0 0 1 -4 

--- Dep 3 from S2 to S2; satisfied: 0, sat level: -1; Type: WAR
on variable: B
Dependence polyhedron
14 10
0 -1 0 0 0 0 1 0 0 0 
0 0 -1 0 0 1 0 0 0 1 
0 0 0 -1 1 0 0 0 0 -1 
1 1 0 0 0 0 0 0 0 -2 
1 -1 0 0 0 0 0 1 0 -1 
1 0 0 0 0 0 0 1 0 -400 
1 0 1 0 0 0 0 0 0 -2 
1 1 -1 0 0 0 0 0 0 -1 
1 0 -1 0 0 0 0 0 1 -3 
1 0 0 -1 0 0 0 1 0 -2 
1 0 0 0 0 0 0 0 1 -400 
1 0 0 1 0 0 0 0 0 -2 
1 0 -1 1 0 0 0 0 0 1 
1 -1 0 1 0 0 0 0 0 0 

--- Dep 4 from S2 to S2; satisfied: 0, sat level: -1; Type: WAR
on variable: B
Dependence polyhedron
12 10
0 0 0 -1 0 0 1 0 0 2 
0 0 -1 0 0 1 0 0 0 -2 
0 -1 0 0 1 0 0 0 0 -2 
1 1 0 0 0 0 0 0 0 -2 
1 -1 0 0 0 0 0 1 0 -3 
1 0 0 0 0 0 0 1 0 -400 
1 0 1 0 0 0 0 0 0 -1 
1 1 -1 0 0 0 0 0 0 -1 
1 0 -1 0 0 0 0 0 1 -5 
1 0 0 -1 0 0 0 1 0 -1 
1 0 0 0 0 0 0 0 1 -400 
1 0 0 1 0 0 0 0 0 -4 


[zyj-debug] After affine transformations
T(S1): (zT1, 0, 0, i, 0, 0)
loop types (loop, scalar, scalar, loop, scalar, scalar)

T(S2): (zT3, zT4, zT5, i+j+k, i, i+j)
loop types (loop, loop, loop, loop, loop, loop)

t1 --> fwd_dep  loop   (band 0)no-ujam
t2 --> fwd_dep  loop   (band 0)no-ujam
t3 --> fwd_dep  loop   (band 0)no-ujam
t4 --> fwd_dep  loop   (band 0)no-ujam
t5 --> fwd_dep  loop   (band 0)no-ujam
t6 --> fwd_dep  loop   (band 0)no-ujam

