[zyj-debug] Before affine transformations
nvar = 3, npar = 3
Parameters: PB_P PB_M PB_L 
S1 "A[j] = A[j-2] - 6;"
ndims: 2; orig_depth: 2
iterators: i, j
Index set
6 7
1 1 0 0 0 0 -1 
1 -1 0 1 0 0 -1 
1 0 0 1 0 0 -2 
1 0 1 0 0 0 -2 
1 0 -1 0 1 0 -1 
1 0 0 0 1 0 -3 
T(S1): (0, i, 0, j, 0, 0, 0)
loop types (loop, loop, loop, loop, loop, scalar, scalar)

Read accesses
A[j-2]
Write accesses
A[j]
Original loop: 0 -> yes
Original loop: 1 -> yes

S2 "B[i][k-1][i] = B[i-1][k-1][i] * 6;"
ndims: 3; orig_depth: 3
iterators: i, k, l
Index set
9 8
1 1 0 0 0 0 0 -1 
1 -1 0 0 1 0 0 -1 
1 0 0 0 1 0 0 -2 
1 0 1 0 0 0 0 -1 
1 1 -1 0 0 0 0 -1 
1 1 0 0 0 0 0 -2 
1 0 0 1 0 0 0 0 
1 0 0 -1 0 0 1 -1 
1 0 0 0 0 0 1 -1 
T(S2): (0, i, 1, k, 0, l, 0)
loop types (loop, loop, loop, loop, loop, loop, loop)

Read accesses
B[i-1][k-1][i]
Write accesses
B[i][k-1][i]
Original loop: 0 -> yes
Original loop: 1 -> yes
Original loop: 2 -> yes

S3 "C[n][m][n-1] = C[n][m][n-1] - C[n][m][n-1] - 3;"
ndims: 3; orig_depth: 3
iterators: m, n, o
Index set
9 8
1 1 0 0 0 0 0 0 
1 -1 0 0 1 0 0 -1 
1 0 0 0 1 0 0 -1 
1 0 1 0 0 0 0 -1 
1 0 -1 0 0 0 1 -1 
1 0 0 0 0 0 1 -2 
1 0 0 1 0 0 0 0 
1 1 0 -1 0 0 0 -1 
1 1 0 0 0 0 0 -1 
T(S3): (1, m, 0, n, 0, o, 0)
loop types (loop, loop, loop, loop, loop, loop, loop)

Read accesses
C[n][m][n-1]
C[n][m][n-1]
Write accesses
C[n][m][n-1]
Original loop: 0 -> yes
Original loop: 1 -> yes
Original loop: 2 -> yes

--- Dep 1 from S3 to S3; satisfied: 0, sat level: -1; Type: RAW
on variable: C
Dependence polyhedron
14 11
0 0 -1 0 0 1 0 0 0 0 0 
0 -1 0 0 1 0 0 0 0 0 0 
1 1 0 0 0 0 0 0 0 0 -1 
1 -1 0 0 0 0 0 1 0 0 -1 
1 0 0 0 0 0 0 1 0 0 -400 
1 0 1 0 0 0 0 0 0 0 -1 
1 0 -1 0 0 0 0 0 0 1 -1 
1 0 0 0 0 0 0 0 0 1 -400 
1 0 0 1 0 0 0 0 0 0 0 
1 1 0 -1 0 0 0 0 0 0 -1 
1 0 0 0 0 0 0 0 1 0 -500 
1 1 0 0 0 0 -1 0 0 0 -1 
1 0 0 0 0 0 1 0 0 0 0 
1 0 0 -1 0 0 1 0 0 0 -1 

--- Dep 2 from S1 to S1; satisfied: 0, sat level: -1; Type: RAW
on variable: A
Dependence polyhedron
9 9
0 0 -1 0 1 0 0 0 -2 
1 1 0 0 0 0 0 0 -1 
1 0 0 -1 0 1 0 0 -1 
1 0 0 0 0 1 0 0 -400 
1 0 1 0 0 0 0 0 -2 
1 0 -1 0 0 0 1 0 -3 
1 0 0 0 0 0 1 0 -500 
1 0 0 0 0 0 0 1 -400 
1 -1 0 1 0 0 0 0 0 

--- Dep 3 from S3 to S3; satisfied: 0, sat level: -1; Type: RAW
on variable: C
Dependence polyhedron
14 11
0 0 -1 0 0 1 0 0 0 0 0 
0 -1 0 0 1 0 0 0 0 0 0 
1 1 0 0 0 0 0 0 0 0 -1 
1 -1 0 0 0 0 0 1 0 0 -1 
1 0 0 0 0 0 0 1 0 0 -400 
1 0 1 0 0 0 0 0 0 0 -1 
1 0 -1 0 0 0 0 0 0 1 -1 
1 0 0 0 0 0 0 0 0 1 -400 
1 0 0 1 0 0 0 0 0 0 0 
1 1 0 -1 0 0 0 0 0 0 -1 
1 0 0 0 0 0 0 0 1 0 -500 
1 1 0 0 0 0 -1 0 0 0 -1 
1 0 0 0 0 0 1 0 0 0 0 
1 0 0 -1 0 0 1 0 0 0 -1 

--- Dep 4 from S3 to S3; satisfied: 0, sat level: -1; Type: WAR
on variable: C
Dependence polyhedron
14 11
0 0 -1 0 0 1 0 0 0 0 0 
0 -1 0 0 1 0 0 0 0 0 0 
1 1 0 0 0 0 0 0 0 0 -1 
1 -1 0 0 0 0 0 1 0 0 -1 
1 0 0 0 0 0 0 1 0 0 -400 
1 0 1 0 0 0 0 0 0 0 -1 
1 0 -1 0 0 0 0 0 0 1 -1 
1 0 0 0 0 0 0 0 0 1 -400 
1 0 0 1 0 0 0 0 0 0 0 
1 1 0 -1 0 0 0 0 0 0 -1 
1 0 0 0 0 0 0 0 1 0 -500 
1 1 0 0 0 0 -1 0 0 0 -1 
1 0 0 0 0 0 1 0 0 0 0 
1 0 0 -1 0 0 1 0 0 0 -1 

--- Dep 5 from S1 to S1; satisfied: 0, sat level: -1; Type: WAR
on variable: A
Dependence polyhedron
11 9
0 0 -1 0 1 0 0 0 2 
1 1 0 0 0 0 0 0 -1 
1 -1 0 0 0 1 0 0 -1 
1 0 0 0 0 1 0 0 -400 
1 0 1 0 0 0 0 0 -4 
1 0 -1 0 0 0 1 0 -1 
1 0 0 0 0 0 1 0 -500 
1 0 0 0 0 0 0 1 -400 
1 0 0 1 0 0 0 0 -1 
1 0 0 -1 0 1 0 0 -1 
1 -1 0 1 0 0 0 0 -1 

--- Dep 6 from S3 to S3; satisfied: 0, sat level: -1; Type: WAR
on variable: C
Dependence polyhedron
14 11
0 0 -1 0 0 1 0 0 0 0 0 
0 -1 0 0 1 0 0 0 0 0 0 
1 1 0 0 0 0 0 0 0 0 -1 
1 -1 0 0 0 0 0 1 0 0 -1 
1 0 0 0 0 0 0 1 0 0 -400 
1 0 1 0 0 0 0 0 0 0 -1 
1 0 -1 0 0 0 0 0 0 1 -1 
1 0 0 0 0 0 0 0 0 1 -400 
1 0 0 1 0 0 0 0 0 0 0 
1 1 0 -1 0 0 0 0 0 0 -1 
1 0 0 0 0 0 0 0 1 0 -500 
1 1 0 0 0 0 -1 0 0 0 -1 
1 0 0 0 0 0 1 0 0 0 0 
1 0 0 -1 0 0 1 0 0 0 -1 

--- Dep 7 from S3 to S3; satisfied: 0, sat level: -1; Type: WAW
on variable: C
Dependence polyhedron
14 11
0 0 -1 0 0 1 0 0 0 0 0 
0 -1 0 0 1 0 0 0 0 0 0 
1 1 0 0 0 0 0 0 0 0 -1 
1 -1 0 0 0 0 0 1 0 0 -1 
1 0 0 0 0 0 0 1 0 0 -400 
1 0 1 0 0 0 0 0 0 0 -1 
1 0 -1 0 0 0 0 0 0 1 -1 
1 0 0 0 0 0 0 0 0 1 -400 
1 0 0 1 0 0 0 0 0 0 0 
1 1 0 -1 0 0 0 0 0 0 -1 
1 0 0 0 0 0 0 0 1 0 -500 
1 1 0 0 0 0 -1 0 0 0 -1 
1 0 0 0 0 0 1 0 0 0 0 
1 0 0 -1 0 0 1 0 0 0 -1 

--- Dep 8 from S2 to S2; satisfied: 0, sat level: -1; Type: WAW
on variable: B
Dependence polyhedron
14 11
0 0 -1 0 0 1 0 0 0 0 0 
0 -1 0 0 1 0 0 0 0 0 0 
1 1 0 0 0 0 0 0 0 0 -2 
1 -1 0 0 0 0 0 1 0 0 -1 
1 0 0 0 0 0 0 1 0 0 -400 
1 0 1 0 0 0 0 0 0 0 -1 
1 1 -1 0 0 0 0 0 0 0 -1 
1 0 0 0 0 0 0 0 0 1 -400 
1 0 0 1 0 0 0 0 0 0 0 
1 0 0 -1 0 0 0 0 0 1 -1 
1 0 0 0 0 0 0 0 1 0 -500 
1 0 0 0 0 0 -1 0 0 1 -1 
1 0 0 0 0 0 1 0 0 0 0 
1 0 0 -1 0 0 1 0 0 0 -1 

--- Dep 9 from S1 to S1; satisfied: 0, sat level: -1; Type: WAW
on variable: A
Dependence polyhedron
11 9
0 0 -1 0 1 0 0 0 0 
1 1 0 0 0 0 0 0 -1 
1 -1 0 0 0 1 0 0 -1 
1 0 0 0 0 1 0 0 -400 
1 0 1 0 0 0 0 0 -2 
1 0 -1 0 0 0 1 0 -1 
1 0 0 0 0 0 1 0 -500 
1 0 0 0 0 0 0 1 -400 
1 0 0 1 0 0 0 0 -1 
1 0 0 -1 0 1 0 0 -1 
1 -1 0 1 0 0 0 0 -1 


[zyj-debug] After affine transformations
T(S1): (zT2+zT3, zT3, 0, i, 2i+j, 0)
loop types (loop, loop, scalar, loop, loop, scalar)

T(S2): (zT3+zT4, zT4, zT5, i, k, l)
loop types (loop, loop, loop, loop, loop, loop)

T(S3): (zT3+zT4, zT4, zT5, m, n, o)
loop types (loop, loop, loop, loop, loop, loop)

t1 --> fwd_dep  loop   (band 0)no-ujam
t2 --> fwd_dep  loop   (band 0)no-ujam
t3 --> fwd_dep  loop   (band 0)no-ujam
t4 --> fwd_dep  loop   (band 0)no-ujam
t5 --> fwd_dep  loop   (band 0)no-ujam
t6 --> fwd_dep  loop   (band 0)no-ujam

