[zyj-debug] Before affine transformations
nvar = 2, npar = 1
Parameters: PB_M 
S1 "A[j][i] = B[j][i] * 4;"
ndims: 2; orig_depth: 2
iterators: i, j
Index set
6 5
1 1 0 0 0 
1 -1 0 1 -1 
1 0 0 1 -1 
1 0 1 0 0 
1 1 -1 0 -1 
1 1 0 0 -1 
T(S1): (0, i, 0, j, 0)
loop types (loop, loop, loop, loop, loop)

Read accesses
B[j][i]
Write accesses
A[j][i]
Original loop: 0 -> yes
Original loop: 1 -> yes

S2 "C[k] = 2;"
ndims: 2; orig_depth: 2
iterators: i, k
Index set
6 5
1 1 0 0 0 
1 -1 0 1 -1 
1 0 0 1 -1 
1 0 1 0 0 
1 1 -1 0 -1 
1 1 0 0 -1 
T(S2): (0, i, 1, k, 0)
loop types (loop, loop, loop, loop, loop)

No Read accesses
Write accesses
C[k]
Original loop: 0 -> yes
Original loop: 1 -> yes

S3 "D[l] = D[l+1] * D[l] * E[l+1] + 5;"
ndims: 1; orig_depth: 1
iterators: l
Index set
3 4
1 1 0 0 
1 -1 1 -2 
1 0 1 -2 
T(S3): (1, l, 0, 0, 0)
loop types (loop, loop, loop, scalar, scalar)

Read accesses
D[l+1]
D[l]
E[l+1]
Write accesses
D[l]
Original loop: 0 -> yes

--- Dep 1 from S3 to S3; satisfied: 0, sat level: -1; Type: WAR
on variable: D
Dependence polyhedron
4 5
0 -1 1 0 -1 
1 1 0 0 0 
1 -1 0 1 -3 
1 0 0 1 -6000 

--- Dep 2 from S2 to S2; satisfied: 0, sat level: -1; Type: WAW
on variable: C
Dependence polyhedron
10 7
0 0 -1 0 1 0 0 
1 1 0 0 0 0 -1 
1 -1 0 0 0 1 -1 
1 0 0 0 0 1 -6000 
1 0 1 0 0 0 0 
1 1 -1 0 0 0 -1 
1 0 0 1 0 0 -1 
1 0 0 -1 0 1 -1 
1 0 -1 1 0 0 -1 
1 -1 0 1 0 0 -1 


[zyj-debug] After affine transformations
T(S1): (zT2, zT3, i, j)
loop types (loop, loop, loop, loop)

T(S2): (zT2, zT3, k, i)
loop types (loop, loop, loop, loop)

T(S3): (zT1, 0, l, 0)
loop types (loop, scalar, loop, scalar)

t1 --> fwd_dep  loop   (band 0)no-ujam
t2 --> fwd_dep  loop   (band 0)no-ujam
t3 --> fwd_dep  loop   (band 0)no-ujam
t4 --> fwd_dep  loop   (band 0)no-ujam

