[zyj-debug] Before affine transformations
nvar = 3, npar = 2
Parameters: PB_N PB_M 
S1 "A[j][k] = A[j][k+1] * A[j][k] - B[k][i-1][j] + A[i][j+1] * 1;"
ndims: 3; orig_depth: 3
iterators: i, j, k
Index set
9 7
1 1 0 0 0 0 -1 
1 -1 0 0 1 0 -1 
1 0 0 0 1 0 -2 
1 0 1 0 0 0 0 
1 0 -1 0 0 1 -2 
1 0 0 0 0 1 -2 
1 0 0 1 0 0 0 
1 1 0 -1 0 0 -1 
1 0 0 -1 0 1 -2 
T(S1): (0, i, 0, j, 0, k, 0)
loop types (loop, loop, loop, loop, loop, loop, loop)

Read accesses
A[j][k+1]
A[j][k]
B[k][i-1][j]
A[i][j+1]
Write accesses
A[j][k]
Original loop: 0 -> yes
Original loop: 1 -> yes
Original loop: 2 -> yes

S2 "A[l+1][l] = A[l][l] - A[l][m] * A[m-1][l+1] * 6;"
ndims: 2; orig_depth: 2
iterators: l, m
Index set
6 6
1 1 0 0 0 0 
1 -1 0 0 1 -2 
1 0 0 0 1 -2 
1 0 1 0 0 -1 
1 1 -1 0 0 -1 
1 1 0 0 0 -2 
T(S2): (1, l, 0, m, 0, 0, 0)
loop types (loop, loop, loop, loop, loop, scalar, scalar)

Read accesses
A[l][l]
A[l][m]
A[m-1][l+1]
Write accesses
A[l+1][l]
Original loop: 0 -> yes
Original loop: 1 -> yes

S3 "A[n-1][n+1] = A[n-1][n] + 2;"
ndims: 2; orig_depth: 2
iterators: l, n
Index set
6 6
1 1 0 0 0 0 
1 -1 0 0 1 -2 
1 0 0 0 1 -2 
1 0 1 0 0 -1 
1 0 -1 0 1 -2 
1 0 0 0 1 -3 
T(S3): (1, l, 1, n, 0, 0, 0)
loop types (loop, loop, loop, loop, loop, scalar, scalar)

Read accesses
A[n-1][n]
Write accesses
A[n-1][n+1]
Original loop: 0 -> yes
Original loop: 1 -> yes

--- Dep 1 from S1 to S2; satisfied: 0, sat level: -1; Type: RAW
on variable: A
Dependence polyhedron
12 9
0 0 -1 0 0 1 0 0 -1 
0 0 0 -1 1 0 0 0 1 
1 1 0 0 0 0 0 0 -1 
1 -1 0 0 0 0 1 0 -1 
1 0 0 0 0 0 1 0 -400 
1 0 1 0 0 0 0 0 0 
1 0 -1 0 0 0 0 1 -2 
1 0 0 0 0 0 0 1 -300 
1 0 0 1 0 0 0 0 -3 
1 1 0 -1 0 0 0 0 -1 
1 0 0 -1 0 0 0 1 -2 
1 0 -1 1 0 0 0 0 -3 

--- Dep 2 from S1 to S3; satisfied: 0, sat level: -1; Type: RAW
on variable: A
Dependence polyhedron
11 9
0 0 -1 0 0 1 0 0 -1 
0 0 -1 1 0 0 0 0 -1 
1 1 0 0 0 0 0 0 -1 
1 -1 0 0 0 0 1 0 -1 
1 0 0 0 0 0 1 0 -400 
1 0 1 0 0 0 0 0 0 
1 0 -1 0 0 0 0 1 -3 
1 0 0 0 0 0 0 1 -300 
1 0 0 0 -1 0 0 1 -2 
1 1 -1 0 0 0 0 0 -2 
1 0 0 0 1 0 0 0 0 

--- Dep 3 from S1 to S2; satisfied: 0, sat level: -1; Type: RAW
on variable: A
Dependence polyhedron
12 9
0 0 0 -1 0 1 0 0 0 
0 0 -1 0 1 0 0 0 0 
1 1 0 0 0 0 0 0 -1 
1 -1 0 0 0 0 1 0 -1 
1 0 0 0 0 0 1 0 -400 
1 0 1 0 0 0 0 0 -2 
1 0 -1 0 0 0 0 1 -2 
1 0 0 0 0 0 0 1 -300 
1 0 0 1 0 0 0 0 -1 
1 1 0 -1 0 0 0 0 -1 
1 0 0 -1 0 0 0 1 -2 
1 0 1 -1 0 0 0 0 -1 

--- Dep 4 from S1 to S1; satisfied: 0, sat level: -1; Type: RAW
on variable: A
Dependence polyhedron
16 10
0 0 0 -1 0 1 0 0 0 1 
0 0 -1 0 1 0 0 0 0 0 
1 1 0 0 0 0 0 0 0 -1 
1 -1 0 0 0 0 0 1 0 -1 
1 0 0 0 0 0 0 1 0 -400 
1 0 1 0 0 0 0 0 0 -1 
1 0 -1 0 0 0 0 0 1 -2 
1 0 0 0 0 0 0 0 1 -300 
1 0 0 1 0 0 0 0 0 -1 
1 1 0 -1 0 0 0 0 0 -1 
1 0 0 -1 0 0 0 0 1 -2 
1 0 0 0 0 0 -1 0 1 -2 
1 0 -1 0 0 0 0 1 0 -1 
1 0 1 0 0 0 -1 0 0 -1 
1 0 0 0 0 0 1 0 0 0 
1 -1 1 0 0 0 0 0 0 -1 

--- Dep 5 from S1 to S2; satisfied: 0, sat level: -1; Type: RAW
on variable: A
Dependence polyhedron
11 9
0 0 -1 0 1 0 0 0 0 
0 0 -1 1 0 0 0 0 0 
1 1 0 0 0 0 0 0 -1 
1 -1 0 0 0 0 1 0 -1 
1 0 0 0 0 0 1 0 -400 
1 0 1 0 0 0 0 0 -2 
1 0 -1 0 0 0 0 1 -2 
1 0 0 0 0 0 0 1 -300 
1 0 1 0 0 -1 0 0 -1 
1 1 -1 0 0 0 0 0 -1 
1 0 0 0 0 1 0 0 -1 

--- Dep 6 from S1 to S1; satisfied: 0, sat level: -1; Type: RAW
on variable: A
Dependence polyhedron
15 10
0 0 0 -1 0 0 1 0 0 0 
0 0 -1 0 0 1 0 0 0 0 
1 1 0 0 0 0 0 0 0 -1 
1 -1 0 0 0 0 0 1 0 -1 
1 0 0 0 0 0 0 1 0 -400 
1 0 1 0 0 0 0 0 0 0 
1 0 -1 0 0 0 0 0 1 -2 
1 0 0 0 0 0 0 0 1 -300 
1 0 0 1 0 0 0 0 0 0 
1 1 0 -1 0 0 0 0 0 -1 
1 0 0 -1 0 0 0 0 1 -2 
1 0 0 0 1 0 0 0 0 -1 
1 0 0 0 -1 0 0 1 0 -1 
1 0 0 -1 1 0 0 0 0 -1 
1 -1 0 0 1 0 0 0 0 -1 

--- Dep 7 from S1 to S1; satisfied: 0, sat level: -1; Type: RAW
on variable: A
Dependence polyhedron
15 10
0 0 0 -1 0 0 1 0 0 1 
0 0 -1 0 0 1 0 0 0 0 
1 1 0 0 0 0 0 0 0 -1 
1 -1 0 0 0 0 0 1 0 -1 
1 0 0 0 0 0 0 1 0 -400 
1 0 1 0 0 0 0 0 0 0 
1 0 -1 0 0 0 0 0 1 -2 
1 0 0 0 0 0 0 0 1 -300 
1 0 0 1 0 0 0 0 0 -1 
1 1 0 -1 0 0 0 0 0 -1 
1 0 0 -1 0 0 0 0 1 -2 
1 0 0 0 1 0 0 0 0 -1 
1 0 0 0 -1 0 0 1 0 -1 
1 0 0 -1 1 0 0 0 0 0 
1 -1 0 0 1 0 0 0 0 -1 

--- Dep 8 from S2 to S2; satisfied: 0, sat level: -1; Type: RAW
on variable: A
Dependence polyhedron
8 8
0 -1 0 0 1 0 0 0 
0 -1 0 1 0 0 0 -1 
1 1 0 0 0 0 0 -2 
1 -1 0 0 0 0 1 -3 
1 0 0 0 0 0 1 -300 
1 0 1 0 0 0 0 -1 
1 1 -1 0 0 0 0 -1 
1 0 0 0 0 1 0 -400 

--- Dep 9 from S1 to S2; satisfied: 0, sat level: -1; Type: WAR
on variable: A
Dependence polyhedron
11 9
0 0 -1 0 1 0 0 0 1 
0 0 -1 1 0 0 0 0 2 
1 1 0 0 0 0 0 0 -1 
1 -1 0 0 0 0 1 0 -1 
1 0 0 0 0 0 1 0 -400 
1 0 1 0 0 0 0 0 -3 
1 0 -1 0 0 0 0 1 -2 
1 0 0 0 0 0 0 1 -300 
1 0 1 0 0 -1 0 0 -2 
1 1 -1 0 0 0 0 0 1 
1 0 0 0 0 1 0 0 -1 

--- Dep 10 from S1 to S1; satisfied: 0, sat level: -1; Type: WAR
on variable: A
Dependence polyhedron
12 10
0 0 0 -1 0 0 1 0 0 -1 
0 0 -1 0 0 1 0 0 0 0 
1 0 0 0 0 0 0 1 0 -400 
1 -1 0 0 1 0 0 0 0 0 
1 0 0 -1 0 0 0 0 1 -3 
1 0 0 0 0 0 0 0 1 -300 
1 0 0 1 0 0 0 0 0 0 
1 1 0 -1 0 0 0 0 0 -1 
1 0 -1 0 0 0 0 0 1 -2 
1 0 0 0 -1 0 0 1 0 -1 
1 0 1 0 0 0 0 0 0 0 
1 0 0 -1 1 0 0 0 0 -2 

--- Dep 11 from S1 to S3; satisfied: 0, sat level: -1; Type: WAR
on variable: A
Dependence polyhedron
12 9
0 -1 0 0 0 1 0 0 -1 
0 -1 1 0 0 0 0 0 -1 
1 1 0 0 0 0 0 0 -1 
1 -1 0 0 0 0 1 0 -1 
1 0 0 0 0 0 1 0 -400 
1 -1 0 0 0 0 0 1 -3 
1 0 0 0 0 0 0 1 -300 
1 0 0 0 -1 0 0 1 -2 
1 0 0 1 0 0 0 0 0 
1 1 0 -1 0 0 0 0 -1 
1 0 0 -1 0 0 0 1 -2 
1 0 0 0 1 0 0 0 0 

--- Dep 12 from S1 to S2; satisfied: 0, sat level: -1; Type: WAR
on variable: A
Dependence polyhedron
11 9
0 0 -1 0 1 0 0 0 1 
0 0 -1 1 0 0 0 0 1 
1 1 0 0 0 0 0 0 -1 
1 -1 0 0 0 0 1 0 -1 
1 0 0 0 0 0 1 0 -400 
1 0 1 0 0 0 0 0 -3 
1 0 -1 0 0 0 0 1 -2 
1 0 0 0 0 0 0 1 -300 
1 0 1 0 0 -1 0 0 -2 
1 1 -1 0 0 0 0 0 0 
1 0 0 0 0 1 0 0 -1 

--- Dep 13 from S1 to S1; satisfied: 0, sat level: -1; Type: WAR
on variable: A
Dependence polyhedron
12 10
0 0 -1 0 0 0 1 0 0 -1 
0 -1 0 0 0 1 0 0 0 0 
1 0 0 0 -1 0 0 1 0 -1 
1 0 -1 0 1 0 0 0 0 -2 
1 0 0 0 0 0 0 1 0 -400 
1 0 1 0 0 0 0 0 0 0 
1 0 -1 0 0 0 0 0 1 -3 
1 0 0 0 0 0 0 0 1 -300 
1 0 0 1 0 0 0 0 0 0 
1 1 0 -1 0 0 0 0 0 -1 
1 -1 0 0 0 0 0 0 1 -2 
1 -1 0 0 1 0 0 0 0 0 

--- Dep 14 from S1 to S3; satisfied: 0, sat level: -1; Type: WAR
on variable: A
Dependence polyhedron
11 9
0 0 -1 0 0 1 0 0 -1 
0 0 -1 1 0 0 0 0 -1 
1 1 0 0 0 0 0 0 -1 
1 -1 0 0 0 0 1 0 -1 
1 0 0 0 0 0 1 0 -400 
1 0 1 0 0 0 0 0 0 
1 0 -1 0 0 0 0 1 -3 
1 0 0 0 0 0 0 1 -300 
1 0 0 0 -1 0 0 1 -2 
1 1 -1 0 0 0 0 0 -2 
1 0 0 0 1 0 0 0 0 

--- Dep 15 from S1 to S2; satisfied: 0, sat level: -1; Type: WAR
on variable: A
Dependence polyhedron
12 9
0 -1 0 0 1 0 0 0 1 
0 -1 1 0 0 0 0 0 2 
1 1 0 0 0 0 0 0 -3 
1 -1 0 0 0 0 1 0 -1 
1 0 0 0 0 0 1 0 -400 
1 1 0 0 0 -1 0 0 -2 
1 -1 0 0 0 0 0 1 -1 
1 0 0 0 0 0 0 1 -300 
1 0 0 1 0 0 0 0 0 
1 1 0 -1 0 0 0 0 -1 
1 0 0 -1 0 0 0 1 -2 
1 0 0 0 0 1 0 0 -1 

--- Dep 16 from S1 to S1; satisfied: 0, sat level: -1; Type: WAR
on variable: A
Dependence polyhedron
15 10
0 0 0 -1 0 0 1 0 0 0 
0 0 -1 0 0 1 0 0 0 0 
1 1 0 0 0 0 0 0 0 -1 
1 -1 0 0 0 0 0 1 0 -1 
1 0 0 0 0 0 0 1 0 -400 
1 0 1 0 0 0 0 0 0 0 
1 0 -1 0 0 0 0 0 1 -2 
1 0 0 0 0 0 0 0 1 -300 
1 0 0 1 0 0 0 0 0 0 
1 1 0 -1 0 0 0 0 0 -1 
1 0 0 -1 0 0 0 0 1 -2 
1 0 0 0 1 0 0 0 0 -1 
1 0 0 0 -1 0 0 1 0 -1 
1 0 0 -1 1 0 0 0 0 -1 
1 -1 0 0 1 0 0 0 0 -1 

--- Dep 17 from S1 to S3; satisfied: 0, sat level: -1; Type: WAR
on variable: A
Dependence polyhedron
11 9
0 0 -1 0 0 1 0 0 -1 
0 0 -1 1 0 0 0 0 -2 
1 1 0 0 0 0 0 0 -1 
1 -1 0 0 0 0 1 0 -1 
1 0 0 0 0 0 1 0 -400 
1 0 1 0 0 0 0 0 0 
1 0 -1 0 0 0 0 1 -4 
1 0 0 0 0 0 0 1 -300 
1 0 0 0 -1 0 0 1 -2 
1 1 -1 0 0 0 0 0 -3 
1 0 0 0 1 0 0 0 0 

--- Dep 18 from S2 to S2; satisfied: 0, sat level: -1; Type: WAW
on variable: A
Dependence polyhedron
10 8
0 -1 0 1 0 0 0 0 
1 1 0 0 0 0 0 -2 
1 -1 0 0 0 0 1 -2 
1 0 0 0 0 0 1 -300 
1 0 1 0 0 0 0 -1 
1 1 -1 0 0 0 0 -1 
1 0 0 0 0 1 0 -400 
1 1 0 0 -1 0 0 -1 
1 0 0 0 1 0 0 -1 
1 0 -1 0 1 0 0 -1 

--- Dep 19 from S1 to S1; satisfied: 0, sat level: -1; Type: WAW
on variable: A
Dependence polyhedron
15 10
0 0 0 -1 0 0 1 0 0 0 
0 0 -1 0 0 1 0 0 0 0 
1 1 0 0 0 0 0 0 0 -1 
1 -1 0 0 0 0 0 1 0 -1 
1 0 0 0 0 0 0 1 0 -400 
1 0 1 0 0 0 0 0 0 0 
1 0 -1 0 0 0 0 0 1 -2 
1 0 0 0 0 0 0 0 1 -300 
1 0 0 1 0 0 0 0 0 0 
1 1 0 -1 0 0 0 0 0 -1 
1 0 0 -1 0 0 0 0 1 -2 
1 0 0 0 1 0 0 0 0 -1 
1 0 0 0 -1 0 0 1 0 -1 
1 0 0 -1 1 0 0 0 0 -1 
1 -1 0 0 1 0 0 0 0 -1 

--- Dep 20 from S1 to S3; satisfied: 0, sat level: -1; Type: WAW
on variable: A
Dependence polyhedron
11 9
0 0 -1 0 0 1 0 0 -1 
0 0 -1 1 0 0 0 0 -2 
1 1 0 0 0 0 0 0 -1 
1 -1 0 0 0 0 1 0 -1 
1 0 0 0 0 0 1 0 -400 
1 0 1 0 0 0 0 0 0 
1 0 -1 0 0 0 0 1 -4 
1 0 0 0 0 0 0 1 -300 
1 0 0 0 -1 0 0 1 -2 
1 1 -1 0 0 0 0 0 -3 
1 0 0 0 1 0 0 0 0 

--- Dep 21 from S3 to S3; satisfied: 0, sat level: -1; Type: WAW
on variable: A
Dependence polyhedron
10 8
0 0 -1 0 1 0 0 0 
1 1 0 0 0 0 0 0 
1 -1 0 0 0 0 1 -2 
1 0 0 0 0 0 1 -300 
1 0 1 0 0 0 0 -1 
1 0 -1 0 0 0 1 -2 
1 0 0 0 0 1 0 -400 
1 0 0 1 0 0 0 0 
1 0 0 -1 0 0 1 -2 
1 -1 0 1 0 0 0 -1 

--- Dep 22 from S1 to S2; satisfied: 0, sat level: -1; Type: WAW
on variable: A
Dependence polyhedron
11 9
0 0 -1 0 1 0 0 0 1 
0 0 -1 1 0 0 0 0 1 
1 1 0 0 0 0 0 0 -1 
1 -1 0 0 0 0 1 0 -1 
1 0 0 0 0 0 1 0 -400 
1 0 1 0 0 0 0 0 -3 
1 0 -1 0 0 0 0 1 -2 
1 0 0 0 0 0 0 1 -300 
1 0 1 0 0 -1 0 0 -2 
1 1 -1 0 0 0 0 0 0 
1 0 0 0 0 1 0 0 -1 


[zyj-debug] After affine transformations
T(S1): (0, i, zT3+zT4, zT4, j+k, i+j)
loop types (scalar, loop, loop, loop, loop, loop)

T(S2): (1, zT2+zT3, zT3, l, m, 0)
loop types (scalar, loop, loop, loop, loop, scalar)

T(S3): (1, zT2+zT3, zT3, n, l, 0)
loop types (scalar, loop, loop, loop, loop, scalar)

t1 --> fwd_dep  scalar (band 0)no-ujam
t2 --> serial   loop   (band 0)no-ujam
t3 --> fwd_dep  loop   (band 1)no-ujam
t4 --> fwd_dep  loop   (band 1)no-ujam
t5 --> fwd_dep  loop   (band 1)no-ujam
t6 --> parallel loop   (band 1)no-ujam

