[zyj-debug] Before affine transformations
nvar = 1, npar = 1
Parameters: PB_N 
S1 "A[i] = 3;"
ndims: 1; orig_depth: 1
iterators: i
Index set
3 4
1 1 0 0 
1 -1 1 -1 
1 0 1 -1 
T(S1): (0, i, 0)
loop types (loop, loop, loop)

No Read accesses
Write accesses
A[i]
Original loop: 0 -> yes

S2 "A[i] = A[i] - B[i+1] - B[i] - 6;"
ndims: 1; orig_depth: 1
iterators: i
Index set
3 4
1 1 0 0 
1 -1 1 -1 
1 0 1 -1 
T(S2): (0, i, 1)
loop types (loop, loop, loop)

Read accesses
A[i]
B[i+1]
B[i]
Write accesses
A[i]
Original loop: 0 -> yes

S3 "A[j+1] = 6;"
ndims: 1; orig_depth: 1
iterators: j
Index set
3 4
1 1 0 1 
1 -1 1 -2 
1 0 1 -1 
T(S3): (1, j, 0)
loop types (loop, loop, loop)

No Read accesses
Write accesses
A[j+1]
Original loop: 0 -> yes

--- Dep 1 from S1 to S2; satisfied: 0, sat level: -1; Type: RAW
on variable: A
Dependence polyhedron
4 5
0 -1 1 0 0 
1 1 0 0 0 
1 -1 0 1 -1 
1 0 0 1 -40000000 

--- Dep 2 from S2 to S3; satisfied: 0, sat level: -1; Type: WAR
on variable: A
Dependence polyhedron
4 5
0 -1 1 0 1 
1 1 0 0 0 
1 -1 0 1 -1 
1 0 0 1 -40000000 

--- Dep 3 from S1 to S3; satisfied: 0, sat level: -1; Type: WAW
on variable: A
Dependence polyhedron
4 5
0 -1 1 0 1 
1 1 0 0 0 
1 -1 0 1 -1 
1 0 0 1 -40000000 

--- Dep 4 from S2 to S3; satisfied: 0, sat level: -1; Type: WAW
on variable: A
Dependence polyhedron
4 5
0 -1 1 0 1 
1 1 0 0 0 
1 -1 0 1 -1 
1 0 0 1 -40000000 

--- Dep 5 from S1 to S2; satisfied: 0, sat level: -1; Type: WAW
on variable: A
Dependence polyhedron
4 5
0 -1 1 0 0 
1 1 0 0 0 
1 -1 0 1 -1 
1 0 0 1 -40000000 


[zyj-debug] After affine transformations
T(S1): (zT1, i, 0)
loop types (loop, loop, scalar)

T(S2): (zT1, i, 1)
loop types (loop, loop, scalar)

T(S3): (zT1, j+1, 2)
loop types (loop, loop, scalar)

t1 --> parallel loop   (band 0)no-ujam
t2 --> parallel loop   (band 0)no-ujam
t3 --> fwd_dep  scalar (band 0)no-ujam

