[zyj-debug] Before affine transformations
nvar = 3, npar = 2
Parameters: PB_L PB_M 
S1 "A[j+1][k+1] = A[j+1][k+1] - A[j][k+1] * B[k][j-1][i] + 5;"
ndims: 3; orig_depth: 3
iterators: i, j, k
Index set
9 7
1 1 0 0 0 0 0 
1 -1 0 0 1 0 -1 
1 0 0 0 1 0 -1 
1 0 1 0 0 0 -1 
1 0 -1 0 0 1 -2 
1 0 0 0 0 1 -3 
1 0 0 1 0 0 0 
1 0 0 -1 1 0 -2 
1 0 0 0 1 0 -2 
T(S1): (0, i, 0, j, 0, k, 0)
loop types (loop, loop, loop, loop, loop, loop, loop)

Read accesses
A[j+1][k+1]
A[j][k+1]
B[k][j-1][i]
Write accesses
A[j+1][k+1]
Original loop: 0 -> yes
Original loop: 1 -> yes
Original loop: 2 -> yes

S2 "B[l+1][n-1][m-1] = B[m+1][n][m] + B[m][l-1][n] * 2;"
ndims: 3; orig_depth: 3
iterators: l, m, n
Index set
8 7
1 1 0 0 0 0 -1 
1 -1 0 0 0 1 -2 
1 0 0 0 0 1 -3 
1 0 1 0 0 0 -1 
1 0 -1 0 1 0 -1 
1 0 0 0 1 0 -2 
1 0 0 1 0 0 -1 
1 0 0 -1 1 0 -1 
T(S2): (1, l, 0, m, 0, n, 0)
loop types (loop, loop, loop, loop, loop, loop, loop)

Read accesses
B[m+1][n][m]
B[m][l-1][n]
Write accesses
B[l+1][n-1][m-1]
Original loop: 0 -> yes
Original loop: 1 -> yes
Original loop: 2 -> yes

S3 "C[l-1] = C[l-1] * C[l] - C[l-1] + 4;"
ndims: 1; orig_depth: 1
iterators: l
Index set
3 5
1 1 0 0 -1 
1 -1 0 1 -2 
1 0 0 1 -3 
T(S3): (1, l, 1, 0, 0, 0, 0)
loop types (loop, loop, loop, scalar, scalar, scalar, scalar)

Read accesses
C[l-1]
C[l]
C[l-1]
Write accesses
C[l-1]
Original loop: 0 -> yes

--- Dep 1 from S1 to S1; satisfied: 0, sat level: -1; Type: RAW
on variable: A
Dependence polyhedron
11 10
0 0 0 -1 0 0 1 0 0 0 
0 0 -1 0 0 1 0 0 0 -1 
1 1 0 0 0 0 0 0 0 0 
1 0 0 0 -1 0 0 1 0 -1 
1 0 0 0 0 0 0 1 0 -400 
1 0 1 0 0 0 0 0 0 -1 
1 0 -1 0 0 0 0 0 1 -3 
1 0 0 0 0 0 0 0 1 -500 
1 0 0 1 0 0 0 0 0 0 
1 0 0 -1 0 0 0 1 0 -2 
1 -1 0 0 1 0 0 0 0 0 

--- Dep 2 from S2 to S2; satisfied: 0, sat level: -1; Type: RAW
on variable: B
Dependence polyhedron
13 10
0 0 0 -1 0 0 1 0 0 1 
0 -1 0 0 0 1 0 0 0 0 
0 -1 1 0 0 0 0 0 0 -1 
1 1 0 0 0 0 0 0 0 -1 
1 -1 0 0 0 0 0 0 1 -2 
1 0 0 0 0 0 0 0 1 -500 
1 0 0 -1 0 0 0 1 0 -1 
1 -1 0 0 0 0 0 1 0 -2 
1 0 0 0 0 0 0 1 0 -400 
1 0 0 1 0 0 0 0 0 -2 
1 0 0 0 -1 0 0 0 1 -2 
1 0 0 0 1 0 0 0 0 -1 
1 -1 0 0 1 0 0 0 0 -1 

--- Dep 3 from S1 to S1; satisfied: 0, sat level: -1; Type: RAW
on variable: A
Dependence polyhedron
13 10
0 0 0 -1 0 0 1 0 0 0 
0 0 -1 0 0 1 0 0 0 0 
1 1 0 0 0 0 0 0 0 0 
1 -1 0 0 0 0 0 1 0 -1 
1 0 0 0 0 0 0 1 0 -400 
1 0 1 0 0 0 0 0 0 -1 
1 0 -1 0 0 0 0 0 1 -2 
1 0 0 0 0 0 0 0 1 -500 
1 0 0 1 0 0 0 0 0 0 
1 0 0 -1 0 0 0 1 0 -2 
1 0 0 0 1 0 0 0 0 0 
1 0 0 0 -1 0 0 1 0 -1 
1 -1 0 0 1 0 0 0 0 -1 

--- Dep 4 from S2 to S2; satisfied: 0, sat level: -1; Type: RAW
on variable: B
Dependence polyhedron
11 10
0 0 -1 0 0 0 1 0 0 1 
0 -1 0 0 0 1 0 0 0 -1 
0 0 0 -1 1 0 0 0 0 0 
1 1 0 0 0 0 0 0 0 -1 
1 -1 0 1 0 0 0 0 0 -1 
1 0 0 0 0 0 0 0 1 -500 
1 0 1 0 0 0 0 0 0 -2 
1 0 -1 0 0 0 0 1 0 -1 
1 0 0 0 0 0 0 1 0 -400 
1 0 0 -1 0 0 0 0 1 -2 
1 0 0 -1 0 0 0 1 0 -1 

--- Dep 5 from S2 to S2; satisfied: 0, sat level: -1; Type: RAW
on variable: B
Dependence polyhedron
10 10
0 0 -1 0 0 0 1 0 0 1 
0 -1 0 0 0 1 0 0 0 -1 
0 -1 0 0 1 0 0 0 0 0 
0 -1 0 1 0 0 0 0 0 0 
1 1 -1 0 0 0 0 0 0 0 
1 -1 0 0 0 0 0 0 1 -2 
1 0 0 0 0 0 0 0 1 -500 
1 0 1 0 0 0 0 0 0 -2 
1 -1 0 0 0 0 0 1 0 -2 
1 0 0 0 0 0 0 1 0 -400 

--- Dep 6 from S3 to S3; satisfied: 0, sat level: -1; Type: WAR
on variable: C
Dependence polyhedron
5 6
0 -1 1 0 0 -1 
1 1 0 0 0 -1 
1 -1 0 0 1 -3 
1 0 0 0 1 -500 
1 0 0 1 0 -400 

--- Dep 7 from S1 to S2; satisfied: 0, sat level: -1; Type: WAR
on variable: B
Dependence polyhedron
13 10
0 0 -1 0 0 0 1 0 0 0 
0 -1 0 0 0 1 0 0 0 -1 
0 0 0 -1 1 0 0 0 0 1 
1 1 0 0 0 0 0 0 0 0 
1 -1 0 0 0 0 0 1 0 -2 
1 0 0 0 0 0 0 1 0 -400 
1 0 1 0 0 0 0 0 0 -1 
1 0 -1 0 0 0 0 0 1 -2 
1 0 0 0 0 0 0 0 1 -500 
1 0 0 1 0 0 0 0 0 -2 
1 0 0 -1 0 0 0 1 0 -2 
1 0 -1 0 0 0 0 1 0 -1 
1 0 0 -1 0 0 0 0 1 -1 

--- Dep 8 from S1 to S1; satisfied: 0, sat level: -1; Type: WAR
on variable: A
Dependence polyhedron
13 10
0 0 0 -1 0 0 1 0 0 0 
0 0 -1 0 0 1 0 0 0 1 
1 1 0 0 0 0 0 0 0 0 
1 -1 0 0 0 0 0 1 0 -1 
1 0 0 0 0 0 0 1 0 -400 
1 0 1 0 0 0 0 0 0 -2 
1 0 -1 0 0 0 0 0 1 -2 
1 0 0 0 0 0 0 0 1 -500 
1 0 0 1 0 0 0 0 0 0 
1 0 0 -1 0 0 0 1 0 -2 
1 0 0 0 1 0 0 0 0 0 
1 0 0 0 -1 0 0 1 0 -1 
1 -1 0 0 1 0 0 0 0 -1 

--- Dep 9 from S1 to S1; satisfied: 0, sat level: -1; Type: WAR
on variable: A
Dependence polyhedron
13 10
0 0 0 -1 0 0 1 0 0 0 
0 0 -1 0 0 1 0 0 0 0 
1 1 0 0 0 0 0 0 0 0 
1 -1 0 0 0 0 0 1 0 -1 
1 0 0 0 0 0 0 1 0 -400 
1 0 1 0 0 0 0 0 0 -1 
1 0 -1 0 0 0 0 0 1 -2 
1 0 0 0 0 0 0 0 1 -500 
1 0 0 1 0 0 0 0 0 0 
1 0 0 -1 0 0 0 1 0 -2 
1 0 0 0 1 0 0 0 0 0 
1 0 0 0 -1 0 0 1 0 -1 
1 -1 0 0 1 0 0 0 0 -1 

--- Dep 10 from S2 to S2; satisfied: 0, sat level: -1; Type: WAR
on variable: B
Dependence polyhedron
11 10
0 -1 0 0 0 0 1 0 0 0 
0 0 0 -1 0 1 0 0 0 -1 
0 0 -1 0 1 0 0 0 0 1 
1 1 0 0 0 0 0 0 0 -1 
1 -1 1 0 0 0 0 0 0 -2 
1 0 0 0 0 0 0 0 1 -500 
1 0 -1 0 0 0 0 0 1 -1 
1 0 -1 0 0 0 0 1 0 -1 
1 0 0 0 0 0 0 1 0 -400 
1 0 0 1 0 0 0 0 0 -1 
1 0 0 -1 0 0 0 1 0 -2 

--- Dep 11 from S2 to S2; satisfied: 0, sat level: -1; Type: WAR
on variable: B
Dependence polyhedron
10 10
0 -1 0 0 0 0 1 0 0 0 
0 0 0 -1 0 1 0 0 0 -1 
0 -1 0 0 1 0 0 0 0 0 
0 -1 1 0 0 0 0 0 0 -1 
1 1 0 0 0 0 0 0 0 -1 
1 -1 0 0 0 0 0 0 1 -2 
1 0 0 0 0 0 0 0 1 -500 
1 -1 0 1 0 0 0 0 0 -1 
1 0 0 -1 0 0 0 1 0 -2 
1 0 0 0 0 0 0 1 0 -400 

--- Dep 12 from S2 to S2; satisfied: 0, sat level: -1; Type: WAR
on variable: B
Dependence polyhedron
11 10
0 0 0 -1 0 0 1 0 0 -1 
0 0 -1 0 0 1 0 0 0 -1 
0 0 -1 0 1 0 0 0 0 0 
1 1 0 0 0 0 0 0 0 -1 
1 0 -1 0 0 0 0 0 1 -2 
1 0 0 0 0 0 0 0 1 -500 
1 -1 1 0 0 0 0 0 0 0 
1 0 -1 0 0 0 0 1 0 -2 
1 0 0 0 0 0 0 1 0 -400 
1 0 0 1 0 0 0 0 0 -1 
1 0 0 -1 0 0 0 1 0 -2 

--- Dep 13 from S1 to S1; satisfied: 0, sat level: -1; Type: WAW
on variable: A
Dependence polyhedron
13 10
0 0 0 -1 0 0 1 0 0 0 
0 0 -1 0 0 1 0 0 0 0 
1 1 0 0 0 0 0 0 0 0 
1 -1 0 0 0 0 0 1 0 -1 
1 0 0 0 0 0 0 1 0 -400 
1 0 1 0 0 0 0 0 0 -1 
1 0 -1 0 0 0 0 0 1 -2 
1 0 0 0 0 0 0 0 1 -500 
1 0 0 1 0 0 0 0 0 0 
1 0 0 -1 0 0 0 1 0 -2 
1 0 0 0 1 0 0 0 0 0 
1 0 0 0 -1 0 0 1 0 -1 
1 -1 0 0 1 0 0 0 0 -1 


[zyj-debug] After affine transformations
T(S1): (zT3, zT4, k, i, j)
loop types (loop, loop, loop, loop, loop)

T(S2): (zT3, zT4, l+1, 2l+m+n, m)
loop types (loop, loop, loop, loop, loop)

T(S3): (zT1, 0, l, 0, 0)
loop types (loop, scalar, loop, scalar, scalar)

t1 --> fwd_dep  loop   (band 0)no-ujam
t2 --> fwd_dep  loop   (band 0)no-ujam
t3 --> fwd_dep  loop   (band 0)no-ujam
t4 --> fwd_dep  loop   (band 0)no-ujam
t5 --> serial   loop   (band 1)no-ujam

