[zyj-debug] Before affine transformations
nvar = 3, npar = 2
Parameters: PB_M PB_P 
S1 "A[i+1] = A[i+1] + A[i+1] * B[i-1] * B[i] * 2;"
ndims: 1; orig_depth: 1
iterators: i
Index set
3 5
1 1 0 0 -1 
1 -1 1 0 -4 
1 0 1 0 -5 
T(S1): (0, i, 0, 0, 0, 0, 0)
loop types (loop, loop, loop, scalar, scalar, scalar, scalar)

Read accesses
A[i+1]
A[i+1]
B[i-1]
B[i]
Write accesses
A[i+1]
Original loop: 0 -> yes

S2 "C[i][i+1] = C[i][i+1] * C[i][i+3] - D[j+1] + C[i][j] - 4;"
ndims: 2; orig_depth: 2
iterators: i, j
Index set
6 6
1 1 0 0 0 -1 
1 -1 0 1 0 -4 
1 0 0 1 0 -5 
1 0 1 0 0 0 
1 0 -1 1 0 -2 
1 0 0 1 0 -2 
T(S2): (0, i, 1, j, 0, 0, 0)
loop types (loop, loop, loop, loop, loop, scalar, scalar)

Read accesses
C[i][i+1]
C[i][i+3]
D[j+1]
C[i][j]
Write accesses
C[i][i+1]
Original loop: 0 -> yes
Original loop: 1 -> yes

S3 "E[k][m+1][m] = E[k][m+1][m+2] - E[m-1][k][l] - E[k+1][l][m] * 4;"
ndims: 3; orig_depth: 3
iterators: k, l, m
Index set
9 7
1 1 0 0 0 0 0 
1 -1 0 0 1 0 -2 
1 0 0 0 1 0 -2 
1 0 1 0 0 0 0 
1 0 -1 0 0 1 -1 
1 0 0 0 0 1 -1 
1 0 0 1 0 0 -1 
1 0 0 -1 0 1 -2 
1 0 0 0 0 1 -3 
T(S3): (1, k, 0, l, 0, m, 0)
loop types (loop, loop, loop, loop, loop, loop, loop)

Read accesses
E[k][m+1][m+2]
E[m-1][k][l]
E[k+1][l][m]
Write accesses
E[k][m+1][m]
Original loop: 0 -> yes
Original loop: 1 -> yes
Original loop: 2 -> yes

--- Dep 1 from S3 to S3; satisfied: 0, sat level: -1; Type: RAW
on variable: E
Dependence polyhedron
13 10
0 -1 0 0 0 0 1 0 0 -1 
0 0 0 -1 0 1 0 0 0 0 
0 0 0 -1 1 0 0 0 0 -1 
1 1 0 0 0 0 0 0 0 0 
1 -1 0 1 0 0 0 0 0 0 
1 0 0 0 0 0 0 1 0 -300 
1 0 1 0 0 0 0 0 0 0 
1 0 -1 0 0 0 0 0 1 -1 
1 0 0 0 0 0 0 0 1 -300 
1 0 0 1 0 0 0 0 0 -1 
1 0 0 -1 0 0 0 0 1 -2 
1 -1 0 0 0 0 0 0 1 -3 
1 0 0 -1 0 0 0 1 0 -3 

--- Dep 2 from S3 to S3; satisfied: 0, sat level: -1; Type: RAW
on variable: E
Dependence polyhedron
11 10
0 -1 0 0 0 0 1 0 0 -1 
0 -1 0 0 0 1 0 0 0 1 
0 -1 0 0 1 0 0 0 0 0 
0 -1 0 1 0 0 0 0 0 1 
1 1 -1 0 0 0 0 0 0 -1 
1 0 0 0 0 0 0 1 0 -300 
1 0 1 0 0 0 0 0 0 0 
1 0 0 0 0 0 0 0 1 -300 
1 -1 0 0 0 0 0 0 1 -3 
1 1 0 0 0 0 0 0 0 -2 
1 -1 0 0 0 0 0 1 0 -2 

--- Dep 3 from S2 to S2; satisfied: 0, sat level: -1; Type: RAW
on variable: C
Dependence polyhedron
10 8
0 -1 0 1 0 0 0 0 
1 1 0 0 0 0 0 -1 
1 -1 0 0 0 1 0 -4 
1 0 0 0 0 1 0 -300 
1 0 1 0 0 0 0 0 
1 0 -1 0 0 1 0 -2 
1 0 0 0 0 0 1 -300 
1 0 0 0 -1 1 0 -2 
1 0 0 0 1 0 0 0 
1 0 -1 0 1 0 0 -1 

--- Dep 4 from S2 to S2; satisfied: 0, sat level: -1; Type: RAW
on variable: C
Dependence polyhedron
9 8
0 -1 0 0 1 0 0 -1 
0 -1 0 1 0 0 0 0 
1 1 0 0 0 0 0 -1 
1 -1 0 0 0 1 0 -4 
1 0 0 0 0 1 0 -300 
1 0 1 0 0 0 0 0 
1 0 -1 0 0 1 0 -2 
1 0 0 0 0 0 1 -300 
1 1 -1 0 0 0 0 0 

--- Dep 5 from S2 to S2; satisfied: 0, sat level: -1; Type: WAR
on variable: C
Dependence polyhedron
10 8
0 -1 0 1 0 0 0 0 
1 1 0 0 0 0 0 -1 
1 -1 0 0 0 1 0 -4 
1 0 0 0 0 1 0 -300 
1 0 1 0 0 0 0 0 
1 0 -1 0 0 1 0 -2 
1 0 0 0 0 0 1 -300 
1 0 0 0 -1 1 0 -2 
1 0 0 0 1 0 0 0 
1 0 -1 0 1 0 0 -1 

--- Dep 6 from S3 to S3; satisfied: 0, sat level: -1; Type: WAR
on variable: E
Dependence polyhedron
11 10
0 0 -1 0 0 0 1 0 0 1 
0 -1 0 0 1 0 0 0 0 -1 
0 0 -1 1 0 0 0 0 0 1 
1 1 0 0 0 0 0 0 0 0 
1 -1 0 0 0 0 0 1 0 -3 
1 0 0 0 0 0 0 1 0 -300 
1 0 1 0 0 0 0 0 0 -2 
1 0 -1 0 0 0 0 0 1 -1 
1 0 0 0 0 0 0 0 1 -300 
1 0 0 0 0 -1 0 0 1 -1 
1 0 0 0 0 1 0 0 0 0 

--- Dep 7 from S2 to S2; satisfied: 0, sat level: -1; Type: WAR
on variable: C
Dependence polyhedron
9 8
0 -1 0 1 0 0 0 0 
0 -1 1 0 0 0 0 -1 
1 1 0 0 0 0 0 -1 
1 -1 0 0 0 1 0 -4 
1 0 0 0 0 1 0 -300 
1 0 0 0 0 0 1 -300 
1 0 0 0 -1 1 0 -2 
1 0 0 0 1 0 0 0 
1 -1 0 0 1 0 0 -2 

--- Dep 8 from S3 to S3; satisfied: 0, sat level: -1; Type: WAR
on variable: E
Dependence polyhedron
11 10
0 -1 0 0 0 0 1 0 0 1 
0 0 0 -1 1 0 0 0 0 1 
0 -1 1 0 0 0 0 0 0 1 
1 1 0 0 0 0 0 0 0 -2 
1 0 0 0 0 1 0 0 0 0 
1 0 0 0 0 0 0 1 0 -300 
1 0 0 -1 0 0 0 1 0 -1 
1 0 0 0 0 0 0 0 1 -300 
1 0 0 0 0 -1 0 0 1 -1 
1 -1 0 1 0 0 0 0 0 -2 
1 0 0 -1 0 0 0 0 1 -2 

--- Dep 9 from S3 to S3; satisfied: 0, sat level: -1; Type: WAR
on variable: E
Dependence polyhedron
11 10
0 -1 0 0 0 0 1 0 0 1 
0 -1 0 0 1 0 0 0 0 0 
0 -1 0 1 0 0 0 0 0 -1 
0 -1 1 0 0 0 0 0 0 1 
1 1 0 0 0 0 0 0 0 -2 
1 -1 0 0 0 0 0 1 0 -2 
1 0 0 0 0 0 0 1 0 -300 
1 -1 0 0 0 0 0 0 1 -3 
1 0 0 0 0 0 0 0 1 -300 
1 0 0 0 0 -1 0 0 1 -1 
1 -1 0 0 0 1 0 0 0 0 

--- Dep 10 from S2 to S2; satisfied: 0, sat level: -1; Type: WAW
on variable: C
Dependence polyhedron
10 8
0 -1 0 1 0 0 0 0 
1 1 0 0 0 0 0 -1 
1 -1 0 0 0 1 0 -4 
1 0 0 0 0 1 0 -300 
1 0 1 0 0 0 0 0 
1 0 -1 0 0 1 0 -2 
1 0 0 0 0 0 1 -300 
1 0 0 0 -1 1 0 -2 
1 0 0 0 1 0 0 0 
1 0 -1 0 1 0 0 -1 

--- Dep 11 from S3 to S3; satisfied: 0, sat level: -1; Type: WAW
on variable: E
Dependence polyhedron
13 10
0 0 0 -1 0 0 1 0 0 0 
0 -1 0 0 1 0 0 0 0 0 
1 1 0 0 0 0 0 0 0 0 
1 -1 0 0 0 0 0 1 0 -2 
1 0 0 0 0 0 0 1 0 -300 
1 0 1 0 0 0 0 0 0 0 
1 0 -1 0 0 0 0 0 1 -1 
1 0 0 0 0 0 0 0 1 -300 
1 0 0 1 0 0 0 0 0 -1 
1 0 0 -1 0 0 0 0 1 -2 
1 0 0 0 0 -1 0 0 1 -1 
1 0 0 0 0 1 0 0 0 0 
1 0 -1 0 0 1 0 0 0 -1 


[zyj-debug] After affine transformations
T(S1): (i, 0, 0, 0, 0)
loop types (loop, scalar, scalar, scalar, scalar)

T(S2): (i, zT2, 0, j, 0)
loop types (loop, loop, scalar, loop, scalar)

T(S3): (k, zT3, zT4, l, 2l+m)
loop types (loop, loop, loop, loop, loop)

t1 --> serial   loop   (band 0)no-ujam
t2 --> fwd_dep  loop   (band 1)no-ujam
t3 --> fwd_dep  loop   (band 1)no-ujam
t4 --> fwd_dep  loop   (band 1)no-ujam
t5 --> fwd_dep  loop   (band 1)no-ujam

