[zyj-debug] Before affine transformations
nvar = 3, npar = 2
Parameters: PB_L PB_P 
S1 "A[i] = A[i+2] + A[i] * A[i] * B[i] * 5;"
ndims: 1; orig_depth: 1
iterators: i
Index set
3 5
1 1 0 0 -1 
1 -1 1 0 -3 
1 0 1 0 -4 
T(S1): (0, i, 0, 0, 0, 0, 0)
loop types (loop, loop, loop, scalar, scalar, scalar, scalar)

Read accesses
A[i+2]
A[i]
A[i]
B[i]
Write accesses
A[i]
Original loop: 0 -> yes

S2 "C[i-1][i][k] = C[i][i][k] + C[i-1][i][k] - C[j-1][i][k] - D[i][j][k+1] + 5;"
ndims: 3; orig_depth: 3
iterators: i, j, k
Index set
9 7
1 1 0 0 0 0 -1 
1 -1 0 0 1 0 -3 
1 0 0 0 1 0 -4 
1 0 1 0 0 0 -1 
1 0 -1 0 1 0 -1 
1 0 0 0 1 0 -2 
1 0 0 1 0 0 0 
1 0 0 -1 0 1 -2 
1 0 0 0 0 1 -2 
T(S2): (0, i, 1, j, 0, k, 0)
loop types (loop, loop, loop, loop, loop, loop, loop)

Read accesses
C[i][i][k]
C[i-1][i][k]
C[j-1][i][k]
D[i][j][k+1]
Write accesses
C[i-1][i][k]
Original loop: 0 -> yes
Original loop: 1 -> yes
Original loop: 2 -> yes

S3 "B[l] = B[l] + B[l] * 6;"
ndims: 1; orig_depth: 1
iterators: l
Index set
3 5
1 1 0 0 0 
1 -1 1 0 -1 
1 0 1 0 -1 
T(S3): (1, l, 0, 0, 0, 0, 0)
loop types (loop, loop, loop, scalar, scalar, scalar, scalar)

Read accesses
B[l]
B[l]
Write accesses
B[l]
Original loop: 0 -> yes

--- Dep 1 from S2 to S2; satisfied: 0, sat level: -1; Type: RAW
on variable: C
Dependence polyhedron
13 10
0 0 0 -1 0 0 1 0 0 0 
0 -1 0 0 1 0 0 0 0 0 
1 1 0 0 0 0 0 0 0 -1 
1 -1 0 0 0 0 0 1 0 -3 
1 0 0 0 0 0 0 1 0 -300 
1 0 1 0 0 0 0 0 0 -1 
1 0 -1 0 0 0 0 1 0 -1 
1 0 0 0 0 0 0 0 1 -300 
1 0 0 1 0 0 0 0 0 0 
1 0 0 -1 0 0 0 0 1 -2 
1 0 0 0 0 -1 0 1 0 -1 
1 0 0 0 0 1 0 0 0 -1 
1 0 -1 0 0 1 0 0 0 -1 

--- Dep 2 from S2 to S2; satisfied: 0, sat level: -1; Type: RAW
on variable: C
Dependence polyhedron
12 10
0 0 0 -1 0 0 1 0 0 0 
0 -1 0 0 0 1 0 0 0 0 
0 -1 0 0 1 0 0 0 0 0 
1 1 0 0 0 0 0 0 0 -1 
1 -1 0 0 0 0 0 1 0 -3 
1 0 0 0 0 0 0 1 0 -300 
1 0 1 0 0 0 0 0 0 -1 
1 0 -1 0 0 0 0 1 0 -1 
1 0 0 0 0 0 0 0 1 -300 
1 0 0 1 0 0 0 0 0 0 
1 0 0 -1 0 0 0 0 1 -2 
1 1 -1 0 0 0 0 0 0 -1 

--- Dep 3 from S1 to S1; satisfied: 0, sat level: -1; Type: WAR
on variable: A
Dependence polyhedron
5 6
0 -1 1 0 0 -2 
1 1 0 0 0 -1 
1 -1 0 1 0 -5 
1 0 0 1 0 -300 
1 0 0 0 1 -300 

--- Dep 4 from S2 to S2; satisfied: 0, sat level: -1; Type: WAR
on variable: C
Dependence polyhedron
13 10
0 0 0 -1 0 0 1 0 0 0 
0 -1 0 0 1 0 0 0 0 0 
1 1 0 0 0 0 0 0 0 -1 
1 -1 0 0 0 0 0 1 0 -3 
1 0 0 0 0 0 0 1 0 -300 
1 0 1 0 0 0 0 0 0 -1 
1 0 -1 0 0 0 0 1 0 -1 
1 0 0 0 0 0 0 0 1 -300 
1 0 0 1 0 0 0 0 0 0 
1 0 0 -1 0 0 0 0 1 -2 
1 0 0 0 0 -1 0 1 0 -1 
1 0 0 0 0 1 0 0 0 -1 
1 0 -1 0 0 1 0 0 0 -1 

--- Dep 5 from S1 to S3; satisfied: 0, sat level: -1; Type: WAR
on variable: B
Dependence polyhedron
5 6
0 -1 1 0 0 0 
1 1 0 0 0 -1 
1 -1 0 1 0 -3 
1 0 0 1 0 -300 
1 0 0 0 1 -300 

--- Dep 6 from S2 to S2; satisfied: 0, sat level: -1; Type: WAR
on variable: C
Dependence polyhedron
12 10
0 0 0 -1 0 0 1 0 0 0 
0 -1 0 0 1 0 0 0 0 0 
0 -1 1 0 0 0 0 0 0 0 
1 1 0 0 0 0 0 0 0 -1 
1 -1 0 0 0 0 0 1 0 -3 
1 0 0 0 0 0 0 1 0 -300 
1 0 0 -1 0 0 0 0 1 -2 
1 0 0 1 0 0 0 0 0 0 
1 0 0 0 0 0 0 0 1 -300 
1 0 0 0 0 -1 0 1 0 -1 
1 0 0 0 0 1 0 0 0 -1 
1 -1 0 0 0 1 0 0 0 -1 

--- Dep 7 from S2 to S2; satisfied: 0, sat level: -1; Type: WAW
on variable: C
Dependence polyhedron
13 10
0 0 0 -1 0 0 1 0 0 0 
0 -1 0 0 1 0 0 0 0 0 
1 1 0 0 0 0 0 0 0 -1 
1 -1 0 0 0 0 0 1 0 -3 
1 0 0 0 0 0 0 1 0 -300 
1 0 1 0 0 0 0 0 0 -1 
1 0 -1 0 0 0 0 1 0 -1 
1 0 0 0 0 0 0 0 1 -300 
1 0 0 1 0 0 0 0 0 0 
1 0 0 -1 0 0 0 0 1 -2 
1 0 0 0 0 -1 0 1 0 -1 
1 0 0 0 0 1 0 0 0 -1 
1 0 -1 0 0 1 0 0 0 -1 


[zyj-debug] After affine transformations
T(S1): (zT1, 0, 0, i, 0, 0, 1)
loop types (loop, scalar, scalar, loop, scalar, scalar, scalar)

T(S2): (zT3, zT4, zT5, i, j, k, 0)
loop types (loop, loop, loop, loop, loop, loop, scalar)

T(S3): (zT1, 0, 0, l, 0, 0, 2)
loop types (loop, scalar, scalar, loop, scalar, scalar, scalar)

t1 --> fwd_dep  loop   (band 0)no-ujam
t2 --> parallel loop   (band 0)no-ujam
t3 --> fwd_dep  loop   (band 0)no-ujam
t4 --> fwd_dep  loop   (band 0)no-ujam
t5 --> fwd_dep  loop   (band 0)no-ujam
t6 --> parallel loop   (band 0)no-ujam
t7 --> fwd_dep  scalar (band 0)no-ujam

Warning: parallel poly loop not found in AST
