[zyj-debug] Before affine transformations
nvar = 3, npar = 2
Parameters: PB_L PB_P 
S1 "A[i+1][j] = A[i][j] + A[i+1][j] - B[j][i-1] + 1;"
ndims: 2; orig_depth: 2
iterators: i, j
Index set
5 6
1 1 0 0 0 -1 
1 -1 0 1 0 -1 
1 0 0 1 0 -2 
1 0 1 0 0 0 
1 1 -1 0 0 -1 
T(S1): (0, i, 0, j, 0, 0, 0)
loop types (loop, loop, loop, loop, loop, scalar, scalar)

Read accesses
A[i][j]
A[i+1][j]
B[j][i-1]
Write accesses
A[i+1][j]
Original loop: 0 -> yes
Original loop: 1 -> yes

S2 "C[j] = A[i+1][j] - C[j+2] - D[j+1][i] * E[i+1] - 3;"
ndims: 2; orig_depth: 2
iterators: i, j
Index set
5 6
1 1 0 0 0 -1 
1 -1 0 1 0 -1 
1 0 0 1 0 -2 
1 0 1 0 0 0 
1 1 -1 0 0 -1 
T(S2): (0, i, 0, j, 1, 0, 0)
loop types (loop, loop, loop, loop, loop, scalar, scalar)

Read accesses
A[i+1][j]
C[j+2]
D[j+1][i]
E[i+1]
Write accesses
C[j]
Original loop: 0 -> yes
Original loop: 1 -> yes

S3 "F[m][l-1][k+1] = F[m][l-1][k-1] + F[m-1][l-1][k+1] - 4;"
ndims: 3; orig_depth: 3
iterators: k, l, m
Index set
9 7
1 1 0 0 0 0 -1 
1 -1 0 0 0 1 -2 
1 0 0 0 0 1 -3 
1 0 1 0 0 0 -1 
1 0 -1 0 1 0 0 
1 0 0 0 1 0 -1 
1 0 0 1 0 0 -1 
1 0 1 -1 0 0 -1 
1 0 1 0 0 0 -2 
T(S3): (1, k, 0, l, 0, m, 0)
loop types (loop, loop, loop, loop, loop, loop, loop)

Read accesses
F[m][l-1][k-1]
F[m-1][l-1][k+1]
Write accesses
F[m][l-1][k+1]
Original loop: 0 -> yes
Original loop: 1 -> yes
Original loop: 2 -> yes

--- Dep 1 from S3 to S3; satisfied: 0, sat level: -1; Type: RAW
on variable: F
Dependence polyhedron
11 10
0 0 0 -1 0 0 1 0 0 -1 
0 0 -1 0 0 1 0 0 0 0 
0 -1 0 0 1 0 0 0 0 0 
1 1 0 0 0 0 0 0 0 -1 
1 -1 0 0 0 0 0 0 1 -2 
1 0 0 0 0 0 0 0 1 -500 
1 0 1 0 0 0 0 0 0 -2 
1 0 -1 0 0 0 0 1 0 0 
1 0 0 0 0 0 0 1 0 -300 
1 0 0 1 0 0 0 0 0 -1 
1 0 1 -1 0 0 0 0 0 -2 

--- Dep 2 from S2 to S2; satisfied: 0, sat level: -1; Type: RAW
on variable: C
Dependence polyhedron
11 8
0 0 -1 0 1 0 0 2 
1 1 0 0 0 0 0 -1 
1 -1 0 0 0 1 0 -1 
1 0 0 0 0 1 0 -300 
1 0 1 0 0 0 0 -2 
1 1 -1 0 0 0 0 -1 
1 0 0 0 0 0 1 -500 
1 0 0 1 0 0 0 -1 
1 0 0 -1 0 1 0 -1 
1 0 -1 1 0 0 0 1 
1 -1 0 1 0 0 0 -1 

--- Dep 3 from S1 to S1; satisfied: 0, sat level: -1; Type: RAW
on variable: A
Dependence polyhedron
8 8
0 0 -1 0 1 0 0 0 
0 -1 0 1 0 0 0 -1 
1 1 0 0 0 0 0 -1 
1 -1 0 0 0 1 0 -2 
1 0 0 0 0 1 0 -300 
1 0 1 0 0 0 0 0 
1 1 -1 0 0 0 0 -1 
1 0 0 0 0 0 1 -500 

--- Dep 4 from S1 to S2; satisfied: 0, sat level: -1; Type: RAW
on variable: A
Dependence polyhedron
8 8
0 0 -1 0 1 0 0 0 
0 -1 0 1 0 0 0 0 
1 1 0 0 0 0 0 -1 
1 -1 0 0 0 1 0 -1 
1 0 0 0 0 1 0 -300 
1 0 1 0 0 0 0 0 
1 1 -1 0 0 0 0 -1 
1 0 0 0 0 0 1 -500 

--- Dep 5 from S3 to S3; satisfied: 0, sat level: -1; Type: RAW
on variable: F
Dependence polyhedron
11 10
0 0 0 -1 0 0 1 0 0 0 
0 0 -1 0 0 1 0 0 0 0 
0 -1 0 0 1 0 0 0 0 -2 
1 1 0 0 0 0 0 0 0 -1 
1 -1 0 0 0 0 0 0 1 -4 
1 0 0 0 0 0 0 0 1 -500 
1 0 1 0 0 0 0 0 0 -2 
1 0 -1 0 0 0 0 1 0 0 
1 0 0 0 0 0 0 1 0 -300 
1 0 0 1 0 0 0 0 0 -1 
1 0 1 -1 0 0 0 0 0 -1 

--- Dep 6 from S2 to S2; satisfied: 0, sat level: -1; Type: WAR
on variable: C
Dependence polyhedron
8 8
0 0 -1 0 1 0 0 -2 
1 0 0 -1 0 1 0 -1 
1 0 -1 1 0 0 0 -3 
1 0 0 0 0 1 0 -300 
1 0 1 0 0 0 0 0 
1 1 -1 0 0 0 0 -1 
1 0 0 0 0 0 1 -500 
1 -1 0 1 0 0 0 0 

--- Dep 7 from S2 to S2; satisfied: 0, sat level: -1; Type: WAW
on variable: C
Dependence polyhedron
11 8
0 0 -1 0 1 0 0 0 
1 1 0 0 0 0 0 -1 
1 -1 0 0 0 1 0 -1 
1 0 0 0 0 1 0 -300 
1 0 1 0 0 0 0 0 
1 1 -1 0 0 0 0 -1 
1 0 0 0 0 0 1 -500 
1 0 0 1 0 0 0 -1 
1 0 0 -1 0 1 0 -1 
1 0 -1 1 0 0 0 -1 
1 -1 0 1 0 0 0 -1 


[zyj-debug] After affine transformations
T(S1): (zT2+zT3, zT3, 0, i, j, 0)
loop types (loop, loop, scalar, loop, loop, scalar)

T(S2): (zT2+zT3, zT3, 0, i, 2i+j, 0)
loop types (loop, loop, scalar, loop, loop, scalar)

T(S3): (zT3+zT4, zT4, zT5, k, l, m)
loop types (loop, loop, loop, loop, loop, loop)

t1 --> fwd_dep  loop   (band 0)no-ujam
t2 --> fwd_dep  loop   (band 0)no-ujam
t3 --> fwd_dep  loop   (band 0)no-ujam
t4 --> fwd_dep  loop   (band 0)no-ujam
t5 --> fwd_dep  loop   (band 0)no-ujam
t6 --> fwd_dep  loop   (band 0)no-ujam

