[zyj-debug] Before affine transformations
nvar = 3, npar = 3
Parameters: PB_M PB_P PB_L 
S1 "A[i-1] = B[i] * B[i+1] - 1;"
ndims: 1; orig_depth: 1
iterators: i
Index set
3 6
1 1 0 0 0 -1 
1 -1 1 0 0 -2 
1 0 1 0 0 -3 
T(S1): (0, i, 0, 0, 0, 0, 0)
loop types (loop, loop, loop, scalar, scalar, scalar, scalar)

Read accesses
B[i]
B[i+1]
Write accesses
A[i-1]
Original loop: 0 -> yes

S2 "A[j] = A[j] + A[j] - B[j] * 6;"
ndims: 1; orig_depth: 1
iterators: j
Index set
3 6
1 1 0 0 0 0 
1 -1 0 1 0 -1 
1 0 0 1 0 -1 
T(S2): (1, j, 0, 0, 0, 0, 0)
loop types (loop, loop, loop, scalar, scalar, scalar, scalar)

Read accesses
A[j]
A[j]
B[j]
Write accesses
A[j]
Original loop: 0 -> yes

S3 "C[l+1][k-1][j] = C[l+1][k-1][j] + D[j][l][k] * E[j][l] - 4;"
ndims: 3; orig_depth: 3
iterators: j, k, l
Index set
10 8
1 1 0 0 0 0 0 0 
1 -1 0 0 0 1 0 -1 
1 0 0 0 0 1 0 -1 
1 0 1 0 0 0 0 -1 
1 0 -1 0 0 1 0 -1 
1 0 0 0 0 1 0 -2 
1 0 0 1 0 0 0 0 
1 0 1 -1 0 0 0 -1 
1 0 0 -1 0 0 1 -1 
1 0 0 0 0 0 1 -1 
T(S3): (1, j, 1, k, 0, l, 0)
loop types (loop, loop, loop, loop, loop, loop, loop)

Read accesses
C[l+1][k-1][j]
D[j][l][k]
E[j][l]
Write accesses
C[l+1][k-1][j]
Original loop: 0 -> yes
Original loop: 1 -> yes
Original loop: 2 -> yes

--- Dep 1 from S1 to S2; satisfied: 0, sat level: -1; Type: RAW
on variable: A
Dependence polyhedron
7 7
0 -1 1 0 0 0 1 
1 1 0 0 0 0 -1 
1 -1 0 1 0 0 -2 
1 0 0 1 0 0 -400 
1 0 0 0 1 0 -400 
1 0 0 0 0 1 -300 
1 -1 0 0 1 0 0 

--- Dep 2 from S1 to S2; satisfied: 0, sat level: -1; Type: RAW
on variable: A
Dependence polyhedron
7 7
0 -1 1 0 0 0 1 
1 1 0 0 0 0 -1 
1 -1 0 1 0 0 -2 
1 0 0 1 0 0 -400 
1 0 0 0 1 0 -400 
1 0 0 0 0 1 -300 
1 -1 0 0 1 0 0 

--- Dep 3 from S1 to S2; satisfied: 0, sat level: -1; Type: WAW
on variable: A
Dependence polyhedron
7 7
0 -1 1 0 0 0 1 
1 1 0 0 0 0 -1 
1 -1 0 1 0 0 -2 
1 0 0 1 0 0 -400 
1 0 0 0 1 0 -400 
1 0 0 0 0 1 -300 
1 -1 0 0 1 0 0 


[zyj-debug] After affine transformations
T(S1): (zT1, 0, 0, i, 0, 0, 1)
loop types (loop, scalar, scalar, loop, scalar, scalar, scalar)

T(S2): (zT1, 0, 0, j+1, 0, 0, 2)
loop types (loop, scalar, scalar, loop, scalar, scalar, scalar)

T(S3): (zT3, zT4, zT5, j, k, l, 0)
loop types (loop, loop, loop, loop, loop, loop, scalar)

t1 --> parallel loop   (band 0)no-ujam
t2 --> parallel loop   (band 0)no-ujam
t3 --> parallel loop   (band 0)no-ujam
t4 --> parallel loop   (band 0)no-ujam
t5 --> parallel loop   (band 0)no-ujam
t6 --> parallel loop   (band 0)no-ujam
t7 --> fwd_dep  scalar (band 0)no-ujam

