[zyj-debug] Before affine transformations
nvar = 3, npar = 2
Parameters: PB_M PB_P 
S1 "A[i] = A[i] * A[i] + 3;"
ndims: 1; orig_depth: 1
iterators: i
Index set
3 5
1 1 0 0 0 
1 -1 1 0 -1 
1 0 1 0 -1 
T(S1): (0, i, 0, 0, 0, 0, 0)
loop types (loop, loop, loop, scalar, scalar, scalar, scalar)

Read accesses
A[i]
A[i]
Write accesses
A[i]
Original loop: 0 -> yes

S2 "B[j+1][k][j+1] = B[k][k][j] + B[k][l][k+1] - 1;"
ndims: 3; orig_depth: 3
iterators: j, k, l
Index set
9 7
1 1 0 0 0 0 0 
1 -1 0 0 0 1 -2 
1 0 0 0 0 1 -2 
1 0 1 0 0 0 0 
1 1 -1 0 0 0 -1 
1 1 0 0 0 0 -1 
1 0 0 1 0 0 0 
1 0 0 -1 1 0 -1 
1 0 0 0 1 0 -1 
T(S2): (1, j, 0, k, 0, l, 0)
loop types (loop, loop, loop, loop, loop, loop, loop)

Read accesses
B[k][k][j]
B[k][l][k+1]
Write accesses
B[j+1][k][j+1]
Original loop: 0 -> yes
Original loop: 1 -> yes
Original loop: 2 -> yes

S3 "A[j] = A[j+2] - A[j+1] - 2;"
ndims: 1; orig_depth: 1
iterators: j
Index set
3 5
1 1 0 0 0 
1 -1 0 1 -2 
1 0 0 1 -2 
T(S3): (1, j, 1, 0, 0, 0, 0)
loop types (loop, loop, loop, scalar, scalar, scalar, scalar)

Read accesses
A[j+2]
A[j+1]
Write accesses
A[j]
Original loop: 0 -> yes

--- Dep 1 from S1 to S3; satisfied: 0, sat level: -1; Type: RAW
on variable: A
Dependence polyhedron
6 6
0 -1 1 0 0 1 
1 1 0 0 0 -1 
1 -1 0 1 0 -1 
1 0 0 1 0 -500 
1 0 0 0 1 -300 
1 -1 0 0 1 -1 

--- Dep 2 from S1 to S3; satisfied: 0, sat level: -1; Type: RAW
on variable: A
Dependence polyhedron
6 6
0 -1 1 0 0 2 
1 1 0 0 0 -2 
1 -1 0 1 0 -1 
1 0 0 1 0 -500 
1 0 0 0 1 -300 
1 -1 0 0 1 0 

--- Dep 3 from S1 to S3; satisfied: 0, sat level: -1; Type: WAR
on variable: A
Dependence polyhedron
6 6
0 -1 1 0 0 0 
1 1 0 0 0 0 
1 -1 0 1 0 -1 
1 0 0 1 0 -500 
1 0 0 0 1 -300 
1 -1 0 0 1 -2 

--- Dep 4 from S1 to S3; satisfied: 0, sat level: -1; Type: WAR
on variable: A
Dependence polyhedron
6 6
0 -1 1 0 0 0 
1 1 0 0 0 0 
1 -1 0 1 0 -1 
1 0 0 1 0 -500 
1 0 0 0 1 -300 
1 -1 0 0 1 -2 

--- Dep 5 from S3 to S3; satisfied: 0, sat level: -1; Type: WAR
on variable: A
Dependence polyhedron
5 6
0 -1 1 0 0 -1 
1 1 0 0 0 0 
1 -1 0 0 1 -3 
1 0 0 0 1 -300 
1 0 0 1 0 -500 

--- Dep 6 from S3 to S3; satisfied: 0, sat level: -1; Type: WAR
on variable: A
Dependence polyhedron
5 6
0 -1 1 0 0 -2 
1 1 0 0 0 0 
1 -1 0 0 1 -4 
1 0 0 0 1 -300 
1 0 0 1 0 -500 

--- Dep 7 from S1 to S3; satisfied: 0, sat level: -1; Type: WAW
on variable: A
Dependence polyhedron
6 6
0 -1 1 0 0 0 
1 1 0 0 0 0 
1 -1 0 1 0 -1 
1 0 0 1 0 -500 
1 0 0 0 1 -300 
1 -1 0 0 1 -2 

--- Dep 8 from S2 to S2; satisfied: 0, sat level: -1; Type: WAW
on variable: B
Dependence polyhedron
13 10
0 0 -1 0 0 1 0 0 0 0 
0 -1 0 0 1 0 0 0 0 0 
1 1 0 0 0 0 0 0 0 -1 
1 -1 0 0 0 0 0 0 1 -2 
1 0 0 0 0 0 0 0 1 -300 
1 0 1 0 0 0 0 0 0 0 
1 1 -1 0 0 0 0 0 0 -1 
1 0 0 0 0 0 0 1 0 -500 
1 0 0 1 0 0 0 0 0 0 
1 0 0 -1 0 0 0 1 0 -1 
1 0 0 0 0 0 -1 1 0 -1 
1 0 0 0 0 0 1 0 0 0 
1 0 0 -1 0 0 1 0 0 -1 


[zyj-debug] After affine transformations
T(S1): (zT1, 0, 0, i, 0, 0, 1)
loop types (loop, scalar, scalar, loop, scalar, scalar, scalar)

T(S2): (zT3, zT4, zT5, j, k, l, 0)
loop types (loop, loop, loop, loop, loop, loop, scalar)

T(S3): (zT1, 0, 0, j+2, 0, 0, 2)
loop types (loop, scalar, scalar, loop, scalar, scalar, scalar)

t1 --> fwd_dep  loop   (band 0)no-ujam
t2 --> parallel loop   (band 0)no-ujam
t3 --> fwd_dep  loop   (band 0)no-ujam
t4 --> fwd_dep  loop   (band 0)no-ujam
t5 --> parallel loop   (band 0)no-ujam
t6 --> fwd_dep  loop   (band 0)no-ujam
t7 --> fwd_dep  scalar (band 0)no-ujam

Warning: parallel poly loop not found in AST
