[zyj-debug] Before affine transformations
nvar = 2, npar = 3
Parameters: PB_L PB_Q PB_M 
S1 "A[i] = A[i-1] - 3;"
ndims: 1; orig_depth: 1
iterators: i
Index set
3 6
1 1 0 0 0 -1 
1 -1 1 0 0 -1 
1 0 1 0 0 -2 
T(S1): (0, i, 0, 0, 0)
loop types (loop, loop, loop, scalar, scalar)

Read accesses
A[i-1]
Write accesses
A[i]
Original loop: 0 -> yes

S2 "B[k][j] = B[k][j-1] + 3;"
ndims: 2; orig_depth: 2
iterators: j, k
Index set
6 7
1 1 0 0 0 0 -1 
1 -1 0 0 1 0 -1 
1 0 0 0 1 0 -2 
1 0 1 0 0 0 0 
1 0 -1 0 0 1 -1 
1 0 0 0 0 1 -1 
T(S2): (1, j, 0, k, 0)
loop types (loop, loop, loop, loop, loop)

Read accesses
B[k][j-1]
Write accesses
B[k][j]
Original loop: 0 -> yes
Original loop: 1 -> yes

S3 "A[j] = A[j] * A[j] * A[j] - 2;"
ndims: 1; orig_depth: 1
iterators: j
Index set
3 6
1 1 0 0 0 -1 
1 -1 0 1 0 -1 
1 0 0 1 0 -2 
T(S3): (1, j, 1, 0, 0)
loop types (loop, loop, loop, scalar, scalar)

Read accesses
A[j]
A[j]
A[j]
Write accesses
A[j]
Original loop: 0 -> yes

--- Dep 1 from S1 to S3; satisfied: 0, sat level: -1; Type: RAW
on variable: A
Dependence polyhedron
7 7
0 -1 1 0 0 0 0 
1 1 0 0 0 0 -1 
1 -1 0 1 0 0 -1 
1 0 0 1 0 0 -9000 
1 0 0 0 0 1 -6000 
1 0 0 0 1 0 -8000 
1 -1 0 0 1 0 -1 

--- Dep 2 from S1 to S3; satisfied: 0, sat level: -1; Type: RAW
on variable: A
Dependence polyhedron
7 7
0 -1 1 0 0 0 0 
1 1 0 0 0 0 -1 
1 -1 0 1 0 0 -1 
1 0 0 1 0 0 -9000 
1 0 0 0 0 1 -6000 
1 0 0 0 1 0 -8000 
1 -1 0 0 1 0 -1 

--- Dep 3 from S1 to S3; satisfied: 0, sat level: -1; Type: RAW
on variable: A
Dependence polyhedron
7 7
0 -1 1 0 0 0 0 
1 1 0 0 0 0 -1 
1 -1 0 1 0 0 -1 
1 0 0 1 0 0 -9000 
1 0 0 0 0 1 -6000 
1 0 0 0 1 0 -8000 
1 -1 0 0 1 0 -1 

--- Dep 4 from S2 to S2; satisfied: 0, sat level: -1; Type: RAW
on variable: B
Dependence polyhedron
9 9
0 0 -1 0 1 0 0 0 0 
0 -1 0 1 0 0 0 0 -1 
1 1 0 0 0 0 0 0 -1 
1 -1 0 0 0 0 1 0 -2 
1 0 0 0 0 0 1 0 -8000 
1 0 1 0 0 0 0 0 0 
1 0 -1 0 0 0 0 1 -1 
1 0 0 0 0 0 0 1 -6000 
1 0 0 0 0 1 0 0 -9000 

--- Dep 5 from S1 to S1; satisfied: 0, sat level: -1; Type: RAW
on variable: A
Dependence polyhedron
6 7
0 -1 1 0 0 0 -1 
1 1 0 0 0 0 -1 
1 -1 0 1 0 0 -2 
1 0 0 1 0 0 -9000 
1 0 0 0 0 1 -6000 
1 0 0 0 1 0 -8000 

--- Dep 6 from S1 to S3; satisfied: 0, sat level: -1; Type: WAR
on variable: A
Dependence polyhedron
7 7
0 -1 1 0 0 0 1 
1 1 0 0 0 0 -2 
1 -1 0 1 0 0 -1 
1 0 0 1 0 0 -9000 
1 0 0 0 0 1 -6000 
1 0 0 0 1 0 -8000 
1 -1 0 0 1 0 0 

--- Dep 7 from S1 to S3; satisfied: 0, sat level: -1; Type: WAW
on variable: A
Dependence polyhedron
7 7
0 -1 1 0 0 0 0 
1 1 0 0 0 0 -1 
1 -1 0 1 0 0 -1 
1 0 0 1 0 0 -9000 
1 0 0 0 0 1 -6000 
1 0 0 0 1 0 -8000 
1 -1 0 0 1 0 -1 


[zyj-debug] After affine transformations
T(S1): (zT1, 0, i, 0, 1)
loop types (loop, scalar, loop, scalar, scalar)

T(S2): (zT2, zT3, j, k, 0)
loop types (loop, loop, loop, loop, scalar)

T(S3): (zT1, 0, j+1, 0, 2)
loop types (loop, scalar, loop, scalar, scalar)

t1 --> fwd_dep  loop   (band 0)no-ujam
t2 --> parallel loop   (band 0)no-ujam
t3 --> fwd_dep  loop   (band 0)no-ujam
t4 --> parallel loop   (band 0)no-ujam
t5 --> fwd_dep  scalar (band 0)no-ujam

Warning: parallel poly loop not found in AST
