[zyj-debug] Before affine transformations
nvar = 3, npar = 4
Parameters: PB_P PB_M PB_Q PB_L 
S1 "A[j][j] = 4;"
ndims: 2; orig_depth: 2
iterators: i, j
Index set
6 8
1 1 0 0 0 0 0 0 
1 -1 0 1 0 0 0 -1 
1 0 0 1 0 0 0 -1 
1 0 1 0 0 0 0 0 
1 0 -1 0 1 0 0 -1 
1 0 0 0 1 0 0 -1 
T(S1): (0, i, 0, j, 0, 0, 0)
loop types (loop, loop, loop, loop, loop, scalar, scalar)

No Read accesses
Write accesses
A[j][j]
Original loop: 0 -> yes
Original loop: 1 -> yes

S2 "B[k-1][k][l] = B[k-1][k][l] + 3;"
ndims: 3; orig_depth: 3
iterators: i, k, l
Index set
9 9
1 1 0 0 0 0 0 0 0 
1 -1 0 0 1 0 0 0 -1 
1 0 0 0 1 0 0 0 -1 
1 0 1 0 0 0 0 0 -1 
1 1 -1 0 0 0 0 0 -1 
1 1 0 0 0 0 0 0 -2 
1 0 0 1 0 0 0 0 0 
1 0 0 -1 0 0 1 0 -1 
1 0 0 0 0 0 1 0 -1 
T(S2): (0, i, 1, k, 0, l, 0)
loop types (loop, loop, loop, loop, loop, loop, loop)

Read accesses
B[k-1][k][l]
Write accesses
B[k-1][k][l]
Original loop: 0 -> yes
Original loop: 1 -> yes
Original loop: 2 -> yes

S3 "C[m-1] = C[m-1] * D[m] + 4;"
ndims: 1; orig_depth: 1
iterators: m
Index set
3 7
1 1 0 0 0 0 -1 
1 -1 0 0 0 1 0 
1 0 0 0 0 1 -1 
T(S3): (1, m, 0, 0, 0, 0, 0)
loop types (loop, loop, loop, scalar, scalar, scalar, scalar)

Read accesses
C[m-1]
D[m]
Write accesses
C[m-1]
Original loop: 0 -> yes

--- Dep 1 from S2 to S2; satisfied: 0, sat level: -1; Type: RAW
on variable: B
Dependence polyhedron
16 12
0 0 0 -1 0 0 1 0 0 0 0 0 
0 0 -1 0 0 1 0 0 0 0 0 0 
1 1 0 0 0 0 0 0 0 0 0 -2 
1 -1 0 0 0 0 0 1 0 0 0 -1 
1 0 0 0 0 0 0 1 0 0 0 -400 
1 0 1 0 0 0 0 0 0 0 0 -1 
1 1 -1 0 0 0 0 0 0 0 0 -1 
1 0 0 0 0 0 0 0 0 1 0 -500 
1 0 0 1 0 0 0 0 0 0 0 0 
1 0 0 -1 0 0 0 0 0 1 0 -1 
1 0 0 0 0 0 0 0 1 0 0 -400 
1 0 0 0 0 0 0 0 0 0 1 -300 
1 0 0 0 1 0 0 0 0 0 0 -2 
1 0 0 0 -1 0 0 1 0 0 0 -1 
1 0 -1 0 1 0 0 0 0 0 0 -1 
1 -1 0 0 1 0 0 0 0 0 0 -1 

--- Dep 2 from S2 to S2; satisfied: 0, sat level: -1; Type: WAR
on variable: B
Dependence polyhedron
16 12
0 0 0 -1 0 0 1 0 0 0 0 0 
0 0 -1 0 0 1 0 0 0 0 0 0 
1 1 0 0 0 0 0 0 0 0 0 -2 
1 -1 0 0 0 0 0 1 0 0 0 -1 
1 0 0 0 0 0 0 1 0 0 0 -400 
1 0 1 0 0 0 0 0 0 0 0 -1 
1 1 -1 0 0 0 0 0 0 0 0 -1 
1 0 0 0 0 0 0 0 0 1 0 -500 
1 0 0 1 0 0 0 0 0 0 0 0 
1 0 0 -1 0 0 0 0 0 1 0 -1 
1 0 0 0 0 0 0 0 1 0 0 -400 
1 0 0 0 0 0 0 0 0 0 1 -300 
1 0 0 0 1 0 0 0 0 0 0 -2 
1 0 0 0 -1 0 0 1 0 0 0 -1 
1 0 -1 0 1 0 0 0 0 0 0 -1 
1 -1 0 0 1 0 0 0 0 0 0 -1 

--- Dep 3 from S1 to S1; satisfied: 0, sat level: -1; Type: WAW
on variable: A
Dependence polyhedron
12 10
0 0 -1 0 1 0 0 0 0 0 
1 1 0 0 0 0 0 0 0 0 
1 -1 0 0 0 1 0 0 0 -1 
1 0 0 0 0 1 0 0 0 -400 
1 0 1 0 0 0 0 0 0 0 
1 0 -1 0 0 0 1 0 0 -1 
1 0 0 0 0 0 1 0 0 -400 
1 0 0 0 0 0 0 1 0 -500 
1 0 0 0 0 0 0 0 1 -300 
1 0 0 1 0 0 0 0 0 0 
1 0 0 -1 0 1 0 0 0 -1 
1 -1 0 1 0 0 0 0 0 -1 

--- Dep 4 from S2 to S2; satisfied: 0, sat level: -1; Type: WAW
on variable: B
Dependence polyhedron
16 12
0 0 0 -1 0 0 1 0 0 0 0 0 
0 0 -1 0 0 1 0 0 0 0 0 0 
1 1 0 0 0 0 0 0 0 0 0 -2 
1 -1 0 0 0 0 0 1 0 0 0 -1 
1 0 0 0 0 0 0 1 0 0 0 -400 
1 0 1 0 0 0 0 0 0 0 0 -1 
1 1 -1 0 0 0 0 0 0 0 0 -1 
1 0 0 0 0 0 0 0 0 1 0 -500 
1 0 0 1 0 0 0 0 0 0 0 0 
1 0 0 -1 0 0 0 0 0 1 0 -1 
1 0 0 0 0 0 0 0 1 0 0 -400 
1 0 0 0 0 0 0 0 0 0 1 -300 
1 0 0 0 1 0 0 0 0 0 0 -2 
1 0 0 0 -1 0 0 1 0 0 0 -1 
1 0 -1 0 1 0 0 0 0 0 0 -1 
1 -1 0 0 1 0 0 0 0 0 0 -1 


[zyj-debug] After affine transformations
T(S1): (zT2, zT3, 0, j, i, 0)
loop types (loop, loop, scalar, loop, loop, scalar)

T(S2): (zT3, zT4, zT5, k, i, l)
loop types (loop, loop, loop, loop, loop, loop)

T(S3): (zT1, 0, 0, m, 0, 0)
loop types (loop, scalar, scalar, loop, scalar, scalar)

t1 --> parallel loop   (band 0)no-ujam
t2 --> fwd_dep  loop   (band 0)no-ujam
t3 --> parallel loop   (band 0)no-ujam
t4 --> parallel loop   (band 0)no-ujam
t5 --> fwd_dep  loop   (band 0)no-ujam
t6 --> parallel loop   (band 0)no-ujam

