[zyj-debug] Before affine transformations
nvar = 3, npar = 1
Parameters: PB_P 
S1 "A[j][i] = A[j][i] - A[j-2][i] * 1;"
ndims: 2; orig_depth: 2
iterators: i, j
Index set
6 5
1 1 0 0 0 
1 -1 0 1 -2 
1 0 0 1 -2 
1 0 1 0 -2 
1 0 -1 1 -3 
1 0 0 1 -5 
T(S1): (0, i, 0, j, 0, 0, 0)
loop types (loop, loop, loop, loop, loop, scalar, scalar)

Read accesses
A[j][i]
A[j-2][i]
Write accesses
A[j][i]
Original loop: 0 -> yes
Original loop: 1 -> yes

S2 "B[k-1][j][j] = B[k][j][j+2] + A[k][i+1] - 4;"
ndims: 3; orig_depth: 3
iterators: i, j, k
Index set
8 6
1 1 0 0 0 0 
1 -1 0 0 1 -2 
1 0 0 0 1 -2 
1 0 1 0 0 -2 
1 0 -1 0 1 -3 
1 0 0 0 1 -5 
1 0 0 1 0 -1 
1 0 1 -1 0 -1 
T(S2): (0, i, 0, j, 1, k, 0)
loop types (loop, loop, loop, loop, loop, loop, loop)

Read accesses
B[k][j][j+2]
A[k][i+1]
Write accesses
B[k-1][j][j]
Original loop: 0 -> yes
Original loop: 1 -> yes
Original loop: 2 -> yes

S3 "C[l+1][m] = C[l+1][m] * C[l+2][m] * C[m][l] + D[l-1][l] - 3;"
ndims: 2; orig_depth: 2
iterators: l, m
Index set
6 5
1 1 0 0 -1 
1 -1 0 1 -1 
1 0 0 1 -2 
1 0 1 0 0 
1 0 -1 1 -1 
1 0 0 1 -1 
T(S3): (1, l, 0, m, 0, 0, 0)
loop types (loop, loop, loop, loop, loop, scalar, scalar)

Read accesses
C[l+1][m]
C[l+2][m]
C[m][l]
D[l-1][l]
Write accesses
C[l+1][m]
Original loop: 0 -> yes
Original loop: 1 -> yes

--- Dep 1 from S1 to S1; satisfied: 0, sat level: -1; Type: RAW
on variable: A
Dependence polyhedron
7 7
0 0 -1 0 1 0 -2 
0 -1 0 1 0 0 0 
1 1 0 0 0 0 0 
1 -1 0 0 0 1 -2 
1 0 0 0 0 1 -300 
1 0 1 0 0 0 -2 
1 0 -1 0 0 1 -5 

--- Dep 2 from S3 to S3; satisfied: 0, sat level: -1; Type: RAW
on variable: C
Dependence polyhedron
6 7
0 -1 0 0 1 0 -1 
0 0 -1 1 0 0 0 
1 1 0 0 0 0 -1 
1 0 -1 0 0 1 -1 
1 0 0 0 0 1 -300 
1 -1 1 0 0 0 -1 

--- Dep 3 from S3 to S3; satisfied: 0, sat level: -1; Type: RAW
on variable: C
Dependence polyhedron
6 7
0 -1 0 0 1 0 -1 
0 -1 0 1 0 0 0 
0 -1 1 0 0 0 0 
1 1 0 0 0 0 -1 
1 -1 0 0 0 1 -2 
1 0 0 0 0 1 -300 

--- Dep 4 from S2 to S1; satisfied: 0, sat level: -1; Type: WAR
on variable: A
Dependence polyhedron
10 8
0 0 0 -1 0 1 0 0 
0 -1 0 0 1 0 0 -1 
1 1 0 0 0 0 0 0 
1 -1 0 0 0 0 1 -3 
1 0 0 0 0 0 1 -300 
1 0 1 0 0 0 0 -2 
1 0 -1 0 0 0 1 -3 
1 0 1 -1 0 0 0 -1 
1 0 0 1 0 0 0 -2 
1 0 0 -1 0 0 1 -3 

--- Dep 5 from S3 to S3; satisfied: 0, sat level: -1; Type: WAR
on variable: C
Dependence polyhedron
8 7
0 -1 0 0 1 0 0 
0 0 -1 1 0 0 1 
1 1 0 0 0 0 -1 
1 -1 0 0 0 1 -1 
1 0 0 0 0 1 -300 
1 0 1 0 0 0 -2 
1 0 -1 0 0 1 -1 
1 -1 1 0 0 0 -2 

--- Dep 6 from S3 to S3; satisfied: 0, sat level: -1; Type: WAR
on variable: C
Dependence polyhedron
7 7
0 0 -1 0 1 0 0 
0 -1 0 1 0 0 -1 
1 1 0 0 0 0 -1 
1 -1 0 0 0 1 -2 
1 0 0 0 0 1 -300 
1 0 1 0 0 0 0 
1 0 -1 0 0 1 -1 

--- Dep 7 from S2 to S2; satisfied: 0, sat level: -1; Type: WAW
on variable: B
Dependence polyhedron
12 9
0 0 0 -1 0 0 1 0 0 
0 0 -1 0 0 1 0 0 0 
1 1 0 0 0 0 0 0 0 
1 -1 0 0 0 0 0 1 -2 
1 0 0 0 0 0 0 1 -300 
1 0 1 0 0 0 0 0 -2 
1 0 -1 0 0 0 0 1 -3 
1 0 1 -1 0 0 0 0 -1 
1 0 0 1 0 0 0 0 -1 
1 0 0 0 1 0 0 0 0 
1 0 0 0 -1 0 0 1 -2 
1 -1 0 0 1 0 0 0 -1 


[zyj-debug] After affine transformations
T(S1): (2, zT2, zT3, j, i, 0, 0)
loop types (scalar, loop, loop, loop, loop, scalar, scalar)

T(S2): (1, zT3+zT4, zT4, zT5, j, k, i)
loop types (scalar, loop, loop, loop, loop, loop, loop)

T(S3): (0, zT2+zT3, zT3, l, 2l+m, 0, 0)
loop types (scalar, loop, loop, loop, loop, scalar, scalar)

t1 --> fwd_dep  scalar (band 0)no-ujam
t2 --> fwd_dep  loop   (band 0)no-ujam
t3 --> fwd_dep  loop   (band 0)no-ujam
t4 --> fwd_dep  loop   (band 0)no-ujam
t5 --> fwd_dep  loop   (band 0)no-ujam
t6 --> parallel loop   (band 0)no-ujam
t7 --> fwd_dep  loop   (band 0)no-ujam

