[zyj-debug] Before affine transformations
nvar = 3, npar = 3
Parameters: PB_M PB_L PB_P 
S1 "A[i-1][j+1] = B[i+1][k+1] * 6;"
ndims: 3; orig_depth: 3
iterators: i, j, k
Index set
9 8
1 1 0 0 0 0 0 -1 
1 -1 0 0 1 0 0 -2 
1 0 0 0 1 0 0 -3 
1 0 1 0 0 0 0 -1 
1 1 -1 0 0 0 0 -1 
1 1 0 0 0 0 0 -2 
1 0 0 1 0 0 0 1 
1 0 0 -1 0 1 0 -2 
1 0 0 0 0 1 0 -1 
T(S1): (0, i, 0, j, 0, k, 0)
loop types (loop, loop, loop, loop, loop, loop, loop)

Read accesses
B[i+1][k+1]
Write accesses
A[i-1][j+1]
Original loop: 0 -> yes
Original loop: 1 -> yes
Original loop: 2 -> yes

S2 "A[j][j] = A[j-1][j-1] - C[j][i] + B[j][i] * 2;"
ndims: 2; orig_depth: 2
iterators: i, j
Index set
6 7
1 1 0 0 0 0 -1 
1 -1 0 1 0 0 -2 
1 0 0 1 0 0 -3 
1 0 1 0 0 0 -1 
1 1 -1 0 0 0 -1 
1 1 0 0 0 0 -2 
T(S2): (0, i, 0, j, 1, 0, 0)
loop types (loop, loop, loop, loop, loop, scalar, scalar)

Read accesses
A[j-1][j-1]
C[j][i]
B[j][i]
Write accesses
A[j][j]
Original loop: 0 -> yes
Original loop: 1 -> yes

S3 "D[l][n][n-1] = 5;"
ndims: 3; orig_depth: 3
iterators: l, m, n
Index set
10 8
1 1 0 0 0 0 0 0 
1 -1 0 0 1 0 0 -1 
1 0 0 0 1 0 0 -1 
1 0 1 0 0 0 0 0 
1 0 -1 0 1 0 0 -1 
1 0 0 1 0 0 0 -1 
1 1 0 -1 0 0 0 -1 
1 0 0 -1 0 0 1 -1 
1 1 0 0 0 0 0 -2 
1 0 0 0 0 0 1 -2 
T(S3): (1, l, 0, m, 0, n, 0)
loop types (loop, loop, loop, loop, loop, loop, loop)

No Read accesses
Write accesses
D[l][n][n-1]
Original loop: 0 -> yes
Original loop: 1 -> yes
Original loop: 2 -> yes

--- Dep 1 from S2 to S2; satisfied: 0, sat level: -1; Type: RAW
on variable: A
Dependence polyhedron
9 9
0 0 -1 0 1 0 0 0 -1 
1 0 0 0 0 1 0 0 -400 
1 0 1 0 0 0 0 0 -1 
1 1 -1 0 0 0 0 0 -1 
1 0 0 0 0 0 0 1 -300 
1 0 0 0 0 0 1 0 -400 
1 0 0 -1 0 1 0 0 -2 
1 0 -1 1 0 0 0 0 -2 
1 -1 0 1 0 0 0 0 0 

--- Dep 2 from S1 to S2; satisfied: 0, sat level: -1; Type: RAW
on variable: A
Dependence polyhedron
12 10
0 -1 0 0 0 1 0 0 0 0 
0 -1 1 0 0 0 0 0 0 2 
1 1 0 0 0 0 0 0 0 -3 
1 -1 0 0 0 0 1 0 0 -2 
1 0 0 0 0 0 1 0 0 -400 
1 0 0 0 0 0 0 1 0 -400 
1 0 0 0 -1 0 1 0 0 -2 
1 0 0 0 0 0 0 0 1 -300 
1 0 0 1 0 0 0 0 0 1 
1 0 0 -1 0 0 0 1 0 -2 
1 -1 0 0 1 0 0 0 0 -1 
1 0 0 0 1 0 0 0 0 -2 

--- Dep 3 from S2 to S2; satisfied: 0, sat level: -1; Type: WAR
on variable: A
Dependence polyhedron
12 9
0 0 -1 0 1 0 0 0 1 
1 1 0 0 0 0 0 0 -2 
1 -1 0 0 0 1 0 0 -2 
1 0 0 0 0 1 0 0 -400 
1 0 1 0 0 0 0 0 -2 
1 1 -1 0 0 0 0 0 -1 
1 0 0 0 0 0 0 1 -300 
1 0 0 0 0 0 1 0 -400 
1 0 0 1 0 0 0 0 -2 
1 0 0 -1 0 1 0 0 -2 
1 0 -1 1 0 0 0 0 0 
1 -1 0 1 0 0 0 0 -1 

--- Dep 4 from S1 to S2; satisfied: 0, sat level: -1; Type: WAW
on variable: A
Dependence polyhedron
10 10
0 -1 0 0 0 1 0 0 0 1 
0 -1 1 0 0 0 0 0 0 2 
1 1 0 0 0 0 0 0 0 -3 
1 -1 0 0 1 0 0 0 0 0 
1 0 0 0 0 0 1 0 0 -400 
1 0 0 0 0 0 0 1 0 -400 
1 0 0 0 -1 0 1 0 0 -2 
1 0 0 0 0 0 0 0 1 -300 
1 0 0 1 0 0 0 0 0 1 
1 0 0 -1 0 0 0 1 0 -2 

--- Dep 5 from S3 to S3; satisfied: 0, sat level: -1; Type: WAW
on variable: D
Dependence polyhedron
15 11
0 0 0 -1 0 0 1 0 0 0 0 
0 -1 0 0 1 0 0 0 0 0 0 
1 1 0 0 0 0 0 0 0 0 -2 
1 -1 0 0 0 0 0 1 0 0 -1 
1 0 0 0 0 0 0 1 0 0 -400 
1 0 1 0 0 0 0 0 0 0 0 
1 0 -1 0 0 0 0 1 0 0 -1 
1 0 0 1 0 0 0 0 0 0 -1 
1 1 0 -1 0 0 0 0 0 0 -1 
1 0 0 -1 0 0 0 0 0 1 -1 
1 0 0 0 0 0 0 0 0 1 -300 
1 0 0 0 0 0 0 0 1 0 -400 
1 0 0 0 0 -1 0 1 0 0 -1 
1 0 0 0 0 1 0 0 0 0 0 
1 0 -1 0 0 1 0 0 0 0 -1 

--- Dep 6 from S1 to S1; satisfied: 0, sat level: -1; Type: WAW
on variable: A
Dependence polyhedron
14 11
0 0 -1 0 0 1 0 0 0 0 0 
0 -1 0 0 1 0 0 0 0 0 0 
1 1 0 0 0 0 0 0 0 0 -2 
1 -1 0 0 0 0 0 1 0 0 -2 
1 0 0 0 0 0 0 1 0 0 -400 
1 0 1 0 0 0 0 0 0 0 -1 
1 1 -1 0 0 0 0 0 0 0 -1 
1 0 0 0 0 0 0 0 1 0 -400 
1 0 0 1 0 0 0 0 0 0 1 
1 0 0 -1 0 0 0 0 1 0 -2 
1 0 0 0 0 0 0 0 0 1 -300 
1 0 0 0 0 0 -1 0 1 0 -2 
1 0 0 0 0 0 1 0 0 0 1 
1 0 0 -1 0 0 1 0 0 0 -1 

--- Dep 7 from S2 to S2; satisfied: 0, sat level: -1; Type: WAW
on variable: A
Dependence polyhedron
12 9
0 0 -1 0 1 0 0 0 0 
1 1 0 0 0 0 0 0 -2 
1 -1 0 0 0 1 0 0 -2 
1 0 0 0 0 1 0 0 -400 
1 0 1 0 0 0 0 0 -1 
1 1 -1 0 0 0 0 0 -1 
1 0 0 0 0 0 0 1 -300 
1 0 0 0 0 0 1 0 -400 
1 0 0 1 0 0 0 0 -2 
1 0 0 -1 0 1 0 0 -2 
1 0 -1 1 0 0 0 0 -1 
1 -1 0 1 0 0 0 0 -1 


[zyj-debug] After affine transformations
T(S1): (0, zT3, zT4, zT5, i, k, j)
loop types (scalar, loop, loop, loop, loop, loop, loop)

T(S2): (1, zT2+zT3, zT3, i, i+j, 0, 0)
loop types (scalar, loop, loop, loop, loop, scalar, scalar)

T(S3): (0, zT3, zT4, zT5, l, n, m)
loop types (scalar, loop, loop, loop, loop, loop, loop)

t1 --> fwd_dep  scalar (band 0)no-ujam
t2 --> fwd_dep  loop   (band 0)no-ujam
t3 --> fwd_dep  loop   (band 0)no-ujam
t4 --> fwd_dep  loop   (band 0)no-ujam
t5 --> fwd_dep  loop   (band 0)no-ujam
t6 --> fwd_dep  loop   (band 0)no-ujam
t7 --> fwd_dep  loop   (band 0)no-ujam

