[zyj-debug] Before affine transformations
nvar = 1, npar = 1
Parameters: PB_L 
S1 "A[i] = A[i] + A[i] + 2;"
ndims: 1; orig_depth: 1
iterators: i
Index set
3 4
1 1 0 -2 
1 -1 1 -2 
1 0 1 -4 
T(S1): (0, i, 0)
loop types (loop, loop, loop)

Read accesses
A[i]
A[i]
Write accesses
A[i]
Original loop: 0 -> yes

S2 "A[i] = A[i-2] + A[i-1] * A[i+1] * A[i] + 6;"
ndims: 1; orig_depth: 1
iterators: i
Index set
3 4
1 1 0 -2 
1 -1 1 -2 
1 0 1 -4 
T(S2): (0, i, 1)
loop types (loop, loop, loop)

Read accesses
A[i-2]
A[i-1]
A[i+1]
A[i]
Write accesses
A[i]
Original loop: 0 -> yes

S3 "A[j-1] = 2;"
ndims: 1; orig_depth: 1
iterators: j
Index set
3 4
1 1 0 -1 
1 -1 1 0 
1 0 1 -1 
T(S3): (1, j, 0)
loop types (loop, loop, loop)

No Read accesses
Write accesses
A[j-1]
Original loop: 0 -> yes

--- Dep 1 from S1 to S2; satisfied: 0, sat level: -1; Type: RAW
on variable: A
Dependence polyhedron
4 5
0 -1 1 0 -2 
1 1 0 0 -2 
1 -1 0 1 -4 
1 0 0 1 -80000000 

--- Dep 2 from S1 to S2; satisfied: 0, sat level: -1; Type: RAW
on variable: A
Dependence polyhedron
4 5
0 -1 1 0 0 
1 1 0 0 -2 
1 -1 0 1 -2 
1 0 0 1 -80000000 

--- Dep 3 from S2 to S2; satisfied: 0, sat level: -1; Type: RAW
on variable: A
Dependence polyhedron
4 5
0 -1 1 0 -2 
1 1 0 0 -2 
1 -1 0 1 -4 
1 0 0 1 -80000000 

--- Dep 4 from S2 to S2; satisfied: 0, sat level: -1; Type: RAW
on variable: A
Dependence polyhedron
4 5
0 -1 1 0 -1 
1 1 0 0 -2 
1 -1 0 1 -3 
1 0 0 1 -80000000 

--- Dep 5 from S1 to S2; satisfied: 0, sat level: -1; Type: RAW
on variable: A
Dependence polyhedron
4 5
0 -1 1 0 -1 
1 1 0 0 -2 
1 -1 0 1 -3 
1 0 0 1 -80000000 

--- Dep 6 from S1 to S3; satisfied: 0, sat level: -1; Type: WAR
on variable: A
Dependence polyhedron
4 5
0 -1 1 0 -1 
1 1 0 0 -2 
1 -1 0 1 -2 
1 0 0 1 -80000000 

--- Dep 7 from S2 to S3; satisfied: 0, sat level: -1; Type: WAR
on variable: A
Dependence polyhedron
4 5
0 -1 1 0 -2 
1 1 0 0 -2 
1 -1 0 1 -2 
1 0 0 1 -80000000 

--- Dep 8 from S2 to S3; satisfied: 0, sat level: -1; Type: WAR
on variable: A
Dependence polyhedron
4 5
0 -1 1 0 -1 
1 1 0 0 -2 
1 -1 0 1 -2 
1 0 0 1 -80000000 

--- Dep 9 from S2 to S1; satisfied: 0, sat level: -1; Type: WAR
on variable: A
Dependence polyhedron
4 5
0 -1 1 0 -1 
1 1 0 0 -2 
1 -1 0 1 -3 
1 0 0 1 -80000000 

--- Dep 10 from S1 to S2; satisfied: 0, sat level: -1; Type: WAR
on variable: A
Dependence polyhedron
4 5
0 -1 1 0 0 
1 1 0 0 -2 
1 -1 0 1 -2 
1 0 0 1 -80000000 

--- Dep 11 from S2 to S3; satisfied: 0, sat level: -1; Type: WAR
on variable: A
Dependence polyhedron
4 5
0 -1 1 0 1 
1 1 0 0 -2 
1 -1 0 1 -2 
1 0 0 1 -80000000 

--- Dep 12 from S1 to S2; satisfied: 0, sat level: -1; Type: WAR
on variable: A
Dependence polyhedron
4 5
0 -1 1 0 0 
1 1 0 0 -2 
1 -1 0 1 -2 
1 0 0 1 -80000000 

--- Dep 13 from S1 to S3; satisfied: 0, sat level: -1; Type: WAR
on variable: A
Dependence polyhedron
4 5
0 -1 1 0 -1 
1 1 0 0 -2 
1 -1 0 1 -2 
1 0 0 1 -80000000 

--- Dep 14 from S2 to S3; satisfied: 0, sat level: -1; Type: WAR
on variable: A
Dependence polyhedron
4 5
0 -1 1 0 0 
1 1 0 0 -2 
1 -1 0 1 -2 
1 0 0 1 -80000000 

--- Dep 15 from S2 to S2; satisfied: 0, sat level: -1; Type: WAR
on variable: A
Dependence polyhedron
4 5
0 -1 1 0 -1 
1 1 0 0 -2 
1 -1 0 1 -3 
1 0 0 1 -80000000 

--- Dep 16 from S2 to S3; satisfied: 0, sat level: -1; Type: WAW
on variable: A
Dependence polyhedron
4 5
0 -1 1 0 -1 
1 1 0 0 -2 
1 -1 0 1 -2 
1 0 0 1 -80000000 

--- Dep 17 from S1 to S2; satisfied: 0, sat level: -1; Type: WAW
on variable: A
Dependence polyhedron
4 5
0 -1 1 0 0 
1 1 0 0 -2 
1 -1 0 1 -2 
1 0 0 1 -80000000 

--- Dep 18 from S1 to S3; satisfied: 0, sat level: -1; Type: WAW
on variable: A
Dependence polyhedron
4 5
0 -1 1 0 -1 
1 1 0 0 -2 
1 -1 0 1 -2 
1 0 0 1 -80000000 


[zyj-debug] After affine transformations
T(S1): (i, 0)
loop types (loop, scalar)

T(S2): (i, 1)
loop types (loop, scalar)

T(S3): (j+1, 2)
loop types (loop, scalar)

t1 --> serial   loop   (band 0)no-ujam
t2 --> fwd_dep  scalar (band 1)no-ujam

