[zyj-debug] Before affine transformations
nvar = 3, npar = 2
Parameters: PB_M PB_L 
S1 "A[j][k][k] = 1;"
ndims: 3; orig_depth: 3
iterators: i, j, k
Index set
9 7
1 1 0 0 0 0 0 
1 -1 0 0 1 0 -1 
1 0 0 0 1 0 -1 
1 0 1 0 0 0 0 
1 1 -1 0 0 0 -1 
1 1 0 0 0 0 -1 
1 0 0 1 0 0 0 
1 0 0 -1 0 1 -1 
1 0 0 0 0 1 -1 
T(S1): (0, i, 0, j, 0, k, 0)
loop types (loop, loop, loop, loop, loop, loop, loop)

No Read accesses
Write accesses
A[j][k][k]
Original loop: 0 -> yes
Original loop: 1 -> yes
Original loop: 2 -> yes

S2 "A[n-1][m][n] = B[m+1][l+1] - A[m][n][l] + 3;"
ndims: 3; orig_depth: 3
iterators: l, m, n
Index set
8 7
1 1 0 0 0 0 -1 
1 -1 0 0 0 1 -4 
1 0 0 0 0 1 -5 
1 0 1 0 0 0 -1 
1 0 -1 0 0 1 -1 
1 0 0 0 0 1 -2 
1 0 0 1 0 0 -1 
1 0 0 -1 0 1 -1 
T(S2): (1, l, 0, m, 0, n, 0)
loop types (loop, loop, loop, loop, loop, loop, loop)

Read accesses
B[m+1][l+1]
A[m][n][l]
Write accesses
A[n-1][m][n]
Original loop: 0 -> yes
Original loop: 1 -> yes
Original loop: 2 -> yes

S3 "B[m][l+1] = B[m-1][l+3] - B[m][l-1] + B[l+1][m] - 4;"
ndims: 2; orig_depth: 2
iterators: l, m
Index set
6 6
1 1 0 0 0 -1 
1 -1 0 0 1 -4 
1 0 0 0 1 -5 
1 0 1 0 0 -1 
1 0 -1 0 1 -1 
1 0 0 0 1 -2 
T(S3): (1, l, 0, m, 1, 0, 0)
loop types (loop, loop, loop, loop, loop, scalar, scalar)

Read accesses
B[m-1][l+3]
B[m][l-1]
B[l+1][m]
Write accesses
B[m][l+1]
Original loop: 0 -> yes
Original loop: 1 -> yes

--- Dep 1 from S3 to S3; satisfied: 0, sat level: -1; Type: RAW
on variable: B
Dependence polyhedron
9 8
0 -1 0 0 1 0 0 -1 
0 0 -1 1 0 0 0 1 
1 1 0 0 0 0 0 -1 
1 -1 0 0 0 0 1 -4 
1 0 0 0 0 0 1 -400 
1 0 1 0 0 0 0 -2 
1 0 -1 0 0 0 1 -3 
1 0 0 0 0 1 0 -500 
1 -1 1 0 0 0 0 -2 

--- Dep 2 from S2 to S2; satisfied: 0, sat level: -1; Type: RAW
on variable: A
Dependence polyhedron
10 10
0 0 -1 0 0 0 1 0 0 0 
0 0 0 -1 0 1 0 0 0 1 
0 0 0 -1 1 0 0 0 0 0 
1 1 0 0 0 0 0 0 0 -1 
1 0 0 0 0 0 0 1 0 -500 
1 0 0 0 0 0 0 0 1 -400 
1 0 1 0 0 0 0 0 0 -1 
1 0 -1 0 0 0 0 0 1 -1 
1 0 0 -1 0 0 0 0 1 -4 
1 -1 0 1 0 0 0 0 0 -1 

--- Dep 3 from S2 to S2; satisfied: 0, sat level: -1; Type: RAW
on variable: A
Dependence polyhedron
9 10
0 0 -1 0 0 0 1 0 0 0 
0 -1 0 0 0 1 0 0 0 1 
0 -1 0 0 1 0 0 0 0 0 
0 -1 0 1 0 0 0 0 0 0 
1 1 -1 0 0 0 0 0 0 -2 
1 -1 0 0 0 0 0 0 1 -4 
1 0 0 0 0 0 0 0 1 -400 
1 0 1 0 0 0 0 0 0 -1 
1 0 0 0 0 0 0 1 0 -500 

--- Dep 4 from S1 to S2; satisfied: 0, sat level: -1; Type: RAW
on variable: A
Dependence polyhedron
12 10
0 0 0 -1 0 0 1 0 0 0 
0 0 -1 0 0 1 0 0 0 0 
0 0 0 -1 1 0 0 0 0 0 
1 1 0 0 0 0 0 0 0 -1 
1 -1 0 0 0 0 0 1 0 -1 
1 0 0 0 0 0 0 1 0 -500 
1 0 1 0 0 0 0 0 0 -1 
1 1 -1 0 0 0 0 0 0 -1 
1 0 0 0 0 0 0 0 1 -400 
1 0 0 1 0 0 0 0 0 -1 
1 0 0 -1 0 0 0 0 1 -4 
1 0 -1 0 0 0 0 0 1 -1 

--- Dep 5 from S3 to S3; satisfied: 0, sat level: -1; Type: RAW
on variable: B
Dependence polyhedron
8 8
0 0 -1 0 1 0 0 0 
0 -1 0 1 0 0 0 -2 
1 1 0 0 0 0 0 -1 
1 -1 0 0 0 0 1 -6 
1 0 0 0 0 0 1 -400 
1 0 1 0 0 0 0 -1 
1 0 -1 0 0 0 1 -1 
1 0 0 0 0 1 0 -500 

--- Dep 6 from S2 to S3; satisfied: 0, sat level: -1; Type: WAR
on variable: B
Dependence polyhedron
10 9
0 0 -1 0 0 1 0 0 -1 
0 -1 0 0 1 0 0 0 0 
1 1 0 0 0 0 0 0 -1 
1 -1 0 0 0 0 0 1 -4 
1 0 0 0 0 0 0 1 -400 
1 0 1 0 0 0 0 0 -1 
1 0 -1 0 0 0 0 1 -2 
1 0 0 -1 0 0 0 1 -1 
1 0 0 1 0 0 0 0 -1 
1 0 0 0 0 0 1 0 -500 

--- Dep 7 from S2 to S2; satisfied: 0, sat level: -1; Type: WAR
on variable: A
Dependence polyhedron
10 10
0 -1 0 0 0 0 1 0 0 0 
0 0 0 -1 0 1 0 0 0 0 
0 -1 1 0 0 0 0 0 0 1 
1 1 0 0 0 0 0 0 0 -2 
1 -1 0 0 1 0 0 0 0 -1 
1 0 0 0 0 0 0 0 1 -400 
1 0 0 0 0 0 0 1 0 -500 
1 0 0 -1 0 0 0 0 1 -1 
1 0 0 1 0 0 0 0 0 -1 
1 0 0 0 -1 0 0 0 1 -4 

--- Dep 8 from S2 to S2; satisfied: 0, sat level: -1; Type: WAR
on variable: A
Dependence polyhedron
10 10
0 -1 0 0 0 0 1 0 0 0 
0 0 0 -1 0 1 0 0 0 0 
0 -1 0 0 1 0 0 0 0 0 
0 -1 1 0 0 0 0 0 0 1 
1 1 0 0 0 0 0 0 0 -2 
1 -1 0 0 0 0 0 0 1 -4 
1 0 0 0 0 0 0 0 1 -400 
1 0 0 0 0 0 0 1 0 -500 
1 0 0 -1 0 0 0 0 1 -1 
1 -1 0 1 0 0 0 0 0 1 

--- Dep 9 from S3 to S3; satisfied: 0, sat level: -1; Type: WAR
on variable: B
Dependence polyhedron
9 8
0 -1 0 0 1 0 0 -1 
0 0 -1 1 0 0 0 1 
1 1 0 0 0 0 0 -1 
1 -1 0 0 0 0 1 -4 
1 0 0 0 0 0 1 -400 
1 0 1 0 0 0 0 -2 
1 0 -1 0 0 0 1 -3 
1 0 0 0 0 1 0 -500 
1 -1 1 0 0 0 0 -2 

--- Dep 10 from S3 to S3; satisfied: 0, sat level: -1; Type: WAR
on variable: B
Dependence polyhedron
8 8
0 0 -1 0 1 0 0 1 
0 -1 0 1 0 0 0 -2 
1 1 0 0 0 0 0 -1 
1 -1 0 0 0 0 1 -6 
1 0 0 0 0 0 1 -400 
1 0 1 0 0 0 0 -2 
1 0 -1 0 0 0 1 -1 
1 0 0 0 0 1 0 -500 

--- Dep 11 from S2 to S2; satisfied: 0, sat level: -1; Type: WAW
on variable: A
Dependence polyhedron
13 10
0 0 0 -1 0 0 1 0 0 0 
0 0 -1 0 0 1 0 0 0 0 
1 1 0 0 0 0 0 0 0 -1 
1 -1 0 0 0 0 0 0 1 -4 
1 0 0 0 0 0 0 0 1 -400 
1 0 1 0 0 0 0 0 0 -1 
1 0 -1 0 0 0 0 0 1 -1 
1 0 0 -1 0 0 0 0 1 -1 
1 0 0 1 0 0 0 0 0 -1 
1 0 0 0 0 0 0 1 0 -500 
1 0 0 0 1 0 0 0 0 -1 
1 0 0 0 -1 0 0 0 1 -4 
1 -1 0 0 1 0 0 0 0 -1 

--- Dep 12 from S1 to S1; satisfied: 0, sat level: -1; Type: WAW
on variable: A
Dependence polyhedron
14 10
0 0 0 -1 0 0 1 0 0 0 
0 0 -1 0 0 1 0 0 0 0 
1 1 0 0 0 0 0 0 0 -1 
1 -1 0 0 0 0 0 1 0 -1 
1 0 0 0 0 0 0 1 0 -500 
1 0 1 0 0 0 0 0 0 0 
1 1 -1 0 0 0 0 0 0 -1 
1 0 0 0 0 0 0 0 1 -400 
1 0 0 1 0 0 0 0 0 0 
1 0 0 -1 0 0 0 0 1 -1 
1 0 0 0 1 0 0 0 0 -1 
1 0 0 0 -1 0 0 1 0 -1 
1 0 -1 0 1 0 0 0 0 -1 
1 -1 0 0 1 0 0 0 0 -1 

--- Dep 13 from S1 to S2; satisfied: 0, sat level: -1; Type: WAW
on variable: A
Dependence polyhedron
12 10
0 0 -1 0 0 0 1 0 0 -1 
0 0 -1 0 0 1 0 0 0 -1 
0 0 -1 1 0 0 0 0 0 -1 
1 1 0 0 0 0 0 0 0 -1 
1 -1 0 0 0 0 0 1 0 -1 
1 0 0 0 0 0 0 1 0 -500 
1 0 1 0 0 0 0 0 0 0 
1 1 -1 0 0 0 0 0 0 -1 
1 0 0 0 0 0 0 0 1 -400 
1 0 -1 0 0 0 0 0 1 -2 
1 0 0 0 -1 0 0 0 1 -4 
1 0 0 0 1 0 0 0 0 -1 


[zyj-debug] After affine transformations
T(S1): (0, 0, zT3, zT4, zT5, j, k, i)
loop types (scalar, scalar, loop, loop, loop, loop, loop, loop)

T(S2): (0, 1, l, zT3+zT4, zT4, m, 2m+n, 0)
loop types (scalar, scalar, loop, loop, loop, loop, loop, scalar)

T(S3): (1, 0, l, zT2, m, 0, 0, 0)
loop types (scalar, scalar, loop, loop, loop, scalar, scalar, scalar)

t1 --> fwd_dep  scalar (band 0)no-ujam
t2 --> fwd_dep  scalar (band 0)no-ujam
t3 --> serial   loop   (band 0)no-ujam
t4 --> fwd_dep  loop   (band 1)no-ujam
t5 --> fwd_dep  loop   (band 1)no-ujam
t6 --> fwd_dep  loop   (band 1)no-ujam
t7 --> fwd_dep  loop   (band 1)no-ujam
t8 --> fwd_dep  loop   (band 1)no-ujam

