[zyj-debug] Before affine transformations
nvar = 3, npar = 3
Parameters: PB_M PB_L PB_P 
S1 "A[i] = A[i-1] + A[i-2] * 5;"
ndims: 1; orig_depth: 1
iterators: i
Index set
3 6
1 1 0 0 0 -2 
1 -1 1 0 0 -1 
1 0 1 0 0 -3 
T(S1): (0, i, 0, 0, 0, 0, 0)
loop types (loop, loop, loop, scalar, scalar, scalar, scalar)

Read accesses
A[i-1]
A[i-2]
Write accesses
A[i]
Original loop: 0 -> yes

S2 "B[l][j][k-1] = B[l-2][j][k] * 1;"
ndims: 3; orig_depth: 3
iterators: j, k, l
Index set
9 8
1 1 0 0 0 0 0 0 
1 -1 0 0 0 1 0 -1 
1 0 0 0 0 1 0 -1 
1 0 1 0 0 0 0 -1 
1 0 -1 0 0 0 1 -1 
1 0 0 0 0 0 1 -2 
1 0 0 1 0 0 0 -2 
1 0 0 -1 1 0 0 -1 
1 0 0 0 1 0 0 -3 
T(S2): (1, j, 0, k, 0, l, 0)
loop types (loop, loop, loop, loop, loop, loop, loop)

Read accesses
B[l-2][j][k]
Write accesses
B[l][j][k-1]
Original loop: 0 -> yes
Original loop: 1 -> yes
Original loop: 2 -> yes

S3 "C[m][n] = C[m][n] + A[n] + A[n+1] - 1;"
ndims: 2; orig_depth: 2
iterators: m, n
Index set
6 7
1 1 0 0 0 0 0 
1 -1 0 1 0 0 -1 
1 0 0 1 0 0 -1 
1 0 1 0 0 0 0 
1 0 -1 1 0 0 -2 
1 0 0 1 0 0 -2 
T(S3): (2, m, 0, n, 0, 0, 0)
loop types (loop, loop, loop, loop, loop, scalar, scalar)

Read accesses
C[m][n]
A[n]
A[n+1]
Write accesses
C[m][n]
Original loop: 0 -> yes
Original loop: 1 -> yes

--- Dep 1 from S1 to S3; satisfied: 0, sat level: -1; Type: RAW
on variable: A
Dependence polyhedron
8 8
0 -1 0 1 0 0 0 1 
1 1 0 0 0 0 0 -2 
1 -1 0 0 1 0 0 -1 
1 0 0 0 1 0 0 -500 
1 0 0 0 0 0 1 -400 
1 0 0 0 0 1 0 -500 
1 0 1 0 0 0 0 0 
1 0 -1 0 1 0 0 -1 

--- Dep 2 from S1 to S1; satisfied: 0, sat level: -1; Type: RAW
on variable: A
Dependence polyhedron
6 7
0 -1 1 0 0 0 -1 
1 1 0 0 0 0 -2 
1 -1 0 1 0 0 -2 
1 0 0 1 0 0 -500 
1 0 0 0 0 1 -400 
1 0 0 0 1 0 -500 

--- Dep 3 from S1 to S3; satisfied: 0, sat level: -1; Type: RAW
on variable: A
Dependence polyhedron
8 8
0 -1 0 1 0 0 0 0 
1 1 0 0 0 0 0 -2 
1 -1 0 0 1 0 0 -2 
1 0 0 0 1 0 0 -500 
1 0 0 0 0 0 1 -400 
1 0 0 0 0 1 0 -500 
1 0 1 0 0 0 0 0 
1 0 -1 0 1 0 0 -1 

--- Dep 4 from S1 to S1; satisfied: 0, sat level: -1; Type: RAW
on variable: A
Dependence polyhedron
6 7
0 -1 1 0 0 0 -2 
1 1 0 0 0 0 -2 
1 -1 0 1 0 0 -3 
1 0 0 1 0 0 -500 
1 0 0 0 0 1 -400 
1 0 0 0 1 0 -500 

--- Dep 5 from S2 to S2; satisfied: 0, sat level: -1; Type: WAR
on variable: B
Dependence polyhedron
12 11
0 0 0 -1 0 0 1 0 0 0 2 
0 0 -1 0 0 1 0 0 0 0 -1 
0 -1 0 0 1 0 0 0 0 0 0 
1 1 0 0 0 0 0 0 0 0 0 
1 -1 0 0 0 0 0 0 1 0 -1 
1 0 0 0 0 0 0 0 1 0 -500 
1 0 1 0 0 0 0 0 0 0 -1 
1 0 -1 0 0 0 0 0 0 1 -2 
1 0 0 0 0 0 0 0 0 1 -400 
1 0 0 1 0 0 0 0 0 0 -4 
1 0 0 -1 0 0 0 1 0 0 -1 
1 0 0 0 0 0 0 1 0 0 -500 


[zyj-debug] After affine transformations
T(S1): (1, i, 0, 0, 0, 0, 0)
loop types (scalar, loop, scalar, scalar, scalar, scalar, scalar)

T(S2): (0, zT3, zT4, zT5, j, 2k+l, k)
loop types (scalar, loop, loop, loop, loop, loop, loop)

T(S3): (2, zT2, zT3, m, n, 0, 0)
loop types (scalar, loop, loop, loop, loop, scalar, scalar)

t1 --> fwd_dep  scalar (band 0)no-ujam
t2 --> fwd_dep  loop   (band 0)no-ujam
t3 --> parallel loop   (band 0)no-ujam
t4 --> fwd_dep  loop   (band 0)no-ujam
t5 --> parallel loop   (band 0)no-ujam
t6 --> parallel loop   (band 0)no-ujam
t7 --> fwd_dep  loop   (band 0)no-ujam

