[zyj-debug] Before affine transformations
nvar = 3, npar = 3
Parameters: PB_P PB_M PB_L 
S1 "A[j] = A[j-1] * 3;"
ndims: 2; orig_depth: 2
iterators: i, j
Index set
6 7
1 1 0 0 0 0 0 
1 -1 0 1 0 0 -1 
1 0 0 1 0 0 -1 
1 0 1 0 0 0 -1 
1 0 -1 0 1 0 -1 
1 0 0 0 1 0 -2 
T(S1): (0, i, 0, j, 0, 0, 0)
loop types (loop, loop, loop, loop, loop, scalar, scalar)

Read accesses
A[j-1]
Write accesses
A[j]
Original loop: 0 -> yes
Original loop: 1 -> yes

S2 "B[k][l+1][i] = B[k][l-1][i] + B[k+2][l][i] - B[l][k][i] + 3;"
ndims: 3; orig_depth: 3
iterators: i, k, l
Index set
9 8
1 1 0 0 0 0 0 0 
1 -1 0 0 1 0 0 -1 
1 0 0 0 1 0 0 -1 
1 0 1 0 0 0 0 0 
1 0 -1 0 0 0 1 -1 
1 0 0 0 0 0 1 -1 
1 0 0 1 0 0 0 -1 
1 0 0 -1 0 0 1 -2 
1 0 0 0 0 0 1 -3 
T(S2): (0, i, 1, k, 0, l, 0)
loop types (loop, loop, loop, loop, loop, loop, loop)

Read accesses
B[k][l-1][i]
B[k+2][l][i]
B[l][k][i]
Write accesses
B[k][l+1][i]
Original loop: 0 -> yes
Original loop: 1 -> yes
Original loop: 2 -> yes

S3 "A[i] = A[i] * A[i] + A[i] + A[i] * 1;"
ndims: 1; orig_depth: 1
iterators: i
Index set
3 6
1 1 0 0 0 0 
1 -1 1 0 0 -1 
1 0 1 0 0 -1 
T(S3): (0, i, 2, 0, 0, 0, 0)
loop types (loop, loop, loop, scalar, scalar, scalar, scalar)

Read accesses
A[i]
A[i]
A[i]
A[i]
Write accesses
A[i]
Original loop: 0 -> yes

--- Dep 1 from S1 to S3; satisfied: 0, sat level: -1; Type: RAW
on variable: A
Dependence polyhedron
10 8
0 0 -1 1 0 0 0 0 
1 1 0 0 0 0 0 0 
1 -1 0 0 1 0 0 -1 
1 0 0 0 1 0 0 -500 
1 0 1 0 0 0 0 -1 
1 0 -1 0 0 1 0 -1 
1 0 0 0 0 1 0 -500 
1 0 0 0 0 0 1 -400 
1 0 -1 0 1 0 0 -1 
1 -1 1 0 0 0 0 0 

--- Dep 2 from S1 to S3; satisfied: 0, sat level: -1; Type: RAW
on variable: A
Dependence polyhedron
10 8
0 0 -1 1 0 0 0 0 
1 1 0 0 0 0 0 0 
1 -1 0 0 1 0 0 -1 
1 0 0 0 1 0 0 -500 
1 0 1 0 0 0 0 -1 
1 0 -1 0 0 1 0 -1 
1 0 0 0 0 1 0 -500 
1 0 0 0 0 0 1 -400 
1 0 -1 0 1 0 0 -1 
1 -1 1 0 0 0 0 0 

--- Dep 3 from S1 to S3; satisfied: 0, sat level: -1; Type: RAW
on variable: A
Dependence polyhedron
10 8
0 0 -1 1 0 0 0 0 
1 1 0 0 0 0 0 0 
1 -1 0 0 1 0 0 -1 
1 0 0 0 1 0 0 -500 
1 0 1 0 0 0 0 -1 
1 0 -1 0 0 1 0 -1 
1 0 0 0 0 1 0 -500 
1 0 0 0 0 0 1 -400 
1 0 -1 0 1 0 0 -1 
1 -1 1 0 0 0 0 0 

--- Dep 4 from S1 to S1; satisfied: 0, sat level: -1; Type: RAW
on variable: A
Dependence polyhedron
9 9
0 0 -1 0 1 0 0 0 -1 
1 1 0 0 0 0 0 0 0 
1 0 0 -1 0 1 0 0 -1 
1 0 0 0 0 1 0 0 -500 
1 0 1 0 0 0 0 0 -1 
1 0 -1 0 0 0 1 0 -2 
1 0 0 0 0 0 1 0 -500 
1 0 0 0 0 0 0 1 -400 
1 -1 0 1 0 0 0 0 0 

--- Dep 5 from S2 to S2; satisfied: 0, sat level: -1; Type: RAW
on variable: B
Dependence polyhedron
12 11
0 0 0 -1 0 0 1 0 0 0 -2 
0 0 -1 0 0 1 0 0 0 0 0 
0 -1 0 0 1 0 0 0 0 0 0 
1 1 0 0 0 0 0 0 0 0 0 
1 -1 0 0 0 0 0 1 0 0 -1 
1 0 0 0 0 0 0 1 0 0 -500 
1 0 1 0 0 0 0 0 0 0 0 
1 0 -1 0 0 0 0 0 0 1 -1 
1 0 0 0 0 0 0 0 0 1 -400 
1 0 0 1 0 0 0 0 0 0 -1 
1 0 0 -1 0 0 0 0 0 1 -4 
1 0 0 0 0 0 0 0 1 0 -500 

--- Dep 6 from S2 to S2; satisfied: 0, sat level: -1; Type: RAW
on variable: B
Dependence polyhedron
11 11
0 0 -1 0 0 0 1 0 0 0 0 
0 0 0 -1 0 1 0 0 0 0 -1 
0 -1 0 0 1 0 0 0 0 0 0 
1 1 0 0 0 0 0 0 0 0 0 
1 -1 0 0 0 0 0 1 0 0 -1 
1 0 0 0 0 0 0 1 0 0 -500 
1 0 1 0 0 0 0 0 0 0 -1 
1 0 0 0 0 0 0 0 1 0 -500 
1 0 0 0 0 0 0 0 0 1 -400 
1 0 -1 1 0 0 0 0 0 0 0 
1 0 0 -1 0 0 0 0 0 1 -2 

--- Dep 7 from S2 to S2; satisfied: 0, sat level: -1; Type: RAW
on variable: B
Dependence polyhedron
11 11
0 0 -1 0 0 0 1 0 0 0 0 
0 0 -1 0 0 1 0 0 0 0 0 
0 -1 0 0 1 0 0 0 0 0 0 
0 0 -1 1 0 0 0 0 0 0 1 
1 1 0 0 0 0 0 0 0 0 0 
1 -1 0 0 0 0 0 1 0 0 -1 
1 0 0 0 0 0 0 1 0 0 -500 
1 0 1 0 0 0 0 0 0 0 -2 
1 0 -1 0 0 0 0 0 0 1 -2 
1 0 0 0 0 0 0 0 0 1 -400 
1 0 0 0 0 0 0 0 1 0 -500 

--- Dep 8 from S3 to S1; satisfied: 0, sat level: -1; Type: RAW
on variable: A
Dependence polyhedron
10 8
0 -1 0 1 0 0 0 -1 
1 1 0 0 0 0 0 0 
1 -1 0 0 1 0 0 -1 
1 0 0 0 1 0 0 -500 
1 0 0 0 0 1 0 -500 
1 0 0 0 0 0 1 -400 
1 0 1 0 0 0 0 0 
1 0 -1 0 1 0 0 -1 
1 -1 0 0 0 1 0 -2 
1 -1 1 0 0 0 0 -1 

--- Dep 9 from S1 to S3; satisfied: 0, sat level: -1; Type: RAW
on variable: A
Dependence polyhedron
10 8
0 0 -1 1 0 0 0 0 
1 1 0 0 0 0 0 0 
1 -1 0 0 1 0 0 -1 
1 0 0 0 1 0 0 -500 
1 0 1 0 0 0 0 -1 
1 0 -1 0 0 1 0 -1 
1 0 0 0 0 1 0 -500 
1 0 0 0 0 0 1 -400 
1 0 -1 0 1 0 0 -1 
1 -1 1 0 0 0 0 0 

--- Dep 10 from S1 to S1; satisfied: 0, sat level: -1; Type: WAR
on variable: A
Dependence polyhedron
11 9
0 0 -1 0 1 0 0 0 1 
1 1 0 0 0 0 0 0 0 
1 -1 0 0 0 1 0 0 -1 
1 0 0 0 0 1 0 0 -500 
1 0 1 0 0 0 0 0 -2 
1 0 -1 0 0 0 1 0 -1 
1 0 0 0 0 0 1 0 -500 
1 0 0 0 0 0 0 1 -400 
1 0 0 1 0 0 0 0 0 
1 0 0 -1 0 1 0 0 -1 
1 -1 0 1 0 0 0 0 -1 

--- Dep 11 from S2 to S2; satisfied: 0, sat level: -1; Type: WAR
on variable: B
Dependence polyhedron
12 11
0 0 0 -1 0 0 1 0 0 0 1 
0 0 -1 0 0 1 0 0 0 0 -2 
0 -1 0 0 1 0 0 0 0 0 0 
1 1 0 0 0 0 0 0 0 0 0 
1 -1 0 0 0 0 0 1 0 0 -1 
1 0 0 0 0 0 0 1 0 0 -500 
1 0 1 0 0 0 0 0 0 0 0 
1 0 -1 0 0 0 0 0 0 1 -3 
1 0 0 0 0 0 0 0 0 1 -400 
1 0 0 1 0 0 0 0 0 0 -2 
1 0 0 -1 0 0 0 0 0 1 -2 
1 0 0 0 0 0 0 0 1 0 -500 

--- Dep 12 from S3 to S1; satisfied: 0, sat level: -1; Type: WAR
on variable: A
Dependence polyhedron
10 8
0 -1 0 1 0 0 0 0 
1 1 0 0 0 0 0 -1 
1 -1 0 0 1 0 0 -1 
1 0 0 0 1 0 0 -500 
1 0 0 0 0 1 0 -500 
1 0 0 0 0 0 1 -400 
1 0 1 0 0 0 0 0 
1 0 -1 0 1 0 0 -1 
1 -1 0 0 0 1 0 -1 
1 -1 1 0 0 0 0 -1 

--- Dep 13 from S3 to S1; satisfied: 0, sat level: -1; Type: WAR
on variable: A
Dependence polyhedron
10 8
0 -1 0 1 0 0 0 0 
1 1 0 0 0 0 0 -1 
1 -1 0 0 1 0 0 -1 
1 0 0 0 1 0 0 -500 
1 0 0 0 0 1 0 -500 
1 0 0 0 0 0 1 -400 
1 0 1 0 0 0 0 0 
1 0 -1 0 1 0 0 -1 
1 -1 0 0 0 1 0 -1 
1 -1 1 0 0 0 0 -1 

--- Dep 14 from S3 to S1; satisfied: 0, sat level: -1; Type: WAR
on variable: A
Dependence polyhedron
10 8
0 -1 0 1 0 0 0 0 
1 1 0 0 0 0 0 -1 
1 -1 0 0 1 0 0 -1 
1 0 0 0 1 0 0 -500 
1 0 0 0 0 1 0 -500 
1 0 0 0 0 0 1 -400 
1 0 1 0 0 0 0 0 
1 0 -1 0 1 0 0 -1 
1 -1 0 0 0 1 0 -1 
1 -1 1 0 0 0 0 -1 

--- Dep 15 from S3 to S1; satisfied: 0, sat level: -1; Type: WAR
on variable: A
Dependence polyhedron
10 8
0 -1 0 1 0 0 0 0 
1 1 0 0 0 0 0 -1 
1 -1 0 0 1 0 0 -1 
1 0 0 0 1 0 0 -500 
1 0 0 0 0 1 0 -500 
1 0 0 0 0 0 1 -400 
1 0 1 0 0 0 0 0 
1 0 -1 0 1 0 0 -1 
1 -1 0 0 0 1 0 -1 
1 -1 1 0 0 0 0 -1 

--- Dep 16 from S1 to S3; satisfied: 0, sat level: -1; Type: WAR
on variable: A
Dependence polyhedron
10 8
0 0 -1 1 0 0 0 1 
1 1 0 0 0 0 0 0 
1 -1 0 0 1 0 0 -1 
1 0 0 0 1 0 0 -500 
1 0 1 0 0 0 0 -1 
1 0 -1 0 0 1 0 -1 
1 0 0 0 0 1 0 -500 
1 0 0 0 0 0 1 -400 
1 0 -1 0 1 0 0 0 
1 -1 1 0 0 0 0 -1 

--- Dep 17 from S2 to S2; satisfied: 0, sat level: -1; Type: WAR
on variable: B
Dependence polyhedron
13 11
0 0 -1 0 0 0 1 0 0 0 1 
0 0 0 -1 0 1 0 0 0 0 0 
0 -1 0 0 1 0 0 0 0 0 0 
1 1 0 0 0 0 0 0 0 0 0 
1 -1 0 0 0 0 0 1 0 0 -1 
1 0 0 0 0 0 0 1 0 0 -500 
1 0 1 0 0 0 0 0 0 0 -2 
1 0 -1 0 0 0 0 0 0 1 -1 
1 0 0 0 0 0 0 0 0 1 -400 
1 0 0 1 0 0 0 0 0 0 -1 
1 0 0 -1 0 0 0 0 0 1 -2 
1 0 0 0 0 0 0 0 1 0 -500 
1 0 -1 1 0 0 0 0 0 0 -1 

--- Dep 18 from S3 to S1; satisfied: 0, sat level: -1; Type: WAW
on variable: A
Dependence polyhedron
10 8
0 -1 0 1 0 0 0 0 
1 1 0 0 0 0 0 -1 
1 -1 0 0 1 0 0 -1 
1 0 0 0 1 0 0 -500 
1 0 0 0 0 1 0 -500 
1 0 0 0 0 0 1 -400 
1 0 1 0 0 0 0 0 
1 0 -1 0 1 0 0 -1 
1 -1 0 0 0 1 0 -1 
1 -1 1 0 0 0 0 -1 

--- Dep 19 from S1 to S1; satisfied: 0, sat level: -1; Type: WAW
on variable: A
Dependence polyhedron
11 9
0 0 -1 0 1 0 0 0 0 
1 1 0 0 0 0 0 0 0 
1 -1 0 0 0 1 0 0 -1 
1 0 0 0 0 1 0 0 -500 
1 0 1 0 0 0 0 0 -1 
1 0 -1 0 0 0 1 0 -1 
1 0 0 0 0 0 1 0 -500 
1 0 0 0 0 0 0 1 -400 
1 0 0 1 0 0 0 0 0 
1 0 0 -1 0 1 0 0 -1 
1 -1 0 1 0 0 0 0 -1 

--- Dep 20 from S1 to S3; satisfied: 0, sat level: -1; Type: WAW
on variable: A
Dependence polyhedron
10 8
0 0 -1 1 0 0 0 0 
1 1 0 0 0 0 0 0 
1 -1 0 0 1 0 0 -1 
1 0 0 0 1 0 0 -500 
1 0 1 0 0 0 0 -1 
1 0 -1 0 0 1 0 -1 
1 0 0 0 0 1 0 -500 
1 0 0 0 0 0 1 -400 
1 0 -1 0 1 0 0 -1 
1 -1 1 0 0 0 0 0 


[zyj-debug] After affine transformations
T(S1): (zT2+zT3, zT3, 0, i, i+j, 0, 1)
loop types (loop, loop, scalar, loop, loop, scalar, scalar)

T(S2): (zT3+zT4, zT4, zT5, i, k, 2k+l, 0)
loop types (loop, loop, loop, loop, loop, loop, scalar)

T(S3): (zT1+zT2, zT2, 0, i, 2i+1, 0, 2)
loop types (loop, loop, scalar, loop, loop, scalar, scalar)

t1 --> fwd_dep  loop   (band 0)no-ujam
t2 --> fwd_dep  loop   (band 0)no-ujam
t3 --> fwd_dep  loop   (band 0)no-ujam
t4 --> fwd_dep  loop   (band 0)no-ujam
t5 --> fwd_dep  loop   (band 0)no-ujam
t6 --> fwd_dep  loop   (band 0)no-ujam
t7 --> fwd_dep  scalar (band 1)no-ujam

