[zyj-debug] Before affine transformations
nvar = 1, npar = 1
Parameters: PB_M 
S1 "A[i+1] = A[i] + 3;"
ndims: 1; orig_depth: 1
iterators: i
Index set
3 4
1 1 0 0 
1 -1 1 -2 
1 0 1 -2 
T(S1): (0, i, 0)
loop types (loop, loop, loop)

Read accesses
A[i]
Write accesses
A[i+1]
Original loop: 0 -> yes

S2 "A[j] = A[j+2] + 6;"
ndims: 1; orig_depth: 1
iterators: j
Index set
3 4
1 1 0 0 
1 -1 1 -3 
1 0 1 -3 
T(S2): (1, j, 0)
loop types (loop, loop, loop)

Read accesses
A[j+2]
Write accesses
A[j]
Original loop: 0 -> yes

S3 "A[k-1] = 3;"
ndims: 1; orig_depth: 1
iterators: k
Index set
3 4
1 1 0 -1 
1 -1 1 0 
1 0 1 -1 
T(S3): (2, k, 0)
loop types (loop, loop, loop)

No Read accesses
Write accesses
A[k-1]
Original loop: 0 -> yes

--- Dep 1 from S1 to S2; satisfied: 0, sat level: -1; Type: RAW
on variable: A
Dependence polyhedron
4 5
0 -1 1 0 1 
1 1 0 0 -1 
1 -1 0 1 -2 
1 0 0 1 -50000000 

--- Dep 2 from S1 to S1; satisfied: 0, sat level: -1; Type: RAW
on variable: A
Dependence polyhedron
4 5
0 -1 1 0 -1 
1 1 0 0 0 
1 -1 0 1 -3 
1 0 0 1 -50000000 

--- Dep 3 from S2 to S3; satisfied: 0, sat level: -1; Type: WAR
on variable: A
Dependence polyhedron
4 5
0 -1 1 0 -3 
1 1 0 0 0 
1 -1 0 1 -3 
1 0 0 1 -50000000 

--- Dep 4 from S2 to S2; satisfied: 0, sat level: -1; Type: WAR
on variable: A
Dependence polyhedron
4 5
0 -1 1 0 -2 
1 1 0 0 0 
1 -1 0 1 -5 
1 0 0 1 -50000000 

--- Dep 5 from S1 to S2; satisfied: 0, sat level: -1; Type: WAR
on variable: A
Dependence polyhedron
4 5
0 -1 1 0 0 
1 1 0 0 0 
1 -1 0 1 -3 
1 0 0 1 -50000000 

--- Dep 6 from S1 to S3; satisfied: 0, sat level: -1; Type: WAR
on variable: A
Dependence polyhedron
4 5
0 -1 1 0 -1 
1 1 0 0 0 
1 -1 0 1 -2 
1 0 0 1 -50000000 

--- Dep 7 from S2 to S3; satisfied: 0, sat level: -1; Type: WAW
on variable: A
Dependence polyhedron
4 5
0 -1 1 0 -1 
1 1 0 0 0 
1 -1 0 1 -3 
1 0 0 1 -50000000 

--- Dep 8 from S1 to S2; satisfied: 0, sat level: -1; Type: WAW
on variable: A
Dependence polyhedron
4 5
0 -1 1 0 -1 
1 1 0 0 0 
1 -1 0 1 -4 
1 0 0 1 -50000000 

--- Dep 9 from S1 to S3; satisfied: 0, sat level: -1; Type: WAW
on variable: A
Dependence polyhedron
4 5
0 -1 1 0 -2 
1 1 0 0 0 
1 -1 0 1 -2 
1 0 0 1 -50000000 


[zyj-debug] After affine transformations
T(S1): (i, 0)
loop types (loop, scalar)

T(S2): (j+1, 1)
loop types (loop, scalar)

T(S3): (k, 2)
loop types (loop, scalar)

t1 --> fwd_dep  loop   (band 0)no-ujam
t2 --> serial   scalar (band 0)no-ujam

