[zyj-debug] Before affine transformations
nvar = 2, npar = 3
Parameters: PB_M PB_L PB_N 
S1 "A[i-1][j] = A[i-1][j-1] * A[i+1][j] - B[i][j] + 3;"
ndims: 2; orig_depth: 2
iterators: i, j
Index set
8 7
1 1 0 0 0 0 -1 
1 -1 0 1 0 0 -2 
1 0 0 1 0 0 -3 
1 0 1 0 0 0 -1 
1 1 -1 0 0 0 -1 
1 0 -1 0 1 0 -1 
1 1 0 0 0 0 -2 
1 0 0 0 1 0 -2 
T(S1): (0, i, 0, j, 0)
loop types (loop, loop, loop, loop, loop)

Read accesses
A[i-1][j-1]
A[i+1][j]
B[i][j]
Write accesses
A[i-1][j]
Original loop: 0 -> yes
Original loop: 1 -> yes

S2 "B[k][l+1] = 4;"
ndims: 2; orig_depth: 2
iterators: k, l
Index set
8 7
1 1 0 0 0 0 0 
1 -1 0 1 0 0 -1 
1 0 0 1 0 0 -1 
1 0 1 0 0 0 0 
1 1 -1 0 0 0 -1 
1 0 -1 1 0 0 -2 
1 1 0 0 0 0 -1 
1 0 0 1 0 0 -2 
T(S2): (1, k, 0, l, 0)
loop types (loop, loop, loop, loop, loop)

No Read accesses
Write accesses
B[k][l+1]
Original loop: 0 -> yes
Original loop: 1 -> yes

S3 "C[n+1][m] = D[m] - 3;"
ndims: 2; orig_depth: 2
iterators: m, n
Index set
6 7
1 1 0 0 0 0 0 
1 -1 0 0 1 0 -1 
1 0 0 0 1 0 -1 
1 0 1 0 0 0 1 
1 0 -1 0 0 1 -2 
1 0 0 0 0 1 -1 
T(S3): (2, m, 0, n, 0)
loop types (loop, loop, loop, loop, loop)

Read accesses
D[m]
Write accesses
C[n+1][m]
Original loop: 0 -> yes
Original loop: 1 -> yes

--- Dep 1 from S1 to S1; satisfied: 0, sat level: -1; Type: RAW
on variable: A
Dependence polyhedron
10 9
0 0 -1 0 1 0 0 0 -1 
0 -1 0 1 0 0 0 0 0 
1 1 0 0 0 0 0 0 -2 
1 -1 0 0 0 1 0 0 -2 
1 0 0 0 0 1 0 0 -7000 
1 0 1 0 0 0 0 0 -1 
1 1 -1 0 0 0 0 0 -2 
1 0 -1 0 0 0 1 0 -2 
1 0 0 0 0 0 1 0 -6000 
1 0 0 0 0 0 0 1 -8000 

--- Dep 2 from S1 to S1; satisfied: 0, sat level: -1; Type: WAR
on variable: A
Dependence polyhedron
10 9
0 0 -1 0 1 0 0 0 0 
0 -1 0 1 0 0 0 0 -2 
1 1 0 0 0 0 0 0 -2 
1 -1 0 0 0 1 0 0 -4 
1 0 0 0 0 1 0 0 -7000 
1 0 1 0 0 0 0 0 -1 
1 1 -1 0 0 0 0 0 -1 
1 0 -1 0 0 0 1 0 -1 
1 0 0 0 0 0 1 0 -6000 
1 0 0 0 0 0 0 1 -8000 

--- Dep 3 from S1 to S2; satisfied: 0, sat level: -1; Type: WAR
on variable: B
Dependence polyhedron
11 9
0 0 -1 0 1 0 0 0 1 
0 -1 0 1 0 0 0 0 0 
1 1 0 0 0 0 0 0 -2 
1 -1 0 0 0 1 0 0 -2 
1 0 0 0 0 1 0 0 -7000 
1 0 1 0 0 0 0 0 -1 
1 1 -1 0 0 0 0 0 -1 
1 0 -1 0 0 0 1 0 -1 
1 0 0 0 0 0 1 0 -6000 
1 0 0 0 0 0 0 1 -8000 
1 0 -1 0 0 1 0 0 -1 


[zyj-debug] After affine transformations
T(S1): (zT2+zT3, zT3, i, j, 1)
loop types (loop, loop, loop, loop, scalar)

T(S2): (zT2+zT3, zT3, k, l+1, 2)
loop types (loop, loop, loop, loop, scalar)

T(S3): (zT2+zT3, zT3, n, m, 0)
loop types (loop, loop, loop, loop, scalar)

t1 --> fwd_dep  loop   (band 0)no-ujam
t2 --> fwd_dep  loop   (band 0)no-ujam
t3 --> fwd_dep  loop   (band 0)no-ujam
t4 --> fwd_dep  loop   (band 0)no-ujam
t5 --> fwd_dep  scalar (band 0)no-ujam

