[zyj-debug] Before affine transformations
nvar = 3, npar = 2
Parameters: PB_L PB_P 
S1 "A[j][i] = A[j+1][i+2] * B[i][j] + C[j+1] - 2;"
ndims: 2; orig_depth: 2
iterators: i, j
Index set
6 6
1 1 0 0 0 0 
1 -1 0 1 0 -3 
1 0 0 1 0 -3 
1 0 1 0 0 0 
1 1 -1 0 0 -1 
1 1 0 0 0 -1 
T(S1): (0, i, 0, j, 0, 0, 0)
loop types (loop, loop, loop, loop, loop, scalar, scalar)

Read accesses
A[j+1][i+2]
B[i][j]
C[j+1]
Write accesses
A[j][i]
Original loop: 0 -> yes
Original loop: 1 -> yes

S2 "D[i][l-1][i] = D[i][l-1][i] - E[k-1][i+1][i] - 1;"
ndims: 3; orig_depth: 3
iterators: i, k, l
Index set
9 7
1 1 0 0 0 0 0 
1 -1 0 0 1 0 -3 
1 0 0 0 1 0 -3 
1 0 1 0 0 0 -1 
1 1 -1 0 0 0 -1 
1 1 0 0 0 0 -2 
1 0 0 1 0 0 -1 
1 0 0 -1 0 1 0 
1 0 0 0 0 1 -1 
T(S2): (0, i, 1, k, 0, l, 0)
loop types (loop, loop, loop, loop, loop, loop, loop)

Read accesses
D[i][l-1][i]
E[k-1][i+1][i]
Write accesses
D[i][l-1][i]
Original loop: 0 -> yes
Original loop: 1 -> yes
Original loop: 2 -> yes

S3 "C[i] = C[i+1] - F[i] * C[i] + 4;"
ndims: 1; orig_depth: 1
iterators: i
Index set
3 5
1 1 0 0 0 
1 -1 1 0 -3 
1 0 1 0 -3 
T(S3): (0, i, 2, 0, 0, 0, 0)
loop types (loop, loop, loop, scalar, scalar, scalar, scalar)

Read accesses
C[i+1]
F[i]
C[i]
Write accesses
C[i]
Original loop: 0 -> yes

--- Dep 1 from S3 to S1; satisfied: 0, sat level: -1; Type: RAW
on variable: C
Dependence polyhedron
8 7
0 -1 0 1 0 0 1 
1 1 0 0 0 0 -1 
1 -1 0 0 1 0 -3 
1 0 0 0 1 0 -300 
1 0 0 0 0 1 -500 
1 0 1 0 0 0 -1 
1 0 -1 0 1 0 -3 
1 -1 1 0 0 0 -1 

--- Dep 2 from S2 to S2; satisfied: 0, sat level: -1; Type: RAW
on variable: D
Dependence polyhedron
13 10
0 0 0 -1 0 0 1 0 0 0 
0 -1 0 0 1 0 0 0 0 0 
1 1 0 0 0 0 0 0 0 -2 
1 -1 0 0 0 0 0 1 0 -3 
1 0 0 0 0 0 0 1 0 -300 
1 0 1 0 0 0 0 0 0 -1 
1 1 -1 0 0 0 0 0 0 -1 
1 0 0 0 0 0 0 0 1 -500 
1 0 0 1 0 0 0 0 0 -1 
1 0 0 -1 0 0 0 0 1 0 
1 1 0 0 0 -1 0 0 0 -1 
1 0 0 0 0 1 0 0 0 -1 
1 0 -1 0 0 1 0 0 0 -1 

--- Dep 3 from S1 to S1; satisfied: 0, sat level: -1; Type: WAR
on variable: A
Dependence polyhedron
8 8
0 0 -1 0 1 0 0 -1 
0 -1 0 1 0 0 0 -2 
1 1 0 0 0 0 0 -1 
1 -1 0 0 0 1 0 -5 
1 0 0 0 0 1 0 -300 
1 0 1 0 0 0 0 0 
1 1 -1 0 0 0 0 -1 
1 0 0 0 0 0 1 -500 

--- Dep 4 from S2 to S2; satisfied: 0, sat level: -1; Type: WAR
on variable: D
Dependence polyhedron
13 10
0 0 0 -1 0 0 1 0 0 0 
0 -1 0 0 1 0 0 0 0 0 
1 1 0 0 0 0 0 0 0 -2 
1 -1 0 0 0 0 0 1 0 -3 
1 0 0 0 0 0 0 1 0 -300 
1 0 1 0 0 0 0 0 0 -1 
1 1 -1 0 0 0 0 0 0 -1 
1 0 0 0 0 0 0 0 1 -500 
1 0 0 1 0 0 0 0 0 -1 
1 0 0 -1 0 0 0 0 1 0 
1 1 0 0 0 -1 0 0 0 -1 
1 0 0 0 0 1 0 0 0 -1 
1 0 -1 0 0 1 0 0 0 -1 

--- Dep 5 from S3 to S3; satisfied: 0, sat level: -1; Type: WAR
on variable: C
Dependence polyhedron
5 6
0 -1 1 0 0 -1 
1 1 0 0 0 0 
1 -1 0 1 0 -4 
1 0 0 1 0 -300 
1 0 0 0 1 -500 

--- Dep 6 from S1 to S3; satisfied: 0, sat level: -1; Type: WAR
on variable: C
Dependence polyhedron
6 7
0 -1 0 1 0 0 0 
0 -1 1 0 0 0 1 
1 1 0 0 0 0 -1 
1 -1 0 0 1 0 -3 
1 0 0 0 1 0 -300 
1 0 0 0 0 1 -500 

--- Dep 7 from S2 to S2; satisfied: 0, sat level: -1; Type: WAW
on variable: D
Dependence polyhedron
13 10
0 0 0 -1 0 0 1 0 0 0 
0 -1 0 0 1 0 0 0 0 0 
1 1 0 0 0 0 0 0 0 -2 
1 -1 0 0 0 0 0 1 0 -3 
1 0 0 0 0 0 0 1 0 -300 
1 0 1 0 0 0 0 0 0 -1 
1 1 -1 0 0 0 0 0 0 -1 
1 0 0 0 0 0 0 0 1 -500 
1 0 0 1 0 0 0 0 0 -1 
1 0 0 -1 0 0 0 0 1 0 
1 1 0 0 0 -1 0 0 0 -1 
1 0 0 0 0 1 0 0 0 -1 
1 0 -1 0 0 1 0 0 0 -1 


[zyj-debug] After affine transformations
T(S1): (zT2+zT3, zT3, 0, j+1, i, 0, 1)
loop types (loop, loop, scalar, loop, loop, scalar, scalar)

T(S2): (zT3+zT4, zT4, zT5, i, k, l, 0)
loop types (loop, loop, loop, loop, loop, loop, scalar)

T(S3): (zT1+zT2, zT2, 0, i, i, 0, 2)
loop types (loop, loop, scalar, loop, loop, scalar, scalar)

t1 --> fwd_dep  loop   (band 0)no-ujam
t2 --> fwd_dep  loop   (band 0)no-ujam
t3 --> parallel loop   (band 0)no-ujam
t4 --> fwd_dep  loop   (band 0)no-ujam
t5 --> fwd_dep  loop   (band 0)no-ujam
t6 --> parallel loop   (band 0)no-ujam
t7 --> fwd_dep  scalar (band 1)no-ujam

