[zyj-debug] Before affine transformations
nvar = 3, npar = 1
Parameters: PB_L 
S1 "A[i] = A[i] + 4;"
ndims: 1; orig_depth: 1
iterators: i
Index set
3 4
1 1 0 -1 
1 -1 1 0 
1 0 1 -1 
T(S1): (0, i, 0, 0, 0, 0, 0)
loop types (loop, loop, loop, scalar, scalar, scalar, scalar)

Read accesses
A[i]
Write accesses
A[i]
Original loop: 0 -> yes

S2 "B[k-1][j-1][i-1] = B[k+1][i+1][j] + C[i+1][k] - 3;"
ndims: 3; orig_depth: 3
iterators: i, j, k
Index set
10 6
1 1 0 0 0 -1 
1 -1 0 0 1 0 
1 0 0 0 1 -1 
1 0 1 0 0 -1 
1 1 -1 0 0 -1 
1 0 -1 0 1 -1 
1 1 0 0 0 -2 
1 0 0 0 1 -2 
1 0 0 1 0 -1 
1 0 0 -1 1 -1 
T(S2): (0, i, 1, j, 0, k, 0)
loop types (loop, loop, loop, loop, loop, loop, loop)

Read accesses
B[k+1][i+1][j]
C[i+1][k]
Write accesses
B[k-1][j-1][i-1]
Original loop: 0 -> yes
Original loop: 1 -> yes
Original loop: 2 -> yes

S3 "B[i+1][m][l] = 6;"
ndims: 3; orig_depth: 3
iterators: i, l, m
Index set
9 6
1 1 0 0 0 -1 
1 -1 0 0 1 0 
1 0 0 0 1 -1 
1 0 1 0 0 0 
1 1 -1 0 0 -1 
1 0 -1 0 1 -1 
1 0 0 1 0 0 
1 0 1 -1 0 -1 
1 0 1 0 0 -1 
T(S3): (0, i, 2, l, 0, m, 0)
loop types (loop, loop, loop, loop, loop, loop, loop)

No Read accesses
Write accesses
B[i+1][m][l]
Original loop: 0 -> yes
Original loop: 1 -> yes
Original loop: 2 -> yes

--- Dep 1 from S2 to S3; satisfied: 0, sat level: -1; Type: WAW
on variable: B
Dependence polyhedron
12 9
0 0 -1 0 0 0 1 0 1 
0 -1 0 0 0 1 0 0 1 
0 0 0 -1 1 0 0 0 2 
1 1 0 0 0 0 0 0 -2 
1 -1 0 0 0 0 0 1 0 
1 0 0 0 0 0 0 1 -400 
1 0 1 0 0 0 0 0 -1 
1 1 -1 0 0 0 0 0 -1 
1 0 -1 0 0 0 0 1 -1 
1 0 0 -1 0 0 0 1 -1 
1 0 0 1 0 0 0 0 -3 
1 -1 0 1 0 0 0 0 -2 


[zyj-debug] After affine transformations
T(S1): (zT1, 0, 0, i, 0, 0, 2)
loop types (loop, scalar, scalar, loop, scalar, scalar, scalar)

T(S2): (zT3, zT4, zT5, i, j, k, 0)
loop types (loop, loop, loop, loop, loop, loop, scalar)

T(S3): (zT3, zT4, zT5, l+1, m+1, i+2, 1)
loop types (loop, loop, loop, loop, loop, loop, scalar)

t1 --> parallel loop   (band 0)no-ujam
t2 --> parallel loop   (band 0)no-ujam
t3 --> parallel loop   (band 0)no-ujam
t4 --> parallel loop   (band 0)no-ujam
t5 --> parallel loop   (band 0)no-ujam
t6 --> parallel loop   (band 0)no-ujam
t7 --> fwd_dep  scalar (band 0)no-ujam

