[zyj-debug] Before affine transformations
nvar = 2, npar = 3
Parameters: PB_L PB_P PB_M 
S1 "A[i] = A[i] * A[i] + A[i] * 1;"
ndims: 1; orig_depth: 1
iterators: i
Index set
3 6
1 1 0 0 0 0 
1 -1 1 0 0 -1 
1 0 1 0 0 -1 
T(S1): (0, i, 0, 0, 0)
loop types (loop, loop, loop, scalar, scalar)

Read accesses
A[i]
A[i]
A[i]
Write accesses
A[i]
Original loop: 0 -> yes

S2 "B[k][j] = B[k-2][j-1] * B[k+1][j] * C[k][j] - 4;"
ndims: 2; orig_depth: 2
iterators: j, k
Index set
8 7
1 1 0 0 0 0 -1 
1 -1 0 0 1 0 -1 
1 0 0 0 1 0 -2 
1 0 1 0 0 0 -2 
1 1 -1 0 0 0 -1 
1 0 -1 0 0 1 -1 
1 1 0 0 0 0 -3 
1 0 0 0 0 1 -3 
T(S2): (1, j, 0, k, 0)
loop types (loop, loop, loop, loop, loop)

Read accesses
B[k-2][j-1]
B[k+1][j]
C[k][j]
Write accesses
B[k][j]
Original loop: 0 -> yes
Original loop: 1 -> yes

S3 "B[m+1][m] = B[m+1][m-1] + C[m-1][l+1] + 4;"
ndims: 2; orig_depth: 2
iterators: l, m
Index set
6 7
1 1 0 0 0 0 1 
1 -1 0 1 0 0 -2 
1 0 0 1 0 0 -1 
1 0 1 0 0 0 -1 
1 0 -1 0 0 1 0 
1 0 0 0 0 1 -1 
T(S3): (2, l, 0, m, 0)
loop types (loop, loop, loop, loop, loop)

Read accesses
B[m+1][m-1]
C[m-1][l+1]
Write accesses
B[m+1][m]
Original loop: 0 -> yes
Original loop: 1 -> yes

--- Dep 1 from S2 to S2; satisfied: 0, sat level: -1; Type: RAW
on variable: B
Dependence polyhedron
10 9
0 0 -1 0 1 0 0 0 -2 
0 -1 0 1 0 0 0 0 -1 
1 1 0 0 0 0 0 0 -3 
1 -1 0 0 0 0 1 0 -2 
1 0 0 0 0 0 1 0 -7000 
1 0 1 0 0 0 0 0 -2 
1 1 -1 0 0 0 0 0 -2 
1 0 -1 0 0 0 0 1 -3 
1 0 0 0 0 0 0 1 -6000 
1 0 0 0 0 1 0 0 -8000 

--- Dep 2 from S2 to S2; satisfied: 0, sat level: -1; Type: WAR
on variable: B
Dependence polyhedron
10 9
0 0 -1 0 1 0 0 0 -1 
0 -1 0 1 0 0 0 0 0 
1 1 0 0 0 0 0 0 -3 
1 -1 0 0 0 0 1 0 -1 
1 0 0 0 0 0 1 0 -7000 
1 0 1 0 0 0 0 0 -2 
1 1 -1 0 0 0 0 0 -2 
1 0 -1 0 0 0 0 1 -2 
1 0 0 0 0 0 0 1 -6000 
1 0 0 0 0 1 0 0 -8000 

--- Dep 3 from S3 to S3; satisfied: 0, sat level: -1; Type: WAW
on variable: B
Dependence polyhedron
11 9
0 0 -1 0 1 0 0 0 0 
1 1 0 0 0 0 0 0 1 
1 -1 0 0 0 1 0 0 -2 
1 0 0 0 0 1 0 0 -8000 
1 0 1 0 0 0 0 0 -1 
1 0 -1 0 0 0 0 1 0 
1 0 0 0 0 0 0 1 -6000 
1 0 0 0 0 0 1 0 -7000 
1 0 0 1 0 0 0 0 1 
1 0 0 -1 0 1 0 0 -2 
1 -1 0 1 0 0 0 0 -1 


[zyj-debug] After affine transformations
T(S1): (zT1, 0, i, 0)
loop types (loop, scalar, loop, scalar)

T(S2): (zT2, zT3, j, k)
loop types (loop, loop, loop, loop)

T(S3): (zT2, zT3, m, l)
loop types (loop, loop, loop, loop)

t1 --> fwd_dep  loop   (band 0)no-ujam
t2 --> fwd_dep  loop   (band 0)no-ujam
t3 --> fwd_dep  loop   (band 0)no-ujam
t4 --> fwd_dep  loop   (band 0)no-ujam

