[zyj-debug] Before affine transformations
nvar = 3, npar = 3
Parameters: PB_L PB_M PB_P 
S1 "A[j][k][i+1] = A[j][k][i+3] + B[i][j][k-1] * 6;"
ndims: 3; orig_depth: 3
iterators: i, j, k
Index set
9 8
1 1 0 0 0 0 0 0 
1 -1 0 0 1 0 0 -4 
1 0 0 0 1 0 0 -4 
1 0 1 0 0 0 0 0 
1 0 -1 0 1 0 0 -1 
1 0 0 0 1 0 0 -1 
1 0 0 1 0 0 0 -1 
1 1 0 -1 0 0 0 -1 
1 1 0 0 0 0 0 -2 
T(S1): (0, i, 0, j, 0, k, 0)
loop types (loop, loop, loop, loop, loop, loop, loop)

Read accesses
A[j][k][i+3]
B[i][j][k-1]
Write accesses
A[j][k][i+1]
Original loop: 0 -> yes
Original loop: 1 -> yes
Original loop: 2 -> yes

S2 "B[n][m][n] = B[n][m][n] - B[n][m][n] - C[l][n][m-1] - 1;"
ndims: 3; orig_depth: 3
iterators: l, m, n
Index set
11 8
1 1 0 0 0 0 0 0 
1 -1 0 0 0 1 0 -1 
1 0 0 0 0 1 0 -1 
1 0 1 0 0 0 0 -1 
1 1 -1 0 0 0 0 -1 
1 0 -1 0 1 0 0 -1 
1 1 0 0 0 0 0 -2 
1 0 0 0 1 0 0 -2 
1 0 0 1 0 0 0 0 
1 0 0 -1 0 0 1 -1 
1 0 0 0 0 0 1 -1 
T(S2): (1, l, 0, m, 0, n, 0)
loop types (loop, loop, loop, loop, loop, loop, loop)

Read accesses
B[n][m][n]
B[n][m][n]
C[l][n][m-1]
Write accesses
B[n][m][n]
Original loop: 0 -> yes
Original loop: 1 -> yes
Original loop: 2 -> yes

S3 "D[p][p+1] = D[p][p+1] + E[p][o+1] - 3;"
ndims: 2; orig_depth: 2
iterators: o, p
Index set
6 7
1 1 0 0 0 0 1 
1 -1 0 0 0 1 -2 
1 0 0 0 0 1 -1 
1 0 1 0 0 0 0 
1 0 -1 1 0 0 -2 
1 0 0 1 0 0 -2 
T(S3): (2, o, 0, p, 0, 0, 0)
loop types (loop, loop, loop, loop, loop, scalar, scalar)

Read accesses
D[p][p+1]
E[p][o+1]
Write accesses
D[p][p+1]
Original loop: 0 -> yes
Original loop: 1 -> yes

--- Dep 1 from S3 to S3; satisfied: 0, sat level: -1; Type: RAW
on variable: D
Dependence polyhedron
11 9
0 0 -1 0 1 0 0 0 0 
1 1 0 0 0 0 0 0 1 
1 -1 0 0 0 0 0 1 -2 
1 0 0 0 0 0 0 1 -300 
1 0 1 0 0 0 0 0 0 
1 0 -1 0 0 1 0 0 -2 
1 0 0 0 0 1 0 0 -300 
1 0 0 0 0 0 1 0 -400 
1 0 0 1 0 0 0 0 1 
1 0 0 -1 0 0 0 1 -2 
1 -1 0 1 0 0 0 0 -1 

--- Dep 2 from S2 to S2; satisfied: 0, sat level: -1; Type: RAW
on variable: B
Dependence polyhedron
16 11
0 0 0 -1 0 0 1 0 0 0 0 
0 0 -1 0 0 1 0 0 0 0 0 
1 1 0 0 0 0 0 0 0 0 -2 
1 -1 0 0 0 0 0 0 1 0 -1 
1 0 0 0 0 0 0 0 1 0 -400 
1 0 1 0 0 0 0 0 0 0 -1 
1 1 -1 0 0 0 0 0 0 0 -1 
1 0 -1 0 0 0 0 1 0 0 -1 
1 0 0 0 0 0 0 0 0 1 -300 
1 0 0 0 0 0 0 1 0 0 -300 
1 0 0 1 0 0 0 0 0 0 0 
1 0 0 -1 0 0 0 0 0 1 -1 
1 0 0 0 1 0 0 0 0 0 -2 
1 0 0 0 -1 0 0 0 1 0 -1 
1 0 -1 0 1 0 0 0 0 0 -1 
1 -1 0 0 1 0 0 0 0 0 -1 

--- Dep 3 from S2 to S2; satisfied: 0, sat level: -1; Type: RAW
on variable: B
Dependence polyhedron
16 11
0 0 0 -1 0 0 1 0 0 0 0 
0 0 -1 0 0 1 0 0 0 0 0 
1 1 0 0 0 0 0 0 0 0 -2 
1 -1 0 0 0 0 0 0 1 0 -1 
1 0 0 0 0 0 0 0 1 0 -400 
1 0 1 0 0 0 0 0 0 0 -1 
1 1 -1 0 0 0 0 0 0 0 -1 
1 0 -1 0 0 0 0 1 0 0 -1 
1 0 0 0 0 0 0 0 0 1 -300 
1 0 0 0 0 0 0 1 0 0 -300 
1 0 0 1 0 0 0 0 0 0 0 
1 0 0 -1 0 0 0 0 0 1 -1 
1 0 0 0 1 0 0 0 0 0 -2 
1 0 0 0 -1 0 0 0 1 0 -1 
1 0 -1 0 1 0 0 0 0 0 -1 
1 -1 0 0 1 0 0 0 0 0 -1 

--- Dep 4 from S1 to S1; satisfied: 0, sat level: -1; Type: WAR
on variable: A
Dependence polyhedron
12 11
0 0 0 -1 0 0 1 0 0 0 0 
0 0 -1 0 0 1 0 0 0 0 0 
0 -1 0 0 1 0 0 0 0 0 -2 
1 1 0 0 0 0 0 0 0 0 -2 
1 -1 0 0 0 0 0 1 0 0 -6 
1 0 0 0 0 0 0 1 0 0 -300 
1 0 1 0 0 0 0 0 0 0 0 
1 0 -1 0 0 0 0 1 0 0 -1 
1 1 0 -1 0 0 0 0 0 0 -1 
1 0 0 1 0 0 0 0 0 0 -1 
1 0 0 0 0 0 0 0 1 0 -400 
1 0 0 0 0 0 0 0 0 1 -300 

--- Dep 5 from S3 to S3; satisfied: 0, sat level: -1; Type: WAR
on variable: D
Dependence polyhedron
11 9
0 0 -1 0 1 0 0 0 0 
1 1 0 0 0 0 0 0 1 
1 -1 0 0 0 0 0 1 -2 
1 0 0 0 0 0 0 1 -300 
1 0 1 0 0 0 0 0 0 
1 0 -1 0 0 1 0 0 -2 
1 0 0 0 0 1 0 0 -300 
1 0 0 0 0 0 1 0 -400 
1 0 0 1 0 0 0 0 1 
1 0 0 -1 0 0 0 1 -2 
1 -1 0 1 0 0 0 0 -1 

--- Dep 6 from S2 to S2; satisfied: 0, sat level: -1; Type: WAR
on variable: B
Dependence polyhedron
16 11
0 0 0 -1 0 0 1 0 0 0 0 
0 0 -1 0 0 1 0 0 0 0 0 
1 1 0 0 0 0 0 0 0 0 -2 
1 -1 0 0 0 0 0 0 1 0 -1 
1 0 0 0 0 0 0 0 1 0 -400 
1 0 1 0 0 0 0 0 0 0 -1 
1 1 -1 0 0 0 0 0 0 0 -1 
1 0 -1 0 0 0 0 1 0 0 -1 
1 0 0 0 0 0 0 0 0 1 -300 
1 0 0 0 0 0 0 1 0 0 -300 
1 0 0 1 0 0 0 0 0 0 0 
1 0 0 -1 0 0 0 0 0 1 -1 
1 0 0 0 1 0 0 0 0 0 -2 
1 0 0 0 -1 0 0 0 1 0 -1 
1 0 -1 0 1 0 0 0 0 0 -1 
1 -1 0 0 1 0 0 0 0 0 -1 

--- Dep 7 from S2 to S2; satisfied: 0, sat level: -1; Type: WAR
on variable: B
Dependence polyhedron
16 11
0 0 0 -1 0 0 1 0 0 0 0 
0 0 -1 0 0 1 0 0 0 0 0 
1 1 0 0 0 0 0 0 0 0 -2 
1 -1 0 0 0 0 0 0 1 0 -1 
1 0 0 0 0 0 0 0 1 0 -400 
1 0 1 0 0 0 0 0 0 0 -1 
1 1 -1 0 0 0 0 0 0 0 -1 
1 0 -1 0 0 0 0 1 0 0 -1 
1 0 0 0 0 0 0 0 0 1 -300 
1 0 0 0 0 0 0 1 0 0 -300 
1 0 0 1 0 0 0 0 0 0 0 
1 0 0 -1 0 0 0 0 0 1 -1 
1 0 0 0 1 0 0 0 0 0 -2 
1 0 0 0 -1 0 0 0 1 0 -1 
1 0 -1 0 1 0 0 0 0 0 -1 
1 -1 0 0 1 0 0 0 0 0 -1 

--- Dep 8 from S3 to S3; satisfied: 0, sat level: -1; Type: WAW
on variable: D
Dependence polyhedron
11 9
0 0 -1 0 1 0 0 0 0 
1 1 0 0 0 0 0 0 1 
1 -1 0 0 0 0 0 1 -2 
1 0 0 0 0 0 0 1 -300 
1 0 1 0 0 0 0 0 0 
1 0 -1 0 0 1 0 0 -2 
1 0 0 0 0 1 0 0 -300 
1 0 0 0 0 0 1 0 -400 
1 0 0 1 0 0 0 0 1 
1 0 0 -1 0 0 0 1 -2 
1 -1 0 1 0 0 0 0 -1 

--- Dep 9 from S2 to S2; satisfied: 0, sat level: -1; Type: WAW
on variable: B
Dependence polyhedron
16 11
0 0 0 -1 0 0 1 0 0 0 0 
0 0 -1 0 0 1 0 0 0 0 0 
1 1 0 0 0 0 0 0 0 0 -2 
1 -1 0 0 0 0 0 0 1 0 -1 
1 0 0 0 0 0 0 0 1 0 -400 
1 0 1 0 0 0 0 0 0 0 -1 
1 1 -1 0 0 0 0 0 0 0 -1 
1 0 -1 0 0 0 0 1 0 0 -1 
1 0 0 0 0 0 0 0 0 1 -300 
1 0 0 0 0 0 0 1 0 0 -300 
1 0 0 1 0 0 0 0 0 0 0 
1 0 0 -1 0 0 0 0 0 1 -1 
1 0 0 0 1 0 0 0 0 0 -2 
1 0 0 0 -1 0 0 0 1 0 -1 
1 0 -1 0 1 0 0 0 0 0 -1 
1 -1 0 0 1 0 0 0 0 0 -1 


[zyj-debug] After affine transformations
T(S1): (zT3, zT4, zT5, j, i, k)
loop types (loop, loop, loop, loop, loop, loop)

T(S2): (zT3, zT4, zT5, m, n, l)
loop types (loop, loop, loop, loop, loop, loop)

T(S3): (zT2, zT3, 0, p, o, 0)
loop types (loop, loop, scalar, loop, loop, scalar)

t1 --> parallel loop   (band 0)no-ujam
t2 --> fwd_dep  loop   (band 0)no-ujam
t3 --> fwd_dep  loop   (band 0)no-ujam
t4 --> parallel loop   (band 0)no-ujam
t5 --> fwd_dep  loop   (band 0)no-ujam
t6 --> fwd_dep  loop   (band 0)no-ujam

