[zyj-debug] Before affine transformations
nvar = 3, npar = 2
Parameters: PB_M PB_N 
S1 "A[i-1] = A[i-1] * 2;"
ndims: 1; orig_depth: 1
iterators: i
Index set
3 5
1 1 0 0 -3 
1 -1 1 0 -2 
1 0 1 0 -5 
T(S1): (0, i, 0, 0, 0, 0, 0)
loop types (loop, loop, loop, scalar, scalar, scalar, scalar)

Read accesses
A[i-1]
Write accesses
A[i-1]
Original loop: 0 -> yes

S2 "B[j][i+1] = A[i-3] + B[j][i+1] + 6;"
ndims: 2; orig_depth: 2
iterators: i, j
Index set
6 6
1 1 0 0 0 -3 
1 -1 0 1 0 -2 
1 0 0 1 0 -5 
1 0 1 0 0 0 
1 0 -1 0 1 -1 
1 0 0 0 1 -1 
T(S2): (0, i, 1, j, 0, 0, 0)
loop types (loop, loop, loop, loop, loop, scalar, scalar)

Read accesses
A[i-3]
B[j][i+1]
Write accesses
B[j][i+1]
Original loop: 0 -> yes
Original loop: 1 -> yes

S3 "A[k] = C[k][l] - 4;"
ndims: 2; orig_depth: 2
iterators: k, l
Index set
6 6
1 1 0 0 0 0 
1 -1 0 0 1 -2 
1 0 0 0 1 -2 
1 0 1 0 0 -2 
1 0 -1 1 0 -2 
1 0 0 1 0 -4 
T(S3): (1, k, 0, l, 0, 0, 0)
loop types (loop, loop, loop, loop, loop, scalar, scalar)

Read accesses
C[k][l]
Write accesses
A[k]
Original loop: 0 -> yes
Original loop: 1 -> yes

S4 "D[l][l][m] = D[l][l-2][m] + D[l+1][l][m] * E[k+1][l][m] + 3;"
ndims: 3; orig_depth: 3
iterators: k, l, m
Index set
9 7
1 1 0 0 0 0 0 
1 -1 0 0 0 1 -2 
1 0 0 0 0 1 -2 
1 0 1 0 0 0 -2 
1 0 -1 0 1 0 -2 
1 0 0 0 1 0 -4 
1 0 0 1 0 0 0 
1 0 0 -1 1 0 -1 
1 0 0 0 1 0 -1 
T(S4): (1, k, 0, l, 1, m, 0)
loop types (loop, loop, loop, loop, loop, loop, loop)

Read accesses
D[l][l-2][m]
D[l+1][l][m]
E[k+1][l][m]
Write accesses
D[l][l][m]
Original loop: 0 -> yes
Original loop: 1 -> yes
Original loop: 2 -> yes

--- Dep 1 from S1 to S2; satisfied: 0, sat level: -1; Type: RAW
on variable: A
Dependence polyhedron
7 7
0 -1 1 0 0 0 -2 
1 1 0 0 0 0 -3 
1 -1 0 0 1 0 -4 
1 0 0 0 1 0 -300 
1 0 0 0 0 1 -300 
1 0 0 -1 0 1 -1 
1 0 0 1 0 0 0 

--- Dep 2 from S2 to S3; satisfied: 0, sat level: -1; Type: WAR
on variable: A
Dependence polyhedron
10 8
0 -1 0 1 0 0 0 3 
1 1 0 0 0 0 0 -3 
1 -1 0 0 0 1 0 -2 
1 0 0 0 0 1 0 -300 
1 0 1 0 0 0 0 0 
1 0 -1 0 0 0 1 -1 
1 0 0 0 0 0 1 -300 
1 0 0 0 -1 1 0 -2 
1 -1 0 0 0 0 1 1 
1 0 0 0 1 0 0 -2 

--- Dep 3 from S1 to S3; satisfied: 0, sat level: -1; Type: WAR
on variable: A
Dependence polyhedron
8 7
0 -1 1 0 0 0 1 
1 1 0 0 0 0 -3 
1 -1 0 0 1 0 -2 
1 0 0 0 1 0 -300 
1 0 0 0 0 1 -300 
1 0 0 -1 1 0 -2 
1 -1 0 0 0 1 -1 
1 0 0 1 0 0 -2 

--- Dep 4 from S1 to S3; satisfied: 0, sat level: -1; Type: WAW
on variable: A
Dependence polyhedron
8 7
0 -1 1 0 0 0 1 
1 1 0 0 0 0 -3 
1 -1 0 0 1 0 -2 
1 0 0 0 1 0 -300 
1 0 0 0 0 1 -300 
1 0 0 -1 1 0 -2 
1 -1 0 0 0 1 -1 
1 0 0 1 0 0 -2 

--- Dep 5 from S4 to S4; satisfied: 0, sat level: -1; Type: WAW
on variable: D
Dependence polyhedron
13 10
0 0 0 -1 0 0 1 0 0 0 
0 0 -1 0 0 1 0 0 0 0 
1 1 0 0 0 0 0 0 0 0 
1 -1 0 0 0 0 0 0 1 -2 
1 0 0 0 0 0 0 0 1 -300 
1 0 1 0 0 0 0 0 0 -2 
1 0 -1 0 0 0 0 1 0 -2 
1 0 0 0 0 0 0 1 0 -300 
1 0 0 1 0 0 0 0 0 0 
1 0 0 -1 0 0 0 1 0 -1 
1 0 0 0 1 0 0 0 0 0 
1 0 0 0 -1 0 0 0 1 -2 
1 -1 0 0 1 0 0 0 0 -1 

--- Dep 6 from S3 to S3; satisfied: 0, sat level: -1; Type: WAW
on variable: A
Dependence polyhedron
10 8
0 -1 0 1 0 0 0 0 
1 1 0 0 0 0 0 0 
1 -1 0 0 0 0 1 -2 
1 0 0 0 0 0 1 -300 
1 0 1 0 0 0 0 -2 
1 0 -1 0 0 1 0 -2 
1 0 0 0 0 1 0 -300 
1 0 0 0 -1 1 0 -2 
1 0 0 0 1 0 0 -2 
1 0 -1 0 1 0 0 -1 


[zyj-debug] After affine transformations
T(S1): (1, zT1, i, 1, 0, 0, 0, 0, 0)
loop types (scalar, loop, loop, scalar, scalar, scalar, scalar, scalar, scalar)

T(S2): (2, zT2, 0, zT3, i, 0, j, 0, 0)
loop types (scalar, loop, scalar, loop, loop, scalar, loop, scalar, scalar)

T(S3): (2, zT2, 1, zT3, k+3, 1, l, 0, 0)
loop types (scalar, loop, scalar, loop, loop, scalar, loop, scalar, scalar)

T(S4): (0, zT3, 0, zT4, zT5, l, 0, k, m)
loop types (scalar, loop, scalar, loop, loop, loop, scalar, loop, loop)

t1 --> fwd_dep  scalar (band 0)no-ujam
t2 --> parallel loop   (band 0)no-ujam
t3 --> fwd_dep  loop   (band 0)no-ujam
t4 --> fwd_dep  loop   (band 1)no-ujam
t5 --> fwd_dep  loop   (band 1)no-ujam
t6 --> parallel loop   (band 1)no-ujam
t7 --> fwd_dep  loop   (band 1)no-ujam
t8 --> fwd_dep  loop   (band 1)no-ujam
t9 --> parallel loop   (band 1)no-ujam

