[zyj-debug] Before affine transformations
nvar = 3, npar = 2
Parameters: PB_L PB_P 
S1 "A[j-1][i] = A[j][i] + B[i+1][i] * C[i] - 4;"
ndims: 2; orig_depth: 2
iterators: i, j
Index set
6 6
1 1 0 0 0 -1 
1 -1 0 1 0 -2 
1 0 0 1 0 -3 
1 0 1 0 0 -1 
1 1 -1 0 0 -1 
1 1 0 0 0 -2 
T(S1): (0, i, 0, j, 0, 0, 0)
loop types (loop, loop, loop, loop, loop, scalar, scalar)

Read accesses
A[j][i]
B[i+1][i]
C[i]
Write accesses
A[j-1][i]
Original loop: 0 -> yes
Original loop: 1 -> yes

S2 "C[j] = A[j-1][i-1] * B[i][j-1] * 2;"
ndims: 2; orig_depth: 2
iterators: i, j
Index set
6 6
1 1 0 0 0 -1 
1 -1 0 1 0 -2 
1 0 0 1 0 -3 
1 0 1 0 0 -1 
1 1 -1 0 0 -1 
1 1 0 0 0 -2 
T(S2): (0, i, 0, j, 1, 0, 0)
loop types (loop, loop, loop, loop, loop, scalar, scalar)

Read accesses
A[j-1][i-1]
B[i][j-1]
Write accesses
C[j]
Original loop: 0 -> yes
Original loop: 1 -> yes

S3 "A[l+1][k] = B[l][m] * B[l][m+1] * 6;"
ndims: 3; orig_depth: 3
iterators: k, l, m
Index set
8 7
1 1 0 0 0 0 0 
1 -1 0 0 1 0 -1 
1 0 0 0 1 0 -1 
1 0 1 0 0 0 0 
1 0 -1 0 1 0 -1 
1 0 0 1 0 0 0 
1 0 0 -1 0 1 -2 
1 0 0 0 0 1 -2 
T(S3): (1, k, 0, l, 0, m, 0)
loop types (loop, loop, loop, loop, loop, loop, loop)

Read accesses
B[l][m]
B[l][m+1]
Write accesses
A[l+1][k]
Original loop: 0 -> yes
Original loop: 1 -> yes
Original loop: 2 -> yes

S4 "B[l][m] = A[l+1][k] - 6;"
ndims: 3; orig_depth: 3
iterators: k, l, m
Index set
8 7
1 1 0 0 0 0 0 
1 -1 0 0 1 0 -1 
1 0 0 0 1 0 -1 
1 0 1 0 0 0 0 
1 0 -1 0 1 0 -1 
1 0 0 1 0 0 0 
1 0 0 -1 0 1 -2 
1 0 0 0 0 1 -2 
T(S4): (1, k, 0, l, 0, m, 1)
loop types (loop, loop, loop, loop, loop, loop, loop)

Read accesses
A[l+1][k]
Write accesses
B[l][m]
Original loop: 0 -> yes
Original loop: 1 -> yes
Original loop: 2 -> yes

--- Dep 1 from S4 to S3; satisfied: 0, sat level: -1; Type: RAW
on variable: B
Dependence polyhedron
13 10
0 0 0 -1 0 0 1 0 0 0 
0 0 -1 0 0 1 0 0 0 0 
1 1 0 0 0 0 0 0 0 0 
1 -1 0 0 0 0 0 1 0 -1 
1 0 0 0 0 0 0 1 0 -300 
1 0 1 0 0 0 0 0 0 0 
1 0 -1 0 0 0 0 1 0 -1 
1 0 0 1 0 0 0 0 0 0 
1 0 0 -1 0 0 0 0 1 -2 
1 0 0 0 0 0 0 0 1 -400 
1 0 0 0 1 0 0 0 0 0 
1 0 0 0 -1 0 0 1 0 -1 
1 -1 0 0 1 0 0 0 0 -1 

--- Dep 2 from S1 to S2; satisfied: 0, sat level: -1; Type: RAW
on variable: A
Dependence polyhedron
8 8
0 0 -1 0 1 0 0 0 
0 -1 0 1 0 0 0 -1 
1 1 0 0 0 0 0 -2 
1 -1 0 0 0 1 0 -3 
1 0 0 0 0 1 0 -300 
1 0 1 0 0 0 0 -1 
1 1 -1 0 0 0 0 -1 
1 0 0 0 0 0 1 -400 

--- Dep 3 from S4 to S3; satisfied: 0, sat level: -1; Type: RAW
on variable: B
Dependence polyhedron
13 10
0 0 0 -1 0 0 1 0 0 1 
0 0 -1 0 0 1 0 0 0 0 
1 1 0 0 0 0 0 0 0 0 
1 -1 0 0 0 0 0 1 0 -1 
1 0 0 0 0 0 0 1 0 -300 
1 0 1 0 0 0 0 0 0 0 
1 0 -1 0 0 0 0 1 0 -1 
1 0 0 1 0 0 0 0 0 -1 
1 0 0 -1 0 0 0 0 1 -2 
1 0 0 0 0 0 0 0 1 -400 
1 0 0 0 1 0 0 0 0 0 
1 0 0 0 -1 0 0 1 0 -1 
1 -1 0 0 1 0 0 0 0 -1 

--- Dep 4 from S3 to S4; satisfied: 0, sat level: -1; Type: RAW
on variable: A
Dependence polyhedron
13 10
0 0 -1 0 0 1 0 0 0 0 
0 -1 0 0 1 0 0 0 0 0 
1 1 0 0 0 0 0 0 0 0 
1 -1 0 0 0 0 0 1 0 -1 
1 0 0 0 0 0 0 1 0 -300 
1 0 1 0 0 0 0 0 0 0 
1 0 -1 0 0 0 0 1 0 -1 
1 0 0 1 0 0 0 0 0 0 
1 0 0 -1 0 0 0 0 1 -2 
1 0 0 0 0 0 0 0 1 -400 
1 0 0 0 0 0 -1 0 1 -2 
1 0 0 0 0 0 1 0 0 0 
1 0 0 -1 0 0 1 0 0 0 

--- Dep 5 from S1 to S4; satisfied: 0, sat level: -1; Type: RAW
on variable: A
Dependence polyhedron
11 9
0 0 -1 0 1 0 0 0 2 
0 -1 0 1 0 0 0 0 0 
1 1 0 0 0 0 0 0 -2 
1 -1 0 0 0 0 1 0 -2 
1 0 0 0 0 0 1 0 -300 
1 0 1 0 0 0 0 0 -2 
1 1 -1 0 0 0 0 0 -1 
1 0 0 0 0 0 0 1 -400 
1 0 0 0 0 -1 0 1 -2 
1 0 0 0 0 1 0 0 0 
1 0 -1 0 0 0 1 0 1 

--- Dep 6 from S2 to S4; satisfied: 0, sat level: -1; Type: WAR
on variable: B
Dependence polyhedron
11 9
0 0 -1 0 0 1 0 0 1 
0 -1 0 0 1 0 0 0 0 
1 1 0 0 0 0 0 0 -2 
1 -1 0 0 0 0 1 0 -2 
1 0 0 0 0 0 1 0 -300 
1 0 1 0 0 0 0 0 -1 
1 1 -1 0 0 0 0 0 -1 
1 0 0 0 0 0 0 1 -400 
1 0 0 1 0 0 0 0 0 
1 0 0 -1 0 0 1 0 -1 
1 0 -1 0 0 0 0 1 -1 

--- Dep 7 from S1 to S3; satisfied: 0, sat level: -1; Type: WAR
on variable: A
Dependence polyhedron
11 9
0 0 -1 0 1 0 0 0 1 
0 -1 0 1 0 0 0 0 0 
1 1 0 0 0 0 0 0 -2 
1 -1 0 0 0 0 1 0 -2 
1 0 0 0 0 0 1 0 -300 
1 0 1 0 0 0 0 0 -1 
1 1 -1 0 0 0 0 0 -1 
1 0 0 0 0 0 0 1 -400 
1 0 0 0 0 -1 0 1 -2 
1 0 0 0 0 1 0 0 0 
1 0 -1 0 0 0 1 0 0 

--- Dep 8 from S1 to S1; satisfied: 0, sat level: -1; Type: WAR
on variable: A
Dependence polyhedron
8 8
0 0 -1 0 1 0 0 -1 
0 -1 0 1 0 0 0 0 
1 1 0 0 0 0 0 -2 
1 -1 0 0 0 1 0 -2 
1 0 0 0 0 1 0 -300 
1 0 1 0 0 0 0 -1 
1 1 -1 0 0 0 0 -2 
1 0 0 0 0 0 1 -400 

--- Dep 9 from S3 to S4; satisfied: 0, sat level: -1; Type: WAR
on variable: B
Dependence polyhedron
11 10
0 0 0 -1 0 0 1 0 0 0 
0 0 -1 0 0 1 0 0 0 0 
1 1 0 0 0 0 0 0 0 0 
1 0 0 0 -1 0 0 1 0 -1 
1 0 0 0 0 0 0 1 0 -300 
1 0 1 0 0 0 0 0 0 0 
1 0 -1 0 0 0 0 1 0 -1 
1 0 0 1 0 0 0 0 0 0 
1 0 0 -1 0 0 0 0 1 -2 
1 0 0 0 0 0 0 0 1 -400 
1 -1 0 0 1 0 0 0 0 0 

--- Dep 10 from S2 to S3; satisfied: 0, sat level: -1; Type: WAR
on variable: A
Dependence polyhedron
11 9
0 0 -1 0 1 0 0 0 2 
0 -1 0 1 0 0 0 0 1 
1 1 0 0 0 0 0 0 -2 
1 -1 0 0 0 0 1 0 -2 
1 0 0 0 0 0 1 0 -300 
1 0 1 0 0 0 0 0 -2 
1 1 -1 0 0 0 0 0 -1 
1 0 0 0 0 0 0 1 -400 
1 0 0 0 0 -1 0 1 -2 
1 0 0 0 0 1 0 0 0 
1 0 -1 0 0 0 1 0 1 

--- Dep 11 from S1 to S4; satisfied: 0, sat level: -1; Type: WAR
on variable: B
Dependence polyhedron
11 9
0 -1 0 0 0 1 0 0 0 
0 -1 0 0 1 0 0 0 -1 
1 1 0 0 0 0 0 0 -2 
1 -1 0 0 0 0 1 0 -2 
1 0 0 0 0 0 1 0 -300 
1 0 1 0 0 0 0 0 -1 
1 1 -1 0 0 0 0 0 -1 
1 0 0 0 0 0 0 1 -400 
1 0 0 1 0 0 0 0 0 
1 0 0 -1 0 0 1 0 -1 
1 -1 0 0 0 0 0 1 -2 

--- Dep 12 from S1 to S2; satisfied: 0, sat level: -1; Type: WAR
on variable: C
Dependence polyhedron
10 8
0 -1 0 0 1 0 0 0 
1 1 0 0 0 0 0 -2 
1 -1 0 0 0 1 0 -2 
1 0 0 0 0 1 0 -300 
1 0 1 0 0 0 0 -1 
1 1 -1 0 0 0 0 -1 
1 0 0 0 0 0 1 -400 
1 0 0 1 0 0 0 -2 
1 0 0 -1 0 1 0 -2 
1 -1 0 1 0 0 0 -1 

--- Dep 13 from S4 to S3; satisfied: 0, sat level: -1; Type: WAR
on variable: A
Dependence polyhedron
13 10
0 0 -1 0 0 1 0 0 0 0 
0 -1 0 0 1 0 0 0 0 0 
1 1 0 0 0 0 0 0 0 0 
1 -1 0 0 0 0 0 1 0 -1 
1 0 0 0 0 0 0 1 0 -300 
1 0 1 0 0 0 0 0 0 0 
1 0 -1 0 0 0 0 1 0 -1 
1 0 0 1 0 0 0 0 0 0 
1 0 0 -1 0 0 0 0 1 -2 
1 0 0 0 0 0 0 0 1 -400 
1 0 0 0 0 0 -1 0 1 -2 
1 0 0 0 0 0 1 0 0 0 
1 0 0 -1 0 0 1 0 0 -1 

--- Dep 14 from S3 to S4; satisfied: 0, sat level: -1; Type: WAR
on variable: B
Dependence polyhedron
11 10
0 0 0 -1 0 0 1 0 0 -1 
0 0 -1 0 0 1 0 0 0 0 
1 1 0 0 0 0 0 0 0 0 
1 0 0 0 -1 0 0 1 0 -1 
1 0 0 0 0 0 0 1 0 -300 
1 0 1 0 0 0 0 0 0 0 
1 0 -1 0 0 0 0 1 0 -1 
1 0 0 1 0 0 0 0 0 0 
1 0 0 -1 0 0 0 0 1 -3 
1 0 0 0 0 0 0 0 1 -400 
1 -1 0 0 1 0 0 0 0 0 

--- Dep 15 from S2 to S2; satisfied: 0, sat level: -1; Type: WAW
on variable: C
Dependence polyhedron
11 8
0 0 -1 0 1 0 0 0 
1 1 0 0 0 0 0 -2 
1 -1 0 0 0 1 0 -2 
1 0 0 0 0 1 0 -300 
1 0 1 0 0 0 0 -1 
1 1 -1 0 0 0 0 -1 
1 0 0 0 0 0 1 -400 
1 0 0 1 0 0 0 -2 
1 0 0 -1 0 1 0 -2 
1 0 -1 1 0 0 0 -1 
1 -1 0 1 0 0 0 -1 

--- Dep 16 from S4 to S4; satisfied: 0, sat level: -1; Type: WAW
on variable: B
Dependence polyhedron
13 10
0 0 0 -1 0 0 1 0 0 0 
0 0 -1 0 0 1 0 0 0 0 
1 1 0 0 0 0 0 0 0 0 
1 -1 0 0 0 0 0 1 0 -1 
1 0 0 0 0 0 0 1 0 -300 
1 0 1 0 0 0 0 0 0 0 
1 0 -1 0 0 0 0 1 0 -1 
1 0 0 1 0 0 0 0 0 0 
1 0 0 -1 0 0 0 0 1 -2 
1 0 0 0 0 0 0 0 1 -400 
1 0 0 0 1 0 0 0 0 0 
1 0 0 0 -1 0 0 1 0 -1 
1 -1 0 0 1 0 0 0 0 -1 

--- Dep 17 from S3 to S3; satisfied: 0, sat level: -1; Type: WAW
on variable: A
Dependence polyhedron
13 10
0 0 -1 0 0 1 0 0 0 0 
0 -1 0 0 1 0 0 0 0 0 
1 1 0 0 0 0 0 0 0 0 
1 -1 0 0 0 0 0 1 0 -1 
1 0 0 0 0 0 0 1 0 -300 
1 0 1 0 0 0 0 0 0 0 
1 0 -1 0 0 0 0 1 0 -1 
1 0 0 1 0 0 0 0 0 0 
1 0 0 -1 0 0 0 0 1 -2 
1 0 0 0 0 0 0 0 1 -400 
1 0 0 0 0 0 -1 0 1 -2 
1 0 0 0 0 0 1 0 0 0 
1 0 0 -1 0 0 1 0 0 -1 

--- Dep 18 from S1 to S3; satisfied: 0, sat level: -1; Type: WAW
on variable: A
Dependence polyhedron
11 9
0 0 -1 0 1 0 0 0 2 
0 -1 0 1 0 0 0 0 0 
1 1 0 0 0 0 0 0 -2 
1 -1 0 0 0 0 1 0 -2 
1 0 0 0 0 0 1 0 -300 
1 0 1 0 0 0 0 0 -2 
1 1 -1 0 0 0 0 0 -1 
1 0 0 0 0 0 0 1 -400 
1 0 0 0 0 -1 0 1 -2 
1 0 0 0 0 1 0 0 0 
1 0 -1 0 0 0 1 0 1 


[zyj-debug] After affine transformations
T(S1): (0, zT2+zT3, zT3, i, j, 0, 3, 0)
loop types (scalar, loop, loop, loop, loop, scalar, scalar, scalar)

T(S2): (0, zT2+zT3, zT3, i, j, 0, 2, 0)
loop types (scalar, loop, loop, loop, loop, scalar, scalar, scalar)

T(S3): (1, zT3+zT4, zT4, zT5, k, l, k+m, 0)
loop types (scalar, loop, loop, loop, loop, loop, loop, scalar)

T(S4): (1, zT3+zT4, zT4, zT5, k, l, k+m, 1)
loop types (scalar, loop, loop, loop, loop, loop, loop, scalar)

t1 --> fwd_dep  scalar (band 0)no-ujam
t2 --> fwd_dep  loop   (band 0)no-ujam
t3 --> fwd_dep  loop   (band 0)no-ujam
t4 --> fwd_dep  loop   (band 0)no-ujam
t5 --> fwd_dep  loop   (band 0)no-ujam
t6 --> parallel loop   (band 0)no-ujam
t7 --> serial   loop   (band 1)no-ujam
t8 --> fwd_dep  scalar (band 2)no-ujam

