[zyj-debug] Before affine transformations
nvar = 3, npar = 2
Parameters: PB_Q PB_L 
S1 "A[j][j] = D[i] * D[i] - 2;"
ndims: 2; orig_depth: 2
iterators: i, j
Index set
6 6
1 1 0 0 0 0 
1 -1 0 1 0 -1 
1 0 0 1 0 -1 
1 0 1 0 0 -2 
1 1 -1 0 0 -1 
1 1 0 0 0 -3 
T(S1): (0, i, 0, j, 0, 0, 0)
loop types (loop, loop, loop, loop, loop, scalar, scalar)

Read accesses
D[i]
D[i]
Write accesses
A[j][j]
Original loop: 0 -> yes
Original loop: 1 -> yes

S2 "B[j][k][i] = 6;"
ndims: 3; orig_depth: 3
iterators: i, j, k
Index set
9 7
1 1 0 0 0 0 0 
1 -1 0 0 1 0 -1 
1 0 0 0 1 0 -1 
1 0 1 0 0 0 -2 
1 1 -1 0 0 0 -1 
1 1 0 0 0 0 -3 
1 0 0 1 0 0 0 
1 1 0 -1 0 0 -1 
1 1 0 0 0 0 -1 
T(S2): (0, i, 0, j, 1, k, 0)
loop types (loop, loop, loop, loop, loop, loop, loop)

No Read accesses
Write accesses
B[j][k][i]
Original loop: 0 -> yes
Original loop: 1 -> yes
Original loop: 2 -> yes

S3 "C[i][l][j] = A[j][j-2] + A[j][j] + 5;"
ndims: 3; orig_depth: 3
iterators: i, j, l
Index set
9 7
1 1 0 0 0 0 0 
1 -1 0 0 1 0 -1 
1 0 0 0 1 0 -1 
1 0 1 0 0 0 -2 
1 1 -1 0 0 0 -1 
1 1 0 0 0 0 -3 
1 0 0 1 0 0 0 
1 0 0 -1 0 1 -1 
1 0 0 0 0 1 -1 
T(S3): (0, i, 0, j, 2, l, 0)
loop types (loop, loop, loop, loop, loop, loop, loop)

Read accesses
A[j][j-2]
A[j][j]
Write accesses
C[i][l][j]
Original loop: 0 -> yes
Original loop: 1 -> yes
Original loop: 2 -> yes

S4 "D[i] = D[i+2] - D[i] * 3;"
ndims: 1; orig_depth: 1
iterators: i
Index set
3 5
1 1 0 0 0 
1 -1 1 0 -1 
1 0 1 0 -1 
T(S4): (0, i, 1, 0, 0, 0, 0)
loop types (loop, loop, loop, scalar, scalar, scalar, scalar)

Read accesses
D[i+2]
D[i]
Write accesses
D[i]
Original loop: 0 -> yes

--- Dep 1 from S1 to S3; satisfied: 0, sat level: -1; Type: RAW
on variable: A
Dependence polyhedron
9 9
0 0 -1 0 1 0 0 0 0 
1 0 0 0 0 -1 0 1 -1 
1 0 0 0 0 1 0 0 0 
1 0 0 0 0 0 1 0 -400 
1 0 1 0 0 0 0 0 -2 
1 1 -1 0 0 0 0 0 -1 
1 0 0 0 0 0 0 1 -500 
1 -1 0 1 0 0 0 0 0 
1 0 0 -1 0 0 1 0 -1 

--- Dep 2 from S3 to S1; satisfied: 0, sat level: -1; Type: WAR
on variable: A
Dependence polyhedron
13 9
0 0 -1 0 0 1 0 0 0 
1 1 0 0 0 0 0 0 -3 
1 -1 0 0 0 0 1 0 -1 
1 0 0 0 0 0 1 0 -400 
1 0 1 0 0 0 0 0 -2 
1 1 -1 0 0 0 0 0 -1 
1 0 0 0 0 0 0 1 -500 
1 0 0 1 0 0 0 0 0 
1 0 0 -1 0 0 0 1 -1 
1 0 0 0 1 0 0 0 -3 
1 0 0 0 -1 0 1 0 -1 
1 0 -1 0 1 0 0 0 -1 
1 -1 0 0 1 0 0 0 -1 

--- Dep 3 from S1 to S4; satisfied: 0, sat level: -1; Type: WAR
on variable: D
Dependence polyhedron
7 7
0 -1 0 1 0 0 0 
1 1 0 0 0 0 -3 
1 -1 0 0 1 0 -1 
1 0 0 0 1 0 -400 
1 0 1 0 0 0 -2 
1 1 -1 0 0 0 -1 
1 0 0 0 0 1 -500 

--- Dep 4 from S1 to S4; satisfied: 0, sat level: -1; Type: WAR
on variable: D
Dependence polyhedron
7 7
0 -1 0 1 0 0 0 
1 1 0 0 0 0 -3 
1 -1 0 0 1 0 -1 
1 0 0 0 1 0 -400 
1 0 1 0 0 0 -2 
1 1 -1 0 0 0 -1 
1 0 0 0 0 1 -500 

--- Dep 5 from S4 to S4; satisfied: 0, sat level: -1; Type: WAR
on variable: D
Dependence polyhedron
5 6
0 -1 1 0 0 -2 
1 1 0 0 0 0 
1 -1 0 1 0 -3 
1 0 0 1 0 -400 
1 0 0 0 1 -500 

--- Dep 6 from S1 to S1; satisfied: 0, sat level: -1; Type: WAW
on variable: A
Dependence polyhedron
11 8
0 0 -1 0 1 0 0 0 
1 1 0 0 0 0 0 -3 
1 -1 0 0 0 1 0 -1 
1 0 0 0 0 1 0 -400 
1 0 1 0 0 0 0 -2 
1 1 -1 0 0 0 0 -1 
1 0 0 0 0 0 1 -500 
1 0 0 1 0 0 0 -3 
1 0 0 -1 0 1 0 -1 
1 0 -1 1 0 0 0 -1 
1 -1 0 1 0 0 0 -1 


[zyj-debug] After affine transformations
T(S1): (0, zT2, zT3, j, i, 0, 2)
loop types (scalar, loop, loop, loop, loop, scalar, scalar)

T(S2): (0, zT3, zT4, i, j, k, 1)
loop types (scalar, loop, loop, loop, loop, loop, scalar)

T(S3): (0, zT3, zT4, j, i, l, 3)
loop types (scalar, loop, loop, loop, loop, loop, scalar)

T(S4): (1, i, 0, 0, 0, 0, 0)
loop types (scalar, loop, scalar, scalar, scalar, scalar, scalar)

t1 --> fwd_dep  scalar (band 0)no-ujam
t2 --> fwd_dep  loop   (band 0)no-ujam
t3 --> fwd_dep  loop   (band 0)no-ujam
t4 --> parallel loop   (band 0)no-ujam
t5 --> fwd_dep  loop   (band 0)no-ujam
t6 --> fwd_dep  loop   (band 1)no-ujam
t7 --> serial   scalar (band 1)no-ujam

