[zyj-debug] Before affine transformations
nvar = 2, npar = 2
Parameters: PB_M PB_L 
S1 "A[i] = A[i] + A[i] + 1;"
ndims: 1; orig_depth: 1
iterators: i
Index set
3 5
1 1 0 0 -1 
1 -1 1 0 -1 
1 0 1 0 -2 
T(S1): (0, i, 0, 0, 0)
loop types (loop, loop, loop, scalar, scalar)

Read accesses
A[i]
A[i]
Write accesses
A[i]
Original loop: 0 -> yes

S2 "B[i-1][j+1] = A[i] + B[j][i] * 2;"
ndims: 2; orig_depth: 2
iterators: i, j
Index set
7 6
1 1 0 0 0 -1 
1 -1 0 1 0 -1 
1 0 0 1 0 -2 
1 0 1 0 0 0 
1 1 -1 0 0 -1 
1 0 -1 0 1 -2 
1 0 0 0 1 -2 
T(S2): (0, i, 1, j, 0)
loop types (loop, loop, loop, loop, loop)

Read accesses
A[i]
B[j][i]
Write accesses
B[i-1][j+1]
Original loop: 0 -> yes
Original loop: 1 -> yes

S3 "A[k] = A[k] + A[k-1] - A[l] - A[k] + 5;"
ndims: 2; orig_depth: 2
iterators: k, l
Index set
5 6
1 1 0 0 0 -1 
1 -1 0 1 0 -2 
1 0 0 1 0 -3 
1 0 1 0 0 0 
1 1 -1 0 0 -1 
T(S3): (1, k, 0, l, 0)
loop types (loop, loop, loop, loop, loop)

Read accesses
A[k]
A[k-1]
A[l]
A[k]
Write accesses
A[k]
Original loop: 0 -> yes
Original loop: 1 -> yes

S4 "A[k] = A[k+1] * 3;"
ndims: 1; orig_depth: 1
iterators: k
Index set
3 5
1 1 0 0 -1 
1 -1 1 0 -2 
1 0 1 0 -3 
T(S4): (1, k, 1, 0, 0)
loop types (loop, loop, loop, scalar, scalar)

Read accesses
A[k+1]
Write accesses
A[k]
Original loop: 0 -> yes

--- Dep 1 from S3 to S3; satisfied: 0, sat level: -1; Type: RAW
on variable: A
Dependence polyhedron
9 8
0 -1 0 1 0 0 0 -1 
1 1 0 0 0 0 0 -1 
1 -1 0 0 0 1 0 -3 
1 0 0 0 0 1 0 -9000 
1 0 1 0 0 0 0 0 
1 1 -1 0 0 0 0 -1 
1 0 0 0 0 0 1 -9000 
1 1 0 0 -1 0 0 0 
1 0 0 0 1 0 0 0 

--- Dep 2 from S1 to S2; satisfied: 0, sat level: -1; Type: RAW
on variable: A
Dependence polyhedron
8 7
0 -1 1 0 0 0 0 
1 1 0 0 0 0 -1 
1 -1 0 0 1 0 -1 
1 0 0 0 1 0 -9000 
1 0 0 0 0 1 -9000 
1 0 0 -1 0 1 -2 
1 1 0 -1 0 0 -1 
1 0 0 1 0 0 0 

--- Dep 3 from S4 to S3; satisfied: 0, sat level: -1; Type: RAW
on variable: A
Dependence polyhedron
8 7
0 -1 0 1 0 0 0 
1 1 0 0 0 0 -1 
1 -1 0 0 1 0 -2 
1 0 0 0 1 0 -9000 
1 0 0 0 0 1 -9000 
1 0 1 0 0 0 -1 
1 0 -1 0 1 0 -2 
1 -1 1 0 0 0 -1 

--- Dep 4 from S3 to S3; satisfied: 0, sat level: -1; Type: RAW
on variable: A
Dependence polyhedron
10 8
0 -1 0 1 0 0 0 0 
1 1 0 0 0 0 0 -1 
1 -1 0 0 0 1 0 -2 
1 0 0 0 0 1 0 -9000 
1 0 1 0 0 0 0 0 
1 1 -1 0 0 0 0 -1 
1 0 0 0 0 0 1 -9000 
1 1 0 0 -1 0 0 -1 
1 0 0 0 1 0 0 0 
1 0 -1 0 1 0 0 -1 

--- Dep 5 from S1 to S4; satisfied: 0, sat level: -1; Type: RAW
on variable: A
Dependence polyhedron
5 6
0 -1 1 0 0 1 
1 1 0 0 0 -2 
1 -1 0 1 0 -1 
1 0 0 1 0 -9000 
1 0 0 0 1 -9000 

--- Dep 6 from S1 to S3; satisfied: 0, sat level: -1; Type: RAW
on variable: A
Dependence polyhedron
7 7
0 -1 1 0 0 0 0 
1 1 0 0 0 0 -1 
1 -1 0 0 1 0 -2 
1 0 0 0 1 0 -9000 
1 0 0 0 0 1 -9000 
1 1 0 -1 0 0 -1 
1 0 0 1 0 0 0 

--- Dep 7 from S1 to S3; satisfied: 0, sat level: -1; Type: RAW
on variable: A
Dependence polyhedron
7 7
0 -1 1 0 0 0 -1 
1 1 0 0 0 0 -1 
1 -1 0 0 1 0 -3 
1 0 0 0 1 0 -9000 
1 0 0 0 0 1 -9000 
1 1 0 -1 0 0 0 
1 0 0 1 0 0 0 

--- Dep 8 from S3 to S3; satisfied: 0, sat level: -1; Type: RAW
on variable: A
Dependence polyhedron
10 8
0 -1 0 0 1 0 0 0 
1 1 0 0 0 0 0 -1 
1 -1 0 0 0 1 0 -2 
1 0 0 0 0 1 0 -9000 
1 0 1 0 0 0 0 0 
1 1 -1 0 0 0 0 -1 
1 0 0 0 0 0 1 -9000 
1 0 0 1 0 0 0 -1 
1 0 0 -1 0 1 0 -2 
1 -1 0 1 0 0 0 -1 

--- Dep 9 from S3 to S3; satisfied: 0, sat level: -1; Type: RAW
on variable: A
Dependence polyhedron
10 8
0 -1 0 1 0 0 0 0 
1 1 0 0 0 0 0 -1 
1 -1 0 0 0 1 0 -2 
1 0 0 0 0 1 0 -9000 
1 0 1 0 0 0 0 0 
1 1 -1 0 0 0 0 -1 
1 0 0 0 0 0 1 -9000 
1 1 0 0 -1 0 0 -1 
1 0 0 0 1 0 0 0 
1 0 -1 0 1 0 0 -1 

--- Dep 10 from S1 to S3; satisfied: 0, sat level: -1; Type: RAW
on variable: A
Dependence polyhedron
8 7
0 -1 0 1 0 0 0 
1 1 0 0 0 0 -1 
1 -1 0 0 1 0 -1 
1 0 0 0 1 0 -9000 
1 0 0 0 0 1 -9000 
1 0 1 0 0 0 -1 
1 0 -1 0 1 0 -2 
1 -1 1 0 0 0 -1 

--- Dep 11 from S1 to S3; satisfied: 0, sat level: -1; Type: RAW
on variable: A
Dependence polyhedron
7 7
0 -1 1 0 0 0 0 
1 1 0 0 0 0 -1 
1 -1 0 0 1 0 -2 
1 0 0 0 1 0 -9000 
1 0 0 0 0 1 -9000 
1 1 0 -1 0 0 -1 
1 0 0 1 0 0 0 

--- Dep 12 from S4 to S3; satisfied: 0, sat level: -1; Type: RAW
on variable: A
Dependence polyhedron
7 7
0 -1 1 0 0 0 -1 
1 1 0 0 0 0 -1 
1 -1 0 0 1 0 -3 
1 0 0 0 1 0 -9000 
1 0 0 0 0 1 -9000 
1 1 0 -1 0 0 0 
1 0 0 1 0 0 0 

--- Dep 13 from S1 to S4; satisfied: 0, sat level: -1; Type: WAR
on variable: A
Dependence polyhedron
5 6
0 -1 1 0 0 0 
1 1 0 0 0 -1 
1 -1 0 1 0 -2 
1 0 0 1 0 -9000 
1 0 0 0 1 -9000 

--- Dep 14 from S1 to S3; satisfied: 0, sat level: -1; Type: WAR
on variable: A
Dependence polyhedron
7 7
0 -1 1 0 0 0 0 
1 1 0 0 0 0 -1 
1 -1 0 0 1 0 -2 
1 0 0 0 1 0 -9000 
1 0 0 0 0 1 -9000 
1 1 0 -1 0 0 -1 
1 0 0 1 0 0 0 

--- Dep 15 from S1 to S3; satisfied: 0, sat level: -1; Type: WAR
on variable: A
Dependence polyhedron
7 7
0 -1 1 0 0 0 0 
1 1 0 0 0 0 -1 
1 -1 0 0 1 0 -2 
1 0 0 0 1 0 -9000 
1 0 0 0 0 1 -9000 
1 1 0 -1 0 0 -1 
1 0 0 1 0 0 0 

--- Dep 16 from S4 to S4; satisfied: 0, sat level: -1; Type: WAR
on variable: A
Dependence polyhedron
5 6
0 -1 1 0 0 -1 
1 1 0 0 0 -1 
1 -1 0 1 0 -3 
1 0 0 1 0 -9000 
1 0 0 0 1 -9000 

--- Dep 17 from S3 to S3; satisfied: 0, sat level: -1; Type: WAR
on variable: A
Dependence polyhedron
10 8
0 -1 0 1 0 0 0 0 
1 1 0 0 0 0 0 -1 
1 -1 0 0 0 1 0 -2 
1 0 0 0 0 1 0 -9000 
1 0 1 0 0 0 0 0 
1 1 -1 0 0 0 0 -1 
1 0 0 0 0 0 1 -9000 
1 1 0 0 -1 0 0 -1 
1 0 0 0 1 0 0 0 
1 0 -1 0 1 0 0 -1 

--- Dep 18 from S4 to S3; satisfied: 0, sat level: -1; Type: WAR
on variable: A
Dependence polyhedron
7 7
0 -1 1 0 0 0 -1 
1 1 0 0 0 0 -1 
1 -1 0 0 1 0 -3 
1 0 0 0 1 0 -9000 
1 0 0 0 0 1 -9000 
1 1 0 -1 0 0 0 
1 0 0 1 0 0 0 

--- Dep 19 from S3 to S4; satisfied: 0, sat level: -1; Type: WAR
on variable: A
Dependence polyhedron
7 7
0 -1 0 1 0 0 0 
1 1 0 0 0 0 -1 
1 -1 0 0 1 0 -2 
1 0 0 0 1 0 -9000 
1 0 1 0 0 0 0 
1 1 -1 0 0 0 -1 
1 0 0 0 0 1 -9000 

--- Dep 20 from S3 to S3; satisfied: 0, sat level: -1; Type: WAR
on variable: A
Dependence polyhedron
10 8
0 -1 0 1 0 0 0 0 
1 1 0 0 0 0 0 -1 
1 -1 0 0 0 1 0 -2 
1 0 0 0 0 1 0 -9000 
1 0 1 0 0 0 0 0 
1 1 -1 0 0 0 0 -1 
1 0 0 0 0 0 1 -9000 
1 1 0 0 -1 0 0 -1 
1 0 0 0 1 0 0 0 
1 0 -1 0 1 0 0 -1 

--- Dep 21 from S2 to S4; satisfied: 0, sat level: -1; Type: WAR
on variable: A
Dependence polyhedron
8 7
0 -1 0 1 0 0 0 
1 1 0 0 0 0 -1 
1 -1 0 0 1 0 -2 
1 0 0 0 1 0 -9000 
1 0 1 0 0 0 0 
1 1 -1 0 0 0 -1 
1 0 -1 0 0 1 -2 
1 0 0 0 0 1 -9000 

--- Dep 22 from S2 to S3; satisfied: 0, sat level: -1; Type: WAR
on variable: A
Dependence polyhedron
10 8
0 -1 0 1 0 0 0 0 
1 1 0 0 0 0 0 -1 
1 -1 0 0 0 1 0 -2 
1 0 0 0 0 1 0 -9000 
1 0 1 0 0 0 0 0 
1 1 -1 0 0 0 0 -1 
1 0 -1 0 0 0 1 -2 
1 0 0 0 0 0 1 -9000 
1 1 0 0 -1 0 0 -1 
1 0 0 0 1 0 0 0 

--- Dep 23 from S1 to S4; satisfied: 0, sat level: -1; Type: WAR
on variable: A
Dependence polyhedron
5 6
0 -1 1 0 0 0 
1 1 0 0 0 -1 
1 -1 0 1 0 -2 
1 0 0 1 0 -9000 
1 0 0 0 1 -9000 

--- Dep 24 from S3 to S4; satisfied: 0, sat level: -1; Type: WAR
on variable: A
Dependence polyhedron
7 7
0 -1 0 1 0 0 0 
1 1 0 0 0 0 -1 
1 -1 0 0 1 0 -2 
1 0 0 0 1 0 -9000 
1 0 1 0 0 0 0 
1 1 -1 0 0 0 -1 
1 0 0 0 0 1 -9000 

--- Dep 25 from S1 to S4; satisfied: 0, sat level: -1; Type: WAW
on variable: A
Dependence polyhedron
5 6
0 -1 1 0 0 0 
1 1 0 0 0 -1 
1 -1 0 1 0 -2 
1 0 0 1 0 -9000 
1 0 0 0 1 -9000 

--- Dep 26 from S3 to S4; satisfied: 0, sat level: -1; Type: WAW
on variable: A
Dependence polyhedron
7 7
0 -1 0 1 0 0 0 
1 1 0 0 0 0 -1 
1 -1 0 0 1 0 -2 
1 0 0 0 1 0 -9000 
1 0 1 0 0 0 0 
1 1 -1 0 0 0 -1 
1 0 0 0 0 1 -9000 

--- Dep 27 from S3 to S3; satisfied: 0, sat level: -1; Type: WAW
on variable: A
Dependence polyhedron
10 8
0 -1 0 1 0 0 0 0 
1 1 0 0 0 0 0 -1 
1 -1 0 0 0 1 0 -2 
1 0 0 0 0 1 0 -9000 
1 0 1 0 0 0 0 0 
1 1 -1 0 0 0 0 -1 
1 0 0 0 0 0 1 -9000 
1 1 0 0 -1 0 0 -1 
1 0 0 0 1 0 0 0 
1 0 -1 0 1 0 0 -1 

--- Dep 28 from S1 to S3; satisfied: 0, sat level: -1; Type: WAW
on variable: A
Dependence polyhedron
7 7
0 -1 1 0 0 0 0 
1 1 0 0 0 0 -1 
1 -1 0 0 1 0 -2 
1 0 0 0 1 0 -9000 
1 0 0 0 0 1 -9000 
1 1 0 -1 0 0 -1 
1 0 0 1 0 0 0 


[zyj-debug] After affine transformations
T(S1): (0, zT1, i, 0)
loop types (scalar, loop, loop, scalar)

T(S2): (1, i, j, 0)
loop types (scalar, loop, loop, scalar)

T(S3): (1, k, k+l, 0)
loop types (scalar, loop, loop, scalar)

T(S4): (1, k, 2k, 0)
loop types (scalar, loop, loop, scalar)

t1 --> fwd_dep  scalar (band 0)no-ujam
t2 --> serial   loop   (band 0)no-ujam
t3 --> fwd_dep  loop   (band 1)no-ujam
t4 --> parallel scalar (band 1)no-ujam

