[zyj-debug] Before affine transformations
nvar = 3, npar = 1
Parameters: PB_M 
S1 "A[i+1][k-1][i] = A[i+1][k-1][i+2] - A[i+2][k-1][i] * A[j+1][k][i] + B[j][i-1] * 6;"
ndims: 3; orig_depth: 3
iterators: i, j, k
Index set
8 6
1 1 0 0 0 -1 
1 -1 0 0 1 -3 
1 0 0 0 1 -4 
1 0 1 0 0 0 
1 1 -1 0 0 -1 
1 0 0 1 0 -1 
1 1 0 -1 0 -1 
1 1 0 0 0 -2 
T(S1): (0, i, 0, j, 0, k, 0)
loop types (loop, loop, loop, loop, loop, loop, loop)

Read accesses
A[i+1][k-1][i+2]
A[i+2][k-1][i]
A[j+1][k][i]
B[j][i-1]
Write accesses
A[i+1][k-1][i]
Original loop: 0 -> yes
Original loop: 1 -> yes
Original loop: 2 -> yes

S2 "B[j][i] = B[j][i] - C[j] - B[j][i-1] - 2;"
ndims: 2; orig_depth: 2
iterators: i, j
Index set
5 5
1 1 0 0 -1 
1 -1 0 1 -3 
1 0 0 1 -4 
1 0 1 0 0 
1 1 -1 0 -1 
T(S2): (0, i, 0, j, 1, 0, 0)
loop types (loop, loop, loop, loop, loop, scalar, scalar)

Read accesses
B[j][i]
C[j]
B[j][i-1]
Write accesses
B[j][i]
Original loop: 0 -> yes
Original loop: 1 -> yes

S3 "C[l-1] = C[l-1] * C[i] * C[l] * 1;"
ndims: 2; orig_depth: 2
iterators: i, l
Index set
6 5
1 1 0 0 -1 
1 -1 0 1 -3 
1 0 0 1 -4 
1 0 1 0 -1 
1 0 -1 1 -1 
1 0 0 1 -2 
T(S3): (0, i, 1, l, 0, 0, 0)
loop types (loop, loop, loop, loop, loop, scalar, scalar)

Read accesses
C[l-1]
C[i]
C[l]
Write accesses
C[l-1]
Original loop: 0 -> yes
Original loop: 1 -> yes

S4 "A[n][o-1][m] = A[n][o-3][m] + A[n][o-1][m+1] * A[n-1][m][n-1] - A[n-1][o][m-1] - 3;"
ndims: 3; orig_depth: 3
iterators: m, n, o
Index set
8 6
1 1 0 0 0 -1 
1 -1 0 0 1 -1 
1 0 0 0 1 -2 
1 0 1 0 0 -1 
1 0 -1 0 1 -1 
1 0 0 1 0 -3 
1 0 0 -1 1 -1 
1 0 0 0 1 -4 
T(S4): (1, m, 0, n, 0, o, 0)
loop types (loop, loop, loop, loop, loop, loop, loop)

Read accesses
A[n][o-3][m]
A[n][o-1][m+1]
A[n-1][m][n-1]
A[n-1][o][m-1]
Write accesses
A[n][o-1][m]
Original loop: 0 -> yes
Original loop: 1 -> yes
Original loop: 2 -> yes

--- Dep 1 from S4 to S4; satisfied: 0, sat level: -1; Type: RAW
on variable: A
Dependence polyhedron
10 9
0 0 0 -1 0 0 1 0 1 
0 0 -1 0 0 1 0 0 -1 
0 -1 0 0 1 0 0 0 -1 
1 1 0 0 0 0 0 0 -1 
1 -1 0 0 0 0 0 1 -2 
1 0 0 0 0 0 0 1 -300 
1 0 1 0 0 0 0 0 -1 
1 0 -1 0 0 0 0 1 -2 
1 0 0 1 0 0 0 0 -4 
1 0 0 -1 0 0 0 1 -1 

--- Dep 2 from S3 to S3; satisfied: 0, sat level: -1; Type: RAW
on variable: C
Dependence polyhedron
9 7
0 0 -1 0 1 0 1 
1 1 0 0 0 0 -1 
1 -1 0 0 0 1 -3 
1 0 0 0 0 1 -300 
1 0 1 0 0 0 -2 
1 0 -1 0 0 1 -1 
1 0 0 1 0 0 -1 
1 0 0 -1 0 1 -3 
1 -1 0 1 0 0 -1 

--- Dep 3 from S1 to S4; satisfied: 0, sat level: -1; Type: RAW
on variable: A
Dependence polyhedron
11 9
0 0 0 -1 0 0 1 0 1 
0 -1 0 0 0 1 0 0 -2 
0 -1 0 0 1 0 0 0 -1 
1 1 0 0 0 0 0 0 -2 
1 -1 0 0 0 0 0 1 -3 
1 0 0 0 0 0 0 1 -300 
1 0 1 0 0 0 0 0 0 
1 1 -1 0 0 0 0 0 -1 
1 0 0 1 0 0 0 0 -4 
1 1 0 -1 0 0 0 0 -1 
1 0 0 -1 0 0 0 1 0 

--- Dep 4 from S2 to S2; satisfied: 0, sat level: -1; Type: RAW
on variable: B
Dependence polyhedron
7 7
0 0 -1 0 1 0 0 
0 -1 0 1 0 0 -1 
1 1 0 0 0 0 -1 
1 -1 0 0 0 1 -4 
1 0 0 0 0 1 -300 
1 0 1 0 0 0 0 
1 1 -1 0 0 0 -1 

--- Dep 5 from S4 to S4; satisfied: 0, sat level: -1; Type: RAW
on variable: A
Dependence polyhedron
10 9
0 0 0 -1 0 0 1 0 -2 
0 0 -1 0 0 1 0 0 0 
0 -1 0 0 1 0 0 0 0 
1 1 0 0 0 0 0 0 -1 
1 -1 0 0 0 0 0 1 -1 
1 0 0 0 0 0 0 1 -300 
1 0 1 0 0 0 0 0 -1 
1 0 -1 0 0 0 0 1 -1 
1 0 0 1 0 0 0 0 -3 
1 0 0 -1 0 0 0 1 -3 

--- Dep 6 from S1 to S4; satisfied: 0, sat level: -1; Type: RAW
on variable: A
Dependence polyhedron
11 9
0 0 0 -1 0 0 1 0 0 
0 -1 0 0 0 1 0 0 -1 
0 -1 0 0 1 0 0 0 1 
1 1 0 0 0 0 0 0 -2 
1 -1 0 0 0 0 0 1 -3 
1 0 0 0 0 0 0 1 -300 
1 0 1 0 0 0 0 0 0 
1 1 -1 0 0 0 0 0 -1 
1 0 0 1 0 0 0 0 -3 
1 1 0 -1 0 0 0 0 -1 
1 0 0 -1 0 0 0 1 -1 

--- Dep 7 from S2 to S1; satisfied: 0, sat level: -1; Type: RAW
on variable: B
Dependence polyhedron
9 8
0 0 -1 0 1 0 0 0 
0 -1 0 1 0 0 0 -1 
1 1 0 0 0 0 0 -1 
1 -1 0 0 0 0 1 -4 
1 0 0 0 0 0 1 -300 
1 0 1 0 0 0 0 0 
1 1 -1 0 0 0 0 -1 
1 1 0 0 0 -1 0 0 
1 0 0 0 0 1 0 -1 

--- Dep 8 from S4 to S4; satisfied: 0, sat level: -1; Type: RAW
on variable: A
Dependence polyhedron
9 9
0 -1 0 0 0 1 0 0 -1 
0 0 0 -1 1 0 0 0 1 
0 -1 1 0 0 0 0 0 0 
1 1 0 0 0 0 0 0 -1 
1 0 0 -1 0 0 0 1 -1 
1 0 0 0 0 0 0 1 -300 
1 0 0 0 0 0 -1 1 -1 
1 0 0 0 0 0 1 0 -3 
1 -1 0 1 0 0 0 0 -2 

--- Dep 9 from S4 to S4; satisfied: 0, sat level: -1; Type: RAW
on variable: A
Dependence polyhedron
9 9
0 -1 0 0 0 1 0 0 -1 
0 -1 0 0 1 0 0 0 0 
0 -1 0 1 0 0 0 0 -1 
0 -1 1 0 0 0 0 0 0 
1 1 0 0 0 0 0 0 -2 
1 -1 0 0 0 0 0 1 -2 
1 0 0 0 0 0 0 1 -300 
1 0 0 0 0 0 -1 1 -1 
1 0 0 0 0 0 1 0 -3 

--- Dep 10 from S3 to S3; satisfied: 0, sat level: -1; Type: RAW
on variable: C
Dependence polyhedron
7 7
0 0 -1 1 0 0 1 
1 1 0 0 0 0 -1 
1 0 0 0 1 0 -1 
1 0 0 0 0 1 -300 
1 -1 1 0 0 0 -2 
1 0 -1 0 0 1 -2 
1 0 0 0 -1 1 -1 

--- Dep 11 from S3 to S3; satisfied: 0, sat level: -1; Type: RAW
on variable: C
Dependence polyhedron
6 7
0 -1 0 1 0 0 0 
0 -1 1 0 0 0 -1 
1 1 0 0 0 0 -1 
1 0 0 0 -1 1 -1 
1 0 0 0 0 1 -300 
1 -1 0 0 1 0 -2 

--- Dep 12 from S3 to S3; satisfied: 0, sat level: -1; Type: RAW
on variable: C
Dependence polyhedron
9 7
0 0 -1 0 1 0 0 
1 1 0 0 0 0 -1 
1 -1 0 0 0 1 -3 
1 0 0 0 0 1 -300 
1 0 1 0 0 0 -1 
1 0 -1 0 0 1 -1 
1 0 0 1 0 0 -1 
1 0 0 -1 0 1 -3 
1 -1 0 1 0 0 -1 

--- Dep 13 from S1 to S4; satisfied: 0, sat level: -1; Type: RAW
on variable: A
Dependence polyhedron
11 9
0 0 0 -1 0 0 1 0 -2 
0 -1 0 0 0 1 0 0 -1 
0 -1 0 0 1 0 0 0 0 
1 1 0 0 0 0 0 0 -2 
1 -1 0 0 0 0 0 1 -3 
1 0 0 0 0 0 0 1 -300 
1 0 1 0 0 0 0 0 0 
1 1 -1 0 0 0 0 0 -1 
1 0 0 1 0 0 0 0 -1 
1 1 0 -1 0 0 0 0 -1 
1 0 0 -1 0 0 0 1 -3 

--- Dep 14 from S3 to S2; satisfied: 0, sat level: -1; Type: RAW
on variable: C
Dependence polyhedron
10 7
0 0 -1 0 1 0 1 
1 1 0 0 0 0 -1 
1 -1 0 0 0 1 -3 
1 0 0 0 0 1 -300 
1 0 1 0 0 0 -1 
1 0 -1 0 0 1 -1 
1 0 0 1 0 0 -1 
1 0 0 -1 0 1 -3 
1 0 -1 1 0 0 0 
1 -1 0 1 0 0 -1 

--- Dep 15 from S1 to S4; satisfied: 0, sat level: -1; Type: WAR
on variable: A
Dependence polyhedron
12 9
0 0 0 -1 0 0 1 0 -1 
0 0 -1 0 0 1 0 0 -1 
0 -1 0 0 1 0 0 0 0 
1 1 0 0 0 0 0 0 -2 
1 -1 0 0 0 0 0 1 -3 
1 0 0 0 0 0 0 1 -300 
1 0 1 0 0 0 0 0 0 
1 1 -1 0 0 0 0 0 -1 
1 0 0 1 0 0 0 0 -2 
1 1 0 -1 0 0 0 0 -1 
1 0 0 -1 0 0 0 1 -2 
1 0 -1 0 0 0 0 1 -2 

--- Dep 16 from S1 to S4; satisfied: 0, sat level: -1; Type: WAR
on variable: A
Dependence polyhedron
11 9
0 0 0 -1 0 0 1 0 0 
0 -1 0 0 0 1 0 0 -2 
0 -1 0 0 1 0 0 0 0 
1 1 0 0 0 0 0 0 -2 
1 -1 0 0 0 0 0 1 -3 
1 0 0 0 0 0 0 1 -300 
1 0 1 0 0 0 0 0 0 
1 1 -1 0 0 0 0 0 -1 
1 0 0 1 0 0 0 0 -3 
1 1 0 -1 0 0 0 0 -1 
1 0 0 -1 0 0 0 1 -1 

--- Dep 17 from S4 to S4; satisfied: 0, sat level: -1; Type: WAR
on variable: A
Dependence polyhedron
11 9
0 -1 0 0 0 0 1 0 -1 
0 0 -1 0 0 1 0 0 1 
0 0 -1 0 1 0 0 0 1 
1 1 0 0 0 0 0 0 -2 
1 -1 0 0 0 0 0 1 -2 
1 0 0 0 0 0 0 1 -300 
1 0 1 0 0 0 0 0 -2 
1 0 -1 0 0 0 0 1 -1 
1 0 0 1 0 0 0 0 -3 
1 0 0 -1 0 0 0 1 -1 
1 -1 1 0 0 0 0 0 -2 

--- Dep 18 from S3 to S3; satisfied: 0, sat level: -1; Type: WAR
on variable: C
Dependence polyhedron
7 7
0 -1 0 0 1 0 -1 
1 1 0 0 0 0 -1 
1 0 0 -1 0 1 -3 
1 0 0 0 0 1 -300 
1 0 1 0 0 0 -1 
1 0 -1 0 0 1 -1 
1 -1 0 1 0 0 -1 

--- Dep 19 from S3 to S3; satisfied: 0, sat level: -1; Type: WAR
on variable: C
Dependence polyhedron
6 7
0 -1 0 0 1 0 -1 
0 -1 0 1 0 0 0 
1 1 -1 0 0 0 0 
1 -1 0 0 0 1 -3 
1 0 0 0 0 1 -300 
1 0 1 0 0 0 -1 

--- Dep 20 from S3 to S3; satisfied: 0, sat level: -1; Type: WAR
on variable: C
Dependence polyhedron
9 7
0 0 -1 0 1 0 0 
1 1 0 0 0 0 -1 
1 -1 0 0 0 1 -3 
1 0 0 0 0 1 -300 
1 0 1 0 0 0 -1 
1 0 -1 0 0 1 -1 
1 0 0 1 0 0 -1 
1 0 0 -1 0 1 -3 
1 -1 0 1 0 0 -1 

--- Dep 21 from S1 to S4; satisfied: 0, sat level: -1; Type: WAR
on variable: A
Dependence polyhedron
11 9
0 0 0 -1 0 0 1 0 0 
0 -1 0 0 0 1 0 0 -1 
0 -1 0 0 1 0 0 0 -2 
1 1 0 0 0 0 0 0 -2 
1 -1 0 0 0 0 0 1 -3 
1 0 0 0 0 0 0 1 -300 
1 0 1 0 0 0 0 0 0 
1 1 -1 0 0 0 0 0 -1 
1 0 0 1 0 0 0 0 -3 
1 1 0 -1 0 0 0 0 -1 
1 0 0 -1 0 0 0 1 -1 

--- Dep 22 from S3 to S3; satisfied: 0, sat level: -1; Type: WAR
on variable: C
Dependence polyhedron
7 7
0 0 -1 0 1 0 -1 
1 1 0 0 0 0 -1 
1 0 0 -1 0 1 -3 
1 0 0 0 0 1 -300 
1 0 1 0 0 0 -1 
1 0 -1 0 0 1 -2 
1 -1 0 1 0 0 0 

--- Dep 23 from S2 to S3; satisfied: 0, sat level: -1; Type: WAR
on variable: C
Dependence polyhedron
10 7
0 0 -1 0 1 0 -1 
1 1 0 0 0 0 -1 
1 -1 0 0 0 1 -3 
1 0 0 0 0 1 -300 
1 0 1 0 0 0 0 
1 1 -1 0 0 0 -1 
1 0 0 1 0 0 -1 
1 0 0 -1 0 1 -3 
1 0 -1 0 0 1 -2 
1 -1 0 1 0 0 0 

--- Dep 24 from S4 to S4; satisfied: 0, sat level: -1; Type: WAR
on variable: A
Dependence polyhedron
10 9
0 0 0 -1 0 0 1 0 0 
0 0 -1 0 0 1 0 0 0 
0 -1 0 0 1 0 0 0 -1 
1 1 0 0 0 0 0 0 -1 
1 -1 0 0 0 0 0 1 -2 
1 0 0 0 0 0 0 1 -300 
1 0 1 0 0 0 0 0 -1 
1 0 -1 0 0 0 0 1 -1 
1 0 0 1 0 0 0 0 -3 
1 0 0 -1 0 0 0 1 -1 

--- Dep 25 from S1 to S1; satisfied: 0, sat level: -1; Type: WAW
on variable: A
Dependence polyhedron
12 9
0 0 0 -1 0 0 1 0 0 
0 -1 0 0 1 0 0 0 0 
1 1 0 0 0 0 0 0 -2 
1 -1 0 0 0 0 0 1 -3 
1 0 0 0 0 0 0 1 -300 
1 0 1 0 0 0 0 0 0 
1 1 -1 0 0 0 0 0 -1 
1 0 0 1 0 0 0 0 -1 
1 1 0 -1 0 0 0 0 -1 
1 1 0 0 0 -1 0 0 -1 
1 0 0 0 0 1 0 0 0 
1 0 -1 0 0 1 0 0 -1 

--- Dep 26 from S3 to S3; satisfied: 0, sat level: -1; Type: WAW
on variable: C
Dependence polyhedron
9 7
0 0 -1 0 1 0 0 
1 1 0 0 0 0 -1 
1 -1 0 0 0 1 -3 
1 0 0 0 0 1 -300 
1 0 1 0 0 0 -1 
1 0 -1 0 0 1 -1 
1 0 0 1 0 0 -1 
1 0 0 -1 0 1 -3 
1 -1 0 1 0 0 -1 

--- Dep 27 from S1 to S4; satisfied: 0, sat level: -1; Type: WAW
on variable: A
Dependence polyhedron
11 9
0 0 0 -1 0 0 1 0 0 
0 -1 0 0 0 1 0 0 -1 
0 -1 0 0 1 0 0 0 0 
1 1 0 0 0 0 0 0 -2 
1 -1 0 0 0 0 0 1 -3 
1 0 0 0 0 0 0 1 -300 
1 0 1 0 0 0 0 0 0 
1 1 -1 0 0 0 0 0 -1 
1 0 0 1 0 0 0 0 -3 
1 1 0 -1 0 0 0 0 -1 
1 0 0 -1 0 0 0 1 -1 


[zyj-debug] After affine transformations
T(S1): (1, i, j, k)
loop types (scalar, loop, loop, loop)

T(S2): (0, i, j, 0)
loop types (scalar, loop, loop, scalar)

T(S3): (0, i, l, 0)
loop types (scalar, loop, loop, scalar)

T(S4): (1, m+1, n, o)
loop types (scalar, loop, loop, loop)

t1 --> fwd_dep  scalar (band 0)no-ujam
t2 --> serial   loop   (band 0)no-ujam
t3 --> serial   loop   (band 1)no-ujam
t4 --> serial   loop   (band 2)no-ujam

