[zyj-debug] Before affine transformations
nvar = 3, npar = 2
Parameters: PB_M PB_N 
S1 "A[i][j] = C[i+1] * A[i][j+2] * B[j+1][j] * C[i] * 1;"
ndims: 2; orig_depth: 2
iterators: i, j
Index set
8 6
1 1 0 0 0 0 
1 -1 0 1 0 -2 
1 0 0 1 0 -2 
1 0 1 0 0 0 
1 1 -1 0 0 -1 
1 0 -1 0 1 -2 
1 1 0 0 0 -1 
1 0 0 0 1 -2 
T(S1): (0, i, 0, j, 0, 0, 0)
loop types (loop, loop, loop, loop, loop, scalar, scalar)

Read accesses
C[i+1]
A[i][j+2]
B[j+1][j]
C[i]
Write accesses
A[i][j]
Original loop: 0 -> yes
Original loop: 1 -> yes

S2 "C[i+1] = C[i+1] - 4;"
ndims: 1; orig_depth: 1
iterators: i
Index set
3 5
1 1 0 0 0 
1 -1 1 0 -2 
1 0 1 0 -2 
T(S2): (0, i, 1, 0, 0, 0, 0)
loop types (loop, loop, loop, scalar, scalar, scalar, scalar)

Read accesses
C[i+1]
Write accesses
C[i+1]
Original loop: 0 -> yes

S3 "D[k][m][k+1] = D[k][m+1][m] - 4;"
ndims: 3; orig_depth: 3
iterators: k, l, m
Index set
7 7
1 1 0 0 0 0 -1 
1 -1 0 0 1 0 -2 
1 0 0 0 1 0 -3 
1 0 1 0 0 0 0 
1 1 -1 0 0 0 -1 
1 0 0 1 0 0 0 
1 1 0 -1 0 0 -1 
T(S3): (1, k, 0, l, 0, m, 0)
loop types (loop, loop, loop, loop, loop, loop, loop)

Read accesses
D[k][m+1][m]
Write accesses
D[k][m][k+1]
Original loop: 0 -> yes
Original loop: 1 -> yes
Original loop: 2 -> yes

S4 "E[k+1] = E[k+1] * C[k+1] * E[k-1] * 5;"
ndims: 1; orig_depth: 1
iterators: k
Index set
3 5
1 1 0 0 -1 
1 -1 1 0 -2 
1 0 1 0 -3 
T(S4): (1, k, 1, 0, 0, 0, 0)
loop types (loop, loop, loop, scalar, scalar, scalar, scalar)

Read accesses
E[k+1]
C[k+1]
E[k-1]
Write accesses
E[k+1]
Original loop: 0 -> yes

--- Dep 1 from S2 to S1; satisfied: 0, sat level: -1; Type: RAW
on variable: C
Dependence polyhedron
8 7
0 -1 1 0 0 0 -1 
1 1 0 0 0 0 0 
1 -1 0 0 1 0 -3 
1 0 0 0 1 0 -500 
1 0 0 0 0 1 -300 
1 0 0 -1 0 1 -2 
1 1 0 -1 0 0 0 
1 0 0 1 0 0 0 

--- Dep 2 from S4 to S4; satisfied: 0, sat level: -1; Type: RAW
on variable: E
Dependence polyhedron
5 6
0 -1 1 0 0 -2 
1 1 0 0 0 -1 
1 -1 0 1 0 -4 
1 0 0 1 0 -500 
1 0 0 0 1 -300 

--- Dep 3 from S2 to S4; satisfied: 0, sat level: -1; Type: RAW
on variable: C
Dependence polyhedron
5 6
0 -1 1 0 0 0 
1 1 0 0 0 -1 
1 -1 0 1 0 -2 
1 0 0 1 0 -500 
1 0 0 0 1 -300 

--- Dep 4 from S1 to S2; satisfied: 0, sat level: -1; Type: WAR
on variable: C
Dependence polyhedron
8 7
0 -1 0 1 0 0 0 
1 1 0 0 0 0 -1 
1 -1 0 0 1 0 -2 
1 0 0 0 1 0 -500 
1 0 1 0 0 0 0 
1 1 -1 0 0 0 -1 
1 0 -1 0 0 1 -2 
1 0 0 0 0 1 -300 

--- Dep 5 from S1 to S1; satisfied: 0, sat level: -1; Type: WAR
on variable: A
Dependence polyhedron
9 8
0 0 -1 0 1 0 0 -2 
0 -1 0 1 0 0 0 0 
1 1 0 0 0 0 0 -1 
1 -1 0 0 0 1 0 -2 
1 0 0 0 0 1 0 -500 
1 0 1 0 0 0 0 0 
1 1 -1 0 0 0 0 -3 
1 0 -1 0 0 0 1 -4 
1 0 0 0 0 0 1 -300 

--- Dep 6 from S3 to S3; satisfied: 0, sat level: -1; Type: WAW
on variable: D
Dependence polyhedron
13 10
0 0 0 -1 0 0 1 0 0 0 
0 -1 0 0 1 0 0 0 0 0 
1 1 0 0 0 0 0 0 0 -1 
1 -1 0 0 0 0 0 1 0 -2 
1 0 0 0 0 0 0 1 0 -500 
1 0 1 0 0 0 0 0 0 0 
1 1 -1 0 0 0 0 0 0 -1 
1 0 0 1 0 0 0 0 0 0 
1 1 0 -1 0 0 0 0 0 -1 
1 0 0 0 0 0 0 0 1 -300 
1 1 0 0 0 -1 0 0 0 -1 
1 0 0 0 0 1 0 0 0 0 
1 0 -1 0 0 1 0 0 0 -1 


[zyj-debug] After affine transformations
T(S1): (1, i, j, 0, 0, 0, 0)
loop types (scalar, loop, loop, scalar, scalar, scalar, scalar)

T(S2): (1, i, i, 0, 0, 0, 0)
loop types (scalar, loop, loop, scalar, scalar, scalar, scalar)

T(S3): (0, zT3, zT4, zT5, k, m, l)
loop types (scalar, loop, loop, loop, loop, loop, loop)

T(S4): (2, k, 0, 0, 0, 0, 0)
loop types (scalar, loop, scalar, scalar, scalar, scalar, scalar)

t1 --> fwd_dep  scalar (band 0)no-ujam
t2 --> serial   loop   (band 0)no-ujam
t3 --> fwd_dep  loop   (band 1)no-ujam
t4 --> parallel loop   (band 1)no-ujam
t5 --> parallel loop   (band 1)no-ujam
t6 --> parallel loop   (band 1)no-ujam
t7 --> fwd_dep  loop   (band 1)no-ujam

