[zyj-debug] Before affine transformations
nvar = 3, npar = 2
Parameters: PB_M PB_L 
S1 "A[i][j][k] = A[i][j][k] + A[i][j][k+2] - 4;"
ndims: 3; orig_depth: 3
iterators: i, j, k
Index set
8 7
1 1 0 0 0 0 0 
1 -1 0 0 1 0 -1 
1 0 0 0 1 0 -1 
1 0 1 0 0 0 0 
1 0 -1 0 1 0 -1 
1 0 0 1 0 0 0 
1 0 0 -1 0 1 -3 
1 0 0 0 0 1 -3 
T(S1): (0, i, 0, j, 0, k, 0)
loop types (loop, loop, loop, loop, loop, loop, loop)

Read accesses
A[i][j][k]
A[i][j][k+2]
Write accesses
A[i][j][k]
Original loop: 0 -> yes
Original loop: 1 -> yes
Original loop: 2 -> yes

S2 "B[l-1][m] = 4;"
ndims: 2; orig_depth: 2
iterators: l, m
Index set
6 6
1 1 0 0 0 -1 
1 -1 0 1 0 -2 
1 0 0 1 0 -3 
1 0 1 0 0 0 
1 0 -1 1 0 -1 
1 0 0 1 0 -1 
T(S2): (1, l, 0, m, 0, 0, 0)
loop types (loop, loop, loop, loop, loop, scalar, scalar)

No Read accesses
Write accesses
B[l-1][m]
Original loop: 0 -> yes
Original loop: 1 -> yes

S3 "C[l][n-1] = D[l-1] + 4;"
ndims: 2; orig_depth: 2
iterators: l, n
Index set
6 6
1 1 0 0 0 -1 
1 -1 0 1 0 -2 
1 0 0 1 0 -3 
1 0 1 0 0 -1 
1 0 -1 0 1 -1 
1 0 0 0 1 -2 
T(S3): (1, l, 1, n, 0, 0, 0)
loop types (loop, loop, loop, loop, loop, scalar, scalar)

Read accesses
D[l-1]
Write accesses
C[l][n-1]
Original loop: 0 -> yes
Original loop: 1 -> yes

S4 "B[n][l] = E[l+1][n] * C[l-1][n] + 2;"
ndims: 2; orig_depth: 2
iterators: l, n
Index set
6 6
1 1 0 0 0 -1 
1 -1 0 1 0 -2 
1 0 0 1 0 -3 
1 0 1 0 0 -1 
1 0 -1 0 1 -1 
1 0 0 0 1 -2 
T(S4): (1, l, 1, n, 1, 0, 0)
loop types (loop, loop, loop, loop, loop, scalar, scalar)

Read accesses
E[l+1][n]
C[l-1][n]
Write accesses
B[n][l]
Original loop: 0 -> yes
Original loop: 1 -> yes

--- Dep 1 from S3 to S4; satisfied: 0, sat level: -1; Type: RAW
on variable: C
Dependence polyhedron
8 8
0 0 -1 0 1 0 0 1 
0 -1 0 1 0 0 0 -1 
1 1 0 0 0 0 0 -1 
1 -1 0 0 0 1 0 -3 
1 0 0 0 0 1 0 -300 
1 0 1 0 0 0 0 -2 
1 0 -1 0 0 0 1 -1 
1 0 0 0 0 0 1 -400 

--- Dep 2 from S1 to S1; satisfied: 0, sat level: -1; Type: WAR
on variable: A
Dependence polyhedron
11 10
0 0 0 -1 0 0 1 0 0 -2 
0 0 -1 0 0 1 0 0 0 0 
0 -1 0 0 1 0 0 0 0 0 
1 1 0 0 0 0 0 0 0 0 
1 -1 0 0 0 0 0 1 0 -1 
1 0 0 0 0 0 0 1 0 -300 
1 0 1 0 0 0 0 0 0 0 
1 0 -1 0 0 0 0 1 0 -1 
1 0 0 1 0 0 0 0 0 0 
1 0 0 -1 0 0 0 0 1 -5 
1 0 0 0 0 0 0 0 1 -400 

--- Dep 3 from S4 to S2; satisfied: 0, sat level: -1; Type: WAW
on variable: B
Dependence polyhedron
10 8
0 -1 0 0 1 0 0 0 
0 0 -1 1 0 0 0 -1 
1 1 0 0 0 0 0 -1 
1 -1 0 0 0 1 0 -2 
1 0 0 0 0 1 0 -300 
1 0 1 0 0 0 0 -1 
1 0 -1 0 0 0 1 -1 
1 0 0 0 0 0 1 -400 
1 0 -1 0 0 1 0 -3 
1 -1 1 0 0 0 0 0 

--- Dep 4 from S2 to S4; satisfied: 0, sat level: -1; Type: WAW
on variable: B
Dependence polyhedron
10 8
0 -1 0 0 1 0 0 1 
0 0 -1 1 0 0 0 0 
1 1 0 0 0 0 0 -2 
1 -1 0 0 0 1 0 -2 
1 0 0 0 0 1 0 -300 
1 0 1 0 0 0 0 -1 
1 0 -1 0 0 1 0 -2 
1 0 0 0 0 0 1 -400 
1 -1 0 0 0 0 1 0 
1 -1 1 0 0 0 0 0 


[pluto] WARNING: working with original (identity) transformation (if they exist)
[zyj-debug] After affine transformations
T(S1): (0, zT3, 0, zT4, 0, zT5, i, 0, j, 0, k, 0)
loop types (scalar, loop, scalar, loop, scalar, loop, loop, scalar, loop, scalar, loop, scalar)

T(S2): (1, l, 0, zT2, m, 0, 0, 0, 0, 0, 0, 0)
loop types (scalar, loop, scalar, loop, loop, scalar, scalar, scalar, scalar, scalar, scalar, scalar)

T(S3): (1, l, 1, zT2, n, 0, 0, 0, 0, 0, 0, 0)
loop types (scalar, loop, scalar, loop, loop, scalar, scalar, scalar, scalar, scalar, scalar, scalar)

T(S4): (1, l, 1, zT2, n, 1, 0, 0, 0, 0, 0, 0)
loop types (scalar, loop, scalar, loop, loop, scalar, scalar, scalar, scalar, scalar, scalar, scalar)

t1 --> parallel scalar (band 0)no-ujam
t2 --> serial   loop   (band 0)no-ujam
t3 --> fwd_dep  scalar (band 1)no-ujam
t4 --> parallel loop   (band 1)no-ujam
t5 --> parallel loop   (band 1)no-ujam
t6 --> fwd_dep  loop   (band 1)no-ujam
t7 --> parallel loop   (band 1)no-ujam
t8 --> parallel scalar (band 1)no-ujam
t9 --> parallel loop   (band 1)no-ujam
t10 --> parallel scalar (band 1)no-ujam
t11 --> fwd_dep  loop   (band 1)no-ujam
t12 --> parallel scalar (band 1)no-ujam

