[zyj-debug] Before affine transformations
nvar = 3, npar = 3
Parameters: PB_M PB_L PB_P 
S1 "A[i][j-1] = 4;"
ndims: 3; orig_depth: 3
iterators: i, j, k
Index set
9 8
1 1 0 0 0 0 0 0 
1 -1 0 0 1 0 0 -2 
1 0 0 0 1 0 0 -2 
1 0 1 0 0 0 0 -1 
1 1 -1 0 0 0 0 -1 
1 1 0 0 0 0 0 -2 
1 0 0 1 0 0 0 0 
1 0 0 -1 0 1 0 -1 
1 0 0 0 0 1 0 -1 
T(S1): (0, i, 0, j, 0, k, 0)
loop types (loop, loop, loop, loop, loop, loop, loop)

No Read accesses
Write accesses
A[i][j-1]
Original loop: 0 -> yes
Original loop: 1 -> yes
Original loop: 2 -> yes

S2 "B[i][m-1][l-1] = B[i+1][m][m] - A[i][l] * 2;"
ndims: 3; orig_depth: 3
iterators: i, l, m
Index set
11 8
1 1 0 0 0 0 0 0 
1 -1 0 0 1 0 0 -2 
1 0 0 0 1 0 0 -2 
1 0 1 0 0 0 0 -1 
1 1 -1 0 0 0 0 -1 
1 0 -1 0 0 0 1 0 
1 1 0 0 0 0 0 -2 
1 0 0 0 0 0 1 -1 
1 0 0 1 0 0 0 -1 
1 0 0 -1 0 0 1 -1 
1 0 0 0 0 0 1 -2 
T(S2): (0, i, 1, l, 0, m, 0)
loop types (loop, loop, loop, loop, loop, loop, loop)

Read accesses
B[i+1][m][m]
A[i][l]
Write accesses
B[i][m-1][l-1]
Original loop: 0 -> yes
Original loop: 1 -> yes
Original loop: 2 -> yes

S3 "B[p][o][n] = 2;"
ndims: 3; orig_depth: 3
iterators: n, o, p
Index set
9 8
1 1 0 0 0 0 0 0 
1 -1 0 0 0 0 1 -1 
1 0 0 0 0 0 1 -1 
1 0 1 0 0 0 0 0 
1 1 -1 0 0 0 0 -1 
1 1 0 0 0 0 0 -1 
1 0 0 1 0 0 0 0 
1 0 0 -1 1 0 0 -1 
1 0 0 0 1 0 0 -1 
T(S3): (1, n, 0, o, 0, p, 0)
loop types (loop, loop, loop, loop, loop, loop, loop)

No Read accesses
Write accesses
B[p][o][n]
Original loop: 0 -> yes
Original loop: 1 -> yes
Original loop: 2 -> yes

S4 "A[q][n] = A[q][n] + A[q][n] * C[n] - A[n][q-1] - 5;"
ndims: 2; orig_depth: 2
iterators: n, q
Index set
6 7
1 1 0 0 0 0 0 
1 -1 0 0 0 1 -1 
1 0 0 0 0 1 -1 
1 0 1 0 0 0 -1 
1 0 -1 1 0 0 -1 
1 0 0 1 0 0 -2 
T(S4): (1, n, 1, q, 0, 0, 0)
loop types (loop, loop, loop, loop, loop, scalar, scalar)

Read accesses
A[q][n]
A[q][n]
C[n]
A[n][q-1]
Write accesses
A[q][n]
Original loop: 0 -> yes
Original loop: 1 -> yes

--- Dep 1 from S1 to S2; satisfied: 0, sat level: -1; Type: RAW
on variable: A
Dependence polyhedron
14 11
0 0 -1 0 0 1 0 0 0 0 1 
0 -1 0 0 1 0 0 0 0 0 0 
1 1 0 0 0 0 0 0 0 0 -2 
1 -1 0 0 0 0 0 1 0 0 -2 
1 0 0 0 0 0 0 1 0 0 -500 
1 0 1 0 0 0 0 0 0 0 -2 
1 1 -1 0 0 0 0 0 0 0 -1 
1 0 0 0 0 0 0 0 1 0 -400 
1 0 0 1 0 0 0 0 0 0 0 
1 0 0 -1 0 0 0 0 1 0 -1 
1 0 0 0 0 0 0 0 0 1 -400 
1 0 0 0 0 0 1 0 0 0 -1 
1 0 0 0 0 0 -1 0 0 1 -1 
1 0 -1 0 0 0 0 0 0 1 1 

--- Dep 2 from S1 to S4; satisfied: 0, sat level: -1; Type: RAW
on variable: A
Dependence polyhedron
12 10
0 -1 0 0 0 1 0 0 0 0 
0 0 -1 0 1 0 0 0 0 1 
1 1 0 0 0 0 0 0 0 -2 
1 -1 0 0 0 0 1 0 0 -2 
1 0 0 0 0 0 1 0 0 -500 
1 0 1 0 0 0 0 0 0 -1 
1 1 -1 0 0 0 0 0 0 -1 
1 0 0 0 0 0 0 1 0 -400 
1 0 0 1 0 0 0 0 0 0 
1 0 0 -1 0 0 0 1 0 -1 
1 0 0 0 0 0 0 0 1 -400 
1 0 -1 0 0 0 0 0 1 0 

--- Dep 3 from S1 to S4; satisfied: 0, sat level: -1; Type: RAW
on variable: A
Dependence polyhedron
13 10
0 0 -1 0 0 1 0 0 0 0 
0 -1 0 0 1 0 0 0 0 0 
1 1 0 0 0 0 0 0 0 -2 
1 -1 0 0 0 0 1 0 0 -2 
1 0 0 0 0 0 1 0 0 -500 
1 0 1 0 0 0 0 0 0 -1 
1 1 -1 0 0 0 0 0 0 -1 
1 0 0 0 0 0 0 1 0 -400 
1 0 0 1 0 0 0 0 0 0 
1 0 0 -1 0 0 0 1 0 -1 
1 0 0 0 0 0 0 0 1 -400 
1 0 -1 0 0 0 1 0 0 -1 
1 -1 0 0 0 0 0 0 1 -1 

--- Dep 4 from S4 to S4; satisfied: 0, sat level: -1; Type: RAW
on variable: A
Dependence polyhedron
9 9
0 -1 0 0 1 0 0 0 -1 
0 0 -1 1 0 0 0 0 0 
1 1 0 0 0 0 0 0 0 
1 -1 1 0 0 0 0 0 -1 
1 0 0 0 0 0 0 1 -400 
1 0 -1 0 0 0 0 1 -1 
1 0 -1 0 0 1 0 0 -1 
1 0 0 0 0 1 0 0 -500 
1 0 0 0 0 0 1 0 -400 

--- Dep 5 from S4 to S4; satisfied: 0, sat level: -1; Type: RAW
on variable: A
Dependence polyhedron
9 9
0 -1 0 0 1 0 0 0 -1 
0 -1 0 1 0 0 0 0 0 
0 -1 1 0 0 0 0 0 0 
1 1 0 0 0 0 0 0 -1 
1 -1 0 0 0 0 0 1 -1 
1 0 0 0 0 0 0 1 -400 
1 0 0 0 0 0 1 0 -400 
1 -1 0 0 0 1 0 0 -2 
1 0 0 0 0 1 0 0 -500 

--- Dep 6 from S1 to S4; satisfied: 0, sat level: -1; Type: RAW
on variable: A
Dependence polyhedron
12 10
0 -1 0 0 0 1 0 0 0 0 
0 0 -1 0 1 0 0 0 0 1 
1 1 0 0 0 0 0 0 0 -2 
1 -1 0 0 0 0 1 0 0 -2 
1 0 0 0 0 0 1 0 0 -500 
1 0 1 0 0 0 0 0 0 -1 
1 1 -1 0 0 0 0 0 0 -1 
1 0 0 0 0 0 0 1 0 -400 
1 0 0 1 0 0 0 0 0 0 
1 0 0 -1 0 0 0 1 0 -1 
1 0 0 0 0 0 0 0 1 -400 
1 0 -1 0 0 0 0 0 1 0 

--- Dep 7 from S2 to S2; satisfied: 0, sat level: -1; Type: WAR
on variable: B
Dependence polyhedron
14 11
0 0 0 -1 0 0 1 0 0 0 -1 
0 0 0 -1 0 1 0 0 0 0 -1 
0 -1 0 0 1 0 0 0 0 0 -1 
1 1 0 0 0 0 0 0 0 0 -2 
1 -1 0 0 0 0 0 1 0 0 -3 
1 0 0 0 0 0 0 1 0 0 -500 
1 0 1 0 0 0 0 0 0 0 -1 
1 1 -1 0 0 0 0 0 0 0 -1 
1 0 -1 0 0 0 0 0 0 1 0 
1 0 0 0 0 0 0 0 0 1 -400 
1 0 0 -1 0 0 0 0 0 1 -2 
1 0 0 1 0 0 0 0 0 0 -1 
1 0 0 0 0 0 0 0 1 0 -400 
1 1 0 -1 0 0 0 0 0 0 -1 

--- Dep 8 from S2 to S4; satisfied: 0, sat level: -1; Type: WAR
on variable: A
Dependence polyhedron
12 10
0 -1 0 0 0 1 0 0 0 0 
0 0 -1 0 1 0 0 0 0 0 
1 1 0 0 0 0 0 0 0 -2 
1 -1 0 0 0 0 1 0 0 -2 
1 0 0 0 0 0 1 0 0 -500 
1 0 1 0 0 0 0 0 0 -1 
1 1 -1 0 0 0 0 0 0 -1 
1 0 -1 0 0 0 0 0 1 -1 
1 0 0 0 0 0 0 0 1 -400 
1 0 0 -1 0 0 0 0 1 -1 
1 0 0 1 0 0 0 0 0 -1 
1 0 0 0 0 0 0 1 0 -400 

--- Dep 9 from S4 to S4; satisfied: 0, sat level: -1; Type: WAR
on variable: A
Dependence polyhedron
12 9
0 -1 0 0 1 0 0 0 0 
0 0 -1 1 0 0 0 0 1 
1 1 0 0 0 0 0 0 -1 
1 -1 0 0 0 0 0 1 -1 
1 0 0 0 0 0 0 1 -400 
1 0 1 0 0 0 0 0 -1 
1 0 -1 0 0 1 0 0 -1 
1 0 0 0 0 1 0 0 -500 
1 0 0 0 0 0 1 0 -400 
1 -1 0 0 0 1 0 0 -1 
1 0 -1 0 0 0 0 1 0 
1 -1 1 0 0 0 0 0 -2 

--- Dep 10 from S2 to S3; satisfied: 0, sat level: -1; Type: WAW
on variable: B
Dependence polyhedron
14 11
0 -1 0 0 0 0 1 0 0 0 0 
0 0 0 -1 0 1 0 0 0 0 1 
0 0 -1 0 1 0 0 0 0 0 1 
1 1 0 0 0 0 0 0 0 0 -2 
1 -1 0 0 0 0 0 1 0 0 -2 
1 0 0 0 0 0 0 1 0 0 -500 
1 0 1 0 0 0 0 0 0 0 -2 
1 1 -1 0 0 0 0 0 0 0 -1 
1 0 -1 0 0 0 0 0 0 1 0 
1 0 0 0 0 0 0 0 0 1 -400 
1 0 0 -1 0 0 0 0 0 1 -1 
1 0 0 1 0 0 0 0 0 0 -1 
1 0 0 0 0 0 0 0 1 0 -400 
1 0 1 -1 0 0 0 0 0 0 -1 

--- Dep 11 from S1 to S4; satisfied: 0, sat level: -1; Type: WAW
on variable: A
Dependence polyhedron
12 10
0 -1 0 0 0 1 0 0 0 0 
0 0 -1 0 1 0 0 0 0 1 
1 1 0 0 0 0 0 0 0 -2 
1 -1 0 0 0 0 1 0 0 -2 
1 0 0 0 0 0 1 0 0 -500 
1 0 1 0 0 0 0 0 0 -1 
1 1 -1 0 0 0 0 0 0 -1 
1 0 0 0 0 0 0 1 0 -400 
1 0 0 1 0 0 0 0 0 0 
1 0 0 -1 0 0 0 1 0 -1 
1 0 0 0 0 0 0 0 1 -400 
1 0 -1 0 0 0 0 0 1 0 

--- Dep 12 from S1 to S1; satisfied: 0, sat level: -1; Type: WAW
on variable: A
Dependence polyhedron
14 11
0 0 -1 0 0 1 0 0 0 0 0 
0 -1 0 0 1 0 0 0 0 0 0 
1 1 0 0 0 0 0 0 0 0 -2 
1 -1 0 0 0 0 0 1 0 0 -2 
1 0 0 0 0 0 0 1 0 0 -500 
1 0 1 0 0 0 0 0 0 0 -1 
1 1 -1 0 0 0 0 0 0 0 -1 
1 0 0 0 0 0 0 0 1 0 -400 
1 0 0 1 0 0 0 0 0 0 0 
1 0 0 -1 0 0 0 0 1 0 -1 
1 0 0 0 0 0 0 0 0 1 -400 
1 0 0 0 0 0 -1 0 1 0 -1 
1 0 0 0 0 0 1 0 0 0 0 
1 0 0 -1 0 0 1 0 0 0 -1 


[zyj-debug] After affine transformations
T(S1): (0, zT3+zT4, zT4, i, j, k, 0)
loop types (scalar, loop, loop, loop, loop, loop, scalar)

T(S2): (0, zT3+zT4, zT4, i, i+m, l, 0)
loop types (scalar, loop, loop, loop, loop, loop, scalar)

T(S3): (2, zT3, zT4, zT5, o, p, n)
loop types (scalar, loop, loop, loop, loop, loop, loop)

T(S4): (1, zT2+zT3, zT3, n, 2n+q, 0, 0)
loop types (scalar, loop, loop, loop, loop, scalar, scalar)

t1 --> fwd_dep  scalar (band 0)no-ujam
t2 --> fwd_dep  loop   (band 0)no-ujam
t3 --> fwd_dep  loop   (band 0)no-ujam
t4 --> fwd_dep  loop   (band 0)no-ujam
t5 --> fwd_dep  loop   (band 0)no-ujam
t6 --> fwd_dep  loop   (band 1)no-ujam
t7 --> parallel loop   (band 1)no-ujam

