[zyj-debug] Before affine transformations
nvar = 3, npar = 4
Parameters: PB_P PB_L PB_M PB_N 
S1 "A[i+1] = A[i+2] - A[i+1] + B[i+1] + A[i] + 4;"
ndims: 1; orig_depth: 1
iterators: i
Index set
3 7
1 1 0 0 0 0 -1 
1 -1 1 0 0 0 -1 
1 0 1 0 0 0 -2 
T(S1): (0, i, 0, 0, 0, 0, 0)
loop types (loop, loop, loop, scalar, scalar, scalar, scalar)

Read accesses
A[i+2]
A[i+1]
B[i+1]
A[i]
Write accesses
A[i+1]
Original loop: 0 -> yes

S2 "C[j][i-1] = D[k+1][j][i] - 4;"
ndims: 3; orig_depth: 3
iterators: i, j, k
Index set
8 9
1 1 0 0 0 0 0 0 -1 
1 -1 0 0 1 0 0 0 -1 
1 0 0 0 1 0 0 0 -2 
1 0 1 0 0 0 0 0 0 
1 0 -1 0 0 1 0 0 -1 
1 0 0 0 0 1 0 0 -1 
1 0 0 1 0 0 0 0 1 
1 0 0 -1 0 1 0 0 -2 
T(S2): (0, i, 1, j, 0, k, 0)
loop types (loop, loop, loop, loop, loop, loop, loop)

Read accesses
D[k+1][j][i]
Write accesses
C[j][i-1]
Original loop: 0 -> yes
Original loop: 1 -> yes
Original loop: 2 -> yes

S3 "E[m][l] = 5;"
ndims: 2; orig_depth: 2
iterators: l, m
Index set
6 8
1 1 0 0 0 0 0 0 
1 -1 0 0 0 1 0 -3 
1 0 0 0 0 1 0 -3 
1 0 1 0 0 0 0 0 
1 0 -1 0 0 0 1 -1 
1 0 0 0 0 0 1 -1 
T(S3): (1, l, 0, m, 0, 0, 0)
loop types (loop, loop, loop, loop, loop, scalar, scalar)

No Read accesses
Write accesses
E[m][l]
Original loop: 0 -> yes
Original loop: 1 -> yes

S4 "B[l] = B[l+2] + B[l] + 6;"
ndims: 1; orig_depth: 1
iterators: l
Index set
3 7
1 1 0 0 0 0 0 
1 -1 0 0 1 0 -3 
1 0 0 0 1 0 -3 
T(S4): (1, l, 1, 0, 0, 0, 0)
loop types (loop, loop, loop, scalar, scalar, scalar, scalar)

Read accesses
B[l+2]
B[l]
Write accesses
B[l]
Original loop: 0 -> yes

--- Dep 1 from S1 to S1; satisfied: 0, sat level: -1; Type: RAW
on variable: A
Dependence polyhedron
7 8
0 -1 1 0 0 0 0 -1 
1 1 0 0 0 0 0 -1 
1 -1 0 1 0 0 0 -2 
1 0 0 1 0 0 0 -300 
1 0 0 0 0 0 1 -400 
1 0 0 0 0 1 0 -400 
1 0 0 0 1 0 0 -300 

--- Dep 2 from S4 to S4; satisfied: 0, sat level: -1; Type: WAR
on variable: B
Dependence polyhedron
7 8
0 -1 1 0 0 0 0 -2 
1 1 0 0 0 0 0 0 
1 -1 0 0 0 1 0 -5 
1 0 0 0 0 1 0 -400 
1 0 0 0 0 0 1 -400 
1 0 0 1 0 0 0 -300 
1 0 0 0 1 0 0 -300 

--- Dep 3 from S1 to S4; satisfied: 0, sat level: -1; Type: WAR
on variable: B
Dependence polyhedron
8 8
0 -1 1 0 0 0 0 -1 
1 1 0 0 0 0 0 -1 
1 -1 0 1 0 0 0 -1 
1 0 0 1 0 0 0 -300 
1 0 0 0 0 0 1 -400 
1 0 0 0 0 1 0 -400 
1 0 0 0 1 0 0 -300 
1 -1 0 0 0 1 0 -4 

--- Dep 4 from S1 to S1; satisfied: 0, sat level: -1; Type: WAR
on variable: A
Dependence polyhedron
7 8
0 -1 1 0 0 0 0 -1 
1 1 0 0 0 0 0 -1 
1 -1 0 1 0 0 0 -2 
1 0 0 1 0 0 0 -300 
1 0 0 0 0 0 1 -400 
1 0 0 0 0 1 0 -400 
1 0 0 0 1 0 0 -300 

--- Dep 5 from S2 to S2; satisfied: 0, sat level: -1; Type: WAW
on variable: C
Dependence polyhedron
15 12
0 0 -1 0 0 1 0 0 0 0 0 0 
0 -1 0 0 1 0 0 0 0 0 0 0 
1 1 0 0 0 0 0 0 0 0 0 -1 
1 -1 0 0 0 0 0 1 0 0 0 -1 
1 0 0 0 0 0 0 1 0 0 0 -300 
1 0 1 0 0 0 0 0 0 0 0 0 
1 0 -1 0 0 0 0 0 1 0 0 -1 
1 0 0 0 0 0 0 0 1 0 0 -300 
1 0 0 1 0 0 0 0 0 0 0 1 
1 0 0 -1 0 0 0 0 1 0 0 -2 
1 0 0 0 0 0 0 0 0 0 1 -400 
1 0 0 0 0 0 0 0 0 1 0 -400 
1 0 0 0 0 0 -1 0 1 0 0 -2 
1 0 0 0 0 0 1 0 0 0 0 1 
1 0 0 -1 0 0 1 0 0 0 0 -1 


[zyj-debug] After affine transformations
T(S1): (zT1, 0, 0, i, 0, 0)
loop types (loop, scalar, scalar, loop, scalar, scalar)

T(S2): (zT3, zT4, zT5, i, j, k)
loop types (loop, loop, loop, loop, loop, loop)

T(S3): (zT2, zT3, 0, l, m, 0)
loop types (loop, loop, scalar, loop, loop, scalar)

T(S4): (zT1, 0, 0, l, 0, 0)
loop types (loop, scalar, scalar, loop, scalar, scalar)

t1 --> fwd_dep  loop   (band 0)no-ujam
t2 --> parallel loop   (band 0)no-ujam
t3 --> fwd_dep  loop   (band 0)no-ujam
t4 --> fwd_dep  loop   (band 0)no-ujam
t5 --> parallel loop   (band 0)no-ujam
t6 --> fwd_dep  loop   (band 0)no-ujam

Warning: parallel poly loop not found in AST
