[zyj-debug] Before affine transformations
nvar = 2, npar = 1
Parameters: PB_M 
S1 "A[i-1] = A[i-2] * B[i] * A[i+1] + 1;"
ndims: 1; orig_depth: 1
iterators: i
Index set
3 4
1 1 0 -2 
1 -1 1 -2 
1 0 1 -4 
T(S1): (0, i, 0, 0, 0)
loop types (loop, loop, loop, scalar, scalar)

Read accesses
A[i-2]
B[i]
A[i+1]
Write accesses
A[i-1]
Original loop: 0 -> yes

S2 "C[j][i-1] = A[i-2] + A[i-1] + C[j-1][i-1] + C[j+1][i] - 5;"
ndims: 2; orig_depth: 2
iterators: i, j
Index set
5 5
1 1 0 0 -2 
1 -1 0 1 -2 
1 0 0 1 -4 
1 0 1 0 -1 
1 1 -1 0 -1 
T(S2): (0, i, 1, j, 0)
loop types (loop, loop, loop, loop, loop)

Read accesses
A[i-2]
A[i-1]
C[j-1][i-1]
C[j+1][i]
Write accesses
C[j][i-1]
Original loop: 0 -> yes
Original loop: 1 -> yes

S3 "A[k] = A[k] * 4;"
ndims: 1; orig_depth: 1
iterators: k
Index set
3 4
1 1 0 0 
1 -1 1 -1 
1 0 1 -1 
T(S3): (1, k, 0, 0, 0)
loop types (loop, loop, loop, scalar, scalar)

Read accesses
A[k]
Write accesses
A[k]
Original loop: 0 -> yes

S4 "C[l][m+1] = C[m][l] + C[l][l-1] - 5;"
ndims: 2; orig_depth: 2
iterators: l, m
Index set
5 5
1 1 0 0 -1 
1 -1 0 1 -1 
1 0 0 1 -2 
1 0 1 0 0 
1 0 -1 1 -2 
T(S4): (2, l, 0, m, 0)
loop types (loop, loop, loop, loop, loop)

Read accesses
C[m][l]
C[l][l-1]
Write accesses
C[l][m+1]
Original loop: 0 -> yes
Original loop: 1 -> yes

--- Dep 1 from S1 to S3; satisfied: 0, sat level: -1; Type: RAW
on variable: A
Dependence polyhedron
4 5
0 -1 1 0 1 
1 1 0 0 -2 
1 -1 0 1 -2 
1 0 0 1 -6000 

--- Dep 2 from S1 to S1; satisfied: 0, sat level: -1; Type: RAW
on variable: A
Dependence polyhedron
4 5
0 -1 1 0 -1 
1 1 0 0 -2 
1 -1 0 1 -3 
1 0 0 1 -6000 

--- Dep 3 from S4 to S4; satisfied: 0, sat level: -1; Type: RAW
on variable: C
Dependence polyhedron
6 7
0 -1 0 0 1 0 0 
0 0 -1 1 0 0 -1 
1 1 0 0 0 0 -1 
1 0 -1 0 0 1 -2 
1 0 0 0 0 1 -6000 
1 -1 1 0 0 0 0 

--- Dep 4 from S4 to S4; satisfied: 0, sat level: -1; Type: RAW
on variable: C
Dependence polyhedron
6 7
0 -1 0 0 1 0 0 
0 -1 0 1 0 0 0 
0 -1 1 0 0 0 1 
1 1 0 0 0 0 -1 
1 -1 0 0 0 1 -2 
1 0 0 0 0 1 -6000 

--- Dep 5 from S1 to S2; satisfied: 0, sat level: -1; Type: RAW
on variable: A
Dependence polyhedron
6 6
0 -1 1 0 0 0 
1 1 0 0 0 -2 
1 -1 0 0 1 -2 
1 0 0 0 1 -6000 
1 1 0 -1 0 -1 
1 0 0 1 0 -1 

--- Dep 6 from S4 to S4; satisfied: 0, sat level: -1; Type: RAW
on variable: C
Dependence polyhedron
8 7
0 -1 0 1 0 0 0 
0 -1 1 0 0 0 2 
1 1 0 0 0 0 -2 
1 -1 0 0 0 1 -1 
1 0 0 0 0 1 -6000 
1 0 0 0 -1 1 -2 
1 0 0 0 1 0 0 
1 -1 0 0 1 0 1 

--- Dep 7 from S2 to S4; satisfied: 0, sat level: -1; Type: RAW
on variable: C
Dependence polyhedron
8 7
0 0 -1 0 1 0 0 
0 -1 0 1 0 0 1 
1 1 0 0 0 0 -2 
1 -1 0 0 0 1 -2 
1 0 0 0 0 1 -6000 
1 0 1 0 0 0 -1 
1 1 -1 0 0 0 -1 
1 0 -1 0 0 1 -2 

--- Dep 8 from S1 to S2; satisfied: 0, sat level: -1; Type: RAW
on variable: A
Dependence polyhedron
6 6
0 -1 1 0 0 -1 
1 1 0 0 0 -2 
1 -1 0 0 1 -3 
1 0 0 0 1 -6000 
1 1 0 -1 0 0 
1 0 0 1 0 -1 

--- Dep 9 from S2 to S2; satisfied: 0, sat level: -1; Type: RAW
on variable: C
Dependence polyhedron
7 7
0 0 -1 0 1 0 -1 
0 -1 0 1 0 0 0 
1 1 0 0 0 0 -2 
1 -1 0 0 0 1 -2 
1 0 0 0 0 1 -6000 
1 0 1 0 0 0 -1 
1 1 -1 0 0 0 -2 

--- Dep 10 from S2 to S3; satisfied: 0, sat level: -1; Type: WAR
on variable: A
Dependence polyhedron
6 6
0 -1 0 1 0 1 
1 1 0 0 0 -2 
1 -1 0 0 1 -2 
1 0 0 0 1 -6000 
1 0 1 0 0 -1 
1 1 -1 0 0 -1 

--- Dep 11 from S2 to S3; satisfied: 0, sat level: -1; Type: WAR
on variable: A
Dependence polyhedron
6 6
0 -1 0 1 0 2 
1 1 0 0 0 -2 
1 -1 0 0 1 -2 
1 0 0 0 1 -6000 
1 0 1 0 0 -1 
1 1 -1 0 0 -1 

--- Dep 12 from S4 to S4; satisfied: 0, sat level: -1; Type: WAR
on variable: C
Dependence polyhedron
8 7
0 -1 0 0 1 0 1 
0 0 -1 1 0 0 0 
1 1 0 0 0 0 -1 
1 -1 0 0 0 1 -1 
1 0 0 0 0 1 -6000 
1 0 1 0 0 0 -1 
1 0 -1 0 0 1 -2 
1 -1 1 0 0 0 -1 

--- Dep 13 from S2 to S4; satisfied: 0, sat level: -1; Type: WAR
on variable: C
Dependence polyhedron
8 7
0 -1 0 0 1 0 1 
0 0 -1 1 0 0 -1 
1 1 0 0 0 0 -2 
1 -1 0 0 0 1 -2 
1 0 0 0 0 1 -6000 
1 0 1 0 0 0 -1 
1 1 -1 0 0 0 -1 
1 0 -1 0 0 1 -2 

--- Dep 14 from S1 to S1; satisfied: 0, sat level: -1; Type: WAR
on variable: A
Dependence polyhedron
4 5
0 -1 1 0 -2 
1 1 0 0 -2 
1 -1 0 1 -4 
1 0 0 1 -6000 

--- Dep 15 from S2 to S2; satisfied: 0, sat level: -1; Type: WAR
on variable: C
Dependence polyhedron
7 7
0 0 -1 0 1 0 -1 
0 -1 0 1 0 0 -1 
1 1 0 0 0 0 -2 
1 -1 0 0 0 1 -3 
1 0 0 0 0 1 -6000 
1 0 1 0 0 0 -1 
1 1 -1 0 0 0 -1 

--- Dep 16 from S4 to S4; satisfied: 0, sat level: -1; Type: WAR
on variable: C
Dependence polyhedron
8 7
0 -1 0 0 1 0 2 
0 -1 0 1 0 0 0 
1 1 0 0 0 0 -2 
1 -1 0 0 0 1 -1 
1 0 0 0 0 1 -6000 
1 0 1 0 0 0 0 
1 0 -1 0 0 1 -2 
1 1 -1 0 0 0 -3 

--- Dep 17 from S2 to S4; satisfied: 0, sat level: -1; Type: WAR
on variable: C
Dependence polyhedron
8 7
0 -1 0 0 1 0 2 
0 0 -1 1 0 0 1 
1 1 0 0 0 0 -2 
1 -1 0 0 0 1 -2 
1 0 0 0 0 1 -6000 
1 0 1 0 0 0 -2 
1 1 -1 0 0 0 -1 
1 0 -1 0 0 1 0 

--- Dep 18 from S1 to S3; satisfied: 0, sat level: -1; Type: WAR
on variable: A
Dependence polyhedron
4 5
0 -1 1 0 -1 
1 1 0 0 -2 
1 -1 0 1 -2 
1 0 0 1 -6000 

--- Dep 19 from S1 to S3; satisfied: 0, sat level: -1; Type: WAR
on variable: A
Dependence polyhedron
4 5
0 -1 1 0 2 
1 1 0 0 -2 
1 -1 0 1 -2 
1 0 0 1 -6000 

--- Dep 20 from S1 to S3; satisfied: 0, sat level: -1; Type: WAW
on variable: A
Dependence polyhedron
4 5
0 -1 1 0 1 
1 1 0 0 -2 
1 -1 0 1 -2 
1 0 0 1 -6000 

--- Dep 21 from S2 to S4; satisfied: 0, sat level: -1; Type: WAW
on variable: C
Dependence polyhedron
8 7
0 -1 0 0 1 0 2 
0 0 -1 1 0 0 0 
1 1 0 0 0 0 -2 
1 -1 0 0 0 1 -2 
1 0 0 0 0 1 -6000 
1 0 1 0 0 0 -1 
1 1 -1 0 0 0 -1 
1 0 -1 0 0 1 -1 


[zyj-debug] After affine transformations
T(S1): (0, i, 0, 3, 0, 0)
loop types (scalar, loop, scalar, scalar, scalar, scalar)

T(S2): (1, zT2+zT3, zT3, j, i+j, 1)
loop types (scalar, loop, loop, loop, loop, scalar)

T(S3): (2, zT1, k, 0, 0, 0)
loop types (scalar, loop, loop, scalar, scalar, scalar)

T(S4): (1, zT2+zT3, zT3, l+1, 2l+m+2, 2)
loop types (scalar, loop, loop, loop, loop, scalar)

t1 --> fwd_dep  scalar (band 0)no-ujam
t2 --> fwd_dep  loop   (band 0)no-ujam
t3 --> fwd_dep  loop   (band 0)no-ujam
t4 --> fwd_dep  loop   (band 0)no-ujam
t5 --> fwd_dep  loop   (band 0)no-ujam
t6 --> fwd_dep  scalar (band 0)no-ujam

