[zyj-debug] Before affine transformations
nvar = 3, npar = 4
Parameters: PB_P PB_M PB_L PB_N 
S1 "A[j][k-1][k] = A[j-1][k][i-1] - 5;"
ndims: 3; orig_depth: 3
iterators: i, j, k
Index set
11 9
1 1 0 0 0 0 0 0 -1 
1 -1 0 0 1 0 0 0 0 
1 0 0 0 1 0 0 0 -1 
1 0 1 0 0 0 0 0 -1 
1 1 -1 0 0 0 0 0 -1 
1 0 -1 0 0 1 0 0 -1 
1 1 0 0 0 0 0 0 -2 
1 0 0 0 0 1 0 0 -2 
1 0 0 1 0 0 0 0 -1 
1 0 0 -1 0 0 1 0 -1 
1 0 0 0 0 0 1 0 -2 
T(S1): (0, i, 0, j, 0, k, 0)
loop types (loop, loop, loop, loop, loop, loop, loop)

Read accesses
A[j-1][k][i-1]
Write accesses
A[j][k-1][k]
Original loop: 0 -> yes
Original loop: 1 -> yes
Original loop: 2 -> yes

S2 "B[m+1][m] = 2;"
ndims: 2; orig_depth: 2
iterators: l, m
Index set
5 8
1 1 0 0 0 0 0 -1 
1 -1 0 0 0 1 0 -2 
1 0 0 0 0 1 0 -3 
1 0 1 0 0 0 0 0 
1 1 -1 0 0 0 0 -1 
T(S2): (1, l, 0, m, 0, 0, 0)
loop types (loop, loop, loop, loop, loop, scalar, scalar)

No Read accesses
Write accesses
B[m+1][m]
Original loop: 0 -> yes
Original loop: 1 -> yes

S3 "C[l+1] = C[l+1] - 3;"
ndims: 1; orig_depth: 1
iterators: l
Index set
3 7
1 1 0 0 0 0 -1 
1 -1 0 0 1 0 -2 
1 0 0 0 1 0 -3 
T(S3): (1, l, 1, 0, 0, 0, 0)
loop types (loop, loop, loop, scalar, scalar, scalar, scalar)

Read accesses
C[l+1]
Write accesses
C[l+1]
Original loop: 0 -> yes

S4 "D[l-1][l-1][n] = D[l-1][l-1][n-1] + D[l-1][l-1][n+2] * A[l][n][l] - 4;"
ndims: 3; orig_depth: 3
iterators: l, n, o
Index set
9 9
1 1 0 0 0 0 0 0 -1 
1 -1 0 0 0 0 1 0 -2 
1 0 0 0 0 0 1 0 -3 
1 0 1 0 0 0 0 0 -1 
1 0 -1 0 0 0 1 0 -3 
1 0 0 0 0 0 1 0 -4 
1 0 0 1 0 0 0 0 0 
1 0 0 -1 0 0 0 1 -1 
1 0 0 0 0 0 0 1 -1 
T(S4): (1, l, 2, n, 0, o, 0)
loop types (loop, loop, loop, loop, loop, loop, loop)

Read accesses
D[l-1][l-1][n-1]
D[l-1][l-1][n+2]
A[l][n][l]
Write accesses
D[l-1][l-1][n]
Original loop: 0 -> yes
Original loop: 1 -> yes
Original loop: 2 -> yes

--- Dep 1 from S1 to S1; satisfied: 0, sat level: -1; Type: RAW
on variable: A
Dependence polyhedron
13 12
0 0 0 -1 0 0 1 0 0 0 0 1 
0 0 -1 0 0 1 0 0 0 0 0 -1 
0 0 0 -1 1 0 0 0 0 0 0 -1 
1 0 0 0 0 0 0 0 0 0 1 -500 
1 -1 0 1 0 0 0 0 0 0 0 0 
1 0 0 0 0 0 0 1 0 0 0 -500 
1 0 1 0 0 0 0 0 0 0 0 -1 
1 1 -1 0 0 0 0 0 0 0 0 -1 
1 0 -1 0 0 0 0 0 1 0 0 -2 
1 0 0 0 0 0 0 0 0 1 0 -300 
1 0 0 0 0 0 0 0 1 0 0 -300 
1 0 0 -1 0 0 0 1 0 0 0 -1 
1 0 0 -1 0 0 0 0 0 1 0 -1 

--- Dep 2 from S1 to S1; satisfied: 0, sat level: -1; Type: RAW
on variable: A
Dependence polyhedron
13 12
0 -1 0 0 0 0 1 0 0 0 0 2 
0 0 -1 0 0 1 0 0 0 0 0 -1 
0 -1 0 0 1 0 0 0 0 0 0 0 
0 -1 0 1 0 0 0 0 0 0 0 1 
1 -1 0 0 0 0 0 0 0 1 0 0 
1 -1 0 0 0 0 0 1 0 0 0 0 
1 0 0 0 0 0 0 1 0 0 0 -500 
1 0 1 0 0 0 0 0 0 0 0 -1 
1 1 -1 0 0 0 0 0 0 0 0 -2 
1 0 -1 0 0 0 0 0 1 0 0 -2 
1 0 0 0 0 0 0 0 0 1 0 -300 
1 0 0 0 0 0 0 0 1 0 0 -300 
1 0 0 0 0 0 0 0 0 0 1 -500 

--- Dep 3 from S1 to S4; satisfied: 0, sat level: -1; Type: RAW
on variable: A
Dependence polyhedron
15 12
0 0 -1 0 0 1 0 0 0 0 0 1 
0 0 -1 0 1 0 0 0 0 0 0 0 
0 0 -1 1 0 0 0 0 0 0 0 0 
1 1 0 0 0 0 0 0 0 0 0 -2 
1 -1 0 0 0 0 0 1 0 0 0 0 
1 0 0 0 0 0 0 1 0 0 0 -500 
1 0 1 0 0 0 0 0 0 0 0 -2 
1 1 -1 0 0 0 0 0 0 0 0 -1 
1 0 -1 0 0 0 0 0 1 0 0 -1 
1 0 0 0 0 0 0 0 0 1 0 -300 
1 0 0 0 0 0 0 0 1 0 0 -300 
1 0 0 0 0 0 -1 0 0 0 1 -1 
1 0 -1 0 0 0 0 0 0 1 0 -2 
1 0 0 0 0 0 0 0 0 0 1 -500 
1 0 0 0 0 0 1 0 0 0 0 0 

--- Dep 4 from S4 to S4; satisfied: 0, sat level: -1; Type: RAW
on variable: D
Dependence polyhedron
14 12
0 0 -1 0 0 1 0 0 0 0 0 -1 
0 -1 0 0 1 0 0 0 0 0 0 0 
1 1 0 0 0 0 0 0 0 0 0 -1 
1 -1 0 0 0 0 0 0 0 1 0 -2 
1 0 0 0 0 0 0 0 0 1 0 -300 
1 0 1 0 0 0 0 0 0 0 0 -1 
1 0 -1 0 0 0 0 0 0 1 0 -4 
1 0 0 0 0 0 0 0 0 0 1 -500 
1 0 0 1 0 0 0 0 0 0 0 0 
1 0 0 -1 0 0 0 0 0 0 1 -1 
1 0 0 0 0 0 0 1 0 0 0 -500 
1 0 0 0 0 0 0 0 1 0 0 -300 
1 0 0 0 0 0 -1 0 0 0 1 -1 
1 0 0 0 0 0 1 0 0 0 0 0 

--- Dep 5 from S4 to S4; satisfied: 0, sat level: -1; Type: WAR
on variable: D
Dependence polyhedron
14 12
0 0 -1 0 0 1 0 0 0 0 0 -2 
0 -1 0 0 1 0 0 0 0 0 0 0 
1 1 0 0 0 0 0 0 0 0 0 -1 
1 -1 0 0 0 0 0 0 0 1 0 -2 
1 0 0 0 0 0 0 0 0 1 0 -300 
1 0 1 0 0 0 0 0 0 0 0 -1 
1 0 -1 0 0 0 0 0 0 1 0 -5 
1 0 0 0 0 0 0 0 0 0 1 -500 
1 0 0 1 0 0 0 0 0 0 0 0 
1 0 0 -1 0 0 0 0 0 0 1 -1 
1 0 0 0 0 0 0 1 0 0 0 -500 
1 0 0 0 0 0 0 0 1 0 0 -300 
1 0 0 0 0 0 -1 0 0 0 1 -1 
1 0 0 0 0 0 1 0 0 0 0 0 

--- Dep 6 from S1 to S1; satisfied: 0, sat level: -1; Type: WAR
on variable: A
Dependence polyhedron
17 12
0 -1 0 0 0 0 1 0 0 0 0 1 
0 0 -1 0 0 1 0 0 0 0 0 1 
0 -1 0 1 0 0 0 0 0 0 0 2 
1 1 0 0 0 0 0 0 0 0 0 -3 
1 -1 0 0 0 0 0 1 0 0 0 0 
1 0 0 0 0 0 0 1 0 0 0 -500 
1 0 1 0 0 0 0 0 0 0 0 -2 
1 1 -1 0 0 0 0 0 0 0 0 -1 
1 0 -1 0 0 0 0 0 1 0 0 -1 
1 0 0 0 0 0 0 0 0 1 0 -300 
1 0 0 0 0 0 0 0 1 0 0 -300 
1 0 0 0 0 0 0 0 0 0 1 -500 
1 -1 0 0 0 0 0 0 0 1 0 0 
1 0 -1 0 1 0 0 0 0 0 0 0 
1 0 0 0 1 0 0 0 0 0 0 -2 
1 0 0 0 -1 0 0 1 0 0 0 0 
1 -1 0 0 1 0 0 0 0 0 0 -1 

--- Dep 7 from S4 to S4; satisfied: 0, sat level: -1; Type: WAW
on variable: D
Dependence polyhedron
15 12
0 0 -1 0 0 1 0 0 0 0 0 0 
0 -1 0 0 1 0 0 0 0 0 0 0 
1 1 0 0 0 0 0 0 0 0 0 -1 
1 -1 0 0 0 0 0 0 0 1 0 -2 
1 0 0 0 0 0 0 0 0 1 0 -300 
1 0 1 0 0 0 0 0 0 0 0 -1 
1 0 -1 0 0 0 0 0 0 1 0 -3 
1 0 0 0 0 0 0 0 0 0 1 -500 
1 0 0 1 0 0 0 0 0 0 0 0 
1 0 0 -1 0 0 0 0 0 0 1 -1 
1 0 0 0 0 0 0 1 0 0 0 -500 
1 0 0 0 0 0 0 0 1 0 0 -300 
1 0 0 0 0 0 -1 0 0 0 1 -1 
1 0 0 0 0 0 1 0 0 0 0 0 
1 0 0 -1 0 0 1 0 0 0 0 -1 

--- Dep 8 from S1 to S1; satisfied: 0, sat level: -1; Type: WAW
on variable: A
Dependence polyhedron
17 12
0 0 0 -1 0 0 1 0 0 0 0 0 
0 0 -1 0 0 1 0 0 0 0 0 0 
1 1 0 0 0 0 0 0 0 0 0 -2 
1 -1 0 0 0 0 0 1 0 0 0 0 
1 0 0 0 0 0 0 1 0 0 0 -500 
1 0 1 0 0 0 0 0 0 0 0 -1 
1 1 -1 0 0 0 0 0 0 0 0 -1 
1 0 -1 0 0 0 0 0 1 0 0 -1 
1 0 0 0 0 0 0 0 0 1 0 -300 
1 0 0 0 0 0 0 0 1 0 0 -300 
1 0 0 1 0 0 0 0 0 0 0 -1 
1 0 0 -1 0 0 0 0 0 1 0 -1 
1 0 0 0 0 0 0 0 0 0 1 -500 
1 0 0 0 1 0 0 0 0 0 0 -2 
1 0 0 0 -1 0 0 1 0 0 0 0 
1 0 -1 0 1 0 0 0 0 0 0 -1 
1 -1 0 0 1 0 0 0 0 0 0 -1 

--- Dep 9 from S2 to S2; satisfied: 0, sat level: -1; Type: WAW
on variable: B
Dependence polyhedron
13 10
0 0 -1 0 1 0 0 0 0 0 
1 1 0 0 0 0 0 0 0 -1 
1 -1 0 0 0 0 0 1 0 -2 
1 0 0 0 0 0 0 1 0 -300 
1 0 1 0 0 0 0 0 0 0 
1 1 -1 0 0 0 0 0 0 -1 
1 0 0 0 0 0 0 0 1 -500 
1 0 0 0 0 0 1 0 0 -300 
1 0 0 0 0 1 0 0 0 -500 
1 0 0 1 0 0 0 0 0 -1 
1 0 0 -1 0 0 0 1 0 -2 
1 0 -1 1 0 0 0 0 0 -1 
1 -1 0 1 0 0 0 0 0 -1 


[zyj-debug] After affine transformations
T(S1): (zT3, 0, zT4, j+k, 0, i, j)
loop types (loop, scalar, loop, loop, scalar, loop, loop)

T(S2): (zT2, 0, zT3, m, 0, l, 0)
loop types (loop, scalar, loop, loop, scalar, loop, scalar)

T(S3): (zT1, 0, 0, l, 0, 0, 0)
loop types (loop, scalar, scalar, loop, scalar, scalar, scalar)

T(S4): (zT3, 1, zT4, 2l, 1, n, o)
loop types (loop, scalar, loop, loop, scalar, loop, loop)

t1 --> parallel loop   (band 0)no-ujam
t2 --> fwd_dep  scalar (band 0)no-ujam
t3 --> fwd_dep  loop   (band 0)no-ujam
t4 --> parallel loop   (band 0)no-ujam
t5 --> parallel scalar (band 0)no-ujam
t6 --> fwd_dep  loop   (band 0)no-ujam
t7 --> serial   loop   (band 1)no-ujam

