[zyj-debug] Before affine transformations
nvar = 3, npar = 1
Parameters: PB_N 
S1 "A[j][i] = A[j+2][i] * 5;"
ndims: 3; orig_depth: 3
iterators: i, j, k
Index set
9 6
1 1 0 0 0 0 
1 -1 0 0 1 -2 
1 0 0 0 1 -2 
1 0 1 0 0 0 
1 0 -1 0 1 -3 
1 0 0 0 1 -3 
1 0 0 1 0 0 
1 0 0 -1 1 -1 
1 0 0 0 1 -1 
T(S1): (0, i, 0, j, 0, k, 0)
loop types (loop, loop, loop, loop, loop, loop, loop)

Read accesses
A[j+2][i]
Write accesses
A[j][i]
Original loop: 0 -> yes
Original loop: 1 -> yes
Original loop: 2 -> yes

S2 "B[i] = B[i+1] * B[i] - 1;"
ndims: 1; orig_depth: 1
iterators: i
Index set
3 4
1 1 0 0 
1 -1 1 -2 
1 0 1 -2 
T(S2): (0, i, 1, 0, 0, 0, 0)
loop types (loop, loop, loop, scalar, scalar, scalar, scalar)

Read accesses
B[i+1]
B[i]
Write accesses
B[i]
Original loop: 0 -> yes

S3 "B[l+1] = B[l] * B[l-1] * 3;"
ndims: 1; orig_depth: 1
iterators: l
Index set
3 4
1 1 0 -1 
1 -1 1 -2 
1 0 1 -3 
T(S3): (1, l, 0, 0, 0, 0, 0)
loop types (loop, loop, loop, scalar, scalar, scalar, scalar)

Read accesses
B[l]
B[l-1]
Write accesses
B[l+1]
Original loop: 0 -> yes

S4 "A[n][n+1] = A[n][m] + A[m][n-1] * 4;"
ndims: 2; orig_depth: 2
iterators: m, n
Index set
6 5
1 1 0 0 0 
1 -1 0 1 -1 
1 0 0 1 -1 
1 0 1 0 -1 
1 0 -1 1 -2 
1 0 0 1 -3 
T(S4): (2, m, 0, n, 0, 0, 0)
loop types (loop, loop, loop, loop, loop, scalar, scalar)

Read accesses
A[n][m]
A[m][n-1]
Write accesses
A[n][n+1]
Original loop: 0 -> yes
Original loop: 1 -> yes

--- Dep 1 from S2 to S3; satisfied: 0, sat level: -1; Type: RAW
on variable: B
Dependence polyhedron
4 5
0 -1 1 0 -1 
1 1 0 0 0 
1 -1 0 1 -3 
1 0 0 1 -300 

--- Dep 2 from S2 to S3; satisfied: 0, sat level: -1; Type: RAW
on variable: B
Dependence polyhedron
4 5
0 -1 1 0 0 
1 1 0 0 -1 
1 -1 0 1 -2 
1 0 0 1 -300 

--- Dep 3 from S4 to S4; satisfied: 0, sat level: -1; Type: RAW
on variable: A
Dependence polyhedron
8 7
0 0 -1 0 1 0 0 
0 0 -1 1 0 0 -1 
1 1 0 0 0 0 0 
1 -1 0 0 0 1 -1 
1 0 0 0 0 1 -300 
1 0 1 0 0 0 -1 
1 0 -1 0 0 1 -2 
1 -1 1 0 0 0 0 

--- Dep 4 from S1 to S4; satisfied: 0, sat level: -1; Type: RAW
on variable: A
Dependence polyhedron
9 8
0 -1 0 0 0 1 0 -1 
0 0 -1 0 1 0 0 0 
1 1 0 0 0 0 0 0 
1 -1 0 0 0 0 1 -3 
1 0 0 0 0 0 1 -300 
1 0 1 0 0 0 0 0 
1 0 -1 0 0 0 1 -3 
1 0 0 -1 0 0 1 -1 
1 0 0 1 0 0 0 0 

--- Dep 5 from S3 to S3; satisfied: 0, sat level: -1; Type: RAW
on variable: B
Dependence polyhedron
4 5
0 -1 1 0 -2 
1 1 0 0 -1 
1 -1 0 1 -4 
1 0 0 1 -300 

--- Dep 6 from S4 to S4; satisfied: 0, sat level: -1; Type: RAW
on variable: A
Dependence polyhedron
6 7
0 0 -1 0 1 0 -2 
0 0 -1 1 0 0 0 
1 1 0 0 0 0 0 
1 0 -1 0 0 1 -4 
1 0 0 0 0 1 -300 
1 -1 1 0 0 0 -1 

--- Dep 7 from S4 to S4; satisfied: 0, sat level: -1; Type: RAW
on variable: A
Dependence polyhedron
6 7
0 -1 0 0 1 0 -2 
0 -1 0 1 0 0 0 
0 -1 1 0 0 0 0 
1 1 0 0 0 0 -1 
1 -1 0 0 0 1 -4 
1 0 0 0 0 1 -300 

--- Dep 8 from S1 to S4; satisfied: 0, sat level: -1; Type: RAW
on variable: A
Dependence polyhedron
9 8
0 0 -1 0 0 1 0 0 
0 -1 0 0 1 0 0 0 
1 1 0 0 0 0 0 0 
1 -1 0 0 0 0 1 -2 
1 0 0 0 0 0 1 -300 
1 0 1 0 0 0 0 -1 
1 0 -1 0 0 0 1 -3 
1 0 0 -1 0 0 1 -1 
1 0 0 1 0 0 0 0 

--- Dep 9 from S3 to S3; satisfied: 0, sat level: -1; Type: RAW
on variable: B
Dependence polyhedron
4 5
0 -1 1 0 -1 
1 1 0 0 -1 
1 -1 0 1 -3 
1 0 0 1 -300 

--- Dep 10 from S4 to S4; satisfied: 0, sat level: -1; Type: WAR
on variable: A
Dependence polyhedron
8 7
0 -1 0 0 1 0 1 
0 -1 1 0 0 0 1 
1 1 0 0 0 0 -2 
1 -1 0 0 0 1 -1 
1 0 0 0 0 1 -300 
1 0 0 -1 0 1 -1 
1 0 0 1 0 0 0 
1 -1 0 1 0 0 -1 

--- Dep 11 from S2 to S2; satisfied: 0, sat level: -1; Type: WAR
on variable: B
Dependence polyhedron
4 5
0 -1 1 0 -1 
1 1 0 0 0 
1 -1 0 1 -3 
1 0 0 1 -300 

--- Dep 12 from S2 to S3; satisfied: 0, sat level: -1; Type: WAR
on variable: B
Dependence polyhedron
4 5
0 -1 1 0 1 
1 1 0 0 -2 
1 -1 0 1 -2 
1 0 0 1 -300 

--- Dep 13 from S1 to S4; satisfied: 0, sat level: -1; Type: WAR
on variable: A
Dependence polyhedron
9 8
0 -1 0 0 0 1 0 1 
0 -1 1 0 0 0 0 3 
1 1 0 0 0 0 0 -3 
1 -1 0 0 0 0 1 -2 
1 0 0 0 0 0 1 -300 
1 0 0 0 -1 0 1 -1 
1 0 0 0 1 0 0 0 
1 0 0 -1 0 0 1 -1 
1 0 0 1 0 0 0 0 

--- Dep 14 from S1 to S1; satisfied: 0, sat level: -1; Type: WAR
on variable: A
Dependence polyhedron
11 9
0 0 -1 0 0 1 0 0 -2 
0 -1 0 0 1 0 0 0 0 
1 1 0 0 0 0 0 0 0 
1 -1 0 0 0 0 0 1 -2 
1 0 0 0 0 0 0 1 -300 
1 0 1 0 0 0 0 0 0 
1 0 -1 0 0 0 0 1 -5 
1 0 0 -1 0 0 0 1 -1 
1 0 0 1 0 0 0 0 0 
1 0 0 0 0 0 1 0 0 
1 0 0 0 0 0 -1 1 -1 

--- Dep 15 from S4 to S4; satisfied: 0, sat level: -1; Type: WAR
on variable: A
Dependence polyhedron
8 7
0 -1 0 0 1 0 0 
0 -1 1 0 0 0 -2 
1 1 0 0 0 0 -1 
1 -1 0 0 0 1 -4 
1 0 0 0 0 1 -300 
1 0 0 -1 0 1 -1 
1 0 0 1 0 0 0 
1 -1 0 1 0 0 -1 

--- Dep 16 from S2 to S3; satisfied: 0, sat level: -1; Type: WAR
on variable: B
Dependence polyhedron
4 5
0 -1 1 0 0 
1 1 0 0 -1 
1 -1 0 1 -2 
1 0 0 1 -300 

--- Dep 17 from S1 to S4; satisfied: 0, sat level: -1; Type: WAW
on variable: A
Dependence polyhedron
9 8
0 -1 0 0 0 1 0 1 
0 -1 1 0 0 0 0 1 
1 1 0 0 0 0 0 -2 
1 -1 0 0 0 0 1 -2 
1 0 0 0 0 0 1 -300 
1 0 0 0 -1 0 1 -1 
1 0 0 0 1 0 0 0 
1 0 0 -1 0 0 1 -1 
1 0 0 1 0 0 0 0 

--- Dep 18 from S4 to S4; satisfied: 0, sat level: -1; Type: WAW
on variable: A
Dependence polyhedron
9 7
0 0 -1 0 1 0 0 
1 1 0 0 0 0 0 
1 -1 0 0 0 1 -1 
1 0 0 0 0 1 -300 
1 0 1 0 0 0 -1 
1 0 -1 0 0 1 -2 
1 0 0 1 0 0 0 
1 0 0 -1 0 1 -1 
1 -1 0 1 0 0 -1 

--- Dep 19 from S2 to S3; satisfied: 0, sat level: -1; Type: WAW
on variable: B
Dependence polyhedron
4 5
0 -1 1 0 1 
1 1 0 0 -2 
1 -1 0 1 -2 
1 0 0 1 -300 

--- Dep 20 from S1 to S1; satisfied: 0, sat level: -1; Type: WAW
on variable: A
Dependence polyhedron
12 9
0 0 -1 0 0 1 0 0 0 
0 -1 0 0 1 0 0 0 0 
1 1 0 0 0 0 0 0 0 
1 -1 0 0 0 0 0 1 -2 
1 0 0 0 0 0 0 1 -300 
1 0 1 0 0 0 0 0 0 
1 0 -1 0 0 0 0 1 -3 
1 0 0 -1 0 0 0 1 -1 
1 0 0 1 0 0 0 0 0 
1 0 0 0 0 0 1 0 0 
1 0 0 0 0 0 -1 1 -1 
1 0 0 -1 0 0 1 0 -1 


[zyj-debug] After affine transformations
T(S1): (1, zT3, zT4, i, j, k, 3)
loop types (scalar, loop, loop, loop, loop, loop, scalar)

T(S2): (0, i, 0, 0, 1, 0, 0)
loop types (scalar, loop, scalar, scalar, scalar, scalar, scalar)

T(S3): (0, l+1, 0, 0, 2, 0, 0)
loop types (scalar, loop, scalar, scalar, scalar, scalar, scalar)

T(S4): (2, zT2+zT3, zT3, m, 2m+n, 0, 0)
loop types (scalar, loop, loop, loop, loop, scalar, scalar)

t1 --> fwd_dep  scalar (band 0)no-ujam
t2 --> fwd_dep  loop   (band 0)no-ujam
t3 --> fwd_dep  loop   (band 0)no-ujam
t4 --> fwd_dep  loop   (band 0)no-ujam
t5 --> fwd_dep  loop   (band 0)no-ujam
t6 --> fwd_dep  loop   (band 1)no-ujam
t7 --> parallel scalar (band 1)no-ujam

