[zyj-debug] Before affine transformations
nvar = 3, npar = 2
Parameters: PB_M PB_L 
S1 "A[i][j-1] = A[i][i+1] * 2;"
ndims: 2; orig_depth: 2
iterators: i, j
Index set
6 6
1 1 0 0 0 0 
1 -1 0 1 0 -1 
1 0 0 1 0 -1 
1 0 1 0 0 -1 
1 0 -1 0 1 0 
1 0 0 0 1 -1 
T(S1): (0, i, 0, j, 0, 0, 0)
loop types (loop, loop, loop, loop, loop, scalar, scalar)

Read accesses
A[i][i+1]
Write accesses
A[i][j-1]
Original loop: 0 -> yes
Original loop: 1 -> yes

S2 "B[k][l-1][m+1] = B[k-2][l-1][m+1] - B[k][l-1][m+3] * C[l-1][m] - D[m][m][k] * 5;"
ndims: 3; orig_depth: 3
iterators: k, l, m
Index set
9 7
1 1 0 0 0 0 -2 
1 -1 0 0 1 0 -1 
1 0 0 0 1 0 -3 
1 0 1 0 0 0 -1 
1 0 -1 0 1 0 0 
1 0 0 0 1 0 -1 
1 0 0 1 0 0 0 
1 1 0 -1 0 0 -1 
1 1 0 0 0 0 -1 
T(S2): (1, k, 0, l, 0, m, 0)
loop types (loop, loop, loop, loop, loop, loop, loop)

Read accesses
B[k-2][l-1][m+1]
B[k][l-1][m+3]
C[l-1][m]
D[m][m][k]
Write accesses
B[k][l-1][m+1]
Original loop: 0 -> yes
Original loop: 1 -> yes
Original loop: 2 -> yes

S3 "E[k][n] = 3;"
ndims: 2; orig_depth: 2
iterators: k, n
Index set
6 6
1 1 0 0 0 -2 
1 -1 0 1 0 -1 
1 0 0 1 0 -3 
1 0 1 0 0 0 
1 1 -1 0 0 -1 
1 1 0 0 0 -1 
T(S3): (1, k, 1, n, 0, 0, 0)
loop types (loop, loop, loop, loop, loop, scalar, scalar)

No Read accesses
Write accesses
E[k][n]
Original loop: 0 -> yes
Original loop: 1 -> yes

S4 "A[q-1][o] = A[q-1][o+1] - A[q-2][o] - F[p][o][q] + 1;"
ndims: 3; orig_depth: 3
iterators: o, p, q
Index set
9 7
1 1 0 0 0 0 0 
1 -1 0 0 1 0 -1 
1 0 0 0 1 0 -1 
1 0 1 0 0 0 0 
1 1 -1 0 0 0 -1 
1 1 0 0 0 0 -1 
1 0 0 1 0 0 -2 
1 0 0 -1 1 0 0 
1 0 0 0 1 0 -2 
T(S4): (2, o, 0, p, 0, q, 0)
loop types (loop, loop, loop, loop, loop, loop, loop)

Read accesses
A[q-1][o+1]
A[q-2][o]
F[p][o][q]
Write accesses
A[q-1][o]
Original loop: 0 -> yes
Original loop: 1 -> yes
Original loop: 2 -> yes

--- Dep 1 from S1 to S4; satisfied: 0, sat level: -1; Type: RAW
on variable: A
Dependence polyhedron
11 9
0 -1 0 0 0 1 0 0 -2 
0 0 -1 1 0 0 0 0 1 
1 1 0 0 0 0 0 0 0 
1 -1 0 0 0 0 1 0 -2 
1 0 0 0 0 0 1 0 -300 
1 0 1 0 0 0 0 0 -2 
1 0 -1 0 0 0 0 1 0 
1 0 0 0 0 0 0 1 -400 
1 0 1 0 -1 0 0 0 -2 
1 0 -1 0 0 0 1 0 0 
1 0 0 0 1 0 0 0 0 

--- Dep 2 from S1 to S4; satisfied: 0, sat level: -1; Type: RAW
on variable: A
Dependence polyhedron
11 9
0 -1 0 0 0 1 0 0 -1 
0 0 -1 1 0 0 0 0 2 
1 1 0 0 0 0 0 0 -1 
1 -1 0 0 0 0 1 0 -1 
1 0 0 0 0 0 1 0 -300 
1 0 1 0 0 0 0 0 -3 
1 0 -1 0 0 0 0 1 0 
1 0 0 0 0 0 0 1 -400 
1 0 1 0 -1 0 0 0 -3 
1 0 -1 0 0 0 1 0 1 
1 0 0 0 1 0 0 0 0 

--- Dep 3 from S4 to S4; satisfied: 0, sat level: -1; Type: RAW
on variable: A
Dependence polyhedron
10 10
0 0 0 -1 0 0 1 0 0 -1 
0 -1 0 0 1 0 0 0 0 0 
1 1 0 0 0 -1 0 0 0 -1 
1 -1 0 0 0 0 0 1 0 -1 
1 0 0 0 0 0 0 1 0 -300 
1 0 1 0 0 0 0 0 0 0 
1 0 -1 0 0 1 0 0 0 0 
1 0 0 -1 0 0 0 1 0 -1 
1 0 0 1 0 0 0 0 0 -2 
1 0 0 0 0 0 0 0 1 -400 

--- Dep 4 from S1 to S1; satisfied: 0, sat level: -1; Type: RAW
on variable: A
Dependence polyhedron
10 8
0 -1 0 1 0 0 0 0 
0 -1 1 0 0 0 0 -2 
1 1 0 0 0 0 0 0 
1 -1 0 0 0 1 0 -1 
1 0 0 0 0 1 0 -300 
1 0 0 0 0 0 1 -400 
1 -1 0 0 0 0 1 -2 
1 0 0 0 -1 0 1 0 
1 0 0 0 1 0 0 -1 
1 -1 0 0 1 0 0 -3 

--- Dep 5 from S2 to S2; satisfied: 0, sat level: -1; Type: RAW
on variable: B
Dependence polyhedron
11 10
0 0 0 -1 0 0 1 0 0 0 
0 0 -1 0 0 1 0 0 0 0 
0 -1 0 0 1 0 0 0 0 -2 
1 1 0 0 0 0 0 0 0 -2 
1 -1 0 0 0 0 0 1 0 -3 
1 0 0 0 0 0 0 1 0 -300 
1 0 1 0 0 0 0 0 0 -1 
1 0 -1 0 0 0 0 1 0 0 
1 1 0 -1 0 0 0 0 0 -1 
1 0 0 1 0 0 0 0 0 0 
1 0 0 0 0 0 0 0 1 -400 

--- Dep 6 from S4 to S4; satisfied: 0, sat level: -1; Type: WAR
on variable: A
Dependence polyhedron
13 10
0 0 0 -1 0 0 1 0 0 1 
0 -1 0 0 1 0 0 0 0 0 
1 1 0 0 0 0 0 0 0 -1 
1 -1 0 0 0 0 0 1 0 -1 
1 0 0 0 0 0 0 1 0 -300 
1 0 1 0 0 0 0 0 0 0 
1 1 -1 0 0 0 0 0 0 -1 
1 0 0 -1 0 0 0 1 0 0 
1 0 0 1 0 0 0 0 0 -3 
1 0 0 0 0 0 0 0 1 -400 
1 1 0 0 0 -1 0 0 0 -1 
1 0 0 0 0 1 0 0 0 0 
1 0 -1 0 0 1 0 0 0 -1 

--- Dep 7 from S2 to S2; satisfied: 0, sat level: -1; Type: WAR
on variable: B
Dependence polyhedron
11 10
0 0 0 -1 0 0 1 0 0 -2 
0 0 -1 0 0 1 0 0 0 0 
0 -1 0 0 1 0 0 0 0 0 
1 1 0 0 0 0 0 0 0 -2 
1 -1 0 0 0 0 0 1 0 -1 
1 0 0 0 0 0 0 1 0 -300 
1 0 1 0 0 0 0 0 0 -1 
1 0 -1 0 0 0 0 1 0 0 
1 1 0 -1 0 0 0 0 0 -3 
1 0 0 1 0 0 0 0 0 0 
1 0 0 0 0 0 0 0 1 -400 

--- Dep 8 from S1 to S1; satisfied: 0, sat level: -1; Type: WAR
on variable: A
Dependence polyhedron
10 8
0 -1 0 0 1 0 0 -2 
0 -1 0 1 0 0 0 0 
1 1 0 0 0 0 0 0 
1 -1 0 0 0 1 0 -1 
1 0 0 0 0 1 0 -300 
1 0 1 0 0 0 0 -1 
1 0 -1 0 0 0 1 0 
1 0 0 0 0 0 1 -400 
1 -1 0 0 0 0 1 -2 
1 1 -1 0 0 0 0 1 

--- Dep 9 from S1 to S4; satisfied: 0, sat level: -1; Type: WAR
on variable: A
Dependence polyhedron
10 9
0 -1 0 0 0 1 0 0 -1 
0 -1 0 1 0 0 0 0 -1 
1 1 0 0 0 0 0 0 -1 
1 -1 0 0 0 0 1 0 -2 
1 0 0 0 0 0 1 0 -300 
1 0 1 0 0 0 0 0 -1 
1 0 -1 0 0 0 0 1 0 
1 0 0 0 0 0 0 1 -400 
1 1 0 0 -1 0 0 0 0 
1 0 0 0 1 0 0 0 0 

--- Dep 10 from S4 to S4; satisfied: 0, sat level: -1; Type: WAR
on variable: A
Dependence polyhedron
12 10
0 0 0 -1 0 0 1 0 0 0 
0 -1 0 0 1 0 0 0 0 -1 
1 1 0 0 0 0 0 0 0 -1 
1 -1 0 0 0 0 0 1 0 -2 
1 0 0 0 0 0 0 1 0 -300 
1 0 1 0 0 0 0 0 0 0 
1 1 -1 0 0 0 0 0 0 -1 
1 0 0 -1 0 0 0 1 0 0 
1 0 0 1 0 0 0 0 0 -2 
1 0 0 0 0 0 0 0 1 -400 
1 1 0 0 0 -1 0 0 0 0 
1 0 0 0 0 1 0 0 0 0 

--- Dep 11 from S4 to S4; satisfied: 0, sat level: -1; Type: WAW
on variable: A
Dependence polyhedron
13 10
0 0 0 -1 0 0 1 0 0 0 
0 -1 0 0 1 0 0 0 0 0 
1 1 0 0 0 0 0 0 0 -1 
1 -1 0 0 0 0 0 1 0 -1 
1 0 0 0 0 0 0 1 0 -300 
1 0 1 0 0 0 0 0 0 0 
1 1 -1 0 0 0 0 0 0 -1 
1 0 0 -1 0 0 0 1 0 0 
1 0 0 1 0 0 0 0 0 -2 
1 0 0 0 0 0 0 0 1 -400 
1 1 0 0 0 -1 0 0 0 -1 
1 0 0 0 0 1 0 0 0 0 
1 0 -1 0 0 1 0 0 0 -1 

--- Dep 12 from S1 to S4; satisfied: 0, sat level: -1; Type: WAW
on variable: A
Dependence polyhedron
11 9
0 -1 0 0 0 1 0 0 -1 
0 0 -1 1 0 0 0 0 1 
1 1 0 0 0 0 0 0 -1 
1 -1 0 0 0 0 1 0 -1 
1 0 0 0 0 0 1 0 -300 
1 0 1 0 0 0 0 0 -2 
1 0 -1 0 0 0 0 1 0 
1 0 0 0 0 0 0 1 -400 
1 0 1 0 -1 0 0 0 -2 
1 0 -1 0 0 0 1 0 0 
1 0 0 0 1 0 0 0 0 


[zyj-debug] After affine transformations
T(S1): (2, zT2, zT3, i, j, 0, 0)
loop types (scalar, loop, loop, loop, loop, scalar, scalar)

T(S2): (1, zT3, zT4, zT5, l, k, m)
loop types (scalar, loop, loop, loop, loop, loop, loop)

T(S3): (0, zT2, zT3, k, n, 0, 0)
loop types (scalar, loop, loop, loop, loop, scalar, scalar)

T(S4): (3, o, zT3+zT4, zT4, p, p+q, 0)
loop types (scalar, loop, loop, loop, loop, loop, scalar)

t1 --> fwd_dep  scalar (band 0)no-ujam
t2 --> serial   loop   (band 0)no-ujam
t3 --> fwd_dep  loop   (band 1)no-ujam
t4 --> fwd_dep  loop   (band 1)no-ujam
t5 --> fwd_dep  loop   (band 1)no-ujam
t6 --> fwd_dep  loop   (band 1)no-ujam
t7 --> fwd_dep  loop   (band 1)no-ujam

