[zyj-debug] Before affine transformations
nvar = 3, npar = 2
Parameters: PB_P PB_M 
S1 "A[j][i-1] = A[j][i-1] + 6;"
ndims: 2; orig_depth: 2
iterators: i, j
Index set
7 6
1 1 0 0 0 -1 
1 -1 0 1 0 0 
1 0 0 1 0 -1 
1 0 1 0 0 0 
1 1 -1 0 0 -1 
1 0 -1 0 1 -1 
1 0 0 0 1 -1 
T(S1): (0, i, 0, j, 0, 0, 0)
loop types (loop, loop, loop, loop, loop, scalar, scalar)

Read accesses
A[j][i-1]
Write accesses
A[j][i-1]
Original loop: 0 -> yes
Original loop: 1 -> yes

S2 "B[k] = C[k-1] + 6;"
ndims: 1; orig_depth: 1
iterators: k
Index set
3 5
1 1 0 0 -1 
1 -1 0 1 -1 
1 0 0 1 -2 
T(S2): (1, k, 0, 0, 0, 0, 0)
loop types (loop, loop, loop, scalar, scalar, scalar, scalar)

Read accesses
C[k-1]
Write accesses
B[k]
Original loop: 0 -> yes

S3 "D[l][m-1][k] = E[k-1][m][l] - A[k][m+1] + 3;"
ndims: 3; orig_depth: 3
iterators: k, l, m
Index set
9 7
1 1 0 0 0 0 -1 
1 -1 0 0 0 1 -1 
1 0 0 0 0 1 -2 
1 0 1 0 0 0 0 
1 0 -1 0 0 1 -1 
1 0 0 0 0 1 -1 
1 0 0 1 0 0 -1 
1 0 0 -1 1 0 -2 
1 0 0 0 1 0 -3 
T(S3): (1, k, 1, l, 0, m, 0)
loop types (loop, loop, loop, loop, loop, loop, loop)

Read accesses
E[k-1][m][l]
A[k][m+1]
Write accesses
D[l][m-1][k]
Original loop: 0 -> yes
Original loop: 1 -> yes
Original loop: 2 -> yes

S4 "F[n] = F[n] + F[n] * B[n] - 1;"
ndims: 1; orig_depth: 1
iterators: n
Index set
3 5
1 1 0 0 0 
1 -1 0 1 -1 
1 0 0 1 -1 
T(S4): (2, n, 0, 0, 0, 0, 0)
loop types (loop, loop, loop, scalar, scalar, scalar, scalar)

Read accesses
F[n]
F[n]
B[n]
Write accesses
F[n]
Original loop: 0 -> yes

--- Dep 1 from S1 to S3; satisfied: 0, sat level: -1; Type: RAW
on variable: A
Dependence polyhedron
11 9
0 -1 0 0 0 1 0 0 2 
0 0 -1 1 0 0 0 0 0 
1 1 0 0 0 0 0 0 -3 
1 -1 0 0 0 0 1 0 0 
1 0 0 0 0 0 1 0 -300 
1 0 1 0 0 0 0 0 -1 
1 1 -1 0 0 0 0 0 -1 
1 0 -1 0 0 0 0 1 -1 
1 0 0 0 0 0 0 1 -300 
1 0 0 0 -1 0 0 1 -1 
1 0 0 0 1 0 0 0 0 

--- Dep 2 from S2 to S4; satisfied: 0, sat level: -1; Type: RAW
on variable: B
Dependence polyhedron
5 6
0 -1 1 0 0 0 
1 1 0 0 0 -1 
1 -1 0 0 1 -1 
1 0 0 0 1 -300 
1 0 0 1 0 -300 


[zyj-debug] After affine transformations
T(S1): (1, zT2, zT3, j, i, 0, 3, 0)
loop types (scalar, loop, loop, loop, loop, scalar, scalar, scalar)

T(S2): (0, zT1, k, 0, 0, 1, 0, 0)
loop types (scalar, loop, loop, scalar, scalar, scalar, scalar, scalar)

T(S3): (2, zT3, zT4, zT5, k, l, m, 0)
loop types (scalar, loop, loop, loop, loop, loop, loop, scalar)

T(S4): (0, zT1, n, 0, 0, 2, 0, 0)
loop types (scalar, loop, loop, scalar, scalar, scalar, scalar, scalar)

t1 --> fwd_dep  scalar (band 0)no-ujam
t2 --> parallel loop   (band 0)no-ujam
t3 --> parallel loop   (band 0)no-ujam
t4 --> parallel loop   (band 0)no-ujam
t5 --> parallel loop   (band 0)no-ujam
t6 --> fwd_dep  loop   (band 0)no-ujam
t7 --> parallel loop   (band 0)no-ujam
t8 --> parallel scalar (band 0)no-ujam

