[zyj-debug] Before affine transformations
nvar = 3, npar = 3
Parameters: PB_L PB_P PB_M 
S1 "A[i] = A[i-1] * 3;"
ndims: 1; orig_depth: 1
iterators: i
Index set
3 6
1 1 0 0 0 -1 
1 -1 1 0 0 -1 
1 0 1 0 0 -2 
T(S1): (0, i, 0, 0, 0, 0, 0)
loop types (loop, loop, loop, scalar, scalar, scalar, scalar)

Read accesses
A[i-1]
Write accesses
A[i]
Original loop: 0 -> yes

S2 "B[k][j-1][j+1] = B[k][j-1][j] + B[k][k-1][j] + 2;"
ndims: 3; orig_depth: 3
iterators: j, k, l
Index set
10 8
1 1 0 0 0 0 0 -2 
1 -1 0 0 0 1 0 -2 
1 0 0 0 0 1 0 -4 
1 0 1 0 0 0 0 -1 
1 1 -1 0 0 0 0 -1 
1 0 -1 0 0 0 1 -1 
1 0 0 0 0 0 1 -2 
1 0 0 1 0 0 0 0 
1 0 0 -1 1 0 0 -1 
1 0 0 0 1 0 0 -1 
T(S2): (1, j, 0, k, 0, l, 0)
loop types (loop, loop, loop, loop, loop, loop, loop)

Read accesses
B[k][j-1][j]
B[k][k-1][j]
Write accesses
B[k][j-1][j+1]
Original loop: 0 -> yes
Original loop: 1 -> yes
Original loop: 2 -> yes

S3 "A[j] = A[j-2] - A[j] - 5;"
ndims: 1; orig_depth: 1
iterators: j
Index set
3 6
1 1 0 0 0 -2 
1 -1 0 1 0 -2 
1 0 0 1 0 -4 
T(S3): (1, j, 1, 0, 0, 0, 0)
loop types (loop, loop, loop, scalar, scalar, scalar, scalar)

Read accesses
A[j-2]
A[j]
Write accesses
A[j]
Original loop: 0 -> yes

S4 "B[o][n][m] = C[m][o] + C[n][m] + 6;"
ndims: 3; orig_depth: 3
iterators: m, n, o
Index set
11 8
1 1 0 0 0 0 0 0 
1 -1 0 0 0 1 0 -1 
1 0 0 0 0 1 0 -1 
1 0 1 0 0 0 0 0 
1 0 -1 0 1 0 0 -1 
1 0 0 0 1 0 0 -1 
1 0 0 1 0 0 0 0 
1 0 1 -1 0 0 0 -1 
1 0 0 -1 0 0 1 -1 
1 0 1 0 0 0 0 -1 
1 0 0 0 0 0 1 -1 
T(S4): (2, m, 0, n, 0, o, 0)
loop types (loop, loop, loop, loop, loop, loop, loop)

Read accesses
C[m][o]
C[n][m]
Write accesses
B[o][n][m]
Original loop: 0 -> yes
Original loop: 1 -> yes
Original loop: 2 -> yes

--- Dep 1 from S1 to S1; satisfied: 0, sat level: -1; Type: RAW
on variable: A
Dependence polyhedron
6 7
0 -1 1 0 0 0 -1 
1 1 0 0 0 0 -1 
1 -1 0 1 0 0 -2 
1 0 0 1 0 0 -500 
1 0 0 0 0 1 -300 
1 0 0 0 1 0 -500 

--- Dep 2 from S1 to S3; satisfied: 0, sat level: -1; Type: RAW
on variable: A
Dependence polyhedron
7 7
0 -1 1 0 0 0 0 
1 1 0 0 0 0 -2 
1 -1 0 1 0 0 -1 
1 0 0 1 0 0 -500 
1 0 0 0 0 1 -300 
1 0 0 0 1 0 -500 
1 -1 0 0 1 0 -2 

--- Dep 3 from S1 to S3; satisfied: 0, sat level: -1; Type: RAW
on variable: A
Dependence polyhedron
7 7
0 -1 1 0 0 0 -2 
1 1 0 0 0 0 -1 
1 -1 0 1 0 0 -1 
1 0 0 1 0 0 -500 
1 0 0 0 0 1 -300 
1 0 0 0 1 0 -500 
1 -1 0 0 1 0 -4 

--- Dep 4 from S3 to S3; satisfied: 0, sat level: -1; Type: RAW
on variable: A
Dependence polyhedron
6 7
0 -1 1 0 0 0 -2 
1 1 0 0 0 0 -2 
1 -1 0 0 1 0 -4 
1 0 0 0 1 0 -500 
1 0 0 0 0 1 -300 
1 0 0 1 0 0 -500 

--- Dep 5 from S1 to S3; satisfied: 0, sat level: -1; Type: WAR
on variable: A
Dependence polyhedron
7 7
0 -1 1 0 0 0 1 
1 1 0 0 0 0 -3 
1 -1 0 1 0 0 -1 
1 0 0 1 0 0 -500 
1 0 0 0 0 1 -300 
1 0 0 0 1 0 -500 
1 -1 0 0 1 0 -1 

--- Dep 6 from S2 to S4; satisfied: 0, sat level: -1; Type: WAR
on variable: B
Dependence polyhedron
14 11
0 0 -1 0 0 0 1 0 0 0 0 
0 -1 0 0 0 1 0 0 0 0 1 
0 -1 0 0 1 0 0 0 0 0 0 
1 1 0 0 0 0 0 0 0 0 -2 
1 -1 0 0 0 0 0 0 1 0 -2 
1 0 0 0 0 0 0 0 1 0 -500 
1 0 1 0 0 0 0 0 0 0 -1 
1 1 -1 0 0 0 0 0 0 0 -2 
1 0 -1 0 0 0 0 0 0 1 -1 
1 0 0 0 0 0 0 0 0 1 -300 
1 0 0 1 0 0 0 0 0 0 0 
1 0 0 -1 0 0 0 1 0 0 -1 
1 0 0 0 0 0 0 1 0 0 -500 
1 -1 0 0 0 0 0 1 0 0 0 

--- Dep 7 from S1 to S3; satisfied: 0, sat level: -1; Type: WAW
on variable: A
Dependence polyhedron
7 7
0 -1 1 0 0 0 0 
1 1 0 0 0 0 -2 
1 -1 0 1 0 0 -1 
1 0 0 1 0 0 -500 
1 0 0 0 0 1 -300 
1 0 0 0 1 0 -500 
1 -1 0 0 1 0 -2 

--- Dep 8 from S2 to S4; satisfied: 0, sat level: -1; Type: WAW
on variable: B
Dependence polyhedron
14 11
0 0 -1 0 0 0 1 0 0 0 0 
0 -1 0 0 0 1 0 0 0 0 1 
0 -1 0 0 1 0 0 0 0 0 -1 
1 1 0 0 0 0 0 0 0 0 -2 
1 -1 0 0 0 0 0 0 1 0 -2 
1 0 0 0 0 0 0 0 1 0 -500 
1 0 1 0 0 0 0 0 0 0 -1 
1 1 -1 0 0 0 0 0 0 0 -2 
1 0 -1 0 0 0 0 0 0 1 -1 
1 0 0 0 0 0 0 0 0 1 -300 
1 0 0 1 0 0 0 0 0 0 0 
1 0 0 -1 0 0 0 1 0 0 -1 
1 0 0 0 0 0 0 1 0 0 -500 
1 -1 0 0 0 0 0 1 0 0 0 

--- Dep 9 from S2 to S2; satisfied: 0, sat level: -1; Type: WAW
on variable: B
Dependence polyhedron
15 11
0 0 -1 0 0 1 0 0 0 0 0 
0 -1 0 0 1 0 0 0 0 0 0 
1 1 0 0 0 0 0 0 0 0 -2 
1 -1 0 0 0 0 0 0 1 0 -2 
1 0 0 0 0 0 0 0 1 0 -500 
1 0 1 0 0 0 0 0 0 0 -1 
1 1 -1 0 0 0 0 0 0 0 -1 
1 0 -1 0 0 0 0 0 0 1 -1 
1 0 0 0 0 0 0 0 0 1 -300 
1 0 0 1 0 0 0 0 0 0 0 
1 0 0 -1 0 0 0 1 0 0 -1 
1 0 0 0 0 0 0 1 0 0 -500 
1 0 0 0 0 0 -1 1 0 0 -1 
1 0 0 0 0 0 1 0 0 0 0 
1 0 0 -1 0 0 1 0 0 0 -1 


[zyj-debug] After affine transformations
T(S1): (zT1, 0, i, 0, 1, 0, 0)
loop types (loop, scalar, loop, scalar, scalar, scalar, scalar)

T(S2): (zT3, zT4, j, k, 0, 0, l)
loop types (loop, loop, loop, loop, scalar, scalar, loop)

T(S3): (zT1, 0, j+1, 0, 1, 1, 0)
loop types (loop, scalar, loop, scalar, scalar, scalar, scalar)

T(S4): (zT3, zT4, m, o, 1, 0, n)
loop types (loop, loop, loop, loop, scalar, scalar, loop)

t1 --> fwd_dep  loop   (band 0)no-ujam
t2 --> parallel loop   (band 0)no-ujam
t3 --> fwd_dep  loop   (band 0)no-ujam
t4 --> parallel loop   (band 0)no-ujam
t5 --> fwd_dep  scalar (band 0)no-ujam
t6 --> fwd_dep  scalar (band 0)no-ujam
t7 --> serial   loop   (band 1)no-ujam

Warning: parallel poly loop not found in AST
