[zyj-debug] Before affine transformations
nvar = 3, npar = 3
Parameters: PB_P PB_M PB_L 
S1 "A[k][j+1] = B[k-1][k][i] * 6;"
ndims: 3; orig_depth: 3
iterators: i, j, k
Index set
11 8
1 1 0 0 0 0 0 0 
1 -1 0 0 1 0 0 -1 
1 0 0 0 1 0 0 -1 
1 0 1 0 0 0 0 0 
1 1 -1 0 0 0 0 -1 
1 0 -1 0 1 0 0 -2 
1 1 0 0 0 0 0 -1 
1 0 0 0 1 0 0 -2 
1 0 0 1 0 0 0 -1 
1 0 0 -1 0 1 0 -1 
1 0 0 0 0 1 0 -2 
T(S1): (0, i, 0, j, 0, k, 0)
loop types (loop, loop, loop, loop, loop, loop, loop)

Read accesses
B[k-1][k][i]
Write accesses
A[k][j+1]
Original loop: 0 -> yes
Original loop: 1 -> yes
Original loop: 2 -> yes

S2 "C[i] = C[i] * C[i] * C[i] - 6;"
ndims: 1; orig_depth: 1
iterators: i
Index set
3 6
1 1 0 0 0 0 
1 -1 1 0 0 -1 
1 0 1 0 0 -1 
T(S2): (0, i, 1, 0, 0, 0, 0)
loop types (loop, loop, loop, scalar, scalar, scalar, scalar)

Read accesses
C[i]
C[i]
C[i]
Write accesses
C[i]
Original loop: 0 -> yes

S3 "C[l] = C[l] * C[l] - C[l+1] - 5;"
ndims: 1; orig_depth: 1
iterators: l
Index set
3 6
1 1 0 0 0 0 
1 -1 0 0 1 -2 
1 0 0 0 1 -2 
T(S3): (1, l, 0, 0, 0, 0, 0)
loop types (loop, loop, loop, scalar, scalar, scalar, scalar)

Read accesses
C[l]
C[l]
C[l+1]
Write accesses
C[l]
Original loop: 0 -> yes

S4 "C[m] = C[m] * C[m] + C[m] - C[m] - 1;"
ndims: 1; orig_depth: 1
iterators: m
Index set
3 6
1 1 0 0 0 0 
1 -1 0 0 1 -1 
1 0 0 0 1 -1 
T(S4): (2, m, 0, 0, 0, 0, 0)
loop types (loop, loop, loop, scalar, scalar, scalar, scalar)

Read accesses
C[m]
C[m]
C[m]
C[m]
Write accesses
C[m]
Original loop: 0 -> yes

--- Dep 1 from S3 to S4; satisfied: 0, sat level: -1; Type: RAW
on variable: C
Dependence polyhedron
6 7
0 -1 1 0 0 0 0 
1 1 0 0 0 0 0 
1 -1 0 0 0 1 -2 
1 0 0 0 0 1 -400 
1 0 0 0 1 0 -400 
1 0 0 1 0 0 -300 

--- Dep 2 from S2 to S4; satisfied: 0, sat level: -1; Type: RAW
on variable: C
Dependence polyhedron
7 7
0 -1 1 0 0 0 0 
1 1 0 0 0 0 0 
1 -1 0 1 0 0 -1 
1 0 0 1 0 0 -300 
1 0 0 0 1 0 -400 
1 0 0 0 0 1 -400 
1 -1 0 0 0 1 -1 

--- Dep 3 from S2 to S4; satisfied: 0, sat level: -1; Type: RAW
on variable: C
Dependence polyhedron
7 7
0 -1 1 0 0 0 0 
1 1 0 0 0 0 0 
1 -1 0 1 0 0 -1 
1 0 0 1 0 0 -300 
1 0 0 0 1 0 -400 
1 0 0 0 0 1 -400 
1 -1 0 0 0 1 -1 

--- Dep 4 from S2 to S3; satisfied: 0, sat level: -1; Type: RAW
on variable: C
Dependence polyhedron
7 7
0 -1 1 0 0 0 0 
1 1 0 0 0 0 0 
1 -1 0 1 0 0 -1 
1 0 0 1 0 0 -300 
1 0 0 0 1 0 -400 
1 0 0 0 0 1 -400 
1 -1 0 0 0 1 -2 

--- Dep 5 from S2 to S3; satisfied: 0, sat level: -1; Type: RAW
on variable: C
Dependence polyhedron
7 7
0 -1 1 0 0 0 1 
1 1 0 0 0 0 -1 
1 -1 0 1 0 0 -1 
1 0 0 1 0 0 -300 
1 0 0 0 1 0 -400 
1 0 0 0 0 1 -400 
1 -1 0 0 0 1 -1 

--- Dep 6 from S3 to S4; satisfied: 0, sat level: -1; Type: RAW
on variable: C
Dependence polyhedron
6 7
0 -1 1 0 0 0 0 
1 1 0 0 0 0 0 
1 -1 0 0 0 1 -2 
1 0 0 0 0 1 -400 
1 0 0 0 1 0 -400 
1 0 0 1 0 0 -300 

--- Dep 7 from S3 to S4; satisfied: 0, sat level: -1; Type: RAW
on variable: C
Dependence polyhedron
6 7
0 -1 1 0 0 0 0 
1 1 0 0 0 0 0 
1 -1 0 0 0 1 -2 
1 0 0 0 0 1 -400 
1 0 0 0 1 0 -400 
1 0 0 1 0 0 -300 

--- Dep 8 from S2 to S4; satisfied: 0, sat level: -1; Type: RAW
on variable: C
Dependence polyhedron
7 7
0 -1 1 0 0 0 0 
1 1 0 0 0 0 0 
1 -1 0 1 0 0 -1 
1 0 0 1 0 0 -300 
1 0 0 0 1 0 -400 
1 0 0 0 0 1 -400 
1 -1 0 0 0 1 -1 

--- Dep 9 from S2 to S4; satisfied: 0, sat level: -1; Type: RAW
on variable: C
Dependence polyhedron
7 7
0 -1 1 0 0 0 0 
1 1 0 0 0 0 0 
1 -1 0 1 0 0 -1 
1 0 0 1 0 0 -300 
1 0 0 0 1 0 -400 
1 0 0 0 0 1 -400 
1 -1 0 0 0 1 -1 

--- Dep 10 from S3 to S4; satisfied: 0, sat level: -1; Type: RAW
on variable: C
Dependence polyhedron
6 7
0 -1 1 0 0 0 0 
1 1 0 0 0 0 0 
1 -1 0 0 0 1 -2 
1 0 0 0 0 1 -400 
1 0 0 0 1 0 -400 
1 0 0 1 0 0 -300 

--- Dep 11 from S2 to S3; satisfied: 0, sat level: -1; Type: RAW
on variable: C
Dependence polyhedron
7 7
0 -1 1 0 0 0 0 
1 1 0 0 0 0 0 
1 -1 0 1 0 0 -1 
1 0 0 1 0 0 -300 
1 0 0 0 1 0 -400 
1 0 0 0 0 1 -400 
1 -1 0 0 0 1 -2 

--- Dep 12 from S3 to S4; satisfied: 0, sat level: -1; Type: WAR
on variable: C
Dependence polyhedron
6 7
0 -1 1 0 0 0 -1 
1 1 0 0 0 0 0 
1 -1 0 0 0 1 -2 
1 0 0 0 0 1 -400 
1 0 0 0 1 0 -400 
1 0 0 1 0 0 -300 

--- Dep 13 from S2 to S3; satisfied: 0, sat level: -1; Type: WAR
on variable: C
Dependence polyhedron
7 7
0 -1 1 0 0 0 0 
1 1 0 0 0 0 0 
1 -1 0 1 0 0 -1 
1 0 0 1 0 0 -300 
1 0 0 0 1 0 -400 
1 0 0 0 0 1 -400 
1 -1 0 0 0 1 -2 

--- Dep 14 from S2 to S4; satisfied: 0, sat level: -1; Type: WAR
on variable: C
Dependence polyhedron
7 7
0 -1 1 0 0 0 0 
1 1 0 0 0 0 0 
1 -1 0 1 0 0 -1 
1 0 0 1 0 0 -300 
1 0 0 0 1 0 -400 
1 0 0 0 0 1 -400 
1 -1 0 0 0 1 -1 

--- Dep 15 from S2 to S4; satisfied: 0, sat level: -1; Type: WAR
on variable: C
Dependence polyhedron
7 7
0 -1 1 0 0 0 0 
1 1 0 0 0 0 0 
1 -1 0 1 0 0 -1 
1 0 0 1 0 0 -300 
1 0 0 0 1 0 -400 
1 0 0 0 0 1 -400 
1 -1 0 0 0 1 -1 

--- Dep 16 from S2 to S4; satisfied: 0, sat level: -1; Type: WAR
on variable: C
Dependence polyhedron
7 7
0 -1 1 0 0 0 0 
1 1 0 0 0 0 0 
1 -1 0 1 0 0 -1 
1 0 0 1 0 0 -300 
1 0 0 0 1 0 -400 
1 0 0 0 0 1 -400 
1 -1 0 0 0 1 -1 

--- Dep 17 from S3 to S4; satisfied: 0, sat level: -1; Type: WAR
on variable: C
Dependence polyhedron
6 7
0 -1 1 0 0 0 0 
1 1 0 0 0 0 0 
1 -1 0 0 0 1 -2 
1 0 0 0 0 1 -400 
1 0 0 0 1 0 -400 
1 0 0 1 0 0 -300 

--- Dep 18 from S3 to S3; satisfied: 0, sat level: -1; Type: WAR
on variable: C
Dependence polyhedron
6 7
0 -1 1 0 0 0 -1 
1 1 0 0 0 0 0 
1 -1 0 0 0 1 -3 
1 0 0 0 0 1 -400 
1 0 0 0 1 0 -400 
1 0 0 1 0 0 -300 

--- Dep 19 from S2 to S3; satisfied: 0, sat level: -1; Type: WAR
on variable: C
Dependence polyhedron
7 7
0 -1 1 0 0 0 0 
1 1 0 0 0 0 0 
1 -1 0 1 0 0 -1 
1 0 0 1 0 0 -300 
1 0 0 0 1 0 -400 
1 0 0 0 0 1 -400 
1 -1 0 0 0 1 -2 

--- Dep 20 from S2 to S3; satisfied: 0, sat level: -1; Type: WAR
on variable: C
Dependence polyhedron
7 7
0 -1 1 0 0 0 0 
1 1 0 0 0 0 0 
1 -1 0 1 0 0 -1 
1 0 0 1 0 0 -300 
1 0 0 0 1 0 -400 
1 0 0 0 0 1 -400 
1 -1 0 0 0 1 -2 

--- Dep 21 from S3 to S4; satisfied: 0, sat level: -1; Type: WAR
on variable: C
Dependence polyhedron
6 7
0 -1 1 0 0 0 0 
1 1 0 0 0 0 0 
1 -1 0 0 0 1 -2 
1 0 0 0 0 1 -400 
1 0 0 0 1 0 -400 
1 0 0 1 0 0 -300 

--- Dep 22 from S2 to S3; satisfied: 0, sat level: -1; Type: WAW
on variable: C
Dependence polyhedron
7 7
0 -1 1 0 0 0 0 
1 1 0 0 0 0 0 
1 -1 0 1 0 0 -1 
1 0 0 1 0 0 -300 
1 0 0 0 1 0 -400 
1 0 0 0 0 1 -400 
1 -1 0 0 0 1 -2 

--- Dep 23 from S1 to S1; satisfied: 0, sat level: -1; Type: WAW
on variable: A
Dependence polyhedron
16 11
0 0 0 -1 0 0 1 0 0 0 0 
0 0 -1 0 0 1 0 0 0 0 0 
1 1 0 0 0 0 0 0 0 0 -1 
1 -1 0 0 0 0 0 1 0 0 -1 
1 0 0 0 0 0 0 1 0 0 -300 
1 0 1 0 0 0 0 0 0 0 0 
1 1 -1 0 0 0 0 0 0 0 -1 
1 0 -1 0 0 0 0 1 0 0 -2 
1 0 0 0 0 0 0 0 1 0 -400 
1 0 0 -1 0 0 0 0 1 0 -1 
1 0 0 1 0 0 0 0 0 0 -1 
1 0 0 0 0 0 0 0 0 1 -400 
1 0 0 0 1 0 0 0 0 0 -1 
1 0 0 0 -1 0 0 1 0 0 -1 
1 0 -1 0 1 0 0 0 0 0 -1 
1 -1 0 0 1 0 0 0 0 0 -1 

--- Dep 24 from S3 to S4; satisfied: 0, sat level: -1; Type: WAW
on variable: C
Dependence polyhedron
6 7
0 -1 1 0 0 0 0 
1 1 0 0 0 0 0 
1 -1 0 0 0 1 -2 
1 0 0 0 0 1 -400 
1 0 0 0 1 0 -400 
1 0 0 1 0 0 -300 

--- Dep 25 from S2 to S4; satisfied: 0, sat level: -1; Type: WAW
on variable: C
Dependence polyhedron
7 7
0 -1 1 0 0 0 0 
1 1 0 0 0 0 0 
1 -1 0 1 0 0 -1 
1 0 0 1 0 0 -300 
1 0 0 0 1 0 -400 
1 0 0 0 0 1 -400 
1 -1 0 0 0 1 -1 


[zyj-debug] After affine transformations
T(S1): (zT3, zT4, zT5, j, k, i, 3)
loop types (loop, loop, loop, loop, loop, loop, scalar)

T(S2): (zT1, 0, 0, i, 0, 0, 0)
loop types (loop, scalar, scalar, loop, scalar, scalar, scalar)

T(S3): (zT1, 0, 0, l+1, 0, 0, 1)
loop types (loop, scalar, scalar, loop, scalar, scalar, scalar)

T(S4): (zT1, 0, 0, m+1, 0, 0, 2)
loop types (loop, scalar, scalar, loop, scalar, scalar, scalar)

t1 --> fwd_dep  loop   (band 0)no-ujam
t2 --> parallel loop   (band 0)no-ujam
t3 --> fwd_dep  loop   (band 0)no-ujam
t4 --> fwd_dep  loop   (band 0)no-ujam
t5 --> parallel loop   (band 0)no-ujam
t6 --> fwd_dep  loop   (band 0)no-ujam
t7 --> fwd_dep  scalar (band 0)no-ujam

Warning: parallel poly loop not found in AST
