[zyj-debug] Before affine transformations
nvar = 3, npar = 3
Parameters: PB_L PB_Q PB_M 
S1 "A[k][i][k] = A[k+1][i+1][k-2] - B[k-1][j][i-1] * 1;"
ndims: 3; orig_depth: 3
iterators: i, j, k
Index set
8 8
1 1 0 0 0 0 0 -1 
1 -1 0 0 1 0 0 -2 
1 0 0 0 1 0 0 -3 
1 0 1 0 0 0 0 0 
1 1 -1 0 0 0 0 -1 
1 0 0 1 0 0 0 -2 
1 1 0 -1 0 0 0 -1 
1 1 0 0 0 0 0 -3 
T(S1): (0, i, 0, j, 0, k, 0)
loop types (loop, loop, loop, loop, loop, loop, loop)

Read accesses
A[k+1][i+1][k-2]
B[k-1][j][i-1]
Write accesses
A[k][i][k]
Original loop: 0 -> yes
Original loop: 1 -> yes
Original loop: 2 -> yes

S2 "C[l-1][n] = C[l-1][n] * 3;"
ndims: 3; orig_depth: 3
iterators: l, m, n
Index set
9 8
1 1 0 0 0 0 0 -1 
1 -1 0 0 1 0 0 -2 
1 0 0 0 1 0 0 -3 
1 0 1 0 0 0 0 0 
1 0 -1 0 0 1 0 -1 
1 0 0 0 0 1 0 -1 
1 0 0 1 0 0 0 0 
1 0 1 -1 0 0 0 -1 
1 0 1 0 0 0 0 -1 
T(S2): (1, l, 0, m, 0, n, 0)
loop types (loop, loop, loop, loop, loop, loop, loop)

Read accesses
C[l-1][n]
Write accesses
C[l-1][n]
Original loop: 0 -> yes
Original loop: 1 -> yes
Original loop: 2 -> yes

S3 "D[l+1][p][o] = A[l][l][p+1] - D[p][l][l] + 4;"
ndims: 3; orig_depth: 3
iterators: l, o, p
Index set
9 8
1 1 0 0 0 0 0 -1 
1 -1 0 0 1 0 0 -2 
1 0 0 0 1 0 0 -3 
1 0 1 0 0 0 0 0 
1 0 -1 0 0 1 0 -1 
1 0 0 0 0 1 0 -1 
1 0 0 1 0 0 0 0 
1 0 0 -1 1 0 0 -2 
1 0 0 0 1 0 0 -2 
T(S3): (1, l, 1, o, 0, p, 0)
loop types (loop, loop, loop, loop, loop, loop, loop)

Read accesses
A[l][l][p+1]
D[p][l][l]
Write accesses
D[l+1][p][o]
Original loop: 0 -> yes
Original loop: 1 -> yes
Original loop: 2 -> yes

S4 "C[r][q] = C[r][q-2] + C[q][r+1] - 4;"
ndims: 2; orig_depth: 2
iterators: q, r
Index set
6 7
1 1 0 0 0 0 -2 
1 -1 0 0 0 1 -1 
1 0 0 0 0 1 -3 
1 0 1 0 0 0 0 
1 0 -1 1 0 0 -2 
1 0 0 1 0 0 -2 
T(S4): (2, q, 0, r, 0, 0, 0)
loop types (loop, loop, loop, loop, loop, scalar, scalar)

Read accesses
C[r][q-2]
C[q][r+1]
Write accesses
C[r][q]
Original loop: 0 -> yes
Original loop: 1 -> yes

--- Dep 1 from S4 to S4; satisfied: 0, sat level: -1; Type: RAW
on variable: C
Dependence polyhedron
12 9
0 -1 0 0 1 0 0 0 1 
0 0 -1 1 0 0 0 0 0 
1 1 0 0 0 0 0 0 -2 
1 -1 0 0 0 0 0 1 -1 
1 0 0 0 0 0 0 1 -300 
1 0 1 0 0 0 0 0 -2 
1 0 -1 0 0 1 0 0 -2 
1 0 0 0 0 1 0 0 -300 
1 0 0 0 0 0 1 0 -300 
1 -1 0 0 0 1 0 0 -1 
1 0 -1 0 0 0 0 1 -1 
1 -1 1 0 0 0 0 0 -1 

--- Dep 2 from S2 to S4; satisfied: 0, sat level: -1; Type: RAW
on variable: C
Dependence polyhedron
13 10
0 0 0 -1 0 1 0 0 0 1 
0 -1 0 0 1 0 0 0 0 1 
1 1 0 0 0 0 0 0 0 -3 
1 -1 0 0 0 0 1 0 0 -2 
1 0 0 0 0 0 1 0 0 -300 
1 0 1 0 0 0 0 0 0 -1 
1 0 -1 0 0 0 0 1 0 -1 
1 0 0 0 0 0 0 1 0 -300 
1 0 0 1 0 0 0 0 0 -1 
1 0 1 -1 0 0 0 0 0 -1 
1 0 0 0 0 0 0 0 1 -300 
1 0 0 -1 0 0 1 0 0 -1 
1 -1 0 0 0 0 0 0 1 0 

--- Dep 3 from S2 to S4; satisfied: 0, sat level: -1; Type: RAW
on variable: C
Dependence polyhedron
12 10
0 -1 0 0 0 1 0 0 0 1 
0 0 0 -1 1 0 0 0 0 -2 
1 1 0 0 0 0 0 0 0 -1 
1 -1 0 0 0 0 1 0 0 -2 
1 0 0 0 0 0 1 0 0 -300 
1 0 1 0 0 0 0 0 0 -1 
1 0 -1 0 0 0 0 1 0 -1 
1 0 0 0 0 0 0 1 0 -300 
1 0 0 1 0 0 0 0 0 0 
1 0 1 -1 0 0 0 0 0 -1 
1 0 0 0 0 0 0 0 1 -300 
1 0 0 -1 0 0 0 0 1 -3 

--- Dep 4 from S3 to S3; satisfied: 0, sat level: -1; Type: RAW
on variable: D
Dependence polyhedron
12 11
0 -1 0 0 0 0 1 0 0 0 -1 
0 0 -1 0 1 0 0 0 0 0 0 
0 0 -1 1 0 0 0 0 0 0 0 
1 1 0 0 0 0 0 0 0 0 -1 
1 0 0 0 0 1 0 0 0 0 0 
1 0 0 0 0 0 0 1 0 0 -300 
1 -1 1 0 0 0 0 0 0 0 -1 
1 0 -1 0 0 0 0 0 1 0 -1 
1 0 0 0 0 0 0 0 1 0 -300 
1 0 0 0 0 0 0 0 0 1 -300 
1 0 -1 0 0 0 0 1 0 0 -2 
1 0 0 0 0 -1 0 0 1 0 -1 

--- Dep 5 from S3 to S3; satisfied: 0, sat level: -1; Type: RAW
on variable: D
Dependence polyhedron
11 11
0 -1 0 0 0 0 1 0 0 0 -1 
0 -1 0 0 1 0 0 0 0 0 0 
0 -1 0 1 0 0 0 0 0 0 0 
0 -1 1 0 0 0 0 0 0 0 0 
1 1 0 0 0 0 0 0 0 0 -1 
1 -1 0 0 0 0 0 1 0 0 -3 
1 0 0 0 0 0 0 1 0 0 -300 
1 -1 0 0 0 1 0 0 0 0 0 
1 0 0 0 0 -1 0 0 1 0 -1 
1 0 0 0 0 0 0 0 1 0 -300 
1 0 0 0 0 0 0 0 0 1 -300 

--- Dep 6 from S2 to S2; satisfied: 0, sat level: -1; Type: RAW
on variable: C
Dependence polyhedron
15 11
0 0 0 -1 0 0 1 0 0 0 0 
0 -1 0 0 1 0 0 0 0 0 0 
1 1 0 0 0 0 0 0 0 0 -1 
1 -1 0 0 0 0 0 1 0 0 -2 
1 0 0 0 0 0 0 1 0 0 -300 
1 0 1 0 0 0 0 0 0 0 -1 
1 0 -1 0 0 0 0 0 1 0 -1 
1 0 0 0 0 0 0 0 1 0 -300 
1 0 0 1 0 0 0 0 0 0 0 
1 0 1 -1 0 0 0 0 0 0 -1 
1 0 0 0 0 0 0 0 0 1 -300 
1 0 0 -1 0 1 0 0 0 0 -1 
1 0 0 0 0 -1 0 0 1 0 -1 
1 0 0 0 0 1 0 0 0 0 -1 
1 0 -1 0 0 1 0 0 0 0 -1 

--- Dep 7 from S4 to S4; satisfied: 0, sat level: -1; Type: RAW
on variable: C
Dependence polyhedron
9 9
0 0 -1 0 1 0 0 0 0 
0 -1 0 1 0 0 0 0 -2 
1 1 0 0 0 0 0 0 -2 
1 -1 0 0 0 0 0 1 -3 
1 0 0 0 0 0 0 1 -300 
1 0 1 0 0 0 0 0 0 
1 0 -1 0 0 1 0 0 -2 
1 0 0 0 0 1 0 0 -300 
1 0 0 0 0 0 1 0 -300 

--- Dep 8 from S4 to S4; satisfied: 0, sat level: -1; Type: WAR
on variable: C
Dependence polyhedron
9 9
0 -1 0 0 1 0 0 0 0 
0 0 -1 1 0 0 0 0 -1 
1 1 0 0 0 0 0 0 -2 
1 -1 1 0 0 0 0 0 0 
1 0 0 0 0 0 0 1 -300 
1 0 -1 0 0 0 0 1 -2 
1 0 -1 0 0 1 0 0 -2 
1 0 0 0 0 1 0 0 -300 
1 0 0 0 0 0 1 0 -300 

--- Dep 9 from S4 to S4; satisfied: 0, sat level: -1; Type: WAR
on variable: C
Dependence polyhedron
9 9
0 -1 0 0 1 0 0 0 0 
0 -1 0 1 0 0 0 0 0 
0 -1 1 0 0 0 0 0 1 
1 1 0 0 0 0 0 0 -2 
1 -1 0 0 0 0 0 1 -1 
1 0 0 0 0 0 0 1 -300 
1 0 0 0 0 0 1 0 -300 
1 -1 0 0 0 1 0 0 -2 
1 0 0 0 0 1 0 0 -300 

--- Dep 10 from S2 to S4; satisfied: 0, sat level: -1; Type: WAR
on variable: C
Dependence polyhedron
12 10
0 -1 0 0 0 1 0 0 0 1 
0 0 0 -1 1 0 0 0 0 0 
1 1 0 0 0 0 0 0 0 -1 
1 -1 0 0 0 0 1 0 0 -2 
1 0 0 0 0 0 1 0 0 -300 
1 0 1 0 0 0 0 0 0 -1 
1 0 -1 0 0 0 0 1 0 -1 
1 0 0 0 0 0 0 1 0 -300 
1 0 0 1 0 0 0 0 0 -2 
1 0 1 -1 0 0 0 0 0 -1 
1 0 0 0 0 0 0 0 1 -300 
1 0 0 -1 0 0 0 0 1 -1 

--- Dep 11 from S2 to S2; satisfied: 0, sat level: -1; Type: WAR
on variable: C
Dependence polyhedron
15 11
0 0 0 -1 0 0 1 0 0 0 0 
0 -1 0 0 1 0 0 0 0 0 0 
1 1 0 0 0 0 0 0 0 0 -1 
1 -1 0 0 0 0 0 1 0 0 -2 
1 0 0 0 0 0 0 1 0 0 -300 
1 0 1 0 0 0 0 0 0 0 -1 
1 0 -1 0 0 0 0 0 1 0 -1 
1 0 0 0 0 0 0 0 1 0 -300 
1 0 0 1 0 0 0 0 0 0 0 
1 0 1 -1 0 0 0 0 0 0 -1 
1 0 0 0 0 0 0 0 0 1 -300 
1 0 0 -1 0 1 0 0 0 0 -1 
1 0 0 0 0 -1 0 0 1 0 -1 
1 0 0 0 0 1 0 0 0 0 -1 
1 0 -1 0 0 1 0 0 0 0 -1 

--- Dep 12 from S3 to S3; satisfied: 0, sat level: -1; Type: WAR
on variable: D
Dependence polyhedron
12 11
0 -1 0 0 0 0 1 0 0 0 0 
0 -1 0 0 0 1 0 0 0 0 0 
0 0 0 -1 1 0 0 0 0 0 1 
1 1 0 0 0 0 0 0 0 0 -1 
1 -1 0 0 0 0 0 0 1 0 -1 
1 0 0 0 0 0 0 1 0 0 -300 
1 0 1 0 0 0 0 0 0 0 0 
1 0 -1 0 0 0 0 0 1 0 -1 
1 0 0 0 0 0 0 0 1 0 -300 
1 -1 0 1 0 0 0 0 0 0 -2 
1 0 0 -1 0 0 0 1 0 0 -2 
1 0 0 0 0 0 0 0 0 1 -300 

--- Dep 13 from S3 to S3; satisfied: 0, sat level: -1; Type: WAR
on variable: D
Dependence polyhedron
11 11
0 -1 0 0 0 0 1 0 0 0 0 
0 -1 0 0 0 1 0 0 0 0 0 
0 -1 0 0 1 0 0 0 0 0 0 
0 -1 0 1 0 0 0 0 0 0 -1 
1 -1 0 0 0 0 0 0 1 0 -1 
1 -1 0 0 0 0 0 1 0 0 -3 
1 0 0 0 0 0 0 1 0 0 -300 
1 0 1 0 0 0 0 0 0 0 0 
1 0 0 0 0 0 0 0 0 1 -300 
1 0 0 0 0 0 0 0 1 0 -300 
1 1 -1 0 0 0 0 0 0 0 -1 

--- Dep 14 from S2 to S2; satisfied: 0, sat level: -1; Type: WAW
on variable: C
Dependence polyhedron
15 11
0 0 0 -1 0 0 1 0 0 0 0 
0 -1 0 0 1 0 0 0 0 0 0 
1 1 0 0 0 0 0 0 0 0 -1 
1 -1 0 0 0 0 0 1 0 0 -2 
1 0 0 0 0 0 0 1 0 0 -300 
1 0 1 0 0 0 0 0 0 0 -1 
1 0 -1 0 0 0 0 0 1 0 -1 
1 0 0 0 0 0 0 0 1 0 -300 
1 0 0 1 0 0 0 0 0 0 0 
1 0 1 -1 0 0 0 0 0 0 -1 
1 0 0 0 0 0 0 0 0 1 -300 
1 0 0 -1 0 1 0 0 0 0 -1 
1 0 0 0 0 -1 0 0 1 0 -1 
1 0 0 0 0 1 0 0 0 0 -1 
1 0 -1 0 0 1 0 0 0 0 -1 

--- Dep 15 from S2 to S4; satisfied: 0, sat level: -1; Type: WAW
on variable: C
Dependence polyhedron
12 10
0 -1 0 0 0 1 0 0 0 1 
0 0 0 -1 1 0 0 0 0 0 
1 1 0 0 0 0 0 0 0 -1 
1 -1 0 0 0 0 1 0 0 -2 
1 0 0 0 0 0 1 0 0 -300 
1 0 1 0 0 0 0 0 0 -1 
1 0 -1 0 0 0 0 1 0 -1 
1 0 0 0 0 0 0 1 0 -300 
1 0 0 1 0 0 0 0 0 -2 
1 0 1 -1 0 0 0 0 0 -1 
1 0 0 0 0 0 0 0 1 -300 
1 0 0 -1 0 0 0 0 1 -1 

--- Dep 16 from S1 to S1; satisfied: 0, sat level: -1; Type: WAW
on variable: A
Dependence polyhedron
14 11
0 0 0 -1 0 0 1 0 0 0 0 
0 -1 0 0 1 0 0 0 0 0 0 
1 1 0 0 0 0 0 0 0 0 -3 
1 -1 0 0 0 0 0 1 0 0 -2 
1 0 0 0 0 0 0 1 0 0 -300 
1 0 1 0 0 0 0 0 0 0 0 
1 1 -1 0 0 0 0 0 0 0 -1 
1 0 0 1 0 0 0 0 0 0 -2 
1 1 0 -1 0 0 0 0 0 0 -1 
1 0 0 0 0 0 0 0 0 1 -300 
1 0 0 0 0 0 0 0 1 0 -300 
1 1 0 0 0 -1 0 0 0 0 -1 
1 0 0 0 0 1 0 0 0 0 0 
1 0 -1 0 0 1 0 0 0 0 -1 


[zyj-debug] After affine transformations
T(S1): (2, zT3, zT4, zT5, i, k, j)
loop types (scalar, loop, loop, loop, loop, loop, loop)

T(S2): (0, l, zT3+zT4, zT4, m, n, 0)
loop types (scalar, loop, loop, loop, loop, loop, scalar)

T(S3): (0, l, zT3+zT4, zT4, o, o+p, 0)
loop types (scalar, loop, loop, loop, loop, loop, scalar)

T(S4): (1, q, r, 0, 0, 0, 0)
loop types (scalar, loop, loop, scalar, scalar, scalar, scalar)

t1 --> fwd_dep  scalar (band 0)no-ujam
t2 --> serial   loop   (band 0)no-ujam
t3 --> fwd_dep  loop   (band 1)no-ujam
t4 --> fwd_dep  loop   (band 1)no-ujam
t5 --> fwd_dep  loop   (band 1)no-ujam
t6 --> fwd_dep  loop   (band 1)no-ujam
t7 --> fwd_dep  loop   (band 1)no-ujam

