[zyj-debug] Before affine transformations
nvar = 3, npar = 3
Parameters: PB_M PB_L PB_P 
S1 "A[j] = A[j-1] - A[j] - B[j][j-1] + 5;"
ndims: 2; orig_depth: 2
iterators: i, j
Index set
6 7
1 1 0 0 0 0 0 
1 -1 0 1 0 0 -1 
1 0 0 1 0 0 -1 
1 0 1 0 0 0 -1 
1 0 -1 1 0 0 -1 
1 0 0 1 0 0 -2 
T(S1): (0, i, 0, j, 0, 0, 0)
loop types (loop, loop, loop, loop, loop, scalar, scalar)

Read accesses
A[j-1]
A[j]
B[j][j-1]
Write accesses
A[j]
Original loop: 0 -> yes
Original loop: 1 -> yes

S2 "C[i][k-1] = C[i][k+1] + 4;"
ndims: 2; orig_depth: 2
iterators: i, k
Index set
6 7
1 1 0 0 0 0 0 
1 -1 0 1 0 0 -1 
1 0 0 1 0 0 -1 
1 0 1 0 0 0 -1 
1 0 -1 0 1 0 -2 
1 0 0 0 1 0 -3 
T(S2): (0, i, 1, k, 0, 0, 0)
loop types (loop, loop, loop, loop, loop, scalar, scalar)

Read accesses
C[i][k+1]
Write accesses
C[i][k-1]
Original loop: 0 -> yes
Original loop: 1 -> yes

S3 "D[n][m][n] = D[n][m+1][n-2] + D[n][m][n+1] - B[n][n] - E[m+1][m][n] * 2;"
ndims: 3; orig_depth: 3
iterators: l, m, n
Index set
9 8
1 1 0 0 0 0 0 0 
1 -1 0 0 1 0 0 -1 
1 0 0 0 1 0 0 -1 
1 0 1 0 0 0 0 0 
1 0 -1 0 0 1 0 -2 
1 0 0 0 0 1 0 -2 
1 0 0 1 0 0 0 -2 
1 0 0 -1 0 0 1 -2 
1 0 0 0 0 0 1 -4 
T(S3): (1, l, 0, m, 0, n, 0)
loop types (loop, loop, loop, loop, loop, loop, loop)

Read accesses
D[n][m+1][n-2]
D[n][m][n+1]
B[n][n]
E[m+1][m][n]
Write accesses
D[n][m][n]
Original loop: 0 -> yes
Original loop: 1 -> yes
Original loop: 2 -> yes

S4 "A[l] = A[l] + A[l] * 4;"
ndims: 1; orig_depth: 1
iterators: l
Index set
3 6
1 1 0 0 0 0 
1 -1 1 0 0 -1 
1 0 1 0 0 -1 
T(S4): (1, l, 1, 0, 0, 0, 0)
loop types (loop, loop, loop, scalar, scalar, scalar, scalar)

Read accesses
A[l]
A[l]
Write accesses
A[l]
Original loop: 0 -> yes

--- Dep 1 from S1 to S1; satisfied: 0, sat level: -1; Type: RAW
on variable: A
Dependence polyhedron
11 9
0 0 -1 0 1 0 0 0 0 
1 1 0 0 0 0 0 0 0 
1 -1 0 0 0 1 0 0 -1 
1 0 0 0 0 1 0 0 -400 
1 0 1 0 0 0 0 0 -1 
1 0 -1 0 0 1 0 0 -1 
1 0 0 0 0 0 0 1 -300 
1 0 0 0 0 0 1 0 -400 
1 0 0 1 0 0 0 0 0 
1 0 0 -1 0 1 0 0 -1 
1 -1 0 1 0 0 0 0 -1 

--- Dep 2 from S1 to S4; satisfied: 0, sat level: -1; Type: RAW
on variable: A
Dependence polyhedron
8 8
0 0 -1 1 0 0 0 0 
1 1 0 0 0 0 0 0 
1 -1 0 0 1 0 0 -1 
1 0 0 0 1 0 0 -400 
1 0 1 0 0 0 0 -1 
1 0 -1 0 1 0 0 -1 
1 0 0 0 0 0 1 -300 
1 0 0 0 0 1 0 -400 

--- Dep 3 from S1 to S4; satisfied: 0, sat level: -1; Type: RAW
on variable: A
Dependence polyhedron
8 8
0 0 -1 1 0 0 0 0 
1 1 0 0 0 0 0 0 
1 -1 0 0 1 0 0 -1 
1 0 0 0 1 0 0 -400 
1 0 1 0 0 0 0 -1 
1 0 -1 0 1 0 0 -1 
1 0 0 0 0 0 1 -300 
1 0 0 0 0 1 0 -400 

--- Dep 4 from S1 to S1; satisfied: 0, sat level: -1; Type: RAW
on variable: A
Dependence polyhedron
9 9
0 0 -1 0 1 0 0 0 -1 
1 1 0 0 0 0 0 0 0 
1 0 0 -1 0 1 0 0 -1 
1 0 0 0 0 1 0 0 -400 
1 0 1 0 0 0 0 0 -1 
1 0 -1 0 0 1 0 0 -2 
1 0 0 0 0 0 0 1 -300 
1 0 0 0 0 0 1 0 -400 
1 -1 0 1 0 0 0 0 0 

--- Dep 5 from S1 to S4; satisfied: 0, sat level: -1; Type: WAR
on variable: A
Dependence polyhedron
8 8
0 0 -1 1 0 0 0 0 
1 1 0 0 0 0 0 0 
1 -1 0 0 1 0 0 -1 
1 0 0 0 1 0 0 -400 
1 0 1 0 0 0 0 -1 
1 0 -1 0 1 0 0 -1 
1 0 0 0 0 0 1 -300 
1 0 0 0 0 1 0 -400 

--- Dep 6 from S1 to S4; satisfied: 0, sat level: -1; Type: WAR
on variable: A
Dependence polyhedron
8 8
0 0 -1 1 0 0 0 1 
1 1 0 0 0 0 0 0 
1 -1 0 0 1 0 0 -1 
1 0 0 0 1 0 0 -400 
1 0 1 0 0 0 0 -1 
1 0 -1 0 1 0 0 -1 
1 0 0 0 0 0 1 -300 
1 0 0 0 0 1 0 -400 

--- Dep 7 from S1 to S1; satisfied: 0, sat level: -1; Type: WAR
on variable: A
Dependence polyhedron
11 9
0 0 -1 0 1 0 0 0 1 
1 1 0 0 0 0 0 0 0 
1 -1 0 0 0 1 0 0 -1 
1 0 0 0 0 1 0 0 -400 
1 0 1 0 0 0 0 0 -2 
1 0 -1 0 0 1 0 0 -1 
1 0 0 0 0 0 0 1 -300 
1 0 0 0 0 0 1 0 -400 
1 0 0 1 0 0 0 0 0 
1 0 0 -1 0 1 0 0 -1 
1 -1 0 1 0 0 0 0 -1 

--- Dep 8 from S1 to S1; satisfied: 0, sat level: -1; Type: WAR
on variable: A
Dependence polyhedron
11 9
0 0 -1 0 1 0 0 0 0 
1 1 0 0 0 0 0 0 0 
1 -1 0 0 0 1 0 0 -1 
1 0 0 0 0 1 0 0 -400 
1 0 1 0 0 0 0 0 -1 
1 0 -1 0 0 1 0 0 -1 
1 0 0 0 0 0 0 1 -300 
1 0 0 0 0 0 1 0 -400 
1 0 0 1 0 0 0 0 0 
1 0 0 -1 0 1 0 0 -1 
1 -1 0 1 0 0 0 0 -1 

--- Dep 9 from S2 to S2; satisfied: 0, sat level: -1; Type: WAR
on variable: C
Dependence polyhedron
9 9
0 0 -1 0 1 0 0 0 -2 
0 -1 0 1 0 0 0 0 0 
1 1 0 0 0 0 0 0 0 
1 -1 0 0 0 1 0 0 -1 
1 0 0 0 0 1 0 0 -400 
1 0 1 0 0 0 0 0 -1 
1 0 -1 0 0 0 1 0 -4 
1 0 0 0 0 0 1 0 -400 
1 0 0 0 0 0 0 1 -300 

--- Dep 10 from S1 to S1; satisfied: 0, sat level: -1; Type: WAW
on variable: A
Dependence polyhedron
11 9
0 0 -1 0 1 0 0 0 0 
1 1 0 0 0 0 0 0 0 
1 -1 0 0 0 1 0 0 -1 
1 0 0 0 0 1 0 0 -400 
1 0 1 0 0 0 0 0 -1 
1 0 -1 0 0 1 0 0 -1 
1 0 0 0 0 0 0 1 -300 
1 0 0 0 0 0 1 0 -400 
1 0 0 1 0 0 0 0 0 
1 0 0 -1 0 1 0 0 -1 
1 -1 0 1 0 0 0 0 -1 

--- Dep 11 from S1 to S4; satisfied: 0, sat level: -1; Type: WAW
on variable: A
Dependence polyhedron
8 8
0 0 -1 1 0 0 0 0 
1 1 0 0 0 0 0 0 
1 -1 0 0 1 0 0 -1 
1 0 0 0 1 0 0 -400 
1 0 1 0 0 0 0 -1 
1 0 -1 0 1 0 0 -1 
1 0 0 0 0 0 1 -300 
1 0 0 0 0 1 0 -400 

--- Dep 12 from S3 to S3; satisfied: 0, sat level: -1; Type: WAW
on variable: D
Dependence polyhedron
14 11
0 0 0 -1 0 0 1 0 0 0 0 
0 0 -1 0 0 1 0 0 0 0 0 
1 1 0 0 0 0 0 0 0 0 0 
1 -1 0 0 0 0 0 1 0 0 -1 
1 0 0 0 0 0 0 1 0 0 -400 
1 0 1 0 0 0 0 0 0 0 0 
1 0 -1 0 0 0 0 0 1 0 -2 
1 0 0 0 0 0 0 0 1 0 -400 
1 0 0 1 0 0 0 0 0 0 -2 
1 0 0 -1 0 0 0 0 0 1 -2 
1 0 0 0 0 0 0 0 0 1 -300 
1 0 0 0 1 0 0 0 0 0 0 
1 0 0 0 -1 0 0 1 0 0 -1 
1 -1 0 0 1 0 0 0 0 0 -1 


[zyj-debug] After affine transformations
T(S1): (1, zT2+zT3, zT3, i, i+j, 0, 0)
loop types (scalar, loop, loop, loop, loop, scalar, scalar)

T(S2): (1, zT2+zT3, zT3, i, k, 0, 0)
loop types (scalar, loop, loop, loop, loop, scalar, scalar)

T(S3): (0, zT3+zT4, zT4, zT5, m, n, l)
loop types (scalar, loop, loop, loop, loop, loop, loop)

T(S4): (2, zT1, l, 0, 0, 0, 0)
loop types (scalar, loop, loop, scalar, scalar, scalar, scalar)

t1 --> fwd_dep  scalar (band 0)no-ujam
t2 --> fwd_dep  loop   (band 0)no-ujam
t3 --> fwd_dep  loop   (band 0)no-ujam
t4 --> fwd_dep  loop   (band 0)no-ujam
t5 --> fwd_dep  loop   (band 0)no-ujam
t6 --> parallel loop   (band 0)no-ujam
t7 --> fwd_dep  loop   (band 0)no-ujam

