[zyj-debug] Before affine transformations
nvar = 3, npar = 5
Parameters: PB_P PB_N PB_L PB_Q PB_M 
S1 "A[i] = A[i-2] + A[i] + B[i][j] - B[j-1][i] + 5;"
ndims: 2; orig_depth: 2
iterators: i, j
Index set
6 9
1 1 0 0 0 0 0 0 -2 
1 -1 0 1 0 0 0 0 -1 
1 0 0 1 0 0 0 0 -3 
1 0 1 0 0 0 0 0 -1 
1 0 -1 1 0 0 0 0 -1 
1 0 0 1 0 0 0 0 -2 
T(S1): (0, i, 0, j, 0, 0, 0)
loop types (loop, loop, loop, loop, loop, scalar, scalar)

Read accesses
A[i-2]
A[i]
B[i][j]
B[j-1][i]
Write accesses
A[i]
Original loop: 0 -> yes
Original loop: 1 -> yes

S2 "C[l][k][m] = 2;"
ndims: 3; orig_depth: 3
iterators: k, l, m
Index set
9 10
1 1 0 0 0 0 0 0 0 0 
1 -1 0 0 0 1 0 0 0 -1 
1 0 0 0 0 1 0 0 0 -1 
1 0 1 0 0 0 0 0 0 0 
1 0 -1 0 0 0 1 0 0 -1 
1 0 0 0 0 0 1 0 0 -1 
1 0 0 1 0 0 0 0 0 0 
1 0 0 -1 0 0 0 1 0 -1 
1 0 0 0 0 0 0 1 0 -1 
T(S2): (1, k, 0, l, 0, m, 0)
loop types (loop, loop, loop, loop, loop, loop, loop)

No Read accesses
Write accesses
C[l][k][m]
Original loop: 0 -> yes
Original loop: 1 -> yes
Original loop: 2 -> yes

S3 "D[k][n][l] = D[k][n][l] - 3;"
ndims: 3; orig_depth: 3
iterators: k, l, n
Index set
9 10
1 1 0 0 0 0 0 0 0 0 
1 -1 0 0 0 1 0 0 0 -1 
1 0 0 0 0 1 0 0 0 -1 
1 0 1 0 0 0 0 0 0 0 
1 0 -1 0 0 0 1 0 0 -1 
1 0 0 0 0 0 1 0 0 -1 
1 0 0 1 0 0 0 0 0 0 
1 0 0 -1 0 0 0 0 1 -1 
1 0 0 0 0 0 0 0 1 -1 
T(S3): (1, k, 0, l, 1, n, 0)
loop types (loop, loop, loop, loop, loop, loop, loop)

Read accesses
D[k][n][l]
Write accesses
D[k][n][l]
Original loop: 0 -> yes
Original loop: 1 -> yes
Original loop: 2 -> yes

S4 "E[o][p] = E[o+2][p] + A[o] + B[o][p+1] * 4;"
ndims: 2; orig_depth: 2
iterators: o, p
Index set
8 9
1 1 0 0 0 0 0 0 0 
1 -1 0 0 0 1 0 0 -1 
1 0 0 0 0 1 0 0 -1 
1 0 1 0 0 0 0 0 0 
1 1 -1 0 0 0 0 0 -1 
1 0 -1 1 0 0 0 0 -2 
1 1 0 0 0 0 0 0 -1 
1 0 0 1 0 0 0 0 -2 
T(S4): (2, o, 0, p, 0, 0, 0)
loop types (loop, loop, loop, loop, loop, scalar, scalar)

Read accesses
E[o+2][p]
A[o]
B[o][p+1]
Write accesses
E[o][p]
Original loop: 0 -> yes
Original loop: 1 -> yes

--- Dep 1 from S1 to S1; satisfied: 0, sat level: -1; Type: RAW
on variable: A
Dependence polyhedron
12 11
0 -1 0 1 0 0 0 0 0 0 -2 
1 1 0 0 0 0 0 0 0 0 -2 
1 -1 0 0 0 1 0 0 0 0 -3 
1 0 0 0 0 1 0 0 0 0 -300 
1 0 1 0 0 0 0 0 0 0 -1 
1 0 -1 0 0 1 0 0 0 0 -1 
1 0 0 0 0 0 1 0 0 0 -300 
1 0 0 0 0 0 0 0 0 1 -500 
1 0 0 0 0 0 0 1 0 0 -400 
1 0 0 0 0 0 0 0 1 0 -300 
1 0 0 0 -1 1 0 0 0 0 -1 
1 0 0 0 1 0 0 0 0 0 -1 

--- Dep 2 from S1 to S4; satisfied: 0, sat level: -1; Type: RAW
on variable: A
Dependence polyhedron
14 11
0 -1 0 1 0 0 0 0 0 0 0 
1 1 0 0 0 0 0 0 0 0 -2 
1 -1 0 0 0 1 0 0 0 0 -1 
1 0 0 0 0 1 0 0 0 0 -300 
1 0 1 0 0 0 0 0 0 0 -1 
1 0 -1 0 0 1 0 0 0 0 -1 
1 0 0 0 0 0 1 0 0 0 -300 
1 0 0 0 0 0 0 0 0 1 -500 
1 0 0 0 0 0 0 1 0 0 -400 
1 0 0 0 0 0 0 0 1 0 -300 
1 0 0 0 -1 1 0 0 0 0 -2 
1 -1 0 0 0 0 0 1 0 0 -1 
1 1 0 0 -1 0 0 0 0 0 -1 
1 0 0 0 1 0 0 0 0 0 0 

--- Dep 3 from S1 to S1; satisfied: 0, sat level: -1; Type: RAW
on variable: A
Dependence polyhedron
13 11
0 -1 0 1 0 0 0 0 0 0 0 
1 1 0 0 0 0 0 0 0 0 -2 
1 -1 0 0 0 1 0 0 0 0 -1 
1 0 0 0 0 1 0 0 0 0 -300 
1 0 1 0 0 0 0 0 0 0 -1 
1 0 -1 0 0 1 0 0 0 0 -1 
1 0 0 0 0 0 1 0 0 0 -300 
1 0 0 0 0 0 0 0 0 1 -500 
1 0 0 0 0 0 0 1 0 0 -400 
1 0 0 0 0 0 0 0 1 0 -300 
1 0 0 0 -1 1 0 0 0 0 -1 
1 0 0 0 1 0 0 0 0 0 -1 
1 0 -1 0 1 0 0 0 0 0 -1 

--- Dep 4 from S4 to S4; satisfied: 0, sat level: -1; Type: WAR
on variable: E
Dependence polyhedron
12 11
0 0 -1 0 1 0 0 0 0 0 0 
0 -1 0 1 0 0 0 0 0 0 -2 
1 1 0 0 0 0 0 0 0 0 -1 
1 -1 0 0 0 0 0 1 0 0 -3 
1 0 0 0 0 0 0 1 0 0 -400 
1 0 1 0 0 0 0 0 0 0 0 
1 1 -1 0 0 0 0 0 0 0 -1 
1 0 -1 0 0 1 0 0 0 0 -2 
1 0 0 0 0 1 0 0 0 0 -300 
1 0 0 0 0 0 1 0 0 0 -300 
1 0 0 0 0 0 0 0 0 1 -500 
1 0 0 0 0 0 0 0 1 0 -300 

--- Dep 5 from S1 to S1; satisfied: 0, sat level: -1; Type: WAR
on variable: A
Dependence polyhedron
13 11
0 -1 0 1 0 0 0 0 0 0 0 
1 1 0 0 0 0 0 0 0 0 -2 
1 -1 0 0 0 1 0 0 0 0 -1 
1 0 0 0 0 1 0 0 0 0 -300 
1 0 1 0 0 0 0 0 0 0 -1 
1 0 -1 0 0 1 0 0 0 0 -1 
1 0 0 0 0 0 1 0 0 0 -300 
1 0 0 0 0 0 0 0 0 1 -500 
1 0 0 0 0 0 0 1 0 0 -400 
1 0 0 0 0 0 0 0 1 0 -300 
1 0 0 0 -1 1 0 0 0 0 -1 
1 0 0 0 1 0 0 0 0 0 -1 
1 0 -1 0 1