[zyj-debug] Before affine transformations
nvar = 3, npar = 2
Parameters: PB_M PB_N 
S1 "A[i+1] = A[i+1] - A[i+1] + B[i] * 1;"
ndims: 1; orig_depth: 1
iterators: i
Index set
3 5
1 1 0 0 0 
1 -1 1 0 -2 
1 0 1 0 -2 
T(S1): (0, i, 0, 0, 0, 0, 0)
loop types (loop, loop, loop, scalar, scalar, scalar, scalar)

Read accesses
A[i+1]
A[i+1]
B[i]
Write accesses
A[i+1]
Original loop: 0 -> yes

S2 "A[j] = A[j+1] * B[j] * B[j] - 5;"
ndims: 1; orig_depth: 1
iterators: j
Index set
3 5
1 1 0 0 -1 
1 -1 1 0 -2 
1 0 1 0 -3 
T(S2): (1, j, 0, 0, 0, 0, 0)
loop types (loop, loop, loop, scalar, scalar, scalar, scalar)

Read accesses
A[j+1]
B[j]
B[j]
Write accesses
A[j]
Original loop: 0 -> yes

S3 "C[j-1][k+1] = C[j-1][k+1] + A[j-1] + C[j][k] - C[j][k] * 1;"
ndims: 2; orig_depth: 2
iterators: j, k
Index set
6 6
1 1 0 0 0 -1 
1 -1 0 1 0 -2 
1 0 0 1 0 -3 
1 0 1 0 0 0 
1 0 -1 1 0 -2 
1 0 0 1 0 -2 
T(S3): (1, j, 1, k, 0, 0, 0)
loop types (loop, loop, loop, loop, loop, scalar, scalar)

Read accesses
C[j-1][k+1]
A[j-1]
C[j][k]
C[j][k]
Write accesses
C[j-1][k+1]
Original loop: 0 -> yes
Original loop: 1 -> yes

S4 "D[l][m][m] = 1;"
ndims: 3; orig_depth: 3
iterators: l, m, n
Index set
10 7
1 1 0 0 0 0 0 
1 -1 0 0 0 1 -1 
1 0 0 0 0 1 -1 
1 0 1 0 0 0 0 
1 1 -1 0 0 0 -1 
1 0 -1 0 1 0 -1 
1 1 0 0 0 0 -1 
1 0 0 0 1 0 -1 
1 0 0 1 0 0 0 
1 1 0 -1 0 0 -1 
T(S4): (2, l, 0, m, 0, n, 0)
loop types (loop, loop, loop, loop, loop, loop, loop)

No Read accesses
Write accesses
D[l][m][m]
Original loop: 0 -> yes
Original loop: 1 -> yes
Original loop: 2 -> yes

--- Dep 1 from S1 to S2; satisfied: 0, sat level: -1; Type: RAW
on variable: A
Dependence polyhedron
5 6
0 -1 1 0 0 0 
1 1 0 0 0 -1 
1 -1 0 1 0 -2 
1 0 0 1 0 -300 
1 0 0 0 1 -500 

--- Dep 2 from S1 to S3; satisfied: 0, sat level: -1; Type: RAW
on variable: A
Dependence polyhedron
7 7
0 -1 1 0 0 0 -2 
1 1 0 0 0 0 0 
1 -1 0 0 1 0 -4 
1 0 0 0 1 0 -300 
1 0 0 0 0 1 -500 
1 0 0 -1 1 0 -2 
1 0 0 1 0 0 0 

--- Dep 3 from S2 to S3; satisfied: 0, sat level: -1; Type: RAW
on variable: A
Dependence polyhedron
7 7
0 -1 1 0 0 0 -1 
1 1 0 0 0 0 -1 
1 -1 0 0 1 0 -3 
1 0 0 0 1 0 -300 
1 0 0 0 0 1 -500 
1 0 0 -1 1 0 -2 
1 0 0 1 0 0 0 

--- Dep 4 from S3 to S3; satisfied: 0, sat level: -1; Type: WAR
on variable: C
Dependence polyhedron
8 8
0 0 -1 0 1 0 0 1 
0 -1 0 1 0 0 0 -1 
1 1 0 0 0 0 0 -1 
1 -1 0 0 0 1 0 -3 
1 0 0 0 0 1 0 -300 
1 0 1 0 0 0 0 -1 
1 0 -1 0 0 1 0 -2 
1 0 0 0 0 0 1 -500 

--- Dep 5 from S3 to S3; satisfied: 0, sat level: -1; Type: WAR
on variable: C
Dependence polyhedron
8 8
0 0 -1 0 1 0 0 1 
0 -1 0 1 0 0 0 -1 
1 1 0 0 0 0 0 -1 
1 -1 0 0 0 1 0 -3 
1 0 0 0 0 1 0 -300 
1 0 1 0 0 0 0 -1 
1 0 -1 0 0 1 0 -2 
1 0 0 0 0 0 1 -500 

--- Dep 6 from S2 to S2; satisfied: 0, sat level: -1; Type: WAR
on variable: A
Dependence polyhedron
5 6
0 -1 1 0 0 -1 
1 1 0 0 0 -1 
1 -1 0 1 0 -3 
1 0 0 1 0 -300 
1 0 0 0 1 -500 

--- Dep 7 from S1 to S2; satisfied: 0, sat level: -1; Type: WAR
on variable: A
Dependence polyhedron
5 6
0 -1 1 0 0 -1 
1 1 0 0 0 0 
1 -1 0 1 0 -3 
1 0 0 1 0 -300 
1 0 0 0 1 -500 

--- Dep 8 from S1 to S2; satisfied: 0, sat level: -1; Type: WAR
on variable: A
Dependence polyhedron
5 6
0 -1 1 0 0 -1 
1 1 0 0 0 0 
1 -1 0 1 0 -3 
1 0 0 1 0 -300 
1 0 0 0 1 -500 

--- Dep 9 from S1 to S2; satisfied: 0, sat level: -1; Type: WAW
on variable: A
Dependence polyhedron
5 6
0 -1 1 0 0 -1 
1 1 0 0 0 0 
1 -1 0 1 0 -3 
1 0 0 1 0 -300 
1 0 0 0 1 -500 

--- Dep 10 from S4 to S4; satisfied: 0, sat level: -1; Type: WAW
on variable: D
Dependence polyhedron
14 10
0 0 -1 0 0 1 0 0 0 0 
0 -1 0 0 1 0 0 0 0 0 
1 1 0 0 0 0 0 0 0 -1 
1 -1 0 0 0 0 0 0 1 -1 
1 0 0 0 0 0 0 0 1 -500 
1 0 1 0 0 0 0 0 0 0 
1 1 -1 0 0 0 0 0 0 -1 
1 0 -1 0 0 0 0 1 0 -1 
1 1 0 -1 0 0 0 0 0 -1 
1 0 0 0 0 0 0 1 0 -300 
1 0 0 1 0 0 0 0 0 0 
1 0 0 0 0 0 1 0 0 0 
1 1 0 0 0 0 -1 0 0 -1 
1 0 0 -1 0 0 1 0 0 -1 


[zyj-debug] After affine transformations
T(S1): (1, i, 0, 0, 2, 0, 0, 0)
loop types (scalar, loop, scalar, scalar, scalar, scalar, scalar, scalar)

T(S2): (1, j, 0, 0, 3, 0, 0, 0)
loop types (scalar, loop, scalar, scalar, scalar, scalar, scalar, scalar)

T(S3): (2, zT2+zT3, zT3, j, j+k, 0, 1, 0)
loop types (scalar, loop, loop, loop, loop, scalar, scalar, scalar)

T(S4): (0, zT3, zT4, zT5, l, m, n, 0)
loop types (scalar, loop, loop, loop, loop, loop, loop, scalar)

t1 --> fwd_dep  scalar (band 0)no-ujam
t2 --> fwd_dep  loop   (band 0)no-ujam
t3 --> parallel loop   (band 0)no-ujam
t4 --> fwd_dep  loop   (band 0)no-ujam
t5 --> fwd_dep  loop   (band 0)no-ujam
t6 --> parallel loop   (band 0)no-ujam
t7 --> fwd_dep  loop   (band 0)no-ujam
t8 --> parallel scalar (band 0)no-ujam

