[zyj-debug] Before affine transformations
nvar = 3, npar = 3
Parameters: PB_L PB_N PB_M 
S1 "A[j][i] = A[j][i] * A[j][i] + A[j][j] - A[i][j-1] * 3;"
ndims: 2; orig_depth: 2
iterators: i, j
Index set
6 7
1 1 0 0 0 0 0 
1 -1 0 1 0 0 -1 
1 0 0 1 0 0 -1 
1 0 1 0 0 0 -1 
1 0 -1 1 0 0 -1 
1 0 0 1 0 0 -2 
T(S1): (0, i, 0, j, 0, 0, 0)
loop types (loop, loop, loop, loop, loop, scalar, scalar)

Read accesses
A[j][i]
A[j][i]
A[j][j]
A[i][j-1]
Write accesses
A[j][i]
Original loop: 0 -> yes
Original loop: 1 -> yes

S2 "B[k+1] = 3;"
ndims: 1; orig_depth: 1
iterators: k
Index set
3 6
1 1 0 0 0 1 
1 -1 0 1 0 -2 
1 0 0 1 0 -1 
T(S2): (1, k, 0, 0, 0, 0, 0)
loop types (loop, loop, loop, scalar, scalar, scalar, scalar)

No Read accesses
Write accesses
B[k+1]
Original loop: 0 -> yes

S3 "B[l] = B[l-1] - B[l+1] + B[l] * B[l] + 3;"
ndims: 1; orig_depth: 1
iterators: l
Index set
3 6
1 1 0 0 0 -1 
1 -1 0 1 0 -2 
1 0 0 1 0 -3 
T(S3): (2, l, 0, 0, 0, 0, 0)
loop types (loop, loop, loop, scalar, scalar, scalar, scalar)

Read accesses
B[l-1]
B[l+1]
B[l]
B[l]
Write accesses
B[l]
Original loop: 0 -> yes

S4 "C[n][m][o] = C[n-2][m][o] + 1;"
ndims: 3; orig_depth: 3
iterators: m, n, o
Index set
9 8
1 1 0 0 0 0 0 0 
1 -1 0 0 0 0 1 -1 
1 0 0 0 0 0 1 -1 
1 0 1 0 0 0 0 -2 
1 1 -1 0 0 0 0 -1 
1 1 0 0 0 0 0 -3 
1 0 0 1 0 0 0 0 
1 1 0 -1 0 0 0 -1 
1 1 0 0 0 0 0 -1 
T(S4): (3, m, 0, n, 0, o, 0)
loop types (loop, loop, loop, loop, loop, loop, loop)

Read accesses
C[n-2][m][o]
Write accesses
C[n][m][o]
Original loop: 0 -> yes
Original loop: 1 -> yes
Original loop: 2 -> yes

--- Dep 1 from S2 to S3; satisfied: 0, sat level: -1; Type: RAW
on variable: B
Dependence polyhedron
6 7
0 -1 1 0 0 0 -2 
1 1 0 0 0 0 1 
1 -1 0 0 1 0 -4 
1 0 0 0 1 0 -400 
1 0 0 1 0 0 -300 
1 0 0 0 0 1 -400 

--- Dep 2 from S3 to S3; satisfied: 0, sat level: -1; Type: RAW
on variable: B
Dependence polyhedron
6 7
0 -1 1 0 0 0 -1 
1 1 0 0 0 0 -1 
1 -1 0 0 1 0 -3 
1 0 0 0 1 0 -400 
1 0 0 1 0 0 -300 
1 0 0 0 0 1 -400 

--- Dep 3 from S4 to S4; satisfied: 0, sat level: -1; Type: RAW
on variable: C
Dependence polyhedron
12 11
0 0 0 -1 0 0 1 0 0 0 0 
0 0 -1 0 0 1 0 0 0 0 -2 
0 -1 0 0 1 0 0 0 0 0 0 
1 1 0 0 0 0 0 0 0 0 -3 
1 -1 0 0 0 0 0 0 0 1 -1 
1 0 0 0 0 0 0 0 0 1 -400 
1 0 1 0 0 0 0 0 0 0 -2 
1 1 -1 0 0 0 0 0 0 0 -3 
1 1 0 -1 0 0 0 0 0 0 -1 
1 0 0 1 0 0 0 0 0 0 0 
1 0 0 0 0 0 0 0 1 0 -400 
1 0 0 0 0 0 0 1 0 0 -300 

--- Dep 4 from S2 to S3; satisfied: 0, sat level: -1; Type: RAW
on variable: B
Dependence polyhedron
6 7
0 -1 1 0 0 0 -1 
1 1 0 0 0 0 0 
1 -1 0 0 1 0 -3 
1 0 0 0 1 0 -400 
1 0 0 1 0 0 -300 
1 0 0 0 0 1 -400 

--- Dep 5 from S1 to S1; satisfied: 0, sat level: -1; Type: RAW
on variable: A
Dependence polyhedron
8 9
0 -1 0 0 1 0 0 0 -1 
0 0 -1 1 0 0 0 0 0 
1 1 0 0 0 0 0 0 0 
1 0 0 0 0 0 0 1 -400 
1 0 0 0 0 1 0 0 -300 
1 -1 1 0 0 0 0 0 -1 
1 0 -1 0 0 1 0 0 -1 
1 0 0 0 0 0 1 0 -400 

--- Dep 6 from S1 to S1; satisfied: 0, sat level: -1; Type: RAW
on variable: A
Dependence polyhedron
8 9
0 -1 0 0 1 0 0 0 -1 
0 -1 0 1 0 0 0 0 0 
0 -1 1 0 0 0 0 0 0 
1 1 0 0 0 0 0 0 -1 
1 -1 0 0 0 1 0 0 -2 
1 0 0 0 0 1 0 0 -300 
1 0 0 0 0 0 1 0 -400 
1 0 0 0 0 0 0 1 -400 

--- Dep 7 from S1 to S1; satisfied: 0, sat level: -1; Type: RAW
on variable: A
Dependence polyhedron
10 9
0 -1 0 0 1 0 0 0 0 
0 -1 1 0 0 0 0 0 0 
1 1 0 0 0 0 0 0 -1 
1 -1 0 0 0 1 0 0 -1 
1 0 0 0 0 1 0 0 -300 
1 0 0 0 0 0 0 1 -400 
1 0 0 0 0 0 1 0 -400 
1 0 0 -1 0 1 0 0 -1 
1 0 0 1 0 0 0 0 0 
1 -1 0 1 0 0 0 0 -1 

--- Dep 8 from S2 to S3; satisfied: 0, sat level: -1; Type: RAW
on variable: B
Dependence polyhedron
6 7
0 -1 1 0 0 0 0 
1 1 0 0 0 0 -1 
1 -1 0 0 1 0 -2 
1 0 0 0 1 0 -400 
1 0 0 1 0 0 -300 
1 0 0 0 0 1 -400 

--- Dep 9 from S2 to S3; satisfied: 0, sat level: -1; Type: RAW
on variable: B
Dependence polyhedron
6 7
0 -1 1 0 0 0 -1 
1 1 0 0 0 0 0 
1 -1 0 0 1 0 -3 
1 0 0 0 1 0 -400 
1 0 0 1 0 0 -300 
1 0 0 0 0 1 -400 

--- Dep 10 from S1 to S1; satisfied: 0, sat level: -1; Type: WAR
on variable: A
Dependence polyhedron
10 9
0 -1 0 0 1 0 0 0 0 
0 0 -1 1 0 0 0 0 1 
1 1 0 0 0 0 0 0 -1 
1 -1 0 0 0 1 0 0 -1 
1 0 0 0 0 1 0 0 -300 
1 0 1 0 0 0 0 0 -1 
1 0 -1 0 0 1 0 0 -1 
1 0 0 0 0 0 1 0 -400 
1 0 0 0 0 0 0 1 -400 
1 -1 1 0 0 0 0 0 -2 

--- Dep 11 from S1 to S1; satisfied: 0, sat level: -1; Type: WAR
on variable: A
Dependence polyhedron
10 9
0 0 -1 0 1 0 0 0 0 
0 0 -1 1 0 0 0 0 0 
1 1 0 0 0 0 0 0 0 
1 -1 0 0 0 1 0 0 -1 
1 0 0 0 0 1 0 0 -300 
1 0 1 0 0 0 0 0 -1 
1 0 -1 0 0 1 0 0 -1 
1 0 0 0 0 0 1 0 -400 
1 0 0 0 0 0 0 1 -400 
1 -1 1 0 0 0 0 0 -1 

--- Dep 12 from S3 to S3; satisfied: 0, sat level: -1; Type: WAR
on variable: B
Dependence polyhedron
6 7
0 -1 1 0 0 0 -1 
1 1 0 0 0 0 -1 
1 -1 0 0 1 0 -3 
1 0 0 0 1 0 -400 
1 0 0 1 0 0 -300 
1 0 0 0 0 1 -400 

--- Dep 13 from S2 to S3; satisfied: 0, sat level: -1; Type: WAW
on variable: B
Dependence polyhedron
6 7
0 -1 1 0 0 0 -1 
1 1 0 0 0 0 0 
1 -1 0 0 1 0 -3 
1 0 0 0 1 0 -400 
1 0 0 1 0 0 -300 
1 0 0 0 0 1 -400 


[zyj-debug] After affine transformations
T(S1): (zT2, zT3, 0, i, 2i+j, 0, 3)
loop types (loop, loop, scalar, loop, loop, scalar, scalar)

T(S2): (zT1, 0, 0, k, 0, 0, 1)
loop types (loop, scalar, scalar, loop, scalar, scalar, scalar)

T(S3): (zT1, 0, 0, l, 0, 0, 2)
loop types (loop, scalar, scalar, loop, scalar, scalar, scalar)

T(S4): (zT3, zT4, zT5, m, n, o, 0)
loop types (loop, loop, loop, loop, loop, loop, scalar)

t1 --> fwd_dep  loop   (band 0)no-ujam
t2 --> fwd_dep  loop   (band 0)no-ujam
t3 --> parallel loop   (band 0)no-ujam
t4 --> fwd_dep  loop   (band 0)no-ujam
t5 --> fwd_dep  loop   (band 0)no-ujam
t6 --> parallel loop   (band 0)no-ujam
t7 --> fwd_dep  scalar (band 0)no-ujam

Warning: parallel poly loop not found in AST
