[zyj-debug] Before affine transformations
nvar = 3, npar = 1
Parameters: PB_M 
S1 "A[i] = B[i] - 3;"
ndims: 1; orig_depth: 1
iterators: i
Index set
3 4
1 1 0 0 
1 -1 1 -1 
1 0 1 -1 
T(S1): (0, i, 0, 0, 0, 0, 0)
loop types (loop, loop, loop, scalar, scalar, scalar, scalar)

Read accesses
B[i]
Write accesses
A[i]
Original loop: 0 -> yes

S2 "A[j] = A[j] - B[j-1] * 4;"
ndims: 1; orig_depth: 1
iterators: j
Index set
3 4
1 1 0 -1 
1 -1 1 -1 
1 0 1 -2 
T(S2): (1, j, 0, 0, 0, 0, 0)
loop types (loop, loop, loop, scalar, scalar, scalar, scalar)

Read accesses
A[j]
B[j-1]
Write accesses
A[j]
Original loop: 0 -> yes

S3 "C[l-1][k] = C[l-1][k-1] + 1;"
ndims: 3; orig_depth: 3
iterators: k, l, m
Index set
9 6
1 1 0 0 0 -1 
1 -1 0 0 1 -1 
1 0 0 0 1 -2 
1 0 1 0 0 -1 
1 1 -1 0 0 -1 
1 1 0 0 0 -2 
1 0 0 1 0 0 
1 0 0 -1 1 -1 
1 0 0 0 1 -1 
T(S3): (2, k, 0, l, 0, m, 0)
loop types (loop, loop, loop, loop, loop, loop, loop)

Read accesses
C[l-1][k-1]
Write accesses
C[l-1][k]
Original loop: 0 -> yes
Original loop: 1 -> yes
Original loop: 2 -> yes

S4 "B[n] = B[n] - B[n] * B[n] + B[n-1] + 2;"
ndims: 1; orig_depth: 1
iterators: n
Index set
3 4
1 1 0 -1 
1 -1 1 -1 
1 0 1 -2 
T(S4): (3, n, 0, 0, 0, 0, 0)
loop types (loop, loop, loop, scalar, scalar, scalar, scalar)

Read accesses
B[n]
B[n]
B[n]
B[n-1]
Write accesses
B[n]
Original loop: 0 -> yes

--- Dep 1 from S4 to S4; satisfied: 0, sat level: -1; Type: RAW
on variable: B
Dependence polyhedron
4 5
0 -1 1 0 -1 
1 1 0 0 -1 
1 -1 0 1 -2 
1 0 0 1 -300 

--- Dep 2 from S1 to S2; satisfied: 0, sat level: -1; Type: RAW
on variable: A
Dependence polyhedron
4 5
0 -1 1 0 0 
1 1 0 0 -1 
1 -1 0 1 -1 
1 0 0 1 -300 

--- Dep 3 from S3 to S3; satisfied: 0, sat level: -1; Type: RAW
on variable: C
Dependence polyhedron
11 9
0 0 -1 0 0 1 0 0 0 
0 -1 0 0 1 0 0 0 -1 
1 1 0 0 0 0 0 0 -2 
1 -1 0 0 0 0 0 1 -2 
1 0 0 0 0 0 0 1 -300 
1 0 1 0 0 0 0 0 -1 
1 1 -1 0 0 0 0 0 -1 
1 0 0 -1 0 0 0 1 -1 
1 0 0 1 0 0 0 0 0 
1 0 0 0 0 0 1 0 0 
1 0 0 0 0 0 -1 1 -1 

--- Dep 4 from S1 to S4; satisfied: 0, sat level: -1; Type: WAR
on variable: B
Dependence polyhedron
4 5
0 -1 1 0 0 
1 1 0 0 -1 
1 -1 0 1 -1 
1 0 0 1 -300 

--- Dep 5 from S2 to S4; satisfied: 0, sat level: -1; Type: WAR
on variable: B
Dependence polyhedron
4 5
0 -1 1 0 1 
1 1 0 0 -2 
1 -1 0 1 -1 
1 0 0 1 -300 

--- Dep 6 from S3 to S3; satisfied: 0, sat level: -1; Type: WAW
on variable: C
Dependence polyhedron
12 9
0 0 -1 0 0 1 0 0 0 
0 -1 0 0 1 0 0 0 0 
1 1 0 0 0 0 0 0 -2 
1 -1 0 0 0 0 0 1 -1 
1 0 0 0 0 0 0 1 -300 
1 0 1 0 0 0 0 0 -1 
1 1 -1 0 0 0 0 0 -1 
1 0 0 -1 0 0 0 1 -1 
1 0 0 1 0 0 0 0 0 
1 0 0 0 0 0 1 0 0 
1 0 0 0 0 0 -1 1 -1 
1 0 0 -1 0 0 1 0 -1 

--- Dep 7 from S1 to S2; satisfied: 0, sat level: -1; Type: WAW
on variable: A
Dependence polyhedron
4 5
0 -1 1 0 0 
1 1 0 0 -1 
1 -1 0 1 -1 
1 0 0 1 -300 


[zyj-debug] After affine transformations
T(S1): (zT1, 0, i, 0, 0, 1)
loop types (loop, scalar, loop, scalar, scalar, scalar)

T(S2): (zT1, 0, j, 0, 0, 2)
loop types (loop, scalar, loop, scalar, scalar, scalar)

T(S3): (zT3, zT4, k, l, m, 0)
loop types (loop, loop, loop, loop, loop, scalar)

T(S4): (zT1, 0, n+1, 0, 0, 3)
loop types (loop, scalar, loop, scalar, scalar, scalar)

t1 --> fwd_dep  loop   (band 0)no-ujam
t2 --> parallel loop   (band 0)no-ujam
t3 --> fwd_dep  loop   (band 0)no-ujam
t4 --> parallel loop   (band 0)no-ujam
t5 --> fwd_dep  loop   (band 1)no-ujam
t6 --> serial   scalar (band 1)no-ujam

Warning: parallel poly loop not found in AST
