[zyj-debug] Before affine transformations
nvar = 3, npar = 2
Parameters: PB_P PB_M 
S1 "A[j][j-1] = A[j+2][j] - A[i][i] + A[i][j+1] + 5;"
ndims: 2; orig_depth: 2
iterators: i, j
Index set
6 6
1 1 0 0 0 0 
1 -1 0 1 0 -1 
1 0 0 1 0 -1 
1 0 1 0 0 -1 
1 0 -1 0 1 -3 
1 0 0 0 1 -4 
T(S1): (0, i, 0, j, 0, 0, 0)
loop types (loop, loop, loop, loop, loop, scalar, scalar)

Read accesses
A[j+2][j]
A[i][i]
A[i][j+1]
Write accesses
A[j][j-1]
Original loop: 0 -> yes
Original loop: 1 -> yes

S2 "B[k+1][i][l] = B[l+1][l-1][i] - 4;"
ndims: 3; orig_depth: 3
iterators: i, k, l
Index set
11 7
1 1 0 0 0 0 0 
1 -1 0 0 1 0 -1 
1 0 0 0 1 0 -1 
1 0 1 0 0 0 1 
1 0 -1 0 0 1 -2 
1 0 0 0 0 1 -1 
1 0 0 1 0 0 -1 
1 1 0 -1 0 0 -1 
1 0 0 -1 0 1 -2 
1 1 0 0 0 0 -2 
1 0 0 0 0 1 -3 
T(S2): (0, i, 1, k, 0, l, 0)
loop types (loop, loop, loop, loop, loop, loop, loop)

Read accesses
B[l+1][l-1][i]
Write accesses
B[k+1][i][l]
Original loop: 0 -> yes
Original loop: 1 -> yes
Original loop: 2 -> yes

S3 "A[n][m-1] = A[n][m-1] - A[m][n] * 1;"
ndims: 2; orig_depth: 2
iterators: m, n
Index set
5 6
1 1 0 0 0 -1 
1 -1 0 0 1 -1 
1 0 0 0 1 -2 
1 0 1 0 0 0 
1 1 -1 0 0 -1 
T(S3): (1, m, 0, n, 0, 0, 0)
loop types (loop, loop, loop, loop, loop, scalar, scalar)

Read accesses
A[n][m-1]
A[m][n]
Write accesses
A[n][m-1]
Original loop: 0 -> yes
Original loop: 1 -> yes

S4 "B[o-1][p-1][q] = B[o-1][p-1][q-2] * B[o-1][p-1][q] - B[q][q][o] + 6;"
ndims: 3; orig_depth: 3
iterators: o, p, q
Index set
9 7
1 1 0 0 0 0 -1 
1 -1 0 0 1 0 -1 
1 0 0 0 1 0 -2 
1 0 1 0 0 0 -1 
1 1 -1 0 0 0 -1 
1 1 0 0 0 0 -2 
1 0 0 1 0 0 -2 
1 0 0 -1 1 0 -1 
1 0 0 0 1 0 -3 
T(S4): (2, o, 0, p, 0, q, 0)
loop types (loop, loop, loop, loop, loop, loop, loop)

Read accesses
B[o-1][p-1][q-2]
B[o-1][p-1][q]
B[q][q][o]
Write accesses
B[o-1][p-1][q]
Original loop: 0 -> yes
Original loop: 1 -> yes
Original loop: 2 -> yes

--- Dep 1 from S4 to S4; satisfied: 0, sat level: -1; Type: RAW
on variable: B
Dependence polyhedron
11 10
0 0 0 -1 0 0 1 0 0 -2 
0 0 -1 0 0 1 0 0 0 0 
0 -1 0 0 1 0 0 0 0 0 
1 1 0 0 0 0 0 0 0 -2 
1 -1 0 0 0 0 0 1 0 -1 
1 0 0 0 0 0 0 1 0 -300 
1 0 1 0 0 0 0 0 0 -1 
1 1 -1 0 0 0 0 0 0 -1 
1 0 0 -1 0 0 0 1 0 -3 
1 0 0 1 0 0 0 0 0 -2 
1 0 0 0 0 0 0 0 1 -300 

--- Dep 2 from S2 to S4; satisfied: 0, sat level: -1; Type: RAW
on variable: B
Dependence polyhedron
14 10
0 -1 0 0 0 0 1 0 0 0 
0 0 0 -1 1 0 0 0 0 0 
0 -1 1 0 0 0 0 0 0 1 
1 1 0 0 0 0 0 0 0 -2 
1 -1 0 0 0 0 0 1 0 -1 
1 0 0 0 0 0 0 1 0 -300 
1 0 0 0 0 0 0 0 1 -300 
1 -1 0 0 0 0 0 0 1 -1 
1 0 0 1 0 -1 0 0 0 -1 
1 0 0 1 0 0 0 0 0 -2 
1 1 0 -1 0 0 0 0 0 -1 
1 0 0 -1 0 0 0 0 1 -2 
1 0 0 0 0 1 0 0 0 -1 
1 0 0 -1 0 0 0 1 0 -1 

--- Dep 3 from S2 to S4; satisfied: 0, sat level: -1; Type: RAW
on variable: B
Dependence polyhedron
15 10
0 0 0 -1 0 0 1 0 0 -2 
0 -1 0 0 0 1 0 0 0 -1 
0 0 -1 0 1 0 0 0 0 -2 
1 1 0 0 0 0 0 0 0 -2 
1 -1 0 0 0 0 0 1 0 -1 
1 0 0 0 0 0 0 1 0 -300 
1 0 1 0 0 0 0 0 0 0 
1 0 -1 0 0 0 0 0 1 -2 
1 0 0 0 0 0 0 0 1 -300 
1 0 0 1 0 0 0 0 0 -1 
1 1 0 -1 0 0 0 0 0 -1 
1 0 0 -1 0 0 0 0 1 -2 
1 0 0 -1 0 0 0 1 0 -3 
1 0 -1 0 0 0 0 1 0 -3 
1 -1 1 0 0 0 0 0 0 0 

--- Dep 4 from S1 to S3; satisfied: 0, sat level: -1; Type: RAW
on variable: A
Dependence polyhedron
8 8
0 0 -1 0 1 0 0 1 
0 0 -1 1 0 0 0 0 
1 1 0 0 0 0 0 0 
1 -1 0 0 0 1 0 -1 
1 0 0 0 0 1 0 -300 
1 0 1 0 0 0 0 -1 
1 0 -1 0 0 0 1 -3 
1 0 0 0 0 0 1 -300 

--- Dep 5 from S2 to S4; satisfied: 0, sat level: -1; Type: RAW
on variable: B
Dependence polyhedron
15 10
0 0 0 -1 0 0 1 0 0 0 
0 -1 0 0 0 1 0 0 0 -1 
0 0 -1 0 1 0 0 0 0 -2 
1 1 0 0 0 0 0 0 0 -2 
1 -1 0 0 0 0 0 1 0 -1 
1 0 0 0 0 0 0 1 0 -300 
1 0 1 0 0 0 0 0 0 0 
1 0 -1 0 0 0 0 0 1 -2 
1 0 0 0 0 0 0 0 1 -300 
1 0 0 1 0 0 0 0 0 -2 
1 1 0 -1 0 0 0 0 0 -1 
1 0 0 -1 0 0 0 0 1 -2 
1 0 0 -1 0 0 0 1 0 -1 
1 0 -1 0 0 0 0 1 0 -3 
1 -1 1 0 0 0 0 0 0 0 

--- Dep 6 from S1 to S1; satisfied: 0, sat level: -1; Type: RAW
on variable: A
Dependence polyhedron
10 8
0 0 -1 0 1 0 0 2 
0 0 -1 1 0 0 0 0 
1 1 0 0 0 0 0 0 
1 -1 0 0 0 1 0 -1 
1 0 0 0 0 1 0 -300 
1 0 1 0 0 0 0 -3 
1 0 -1 0 0 0 1 -3 
1 0 0 0 0 0 1 -300 
1 0 -1 0 0 1 0 -1 
1 -1 1 0 0 0 0 -1 

--- Dep 7 from S1 to S3; satisfied: 0, sat level: -1; Type: WAR
on variable: A
Dependence polyhedron
9 8
0 -1 0 0 1 0 0 0 
0 -1 0 1 0 0 0 -1 
1 1 0 0 0 0 0 0 
1 -1 0 0 0 1 0 -1 
1 0 0 0 0 1 0 -300 
1 0 1 0 0 0 0 -1 
1 0 -1 0 0 0 1 -3 
1 0 0 0 0 0 1 -300 
1 -1 0 0 0 0 1 -2 

--- Dep 8 from S1 to S3; satisfied: 0, sat level: -1; Type: WAR
on variable: A
Dependence polyhedron
9 8
0 -1 0 0 1 0 0 0 
0 0 -1 1 0 0 0 -2 
1 1 0 0 0 0 0 0 
1 -1 0 0 0 1 0 -1 
1 0 0 0 0 1 0 -300 
1 0 1 0 0 0 0 -1 
1 0 -1 0 0 0 1 -3 
1 0 0 0 0 0 1 -300 
1 -1 1 0 0 0 0 1 

--- Dep 9 from S1 to S1; satisfied: 0, sat level: -1; Type: WAR
on variable: A
Dependence polyhedron
8 8
0 -1 0 0 1 0 0 0 
0 -1 1 0 0 0 0 2 
1 1 0 0 0 0 0 -3 
1 -1 0 1 0 0 0 0 
1 0 0 0 0 1 0 -300 
1 0 0 0 0 0 1 -300 
1 -1 0 0 0 0 1 -3 
1 0 0 -1 0 1 0 -1 

--- Dep 10 from S2 to S4; satisfied: 0, sat level: -1; Type: WAR
on variable: B
Dependence polyhedron
13 10
0 -1 0 0 0 0 1 0 0 0 
0 0 0 -1 0 1 0 0 0 0 
0 0 0 -1 1 0 0 0 0 -2 
1 1 0 0 0 0 0 0 0 -2 
1 -1 0 0 0 0 0 1 0 -1 
1 0 0 0 0 0 0 1 0 -300 
1 0 1 0 0 0 0 0 0 1 
1 0 -1 0 0 0 0 0 1 -2 
1 0 0 0 0 0 0 0 1 -300 
1 0 0 1 0 0 0 0 0 -1 
1 1 0 -1 0 0 0 0 0 -1 
1 0 0 -1 0 0 0 0 1 -2 
1 0 0 -1 0 0 0 1 0 -3 

--- Dep 11 from S1 to S1; satisfied: 0, sat level: -1; Type: WAW
on variable: A
Dependence polyhedron
10 8
0 0 -1 0 1 0 0 0 
1 1 0 0 0 0 0 0 
1 -1 0 0 0 1 0 -1 
1 0 0 0 0 1 0 -300 
1 0 1 0 0 0 0 -1 
1 0 -1 0 0 0 1 -3 
1 0 0 0 0 0 1 -300 
1 0 0 1 0 0 0 0 
1 0 0 -1 0 1 0 -1 
1 -1 0 1 0 0 0 -1 

--- Dep 12 from S2 to S4; satisfied: 0, sat level: -1; Type: WAW
on variable: B
Dependence polyhedron
15 10
0 0 0 -1 0 0 1 0 0 0 
0 -1 0 0 0 1 0 0 0 -1 
0 0 -1 0 1 0 0 0 0 -2 
1 1 0 0 0 0 0 0 0 -2 
1 -1 0 0 0 0 0 1 0 -1 
1 0 0 0 0 0 0 1 0 -300 
1 0 1 0 0 0 0 0 0 0 
1 0 -1 0 0 0 0 0 1 -2 
1 0 0 0 0 0 0 0 1 -300 
1 0 0 1 0 0 0 0 0 -2 
1 1 0 -1 0 0 0 0 0 -1 
1 0 0 -1 0 0 0 0 1 -2 
1 0 0 -1 0 0 0 1 0 -1 
1 0 -1 0 0 0 0 1 0 -3 
1 -1 1 0 0 0 0 0 0 0 


[zyj-debug] After affine transformations
T(S1): (1, 0, zT2+zT3, zT3, 0, i, 2i+j, 0)
loop types (scalar, scalar, loop, loop, scalar, loop, loop, scalar)

T(S2): (0, 0, zT3, zT4, zT5, i, k, l)
loop types (scalar, scalar, loop, loop, loop, loop, loop, loop)

T(S3): (1, 1, zT2, zT3, m, n, 0, 0)
loop types (scalar, scalar, loop, loop, loop, loop, scalar, scalar)

T(S4): (1, 0, zT3+zT4, zT4, zT5, o, p, q)
loop types (scalar, scalar, loop, loop, loop, loop, loop, loop)

t1 --> fwd_dep  scalar (band 0)no-ujam
t2 --> fwd_dep  scalar (band 0)no-ujam
t3 --> fwd_dep  loop   (band 0)no-ujam
t4 --> fwd_dep  loop   (band 0)no-ujam
t5 --> fwd_dep  loop   (band 0)no-ujam
t6 --> fwd_dep  loop   (band 0)no-ujam
t7 --> fwd_dep  loop   (band 0)no-ujam
t8 --> fwd_dep  loop   (band 0)no-ujam

