[zyj-debug] Before affine transformations
nvar = 3, npar = 3
Parameters: PB_M PB_P PB_L 
S1 "A[i] = A[i] + B[i-1][j] - C[j+1][j] + 6;"
ndims: 2; orig_depth: 2
iterators: i, j
Index set
6 7
1 1 0 0 0 0 -1 
1 -1 0 1 0 0 -1 
1 0 0 1 0 0 -2 
1 0 1 0 0 0 0 
1 1 -1 0 0 0 -1 
1 0 -1 1 0 0 -2 
T(S1): (0, i, 0, j, 0, 0, 0)
loop types (loop, loop, loop, loop, loop, scalar, scalar)

Read accesses
A[i]
B[i-1][j]
C[j+1][j]
Write accesses
A[i]
Original loop: 0 -> yes
Original loop: 1 -> yes

S2 "B[k][k] = B[k][k] * D[i-1] + 1;"
ndims: 2; orig_depth: 2
iterators: i, k
Index set
6 7
1 1 0 0 0 0 -1 
1 -1 0 1 0 0 -1 
1 0 0 1 0 0 -2 
1 0 1 0 0 0 0 
1 0 -1 1 0 0 -1 
1 0 0 1 0 0 -1 
T(S2): (0, i, 1, k, 0, 0, 0)
loop types (loop, loop, loop, loop, loop, scalar, scalar)

Read accesses
B[k][k]
D[i-1]
Write accesses
B[k][k]
Original loop: 0 -> yes
Original loop: 1 -> yes

S3 "E[m-1][n][l] = E[m-1][n][l] * E[m-1][n-1][l+2] * F[m][l][n] - C[m][l] * 4;"
ndims: 3; orig_depth: 3
iterators: l, m, n
Index set
9 8
1 1 0 0 0 0 0 0 
1 -1 0 0 0 1 0 -3 
1 0 0 0 0 1 0 -3 
1 0 1 0 0 0 0 -1 
1 0 -1 0 1 0 0 -1 
1 0 0 0 1 0 0 -2 
1 0 0 1 0 0 0 -1 
1 0 0 -1 0 1 0 -1 
1 0 0 0 0 1 0 -2 
T(S3): (1, l, 0, m, 0, n, 0)
loop types (loop, loop, loop, loop, loop, loop, loop)

Read accesses
E[m-1][n][l]
E[m-1][n-1][l+2]
F[m][l][n]
C[m][l]
Write accesses
E[m-1][n][l]
Original loop: 0 -> yes
Original loop: 1 -> yes
Original loop: 2 -> yes

S4 "G[o][p-1] = G[o+2][p] * B[o-1][p-1] * 2;"
ndims: 2; orig_depth: 2
iterators: o, p
Index set
6 7
1 1 0 0 0 0 -1 
1 -1 0 0 0 1 -3 
1 0 0 0 0 1 -4 
1 0 1 0 0 0 -1 
1 0 -1 0 1 0 -1 
1 0 0 0 1 0 -2 
T(S4): (2, o, 0, p, 0, 0, 0)
loop types (loop, loop, loop, loop, loop, scalar, scalar)

Read accesses
G[o+2][p]
B[o-1][p-1]
Write accesses
G[o][p-1]
Original loop: 0 -> yes
Original loop: 1 -> yes

--- Dep 1 from S1 to S1; satisfied: 0, sat level: -1; Type: RAW
on variable: A
Dependence polyhedron
13 9
0 -1 0 1 0 0 0 0 0 
1 1 0 0 0 0 0 0 -1 
1 -1 0 0 0 1 0 0 -1 
1 0 0 0 0 1 0 0 -500 
1 0 1 0 0 0 0 0 0 
1 1 -1 0 0 0 0 0 -1 
1 0 -1 0 0 1 0 0 -2 
1 0 0 0 0 0 1 0 -400 
1 0 0 0 0 0 0 1 -500 
1 0 0 0 -1 1 0 0 -2 
1 1 0 0 -1 0 0 0 -1 
1 0 0 0 1 0 0 0 0 
1 0 -1 0 1 0 0 0 -1 

--- Dep 2 from S2 to S4; satisfied: 0, sat level: -1; Type: RAW
on variable: B
Dependence polyhedron
11 9
0 0 -1 0 1 0 0 0 -1 
0 0 -1 1 0 0 0 0 -1 
1 1 0 0 0 0 0 0 -1 
1 -1 0 0 0 1 0 0 -1 
1 0 0 0 0 1 0 0 -500 
1 0 1 0 0 0 0 0 0 
1 0 -1 0 0 1 0 0 -1 
1 0 0 0 0 0 1 0 -400 
1 0 0 0 0 0 0 1 -500 
1 0 -1 0 0 0 1 0 -2 
1 0 -1 0 0 0 0 1 -4 

--- Dep 3 from S2 to S1; satisfied: 0, sat level: -1; Type: RAW
on variable: B
Dependence polyhedron
10 9
0 0 -1 0 1 0 0 0 0 
0 0 -1 1 0 0 0 0 -1 
1 1 0 0 0 0 0 0 -1 
1 -1 0 0 0 1 0 0 -1 
1 0 0 0 0 1 0 0 -500 
1 0 1 0 0 0 0 0 0 
1 0 -1 0 0 1 0 0 -2 
1 0 0 0 0 0 1 0 -400 
1 0 0 0 0 0 0 1 -500 
1 -1 1 0 0 0 0 0 0 

--- Dep 4 from S2 to S2; satisfied: 0, sat level: -1; Type: RAW
on variable: B
Dependence polyhedron
11 9
0 0 -1 0 1 0 0 0 0 
1 1 0 0 0 0 0 0 -1 
1 -1 0 0 0 1 0 0 -1 
1 0 0 0 0 1 0 0 -500 
1 0 1 0 0 0 0 0 0 
1 0 -1 0 0 1 0 0 -1 
1 0 0 0 0 0 1 0 -400 
1 0 0 0 0 0 0 1 -500 
1 0 0 1 0 0 0 0 -1 
1 0 0 -1 0 1 0 0 -1 
1 -1 0 1 0 0 0 0 -1 

--- Dep 5 from S4 to S4; satisfied: 0, sat level: -1; Type: WAR
on variable: G
Dependence polyhedron
9 9
0 0 -1 0 1 0 0 0 -1 
0 -1 0 1 0 0 0 0 -2 
1 1 0 0 0 0 0 0 -1 
1 -1 0 0 0 0 0 1 -5 
1 0 0 0 0 0 0 1 -500 
1 0 1 0 0 0 0 0 -1 
1 0 -1 0 0 0 1 0 -2 
1 0 0 0 0 0 1 0 -400 
1 0 0 0 0 1 0 0 -500 

--- Dep 6 from S2 to S2; satisfied: 0, sat level: -1; Type: WAR
on variable: B
Dependence polyhedron
11 9
0 0 -1 0 1 0 0 0 0 
1 1 0 0 0 0 0 0 -1 
1 -1 0 0 0 1 0 0 -1 
1 0 0 0 0 1 0 0 -500 
1 0 1 0 0 0 0 0 0 
1 0 -1 0 0 1 0 0 -1 
1 0 0 0 0 0 1 0 -400 
1 0 0 0 0 0 0 1 -500 
1 0 0 1 0 0 0 0 -1 
1 0 0 -1 0 1 0 0 -1 
1 -1 0 1 0 0 0 0 -1 

--- Dep 7 from S1 to S1; satisfied: 0, sat level: -1; Type: WAR
on variable: A
Dependence polyhedron
13 9
0 -1 0 1 0 0 0 0 0 
1 1 0 0 0 0 0 0 -1 
1 -1 0 0 0 1 0 0 -1 
1 0 0 0 0 1 0 0 -500 
1 0 1 0 0 0 0 0 0 
1 1 -1 0 0 0 0 0 -1 
1 0 -1 0 0 1 0 0 -2 
1 0 0 0 0 0 1 0 -400 
1 0 0 0 0 0 0 1 -500 
1 0 0 0 -1 1 0 0 -2 
1 1 0 0 -1 0 0 0 -1 
1 0 0 0 1 0 0 0 0 
1 0 -1 0 1 0 0 0 -1 

--- Dep 8 from S3 to S3; satisfied: 0, sat level: -1; Type: WAR
on variable: E
Dependence polyhedron
12 11
0 0 0 -1 0 0 1 0 0 0 1 
0 0 -1 0 0 1 0 0 0 0 0 
0 -1 0 0 1 0 0 0 0 0 -2 
1 1 0 0 0 0 0 0 0 0 0 
1 -1 0 0 0 0 0 0 1 0 -5 
1 0 0 0 0 0 0 0 1 0 -400 
1 0 1 0 0 0 0 0 0 0 -1 
1 0 -1 0 0 0 0 1 0 0 -1 
1 0 0 0 0 0 0 1 0 0 -500 
1 0 0 1 0 0 0 0 0 0 -2 
1 0 0 -1 0 0 0 0 1 0 -1 
1 0 0 0 0 0 0 0 0 1 -500 

--- Dep 9 from S1 to S2; satisfied: 0, sat level: -1; Type: WAR
on variable: B
Dependence polyhedron
10 9
0 -1 0 0 1 0 0 0 1 
0 -1 1 0 0 0 0 0 1 
1 1 0 0 0 0 0 0 -1 
1 -1 0 0 0 1 0 0 -1 
1 0 0 0 0 1 0 0 -500 
1 0 0 0 0 0 0 1 -500 
1 0 0 1 0 0 0 0 -1 
1 0 0 0 0 0 1 0 -400 
1 0 0 -1 0 1 0 0 -1 
1 -1 0 1 0 0 0 0 0 

--- Dep 10 from S2 to S2; satisfied: 0, sat level: -1; Type: WAW
on variable: B
Dependence polyhedron
11 9
0 0 -1 0 1 0 0 0 0 
1 1 0 0 0 0 0 0 -1 
1 -1 0 0 0 1 0 0 -1 
1 0 0 0 0 1 0 0 -500 
1 0 1 0 0 0 0 0 0 
1 0 -1 0 0 1 0 0 -1 
1 0 0 0 0 0 1 0 -400 
1 0 0 0 0 0 0 1 -500 
1 0 0 1 0 0 0 0 -1 
1 0 0 -1 0 1 0 0 -1 
1 -1 0 1 0 0 0 0 -1 

--- Dep 11 from S1 to S1; satisfied: 0, sat level: -1; Type: WAW
on variable: A
Dependence polyhedron
13 9
0 -1 0 1 0 0 0 0 0 
1 1 0 0 0 0 0 0 -1 
1 -1 0 0 0 1 0 0 -1 
1 0 0 0 0 1 0 0 -500 
1 0 1 0 0 0 0 0 0 
1 1 -1 0 0 0 0 0 -1 
1 0 -1 0 0 1 0 0 -2 
1 0 0 0 0 0 1 0 -400 
1 0 0 0 0 0 0 1 -500 
1 0 0 0 -1 1 0 0 -2 
1 1 0 0 -1 0 0 0 -1 
1 0 0 0 1 0 0 0 0 
1 0 -1 0 1 0 0 0 -1 


[zyj-debug] After affine transformations
T(S1): (zT2+zT3, 0, zT3, 0, i, 0, j, 0, 3)
loop types (loop, scalar, loop, scalar, loop, scalar, loop, scalar, scalar)

T(S2): (zT2+zT3, 0, zT3, 0, k+1, 0, i, 0, 2)
loop types (loop, scalar, loop, scalar, loop, scalar, loop, scalar, scalar)

T(S3): (zT3+zT4, 0, zT4, zT5, m, 0, l, l+2n, 1)
loop types (loop, scalar, loop, loop, loop, scalar, loop, loop, scalar)

T(S4): (zT2+zT3, 1, zT3, 0, p, 1, o, 0, 0)
loop types (loop, scalar, loop, scalar, loop, scalar, loop, scalar, scalar)

t1 --> fwd_dep  loop   (band 0)no-ujam
t2 --> fwd_dep  scalar (band 0)no-ujam
t3 --> fwd_dep  loop   (band 0)no-ujam
t4 --> parallel loop   (band 0)no-ujam
t5 --> fwd_dep  loop   (band 0)no-ujam
t6 --> parallel scalar (band 0)no-ujam
t7 --> fwd_dep  loop   (band 0)no-ujam
t8 --> parallel loop   (band 0)no-ujam
t9 --> fwd_dep  scalar (band 1)no-ujam

