[zyj-debug] Before affine transformations
nvar = 1, npar = 1
Parameters: PB_M 
S1 "A[i] = A[i] + A[i-2] * A[i] * 6;"
ndims: 1; orig_depth: 1
iterators: i
Index set
3 4
1 1 0 -2 
1 -1 1 -1 
1 0 1 -3 
T(S1): (0, i, 0)
loop types (loop, loop, loop)

Read accesses
A[i]
A[i-2]
A[i]
Write accesses
A[i]
Original loop: 0 -> yes

S2 "A[i] = A[i] - A[i] * A[i] + 5;"
ndims: 1; orig_depth: 1
iterators: i
Index set
3 4
1 1 0 -2 
1 -1 1 -1 
1 0 1 -3 
T(S2): (0, i, 1)
loop types (loop, loop, loop)

Read accesses
A[i]
A[i]
A[i]
Write accesses
A[i]
Original loop: 0 -> yes

S3 "A[j] = A[j] * A[j+1] + A[j] - 4;"
ndims: 1; orig_depth: 1
iterators: j
Index set
3 4
1 1 0 -1 
1 -1 1 -2 
1 0 1 -3 
T(S3): (1, j, 0)
loop types (loop, loop, loop)

Read accesses
A[j]
A[j+1]
A[j]
Write accesses
A[j]
Original loop: 0 -> yes

S4 "A[j] = A[j-1] + 3;"
ndims: 1; orig_depth: 1
iterators: j
Index set
3 4
1 1 0 -1 
1 -1 1 -2 
1 0 1 -3 
T(S4): (1, j, 1)
loop types (loop, loop, loop)

Read accesses
A[j-1]
Write accesses
A[j]
Original loop: 0 -> yes

S5 "A[j] = A[j+1] - 1;"
ndims: 1; orig_depth: 1
iterators: j
Index set
3 4
1 1 0 -1 
1 -1 1 -2 
1 0 1 -3 
T(S5): (1, j, 2)
loop types (loop, loop, loop)

Read accesses
A[j+1]
Write accesses
A[j]
Original loop: 0 -> yes

--- Dep 1 from S1 to S2; satisfied: 0, sat level: -1; Type: RAW
on variable: A
Dependence polyhedron
4 5
0 -1 1 0 0 
1 1 0 0 -2 
1 -1 0 1 -1 
1 0 0 1 -50000000 

--- Dep 2 from S2 to S3; satisfied: 0, sat level: -1; Type: RAW
on variable: A
Dependence polyhedron
4 5
0 -1 1 0 0 
1 1 0 0 -2 
1 -1 0 1 -2 
1 0 0 1 -50000000 

--- Dep 3 from S1 to S3; satisfied: 0, sat level: -1; Type: RAW
on variable: A
Dependence polyhedron
4 5
0 -1 1 0 1 
1 1 0 0 -2 
1 -1 0 1 -1 
1 0 0 1 -50000000 

--- Dep 4 from S2 to S5; satisfied: 0, sat level: -1; Type: RAW
on variable: A
Dependence polyhedron
4 5
0 -1 1 0 1 
1 1 0 0 -2 
1 -1 0 1 -1 
1 0 0 1 -50000000 

--- Dep 5 from S1 to S3; satisfied: 0, sat level: -1; Type: RAW
on variable: A
Dependence polyhedron
4 5
0 -1 1 0 0 
1 1 0 0 -2 
1 -1 0 1 -2 
1 0 0 1 -50000000 

--- Dep 6 from S1 to S2; satisfied: 0, sat level: -1; Type: RAW
on variable: A
Dependence polyhedron
4 5
0 -1 1 0 0 
1 1 0 0 -2 
1 -1 0 1 -1 
1 0 0 1 -50000000 

--- Dep 7 from S5 to S4; satisfied: 0, sat level: -1; Type: RAW
on variable: A
Dependence polyhedron
4 5
0 -1 1 0 -1 
1 1 0 0 -1 
1 -1 0 1 -3 
1 0 0 1 -50000000 

--- Dep 8 from S1 to S4; satisfied: 0, sat level: -1; Type: RAW
on variable: A
Dependence polyhedron
4 5
0 -1 1 0 -1 
1 1 0 0 -2 
1 -1 0 1 -3 
1 0 0 1 -50000000 

--- Dep 9 from S2 to S4; satisfied: 0, sat level: -1; Type: RAW
on variable: A
Dependence polyhedron
4 5
0 -1 1 0 -1 
1 1 0 0 -2 
1 -1 0 1 -3 
1 0 0 1 -50000000 

--- Dep 10 from S4 to S4; satisfied: 0, sat level: -1; Type: RAW
on variable: A
Dependence polyhedron
4 5
0 -1 1 0 -1 
1 1 0 0 -1 
1 -1 0 1 -3 
1 0 0 1 -50000000 

--- Dep 11 from S2 to S1; satisfied: 0, sat level: -1; Type: RAW
on variable: A
Dependence polyhedron
4 5
0 -1 1 0 -2 
1 1 0 0 -2 
1 -1 0 1 -3 
1 0 0 1 -50000000 

--- Dep 12 from S1 to S1; satisfied: 0, sat level: -1; Type: RAW
on variable: A
Dependence polyhedron
4 5
0 -1 1 0 -2 
1 1 0 0 -2 
1 -1 0 1 -3 
1 0 0 1 -50000000 

--- Dep 13 from S2 to S3; satisfied: 0, sat level: -1; Type: RAW
on variable: A
Dependence polyhedron
4 5
0 -1 1 0 0 
1 1 0 0 -2 
1 -1 0 1 -2 
1 0 0 1 -50000000 

--- Dep 14 from S2 to S3; satisfied: 0, sat level: -1; Type: RAW
on variable: A
Dependence polyhedron
4 5
0 -1 1 0 1 
1 1 0 0 -2 
1 -1 0 1 -1 
1 0 0 1 -50000000 

--- Dep 15 from S3 to S4; satisfied: 0, sat level: -1; Type: RAW
on variable: A
Dependence polyhedron
4 5
0 -1 1 0 -1 
1 1 0 0 -1 
1 -1 0 1 -3 
1 0 0 1 -50000000 

--- Dep 16 from S1 to S3; satisfied: 0, sat level: -1; Type: RAW
on variable: A
Dependence polyhedron
4 5
0 -1 1 0 0 
1 1 0 0 -2 
1 -1 0 1 -2 
1 0 0 1 -50000000 

--- Dep 17 from S1 to S5; satisfied: 0, sat level: -1; Type: RAW
on variable: A
Dependence polyhedron
4 5
0 -1 1 0 1 
1 1 0 0 -2 
1 -1 0 1 -1 
1 0 0 1 -50000000 

--- Dep 18 from S1 to S2; satisfied: 0, sat level: -1; Type: RAW
on variable: A
Dependence polyhedron
4 5
0 -1 1 0 0 
1 1 0 0 -2 
1 -1 0 1 -1 
1 0 0 1 -50000000 

--- Dep 19 from S2 to S5; satisfied: 0, sat level: -1; Type: WAR
on variable: A
Dependence polyhedron
4 5
0 -1 1 0 0 
1 1 0 0 -2 
1 -1 0 1 -2 
1 0 0 1 -50000000 

--- Dep 20 from S2 to S4; satisfied: 0, sat level: -1; Type: WAR
on variable: A
Dependence polyhedron
4 5
0 -1 1 0 0 
1 1 0 0 -2 
1 -1 0 1 -2 
1 0 0 1 -50000000 

--- Dep 21 from S1 to S4; satisfied: 0, sat level: -1; Type: WAR
on variable: A
Dependence polyhedron
4 5
0 -1 1 0 0 
1 1 0 0 -2 
1 -1 0 1 -2 
1 0 0 1 -50000000 

--- Dep 22 from S2 to S3; satisfied: 0, sat level: -1; Type: WAR
on variable: A
Dependence polyhedron
4 5
0 -1 1 0 0 
1 1 0 0 -2 
1 -1 0 1 -2 
1 0 0 1 -50000000 

--- Dep 23 from S2 to S4; satisfied: 0, sat level: -1; Type: WAR
on variable: A
Dependence polyhedron
4 5
0 -1 1 0 0 
1 1 0 0 -2 
1 -1 0 1 -2 
1 0 0 1 -50000000 

--- Dep 24 from S5 to S3; satisfied: 0, sat level: -1; Type: WAR
on variable: A
Dependence polyhedron
4 5
0 -1 1 0 -1 
1 1 0 0 -1 
1 -1 0 1 -3 
1 0 0 1 -50000000 

--- Dep 25 from S3 to S4; satisfied: 0, sat level: -1; Type: WAR
on variable: A
Dependence polyhedron
4 5
0 -1 1 0 0 
1 1 0 0 -1 
1 -1 0 1 -2 
1 0 0 1 -50000000 

--- Dep 26 from S3 to S4; satisfied: 0, sat level: -1; Type: WAR
on variable: A
Dependence polyhedron
4 5
0 -1 1 0 0 
1 1 0 0 -1 
1 -1 0 1 -2 
1 0 0 1 -50000000 

--- Dep 27 from S3 to S5; satisfied: 0, sat level: -1; Type: WAR
on variable: A
Dependence polyhedron
4 5
0 -1 1 0 0 
1 1 0 0 -1 
1 -1 0 1 -2 
1 0 0 1 -50000000 

--- Dep 28 from S3 to S4; satisfied: 0, sat level: -1; Type: WAR
on variable: A
Dependence polyhedron
4 5
0 -1 1 0 -1 
1 1 0 0 -1 
1 -1 0 1 -3 
1 0 0 1 -50000000 

--- Dep 29 from S1 to S5; satisfied: 0, sat level: -1; Type: WAR
on variable: A
Dependence polyhedron
4 5
0 -1 1 0 0 
1 1 0 0 -2 
1 -1 0 1 -2 
1 0 0 1 -50000000 

--- Dep 30 from S1 to S3; satisfied: 0, sat level: -1; Type: WAR
on variable: A
Dependence polyhedron
4 5
0 -1 1 0 0 
1 1 0 0 -2 
1 -1 0 1 -2 
1 0 0 1 -50000000 

--- Dep 31 from S1 to S4; satisfied: 0, sat level: -1; Type: WAR
on variable: A
Dependence polyhedron
4 5
0 -1 1 0 2 
1 1 0 0 -3 
1 -1 0 1 -1 
1 0 0 1 -50000000 

--- Dep 32 from S2 to S3; satisfied: 0, sat level: -1; Type: WAR
on variable: A
Dependence polyhedron
4 5
0 -1 1 0 0 
1 1 0 0 -2 
1 -1 0 1 -2 
1 0 0 1 -50000000 

--- Dep 33 from S2 to S4; satisfied: 0, sat level: -1; Type: WAR
on variable: A
Dependence polyhedron
4 5
0 -1 1 0 0 
1 1 0 0 -2 
1 -1 0 1 -2 
1 0 0 1 -50000000 

--- Dep 34 from S3 to S3; satisfied: 0, sat level: -1; Type: WAR
on variable: A
Dependence polyhedron
4 5
0 -1 1 0 -1 
1 1 0 0 -1 
1 -1 0 1 -3 
1 0 0 1 -50000000 

--- Dep 35 from S2 to S5; satisfied: 0, sat level: -1; Type: WAR
on variable: A
Dependence polyhedron
4 5
0 -1 1 0 0 
1 1 0 0 -2 
1 -1 0 1 -2 
1 0 0 1 -50000000 

--- Dep 36 from S5 to S4; satisfied: 0, sat level: -1; Type: WAR
on variable: A
Dependence polyhedron
4 5
0 -1 1 0 -1 
1 1 0 0 -1 
1 -1 0 1 -3 
1 0 0 1 -50000000 

--- Dep 37 from S2 to S3; satisfied: 0, sat level: -1; Type: WAR
on variable: A
Dependence polyhedron
4 5
0 -1 1 0 0 
1 1 0 0 -2 
1 -1 0 1 -2 
1 0 0 1 -50000000 

--- Dep 38 from S3 to S5; satisfied: 0, sat level: -1; Type: WAR
on variable: A
Dependence polyhedron
4 5
0 -1 1 0 0 
1 1 0 0 -1 
1 -1 0 1 -2 
1 0 0 1 -50000000 

--- Dep 39 from S1 to S4; satisfied: 0, sat level: -1; Type: WAR
on variable: A
Dependence polyhedron
4 5
0 -1 1 0 0 
1 1 0 0 -2 
1 -1 0 1 -2 
1 0 0 1 -50000000 

--- Dep 40 from S5 to S5; satisfied: 0, sat level: -1; Type: WAR
on variable: A
Dependence polyhedron
4 5
0 -1 1 0 -1 
1 1 0 0 -1 
1 -1 0 1 -3 
1 0 0 1 -50000000 

--- Dep 41 from S1 to S2; satisfied: 0, sat level: -1; Type: WAR
on variable: A
Dependence polyhedron
4 5
0 -1 1 0 0 
1 1 0 0 -2 
1 -1 0 1 -1 
1 0 0 1 -50000000 

--- Dep 42 from S1 to S2; satisfied: 0, sat level: -1; Type: WAR
on variable: A
Dependence polyhedron
4 5
0 -1 1 0 0 
1 1 0 0 -2 
1 -1 0 1 -1 
1 0 0 1 -50000000 

--- Dep 43 from S1 to S3; satisfied: 0, sat level: -1; Type: WAR
on variable: A
Dependence polyhedron
4 5
0 -1 1 0 0 
1 1 0 0 -2 
1 -1 0 1 -2 
1 0 0 1 -50000000 

--- Dep 44 from S1 to S5; satisfied: 0, sat level: -1; Type: WAR
on variable: A
Dependence polyhedron
4 5
0 -1 1 0 2 
1 1 0 0 -3 
1 -1 0 1 -1 
1 0 0 1 -50000000 

--- Dep 45 from S3 to S5; satisfied: 0, sat level: -1; Type: WAR
on variable: A
Dependence polyhedron
4 5
0 -1 1 0 -1 
1 1 0 0 -1 
1 -1 0 1 -3 
1 0 0 1 -50000000 

--- Dep 46 from S2 to S5; satisfied: 0, sat level: -1; Type: WAR
on variable: A
Dependence polyhedron
4 5
0 -1 1 0 0 
1 1 0 0 -2 
1 -1 0 1 -2 
1 0 0 1 -50000000 

--- Dep 47 from S1 to S3; satisfied: 0, sat level: -1; Type: WAR
on variable: A
Dependence polyhedron
4 5
0 -1 1 0 2 
1 1 0 0 -3 
1 -1 0 1 -1 
1 0 0 1 -50000000 

--- Dep 48 from S1 to S5; satisfied: 0, sat level: -1; Type: WAR
on variable: A
Dependence polyhedron
4 5
0 -1 1 0 0 
1 1 0 0 -2 
1 -1 0 1 -2 
1 0 0 1 -50000000 

--- Dep 49 from S4 to S5; satisfied: 0, sat level: -1; Type: WAW
on variable: A
Dependence polyhedron
4 5
0 -1 1 0 0 
1 1 0 0 -1 
1 -1 0 1 -2 
1 0 0 1 -50000000 

--- Dep 50 from S3 to S5; satisfied: 0, sat level: -1; Type: WAW
on variable: A
Dependence polyhedron
4 5
0 -1 1 0 0 
1 1 0 0 -1 
1 -1 0 1 -2 
1 0 0 1 -50000000 

--- Dep 51 from S2 to S4; satisfied: 0, sat level: -1; Type: WAW
on variable: A
Dependence polyhedron
4 5
0 -1 1 0 0 
1 1 0 0 -2 
1 -1 0 1 -2 
1 0 0 1 -50000000 

--- Dep 52 from S1 to S5; satisfied: 0, sat level: -1; Type: WAW
on variable: A
Dependence polyhedron
4 5
0 -1 1 0 0 
1 1 0 0 -2 
1 -1 0 1 -2 
1 0 0 1 -50000000 

--- Dep 53 from S2 to S5; satisfied: 0, sat level: -1; Type: WAW
on variable: A
Dependence polyhedron
4 5
0 -1 1 0 0 
1 1 0 0 -2 
1 -1 0 1 -2 
1 0 0 1 -50000000 

--- Dep 54 from S3 to S4; satisfied: 0, sat level: -1; Type: WAW
on variable: A
Dependence polyhedron
4 5
0 -1 1 0 0 
1 1 0 0 -1 
1 -1 0 1 -2 
1 0 0 1 -50000000 

--- Dep 55 from S1 to S2; satisfied: 0, sat level: -1; Type: WAW
on variable: A
Dependence polyhedron
4 5
0 -1 1 0 0 
1 1 0 0 -2 
1 -1 0 1 -1 
1 0 0 1 -50000000 

--- Dep 56 from S2 to S3; satisfied: 0, sat level: -1; Type: WAW
on variable: A
Dependence polyhedron
4 5
0 -1 1 0 0 
1 1 0 0 -2 
1 -1 0 1 -2 
1 0 0 1 -50000000 

--- Dep 57 from S1 to S3; satisfied: 0, sat level: -1; Type: WAW
on variable: A
Dependence polyhedron
4 5
0 -1 1 0 0 
1 1 0 0 -2 
1 -1 0 1 -2 
1 0 0 1 -50000000 

--- Dep 58 from S1 to S4; satisfied: 0, sat level: -1; Type: WAW
on variable: A
Dependence polyhedron
4 5
0 -1 1 0 0 
1 1 0 0 -2 
1 -1 0 1 -2 
1 0 0 1 -50000000 


[zyj-debug] After affine transformations
T(S1): (i, 0)
loop types (loop, scalar)

T(S2): (i, 4)
loop types (loop, scalar)

T(S3): (j+2, 1)
loop types (loop, scalar)

T(S4): (j+2, 2)
loop types (loop, scalar)

T(S5): (j+2, 3)
loop types (loop, scalar)

t1 --> serial   loop   (band 0)no-ujam
t2 --> fwd_dep  scalar (band 1)no-ujam

