[zyj-debug] Before affine transformations
nvar = 3, npar = 4
Parameters: PB_P PB_Q PB_L PB_M 
S1 "A[i-1] = E[i+2] * 3;"
ndims: 1; orig_depth: 1
iterators: i
Index set
3 7
1 1 0 0 0 0 -1 
1 -1 1 0 0 0 -3 
1 0 1 0 0 0 -4 
T(S1): (0, i, 0, 0, 0, 0, 0)
loop types (loop, loop, loop, scalar, scalar, scalar, scalar)

Read accesses
E[i+2]
Write accesses
A[i-1]
Original loop: 0 -> yes

S2 "B[j][i+1][k] = B[k][j][k] - 6;"
ndims: 3; orig_depth: 3
iterators: i, j, k
Index set
9 9
1 1 0 0 0 0 0 0 -1 
1 -1 0 0 1 0 0 0 -3 
1 0 0 0 1 0 0 0 -4 
1 0 1 0 0 0 0 0 0 
1 0 -1 0 1 0 0 0 -1 
1 0 0 0 1 0 0 0 -1 
1 0 0 1 0 0 0 0 0 
1 0 0 -1 0 1 0 0 -1 
1 0 0 0 0 1 0 0 -1 
T(S2): (0, i, 1, j, 0, k, 0)
loop types (loop, loop, loop, loop, loop, loop, loop)

Read accesses
B[k][j][k]
Write accesses
B[j][i+1][k]
Original loop: 0 -> yes
Original loop: 1 -> yes
Original loop: 2 -> yes

S3 "C[i][l+1][i] = C[i][l+1][i+2] + D[m-1][i] - B[l][m+1][i] * 6;"
ndims: 3; orig_depth: 3
iterators: i, l, m
Index set
8 9
1 1 0 0 0 0 0 0 -1 
1 -1 0 0 1 0 0 0 -3 
1 0 0 0 1 0 0 0 -4 
1 0 1 0 0 0 0 0 0 
1 1 -1 0 0 0 0 0 -1 
1 0 0 1 0 0 0 0 -1 
1 0 0 -1 1 0 0 0 -2 
1 0 0 0 1 0 0 0 -3 
T(S3): (0, i, 2, l, 0, m, 0)
loop types (loop, loop, loop, loop, loop, loop, loop)

Read accesses
C[i][l+1][i+2]
D[m-1][i]
B[l][m+1][i]
Write accesses
C[i][l+1][i]
Original loop: 0 -> yes
Original loop: 1 -> yes
Original loop: 2 -> yes

S4 "E[i] = E[i-1] - 3;"
ndims: 1; orig_depth: 1
iterators: i
Index set
3 7
1 1 0 0 0 0 -1 
1 -1 1 0 0 0 -3 
1 0 1 0 0 0 -4 
T(S4): (0, i, 3, 0, 0, 0, 0)
loop types (loop, loop, loop, scalar, scalar, scalar, scalar)

Read accesses
E[i-1]
Write accesses
E[i]
Original loop: 0 -> yes

S5 "F[n][o+1] = F[n][o+1] * G[n+1][n+1] + 4;"
ndims: 2; orig_depth: 2
iterators: n, o
Index set
6 8
1 1 0 0 0 0 0 0 
1 -1 0 0 0 1 0 -2 
1 0 0 0 0 1 0 -2 
1 0 1 0 0 0 0 1 
1 0 -1 0 0 0 1 -2 
1 0 0 0 0 0 1 -1 
T(S5): (1, n, 0, o, 0, 0, 0)
loop types (loop, loop, loop, loop, loop, scalar, scalar)

Read accesses
F[n][o+1]
G[n+1][n+1]
Write accesses
F[n][o+1]
Original loop: 0 -> yes
Original loop: 1 -> yes

--- Dep 1 from S4 to S4; satisfied: 0, sat level: -1; Type: RAW
on variable: E
Dependence polyhedron
7 8
0 -1 1 0 0 0 0 -1 
1 1 0 0 0 0 0 -1 
1 -1 0 1 0 0 0 -4 
1 0 0 1 0 0 0 -300 
1 0 0 0 0 0 1 -500 
1 0 0 0 0 1 0 -500 
1 0 0 0 1 0 0 -400 

--- Dep 2 from S2 to S3; satisfied: 0, sat level: -1; Type: RAW
on variable: B
Dependence polyhedron
16 12
0 -1 0 0 0 0 1 0 0 0 0 0 
0 0 -1 0 0 1 0 0 0 0 0 0 
0 0 0 -1 1 0 0 0 0 0 0 0 
1 1 0 0 0 0 0 0 0 0 0 -1 
1 -1 0 0 0 0 0 1 0 0 0 -3 
1 0 0 0 0 0 0 1 0 0 0 -300 
1 0 1 0 0 0 0 0 0 0 0 0 
1 0 -1 0 0 0 0 1 0 0 0 -1 
1 0 0 0 0 0 0 0 1 0 0 -400 
1 0 0 1 0 0 0 0 0 0 0 -1 
1 0 0 -1 0 0 0 0 1 0 0 -1 
1 0 0 0 0 0 0 0 0 0 1 -500 
1 0 0 0 0 0 0 0 0 1 0 -500 
1 0 -1 1 0 0 0 0 0 0 0 -1 
1 0 0 -1 0 0 0 1 0 0 0 -3 
1 -1 0 1 0 0 0 0 0 0 0 0 

--- Dep 3 from S2 to S2; satisfied: 0, sat level: -1; Type: RAW
on variable: B
Dependence polyhedron
13 12
0 0 -1 0 0 0 1 0 0 0 0 0 
0 -1 0 0 0 1 0 0 0 0 0 -1 
0 0 -1 1 0 0 0 0 0 0 0 0 
1 1 0 0 0 0 0 0 0 0 0 -1 
1 -1 0 0 1 0 0 0 0 0 0 -1 
1 0 0 0 0 0 0 1 0 0 0 -300 
1 0 1 0 0 0 0 0 0 0 0 0 
1 0 -1 0 0 0 0 1 0 0 0 -1 
1 0 0 0 0 0 0 0 1 0 0 -400 
1 0 0 0 0 0 0 0 0 1 0 -500 
1 0 -1 0 0 0 0 0 1 0 0 -1 
1 0 0 0 0 0 0 0 0 0 1 -500 
1 0 0 0 -1 0 0 1 0 0 0 -3 

--- Dep 4 from S2 to S2; satisfied: 0, sat level: -1; Type: RAW
on variable: B
Dependence polyhedron
13 12
0 0 -1 0 0 0 1 0 0 0 0 0 
0 -1 0 0 0 1 0 0 0 0 0 -1 
0 -1 0 0 1 0 0 0 0 0 0 0 
0 0 -1 1 0 0 0 0 0 0 0 0 
1 1 0 0 0 0 0 0 0 0 0 -1 
1 -1 0 0 0 0 0 1 0 0 0 -3 
1 0 0 0 0 0 0 1 0 0 0 -300 
1 0 1 0 0 0 0 0 0 0 0 0 
1 1 -1 0 0 0 0 0 0 0 0 0 
1 0 0 0 0 0 0 0 1 0 0 -400 
1 0 0 0 0 0 0 0 0 1 0 -500 
1 0 -1 0 0 0 0 0 1 0 0 -1 
1 0 0 0 0 0 0 0 0 0 1 -500 

--- Dep 5 from S2 to S2; satisfied: 0, sat level: -1; Type: WAR
on variable: B
Dependence polyhedron
13 12
0 0 0 -1 0 0 1 0 0 0 0 0 
0 0 0 -1 0 1 0 0 0 0 0 0 
0 0 -1 0 1 0 0 0 0 0 0 1 
1 1 0 0 0 0 0 0 0 0 0 -1 
1 0 0 -1 0 0 0 1 0 0 0 -1 
1 0 0 0 0 0 0 1 0 0 0 -300 
1 -1 1 0 0 0 0 0 0 0 0 -2 
1 0 -1 0 0 0 0 1 0 0 0 -2 
1 0 0 0 0 0 0 0 1 0 0 -400 
1 0 0 1 0 0 0 0 0 0 0 0 
1 0 0 -1 0 0 0 0 1 0 0 -1 
1 0 0 0 0 0 0 0 0 0 1 -500 
1 0 0 0 0 0 0 0 0 1 0 -500 

--- Dep 6 from S2 to S2; satisfied: 0, sat level: -1; Type: WAR
on variable: B
Dependence polyhedron
12 12
0 0 0 -1 0 0 1 0 0 0 0 0 
0 0 0 -1 0 1 0 0 0 0 0 0 
0 -1 0 0 1 0 0 0 0 0 0 0 
0 -1 1 0 0 0 0 0 0 0 0 -1 
1 1 0 0 0 0 0 0 0 0 0 -1 
1 0 0 0 0 0 0 0 0 0 1 -500 
1 0 0 0 0 0 0 1 0 0 0 -300 
1 -1 0 1 0 0 0 0 0 0 0 -2 
1 0 0 -1 0 0 0 1 0 0 0 -1 
1 0 0 0 0 0 0 0 1 0 0 -400 
1 0 0 0 0 0 0 0 0 1 0 -500 
1 0 0 -1 0 0 0 0 1 0 0 -1 

--- Dep 7 from S3 to S2; satisfied: 0, sat level: -1; Type: WAR
on variable: B
Dependence polyhedron
16 12
0 -1 0 0 0 0 1 0 0 0 0 0 
0 0 -1 0 0 1 0 0 0 0 0 0 
0 0 0 -1 1 0 0 0 0 0 0 0 
1 1 0 0 0 0 0 0 0 0 0 -1 
1 -1 0 0 0 0 0 1 0 0 0 -3 
1 0 0 0 0 0 0 1 0 0 0 -300 
1 0 1 0 0 0 0 0 0 0 0 0 
1 1 -1 0 0 0 0 0 0 0 0 -1 
1 0 0 1 0 0 0 0 0 0 0 -1 
1 0 0 -1 0 0 0 1 0 0 0 -3 
1 0 0 0 0 0 0 0 0 0 1 -500 
1 0 0 0 0 0 0 0 0 1 0 -500 
1 0 0 0 0 0 0 0 1 0 0 -400 
1 -1 0 0 0 0 0 0 1 0 0 -1 
1 0 -1 0 0 0 0 1 0 0 0 -1 
1 -1 0 1 0 0 0 0 0 0 0 -1 

--- Dep 8 from S1 to S4; satisfied: 0, sat level: -1; Type: WAR
on variable: E
Dependence polyhedron
7 8
0 -1 1 0 0 0 0 -2 
1 1 0 0 0 0 0 -1 
1 -1 0 1 0 0 0 -5 
1 0 0 1 0 0 0 -300 
1 0 0 0 0 0 1 -500 
1 0 0 0 0 1 0 -500 
1 0 0 0 1 0 0 -400 

--- Dep 9 from S3 to S3; satisfied: 0, sat level: -1; Type: WAW
on variable: C
Dependence polyhedron
15 12
0 0 -1 0 0 1 0 0 0 0 0 0 
0 -1 0 0 1 0 0 0 0 0 0 0 
1 1 0 0 0 0 0 0 0 0 0 -1 
1 -1 0 0 0 0 0 1 0 0 0 -3 
1 0 0 0 0 0 0 1 0 0 0 -300 
1 0 1 0 0 0 0 0 0 0 0 0 
1 1 -1 0 0 0 0 0 0 0 0 -1 
1 0 0 1 0 0 0 0 0 0 0 -1 
1 0 0 -1 0 0 0 1 0 0 0 -2 
1 0 0 0 0 0 0 0 0 0 1 -500 
1 0 0 0 0 0 0 0 0 1 0 -500 
1 0 0 0 0 0 0 0 1 0 0 -400 
1 0 0 0 0 0 -1 1 0 0 0 -2 
1 0 0 0 0 0 1 0 0 0 0 -1 
1 0 0 -1 0 0 1 0 0 0 0 -1 


[pluto] WARNING: working with original (identity) transformation (if they exist)
[zyj-debug] After affine transformations
T(S1): (0, i, 0, 0, 0, 0, 0, 0, 0, 0)
loop types (scalar, loop, scalar, scalar, scalar, scalar, scalar, scalar, scalar, scalar)

T(S2): (0, i, 1, zT3+zT4, 0, zT4, j, 0, k, 0)
loop types (scalar, loop, scalar, loop, scalar, loop, loop, scalar, loop, scalar)

T(S3): (0, i, 2, zT3, 0, zT4, l, 0, m, 0)
loop types (scalar, loop, scalar, loop, scalar, loop, loop, scalar, loop, scalar)

T(S4): (0, i, 3, 0, 0, 0, 0, 0, 0, 0)
loop types (scalar, loop, scalar, scalar, scalar, scalar, scalar, scalar, scalar, scalar)

T(S5): (1, zT2, 0, zT3, n, 0, o, 0, 0, 0)
loop types (scalar, loop, scalar, loop, loop, scalar, loop, scalar, scalar, scalar)

t1 --> parallel scalar (band 0)no-ujam
t2 --> serial   loop   (band 0)no-ujam
t3 --> fwd_dep  scalar (band 1)no-ujam
t4 --> fwd_dep  loop   (band 1)no-ujam
t5 --> parallel loop   (band 1)no-ujam
t6 --> fwd_dep  loop   (band 1)no-ujam
t7 --> fwd_dep  loop   (band 1)no-ujam
t8 --> parallel scalar (band 1)no-ujam
t9 --> fwd_dep  loop   (band 1)no-ujam
t10 --> parallel scalar (band 1)no-ujam

