[zyj-debug] Before affine transformations
nvar = 3, npar = 2
Parameters: PB_M PB_P 
S1 "A[i][j+1][i+1] = B[i][i][j+1] * C[i-1][i+1][j] * 5;"
ndims: 3; orig_depth: 3
iterators: i, j, k
Index set
9 7
1 1 0 0 0 0 -2 
1 -1 0 0 1 0 -3 
1 0 0 0 1 0 -5 
1 0 1 0 0 0 -1 
1 0 -1 0 1 0 -1 
1 0 0 0 1 0 -2 
1 0 0 1 0 0 0 
1 0 0 -1 1 0 -1 
1 0 0 0 1 0 -1 
T(S1): (0, i, 0, j, 0, k, 0)
loop types (loop, loop, loop, loop, loop, loop, loop)

Read accesses
B[i][i][j+1]
C[i-1][i+1][j]
Write accesses
A[i][j+1][i+1]
Original loop: 0 -> yes
Original loop: 1 -> yes
Original loop: 2 -> yes

S2 "D[j][j+1] = D[j+2][j+1] * F[i-2][j-1] - D[i+1][j] + E[j] + 2;"
ndims: 2; orig_depth: 2
iterators: i, j
Index set
6 6
1 1 0 0 0 -2 
1 -1 0 1 0 -3 
1 0 0 1 0 -5 
1 0 1 0 0 -1 
1 0 -1 1 0 -1 
1 0 0 1 0 -2 
T(S2): (0, i, 0, j, 1, 0, 0)
loop types (loop, loop, loop, loop, loop, scalar, scalar)

Read accesses
D[j+2][j+1]
F[i-2][j-1]
D[i+1][j]
E[j]
Write accesses
D[j][j+1]
Original loop: 0 -> yes
Original loop: 1 -> yes

S3 "C[j-1][i][l] = C[j-1][i+2][l-1] - F[i+1][j-1] - D[i][l] - 5;"
ndims: 3; orig_depth: 3
iterators: i, j, l
Index set
9 7
1 1 0 0 0 0 -2 
1 -1 0 0 1 0 -3 
1 0 0 0 1 0 -5 
1 0 1 0 0 0 -1 
1 0 -1 0 1 0 -1 
1 0 0 0 1 0 -2 
1 0 0 1 0 0 -1 
1 0 0 -1 0 1 -1 
1 0 0 0 0 1 -2 
T(S3): (0, i, 0, j, 2, l, 0)
loop types (loop, loop, loop, loop, loop, loop, loop)

Read accesses
C[j-1][i+2][l-1]
F[i+1][j-1]
D[i][l]
Write accesses
C[j-1][i][l]
Original loop: 0 -> yes
Original loop: 1 -> yes
Original loop: 2 -> yes

S4 "F[i][j-1] = E[i] - E[i+2] * D[j-1][i+1] - 5;"
ndims: 2; orig_depth: 2
iterators: i, j
Index set
6 6
1 1 0 0 0 -2 
1 -1 0 1 0 -3 
1 0 0 1 0 -5 
1 0 1 0 0 -1 
1 0 -1 1 0 -1 
1 0 0 1 0 -2 
T(S4): (0, i, 0, j, 3, 0, 0)
loop types (loop, loop, loop, loop, loop, scalar, scalar)

Read accesses
E[i]
E[i+2]
D[j-1][i+1]
Write accesses
F[i][j-1]
Original loop: 0 -> yes
Original loop: 1 -> yes

S5 "E[i] = E[i] - 6;"
ndims: 1; orig_depth: 1
iterators: i
Index set
3 5
1 1 0 0 -2 
1 -1 1 0 -3 
1 0 1 0 -5 
T(S5): (0, i, 1, 0, 0, 0, 0)
loop types (loop, loop, loop, scalar, scalar, scalar, scalar)

Read accesses
E[i]
Write accesses
E[i]
Original loop: 0 -> yes

--- Dep 1 from S2 to S2; satisfied: 0, sat level: -1; Type: RAW
on variable: D
Dependence polyhedron
7 8
0 0 -1 0 1 0 0 -1 
0 0 -1 1 0 0 0 1 
1 1 0 0 0 0 0 -2 
1 0 0 0 0 0 1 -500 
1 0 0 0 0 1 0 -300 
1 -1 1 0 0 0 0 -1 
1 0 -1 0 0 1 0 -2 

--- Dep 2 from S2 to S3; satisfied: 0, sat level: -1; Type: RAW
on variable: D
Dependence polyhedron
10 9
0 0 -1 0 0 1 0 0 -1 
0 0 -1 1 0 0 0 0 0 
1 1 0 0 0 0 0 0 -2 
1 0 0 0 1 0 0 0 -1 
1 0 0 0 0 0 1 0 -300 
1 -1 1 0 0 0 0 0 -1 
1 0 -1 0 0 0 1 0 -3 
1 0 0 0 0 0 0 1 -500 
1 0 -1 0 0 0 0 1 -2 
1 0 0 0 -1 0 1 0 -1 

--- Dep 3 from S2 to S3; satisfied: 0, sat level: -1; Type: RAW
on variable: D
Dependence polyhedron
10 9
0 -1 0 0 0 1 0 0 -1 
0 -1 0 1 0 0 0 0 0 
0 -1 1 0 0 0 0 0 0 
1 1 0 0 0 0 0 0 -2 
1 -1 0 0 0 0 1 0 -3 
1 0 0 0 0 0 1 0 -300 
1 -1 0 0 1 0 0 0 0 
1 0 0 0 -1 0 1 0 -1 
1 0 0 0 0 0 0 1 -500 
1 -1 0 0 0 0 0 1 -2 

--- Dep 4 from S4 to S2; satisfied: 0, sat level: -1; Type: RAW
on variable: F
Dependence polyhedron
8 8
0 0 -1 0 1 0 0 0 
0 -1 0 1 0 0 0 -2 
1 1 0 0 0 0 0 -2 
1 -1 0 0 0 1 0 -5 
1 0 0 0 0 1 0 -300 
1 0 1 0 0 0 0 -1 
1 0 -1 0 0 1 0 -1 
1 0 0 0 0 0 1 -500 

--- Dep 5 from S2 to S4; satisfied: 0, sat level: -1; Type: RAW
on variable: D
Dependence polyhedron
7 8
0 0 -1 0 1 0 0 -1 
0 0 -1 1 0 0 0 0 
1 1 0 0 0 0 0 -2 
1 0 0 0 0 0 1 -500 
1 0 0 0 0 1 0 -300 
1 -1 1 0 0 0 0 0 
1 0 -1 0 0 1 0 -3 

--- Dep 6 from S5 to S2; satisfied: 0, sat level: -1; Type: RAW
on variable: E
Dependence polyhedron
8 7
0 -1 0 1 0 0 0 
1 1 0 0 0 0 -2 
1 -1 0 0 1 0 -3 
1 0 0 0 1 0 -300 
1 0 0 0 0 1 -500 
1 0 1 0 0 0 -2 
1 0 -1 0 1 0 -3 
1 -1 1 0 0 0 -1 

--- Dep 7 from S2 to S5; satisfied: 0, sat level: -1; Type: WAR
on variable: E
Dependence polyhedron
8 7
0 0 -1 1 0 0 0 
1 1 0 0 0 0 -2 
1 -1 0 0 1 0 -3 
1 0 0 0 1 0 -300 
1 0 1 0 0 0 -2 
1 0 -1 0 1 0 -3 
1 0 0 0 0 1 -500 
1 -1 1 0 0 0 0 

--- Dep 8 from S2 to S2; satisfied: 0, sat level: -1; Type: WAR
on variable: D
Dependence polyhedron
9 8
0 -1 0 0 1 0 0 -1 
0 -1 1 0 0 0 0 -2 
1 1 0 0 0 0 0 -2 
1 -1 0 0 0 1 0 -3 
1 0 0 0 0 1 0 -300 
1 0 0 0 0 0 1 -500 
1 0 0 -1 0 1 0 -3 
1 0 0 1 0 0 0 -2 
1 -1 0 1 0 0 0 -1 

--- Dep 9 from S4 to S2; satisfied: 0, sat level: -1; Type: WAR
on variable: D
Dependence polyhedron
9 8
0 -1 0 0 1 0 0 0 
0 -1 1 0 0 0 0 -1 
1 1 0 0 0 0 0 -2 
1 -1 0 0 0 1 0 -3 
1 0 0 0 0 1 0 -300 
1 0 0 0 0 0 1 -500 
1 0 0 -1 0 1 0 -3 
1 0 0 1 0 0 0 -2 
1 -1 0 1 0 0 0 -1 

--- Dep 10 from S4 to S5; satisfied: 0, sat level: -1; Type: WAR
on variable: E
Dependence polyhedron
7 7
0 -1 0 1 0 0 -2 
1 1 0 0 0 0 -2 
1 -1 0 0 1 0 -5 
1 0 0 0 1 0 -300 
1 0 1 0 0 0 -1 
1 0 -1 0 1 0 -1 
1 0 0 0 0 1 -500 

--- Dep 11 from S4 to S5; satisfied: 0, sat level: -1; Type: WAR
on variable: E
Dependence polyhedron
7 7
0 -1 0 1 0 0 0 
1 1 0 0 0 0 -2 
1 -1 0 0 1 0 -3 
1 0 0 0 1 0 -300 
1 0 1 0 0 0 -1 
1 0 -1 0 1 0 -1 
1 0 0 0 0 1 -500 

--- Dep 12 from S3 to S3; satisfied: 0, sat level: -1; Type: WAR
on variable: C
Dependence polyhedron
11 10
0 0 0 -1 0 0 1 0 0 1 
0 0 -1 0 0 1 0 0 0 0 
0 -1 0 0 1 0 0 0 0 -2 
1 1 0 0 0 0 0 0 0 -2 
1 -1 0 0 0 0 0 1 0 -5 
1 0 0 0 0 0 0 1 0 -300 
1 0 1 0 0 0 0 0 0 -1 
1 0 -1 0 0 0 0 1 0 -1 
1 0 0 0 0 0 0 0 1 -500 
1 0 0 1 0 0 0 0 0 -2 
1 0 0 -1 0 0 0 0 1 -1 

--- Dep 13 from S1 to S3; satisfied: 0, sat level: -1; Type: WAR
on variable: C
Dependence polyhedron
12 10
0 0 -1 0 0 0 1 0 0 0 
0 -1 0 0 0 1 0 0 0 0 
0 -1 0 0 1 0 0 0 0 -1 
1 1 0 0 0 0 0 0 0 -2 
1 -1 0 0 0 0 0 1 0 -4 
1 0 0 0 0 0 0 1 0 -300 
1 0 1 0 0 0 0 0 0 -1 
1 0 -1 0 0 0 0 1 0 -1 
1 0 0 -1 0 0 0 1 0 -1 
1 0 0 1 0 0 0 0 0 0 
1 0 0 0 0 0 0 0 1 -500 
1 0 -1 0 0 0 0 0 1 -1 

--- Dep 14 from S3 to S4; satisfied: 0, sat level: -1; Type: WAR
on variable: F
Dependence polyhedron
10 9
0 0 -1 0 0 1 0 0 0 
0 -1 0 0 1 0 0 0 -1 
1 1 0 0 0 0 0 0 -2 
1 -1 0 0 0 0 1 0 -4 
1 0 0 0 0 0 1 0 -300 
1 0 1 0 0 0 0 0 -1 
1 0 -1 0 0 0 1 0 -1 
1 0 0 0 0 0 0 1 -500 
1 0 0 1 0 0 0 0 -1 
1 0 0 -1 0 0 0 1 -1 

--- Dep 15 from S3 to S2; satisfied: 0, sat level: -1; Type: WAR
on variable: D
Dependence polyhedron
10 9
0 -1 0 0 0 1 0 0 0 
0 -1 0 1 0 0 0 0 -1 
1 1 0 0 0 0 0 0 -2 
1 -1 0 0 1 0 0 0 -1 
1 0 0 0 0 0 1 0 -300 
1 0 1 0 0 0 0 0 -1 
1 0 -1 0 0 0 1 0 -1 
1 0 0 0 0 0 0 1 -500 
1 0 0 0 -1 0 1 0 -3 
1 -1 0 0 0 0 0 1 -2 

--- Dep 16 from S3 to S2; satisfied: 0, sat level: -1; Type: WAR
on variable: D
Dependence polyhedron
9 9
0 -1 0 0 0 1 0 0 0 
0 -1 0 0 1 0 0 0 0 
0 -1 0 1 0 0 0 0 -1 
1 1 -1 0 0 0 0 0 -1 
1 -1 0 0 0 0 1 0 -3 
1 0 0 0 0 0 1 0 -300 
1 0 1 0 0 0 0 0 -1 
1 -1 0 0 0 0 0 1 -2 
1 0 0 0 0 0 0 1 -500 

--- Dep 17 from S2 to S2; satisfied: 0, sat level: -1; Type: WAW
on variable: D
Dependence polyhedron
10 8
0 0 -1 0 1 0 0 0 
1 1 0 0 0 0 0 -2 
1 -1 0 0 0 1 0 -3 
1 0 0 0 0 1 0 -300 
1 0 1 0 0 0 0 -1 
1 0 -1 0 0 1 0 -1 
1 0 0 0 0 0 1 -500 
1 0 0 1 0 0 0 -2 
1 0 0 -1 0 1 0 -3 
1 -1 0 1 0 0 0 -1 

--- Dep 18 from S1 to S1; satisfied: 0, sat level: -1; Type: WAW
on variable: A
Dependence polyhedron
13 10
0 0 -1 0 0 1 0 0 0 0 
0 -1 0 0 1 0 0 0 0 0 
1 1 0 0 0 0 0 0 0 -2 
1 -1 0 0 0 0 0 1 0 -3 
1 0 0 0 0 0 0 1 0 -300 
1 0 1 0 0 0 0 0 0 -1 
1 0 -1 0 0 0 0 1 0 -1 
1 0 0 -1 0 0 0 1 0 -1 
1 0 0 1 0 0 0 0 0 0 
1 0 0 0 0 0 0 0 1 -500 
1 0 0 0 0 0 1 0 0 0 
1 0 0 0 0 0 -1 1 0 -1 
1 0 0 -1 0 0 1 0 0 -1 


[zyj-debug] After affine transformations
T(S1): (i, 3, zT3, zT4, j, k, 4)
loop types (loop, scalar, loop, loop, loop, loop, scalar)

T(S2): (i, 0, zT2+zT3, zT3, j+1, i, 2)
loop types (loop, scalar, loop, loop, loop, loop, scalar)

T(S3): (i, 0, zT3+zT4, zT4, l, j, 3)
loop types (loop, scalar, loop, loop, loop, loop, scalar)

T(S4): (i, 1, zT2, j, 0, 1, 0)
loop types (loop, scalar, loop, loop, scalar, scalar, scalar)

T(S5): (i, 2, 0, 0, 0, 0, 0)
loop types (loop, scalar, scalar, scalar, scalar, scalar, scalar)

t1 --> serial   loop   (band 0)no-ujam
t2 --> fwd_dep  scalar (band 1)no-ujam
t3 --> fwd_dep  loop   (band 1)no-ujam
t4 --> fwd_dep  loop   (band 1)no-ujam
t5 --> fwd_dep  loop   (band 1)no-ujam
t6 --> fwd_dep  loop   (band 1)no-ujam
t7 --> fwd_dep  scalar (band 2)no-ujam

