[zyj-debug] Before affine transformations
nvar = 3, npar = 2
Parameters: PB_M PB_L 
S1 "A[j][j-1] = B[i][i+1] - A[i][j] + 2;"
ndims: 2; orig_depth: 2
iterators: i, j
Index set
6 6
1 1 0 0 0 0 
1 -1 0 1 0 -1 
1 0 0 1 0 -1 
1 0 1 0 0 -1 
1 0 -1 1 0 -1 
1 0 0 1 0 -2 
T(S1): (0, i, 0, j, 0, 0, 0)
loop types (loop, loop, loop, loop, loop, scalar, scalar)

Read accesses
B[i][i+1]
A[i][j]
Write accesses
A[j][j-1]
Original loop: 0 -> yes
Original loop: 1 -> yes

S2 "C[k][l+1][k] = D[i][k][l] - 6;"
ndims: 3; orig_depth: 3
iterators: i, k, l
Index set
9 7
1 1 0 0 0 0 0 
1 -1 0 0 1 0 -1 
1 0 0 0 1 0 -1 
1 0 1 0 0 0 0 
1 1 -1 0 0 0 -1 
1 1 0 0 0 0 -1 
1 0 0 1 0 0 0 
1 0 0 -1 0 1 -2 
1 0 0 0 0 1 -2 
T(S2): (0, i, 1, k, 0, l, 0)
loop types (loop, loop, loop, loop, loop, loop, loop)

Read accesses
D[i][k][l]
Write accesses
C[k][l+1][k]
Original loop: 0 -> yes
Original loop: 1 -> yes
Original loop: 2 -> yes

S3 "E[n] = 3;"
ndims: 2; orig_depth: 2
iterators: m, n
Index set
5 6
1 1 0 0 0 -1 
1 -1 0 1 0 -1 
1 0 0 1 0 -2 
1 0 1 0 0 0 
1 1 -1 0 0 -1 
T(S3): (1, m, 0, n, 0, 0, 0)
loop types (loop, loop, loop, loop, loop, scalar, scalar)

No Read accesses
Write accesses
E[n]
Original loop: 0 -> yes
Original loop: 1 -> yes

S4 "A[m][m] = A[m][m-1] - 2;"
ndims: 2; orig_depth: 2
iterators: m, n
Index set
5 6
1 1 0 0 0 -1 
1 -1 0 1 0 -1 
1 0 0 1 0 -2 
1 0 1 0 0 0 
1 1 -1 0 0 -1 
T(S4): (1, m, 0, n, 1, 0, 0)
loop types (loop, loop, loop, loop, loop, scalar, scalar)

Read accesses
A[m][m-1]
Write accesses
A[m][m]
Original loop: 0 -> yes
Original loop: 1 -> yes

S5 "E[m] = E[m-1] + E[m] - A[o][m] + 4;"
ndims: 2; orig_depth: 2
iterators: m, o
Index set
5 6
1 1 0 0 0 -1 
1 -1 0 1 0 -1 
1 0 0 1 0 -2 
1 0 1 0 0 0 
1 1 -1 0 0 -1 
T(S5): (1, m, 1, o, 0, 0, 0)
loop types (loop, loop, loop, loop, loop, scalar, scalar)

Read accesses
E[m-1]
E[m]
A[o][m]
Write accesses
E[m]
Original loop: 0 -> yes
Original loop: 1 -> yes

--- Dep 1 from S1 to S4; satisfied: 0, sat level: -1; Type: RAW
on variable: A
Dependence polyhedron
9 8
0 0 -1 1 0 0 0 0 
1 1 0 0 0 0 0 0 
1 -1 0 0 0 1 0 -1 
1 0 0 0 0 1 0 -400 
1 0 1 0 0 0 0 -1 
1 0 -1 0 0 1 0 -1 
1 0 0 0 0 0 1 -500 
1 0 1 0 -1 0 0 -1 
1 0 0 0 1 0 0 0 

--- Dep 2 from S5 to S5; satisfied: 0, sat level: -1; Type: RAW
on variable: E
Dependence polyhedron
9 8
0 -1 0 1 0 0 0 -1 
1 1 0 0 0 0 0 -1 
1 -1 0 0 0 1 0 -2 
1 0 0 0 0 1 0 -400 
1 0 1 0 0 0 0 0 
1 1 -1 0 0 0 0 -1 
1 0 0 0 0 0 1 -500 
1 1 0 0 -1 0 0 0 
1 0 0 0 1 0 0 0 

--- Dep 3 from S5 to S5; satisfied: 0, sat level: -1; Type: RAW
on variable: E
Dependence polyhedron
10 8
0 -1 0 1 0 0 0 0 
1 1 0 0 0 0 0 -1 
1 -1 0 0 0 1 0 -1 
1 0 0 0 0 1 0 -400 
1 0 1 0 0 0 0 0 
1 1 -1 0 0 0 0 -1 
1 0 0 0 0 0 1 -500 
1 1 0 0 -1 0 0 -1 
1 0 0 0 1 0 0 0 
1 0 -1 0 1 0 0 -1 

--- Dep 4 from S1 to S1; satisfied: 0, sat level: -1; Type: RAW
on variable: A
Dependence polyhedron
9 8
0 0 -1 0 1 0 0 1 
0 0 -1 1 0 0 0 0 
1 1 0 0 0 0 0 0 
1 -1 0 0 0 1 0 -1 
1 0 0 0 0 1 0 -400 
1 0 1 0 0 0 0 -2 
1 0 -1 0 0 1 0 -1 
1 0 0 0 0 0 1 -500 
1 -1 1 0 0 0 0 -1 

--- Dep 5 from S3 to S5; satisfied: 0, sat level: -1; Type: RAW
on variable: E
Dependence polyhedron
8 8
0 -1 0 1 0 0 0 0 
0 -1 1 0 0 0 0 1 
1 1 0 0 0 0 0 -1 
1 -1 0 0 0 1 0 -1 
1 0 0 0 0 1 0 -400 
1 1 0 0 -1 0 0 -1 
1 0 0 0 1 0 0 0 
1 0 0 0 0 0 1 -500 

--- Dep 6 from S5 to S3; satisfied: 0, sat level: -1; Type: WAR
on variable: E
Dependence polyhedron
10 8
0 -1 0 0 1 0 0 1 
1 1 0 0 0 0 0 -1 
1 -1 0 0 0 1 0 -1 
1 0 0 0 0 1 0 -400 
1 0 1 0 0 0 0 0 
1 1 -1 0 0 0 0 -1 
1 0 0 0 0 0 1 -500 
1 0 0 1 0 0 0 -1 
1 0 0 -1 0 1 0 -1 
1 -1 0 1 0 0 0 -1 

--- Dep 7 from S5 to S5; satisfied: 0, sat level: -1; Type: WAR
on variable: E
Dependence polyhedron
10 8
0 -1 0 1 0 0 0 0 
1 1 0 0 0 0 0 -1 
1 -1 0 0 0 1 0 -1 
1 0 0 0 0 1 0 -400 
1 0 1 0 0 0 0 0 
1 1 -1 0 0 0 0 -1 
1 0 0 0 0 0 1 -500 
1 1 0 0 -1 0 0 -1 
1 0 0 0 1 0 0 0 
1 0 -1 0 1 0 0 -1 

--- Dep 8 from S5 to S3; satisfied: 0, sat level: -1; Type: WAR
on variable: E
Dependence polyhedron
10 8
0 -1 0 0 1 0 0 0 
1 1 0 0 0 0 0 -1 
1 -1 0 0 0 1 0 -1 
1 0 0 0 0 1 0 -400 
1 0 1 0 0 0 0 0 
1 1 -1 0 0 0 0 -1 
1 0 0 0 0 0 1 -500 
1 0 0 1 0 0 0 -1 
1 0 0 -1 0 1 0 -1 
1 -1 0 1 0 0 0 -1 

--- Dep 9 from S1 to S1; satisfied: 0, sat level: -1; Type: WAR
on variable: A
Dependence polyhedron
7 8
0 -1 0 0 1 0 0 0 
0 -1 1 0 0 0 0 1 
1 1 0 0 0 0 0 -2 
1 -1 0 1 0 0 0 0 
1 0 0 0 0 1 0 -400 
1 0 0 0 0 0 1 -500 
1 0 0 -1 0 1 0 -1 

--- Dep 10 from S1 to S4; satisfied: 0, sat level: -1; Type: WAR
on variable: A
Dependence polyhedron
8 8
0 -1 0 1 0 0 0 0 
0 -1 1 0 0 0 0 0 
1 1 0 0 0 0 0 -1 
1 -1 0 0 0 1 0 -1 
1 0 0 0 0 1 0 -400 
1 0 0 0 0 0 1 -500 
1 1 0 0 -1 0 0 -1 
1 0 0 0 1 0 0 0 

--- Dep 11 from S2 to S2; satisfied: 0, sat level: -1; Type: WAW
on variable: C
Dependence polyhedron
14 10
0 0 0 -1 0 0 1 0 0 0 
0 0 -1 0 0 1 0 0 0 0 
1 1 0 0 0 0 0 0 0 -1 
1 -1 0 0 0 0 0 1 0 -1 
1 0 0 0 0 0 0 1 0 -400 
1 0 1 0 0 0 0 0 0 0 
1 1 -1 0 0 0 0 0 0 -1 
1 0 0 0 0 0 0 0 1 -500 
1 0 0 1 0 0 0 0 0 0 
1 0 0 -1 0 0 0 0 1 -2 
1 0 0 0 1 0 0 0 0 -1 
1 0 0 0 -1 0 0 1 0 -1 
1 0 -1 0 1 0 0 0 0 -1 
1 -1 0 0 1 0 0 0 0 -1 

--- Dep 12 from S3 to S3; satisfied: 0, sat level: -1; Type: WAW
on variable: E
Dependence polyhedron
11 8
0 0 -1 0 1 0 0 0 
1 1 0 0 0 0 0 -1 
1 -1 0 0 0 1 0 -1 
1 0 0 0 0 1 0 -400 
1 0 1 0 0 0 0 0 
1 1 -1 0 0 0 0 -1 
1 0 0 0 0 0 1 -500 
1 0 0 1 0 0 0 -1 
1 0 0 -1 0 1 0 -1 
1 0 -1 1 0 0 0 -1 
1 -1 0 1 0 0 0 -1 

--- Dep 13 from S5 to S3; satisfied: 0, sat level: -1; Type: WAW
on variable: E
Dependence polyhedron
10 8
0 -1 0 0 1 0 0 0 
1 1 0 0 0 0 0 -1 
1 -1 0 0 0 1 0 -1 
1 0 0 0 0 1 0 -400 
1 0 1 0 0 0 0 0 
1 1 -1 0 0 0 0 -1 
1 0 0 0 0 0 1 -500 
1 0 0 1 0 0 0 -1 
1 0 0 -1 0 1 0 -1 
1 -1 0 1 0 0 0 -1 

--- Dep 14 from S1 to S1; satisfied: 0, sat level: -1; Type: WAW
on variable: A
Dependence polyhedron
10 8
0 0 -1 0 1 0 0 0 
1 1 0 0 0 0 0 0 
1 -1 0 0 0 1 0 -1 
1 0 0 0 0 1 0 -400 
1 0 1 0 0 0 0 -1 
1 0 -1 0 0 1 0 -1 
1 0 0 0 0 0 1 -500 
1 0 0 1 0 0 0 0 
1 0 0 -1 0 1 0 -1 
1 -1 0 1 0 0 0 -1 

--- Dep 15 from S5 to S5; satisfied: 0, sat level: -1; Type: WAW
on variable: E
Dependence polyhedron
10 8
0 -1 0 1 0 0 0 0 
1 1 0 0 0 0 0 -1 
1 -1 0 0 0 1 0 -1 
1 0 0 0 0 1 0 -400 
1 0 1 0 0 0 0 0 
1 1 -1 0 0 0 0 -1 
1 0 0 0 0 0 1 -500 
1 1 0 0 -1 0 0 -1 
1 0 0 0 1 0 0 0 
1 0 -1 0 1 0 0 -1 

--- Dep 16 from S4 to S4; satisfied: 0, sat level: -1; Type: WAW
on variable: A
Dependence polyhedron
10 8
0 -1 0 1 0 0 0 0 
1 1 0 0 0 0 0 -1 
1 -1 0 0 0 1 0 -1 
1 0 0 0 0 1 0 -400 
1 0 1 0 0 0 0 0 
1 1 -1 0 0 0 0 -1 
1 0 0 0 0 0 1 -500 
1 1 0 0 -1 0 0 -1 
1 0 0 0 1 0 0 0 
1 0 -1 0 1 0 0 -1 


[zyj-debug] After affine transformations
T(S1): (0, i, zT2, 0, j, 0)
loop types (scalar, loop, loop, scalar, loop, scalar)

T(S2): (0, i, zT3, zT4, k, l)
loop types (scalar, loop, loop, loop, loop, loop)

T(S3): (0, m, zT2, 0, n, 0)
loop types (scalar, loop, loop, scalar, loop, scalar)

T(S4): (1, zT2, zT3, m, n, 0)
loop types (scalar, loop, loop, loop, loop, scalar)

T(S5): (0, m, zT2, 0, m+o, 0)
loop types (scalar, loop, loop, scalar, loop, scalar)

t1 --> fwd_dep  scalar (band 0)no-ujam
t2 --> serial   loop   (band 0)no-ujam
t3 --> fwd_dep  loop   (band 1)no-ujam
t4 --> parallel loop   (band 1)no-ujam
t5 --> fwd_dep  loop   (band 1)no-ujam
t6 --> parallel loop   (band 1)no-ujam

Warning: parallel poly loop not found in AST
