[zyj-debug] Before affine transformations
nvar = 2, npar = 3
Parameters: PB_N PB_P PB_L 
S1 "A[j-1][i] = A[j-2][i-2] + B[i] + C[i][j] * 2;"
ndims: 2; orig_depth: 2
iterators: i, j
Index set
8 7
1 1 0 0 0 0 -2 
1 -1 0 1 0 0 -1 
1 0 0 1 0 0 -3 
1 0 1 0 0 0 -2 
1 1 -1 0 0 0 -1 
1 0 -1 0 1 0 -1 
1 1 0 0 0 0 -3 
1 0 0 0 1 0 -3 
T(S1): (0, i, 0, j, 0)
loop types (loop, loop, loop, loop, loop)

Read accesses
A[j-2][i-2]
B[i]
C[i][j]
Write accesses
A[j-1][i]
Original loop: 0 -> yes
Original loop: 1 -> yes

S2 "A[i][k-1] = C[k][k] + 6;"
ndims: 2; orig_depth: 2
iterators: i, k
Index set
7 7
1 1 0 0 0 0 -2 
1 -1 0 1 0 0 -1 
1 0 0 1 0 0 -3 
1 0 1 0 0 0 -1 
1 1 -1 0 0 0 -1 
1 0 -1 0 1 0 -1 
1 0 0 0 1 0 -2 
T(S2): (0, i, 1, k, 0)
loop types (loop, loop, loop, loop, loop)

Read accesses
C[k][k]
Write accesses
A[i][k-1]
Original loop: 0 -> yes
Original loop: 1 -> yes

S3 "B[i] = D[i] - 3;"
ndims: 1; orig_depth: 1
iterators: i
Index set
3 6
1 1 0 0 0 -2 
1 -1 1 0 0 -1 
1 0 1 0 0 -3 
T(S3): (0, i, 2, 0, 0)
loop types (loop, loop, loop, scalar, scalar)

Read accesses
D[i]
Write accesses
B[i]
Original loop: 0 -> yes

S4 "D[l-1] = D[l-1] * D[l-1] - B[l] + B[l+1] + 3;"
ndims: 1; orig_depth: 1
iterators: l
Index set
3 6
1 1 0 0 0 -1 
1 -1 0 1 0 -1 
1 0 0 1 0 -2 
T(S4): (1, l, 0, 0, 0)
loop types (loop, loop, loop, scalar, scalar)

Read accesses
D[l-1]
D[l-1]
B[l]
B[l+1]
Write accesses
D[l-1]
Original loop: 0 -> yes

S5 "D[l-1] = D[l] + D[l] - C[m][l] + 1;"
ndims: 2; orig_depth: 2
iterators: l, m
Index set
6 7
1 1 0 0 0 0 -1 
1 -1 0 0 1 0 -1 
1 0 0 0 1 0 -2 
1 0 1 0 0 0 0 
1 0 -1 0 0 1 -1 
1 0 0 0 0 1 -1 
T(S5): (1, l, 1, m, 0)
loop types (loop, loop, loop, loop, loop)

Read accesses
D[l]
D[l]
C[m][l]
Write accesses
D[l-1]
Original loop: 0 -> yes
Original loop: 1 -> yes

--- Dep 1 from S3 to S4; satisfied: 0, sat level: -1; Type: RAW
on variable: B
Dependence polyhedron
7 7
0 -1 1 0 0 0 0 
1 1 0 0 0 0 -2 
1 -1 0 1 0 0 -1 
1 0 0 1 0 0 -9000 
1 0 0 0 1 0 -6000 
1 0 0 0 0 1 -10000 
1 -1 0 0 1 0 -1 

--- Dep 2 from S1 to S1; satisfied: 0, sat level: -1; Type: RAW
on variable: A
Dependence polyhedron
10 9
0 0 -1 0 1 0 0 0 -1 
0 -1 0 1 0 0 0 0 -2 
1 1 0 0 0 0 0 0 -3 
1 -1 0 0 0 1 0 0 -3 
1 0 0 0 0 1 0 0 -9000 
1 0 1 0 0 0 0 0 -2 
1 1 -1 0 0 0 0 0 -1 
1 0 -1 0 0 0 1 0 -2 
1 0 0 0 0 0 1 0 -6000 
1 0 0 0 0 0 0 1 -10000 

--- Dep 3 from S3 to S4; satisfied: 0, sat level: -1; Type: RAW
on variable: B
Dependence polyhedron
7 7
0 -1 1 0 0 0 1 
1 1 0 0 0 0 -2 
1 -1 0 1 0 0 -1 
1 0 0 1 0 0 -9000 
1 0 0 0 1 0 -6000 
1 0 0 0 0 1 -10000 
1 -1 0 0 1 0 0 

--- Dep 4 from S5 to S5; satisfied: 0, sat level: -1; Type: WAR
on variable: D
Dependence polyhedron
10 9
0 -1 0 1 0 0 0 0 -1 
1 1 0 0 0 0 0 0 -1 
1 -1 0 0 0 0 1 0 -2 
1 0 0 0 0 0 1 0 -6000 
1 0 1 0 0 0 0 0 0 
1 0 -1 0 0 0 0 1 -1 
1 0 0 0 0 0 0 1 -10000 
1 0 0 0 0 1 0 0 -9000 
1 0 0 0 -1 0 0 1 -1 
1 0 0 0 1 0 0 0 0 

--- Dep 5 from S4 to S5; satisfied: 0, sat level: -1; Type: WAR
on variable: D
Dependence polyhedron
8 8
0 -1 1 0 0 0 0 0 
1 1 0 0 0 0 0 -1 
1 -1 0 0 0 1 0 -1 
1 0 0 0 0 1 0 -6000 
1 0 0 0 1 0 0 -9000 
1 0 0 0 0 0 1 -10000 
1 0 0 -1 0 0 1 -1 
1 0 0 1 0 0 0 0 

--- Dep 6 from S4 to S5; satisfied: 0, sat level: -1; Type: WAR
on variable: D
Dependence polyhedron
8 8
0 -1 1 0 0 0 0 0 
1 1 0 0 0 0 0 -1 
1 -1 0 0 0 1 0 -1 
1 0 0 0 0 1 0 -6000 
1 0 0 0 1 0 0 -9000 
1 0 0 0 0 0 1 -10000 
1 0 0 -1 0 0 1 -1 
1 0 0 1 0 0 0 0 

--- Dep 7 from S3 to S5; satisfied: 0, sat level: -1; Type: WAR
on variable: D
Dependence polyhedron
9 8
0 -1 1 0 0 0 0 -1 
1 1 0 0 0 0 0 -2 
1 -1 0 0 1 0 0 -1 
1 0 0 0 1 0 0 -9000 
1 0 0 0 0 1 0 -6000 
1 0 0 0 0 0 1 -10000 
1 0 0 -1 0 0 1 -1 
1 -1 0 0 0 1 0 -2 
1 0 0 1 0 0 0 0 

--- Dep 8 from S5 to S5; satisfied: 0, sat level: -1; Type: WAR
on variable: D
Dependence polyhedron
10 9
0 -1 0 1 0 0 0 0 -1 
1 1 0 0 0 0 0 0 -1 
1 -1 0 0 0 0 1 0 -2 
1 0 0 0 0 0 1 0 -6000 
1 0 1 0 0 0 0 0 0 
1 0 -1 0 0 0 0 1 -1 
1 0 0 0 0 0 0 1 -10000 
1 0 0 0 0 1 0 0 -9000 
1 0 0 0 -1 0 0 1 -1 
1 0 0 0 1 0 0 0 0 

--- Dep 9 from S1 to S3; satisfied: 0, sat level: -1; Type: WAR
on variable: B
Dependence polyhedron
9 8
0 -1 0 1 0 0 0 0 
1 1 0 0 0 0 0 -3 
1 -1 0 0 1 0 0 -1 
1 0 0 0 1 0 0 -9000 
1 0 1 0 0 0 0 -2 
1 1 -1 0 0 0 0 -1 
1 0 -1 0 0 1 0 -1 
1 0 0 0 0 1 0 -6000 
1 0 0 0 0 0 1 -10000 

--- Dep 10 from S5 to S4; satisfied: 0, sat level: -1; Type: WAR
on variable: D
Dependence polyhedron
8 8
0 -1 0 1 0 0 0 -1 
1 1 0 0 0 0 0 -1 
1 -1 0 0 0 1 0 -2 
1 0 0 0 0 1 0 -6000 
1 0 1 0 0 0 0 0 
1 0 -1 0 0 0 1 -1 
1 0 0 0 0 0 1 -10000 
1 0 0 0 1 0 0 -9000 

--- Dep 11 from S5 to S4; satisfied: 0, sat level: -1; Type: WAR
on variable: D
Dependence polyhedron
8 8
0 -1 0 1 0 0 0 -1 
1 1 0 0 0 0 0 -1 
1 -1 0 0 0 1 0 -2 
1 0 0 0 0 1 0 -6000 
1 0 1 0 0 0 0 0 
1 0 -1 0 0 0 1 -1 
1 0 0 0 0 0 1 -10000 
1 0 0 0 1 0 0 -9000 

--- Dep 12 from S3 to S4; satisfied: 0, sat level: -1; Type: WAR
on variable: D
Dependence polyhedron
7 7
0 -1 1 0 0 0 -1 
1 1 0 0 0 0 -2 
1 -1 0 1 0 0 -1 
1 0 0 1 0 0 -9000 
1 0 0 0 1 0 -6000 
1 0 0 0 0 1 -10000 
1 -1 0 0 1 0 -2 

--- Dep 13 from S5 to S5; satisfied: 0, sat level: -1; Type: WAW
on variable: D
Dependence polyhedron
11 9
0 -1 0 1 0 0 0 0 0 
1 1 0 0 0 0 0 0 -1 
1 -1 0 0 0 0 1 0 -1 
1 0 0 0 0 0 1 0 -6000 
1 0 1 0 0 0 0 0 0 
1 0 -1 0 0 0 0 1 -1 
1 0 0 0 0 0 0 1 -10000 
1 0 0 0 0 1 0 0 -9000 
1 0 0 0 -1 0 0 1 -1 
1 0 0 0 1 0 0 0 0 
1 0 -1 0 1 0 0 0 -1 

--- Dep 14 from S4 to S5; satisfied: 0, sat level: -1; Type: WAW
on variable: D
Dependence polyhedron
8 8
0 -1 1 0 0 0 0 0 
1 1 0 0 0 0 0 -1 
1 -1 0 0 0 1 0 -1 
1 0 0 0 0 1 0 -6000 
1 0 0 0 1 0 0 -9000 
1 0 0 0 0 0 1 -10000 
1 0 0 -1 0 0 1 -1 
1 0 0 1 0 0 0 0 


[zyj-debug] After affine transformations
T(S1): (0, zT2+zT3, zT3, j, i, 4)
loop types (scalar, loop, loop, loop, loop, scalar)

T(S2): (0, zT2+zT3, zT3, i, k, 3)
loop types (scalar, loop, loop, loop, loop, scalar)

T(S3): (1, zT1, i, 0, 2, 0)
loop types (scalar, loop, loop, scalar, scalar, scalar)

T(S4): (2, l, 0, 0, 0, 0)
loop types (scalar, loop, scalar, scalar, scalar, scalar)

T(S5): (2, l, m, 1, 0, 0)
loop types (scalar, loop, loop, scalar, scalar, scalar)

t1 --> fwd_dep  scalar (band 0)no-ujam
t2 --> serial   loop   (band 0)no-ujam
t3 --> fwd_dep  loop   (band 1)no-ujam
t4 --> fwd_dep  loop   (band 1)no-ujam
t5 --> parallel loop   (band 1)no-ujam
t6 --> parallel scalar (band 1)no-ujam

