[zyj-debug] Before affine transformations
nvar = 3, npar = 2
Parameters: PB_P PB_M 
S1 "D[i+1][j] = B[j+1][k][j] + C[j][i] * 3;"
ndims: 3; orig_depth: 3
iterators: i, j, k
Index set
9 7
1 1 0 0 0 0 0 
1 -1 0 0 1 0 -1 
1 0 0 0 1 0 -1 
1 0 1 0 0 0 -1 
1 1 -1 0 0 0 -1 
1 1 0 0 0 0 -2 
1 0 0 1 0 0 0 
1 0 0 -1 0 1 -1 
1 0 0 0 0 1 -1 
T(S1): (0, i, 0, j, 0, k, 0)
loop types (loop, loop, loop, loop, loop, loop, loop)

Read accesses
B[j+1][k][j]
C[j][i]
Write accesses
D[i+1][j]
Original loop: 0 -> yes
Original loop: 1 -> yes
Original loop: 2 -> yes

S2 "D[i+1][j] = E[i+1] * D[i][j-1] - 6;"
ndims: 2; orig_depth: 2
iterators: i, j
Index set
6 6
1 1 0 0 0 0 
1 -1 0 1 0 -1 
1 0 0 1 0 -1 
1 0 1 0 0 -1 
1 1 -1 0 0 -1 
1 1 0 0 0 -2 
T(S2): (0, i, 0, j, 1, 0, 0)
loop types (loop, loop, loop, loop, loop, scalar, scalar)

Read accesses
E[i+1]
D[i][j-1]
Write accesses
D[i+1][j]
Original loop: 0 -> yes
Original loop: 1 -> yes

S3 "E[i+1] = E[i+2] * F[i+1] - 2;"
ndims: 1; orig_depth: 1
iterators: i
Index set
3 5
1 1 0 0 0 
1 -1 1 0 -1 
1 0 1 0 -1 
T(S3): (0, i, 1, 0, 0, 0, 0)
loop types (loop, loop, loop, scalar, scalar, scalar, scalar)

Read accesses
E[i+2]
F[i+1]
Write accesses
E[i+1]
Original loop: 0 -> yes

S4 "B[l+1][m+1][n] = B[l+1][m+1][n+1] + B[l-1][m+1][n] - 2;"
ndims: 3; orig_depth: 3
iterators: l, m, n
Index set
8 7
1 1 0 0 0 0 -1 
1 -1 0 0 0 1 -2 
1 0 0 0 0 1 -3 
1 0 1 0 0 0 0 
1 1 -1 0 0 0 -1 
1 0 0 1 0 0 0 
1 0 0 -1 0 1 -2 
1 0 0 0 0 1 -2 
T(S4): (1, l, 0, m, 0, n, 0)
loop types (loop, loop, loop, loop, loop, loop, loop)

Read accesses
B[l+1][m+1][n+1]
B[l-1][m+1][n]
Write accesses
B[l+1][m+1][n]
Original loop: 0 -> yes
Original loop: 1 -> yes
Original loop: 2 -> yes

S5 "C[o+1][o] = C[o+1][o] * C[o+1][o] - 1;"
ndims: 2; orig_depth: 2
iterators: l, o
Index set
6 6
1 1 0 0 0 -1 
1 -1 0 0 1 -2 
1 0 0 0 1 -3 
1 0 1 0 0 0 
1 0 -1 1 0 -1 
1 0 0 1 0 -1 
T(S5): (1, l, 1, o, 0, 0, 0)
loop types (loop, loop, loop, loop, loop, scalar, scalar)

Read accesses
C[o+1][o]
C[o+1][o]
Write accesses
C[o+1][o]
Original loop: 0 -> yes
Original loop: 1 -> yes

--- Dep 1 from S5 to S5; satisfied: 0, sat level: -1; Type: RAW
on variable: C
Dependence polyhedron
10 8
0 0 -1 0 1 0 0 0 
1 1 0 0 0 0 0 -1 
1 -1 0 0 0 0 1 -2 
1 0 0 0 0 0 1 -400 
1 0 1 0 0 0 0 0 
1 0 -1 0 0 1 0 -1 
1 0 0 0 0 1 0 -300 
1 0 0 1 0 0 0 -1 
1 0 0 -1 0 0 1 -2 
1 -1 0 1 0 0 0 -1 

--- Dep 2 from S4 to S4; satisfied: 0, sat level: -1; Type: RAW
on variable: B
Dependence polyhedron
11 10
0 0 0 -1 0 0 1 0 0 0 
0 0 -1 0 0 1 0 0 0 0 
0 -1 0 0 1 0 0 0 0 -2 
1 1 0 0 0 0 0 0 0 -1 
1 -1 0 0 0 0 0 0 1 -4 
1 0 0 0 0 0 0 0 1 -400 
1 0 1 0 0 0 0 0 0 0 
1 1 -1 0 0 0 0 0 0 -1 
1 0 0 1 0 0 0 0 0 0 
1 0 0 -1 0 0 0 0 1 -2 
1 0 0 0 0 0 0 1 0 -300 

--- Dep 3 from S1 to S2; satisfied: 0, sat level: -1; Type: RAW
on variable: D
Dependence polyhedron
10 9
0 0 -1 0 0 1 0 0 -1 
0 -1 0 0 1 0 0 0 -1 
1 1 0 0 0 0 0 0 -2 
1 -1 0 0 0 0 1 0 -2 
1 0 0 0 0 0 1 0 -300 
1 0 1 0 0 0 0 0 -1 
1 1 -1 0 0 0 0 0 -1 
1 0 0 0 0 0 0 1 -400 
1 0 0 1 0 0 0 0 0 
1 0 0 -1 0 0 0 1 -1 

--- Dep 4 from S2 to S2; satisfied: 0, sat level: -1; Type: RAW
on variable: D
Dependence polyhedron
8 8
0 0 -1 0 1 0 0 -1 
0 -1 0 1 0 0 0 -1 
1 1 0 0 0 0 0 -2 
1 -1 0 0 0 1 0 -2 
1 0 0 0 0 1 0 -300 
1 0 1 0 0 0 0 -1 
1 1 -1 0 0 0 0 -1 
1 0 0 0 0 0 1 -400 

--- Dep 5 from S5 to S5; satisfied: 0, sat level: -1; Type: RAW
on variable: C
Dependence polyhedron
10 8
0 0 -1 0 1 0 0 0 
1 1 0 0 0 0 0 -1 
1 -1 0 0 0 0 1 -2 
1 0 0 0 0 0 1 -400 
1 0 1 0 0 0 0 0 
1 0 -1 0 0 1 0 -1 
1 0 0 0 0 1 0 -300 
1 0 0 1 0 0 0 -1 
1 0 0 -1 0 0 1 -2 
1 -1 0 1 0 0 0 -1 

--- Dep 6 from S3 to S3; satisfied: 0, sat level: -1; Type: WAR
on variable: E
Dependence polyhedron
5 6
0 -1 1 0 0 -1 
1 1 0 0 0 0 
1 -1 0 1 0 -2 
1 0 0 1 0 -300 
1 0 0 0 1 -400 

--- Dep 7 from S4 to S4; satisfied: 0, sat level: -1; Type: WAR
on variable: B
Dependence polyhedron
11 10
0 0 0 -1 0 0 1 0 0 -1 
0 0 -1 0 0 1 0 0 0 0 
0 -1 0 0 1 0 0 0 0 0 
1 1 0 0 0 0 0 0 0 -1 
1 -1 0 0 0 0 0 0 1 -2 
1 0 0 0 0 0 0 0 1 -400 
1 0 1 0 0 0 0 0 0 0 
1 1 -1 0 0 0 0 0 0 -1 
1 0 0 1 0 0 0 0 0 0 
1 0 0 -1 0 0 0 0 1 -3 
1 0 0 0 0 0 0 1 0 -300 

--- Dep 8 from S1 to S4; satisfied: 0, sat level: -1; Type: WAR
on variable: B
Dependence polyhedron
13 10
0 0 -1 0 0 0 1 0 0 0 
0 0 0 -1 0 1 0 0 0 1 
0 0 -1 0 1 0 0 0 0 0 
1 1 0 0 0 0 0 0 0 -2 
1 -1 0 0 0 0 0 1 0 -1 
1 0 0 0 0 0 0 1 0 -300 
1 0 1 0 0 0 0 0 0 -1 
1 1 -1 0 0 0 0 0 0 -1 
1 0 0 0 0 0 0 0 1 -400 
1 0 0 1 0 0 0 0 0 -1 
1 0 0 -1 0 0 0 0 1 -1 
1 0 -1 0 0 0 0 0 1 -2 
1 0 1 -1 0 0 0 0 0 0 

--- Dep 9 from S5 to S5; satisfied: 0, sat level: -1; Type: WAR
on variable: C
Dependence polyhedron
10 8
0 0 -1 0 1 0 0 0 
1 1 0 0 0 0 0 -1 
1 -1 0 0 0 0 1 -2 
1 0 0 0 0 0 1 -400 
1 0 1 0 0 0 0 0 
1 0 -1 0 0 1 0 -1 
1 0 0 0 0 1 0 -300 
1 0 0 1 0 0 0 -1 
1 0 0 -1 0 0 1 -2 
1 -1 0 1 0 0 0 -1 

--- Dep 10 from S2 to S3; satisfied: 0, sat level: -1; Type: WAR
on variable: E
Dependence polyhedron
7 7
0 -1 0 1 0 0 0 
1 1 0 0 0 0 -2 
1 -1 0 0 1 0 -1 
1 0 0 0 1 0 -300 
1 0 1 0 0 0 -1 
1 1 -1 0 0 0 -1 
1 0 0 0 0 1 -400 

--- Dep 11 from S5 to S5; satisfied: 0, sat level: -1; Type: WAR
on variable: C
Dependence polyhedron
10 8
0 0 -1 0 1 0 0 0 
1 1 0 0 0 0 0 -1 
1 -1 0 0 0 0 1 -2 
1 0 0 0 0 0 1 -400 
1 0 1 0 0 0 0 0 
1 0 -1 0 0 1 0 -1 
1 0 0 0 0 1 0 -300 
1 0 0 1 0 0 0 -1 
1 0 0 -1 0 0 1 -2 
1 -1 0 1 0 0 0 -1 

--- Dep 12 from S5 to S5; satisfied: 0, sat level: -1; Type: WAW
on variable: C
Dependence polyhedron
10 8
0 0 -1 0 1 0 0 0 
1 1 0 0 0 0 0 -1 
1 -1 0 0 0 0 1 -2 
1 0 0 0 0 0 1 -400 
1 0 1 0 0 0 0 0 
1 0 -1 0 0 1 0 -1 
1 0 0 0 0 1 0 -300 
1 0 0 1 0 0 0 -1 
1 0 0 -1 0 0 1 -2 
1 -1 0 1 0 0 0 -1 

--- Dep 13 from S1 to S1; satisfied: 0, sat level: -1; Type: WAW
on variable: D
Dependence polyhedron
13 10
0 0 -1 0 0 1 0 0 0 0 
0 -1 0 0 1 0 0 0 0 0 
1 1 0 0 0 0 0 0 0 -2 
1 -1 0 0 0 0 0 1 0 -1 
1 0 0 0 0 0 0 1 0 -300 
1 0 1 0 0 0 0 0 0 -1 
1 1 -1 0 0 0 0 0 0 -1 
1 0 0 0 0 0 0 0 1 -400 
1 0 0 1 0 0 0 0 0 0 
1 0 0 -1 0 0 0 0 1 -1 
1 0 0 0 0 0 -1 0 1 -1 
1 0 0 0 0 0 1 0 0 0 
1 0 0 -1 0 0 1 0 0 -1 

--- Dep 14 from S1 to S2; satisfied: 0, sat level: -1; Type: WAW
on variable: D
Dependence polyhedron
10 9
0 0 -1 0 0 1 0 0 0 
0 -1 0 0 1 0 0 0 0 
1 1 0 0 0 0 0 0 -2 
1 -1 0 0 0 0 1 0 -1 
1 0 0 0 0 0 1 0 -300 
1 0 1 0 0 0 0 0 -1 
1 1 -1 0 0 0 0 0 -1 
1 0 0 0 0 0 0 1 -400 
1 0 0 1 0 0 0 0 0 
1 0 0 -1 0 0 0 1 -1 


[zyj-debug] After affine transformations
T(S1): (1, zT3+zT4, zT4, 0, zT5, j, k, 0, i)
loop types (scalar, loop, loop, scalar, loop, loop, loop, scalar, loop)

T(S2): (2, zT2+zT3, zT3, i, j, 0, 0, 0, 0)
loop types (scalar, loop, loop, loop, loop, scalar, scalar, scalar, scalar)

T(S3): (3, i, 0, 0, 0, 0, 0, 0, 0)
loop types (scalar, loop, scalar, scalar, scalar, scalar, scalar, scalar, scalar)

T(S4): (1, zT3+zT4, zT4, 1, zT5, n, l, 1, m)
loop types (scalar, loop, loop, scalar, loop, loop, loop, scalar, loop)

T(S5): (0, zT2, zT3, o, l, 0, 0, 0, 0)
loop types (scalar, loop, loop, loop, loop, scalar, scalar, scalar, scalar)

t1 --> fwd_dep  scalar (band 0)no-ujam
t2 --> fwd_dep  loop   (band 0)no-ujam
t3 --> fwd_dep  loop   (band 0)no-ujam
t4 --> fwd_dep  loop   (band 0)no-ujam
t5 --> fwd_dep  loop   (band 1)no-ujam
t6 --> fwd_dep  loop   (band 1)no-ujam
t7 --> fwd_dep  loop   (band 1)no-ujam
t8 --> parallel scalar (band 1)no-ujam
t9 --> parallel loop   (band 1)no-ujam

