[zyj-debug] Before affine transformations
nvar = 3, npar = 2
Parameters: PB_M PB_L 
S1 "A[j-1] = A[j-2] + A[j-2] - 4;"
ndims: 2; orig_depth: 2
iterators: i, j
Index set
5 6
1 1 0 0 0 -1 
1 -1 0 1 0 -1 
1 0 0 1 0 -2 
1 0 1 0 0 -2 
1 0 -1 1 0 0 
T(S1): (0, i, 0, j, 0, 0, 0)
loop types (loop, loop, loop, loop, loop, scalar, scalar)

Read accesses
A[j-2]
A[j-2]
Write accesses
A[j-1]
Original loop: 0 -> yes
Original loop: 1 -> yes

S2 "B[l][i][k] = B[l+2][i][k] + B[i][k][i] - B[l][i-1][i+1] - 2;"
ndims: 3; orig_depth: 3
iterators: i, k, l
Index set
9 7
1 1 0 0 0 0 -1 
1 -1 0 0 1 0 -1 
1 0 0 0 1 0 -2 
1 0 1 0 0 0 0 
1 0 -1 0 0 1 -1 
1 0 0 0 0 1 -1 
1 0 0 1 0 0 0 
1 0 0 -1 1 0 -3 
1 0 0 0 1 0 -3 
T(S2): (0, i, 1, k, 0, l, 0)
loop types (loop, loop, loop, loop, loop, loop, loop)

Read accesses
B[l+2][i][k]
B[i][k][i]
B[l][i-1][i+1]
Write accesses
B[l][i][k]
Original loop: 0 -> yes
Original loop: 1 -> yes
Original loop: 2 -> yes

S3 "B[o][m-1][m+1] = B[o-2][m-1][m+1] + B[n][o][m-1] + 6;"
ndims: 3; orig_depth: 3
iterators: m, n, o
Index set
8 7
1 1 0 0 0 0 -1 
1 -1 0 0 1 0 -3 
1 0 0 0 1 0 -4 
1 0 1 0 0 0 0 
1 1 -1 0 0 0 -1 
1 0 0 1 0 0 -2 
1 0 0 -1 1 0 -1 
1 0 0 0 1 0 -3 
T(S3): (1, m, 0, n, 0, o, 0)
loop types (loop, loop, loop, loop, loop, loop, loop)

Read accesses
B[o-2][m-1][m+1]
B[n][o][m-1]
Write accesses
B[o][m-1][m+1]
Original loop: 0 -> yes
Original loop: 1 -> yes
Original loop: 2 -> yes

S4 "A[m] = A[m] * A[m] + A[m] * 3;"
ndims: 1; orig_depth: 1
iterators: m
Index set
3 5
1 1 0 0 -1 
1 -1 1 0 -3 
1 0 1 0 -4 
T(S4): (1, m, 1, 0, 0, 0, 0)
loop types (loop, loop, loop, scalar, scalar, scalar, scalar)

Read accesses
A[m]
A[m]
A[m]
Write accesses
A[m]
Original loop: 0 -> yes

S5 "A[m+2] = A[m-1] * C[m][p] * 4;"
ndims: 2; orig_depth: 2
iterators: m, p
Index set
6 6
1 1 0 0 0 -1 
1 -1 0 1 0 -3 
1 0 0 1 0 -4 
1 0 1 0 0 0 
1 0 -1 0 1 -1 
1 0 0 0 1 -1 
T(S5): (1, m, 2, p, 0, 0, 0)
loop types (loop, loop, loop, loop, loop, scalar, scalar)

Read accesses
A[m-1]
C[m][p]
Write accesses
A[m+2]
Original loop: 0 -> yes
Original loop: 1 -> yes

--- Dep 1 from S1 to S4; satisfied: 0, sat level: -1; Type: RAW
on variable: A
Dependence polyhedron
7 7
0 0 -1 1 0 0 1 
1 1 0 0 0 0 -1 
1 -1 0 0 1 0 -1 
1 0 0 0 1 0 -300 
1 0 1 0 0 0 -2 
1 0 -1 0 1 0 -2 
1 0 0 0 0 1 -300 

--- Dep 2 from S4 to S5; satisfied: 0, sat level: -1; Type: RAW
on variable: A
Dependence polyhedron
7 7
0 -1 1 0 0 0 -1 
1 1 0 0 0 0 -1 
1 -1 0 0 1 0 -4 
1 0 0 0 1 0 -300 
1 0 0 0 0 1 -300 
1 0 0 -1 0 1 -1 
1 0 0 1 0 0 0 

--- Dep 3 from S1 to S4; satisfied: 0, sat level: -1; Type: RAW
on variable: A
Dependence polyhedron
7 7
0 0 -1 1 0 0 1 
1 1 0 0 0 0 -1 
1 -1 0 0 1 0 -1 
1 0 0 0 1 0 -300 
1 0 1 0 0 0 -2 
1 0 -1 0 1 0 -2 
1 0 0 0 0 1 -300 

--- Dep 4 from S5 to S4; satisfied: 0, sat level: -1; Type: RAW
on variable: A
Dependence polyhedron
7 7
0 -1 0 1 0 0 -2 
1 1 0 0 0 0 -1 
1 -1 0 0 1 0 -5 
1 0 0 0 1 0 -300 
1 0 1 0 0 0 0 
1 0 -1 0 0 1 -1 
1 0 0 0 0 1 -300 

--- Dep 5 from S2 to S2; satisfied: 0, sat level: -1; Type: RAW
on variable: B
Dependence polyhedron
11 10
0 -1 0 0 0 1 0 0 0 0 
0 0 -1 0 1 0 0 0 0 0 
0 0 -1 1 0 0 0 0 0 0 
1 1 0 0 0 0 0 0 0 -1 
1 0 0 0 0 0 1 0 0 0 
1 0 0 0 0 0 0 1 0 -300 
1 -1 1 0 0 0 0 0 0 -1 
1 0 -1 0 0 0 0 0 1 -1 
1 0 0 0 0 0 0 0 1 -300 
1 0 0 0 0 0 -1 1 0 -3 
1 0 -1 0 0 0 0 1 0 -3 

--- Dep 6 from S2 to S2; satisfied: 0, sat level: -1; Type: RAW
on variable: B
Dependence polyhedron
10 10
0 -1 0 0 0 1 0 0 0 0 
0 -1 0 0 1 0 0 0 0 0 
0 -1 0 1 0 0 0 0 0 0 
0 -1 1 0 0 0 0 0 0 0 
1 1 0 0 0 0 0 0 0 -1 
1 0 0 0 0 0 -1 1 0 -3 
1 0 0 0 0 0 0 1 0 -300 
1 -1 0 0 0 0 1 0 0 -1 
1 -1 0 0 0 0 0 0 1 -1 
1 0 0 0 0 0 0 0 1 -300 

--- Dep 7 from S3 to S3; satisfied: 0, sat level: -1; Type: RAW
on variable: B
Dependence polyhedron
10 10
0 0 0 -1 0 0 1 0 0 -2 
0 -1 0 0 1 0 0 0 0 0 
1 1 0 0 0 -1 0 0 0 -1 
1 -1 0 0 0 0 0 1 0 -3 
1 0 0 0 0 0 0 1 0 -300 
1 0 1 0 0 0 0 0 0 0 
1 0 -1 0 0 1 0 0 0 0 
1 0 0 1 0 0 0 0 0 -2 
1 0 0 -1 0 0 0 1 0 -3 
1 0 0 0 0 0 0 0 1 -300 

--- Dep 8 from S1 to S4; satisfied: 0, sat level: -1; Type: RAW
on variable: A
Dependence polyhedron
7 7
0 0 -1 1 0 0 1 
1 1 0 0 0 0 -1 
1 -1 0 0 1 0 -1 
1 0 0 0 1 0 -300 
1 0 1 0 0 0 -2 
1 0 -1 0 1 0 -2 
1 0 0 0 0 1 -300 

--- Dep 9 from S5 to S4; satisfied: 0, sat level: -1; Type: RAW
on variable: A
Dependence polyhedron
7 7
0 -1 0 1 0 0 -2 
1 1 0 0 0 0 -1 
1 -1 0 0 1 0 -5 
1 0 0 0 1 0 -300 
1 0 1 0 0 0 0 
1 0 -1 0 0 1 -1 
1 0 0 0 0 1 -300 

--- Dep 10 from S2 to S3; satisfied: 0, sat level: -1; Type: RAW
on variable: B
Dependence polyhedron
12 10
0 0 0 -1 0 0 1 0 0 -2 
0 -1 0 0 1 0 0 0 0 -1 
0 -1 1 0 0 0 0 0 0 -2 
1 1 0 0 0 0 0 0 0 -1 
1 -1 0 0 0 0 0 1 0 -4 
1 0 0 0 0 0 0 1 0 -300 
1 0 0 0 0 0 0 0 1 -300 
1 -1 0 0 0 0 0 0 1 -3 
1 0 0 -1 0 0 0 1 0 -3 
1 0 0 1 0 0 0 0 0 0 
1 1 0 0 0 -1 0 0 0 0 
1 0 0 0 0 1 0 0 0 0 

--- Dep 11 from S5 to S5; satisfied: 0, sat level: -1; Type: RAW
on variable: A
Dependence polyhedron
9 8
0 -1 0 1 0 0 0 -3 
1 1 0 0 0 0 0 -1 
1 -1 0 0 0 1 0 -6 
1 0 0 0 0 1 0 -300 
1 0 1 0 0 0 0 0 
1 0 -1 0 0 0 1 -1 
1 0 0 0 0 0 1 -300 
1 0 0 0 -1 0 1 -1 
1 0 0 0 1 0 0 0 

--- Dep 12 from S5 to S4; satisfied: 0, sat level: -1; Type: RAW
on variable: A
Dependence polyhedron
7 7
0 -1 0 1 0 0 -2 
1 1 0 0 0 0 -1 
1 -1 0 0 1 0 -5 
1 0 0 0 1 0 -300 
1 0 1 0 0 0 0 
1 0 -1 0 0 1 -1 
1 0 0 0 0 1 -300 

--- Dep 13 from S1 to S1; satisfied: 0, sat level: -1; Type: RAW
on variable: A
Dependence polyhedron
8 8
0 0 -1 0 1 0 0 -1 
1 1 0 0 0 0 0 -1 
1 0 0 -1 0 1 0 -1 
1 0 0 0 0 1 0 -300 
1 0 1 0 0 0 0 -2 
1 0 -1 0 0 1 0 -1 
1 0 0 0 0 0 1 -300 
1 -1 0 1 0 0 0 0 

--- Dep 14 from S2 to S2; satisfied: 0, sat level: -1; Type: RAW
on variable: B
Dependence polyhedron
12 10
0 0 0 -1 0 0 1 0 0 0 
0 -1 0 0 1 0 0 0 0 -1 
0 -1 1 0 0 0 0 0 0 -2 
1 1 0 0 0 0 0 0 0 -1 
1 -1 0 0 0 0 0 1 0 -2 
1 0 0 0 0 0 0 1 0 -300 
1 0 0 -1 0 0 0 1 0 -3 
1 -1 0 0 0 0 0 0 1 -3 
1 0 0 0 0 0 0 0 1 -300 
1 0 0 1 0 0 0 0 0 0 
1 0 0 0 0 -1 0 0 1 -1 
1 0 0 0 0 1 0 0 0 0 

--- Dep 15 from S3 to S3; satisfied: 0, sat level: -1; Type: RAW
on variable: B
Dependence polyhedron
12 10
0 -1 0 0 0 0 1 0 0 1 
0 0 0 -1 0 1 0 0 0 0 
0 -1 0 0 1 0 0 0 0 -2 
1 1 0 0 0 0 0 0 0 -3 
1 -1 0 0 0 0 0 1 0 -5 
1 0 0 0 0 0 0 1 0 -300 
1 0 1 0 0 0 0 0 0 0 
1 1 -1 0 0 0 0 0 0 -1 
1 0 0 1 0 0 0 0 0 -2 
1 0 0 -1 0 0 0 1 0 -1 
1 0 0 0 0 0 0 0 1 -300 
1 1 0 -1 0 0 0 0 0 1 

--- Dep 16 from S1 to S5; satisfied: 0, sat level: -1; Type: RAW
on variable: A
Dependence polyhedron
9 8
0 0 -1 1 0 0 0 0 
1 1 0 0 0 0 0 -1 
1 -1 0 0 0 1 0 -1 
1 0 0 0 0 1 0 -300 
1 0 1 0 0 0 0 -2 
1 0 -1 0 0 1 0 -3 
1 0 0 0 0 0 1 -300 
1 0 0 0 -1 0 1 -1 
1 0 0 0 1 0 0 0 

--- Dep 17 from S2 to S3; satisfied: 0, sat level: -1; Type: RAW
on variable: B
Dependence polyhedron
13 10
0 -1 0 0 0 0 1 0 0 0 
0 0 0 -1 0 1 0 0 0 0 
0 0 -1 0 1 0 0 0 0 -1 
1 1 0 0 0 0 0 0 0 -2 
1 -1 0 0 0 0 0 1 0 -1 
1 0 0 0 0 0 0 1 0 -300 
1 0 1 0 0 0 0 0 0 0 
1 0 -1 0 0 0 0 0 1 -1 
1 0 0 0 0 0 0 0 1 -300 
1 0 0 1 0 0 0 0 0 0 
1 0 0 -1 0 0 0 1 0 -3 
1 0 1 -1 0 0 0 0 0 0 
1 0 -1 0 0 0 0 1 0 -4 

--- Dep 18 from S1 to S1; satisfied: 0, sat level: -1; Type: RAW
on variable: A
Dependence polyhedron
8 8
0 0 -1 0 1 0 0 -1 
1 1 0 0 0 0 0 -1 
1 0 0 -1 0 1 0 -1 
1 0 0 0 0 1 0 -300 
1 0 1 0 0 0 0 -2 
1 0 -1 0 0 1 0 -1 
1 0 0 0 0 0 1 -300 
1 -1 0 1 0 0 0 0 

--- Dep 19 from S1 to S1; satisfied: 0, sat level: -1; Type: WAR
on variable: A
Dependence polyhedron
10 8
0 0 -1 0 1 0 0 1 
1 1 0 0 0 0 0 -1 
1 -1 0 0 0 1 0 -1 
1 0 0 0 0 1 0 -300 
1 0 1 0 0 0 0 -3 
1 0 -1 0 0 1 0 0 
1 0 0 0 0 0 1 -300 
1 0 0 1 0 0 0 -1 
1 0 0 -1 0 1 0 -1 
1 -1 0 1 0 0 0 -1 

--- Dep 20 from S1 to S5; satisfied: 0, sat level: -1; Type: WAR
on variable: A
Dependence polyhedron
9 8
0 0 -1 1 0 0 0 4 
1 1 0 0 0 0 0 -1 
1 -1 0 0 0 1 0 -1 
1 0 0 0 0 1 0 -300 
1 0 1 0 0 0 0 -5 
1 0 -1 0 0 1 0 0 
1 0 0 0 0 0 1 -300 
1 0 0 0 -1 0 1 -1 
1 0 0 0 1 0 0 0 

--- Dep 21 from S2 to S3; satisfied: 0, sat level: -1; Type: WAR
on variable: B
Dependence polyhedron
12 10
0 0 0 -1 0 0 1 0 0 0 
0 -1 0 0 1 0 0 0 0 0 
1 1 0 0 0 0 0 0 0 -1 
1 -1 0 0 0 0 0 1 0 -3 
1 0 0 0 0 0 0 1 0 -300 
1 0 1 0 0 0 0 0 0 0 
1 0 -1 0 0 0 0 0 1 -1 
1 0 0 0 0 0 0 0 1 -300 
1 0 0 1 0 0 0 0 0 -2 
1 0 0 -1 0 0 0 1 0 -3 
1 1 0 0 0 -1 0 0 0 -1 
1 0 0 0 0 1 0 0 0 0 

--- Dep 22 from S2 to S3; satisfied: 0, sat level: -1; Type: WAR
on variable: B
Dependence polyhedron
12 10
0 -1 0 0 0 0 1 0 0 0 
0 -1 0 0 1 0 0 0 0 1 
0 -1 1 0 0 0 0 0 0 2 
1 1 0 0 0 0 0 0 0 -2 
1 -1 0 0 0 0 0 1 0 -2 
1 0 0 0 0 0 0 1 0 -300 
1 0 0 0 0 0 0 0 1 -300 
1 -1 0 0 0 0 0 0 1 1 
1 1 0 0 0 -1 0 0 0 -2 
1 0 0 1 0 0 0 0 0 0 
1 0 0 -1 0 0 0 1 0 -3 
1 0 0 0 0 1 0 0 0 0 

--- Dep 23 from S2 to S2; satisfied: 0, sat level: -1; Type: WAR
on variable: B
Dependence polyhedron
12 10
0 -1 0 0 0 0 1 0 0 0 
0 -1 0 0 0 1 0 0 0 0 
0 0 -1 0 1 0 0 0 0 0 
1 1 0 0 0 0 0 0 0 -1 
1 -1 0 0 0 0 0 1 0 -3 
1 0 0 0 0 0 0 1 0 -300 
1 0 -1 0 0 0 0 1 0 -1 
1 0 -1 0 0 0 0 0 1 -1 
1 0 0 0 0 0 0 0 1 -300 
1 0 0 1 0 0 0 0 0 0 
1 0 0 -1 0 0 0 1 0 -3 
1 -1 1 0 0 0 0 0 0 -1 

--- Dep 24 from S2 to S2; satisfied: 0, sat level: -1; Type: WAR
on variable: B
Dependence polyhedron
10 10
0 -1 0 0 0 0 1 0 0 0 
0 -1 0 0 0 1 0 0 0 0 
0 -1 0 0 1 0 0 0 0 0 
0 -1 1 0 0 0 0 0 0 0 
1 0 0 1 0 0 0 0 0 0 
1 -1 0 0 0 0 0 1 0 -3 
1 0 0 0 0 0 0 1 0 -300 
1 1 0 -1 0 0 0 0 0 -1 
1 -1 0 0 0 0 0 0 1 -1 
1 0 0 0 0 0 0 0 1 -300 

--- Dep 25 from S1 to S4; satisfied: 0, sat level: -1; Type: WAR
on variable: A
Dependence polyhedron
7 7
0 0 -1 1 0 0 2 
1 1 0 0 0 0 -1 
1 -1 0 0 1 0 -1 
1 0 0 0 1 0 -300 
1 0 1 0 0 0 -3 
1 0 -1 0 1 0 -1 
1 0 0 0 0 1 -300 

--- Dep 26 from S1 to S5; satisfied: 0, sat level: -1; Type: WAR
on variable: A
Dependence polyhedron
9 8
0 0 -1 1 0 0 0 4 
1 1 0 0 0 0 0 -1 
1 -1 0 0 0 1 0 -1 
1 0 0 0 0 1 0 -300 
1 0 1 0 0 0 0 -5 
1 0 -1 0 0 1 0 0 
1 0 0 0 0 0 1 -300 
1 0 0 0 -1 0 1 -1 
1 0 0 0 1 0 0 0 

--- Dep 27 from S3 to S3; satisfied: 0, sat level: -1; Type: WAR
on variable: B
Dependence polyhedron
13 10
0 0 0 -1 0 0 1 0 0 2 
0 -1 0 0 1 0 0 0 0 0 
1 1 0 0 0 0 0 0 0 -1 
1 -1 0 0 0 0 0 1 0 -3 
1 0 0 0 0 0 0 1 0 -300 
1 0 1 0 0 0 0 0 0 0 
1 1 -1 0 0 0 0 0 0 -1 
1 0 0 1 0 0 0 0 0 -4 
1 0 0 -1 0 0 0 1 0 -1 
1 0 0 0 0 0 0 0 1 -300 
1 1 0 0 0 -1 0 0 0 -1 
1 0 0 0 0 1 0 0 0 0 
1 0 -1 0 0 1 0 0 0 -1 

--- Dep 28 from S1 to S4; satisfied: 0, sat level: -1; Type: WAR
on variable: A
Dependence polyhedron
7 7
0 0 -1 1 0 0 2 
1 1 0 0 0 0 -1 
1 -1 0 0 1 0 -1 
1 0 0 0 1 0 -300 
1 0 1 0 0 0 -3 
1 0 -1 0 1 0 -1 
1 0 0 0 0 1 -300 

--- Dep 29 from S1 to S1; satisfied: 0, sat level: -1; Type: WAR
on variable: A
Dependence polyhedron
10 8
0 0 -1 0 1 0 0 1 
1 1 0 0 0 0 0 -1 
1 -1 0 0 0 1 0 -1 
1 0 0 0 0 1 0 -300 
1 0 1 0 0 0 0 -3 
1 0 -1 0 0 1 0 0 
1 0 0 0 0 0 1 -300 
1 0 0 1 0 0 0 -1 
1 0 0 -1 0 1 0 -1 
1 -1 0 1 0 0 0 -1 

--- Dep 30 from S2 to S3; satisfied: 0, sat level: -1; Type: WAR
on variable: B
Dependence polyhedron
12 10
0 0 0 -1 0 0 1 0 0 -2 
0 -1 0 0 1 0 0 0 0 -1 
0 -1 1 0 0 0 0 0 0 -2 
1 1 0 0 0 0 0 0 0 -1 
1 -1 0 0 0 0 0 1 0 -4 
1 0 0 0 0 0 0 1 0 -300 
1 0 0 0 0 0 0 0 1 -300 
1 -1 0 0 0 0 0 0 1 -3 
1 0 0 -1 0 0 0 1 0 -3 
1 0 0 1 0 0 0 0 0 0 
1 1 0 0 0 -1 0 0 0 0 
1 0 0 0 0 1 0 0 0 0 

--- Dep 31 from S2 to S2; satisfied: 0, sat level: -1; Type: WAR
on variable: B
Dependence polyhedron
11 10
0 0 0 -1 0 0 1 0 0 -2 
0 0 -1 0 0 1 0 0 0 0 
0 -1 0 0 1 0 0 0 0 0 
1 1 0 0 0 0 0 0 0 -1 
1 -1 0 0 0 0 0 1 0 -1 
1 0 0 0 0 0 0 1 0 -300 
1 0 1 0 0 0 0 0 0 0 
1 0 -1 0 0 0 0 0 1 -1 
1 0 0 0 0 0 0 0 1 -300 
1 0 0 1 0 0 0 0 0 0 
1 0 0 -1 0 0 0 1 0 -5 

--- Dep 32 from S3 to S3; satisfied: 0, sat level: -1; Type: WAW
on variable: B
Dependence polyhedron
13 10
0 0 0 -1 0 0 1 0 0 0 
0 -1 0 0 1 0 0 0 0 0 
1 1 0 0 0 0 0 0 0 -1 
1 -1 0 0 0 0 0 1 0 -3 
1 0 0 0 0 0 0 1 0 -300 
1 0 1 0 0 0 0 0 0 0 
1 1 -1 0 0 0 0 0 0 -1 
1 0 0 1 0 0 0 0 0 -2 
1 0 0 -1 0 0 0 1 0 -1 
1 0 0 0 0 0 0 0 1 -300 
1 1 0 0 0 -1 0 0 0 -1 
1 0 0 0 0 1 0 0 0 0 
1 0 -1 0 0 1 0 0 0 -1 

--- Dep 33 from S1 to S4; satisfied: 0, sat level: -1; Type: WAW
on variable: A
Dependence polyhedron
7 7
0 0 -1 1 0 0 1 
1 1 0 0 0 0 -1 
1 -1 0 0 1 0 -1 
1 0 0 0 1 0 -300 
1 0 1 0 0 0 -2 
1 0 -1 0 1 0 -2 
1 0 0 0 0 1 -300 

--- Dep 34 from S5 to S4; satisfied: 0, sat level: -1; Type: WAW
on variable: A
Dependence polyhedron
7 7
0 -1 0 1 0 0 -2 
1 1 0 0 0 0 -1 
1 -1 0 0 1 0 -5 
1 0 0 0 1 0 -300 
1 0 1 0 0 0 0 
1 0 -1 0 0 1 -1 
1 0 0 0 0 1 -300 

--- Dep 35 from S2 to S3; satisfied: 0, sat level: -1; Type: WAW
on variable: B
Dependence polyhedron
12 10
0 0 0 -1 0 0 1 0 0 0 
0 -1 0 0 1 0 0 0 0 -1 
0 -1 1 0 0 0 0 0 0 -2 
1 1 0 0 0 0 0 0 0 -1 
1 -1 0 0 0 0 0 1 0 -4 
1 0 0 0 0 0 0 1 0 -300 
1 0 0 0 0 0 0 0 1 -300 
1 -1 0 0 0 0 0 0 1 -3 
1 0 0 -1 0 0 0 1 0 -3 
1 0 0 1 0 0 0 0 0 -2 
1 1 0 0 0 -1 0 0 0 0 
1 0 0 0 0 1 0 0 0 0 

--- Dep 36 from S1 to S5; satisfied: 0, sat level: -1; Type: WAW
on variable: A
Dependence polyhedron
9 8
0 0 -1 1 0 0 0 3 
1 1 0 0 0 0 0 -1 
1 -1 0 0 0 1 0 -1 
1 0 0 0 0 1 0 -300 
1 0 1 0 0 0 0 -4 
1 0 -1 0 0 1 0 0 
1 0 0 0 0 0 1 -300 
1 0 0 0 -1 0 1 -1 
1 0 0 0 1 0 0 0 

--- Dep 37 from S5 to S5; satisfied: 0, sat level: -1; Type: WAW
on variable: A
Dependence polyhedron
10 8
0 -1 0 1 0 0 0 0 
1 1 0 0 0 0 0 -1 
1 -1 0 0 0 1 0 -3 
1 0 0 0 0 1 0 -300 
1 0 1 0 0 0 0 0 
1 0 -1 0 0 0 1 -1 
1 0 0 0 0 0 1 -300 
1 0 0 0 -1 0 1 -1 
1 0 0 0 1 0 0 0 
1 0 -1 0 1 0 0 -1 

--- Dep 38 from S1 to S1; satisfied: 0, sat level: -1; Type: WAW
on variable: A
Dependence polyhedron
10 8
0 0 -1 0 1 0 0 0 
1 1 0 0 0 0 0 -1 
1 -1 0 0 0 1 0 -1 
1 0 0 0 0 1 0 -300 
1 0 1 0 0 0 0 -2 
1 0 -1 0 0 1 0 0 
1 0 0 0 0 0 1 -300 
1 0 0 1 0 0 0 -1 
1 0 0 -1 0 1 0 -1 
1 -1 0 1 0 0 0 -1 


[zyj-debug] After affine transformations
T(S1): (1, 0, i, zT2, 0, j, 0)
loop types (scalar, scalar, loop, loop, scalar, loop, scalar)

T(S2): (0, 0, i, zT3, zT4, k, l)
loop types (scalar, scalar, loop, loop, loop, loop, loop)

T(S3): (1, 0, m, zT3, zT4, n, 2n+o)
loop types (scalar, scalar, loop, loop, loop, loop, loop)

T(S4): (1, 1, m, 0, 0, 0, 0)
loop types (scalar, scalar, loop, scalar, scalar, scalar, scalar)

T(S5): (1, 1, m, p, 0, 0, 0)
loop types (scalar, scalar, loop, loop, scalar, scalar, scalar)

t1 --> fwd_dep  scalar (band 0)no-ujam
t2 --> fwd_dep  scalar (band 0)no-ujam
t3 --> serial   loop   (band 0)no-ujam
t4 --> fwd_dep  loop   (band 1)no-ujam
t5 --> fwd_dep  loop   (band 1)no-ujam
t6 --> fwd_dep  loop   (band 1)no-ujam
t7 --> fwd_dep  loop   (band 1)no-ujam

