[zyj-debug] Before affine transformations
nvar = 3, npar = 2
Parameters: PB_L PB_P 
S1 "A[j][i+1] = B[j][i-1] - B[j-1][i-1] + 2;"
ndims: 2; orig_depth: 2
iterators: i, j
Index set
6 6
1 1 0 0 0 -1 
1 -1 0 1 0 -2 
1 0 0 1 0 -3 
1 0 1 0 0 -2 
1 1 -1 0 0 -1 
1 1 0 0 0 -3 
T(S1): (0, i, 0, j, 0, 0, 0)
loop types (loop, loop, loop, loop, loop, scalar, scalar)

Read accesses
B[j][i-1]
B[j-1][i-1]
Write accesses
A[j][i+1]
Original loop: 0 -> yes
Original loop: 1 -> yes

S2 "C[k][i][i] = A[j-2][i+1] - A[j][i+1] + 3;"
ndims: 3; orig_depth: 3
iterators: i, j, k
Index set
8 7
1 1 0 0 0 0 -1 
1 -1 0 0 1 0 -2 
1 0 0 0 1 0 -3 
1 0 1 0 0 0 -2 
1 1 -1 0 0 0 -1 
1 1 0 0 0 0 -3 
1 0 0 1 0 0 0 
1 1 0 -1 0 0 -1 
T(S2): (0, i, 0, j, 1, k, 0)
loop types (loop, loop, loop, loop, loop, loop, loop)

Read accesses
A[j-2][i+1]
A[j][i+1]
Write accesses
C[k][i][i]
Original loop: 0 -> yes
Original loop: 1 -> yes
Original loop: 2 -> yes

S3 "D[i+1] = D[i] - D[i+3] + E[i] - 6;"
ndims: 1; orig_depth: 1
iterators: i
Index set
3 5
1 1 0 0 -1 
1 -1 1 0 -2 
1 0 1 0 -3 
T(S3): (0, i, 1, 0, 0, 0, 0)
loop types (loop, loop, loop, scalar, scalar, scalar, scalar)

Read accesses
D[i]
D[i+3]
E[i]
Write accesses
D[i+1]
Original loop: 0 -> yes

S4 "A[m][l] = A[m][l] * 5;"
ndims: 2; orig_depth: 2
iterators: l, m
Index set
5 6
1 1 0 0 0 0 
1 -1 0 1 0 -3 
1 0 0 1 0 -3 
1 0 1 0 0 -2 
1 0 -1 1 0 -1 
T(S4): (1, l, 0, m, 0, 0, 0)
loop types (loop, loop, loop, loop, loop, scalar, scalar)

Read accesses
A[m][l]
Write accesses
A[m][l]
Original loop: 0 -> yes
Original loop: 1 -> yes

S5 "C[m+1][n][n] = A[m-2][l+2] * A[m+2][l] - C[n][m-1][n-1] - A[l][m] + 5;"
ndims: 3; orig_depth: 3
iterators: l, m, n
Index set
8 7
1 1 0 0 0 0 0 
1 -1 0 0 1 0 -3 
1 0 0 0 1 0 -3 
1 0 1 0 0 0 -2 
1 0 -1 0 1 0 -1 
1 0 0 1 0 0 -1 
1 0 0 -1 0 1 -1 
1 0 0 0 0 1 -2 
T(S5): (1, l, 0, m, 1, n, 0)
loop types (loop, loop, loop, loop, loop, loop, loop)

Read accesses
A[m-2][l+2]
A[m+2][l]
C[n][m-1][n-1]
A[l][m]
Write accesses
C[m+1][n][n]
Original loop: 0 -> yes
Original loop: 1 -> yes
Original loop: 2 -> yes

--- Dep 1 from S1 to S2; satisfied: 0, sat level: -1; Type: RAW
on variable: A
Dependence polyhedron
10 9
0 0 -1 0 1 0 0 0 -2 
0 -1 0 1 0 0 0 0 0 
1 1 0 0 0 0 0 0 -3 
1 -1 0 0 0 0 1 0 -2 
1 0 0 0 0 0 1 0 -300 
1 0 1 0 0 0 0 0 -2 
1 1 -1 0 0 0 0 0 -3 
1 0 0 0 0 0 0 1 -300 
1 0 0 0 0 1 0 0 0 
1 1 0 0 0 -1 0 0 -1 

--- Dep 2 from S1 to S5; satisfied: 0, sat level: -1; Type: RAW
on variable: A
Dependence polyhedron
11 9
0 -1 0 0 1 0 0 0 -1 
0 0 -1 1 0 0 0 0 0 
1 1 0 0 0 0 0 0 -3 
1 -1 0 0 0 0 1 0 -2 
1 0 0 0 0 0 1 0 -300 
1 0 1 0 0 0 0 0 -2 
1 1 -1 0 0 0 0 0 -1 
1 0 0 0 0 0 0 1 -300 
1 0 0 0 0 -1 0 1 -1 
1 0 -1 0 0 0 1 0 -3 
1 0 0 0 0 1 0 0 -1 

--- Dep 3 from S4 to S5; satisfied: 0, sat level: -1; Type: RAW
on variable: A
Dependence polyhedron
9 9
0 -1 0 0 1 0 0 0 0 
0 0 -1 1 0 0 0 0 0 
1 1 0 0 0 0 0 0 -2 
1 0 0 0 0 1 0 0 -1 
1 0 0 0 0 0 1 0 -300 
1 -1 1 0 0 0 0 0 0 
1 0 -1 0 0 0 1 0 -3 
1 0 0 0 0 0 0 1 -300 
1 0 0 0 0 -1 0 1 -1 

--- Dep 4 from S5 to S5; satisfied: 0, sat level: -1; Type: RAW
on variable: C
Dependence polyhedron
11 10
0 0 -1 0 0 0 1 0 0 -1 
0 0 -1 0 0 1 0 0 0 -1 
0 0 -1 1 0 0 0 0 0 0 
1 1 0 0 0 0 0 0 0 0 
1 -1 0 0 1 0 0 0 0 0 
1 0 0 0 0 0 0 1 0 -300 
1 0 1 0 0 0 0 0 0 -2 
1 0 -1 0 0 0 0 1 0 -2 
1 0 0 0 0 0 0 0 1 -300 
1 0 -1 0 0 0 0 0 1 -2 
1 0 0 0 -1 0 0 1 0 -3 

--- Dep 5 from S1 to S2; satisfied: 0, sat level: -1; Type: RAW
on variable: A
Dependence polyhedron
10 9
0 0 -1 0 1 0 0 0 0 
0 -1 0 1 0 0 0 0 0 
1 1 0 0 0 0 0 0 -3 
1 -1 0 0 0 0 1 0 -2 
1 0 0 0 0 0 1 0 -300 
1 0 1 0 0 0 0 0 -2 
1 1 -1 0 0 0 0 0 -1 
1 0 0 0 0 0 0 1 -300 
1 0 0 0 0 1 0 0 0 
1 1 0 0 0 -1 0 0 -1 

--- Dep 6 from S1 to S4; satisfied: 0, sat level: -1; Type: RAW
on variable: A
Dependence polyhedron
9 8
0 0 -1 0 1 0 0 0 
0 -1 0 1 0 0 0 -1 
1 1 0 0 0 0 0 -3 
1 -1 0 0 0 1 0 -4 
1 0 0 0 0 1 0 -300 
1 0 1 0 0 0 0 -2 
1 1 -1 0 0 0 0 -1 
1 0 0 0 0 0 1 -300 
1 0 -1 0 0 1 0 -1 

--- Dep 7 from S1 to S5; satisfied: 0, sat level: -1; Type: RAW
on variable: A
Dependence polyhedron
11 9
0 0 -1 0 1 0 0 0 2 
0 -1 0 1 0 0 0 0 -1 
1 1 0 0 0 0 0 0 -3 
1 -1 0 0 0 0 1 0 -4 
1 0 0 0 0 0 1 0 -300 
1 0 1 0 0 0 0 0 -4 
1 1 -1 0 0 0 0 0 -1 
1 0 0 0 0 0 0 1 -300 
1 0 0 0 0 -1 0 1 -1 
1 0 0 0 0 1 0 0 -1 
1 0 -1 0 0 0 1 0 1 

--- Dep 8 from S1 to S5; satisfied: 0, sat level: -1; Type: RAW
on variable: A
Dependence polyhedron
11 9
0 0 -1 0 1 0 0 0 -2 
0 -1 0 1 0 0 0 0 1 
1 1 0 0 0 0 0 0 -3 
1 -1 0 0 0 0 1 0 -2 
1 0 0 0 0 0 1 0 -300 
1 0 1 0 0 0 0 0 -2 
1 1 -1 0 0 0 0 0 -1 
1 0 0 0 0 0 0 1 -300 
1 0 0 0 0 -1 0 1 -1 
1 0 0 0 0 1 0 0 -1 
1 0 -1 0 0 0 1 0 -3 

--- Dep 9 from S3 to S3; satisfied: 0, sat level: -1; Type: RAW
on variable: D
Dependence polyhedron
5 6
0 -1 1 0 0 -1 
1 1 0 0 0 -1 
1 -1 0 1 0 -3 
1 0 0 1 0 -300 
1 0 0 0 1 -300 

--- Dep 10 from S5 to S4; satisfied: 0, sat level: -1; Type: WAR
on variable: A
Dependence polyhedron
10 9
0 0 -1 0 0 1 0 0 2 
0 -1 0 0 1 0 0 0 -2 
1 1 0 0 0 0 0 0 0 
1 -1 0 0 0 0 1 0 -5 
1 0 0 0 0 0 1 0 -300 
1 0 1 0 0 0 0 0 -4 
1 0 -1 0 0 0 1 0 -1 
1 0 0 1 0 0 0 0 -1 
1 0 0 -1 0 0 0 1 -1 
1 0 0 0 0 0 0 1 -300 

--- Dep 11 from S5 to S5; satisfied: 0, sat level: -1; Type: WAR
on variable: C
Dependence polyhedron
13 10
0 0 -1 0 0 0 1 0 0 1 
0 0 -1 0 0 1 0 0 0 1 
0 0 -1 1 0 0 0 0 0 0 
1 1 0 0 0 0 0 0 0 0 
1 -1 0 0 0 0 0 1 0 -3 
1 0 0 0 0 0 0 1 0 -300 
1 0 1 0 0 0 0 0 0 -3 
1 0 -1 0 0 0 0 1 0 -1 
1 0 0 0 0 0 0 0 1 -300 
1 0 -1 0 0 0 0 0 1 -1 
1 0 0 0 -1 0 0 1 0 -3 
1 0 0 0 1 0 0 0 0 0 
1 -1 0 0 1 0 0 0 0 -1 

--- Dep 12 from S3 to S3; satisfied: 0, sat level: -1; Type: WAR
on variable: D
Dependence polyhedron
5 6
0 -1 1 0 0 -2 
1 1 0 0 0 -1 
1 -1 0 1 0 -4 
1 0 0 1 0 -300 
1 0 0 0 1 -300 

--- Dep 13 from S2 to S4; satisfied: 0, sat level: -1; Type: WAR
on variable: A
Dependence polyhedron
11 9
0 0 -1 0 0 1 0 0 2 
0 -1 0 0 1 0 0 0 -1 
1 1 0 0 0 0 0 0 -3 
1 -1 0 0 0 0 1 0 -4 
1 0 0 0 0 0 1 0 -300 
1 0 1 0 0 0 0 0 -4 
1 1 -1 0 0 0 0 0 -1 
1 1 0 -1 0 0 0 0 -1 
1 0 0 1 0 0 0 0 0 
1 0 0 0 0 0 0 1 -300 
1 0 -1 0 0 0 1 0 1 

--- Dep 14 from S5 to S4; satisfied: 0, sat level: -1; Type: WAR
on variable: A
Dependence polyhedron
11 9
0 -1 0 0 0 1 0 0 0 
0 0 -1 0 1 0 0 0 0 
1 1 0 0 0 0 0 0 -2 
1 -1 0 0 0 0 1 0 -3 
1 0 0 0 0 0 1 0 -300 
1 0 1 0 0 0 0 0 -2 
1 0 -1 0 0 0 1 0 -3 
1 0 0 1 0 0 0 0 -1 
1 0 0 -1 0 0 0 1 -1 
1 0 0 0 0 0 0 1 -300 
1 -1 1 0 0 0 0 0 -1 

--- Dep 15 from S5 to S4; satisfied: 0, sat level: -1; Type: WAR
on variable: A
Dependence polyhedron
10 9
0 0 -1 0 0 1 0 0 -2 
0 -1 0 0 1 0 0 0 0 
1 1 0 0 0 0 0 0 0 
1 -1 0 0 0 0 1 0 -3 
1 0 0 0 0 0 1 0 -300 
1 0 1 0 0 0 0 0 -2 
1 0 -1 0 0 0 1 0 -3 
1 0 0 1 0 0 0 0 -1 
1 0 0 -1 0 0 0 1 -1 
1 0 0 0 0 0 0 1 -300 

--- Dep 16 from S2 to S4; satisfied: 0, sat level: -1; Type: WAR
on variable: A
Dependence polyhedron
11 9
0 0 -1 0 0 1 0 0 0 
0 -1 0 0 1 0 0 0 -1 
1 1 0 0 0 0 0 0 -3 
1 -1 0 0 0 0 1 0 -4 
1 0 0 0 0 0 1 0 -300 
1 0 1 0 0 0 0 0 -2 
1 1 -1 0 0 0 0 0 -1 
1 1 0 -1 0 0 0 0 -1 
1 0 0 1 0 0 0 0 0 
1 0 0 0 0 0 0 1 -300 
1 0 -1 0 0 0 1 0 -1 

--- Dep 17 from S2 to S2; satisfied: 0, sat level: -1; Type: WAW
on variable: C
Dependence polyhedron
13 10
0 0 0 -1 0 0 1 0 0 0 
0 -1 0 0 1 0 0 0 0 0 
1 1 0 0 0 0 0 0 0 -3 
1 -1 0 0 0 0 0 1 0 -2 
1 0 0 0 0 0 0 1 0 -300 
1 0 1 0 0 0 0 0 0 -2 
1 1 -1 0 0 0 0 0 0 -1 
1 1 0 -1 0 0 0 0 0 -1 
1 0 0 1 0 0 0 0 0 0 
1 0 0 0 0 0 0 0 1 -300 
1 1 0 0 0 -1 0 0 0 -1 
1 0 0 0 0 1 0 0 0 -2 
1 0 -1 0 0 1 0 0 0 -1 

--- Dep 18 from S2 to S5; satisfied: 0, sat level: -1; Type: WAW
on variable: C
Dependence polyhedron
14 10
0 -1 0 0 0 0 1 0 0 0 
0 0 0 -1 0 1 0 0 0 1 
1 1 0 0 0 0 0 0 0 -3 
1 -1 0 0 0 0 0 1 0 -2 
1 0 0 0 0 0 0 1 0 -300 
1 0 1 0 0 0 0 0 0 -2 
1 1 -1 0 0 0 0 0 0 -1 
1 1 0 -1 0 0 0 0 0 -1 
1 0 0 1 0 0 0 0 0 -3 
1 0 0 0 0 0 0 0 1 -300 
1 0 0 0 1 0 0 0 0 0 
1 0 0 0 -1 0 0 1 0 -3 
1 -1 0 0 0 0 0 0 1 -1 
1 0 0 -1 0 0 0 1 0 0 

--- Dep 19 from S5 to S5; satisfied: 0, sat level: -1; Type: WAW
on variable: C
Dependence polyhedron
13 10
0 0 0 -1 0 0 1 0 0 0 
0 0 -1 0 0 1 0 0 0 0 
1 1 0 0 0 0 0 0 0 0 
1 -1 0 0 0 0 0 1 0 -3 
1 0 0 0 0 0 0 1 0 -300 
1 0 1 0 0 0 0 0 0 -2 
1 0 -1 0 0 0 0 1 0 -1 
1 0 0 1 0 0 0 0 0 -1 
1 0 0 -1 0 0 0 0 1 -1 
1 0 0 0 0 0 0 0 1 -300 
1 0 0 0 1 0 0 0 0 0 
1 0 0 0 -1 0 0 1 0 -3 
1 -1 0 0 1 0 0 0 0 -1 

--- Dep 20 from S1 to S4; satisfied: 0, sat level: -1; Type: WAW
on variable: A
Dependence polyhedron
9 8
0 0 -1 0 1 0 0 0 
0 -1 0 1 0 0 0 -1 
1 1 0 0 0 0 0 -3 
1 -1 0 0 0 1 0 -4 
1 0 0 0 0 1 0 -300 
1 0 1 0 0 0 0 -2 
1 1 -1 0 0 0 0 -1 
1 0 0 0 0 0 1 -300 
1 0 -1 0 0 1 0 -1 


[zyj-debug] After affine transformations
T(S1): (1, zT2, 1, zT3, i, 1, j, 0)
loop types (scalar, loop, scalar, loop, loop, scalar, loop, scalar)

T(S2): (2, zT3+zT4, 0, zT4, k, 0, i, j)
loop types (scalar, loop, scalar, loop, loop, scalar, loop, loop)

T(S3): (0, i, 0, 0, 0, 0, 0, 0)
loop types (scalar, loop, scalar, scalar, scalar, scalar, scalar, scalar)

T(S4): (2, zT2+zT3, 1, zT3, l+m+1, 1, l, 0)
loop types (scalar, loop, scalar, loop, loop, scalar, loop, scalar)

T(S5): (2, zT3+zT4, 1, zT4, l+m+1, 1, l, n)
loop types (scalar, loop, scalar, loop, loop, scalar, loop, loop)

t1 --> fwd_dep  scalar (band 0)no-ujam
t2 --> fwd_dep  loop   (band 0)no-ujam
t3 --> fwd_dep  scalar (band 0)no-ujam
t4 --> fwd_dep  loop   (band 0)no-ujam
t5 --> fwd_dep  loop   (band 0)no-ujam
t6 --> parallel scalar (band 0)no-ujam
t7 --> fwd_dep  loop   (band 0)no-ujam
t8 --> serial   loop   (band 1)no-ujam

