[zyj-debug] Before affine transformations
nvar = 3, npar = 3
Parameters: PB_M PB_L PB_P 
S1 "A[j][j][k] = A[j][j+2][k-1] - 6;"
ndims: 3; orig_depth: 3
iterators: i, j, k
Index set
11 8
1 1 0 0 0 0 0 0 
1 -1 0 0 1 0 0 -1 
1 0 0 0 1 0 0 -1 
1 0 1 0 0 0 0 0 
1 0 -1 0 1 0 0 -3 
1 0 0 0 1 0 0 -3 
1 0 0 1 0 0 0 -1 
1 0 1 -1 0 0 0 -1 
1 0 0 -1 0 1 0 -1 
1 0 1 0 0 0 0 -2 
1 0 0 0 0 1 0 -2 
T(S1): (0, i, 0, j, 0, k, 0)
loop types (loop, loop, loop, loop, loop, loop, loop)

Read accesses
A[j][j+2][k-1]
Write accesses
A[j][j][k]
Original loop: 0 -> yes
Original loop: 1 -> yes
Original loop: 2 -> yes

S2 "B[n-1][m-1][n+1] = B[n-1][m-1][n+1] - B[n+1][m][n+1] - B[m-1][n][l] + 5;"
ndims: 3; orig_depth: 3
iterators: l, m, n
Index set
9 8
1 1 0 0 0 0 0 0 
1 -1 0 0 0 0 1 -1 
1 0 0 0 0 0 1 -1 
1 0 1 0 0 0 0 -1 
1 0 -1 0 0 1 0 -1 
1 0 0 0 0 1 0 -2 
1 0 0 1 0 0 0 -1 
1 0 1 -1 0 0 0 -1 
1 0 1 0 0 0 0 -2 
T(S2): (1, l, 0, m, 0, n, 0)
loop types (loop, loop, loop, loop, loop, loop, loop)

Read accesses
B[n-1][m-1][n+1]
B[n+1][m][n+1]
B[m-1][n][l]
Write accesses
B[n-1][m-1][n+1]
Original loop: 0 -> yes
Original loop: 1 -> yes
Original loop: 2 -> yes

S3 "C[o] = C[o] - C[o-1] + 2;"
ndims: 1; orig_depth: 1
iterators: o
Index set
3 6
1 1 0 0 0 -1 
1 -1 0 1 0 -2 
1 0 0 1 0 -3 
T(S3): (2, o, 0, 0, 0, 0, 0)
loop types (loop, loop, loop, scalar, scalar, scalar, scalar)

Read accesses
C[o]
C[o-1]
Write accesses
C[o]
Original loop: 0 -> yes

S4 "A[p][q+1][o+1] = A[p-1][q+1][o+1] + 2;"
ndims: 3; orig_depth: 3
iterators: o, p, q
Index set
8 8
1 1 0 0 0 0 0 -1 
1 -1 0 0 0 1 0 -2 
1 0 0 0 0 1 0 -3 
1 0 1 0 0 0 0 -1 
1 1 -1 0 0 0 0 -1 
1 1 0 0 0 0 0 -2 
1 0 0 1 0 0 0 0 
1 1 0 -1 0 0 0 -1 
T(S4): (2, o, 1, p, 0, q, 0)
loop types (loop, loop, loop, loop, loop, loop, loop)

Read accesses
A[p-1][q+1][o+1]
Write accesses
A[p][q+1][o+1]
Original loop: 0 -> yes
Original loop: 1 -> yes
Original loop: 2 -> yes

S5 "A[p-1][q+1][o+1] = B[o][p][o] + 3;"
ndims: 3; orig_depth: 3
iterators: o, p, q
Index set
8 8
1 1 0 0 0 0 0 -1 
1 -1 0 0 0 1 0 -2 
1 0 0 0 0 1 0 -3 
1 0 1 0 0 0 0 -1 
1 1 -1 0 0 0 0 -1 
1 1 0 0 0 0 0 -2 
1 0 0 1 0 0 0 0 
1 1 0 -1 0 0 0 -1 
T(S5): (2, o, 1, p, 0, q, 1)
loop types (loop, loop, loop, loop, loop, loop, loop)

Read accesses
B[o][p][o]
Write accesses
A[p-1][q+1][o+1]
Original loop: 0 -> yes
Original loop: 1 -> yes
Original loop: 2 -> yes

--- Dep 1 from S3 to S3; satisfied: 0, sat level: -1; Type: RAW
on variable: C
Dependence polyhedron
6 7
0 -1 1 0 0 0 -1 
1 1 0 0 0 0 -1 
1 -1 0 0 1 0 -3 
1 0 0 0 1 0 -300 
1 0 0 1 0 0 -400 
1 0 0 0 0 1 -400 

--- Dep 2 from S2 to S2; satisfied: 0, sat level: -1; Type: RAW
on variable: B
Dependence polyhedron
14 11
0 0 0 -1 0 0 1 0 0 0 0 
0 0 -1 0 0 1 0 0 0 0 0 
1 1 0 0 0 0 0 0 0 0 0 
1 -1 0 0 0 0 0 0 0 1 -1 
1 0 0 0 0 0 0 0 0 1 -400 
1 0 1 0 0 0 0 0 0 0 -2 
1 0 -1 0 0 0 0 0 1 0 -1 
1 0 0 0 0 0 0 0 1 0 -300 
1 0 0 1 0 0 0 0 0 0 -1 
1 0 1 -1 0 0 0 0 0 0 -1 
1 0 0 0 0 0 0 1 0 0 -400 
1 0 0 0 1 0 0 0 0 0 0 
1 0 0 0 -1 0 0 0 0 1 -1 
1 -1 0 0 1 0 0 0 0 0 -1 

--- Dep 3 from S4 to S4; satisfied: 0, sat level: -1; Type: RAW
on variable: A
Dependence polyhedron
12 11
0 0 0 -1 0 0 1 0 0 0 0 
0 0 -1 0 0 1 0 0 0 0 -1 
0 -1 0 0 1 0 0 0 0 0 0 
1 1 0 0 0 0 0 0 0 0 -2 
1 -1 0 0 0 0 0 0 1 0 -2 
1 0 0 0 0 0 0 0 1 0 -300 
1 0 1 0 0 0 0 0 0 0 -1 
1 1 -1 0 0 0 0 0 0 0 -2 
1 1 0 -1 0 0 0 0 0 0 -1 
1 0 0 1 0 0 0 0 0 0 0 
1 0 0 0 0 0 0 1 0 0 -400 
1 0 0 0 0 0 0 0 0 1 -400 

--- Dep 4 from S4 to S5; satisfied: 0, sat level: -1; Type: WAR
on variable: A
Dependence polyhedron
12 11
0 0 0 -1 0 0 1 0 0 0 0 
0 0 -1 0 0 1 0 0 0 0 0 
0 -1 0 0 1 0 0 0 0 0 0 
1 1 0 0 0 0 0 0 0 0 -2 
1 -1 0 0 0 0 0 0 1 0 -2 
1 0 0 0 0 0 0 0 1 0 -300 
1 0 1 0 0 0 0 0 0 0 -1 
1 1 -1 0 0 0 0 0 0 0 -1 
1 1 0 -1 0 0 0 0 0 0 -1 
1 0 0 1 0 0 0 0 0 0 0 
1 0 0 0 0 0 0 1 0 0 -400 
1 0 0 0 0 0 0 0 0 1 -400 

--- Dep 5 from S2 to S2; satisfied: 0, sat level: -1; Type: WAR
on variable: B
Dependence polyhedron
14 11
0 0 0 -1 0 0 1 0 0 0 0 
0 0 -1 0 0 1 0 0 0 0 0 
1 1 0 0 0 0 0 0 0 0 0 
1 -1 0 0 0 0 0 0 0 1 -1 
1 0 0 0 0 0 0 0 0 1 -400 
1 0 1 0 0 0 0 0 0 0 -2 
1 0 -1 0 0 0 0 0 1 0 -1 
1 0 0 0 0 0 0 0 1 0 -300 
1 0 0 1 0 0 0 0 0 0 -1 
1 0 1 -1 0 0 0 0 0 0 -1 
1 0 0 0 0 0 0 1 0 0 -400 
1 0 0 0 1 0 0 0 0 0 0 
1 0 0 0 -1 0 0 0 0 1 -1 
1 -1 0 0 1 0 0 0 0 0 -1 

--- Dep 6 from S4 to S5; satisfied: 0, sat level: -1; Type: WAW
on variable: A
Dependence polyhedron
12 11
0 0 0 -1 0 0 1 0 0 0 0 
0 0 -1 0 0 1 0 0 0 0 -1 
0 -1 0 0 1 0 0 0 0 0 0 
1 1 0 0 0 0 0 0 0 0 -2 
1 -1 0 0 0 0 0 0 1 0 -2 
1 0 0 0 0 0 0 0 1 0 -300 
1 0 1 0 0 0 0 0 0 0 -1 
1 1 -1 0 0 0 0 0 0 0 -2 
1 1 0 -1 0 0 0 0 0 0 -1 
1 0 0 1 0 0 0 0 0 0 0 
1 0 0 0 0 0 0 1 0 0 -400 
1 0 0 0 0 0 0 0 0 1 -400 

--- Dep 7 from S1 to S1; satisfied: 0, sat level: -1; Type: WAW
on variable: A
Dependence polyhedron
15 11
0 0 0 -1 0 0 1 0 0 0 0 
0 0 -1 0 0 1 0 0 0 0 0 
1 1 0 0 0 0 0 0 0 0 0 
1 -1 0 0 0 0 0 1 0 0 -1 
1 0 0 0 0 0 0 1 0 0 -400 
1 0 1 0 0 0 0 0 0 0 -2 
1 0 -1 0 0 0 0 1 0 0 -3 
1 0 0 0 0 0 0 0 1 0 -300 
1 0 0 1 0 0 0 0 0 0 -1 
1 0 1 -1 0 0 0 0 0 0 -1 
1 0 0 -1 0 0 0 0 1 0 -1 
1 0 0 0 0 0 0 0 0 1 -400 
1 0 0 0 1 0 0 0 0 0 0 
1 0 0 0 -1 0 0 1 0 0 -1 
1 -1 0 0 1 0 0 0 0 0 -1 

--- Dep 8 from S2 to S2; satisfied: 0, sat level: -1; Type: WAW
on variable: B
Dependence polyhedron
14 11
0 0 0 -1 0 0 1 0 0 0 0 
0 0 -1 0 0 1 0 0 0 0 0 
1 1 0 0 0 0 0 0 0 0 0 
1 -1 0 0 0 0 0 0 0 1 -1 
1 0 0 0 0 0 0 0 0 1 -400 
1 0 1 0 0 0 0 0 0 0 -2 
1 0 -1 0 0 0 0 0 1 0 -1 
1 0 0 0 0 0 0 0 1 0 -300 
1 0 0 1 0 0 0 0 0 0 -1 
1 0 1 -1 0 0 0 0 0 0 -1 
1 0 0 0 0 0 0 1 0 0 -400 
1 0 0 0 1 0 0 0 0 0 0 
1 0 0 0 -1 0 0 0 0 1 -1 
1 -1 0 0 1 0 0 0 0 0 -1 


[zyj-debug] After affine transformations
T(S1): (zT3, zT4, zT5, j, k, i, 4)
loop types (loop, loop, loop, loop, loop, loop, scalar)

T(S2): (zT3, zT4, zT5, m, n, l, 3)
loop types (loop, loop, loop, loop, loop, loop, scalar)

T(S3): (zT1, 0, 0, o, 0, 0, 2)
loop types (loop, scalar, scalar, loop, scalar, scalar, scalar)

T(S4): (zT3, zT4, zT5, o, q, p, 0)
loop types (loop, loop, loop, loop, loop, loop, scalar)

T(S5): (zT3, zT4, zT5, o, q, p, 1)
loop types (loop, loop, loop, loop, loop, loop, scalar)

t1 --> fwd_dep  loop   (band 0)no-ujam
t2 --> parallel loop   (band 0)no-ujam
t3 --> fwd_dep  loop   (band 0)no-ujam
t4 --> fwd_dep  loop   (band 0)no-ujam
t5 --> parallel loop   (band 0)no-ujam
t6 --> fwd_dep  loop   (band 0)no-ujam
t7 --> fwd_dep  scalar (band 0)no-ujam

Warning: parallel poly loop not found in AST
