[zyj-debug] Before affine transformations
nvar = 3, npar = 1
Parameters: PB_M 
S1 "B[i-2] = B[i] - B[i] * 3;"
ndims: 2; orig_depth: 2
iterators: i, j
Index set
6 5
1 1 0 0 -2 
1 -1 0 1 -3 
1 0 0 1 -5 
1 0 1 0 0 
1 1 -1 0 -1 
1 1 0 0 -1 
T(S1): (0, i, 0, j, 0, 0, 0)
loop types (loop, loop, loop, loop, loop, scalar, scalar)

Read accesses
B[i]
B[i]
Write accesses
B[i-2]
Original loop: 0 -> yes
Original loop: 1 -> yes

S2 "A[k+1][i+1] = B[i+2] + A[k+1][i+1] - A[k][k] + 5;"
ndims: 2; orig_depth: 2
iterators: i, k
Index set
6 5
1 1 0 0 -2 
1 -1 0 1 -3 
1 0 0 1 -5 
1 0 1 0 0 
1 0 -1 1 -2 
1 0 0 1 -2 
T(S2): (0, i, 1, k, 0, 0, 0)
loop types (loop, loop, loop, loop, loop, scalar, scalar)

Read accesses
B[i+2]
A[k+1][i+1]
A[k][k]
Write accesses
A[k+1][i+1]
Original loop: 0 -> yes
Original loop: 1 -> yes

S3 "B[i] = B[i] * 5;"
ndims: 1; orig_depth: 1
iterators: i
Index set
3 4
1 1 0 -2 
1 -1 1 -3 
1 0 1 -5 
T(S3): (0, i, 2, 0, 0, 0, 0)
loop types (loop, loop, loop, scalar, scalar, scalar, scalar)

Read accesses
B[i]
Write accesses
B[i]
Original loop: 0 -> yes

S4 "A[l][i] = A[l][i] * A[l][i+1] + A[l][i+1] * 1;"
ndims: 2; orig_depth: 2
iterators: i, l
Index set
6 5
1 1 0 0 -2 
1 -1 0 1 -3 
1 0 0 1 -5 
1 0 1 0 0 
1 1 -1 0 -1 
1 1 0 0 -1 
T(S4): (0, i, 3, l, 0, 0, 0)
loop types (loop, loop, loop, loop, loop, scalar, scalar)

Read accesses
A[l][i]
A[l][i+1]
A[l][i+1]
Write accesses
A[l][i]
Original loop: 0 -> yes
Original loop: 1 -> yes

S5 "C[m][i][i] = C[m][i][i] * A[l][m+1] + 3;"
ndims: 3; orig_depth: 3
iterators: i, l, m
Index set
9 6
1 1 0 0 0 -2 
1 -1 0 0 1 -3 
1 0 0 0 1 -5 
1 0 1 0 0 0 
1 1 -1 0 0 -1 
1 1 0 0 0 -1 
1 0 0 1 0 0 
1 0 0 -1 1 -1 
1 0 0 0 1 -1 
T(S5): (0, i, 3, l, 1, m, 0)
loop types (loop, loop, loop, loop, loop, loop, loop)

Read accesses
C[m][i][i]
A[l][m+1]
Write accesses
C[m][i][i]
Original loop: 0 -> yes
Original loop: 1 -> yes
Original loop: 2 -> yes

--- Dep 1 from S5 to S5; satisfied: 0, sat level: -1; Type: RAW
on variable: C
Dependence polyhedron
12 9
0 0 0 -1 0 0 1 0 0 
0 -1 0 0 1 0 0 0 0 
1 1 0 0 0 0 0 0 -2 
1 -1 0 0 0 0 0 1 -3 
1 0 0 0 0 0 0 1 -300 
1 0 1 0 0 0 0 0 0 
1 1 -1 0 0 0 0 0 -1 
1 0 0 -1 0 0 0 1 -1 
1 0 0 1 0 0 0 0 0 
1 1 0 0 0 -1 0 0 -1 
1 0 0 0 0 1 0 0 0 
1 0 -1 0 0 1 0 0 -1 

--- Dep 2 from S2 to S4; satisfied: 0, sat level: -1; Type: RAW
on variable: A
Dependence polyhedron
8 7
0 0 -1 0 1 0 -1 
0 -1 0 1 0 0 0 
1 1 0 0 0 0 -2 
1 -1 0 0 0 1 -3 
1 0 0 0 0 1 -300 
1 0 1 0 0 0 0 
1 0 -1 0 0 1 -2 
1 1 -1 0 0 0 -2 

--- Dep 3 from S2 to S4; satisfied: 0, sat level: -1; Type: RAW
on variable: A
Dependence polyhedron
8 7
0 0 -1 0 1 0 -1 
0 -1 0 1 0 0 0 
1 1 0 0 0 0 -2 
1 -1 0 0 0 1 -3 
1 0 0 0 0 1 -300 
1 0 1 0 0 0 0 
1 0 -1 0 0 1 -2 
1 1 -1 0 0 0 -2 

--- Dep 4 from S2 to S5; satisfied: 0, sat level: -1; Type: RAW
on variable: A
Dependence polyhedron
11 8
0 -1 0 0 0 1 0 0 
0 0 -1 0 1 0 0 -1 
1 1 0 0 0 0 0 -2 
1 -1 0 0 0 0 1 -3 
1 0 0 0 0 0 1 -300 
1 0 1 0 0 0 0 0 
1 0 -1 0 0 0 1 -2 
1 0 0 1 0 0 0 -2 
1 0 0 -1 0 0 1 -3 
1 0 -1 1 0 0 0 -2 
1 -1 0 1 0 0 0 0 

--- Dep 5 from S2 to S4; satisfied: 0, sat level: -1; Type: RAW
on variable: A
Dependence polyhedron
8 7
0 0 -1 0 1 0 -1 
0 -1 0 1 0 0 -1 
1 1 0 0 0 0 -2 
1 -1 0 0 0 1 -4 
1 0 0 0 0 1 -300 
1 0 1 0 0 0 0 
1 0 -1 0 0 1 -2 
1 1 -1 0 0 0 -1 

--- Dep 6 from S2 to S2; satisfied: 0, sat level: -1; Type: RAW
on variable: A
Dependence polyhedron
6 7
0 -1 0 0 1 0 -1 
0 -1 1 0 0 0 0 
1 1 0 0 0 0 -2 
1 -1 0 1 0 0 0 
1 0 0 0 0 1 -300 
1 0 0 -1 0 1 -3 

--- Dep 7 from S4 to S5; satisfied: 0, sat level: -1; Type: RAW
on variable: A
Dependence polyhedron
8 8
0 -1 0 0 0 1 0 1 
0 0 -1 0 1 0 0 0 
1 1 0 0 0 0 0 -2 
1 0 0 -1 0 0 1 -3 
1 0 0 0 0 0 1 -300 
1 0 1 0 0 0 0 0 
1 1 -1 0 0 0 0 -1 
1 -1 0 1 0 0 0 0 

--- Dep 8 from S2 to S2; satisfied: 0, sat level: -1; Type: WAR
on variable: A
Dependence polyhedron
8 7
0 0 -1 0 1 0 1 
0 0 -1 1 0 0 1 
1 1 0 0 0 0 -2 
1 -1 0 0 0 1 -3 
1 0 0 0 0 1 -300 
1 0 1 0 0 0 -3 
1 0 -1 0 0 1 -2 
1 -1 1 0 0 0 -2 

--- Dep 9 from S5 to S5; satisfied: 0, sat level: -1; Type: WAR
on variable: C
Dependence polyhedron
12 9
0 0 0 -1 0 0 1 0 0 
0 -1 0 0 1 0 0 0 0 
1 1 0 0 0 0 0 0 -2 
1 -1 0 0 0 0 0 1 -3 
1 0 0 0 0 0 0 1 -300 
1 0 1 0 0 0 0 0 0 
1 1 -1 0 0 0 0 0 -1 
1 0 0 -1 0 0 0 1 -1 
1 0 0 1 0 0 0 0 0 
1 1 0 0 0 -1 0 0 -1 
1 0 0 0 0 1 0 0 0 
1 0 -1 0 0 1 0 0 -1 

--- Dep 10 from S3 to S1; satisfied: 0, sat level: -1; Type: WAR
on variable: B
Dependence polyhedron
6 6
0 -1 1 0 0 -2 
1 1 0 0 0 -2 
1 -1 0 0 1 -5 
1 0 0 0 1 -300 
1 1 0 -1 0 1 
1 0 0 1 0 0 

--- Dep 11 from S4 to S4; satisfied: 0, sat level: -1; Type: WAR
on variable: A
Dependence polyhedron
7 7
0 0 -1 0 1 0 0 
0 -1 0 1 0 0 -1 
1 1 0 0 0 0 -2 
1 -1 0 0 0 1 -4 
1 0 0 0 0 1 -300 
1 0 1 0 0 0 0 
1 1 -1 0 0 0 -1 

--- Dep 12 from S2 to S3; satisfied: 0, sat level: -1; Type: WAR
on variable: B
Dependence polyhedron
6 6
0 -1 0 1 0 -2 
1 1 0 0 0 -2 
1 -1 0 0 1 -5 
1 0 0 0 1 -300 
1 0 1 0 0 0 
1 0 -1 0 1 -2 

--- Dep 13 from S1 to S3; satisfied: 0, sat level: -1; Type: WAR
on variable: B
Dependence polyhedron
6 6
0 -1 0 1 0 0 
1 1 0 0 0 -2 
1 -1 0 0 1 -3 
1 0 0 0 1 -300 
1 0 1 0 0 0 
1 1 -1 0 0 -1 

--- Dep 14 from S4 to S4; satisfied: 0, sat level: -1; Type: WAR
on variable: A
Dependence polyhedron
7 7
0 0 -1 0 1 0 0 
0 -1 0 1 0 0 -1 
1 1 0 0 0 0 -2 
1 -1 0 0 0 1 -4 
1 0 0 0 0 1 -300 
1 0 1 0 0 0 0 
1 1 -1 0 0 0 -1 

--- Dep 15 from S1 to S1; satisfied: 0, sat level: -1; Type: WAR
on variable: B
Dependence polyhedron
8 7
0 -1 0 1 0 0 -2 
1 1 0 0 0 0 -2 
1 -1 0 0 0 1 -5 
1 0 0 0 0 1 -300 
1 0 1 0 0 0 0 
1 1 -1 0 0 0 -1 
1 1 0 0 -1 0 1 
1 0 0 0 1 0 0 

--- Dep 16 from S1 to S1; satisfied: 0, sat level: -1; Type: WAR
on variable: B
Dependence polyhedron
8 7
0 -1 0 1 0 0 -2 
1 1 0 0 0 0 -2 
1 -1 0 0 0 1 -5 
1 0 0 0 0 1 -300 
1 0 1 0 0 0 0 
1 1 -1 0 0 0 -1 
1 1 0 0 -1 0 1 
1 0 0 0 1 0 0 

--- Dep 17 from S2 to S4; satisfied: 0, sat level: -1; Type: WAR
on variable: A
Dependence polyhedron
8 7
0 0 -1 0 1 0 -1 
0 -1 0 1 0 0 -1 
1 1 0 0 0 0 -2 
1 -1 0 0 0 1 -4 
1 0 0 0 0 1 -300 
1 0 1 0 0 0 0 
1 0 -1 0 0 1 -2 
1 1 -1 0 0 0 -1 

--- Dep 18 from S2 to S1; satisfied: 0, sat level: -1; Type: WAR
on variable: B
Dependence polyhedron
8 7
0 -1 0 1 0 0 -4 
1 1 0 0 0 0 -2 
1 -1 0 0 0 1 -7 
1 0 0 0 0 1 -300 
1 0 1 0 0 0 0 
1 0 -1 0 0 1 -2 
1 1 0 0 -1 0 3 
1 0 0 0 1 0 0 

--- Dep 19 from S5 to S4; satisfied: 0, sat level: -1; Type: WAR
on variable: A
Dependence polyhedron
11 8
0 0 -1 0 0 1 0 0 
0 0 0 -1 1 0 0 -1 
1 1 0 0 0 0 0 -2 
1 -1 0 0 0 0 1 -3 
1 0 0 0 0 0 1 -300 
1 0 1 0 0 0 0 0 
1 1 -1 0 0 0 0 -1 
1 0 0 -1 0 0 1 -4 
1 0 0 1 0 0 0 -1 
1 0 -1 1 0 0 0 0 
1 -1 0 1 0 0 0 0 

--- Dep 20 from S5 to S2; satisfied: 0, sat level: -1; Type: WAR
on variable: A
Dependence polyhedron
11 8
0 0 -1 0 0 1 0 1 
0 0 0 -1 1 0 0 0 
1 1 0 0 0 0 0 -2 
1 -1 0 0 0 0 1 -3 
1 0 0 0 0 0 1 -300 
1 0 1 0 0 0 0 -1 
1 1 -1 0 0 0 0 -1 
1 0 0 -1 0 0 1 -3 
1 0 0 1 0 0 0 -2 
1 0 -1 0 0 0 1 -1 
1 -1 0 1 0 0 0 -1 

--- Dep 21 from S1 to S3; satisfied: 0, sat level: -1; Type: WAR
on variable: B
Dependence polyhedron
6 6
0 -1 0 1 0 0 
1 1 0 0 0 -2 
1 -1 0 0 1 -3 
1 0 0 0 1 -300 
1 0 1 0 0 0 
1 1 -1 0 0 -1 

--- Dep 22 from S2 to S4; satisfied: 0, sat level: -1; Type: WAW
on variable: A
Dependence polyhedron
8 7
0 0 -1 0 1 0 -1 
0 -1 0 1 0 0 -1 
1 1 0 0 0 0 -2 
1 -1 0 0 0 1 -4 
1 0 0 0 0 1 -300 
1 0 1 0 0 0 0 
1 0 -1 0 0 1 -2 
1 1 -1 0 0 0 -1 

--- Dep 23 from S1 to S1; satisfied: 0, sat level: -1; Type: WAW
on variable: B
Dependence polyhedron
9 7
0 -1 0 1 0 0 0 
1 1 0 0 0 0 -2 
1 -1 0 0 0 1 -3 
1 0 0 0 0 1 -300 
1 0 1 0 0 0 0 
1 1 -1 0 0 0 -1 
1 1 0 0 -1 0 -1 
1 0 0 0 1 0 0 
1 0 -1 0 1 0 -1 

--- Dep 24 from S5 to S5; satisfied: 0, sat level: -1; Type: WAW
on variable: C
Dependence polyhedron
12 9
0 0 0 -1 0 0 1 0 0 
0 -1 0 0 1 0 0 0 0 
1 1 0 0 0 0 0 0 -2 
1 -1 0 0 0 0 0 1 -3 
1 0 0 0 0 0 0 1 -300 
1 0 1 0 0 0 0 0 0 
1 1 -1 0 0 0 0 0 -1 
1 0 0 -1 0 0 0 1 -1 
1 0 0 1 0 0 0 0 0 
1 1 0 0 0 -1 0 0 -1 
1 0 0 0 0 1 0 0 0 
1 0 -1 0 0 1 0 0 -1 

--- Dep 25 from S3 to S1; satisfied: 0, sat level: -1; Type: WAW
on variable: B
Dependence polyhedron
6 6
0 -1 1 0 0 -2 
1 1 0 0 0 -2 
1 -1 0 0 1 -5 
1 0 0 0 1 -300 
1 1 0 -1 0 1 
1 0 0 1 0 0 


[zyj-debug] After affine transformations
T(S1): (1, i, j, 0, 0, 0)
loop types (scalar, loop, loop, scalar, scalar, scalar)

T(S2): (0, i, zT2, 0, k, 0)
loop types (scalar, loop, loop, scalar, loop, scalar)

T(S3): (1, i, i, 0, 0, 0)
loop types (scalar, loop, loop, scalar, scalar, scalar)

T(S4): (0, i, zT2, 0, l, 0)
loop types (scalar, loop, loop, scalar, loop, scalar)

T(S5): (0, i, zT3, zT4, l, m)
loop types (scalar, loop, loop, loop, loop, loop)

t1 --> fwd_dep  scalar (band 0)no-ujam
t2 --> serial   loop   (band 0)no-ujam
t3 --> fwd_dep  loop   (band 1)no-ujam
t4 --> fwd_dep  loop   (band 1)no-ujam
t5 --> fwd_dep  loop   (band 1)no-ujam
t6 --> fwd_dep  loop   (band 1)no-ujam

Warning: parallel poly loop not found in AST
