[zyj-debug] Before affine transformations
nvar = 3, npar = 4
Parameters: PB_P PB_M PB_Q PB_L 
S1 "A[j][i][k-1] = A[j+1][i][k-1] * 4;"
ndims: 3; orig_depth: 3
iterators: i, j, k
Index set
9 9
1 1 0 0 0 0 0 0 0 
1 -1 0 0 1 0 0 0 -1 
1 0 0 0 1 0 0 0 -1 
1 0 1 0 0 0 0 0 0 
1 0 -1 0 0 1 0 0 -2 
1 0 0 0 0 1 0 0 -2 
1 0 0 1 0 0 0 0 -1 
1 0 0 -1 0 0 1 0 0 
1 0 0 0 0 0 1 0 -1 
T(S1): (0, i, 0, j, 0, k, 0)
loop types (loop, loop, loop, loop, loop, loop, loop)

Read accesses
A[j+1][i][k-1]
Write accesses
A[j][i][k-1]
Original loop: 0 -> yes
Original loop: 1 -> yes
Original loop: 2 -> yes

S2 "A[l][n][m] = 4;"
ndims: 3; orig_depth: 3
iterators: l, m, n
Index set
8 9
1 1 0 0 0 0 0 0 -1 
1 -1 0 0 0 0 0 1 -1 
1 0 0 0 0 0 0 1 -2 
1 0 1 0 0 0 0 0 0 
1 1 -1 0 0 0 0 0 -1 
1 0 0 1 0 0 0 0 0 
1 0 0 -1 1 0 0 0 -1 
1 0 0 0 1 0 0 0 -1 
T(S2): (1, l, 0, m, 0, n, 0)
loop types (loop, loop, loop, loop, loop, loop, loop)

No Read accesses
Write accesses
A[l][n][m]
Original loop: 0 -> yes
Original loop: 1 -> yes
Original loop: 2 -> yes

S3 "B[l] = C[l-1] + 6;"
ndims: 1; orig_depth: 1
iterators: l
Index set
3 7
1 1 0 0 0 0 -1 
1 -1 0 0 0 1 -1 
1 0 0 0 0 1 -2 
T(S3): (1, l, 1, 0, 0, 0, 0)
loop types (loop, loop, loop, scalar, scalar, scalar, scalar)

Read accesses
C[l-1]
Write accesses
B[l]
Original loop: 0 -> yes

S4 "D[p-1][o] = C[o-1] + 4;"
ndims: 2; orig_depth: 2
iterators: o, p
Index set
6 8
1 1 0 0 0 0 0 -1 
1 -1 0 0 0 0 1 -1 
1 0 0 0 0 0 1 -2 
1 0 1 0 0 0 0 -1 
1 1 -1 0 0 0 0 -1 
1 1 0 0 0 0 0 -2 
T(S4): (2, o, 0, p, 0, 0, 0)
loop types (loop, loop, loop, loop, loop, scalar, scalar)

Read accesses
C[o-1]
Write accesses
D[p-1][o]
Original loop: 0 -> yes
Original loop: 1 -> yes

S5 "E[o] = E[o] - B[o] + E[o-1] + 1;"
ndims: 1; orig_depth: 1
iterators: o
Index set
3 7
1 1 0 0 0 0 -1 
1 -1 0 0 0 1 -1 
1 0 0 0 0 1 -2 
T(S5): (2, o, 1, 0, 0, 0, 0)
loop types (loop, loop, loop, scalar, scalar, scalar, scalar)

Read accesses
E[o]
B[o]
E[o-1]
Write accesses
E[o]
Original loop: 0 -> yes

--- Dep 1 from S3 to S5; satisfied: 0, sat level: -1; Type: RAW
on variable: B
Dependence polyhedron
7 8
0 -1 1 0 0 0 0 0 
1 1 0 0 0 0 0 -1 
1 -1 0 0 0 0 1 -1 
1 0 0 0 0 0 1 -300 
1 0 0 0 1 0 0 -500 
1 0 0 0 0 1 0 -400 
1 0 0 1 0 0 0 -500 

--- Dep 2 from S5 to S5; satisfied: 0, sat level: -1; Type: RAW
on variable: E
Dependence polyhedron
7 8
0 -1 1 0 0 0 0 -1 
1 1 0 0 0 0 0 -1 
1 -1 0 0 0 0 1 -2 
1 0 0 0 0 0 1 -300 
1 0 0 0 1 0 0 -500 
1 0 0 0 0 1 0 -400 
1 0 0 1 0 0 0 -500 

--- Dep 3 from S1 to S1; satisfied: 0, sat level: -1; Type: WAR
on variable: A
Dependence polyhedron
13 12
0 0 0 -1 0 0 1 0 0 0 0 0 
0 0 -1 0 0 1 0 0 0 0 0 -1 
0 -1 0 0 1 0 0 0 0 0 0 0 
1 1 0 0 0 0 0 0 0 0 0 0 
1 -1 0 0 0 0 0 1 0 0 0 -1 
1 0 0 0 0 0 0 1 0 0 0 -500 
1 0 1 0 0 0 0 0 0 0 0 0 
1 0 -1 0 0 0 0 0 1 0 0 -3 
1 0 0 0 0 0 0 0 1 0 0 -500 
1 0 0 1 0 0 0 0 0 0 0 -1 
1 0 0 -1 0 0 0 0 0 1 0 0 
1 0 0 0 0 0 0 0 0 1 0 -400 
1 0 0 0 0 0 0 0 0 0 1 -300 

--- Dep 4 from S1 to S2; satisfied: 0, sat level: -1; Type: WAR
on variable: A
Dependence polyhedron
15 12
0 -1 0 0 0 0 1 0 0 0 0 0 
0 0 0 -1 0 1 0 0 0 0 0 1 
0 0 -1 0 1 0 0 0 0 0 0 -1 
1 1 0 0 0 0 0 0 0 0 0 0 
1 -1 0 0 0 0 0 1 0 0 0 -1 
1 0 0 0 0 0 0 1 0 0 0 -500 
1 0 1 0 0 0 0 0 0 0 0 0 
1 0 -1 0 0 0 0 0 1 0 0 -2 
1 0 0 0 0 0 0 0 1 0 0 -500 
1 0 0 1 0 0 0 0 0 0 0 -1 
1 0 0 -1 0 0 0 0 0 1 0 0 
1 0 0 0 0 0 0 0 0 1 0 -400 
1 0 0 0 0 0 0 0 0 0 1 -300 
1 0 1 -1 0 0 0 0 0 0 0 1 
1 0 -1 0 0 0 0 0 0 0 1 -2 

--- Dep 5 from S1 to S2; satisfied: 0, sat level: -1; Type: WAW
on variable: A
Dependence polyhedron
15 12
0 -1 0 0 0 0 1 0 0 0 0 0 
0 0 0 -1 0 1 0 0 0 0 0 1 
0 0 -1 0 1 0 0 0 0 0 0 0 
1 1 0 0 0 0 0 0 0 0 0 0 
1 -1 0 0 0 0 0 1 0 0 0 -1 
1 0 0 0 0 0 0 1 0 0 0 -500 
1 0 1 0 0 0 0 0 0 0 0 -1 
1 0 -1 0 0 0 0 0 1 0 0 -2 
1 0 0 0 0 0 0 0 1 0 0 -500 
1 0 0 1 0 0 0 0 0 0 0 -1 
1 0 0 -1 0 0 0 0 0 1 0 0 
1 0 0 0 0 0 0 0 0 1 0 -400 
1 0 0 0 0 0 0 0 0 0 1 -300 
1 0 1 -1 0 0 0 0 0 0 0 0 
1 0 -1 0 0 0 0 0 0 0 1 -1 


[zyj-debug] After affine transformations
T(S1): (zT3, zT4, zT5, i, k, j, 3)
loop types (loop, loop, loop, loop, loop, loop, scalar)

T(S2): (zT3, zT4, zT5, n, m+1, l, 4)
loop types (loop, loop, loop, loop, loop, loop, scalar)

T(S3): (zT1, 0, 0, l, 0, 0, 1)
loop types (loop, scalar, scalar, loop, scalar, scalar, scalar)

T(S4): (zT2, zT3, 0, o, p, 0, 0)
loop types (loop, loop, scalar, loop, loop, scalar, scalar)

T(S5): (zT1, 0, 0, o, 0, 0, 2)
loop types (loop, scalar, scalar, loop, scalar, scalar, scalar)

t1 --> fwd_dep  loop   (band 0)no-ujam
t2 --> parallel loop   (band 0)no-ujam
t3 --> fwd_dep  loop   (band 0)no-ujam
t4 --> fwd_dep  loop   (band 0)no-ujam
t5 --> parallel loop   (band 0)no-ujam
t6 --> fwd_dep  loop   (band 0)no-ujam
t7 --> fwd_dep  scalar (band 0)no-ujam

Warning: parallel poly loop not found in AST
