[zyj-debug] Before affine transformations
nvar = 3, npar = 3
Parameters: PB_L PB_M PB_P 
S1 "A[j][i] = A[j][i] - B[j-1] - 3;"
ndims: 2; orig_depth: 2
iterators: i, j
Index set
6 7
1 1 0 0 0 0 0 
1 -1 0 1 0 0 -1 
1 0 0 1 0 0 -1 
1 0 1 0 0 0 -1 
1 0 -1 0 1 0 -1 
1 0 0 0 1 0 -2 
T(S1): (0, i, 0, j, 0, 0, 0)
loop types (loop, loop, loop, loop, loop, scalar, scalar)

Read accesses
A[j][i]
B[j-1]
Write accesses
A[j][i]
Original loop: 0 -> yes
Original loop: 1 -> yes

S2 "C[l][m][k] = C[l+1][m][k] - C[l+2][m][k] * D[m][m-1][l+1] - E[l][k+1] - 2;"
ndims: 3; orig_depth: 3
iterators: k, l, m
Index set
8 8
1 1 0 0 0 0 0 0 
1 -1 0 0 0 0 1 -2 
1 0 0 0 0 0 1 -2 
1 0 1 0 0 0 0 0 
1 1 -1 0 0 0 0 -1 
1 1 0 0 0 0 0 -1 
1 0 0 1 0 0 0 -1 
1 0 0 -1 0 0 1 -1 
T(S2): (1, k, 0, l, 0, m, 0)
loop types (loop, loop, loop, loop, loop, loop, loop)

Read accesses
C[l+1][m][k]
C[l+2][m][k]
D[m][m-1][l+1]
E[l][k+1]
Write accesses
C[l][m][k]
Original loop: 0 -> yes
Original loop: 1 -> yes
Original loop: 2 -> yes

S3 "B[k+1] = B[k+1] - B[k+1] * B[n-1] + 6;"
ndims: 2; orig_depth: 2
iterators: k, n
Index set
6 7
1 1 0 0 0 0 0 
1 -1 0 0 0 1 -2 
1 0 0 0 0 1 -2 
1 0 1 0 0 0 -1 
1 1 -1 0 0 0 -1 
1 1 0 0 0 0 -2 
T(S3): (1, k, 1, n, 0, 0, 0)
loop types (loop, loop, loop, loop, loop, scalar, scalar)

Read accesses
B[k+1]
B[k+1]
B[n-1]
Write accesses
B[k+1]
Original loop: 0 -> yes
Original loop: 1 -> yes

S4 "B[o-1] = B[o-3] * B[o-1] - 6;"
ndims: 1; orig_depth: 1
iterators: o
Index set
3 6
1 1 0 0 0 -3 
1 -1 0 1 0 0 
1 0 0 1 0 -3 
T(S4): (2, o, 0, 0, 0, 0, 0)
loop types (loop, loop, loop, scalar, scalar, scalar, scalar)

Read accesses
B[o-3]
B[o-1]
Write accesses
B[o-1]
Original loop: 0 -> yes

S5 "D[o-1][q-1][p-1] = D[p][q-1][o+1] + 3;"
ndims: 3; orig_depth: 3
iterators: o, p, q
Index set
11 8
1 1 0 0 0 0 0 -3 
1 -1 0 0 0 1 0 0 
1 0 0 0 0 1 0 -3 
1 0 1 0 0 0 0 -1 
1 1 -1 0 0 0 0 -1 
1 0 -1 0 0 1 0 -1 
1 1 0 0 0 0 0 -2 
1 0 0 0 0 1 0 -2 
1 0 0 1 0 0 0 -1 
1 0 0 -1 0 0 1 0 
1 0 0 0 0 0 1 -1 
T(S5): (2, o, 1, p, 0, q, 0)
loop types (loop, loop, loop, loop, loop, loop, loop)

Read accesses
D[p][q-1][o+1]
Write accesses
D[o-1][q-1][p-1]
Original loop: 0 -> yes
Original loop: 1 -> yes
Original loop: 2 -> yes

--- Dep 1 from S3 to S3; satisfied: 0, sat level: -1; Type: RAW
on variable: B
Dependence polyhedron
11 9
0 -1 0 0 1 0 0 0 -2 
1 1 0 0 0 0 0 0 -2 
1 -1 0 0 0 0 0 1 -2 
1 0 0 0 0 0 0 1 -300 
1 0 1 0 0 0 0 0 -1 
1 1 -1 0 0 0 0 0 -1 
1 0 0 0 0 0 1 0 -300 
1 0 0 0 0 1 0 0 -500 
1 0 0 1 0 0 0 0 -2 
1 0 0 -1 0 0 0 1 -2 
1 -1 0 1 0 0 0 0 -3 

--- Dep 2 from S3 to S3; satisfied: 0, sat level: -1; Type: RAW
on variable: B
Dependence polyhedron
11 9
0 -1 0 1 0 0 0 0 0 
1 1 0 0 0 0 0 0 -2 
1 -1 0 0 0 0 0 1 -2 
1 0 0 0 0 0 0 1 -300 
1 0 1 0 0 0 0 0 -1 
1 1 -1 0 0 0 0 0 -1 
1 0 0 0 0 0 1 0 -300 
1 0 0 0 0 1 0 0 -500 
1 1 0 0 -1 0 0 0 -1 
1 0 0 0 1 0 0 0 -1 
1 0 -1 0 1 0 0 0 -1 

--- Dep 3 from S3 to S4; satisfied: 0, sat level: -1; Type: RAW
on variable: B
Dependence polyhedron
9 8
0 -1 0 1 0 0 0 -2 
1 1 0 0 0 0 0 -2 
1 -1 0 0 0 0 1 -2 
1 0 0 0 0 0 1 -300 
1 0 1 0 0 0 0 -1 
1 1 -1 0 0 0 0 -1 
1 0 0 0 0 1 0 -300 
1 0 0 0 1 0 0 -500 
1 -1 0 0 0 1 0 -2 

--- Dep 4 from S3 to S4; satisfied: 0, sat level: -1; Type: RAW
on variable: B
Dependence polyhedron
9 8
0 -1 0 1 0 0 0 -4 
1 1 0 0 0 0 0 -2 
1 -1 0 0 0 0 1 -2 
1 0 0 0 0 0 1 -300 
1 0 1 0 0 0 0 -1 
1 1 -1 0 0 0 0 -1 
1 0 0 0 0 1 0 -300 
1 0 0 0 1 0 0 -500 
1 -1 0 0 0 1 0 -4 

--- Dep 5 from S4 to S4; satisfied: 0, sat level: -1; Type: RAW
on variable: B
Dependence polyhedron
6 7
0 -1 1 0 0 0 -2 
1 1 0 0 0 0 -3 
1 -1 0 0 1 0 -2 
1 0 0 0 1 0 -300 
1 0 0 0 0 1 -300 
1 0 0 1 0 0 -500 

--- Dep 6 from S3 to S3; satisfied: 0, sat level: -1; Type: RAW
on variable: B
Dependence polyhedron
11 9
0 -1 0 1 0 0 0 0 0 
1 1 0 0 0 0 0 0 -2 
1 -1 0 0 0 0 0 1 -2 
1 0 0 0 0 0 0 1 -300 
1 0 1 0 0 0 0 0 -1 
1 1 -1 0 0 0 0 0 -1 
1 0 0 0 0 0 1 0 -300 
1 0 0 0 0 1 0 0 -500 
1 1 0 0 -1 0 0 0 -1 
1 0 0 0 1 0 0 0 -1 
1 0 -1 0 1 0 0 0 -1 

--- Dep 7 from S2 to S5; satisfied: 0, sat level: -1; Type: WAR
on variable: D
Dependence polyhedron
15 11
0 0 0 -1 0 0 1 0 0 0 0 
0 0 -1 0 0 1 0 0 0 0 -2 
0 0 0 -1 1 0 0 0 0 0 -1 
1 1 0 0 0 0 0 0 0 0 -1 
1 -1 0 0 0 0 0 0 0 1 -2 
1 0 0 0 0 0 0 0 0 1 -300 
1 0 1 0 0 0 0 0 0 0 0 
1 1 -1 0 0 0 0 0 0 0 -1 
1 0 0 -1 0 0 0 0 0 1 -1 
1 0 0 1 0 0 0 0 0 0 -2 
1 0 0 0 0 0 0 0 1 0 -300 
1 0 0 0 0 0 0 1 0 0 -500 
1 0 -1 0 0 0 0 0 1 0 -3 
1 0 0 -1 0 0 0 0 1 0 -1 
1 0 -1 1 0 0 0 0 0 0 -2 

--- Dep 8 from S2 to S2; satisfied: 0, sat level: -1; Type: WAR
on variable: C
Dependence polyhedron
12 11
0 0 0 -1 0 0 1 0 0 0 0 
0 0 -1 0 0 1 0 0 0 0 -2 
0 -1 0 0 1 0 0 0 0 0 0 
1 1 0 0 0 0 0 0 0 0 -1 
1 -1 0 0 0 0 0 0 0 1 -2 
1 0 0 0 0 0 0 0 0 1 -300 
1 0 1 0 0 0 0 0 0 0 0 
1 1 -1 0 0 0 0 0 0 0 -3 
1 0 0 -1 0 0 0 0 0 1 -1 
1 0 0 1 0 0 0 0 0 0 -1 
1 0 0 0 0 0 0 0 1 0 -300 
1 0 0 0 0 0 0 1 0 0 -500 

--- Dep 9 from S3 to S4; satisfied: 0, sat level: -1; Type: WAR
on variable: B
Dependence polyhedron
9 8
0 -1 0 1 0 0 0 -2 
1 1 0 0 0 0 0 -2 
1 -1 0 0 0 0 1 -2 
1 0 0 0 0 0 1 -300 
1 0 1 0 0 0 0 -1 
1 1 -1 0 0 0 0 -1 
1 0 0 0 0 1 0 -300 
1 0 0 0 1 0 0 -500 
1 -1 0 0 0 1 0 -2 

--- Dep 10 from S3 to S3; satisfied: 0, sat level: -1; Type: WAR
on variable: B
Dependence polyhedron
11 9
0 -1 0 1 0 0 0 0 0 
1 1 0 0 0 0 0 0 -2 
1 -1 0 0 0 0 0 1 -2 
1 0 0 0 0 0 0 1 -300 
1 0 1 0 0 0 0 0 -1 
1 1 -1 0 0 0 0 0 -1 
1 0 0 0 0 0 1 0 -300 
1 0 0 0 0 1 0 0 -500 
1 1 0 0 -1 0 0 0 -1 
1 0 0 0 1 0 0 0 -1 
1 0 -1 0 1 0 0 0 -1 

--- Dep 11 from S2 to S2; satisfied: 0, sat level: -1; Type: WAR
on variable: C
Dependence polyhedron
12 11
0 0 0 -1 0 0 1 0 0 0 0 
0 0 -1 0 0 1 0 0 0 0 -1 
0 -1 0 0 1 0 0 0 0 0 0 
1 1 0 0 0 0 0 0 0 0 -1 
1 -1 0 0 0 0 0 0 0 1 -2 
1 0 0 0 0 0 0 0 0 1 -300 
1 0 1 0 0 0 0 0 0 0 0 
1 1 -1 0 0 0 0 0 0 0 -2 
1 0 0 -1 0 0 0 0 0 1 -1 
1 0 0 1 0 0 0 0 0 0 -1 
1 0 0 0 0 0 0 0 1 0 -300 
1 0 0 0 0 0 0 1 0 0 -500 

--- Dep 12 from S1 to S4; satisfied: 0, sat level: -1; Type: WAR
on variable: B
Dependence polyhedron
8 8
0 0 -1 1 0 0 0 0 
1 1 0 0 0 0 0 0 
1 -1 0 0 1 0 0 -1 
1 0 0 0 1 0 0 -500 
1 0 1 0 0 0 0 -3 
1 0 -1 0 0 1 0 -1 
1 0 0 0 0 1 0 -300 
1 0 0 0 0 0 1 -300 

--- Dep 13 from S3 to S4; satisfied: 0, sat level: -1; Type: WAR
on variable: B
Dependence polyhedron
9 8
0 0 -1 1 0 0 0 0 
1 1 0 0 0 0 0 -2 
1 -1 0 0 0 0 1 -2 
1 0 0 0 0 0 1 -300 
1 0 1 0 0 0 0 -3 
1 1 -1 0 0 0 0 -1 
1 0 0 0 0 1 0 -300 
1 0 0 0 1 0 0 -500 
1 0 -1 0 0 1 0 0 

--- Dep 14 from S1 to S3; satisfied: 0, sat level: -1; Type: WAR
on variable: B
Dependence polyhedron
11 9
0 0 -1 1 0 0 0 0 2 
1 1 0 0 0 0 0 0 0 
1 -1 0 0 0 1 0 0 -1 
1 0 0 0 0 1 0 0 -500 
1 0 1 0 0 0 0 0 -4 
1 0 -1 0 0 0 1 0 -1 
1 0 0 0 0 0 1 0 -300 
1 0 0 0 0 0 0 1 -300 
1 0 1 0 -1 0 0 0 -3 
1 0 -1 0 0 0 0 1 0 
1 0 0 0 1 0 0 0 -1 

--- Dep 15 from S3 to S3; satisfied: 0, sat level: -1; Type: WAR
on variable: B
Dependence polyhedron
11 9
0 -1 0 1 0 0 0 0 0 
1 1 0 0 0 0 0 0 -2 
1 -1 0 0 0 0 0 1 -2 
1 0 0 0 0 0 0 1 -300 
1 0 1 0 0 0 0 0 -1 
1 1 -1 0 0 0 0 0 -1 
1 0 0 0 0 0 1 0 -300 
1 0 0 0 0 1 0 0 -500 
1 1 0 0 -1 0 0 0 -1 
1 0 0 0 1 0 0 0 -1 
1 0 -1 0 1 0 0 0 -1 

--- Dep 16 from S3 to S4; satisfied: 0, sat level: -1; Type: WAR
on variable: B
Dependence polyhedron
9 8
0 -1 0 1 0 0 0 -2 
1 1 0 0 0 0 0 -2 
1 -1 0 0 0 0 1 -2 
1 0 0 0 0 0 1 -300 
1 0 1 0 0 0 0 -1 
1 1 -1 0 0 0 0 -1 
1 0 0 0 0 1 0 -300 
1 0 0 0 1 0 0 -500 
1 -1 0 0 0 1 0 -2 

--- Dep 17 from S3 to S3; satisfied: 0, sat level: -1; Type: WAW
on variable: B
Dependence polyhedron
11 9
0 -1 0 1 0 0 0 0 0 
1 1 0 0 0 0 0 0 -2 
1 -1 0 0 0 0 0 1 -2 
1 0 0 0 0 0 0 1 -300 
1 0 1 0 0 0 0 0 -1 
1 1 -1 0 0 0 0 0 -1 
1 0 0 0 0 0 1 0 -300 
1 0 0 0 0 1 0 0 -500 
1 1 0 0 -1 0 0 0 -1 
1 0 0 0 1 0 0 0 -1 
1 0 -1 0 1 0 0 0 -1 

--- Dep 18 from S3 to S4; satisfied: 0, sat level: -1; Type: WAW
on variable: B
Dependence polyhedron
9 8
0 -1 0 1 0 0 0 -2 
1 1 0 0 0 0 0 -2 
1 -1 0 0 0 0 1 -2 
1 0 0 0 0 0 1 -300 
1 0 1 0 0 0 0 -1 
1 1 -1 0 0 0 0 -1 
1 0 0 0 0 1 0 -300 
1 0 0 0 1 0 0 -500 
1 -1 0 0 0 1 0 -2 


[zyj-debug] After affine transformations
T(S1): (1, zT2+zT3, 0, zT3, j, 0, i, 0)
loop types (scalar, loop, scalar, loop, loop, scalar, loop, scalar)

T(S2): (0, l, 0, zT3, zT4, k, m, 0)
loop types (scalar, loop, scalar, loop, loop, loop, loop, scalar)

T(S3): (1, zT2+zT3, 1, zT3, k+2, 1, n, 0)
loop types (scalar, loop, scalar, loop, loop, scalar, loop, scalar)

T(S4): (2, o, 0, 0, 0, 0, 0, 0)
loop types (scalar, loop, scalar, scalar, scalar, scalar, scalar, scalar)

T(S5): (0, o, 0, zT3, zT4, p, q, 0)
loop types (scalar, loop, scalar, loop, loop, loop, loop, scalar)

t1 --> fwd_dep  scalar (band 0)no-ujam
t2 --> fwd_dep  loop   (band 0)no-ujam
t3 --> serial   scalar (band 0)no-ujam
t4 --> fwd_dep  loop   (band 1)no-ujam
t5 --> fwd_dep  loop   (band 1)no-ujam
t6 --> parallel loop   (band 1)no-ujam
t7 --> fwd_dep  loop   (band 1)no-ujam
t8 --> parallel scalar (band 1)no-ujam

