[zyj-debug] Before affine transformations
nvar = 3, npar = 2
Parameters: PB_L PB_M 
S1 "A[i] = A[i-2] * A[i-2] - 2;"
ndims: 1; orig_depth: 1
iterators: i
Index set
3 5
1 1 0 0 -2 
1 -1 1 0 -3 
1 0 1 0 -5 
T(S1): (0, i, 0, 0, 0, 0, 0)
loop types (loop, loop, loop, scalar, scalar, scalar, scalar)

Read accesses
A[i-2]
A[i-2]
Write accesses
A[i]
Original loop: 0 -> yes

S2 "A[i] = A[i+2] + 2;"
ndims: 1; orig_depth: 1
iterators: i
Index set
3 5
1 1 0 0 -2 
1 -1 1 0 -3 
1 0 1 0 -5 
T(S2): (0, i, 1, 0, 0, 0, 0)
loop types (loop, loop, loop, scalar, scalar, scalar, scalar)

Read accesses
A[i+2]
Write accesses
A[i]
Original loop: 0 -> yes

S3 "A[i] = A[i] + A[i] * A[i] + 1;"
ndims: 1; orig_depth: 1
iterators: i
Index set
3 5
1 1 0 0 -2 
1 -1 1 0 -3 
1 0 1 0 -5 
T(S3): (0, i, 2, 0, 0, 0, 0)
loop types (loop, loop, loop, scalar, scalar, scalar, scalar)

Read accesses
A[i]
A[i]
A[i]
Write accesses
A[i]
Original loop: 0 -> yes

S4 "A[j] = B[j][j-1] - 5;"
ndims: 2; orig_depth: 2
iterators: j, k
Index set
6 6
1 1 0 0 0 -1 
1 -1 0 0 1 -1 
1 0 0 0 1 -2 
1 0 1 0 0 0 
1 0 -1 0 1 -1 
1 0 0 0 1 -1 
T(S4): (1, j, 0, k, 0, 0, 0)
loop types (loop, loop, loop, loop, loop, scalar, scalar)

Read accesses
B[j][j-1]
Write accesses
A[j]
Original loop: 0 -> yes
Original loop: 1 -> yes

S5 "B[n][l] = B[n][l] - 5;"
ndims: 3; orig_depth: 3
iterators: l, m, n
Index set
8 7
1 1 0 0 0 0 0 
1 -1 0 0 1 0 -1 
1 0 0 0 1 0 -1 
1 0 1 0 0 0 0 
1 0 -1 0 0 1 -1 
1 0 0 0 0 1 -1 
1 0 0 1 0 0 0 
1 0 0 -1 0 1 -1 
T(S5): (2, l, 0, m, 0, n, 0)
loop types (loop, loop, loop, loop, loop, loop, loop)

Read accesses
B[n][l]
Write accesses
B[n][l]
Original loop: 0 -> yes
Original loop: 1 -> yes
Original loop: 2 -> yes

--- Dep 1 from S1 to S1; satisfied: 0, sat level: -1; Type: RAW
on variable: A
Dependence polyhedron
5 6
0 -1 1 0 0 -2 
1 1 0 0 0 -2 
1 -1 0 1 0 -5 
1 0 0 1 0 -400 
1 0 0 0 1 -300 

--- Dep 2 from S2 to S3; satisfied: 0, sat level: -1; Type: RAW
on variable: A
Dependence polyhedron
5 6
0 -1 1 0 0 0 
1 1 0 0 0 -2 
1 -1 0 1 0 -3 
1 0 0 1 0 -400 
1 0 0 0 1 -300 

--- Dep 3 from S1 to S3; satisfied: 0, sat level: -1; Type: RAW
on variable: A
Dependence polyhedron
5 6
0 -1 1 0 0 0 
1 1 0 0 0 -2 
1 -1 0 1 0 -3 
1 0 0 1 0 -400 
1 0 0 0 1 -300 

--- Dep 4 from S2 to S1; satisfied: 0, sat level: -1; Type: RAW
on variable: A
Dependence polyhedron
5 6
0 -1 1 0 0 -2 
1 1 0 0 0 -2 
1 -1 0 1 0 -5 
1 0 0 1 0 -400 
1 0 0 0 1 -300 

--- Dep 5 from S2 to S3; satisfied: 0, sat level: -1; Type: RAW
on variable: A
Dependence polyhedron
5 6
0 -1 1 0 0 0 
1 1 0 0 0 -2 
1 -1 0 1 0 -3 
1 0 0 1 0 -400 
1 0 0 0 1 -300 

--- Dep 6 from S1 to S1; satisfied: 0, sat level: -1; Type: RAW
on variable: A
Dependence polyhedron
5 6
0 -1 1 0 0 -2 
1 1 0 0 0 -2 
1 -1 0 1 0 -5 
1 0 0 1 0 -400 
1 0 0 0 1 -300 

--- Dep 7 from S3 to S1; satisfied: 0, sat level: -1; Type: RAW
on variable: A
Dependence polyhedron
5 6
0 -1 1 0 0 -2 
1 1 0 0 0 -2 
1 -1 0 1 0 -5 
1 0 0 1 0 -400 
1 0 0 0 1 -300 

--- Dep 8 from S1 to S3; satisfied: 0, sat level: -1; Type: RAW
on variable: A
Dependence polyhedron
5 6
0 -1 1 0 0 0 
1 1 0 0 0 -2 
1 -1 0 1 0 -3 
1 0 0 1 0 -400 
1 0 0 0 1 -300 

--- Dep 9 from S1 to S3; satisfied: 0, sat level: -1; Type: RAW
on variable: A
Dependence polyhedron
5 6
0 -1 1 0 0 0 
1 1 0 0 0 -2 
1 -1 0 1 0 -3 
1 0 0 1 0 -400 
1 0 0 0 1 -300 

--- Dep 10 from S5 to S5; satisfied: 0, sat level: -1; Type: RAW
on variable: B
Dependence polyhedron
13 10
0 0 0 -1 0 0 1 0 0 0 
0 -1 0 0 1 0 0 0 0 0 
1 1 0 0 0 0 0 0 0 0 
1 -1 0 0 0 0 0 1 0 -1 
1 0 0 0 0 0 0 1 0 -400 
1 0 1 0 0 0 0 0 0 0 
1 0 -1 0 0 0 0 0 1 -1 
1 0 0 0 0 0 0 0 1 -300 
1 0 0 1 0 0 0 0 0 0 
1 0 0 -1 0 0 0 0 1 -1 
1 0 0 0 0 -1 0 0 1 -1 
1 0 0 0 0 1 0 0 0 0 
1 0 -1 0 0 1 0 0 0 -1 

--- Dep 11 from S2 to S3; satisfied: 0, sat level: -1; Type: RAW
on variable: A
Dependence polyhedron
5 6
0 -1 1 0 0 0 
1 1 0 0 0 -2 
1 -1 0 1 0 -3 
1 0 0 1 0 -400 
1 0 0 0 1 -300 

--- Dep 12 from S2 to S1; satisfied: 0, sat level: -1; Type: RAW
on variable: A
Dependence polyhedron
5 6
0 -1 1 0 0 -2 
1 1 0 0 0 -2 
1 -1 0 1 0 -5 
1 0 0 1 0 -400 
1 0 0 0 1 -300 

--- Dep 13 from S3 to S1; satisfied: 0, sat level: -1; Type: RAW
on variable: A
Dependence polyhedron
5 6
0 -1 1 0 0 -2 
1 1 0 0 0 -2 
1 -1 0 1 0 -5 
1 0 0 1 0 -400 
1 0 0 0 1 -300 

--- Dep 14 from S2 to S3; satisfied: 0, sat level: -1; Type: WAR
on variable: A
Dependence polyhedron
5 6
0 -1 1 0 0 -2 
1 1 0 0 0 -2 
1 -1 0 1 0 -5 
1 0 0 1 0 -400 
1 0 0 0 1 -300 

--- Dep 15 from S4 to S5; satisfied: 0, sat level: -1; Type: WAR
on variable: B
Dependence polyhedron
11 9
0 -1 0 0 0 1 0 0 0 
0 -1 0 1 0 0 0 0 1 
1 1 0 0 0 0 0 0 -1 
1 -1 0 0 0 0 0 1 -1 
1 0 0 0 0 0 0 1 -300 
1 0 1 0 0 0 0 0 0 
1 0 -1 0 0 0 0 1 -1 
1 0 0 0 0 0 1 0 -400 
1 0 0 0 -1 0 0 1 -1 
1 -1 0 0 0 0 1 0 0 
1 0 0 0 1 0 0 0 0 

--- Dep 16 from S1 to S4; satisfied: 0, sat level: -1; Type: WAR
on variable: A
Dependence polyhedron
8 7
0 -1 1 0 0 0 2 
1 1 0 0 0 0 -3 
1 -1 0 0 1 0 -3 
1 0 0 0 1 0 -400 
1 0 0 0 0 1 -300 
1 0 0 -1 0 1 -1 
1 -1 0 0 0 1 1 
1 0 0 1 0 0 0 

--- Dep 17 from S2 to S2; satisfied: 0, sat level: -1; Type: WAR
on variable: A
Dependence polyhedron
5 6
0 -1 1 0 0 -2 
1 1 0 0 0 -2 
1 -1 0 1 0 -5 
1 0 0 1 0 -400 
1 0 0 0 1 -300 

--- Dep 18 from S3 to S4; satisfied: 0, sat level: -1; Type: WAR
on variable: A
Dependence polyhedron
8 7
0 -1 1 0 0 0 0 
1 1 0 0 0 0 -2 
1 -1 0 0 1 0 -3 
1 0 0 0 1 0 -400 
1 0 0 0 0 1 -300 
1 0 0 -1 0 1 -1 
1 -1 0 0 0 1 -1 
1 0 0 1 0 0 0 

--- Dep 19 from S5 to S5; satisfied: 0, sat level: -1; Type: WAR
on variable: B
Dependence polyhedron
13 10
0 0 0 -1 0 0 1 0 0 0 
0 -1 0 0 1 0 0 0 0 0 
1 1 0 0 0 0 0 0 0 0 
1 -1 0 0 0 0 0 1 0 -1 
1 0 0 0 0 0 0 1 0 -400 
1 0 1 0 0 0 0 0 0 0 
1 0 -1 0 0 0 0 0 1 -1 
1 0 0 0 0 0 0 0 1 -300 
1 0 0 1 0 0 0 0 0 0 
1 0 0 -1 0 0 0 0 1 -1 
1 0 0 0 0 -1 0 0 1 -1 
1 0 0 0 0 1 0 0 0 0 
1 0 -1 0 0 1 0 0 0 -1 

--- Dep 20 from S2 to S4; satisfied: 0, sat level: -1; Type: WAR
on variable: A
Dependence polyhedron
8 7
0 -1 1 0 0 0 -2 
1 1 0 0 0 0 -2 
1 -1 0 0 1 0 -3 
1 0 0 0 1 0 -400 
1 0 0 0 0 1 -300 
1 0 0 -1 0 1 -1 
1 -1 0 0 0 1 -3 
1 0 0 1 0 0 0 

--- Dep 21 from S1 to S4; satisfied: 0, sat level: -1; Type: WAR
on variable: A
Dependence polyhedron
8 7
0 -1 1 0 0 0 2 
1 1 0 0 0 0 -3 
1 -1 0 0 1 0 -3 
1 0 0 0 1 0 -400 
1 0 0 0 0 1 -300 
1 0 0 -1 0 1 -1 
1 -1 0 0 0 1 1 
1 0 0 1 0 0 0 

--- Dep 22 from S3 to S4; satisfied: 0, sat level: -1; Type: WAR
on variable: A
Dependence polyhedron
8 7
0 -1 1 0 0 0 0 
1 1 0 0 0 0 -2 
1 -1 0 0 1 0 -3 
1 0 0 0 1 0 -400 
1 0 0 0 0 1 -300 
1 0 0 -1 0 1 -1 
1 -1 0 0 0 1 -1 
1 0 0 1 0 0 0 

--- Dep 23 from S3 to S4; satisfied: 0, sat level: -1; Type: WAR
on variable: A
Dependence polyhedron
8 7
0 -1 1 0 0 0 0 
1 1 0 0 0 0 -2 
1 -1 0 0 1 0 -3 
1 0 0 0 1 0 -400 
1 0 0 0 0 1 -300 
1 0 0 -1 0 1 -1 
1 -1 0 0 0 1 -1 
1 0 0 1 0 0 0 

--- Dep 24 from S2 to S1; satisfied: 0, sat level: -1; Type: WAR
on variable: A
Dependence polyhedron
5 6
0 -1 1 0 0 -2 
1 1 0 0 0 -2 
1 -1 0 1 0 -5 
1 0 0 1 0 -400 
1 0 0 0 1 -300 

--- Dep 25 from S1 to S4; satisfied: 0, sat level: -1; Type: WAW
on variable: A
Dependence polyhedron
8 7
0 -1 1 0 0 0 0 
1 1 0 0 0 0 -2 
1 -1 0 0 1 0 -3 
1 0 0 0 1 0 -400 
1 0 0 0 0 1 -300 
1 0 0 -1 0 1 -1 
1 -1 0 0 0 1 -1 
1 0 0 1 0 0 0 

--- Dep 26 from S1 to S2; satisfied: 0, sat level: -1; Type: WAW
on variable: A
Dependence polyhedron
5 6
0 -1 1 0 0 0 
1 1 0 0 0 -2 
1 -1 0 1 0 -3 
1 0 0 1 0 -400 
1 0 0 0 1 -300 

--- Dep 27 from S3 to S4; satisfied: 0, sat level: -1; Type: WAW
on variable: A
Dependence polyhedron
8 7
0 -1 1 0 0 0 0 
1 1 0 0 0 0 -2 
1 -1 0 0 1 0 -3 
1 0 0 0 1 0 -400 
1 0 0 0 0 1 -300 
1 0 0 -1 0 1 -1 
1 -1 0 0 0 1 -1 
1 0 0 1 0 0 0 

--- Dep 28 from S4 to S4; satisfied: 0, sat level: -1; Type: WAW
on variable: A
Dependence polyhedron
10 8
0 -1 0 1 0 0 0 0 
1 1 0 0 0 0 0 -1 
1 -1 0 0 0 0 1 -1 
1 0 0 0 0 0 1 -300 
1 0 1 0 0 0 0 0 
1 0 -1 0 0 0 1 -1 
1 0 0 0 0 1 0 -400 
1 0 0 0 -1 0 1 -1 
1 0 0 0 1 0 0 0 
1 0 -1 0 1 0 0 -1 

--- Dep 29 from S2 to S4; satisfied: 0, sat level: -1; Type: WAW
on variable: A
Dependence polyhedron
8 7
0 -1 1 0 0 0 0 
1 1 0 0 0 0 -2 
1 -1 0 0 1 0 -3 
1 0 0 0 1 0 -400 
1 0 0 0 0 1 -300 
1 0 0 -1 0 1 -1 
1 -1 0 0 0 1 -1 
1 0 0 1 0 0 0 

--- Dep 30 from S5 to S5; satisfied: 0, sat level: -1; Type: WAW
on variable: B
Dependence polyhedron
13 10
0 0 0 -1 0 0 1 0 0 0 
0 -1 0 0 1 0 0 0 0 0 
1 1 0 0 0 0 0 0 0 0 
1 -1 0 0 0 0 0 1 0 -1 
1 0 0 0 0 0 0 1 0 -400 
1 0 1 0 0 0 0 0 0 0 
1 0 -1 0 0 0 0 0 1 -1 
1 0 0 0 0 0 0 0 1 -300 
1 0 0 1 0 0 0 0 0 0 
1 0 0 -1 0 0 0 0 1 -1 
1 0 0 0 0 -1 0 0 1 -1 
1 0 0 0 0 1 0 0 0 0 
1 0 -1 0 0 1 0 0 0 -1 

--- Dep 31 from S1 to S3; satisfied: 0, sat level: -1; Type: WAW
on variable: A
Dependence polyhedron
5 6
0 -1 1 0 0 0 
1 1 0 0 0 -2 
1 -1 0 1 0 -3 
1 0 0 1 0 -400 
1 0 0 0 1 -300 

--- Dep 32 from S2 to S3; satisfied: 0, sat level: -1; Type: WAW
on variable: A
Dependence polyhedron
5 6
0 -1 1 0 0 0 
1 1 0 0 0 -2 
1 -1 0 1 0 -3 
1 0 0 1 0 -400 
1 0 0 0 1 -300 


[zyj-debug] After affine transformations
T(S1): (0, i, 0, 0, 2, 0, 0, 0)
loop types (scalar, loop, scalar, scalar, scalar, scalar, scalar, scalar)

T(S2): (0, i, 0, 0, 3, 0, 0, 0)
loop types (scalar, loop, scalar, scalar, scalar, scalar, scalar, scalar)

T(S3): (0, i, 0, 0, 4, 0, 0, 0)
loop types (scalar, loop, scalar, scalar, scalar, scalar, scalar, scalar)

T(S4): (1, zT2, zT3, j, k, 0, 1, 0)
loop types (scalar, loop, loop, loop, loop, scalar, scalar, scalar)

T(S5): (2, zT3, zT4, zT5, m, n, l, 0)
loop types (scalar, loop, loop, loop, loop, loop, loop, scalar)

t1 --> fwd_dep  scalar (band 0)no-ujam
t2 --> fwd_dep  loop   (band 0)no-ujam
t3 --> fwd_dep  loop   (band 0)no-ujam
t4 --> parallel loop   (band 0)no-ujam
t5 --> fwd_dep  loop   (band 1)no-ujam
t6 --> parallel loop   (band 1)no-ujam
t7 --> parallel loop   (band 1)no-ujam
t8 --> parallel scalar (band 1)no-ujam

