[zyj-debug] Before affine transformations
nvar = 3, npar = 4
Parameters: PB_L PB_P PB_M PB_N 
S1 "A[k][i+1][j] = A[k][i+1][j+1] - 6;"
ndims: 3; orig_depth: 3
iterators: i, j, k
Index set
11 9
1 1 0 0 0 0 0 0 0 
1 -1 0 0 1 0 0 0 -2 
1 0 0 0 1 0 0 0 -2 
1 0 1 0 0 0 0 0 0 
1 1 -1 0 0 0 0 0 -1 
1 0 -1 0 0 1 0 0 -2 
1 1 0 0 0 0 0 0 -1 
1 0 0 0 0 1 0 0 -2 
1 0 0 1 0 0 0 0 0 
1 0 0 -1 0 0 1 0 -1 
1 0 0 0 0 0 1 0 -1 
T(S1): (0, i, 0, j, 0, k, 0)
loop types (loop, loop, loop, loop, loop, loop, loop)

Read accesses
A[k][i+1][j+1]
Write accesses
A[k][i+1][j]
Original loop: 0 -> yes
Original loop: 1 -> yes
Original loop: 2 -> yes

S2 "B[i] = B[i] * 5;"
ndims: 1; orig_depth: 1
iterators: i
Index set
3 7
1 1 0 0 0 0 0 
1 -1 1 0 0 0 -2 
1 0 1 0 0 0 -2 
T(S2): (0, i, 1, 0, 0, 0, 0)
loop types (loop, loop, loop, scalar, scalar, scalar, scalar)

Read accesses
B[i]
Write accesses
B[i]
Original loop: 0 -> yes

S3 "C[l][n-1][l] = C[l][n-1][l] - C[l-2][n-1][l] * C[m][n-1][l+1] - 4;"
ndims: 3; orig_depth: 3
iterators: l, m, n
Index set
9 9
1 1 0 0 0 0 0 0 -2 
1 -1 0 0 0 1 0 0 -3 
1 0 0 0 0 1 0 0 -5 
1 0 1 0 0 0 0 0 0 
1 0 -1 0 1 0 0 0 -1 
1 0 0 0 1 0 0 0 -1 
1 0 0 1 0 0 0 0 -1 
1 0 0 -1 0 1 0 0 0 
1 0 0 0 0 1 0 0 -1 
T(S3): (1, l, 0, m, 0, n, 0)
loop types (loop, loop, loop, loop, loop, loop, loop)

Read accesses
C[l][n-1][l]
C[l-2][n-1][l]
C[m][n-1][l+1]
Write accesses
C[l][n-1][l]
Original loop: 0 -> yes
Original loop: 1 -> yes
Original loop: 2 -> yes

S4 "A[p-1][o][l] = A[p-1][o-2][l] + A[p-1][o][l+2] + 5;"
ndims: 3; orig_depth: 3
iterators: l, o, p
Index set
9 9
1 1 0 0 0 0 0 0 -2 
1 -1 0 0 0 1 0 0 -3 
1 0 0 0 0 1 0 0 -5 
1 0 1 0 0 0 0 0 -2 
1 0 -1 0 1 0 0 0 -1 
1 0 0 0 1 0 0 0 -3 
1 0 0 1 0 0 0 0 -1 
1 0 0 -1 0 0 1 0 0 
1 0 0 0 0 0 1 0 -1 
T(S4): (1, l, 1, o, 0, p, 0)
loop types (loop, loop, loop, loop, loop, loop, loop)

Read accesses
A[p-1][o-2][l]
A[p-1][o][l+2]
Write accesses
A[p-1][o][l]
Original loop: 0 -> yes
Original loop: 1 -> yes
Original loop: 2 -> yes

S5 "D[q+1][r] = D[q-1][r+2] * E[r][r] - 2;"
ndims: 2; orig_depth: 2
iterators: q, r
Index set
6 8
1 1 0 0 0 0 0 -1 
1 -1 0 0 0 0 1 -2 
1 0 0 0 0 0 1 -3 
1 0 1 0 0 0 0 0 
1 0 -1 0 0 1 0 -3 
1 0 0 0 0 1 0 -3 
T(S5): (2, q, 0, r, 0, 0, 0)
loop types (loop, loop, loop, loop, loop, scalar, scalar)

Read accesses
D[q-1][r+2]
E[r][r]
Write accesses
D[q+1][r]
Original loop: 0 -> yes
Original loop: 1 -> yes

--- Dep 1 from S1 to S4; satisfied: 0, sat level: -1; Type: RAW
on variable: A
Dependence polyhedron
14 12
0 0 0 -1 0 0 1 0 0 0 0 -1 
0 -1 0 0 0 1 0 0 0 0 0 -3 
0 0 -1 0 1 0 0 0 0 0 0 0 
1 1 0 0 0 0 0 0 0 0 0 -1 
1 -1 0 0 0 0 0 1 0 0 0 -4 
1 0 0 0 0 0 0 1 0 0 0 -500 
1 0 1 0 0 0 0 0 0 0 0 -2 
1 1 -1 0 0 0 0 0 0 0 0 -1 
1 0 -1 0 0 0 0 0 1 0 0 -3 
1 0 0 0 0 0 0 0 0 1 0 -500 
1 0 0 0 0 0 0 0 1 0 0 -300 
1 0 0 1 0 0 0 0 0 0 0 0 
1 0 0 -1 0 0 0 0 0 1 0 -1 
1 0 0 0 0 0 0 0 0 0 1 -500 

--- Dep 2 from S1 to S4; satisfied: 0, sat level: -1; Type: RAW
on variable: A
Dependence polyhedron
14 12
0 0 0 -1 0 0 1 0 0 0 0 -1 
0 -1 0 0 0 1 0 0 0 0 0 -1 
0 0 -1 0 1 0 0 0 0 0 0 2 
1 1 0 0 0 0 0 0 0 0 0 -1 
1 -1 0 0 0 0 0 1 0 0 0 -2 
1 0 0 0 0 0 0 1 0 0 0 -500 
1 0 1 0 0 0 0 0 0 0 0 -4 
1 1 -1 0 0 0 0 0 0 0 0 -1 
1 0 -1 0 0 0 0 0 1 0 0 -2 
1 0 0 0 0 0 0 0 0 1 0 -500 
1 0 0 0 0 0 0 0 1 0 0 -300 
1 0 0 1 0 0 0 0 0 0 0 0 
1 0 0 -1 0 0 0 0 0 1 0 -1 
1 0 0 0 0 0 0 0 0 0 1 -500 

--- Dep 3 from S3 to S3; satisfied: 0, sat level: -1; Type: RAW
on variable: C
Dependence polyhedron
15 12
0 0 0 -1 0 0 1 0 0 0 0 0 
0 -1 0 0 1 0 0 0 0 0 0 0 
1 1 0 0 0 0 0 0 0 0 0 -2 
1 -1 0 0 0 0 0 0 1 0 0 -3 
1 0 0 0 0 0 0 0 1 0 0 -300 
1 0 1 0 0 0 0 0 0 0 0 0 
1 0 -1 0 0 0 0 1 0 0 0 -1 
1 0 0 0 0 0 0 1 0 0 0 -500 
1 0 0 1 0 0 0 0 0 0 0 -1 
1 0 0 -1 0 0 0 0 1 0 0 0 
1 0 0 0 0 0 0 0 0 0 1 -500 
1 0 0 0 0 0 0 0 0 1 0 -500 
1 0 0 0 0 -1 0 1 0 0 0 -1 
1 0 0 0 0 1 0 0 0 0 0 0 
1 0 -1 0 0 1 0 0 0 0 0 -1 

--- Dep 4 from S4 to S4; satisfied: 0, sat level: -1; Type: RAW
on variable: A
Dependence polyhedron
13 12
0 0 0 -1 0 0 1 0 0 0 0 0 
0 0 -1 0 0 1 0 0 0 0 0 -2 
0 -1 0 0 1 0 0 0 0 0 0 0 
1 1 0 0 0 0 0 0 0 0 0 -2 
1 -1 0 0 0 0 0 0 1 0 0 -3 
1 0 0 0 0 0 0 0 1 0 0 -300 
1 0 1 0 0 0 0 0 0 0 0 -2 
1 0 -1 0 0 0 0 1 0 0 0 -3 
1 0 0 0 0 0 0 1 0 0 0 -500 
1 0 0 1 0 0 0 0 0 0 0 -1 
1 0 0 -1 0 0 0 0 0 1 0 0 
1 0 0 0 0 0 0 0 0 1 0 -500 
1 0 0 0 0 0 0 0 0 0 1 -500 

--- Dep 5 from S5 to S5; satisfied: 0, sat level: -1; Type: RAW
on variable: D
Dependence polyhedron
10 10
0 0 -1 0 1 0 0 0 0 2 
0 -1 0 1 0 0 0 0 0 -2 
1 1 0 0 0 0 0 0 0 -1 
1 -1 0 0 0 0 0 0 1 -4 
1 0 0 0 0 0 0 0 1 -500 
1 0 1 0 0 0 0 0 0 -2 
1 0 -1 0 0 0 0 1 0 -3 
1 0 0 0 0 0 0 1 0 -500 
1 0 0 0 0 0 1 0 0 -300 
1 0 0 0 0 1 0 0 0 -500 

--- Dep 6 from S3 to S3; satisfied: 0, sat level: -1; Type: WAR
on variable: C
Dependence polyhedron
15 12
0 0 0 -1 0 0 1 0 0 0 0 0 
0 -1 0 0 1 0 0 0 0 0 0 0 
1 1 0 0 0 0 0 0 0 0 0 -2 
1 -1 0 0 0 0 0 0 1 0 0 -3 
1 0 0 0 0 0 0 0 1 0 0 -300 
1 0 1 0 0 0 0 0 0 0 0 0 
1 0 -1 0 0 0 0 1 0 0 0 -1 
1 0 0 0 0 0 0 1 0 0 0 -500 
1 0 0 1 0 0 0 0 0 0 0 -1 
1 0 0 -1 0 0 0 0 1 0 0 0 
1 0 0 0 0 0 0 0 0 0 1 -500 
1 0 0 0 0 0 0 0 0 1 0 -500 
1 0 0 0 0 -1 0 1 0 0 0 -1 
1 0 0 0 0 1 0 0 0 0 0 0 
1 0 -1 0 0 1 0 0 0 0 0 -1 

--- Dep 7 from S3 to S3; satisfied: 0, sat level: -1; Type: WAR
on variable: C
Dependence polyhedron
14 12
0 0 0 -1 0 0 1 0 0 0 0 0 
0 -1 0 0 1 0 0 0 0 0 0 -1 
0 -1 1 0 0 0 0 0 0 0 0 -1 
1 1 0 0 0 0 0 0 0 0 0 -2 
1 -1 0 0 0 0 0 0 1 0 0 -4 
1 0 0 0 0 0 0 0 1 0 0 -300 
1 0 0 0 0 0 0 0 0 1 0 -500 
1 -1 0 0 0 0 0 1 0 0 0 -2 
1 0 0 0 0 0 0 1 0 0 0 -500 
1 0 0 1 0 0 0 0 0 0 0 -1 
1 0 0 -1 0 0 0 0 1 0 0 0 
1 0 0 0 0 0 0 0 0 0 1 -500 
1 0 0 0 0 -1 0 1 0 0 0 -1 
1 0 0 0 0 1 0 0 0 0 0 0 

--- Dep 8 from S4 to S4; satisfied: 0, sat level: -1; Type: WAR
on variable: A
Dependence polyhedron
13 12
0 0 0 -1 0 0 1 0 0 0 0 0 
0 0 -1 0 0 1 0 0 0 0 0 0 
0 -1 0 0 1 0 0 0 0 0 0 -2 
1 1 0 0 0 0 0 0 0 0 0 -2 
1 -1 0 0 0 0 0 0 1 0 0 -5 
1 0 0 0 0 0 0 0 1 0 0 -300 
1 0 1 0 0 0 0 0 0 0 0 -2 
1 0 -1 0 0 0 0 1 0 0 0 -1 
1 0 0 0 0 0 0 1 0 0 0 -500 
1 0 0 1 0 0 0 0 0 0 0 -1 
1 0 0 -1 0 0 0 0 0 1 0 0 
1 0 0 0 0 0 0 0 0 1 0 -500 
1 0 0 0 0 0 0 0 0 0 1 -500 

--- Dep 9 from S1 to S4; satisfied: 0, sat level: -1; Type: WAR
on variable: A
Dependence polyhedron
14 12
0 0 0 -1 0 0 1 0 0 0 0 -1 
0 -1 0 0 0 1 0 0 0 0 0 -1 
0 0 -1 0 1 0 0 0 0 0 0 -1 
1 1 0 0 0 0 0 0 0 0 0 -1 
1 -1 0 0 0 0 0 1 0 0 0 -2 
1 0 0 0 0 0 0 1 0 0 0 -500 
1 0 1 0 0 0 0 0 0 0 0 -1 
1 1 -1 0 0 0 0 0 0 0 0 -1 
1 0 -1 0 0 0 0 0 1 0 0 -4 
1 0 0 0 0 0 0 0 0 1 0 -500 
1 0 0 0 0 0 0 0 1 0 0 -300 
1 0 0 1 0 0 0 0 0 0 0 0 
1 0 0 -1 0 0 0 0 0 1 0 -1 
1 0 0 0 0 0 0 0 0 0 1 -500 

--- Dep 10 from S1 to S1; satisfied: 0, sat level: -1; Type: WAR
on variable: A
Dependence polyhedron
14 12
0 0 0 -1 0 0 1 0 0 0 0 0 
0 0 -1 0 0 1 0 0 0 0 0 -1 
0 -1 0 0 1 0 0 0 0 0 0 0 
1 1 0 0 0 0 0 0 0 0 0 -1 
1 -1 0 0 0 0 0 1 0 0 0 -2 
1 0 0 0 0 0 0 1 0 0 0 -500 
1 0 1 0 0 0 0 0 0 0 0 0 
1 1 -1 0 0 0 0 0 0 0 0 -2 
1 0 -1 0 0 0 0 0 1 0 0 -3 
1 0 0 0 0 0 0 0 0 1 0 -500 
1 0 0 0 0 0 0 0 1 0 0 -300 
1 0 0 1 0 0 0 0 0 0 0 0 
1 0 0 -1 0 0 0 0 0 1 0 -1 
1 0 0 0 0 0 0 0 0 0 1 -500 

--- Dep 11 from S3 to S3; satisfied: 0, sat level: -1; Type: WAW
on variable: C
Dependence polyhedron
15 12
0 0 0 -1 0 0 1 0 0 0 0 0 
0 -1 0 0 1 0 0 0 0 0 0 0 
1 1 0 0 0 0 0 0 0 0 0 -2 
1 -1 0 0 0 0 0 0 1 0 0 -3 
1 0 0 0 0 0 0 0 1 0 0 -300 
1 0 1 0 0 0 0 0 0 0 0 0 
1 0 -1 0 0 0 0 1 0 0 0 -1 
1 0 0 0 0 0 0 1 0 0 0 -500 
1 0 0 1 0 0 0 0 0 0 0 -1 
1 0 0 -1 0 0 0 0 1 0 0 0 
1 0 0 0 0 0 0 0 0 0 1 -500 
1 0 0 0 0 0 0 0 0 1 0 -500 
1 0 0 0 0 -1 0 1 0 0 0 -1 
1 0 0 0 0 1 0 0 0 0 0 0 
1 0 -1 0 0 1 0 0 0 0 0 -1 

--- Dep 12 from S1 to S4; satisfied: 0, sat level: -1; Type: WAW
on variable: A
Dependence polyhedron
14 12
0 0 0 -1 0 0 1 0 0 0 0 -1 
0 -1 0 0 0 1 0 0 0 0 0 -1 
0 0 -1 0 1 0 0 0 0 0 0 0 
1 1 0 0 0 0 0 0 0 0 0 -1 
1 -1 0 0 0 0 0 1 0 0 0 -2 
1 0 0 0 0 0 0 1 0 0 0 -500 
1 0 1 0 0 0 0 0 0 0 0 -2 
1 1 -1 0 0 0 0 0 0 0 0 -1 
1 0 -1 0 0 0 0 0 1 0 0 -3 
1 0 0 0 0 0 0 0 0 1 0 -500 
1 0 0 0 0 0 0 0 1 0 0 -300 
1 0 0 1 0 0 0 0 0 0 0 0 
1 0 0 -1 0 0 0 0 0 1 0 -1 
1 0 0 0 0 0 0 0 0 0 1 -500 


[zyj-debug] After affine transformations
T(S1): (zT3, zT4, k+1, i+1, j, 3)
loop types (loop, loop, loop, loop, loop, scalar)

T(S2): (zT1, 0, i, 0, 0, 2)
loop types (loop, scalar, loop, scalar, scalar, scalar)

T(S3): (zT3, zT4, n, l, m, 1)
loop types (loop, loop, loop, loop, loop, scalar)

T(S4): (zT3, zT4, p, o, l+2, 4)
loop types (loop, loop, loop, loop, loop, scalar)

T(S5): (zT2, zT3, q+r, q, 0, 0)
loop types (loop, loop, loop, loop, scalar, scalar)

t1 --> parallel loop   (band 0)no-ujam
t2 --> fwd_dep  loop   (band 0)no-ujam
t3 --> parallel loop   (band 0)no-ujam
t4 --> fwd_dep  loop   (band 0)no-ujam
t5 --> fwd_dep  loop   (band 1)no-ujam
t6 --> serial   scalar (band 1)no-ujam

