[zyj-debug] Before affine transformations
nvar = 3, npar = 4
Parameters: PB_N PB_M PB_P PB_L 
S1 "A[i] = A[i] + A[i] - 1;"
ndims: 1; orig_depth: 1
iterators: i
Index set
3 7
1 1 0 0 0 0 0 
1 -1 1 0 0 0 -1 
1 0 1 0 0 0 -1 
T(S1): (0, i, 0, 0, 0, 0, 0)
loop types (loop, loop, loop, scalar, scalar, scalar, scalar)

Read accesses
A[i]
A[i]
Write accesses
A[i]
Original loop: 0 -> yes

S2 "B[j] = 3;"
ndims: 2; orig_depth: 2
iterators: j, k
Index set
5 8
1 1 0 0 0 0 0 0 
1 -1 0 0 1 0 0 -1 
1 0 0 0 1 0 0 -1 
1 0 1 0 0 0 0 0 
1 0 -1 0 1 0 0 -1 
T(S2): (1, j, 0, k, 0, 0, 0)
loop types (loop, loop, loop, loop, loop, scalar, scalar)

No Read accesses
Write accesses
B[j]
Original loop: 0 -> yes
Original loop: 1 -> yes

S3 "C[m][n][l-1] = C[m][n-1][l-1] + D[n][m-1] + 6;"
ndims: 3; orig_depth: 3
iterators: l, m, n
Index set
9 9
1 1 0 0 0 0 0 0 -1 
1 -1 0 0 0 0 1 0 -1 
1 0 0 0 0 0 1 0 -2 
1 0 1 0 0 0 0 0 -1 
1 1 -1 0 0 0 0 0 -1 
1 1 0 0 0 0 0 0 -2 
1 0 0 1 0 0 0 0 -1 
1 0 0 -1 1 0 0 0 -1 
1 0 0 0 1 0 0 0 -2 
T(S3): (2, l, 0, m, 0, n, 0)
loop types (loop, loop, loop, loop, loop, loop, loop)

Read accesses
C[m][n-1][l-1]
D[n][m-1]
Write accesses
C[m][n][l-1]
Original loop: 0 -> yes
Original loop: 1 -> yes
Original loop: 2 -> yes

S4 "E[o][l] = 1;"
ndims: 2; orig_depth: 2
iterators: l, o
Index set
6 8
1 1 0 0 0 0 0 -1 
1 -1 0 0 0 1 0 -1 
1 0 0 0 0 1 0 -2 
1 0 1 0 0 0 0 0 
1 0 -1 0 0 0 1 -1 
1 0 0 0 0 0 1 -1 
T(S4): (2, l, 1, o, 0, 0, 0)
loop types (loop, loop, loop, loop, loop, scalar, scalar)

No Read accesses
Write accesses
E[o][l]
Original loop: 0 -> yes
Original loop: 1 -> yes

S5 "B[l] = B[l+2] - A[l] * 5;"
ndims: 1; orig_depth: 1
iterators: l
Index set
3 7
1 1 0 0 0 0 -1 
1 -1 0 0 1 0 -1 
1 0 0 0 1 0 -2 
T(S5): (2, l, 2, 0, 0, 0, 0)
loop types (loop, loop, loop, scalar, scalar, scalar, scalar)

Read accesses
B[l+2]
A[l]
Write accesses
B[l]
Original loop: 0 -> yes

--- Dep 1 from S3 to S3; satisfied: 0, sat level: -1; Type: RAW
on variable: C
Dependence polyhedron
13 12
0 0 0 -1 0 0 1 0 0 0 0 -1 
0 0 -1 0 0 1 0 0 0 0 0 0 
0 -1 0 0 1 0 0 0 0 0 0 0 
1 1 0 0 0 0 0 0 0 0 0 -2 
1 -1 0 0 0 0 0 0 0 1 0 -1 
1 0 0 0 0 0 0 0 0 1 0 -400 
1 0 1 0 0 0 0 0 0 0 0 -1 
1 1 -1 0 0 0 0 0 0 0 0 -1 
1 0 0 0 0 0 0 1 0 0 0 -500 
1 0 0 1 0 0 0 0 0 0 0 -1 
1 0 0 -1 0 0 0 1 0 0 0 -2 
1 0 0 0 0 0 0 0 0 0 1 -500 
1 0 0 0 0 0 0 0 1 0 0 -500 

--- Dep 2 from S1 to S5; satisfied: 0, sat level: -1; Type: RAW
on variable: A
Dependence polyhedron
8 8
0 -1 1 0 0 0 0 0 
1 1 0 0 0 0 0 -1 
1 -1 0 1 0 0 0 -1 
1 0 0 1 0 0 0 -500 
1 0 0 0 0 1 0 -400 
1 0 0 0 1 0 0 -500 
1 0 0 0 0 0 1 -500 
1 -1 0 0 0 1 0 -1 

--- Dep 3 from S2 to S5; satisfied: 0, sat level: -1; Type: RAW
on variable: B
Dependence polyhedron
10 9
0 -1 0 1 0 0 0 0 2 
1 1 0 0 0 0 0 0 -3 
1 -1 0 0 0 1 0 0 -1 
1 0 0 0 0 1 0 0 -500 
1 0 1 0 0 0 0 0 0 
1 0 -1 0 0 1 0 0 -1 
1 0 0 0 1 0 0 0 -500 
1 0 0 0 0 0 1 0 -400 
1 0 0 0 0 0 0 1 -500 
1 -1 0 0 0 0 1 0 1 

--- Dep 4 from S5 to S5; satisfied: 0, sat level: -1; Type: WAR
on variable: B
Dependence polyhedron
7 8
0 -1 1 0 0 0 0 -2 
1 1 0 0 0 0 0 -1 
1 -1 0 0 0 1 0 -3 
1 0 0 0 0 1 0 -400 
1 0 0 1 0 0 0 -500 
1 0 0 0 1 0 0 -500 
1 0 0 0 0 0 1 -500 

--- Dep 5 from S2 to S5; satisfied: 0, sat level: -1; Type: WAW
on variable: B
Dependence polyhedron
10 9
0 -1 0 1 0 0 0 0 0 
1 1 0 0 0 0 0 0 -1 
1 -1 0 0 0 1 0 0 -1 
1 0 0 0 0 1 0 0 -500 
1 0 1 0 0 0 0 0 0 
1 0 -1 0 0 1 0 0 -1 
1 0 0 0 1 0 0 0 -500 
1 0 0 0 0 0 1 0 -400 
1 0 0 0 0 0 0 1 -500 
1 -1 0 0 0 0 1 0 -1 

--- Dep 6 from S2 to S2; satisfied: 0, sat level: -1; Type: WAW
on variable: B
Dependence polyhedron
12 10
0 -1 0 1 0 0 0 0 0 0 
1 1 0 0 0 0 0 0 0 0 
1 -1 0 0 0 0 1 0 0 -1 
1 0 0 0 0 0 1 0 0 -500 
1 0 1 0 0 0 0 0 0 0 
1 0 -1 0 0 0 1 0 0 -1 
1 0 0 0 0 1 0 0 0 -500 
1 0 0 0 0 0 0 1 0 -400 
1 0 0 0 0 0 0 0 1 -500 
1 0 0 0 -1 0 1 0 0 -1 
1 0 0 0 1 0 0 0 0 0 
1 0 -1 0 1 0 0 0 0 -1 


[zyj-debug] After affine transformations
T(S1): (3, i, 0, 0, 3, 0, 0, 0)
loop types (scalar, loop, scalar, scalar, scalar, scalar, scalar, scalar)

T(S2): (2, zT2, zT3, k, j, 0, 2, 0)
loop types (scalar, loop, loop, loop, loop, scalar, scalar, scalar)

T(S3): (1, zT3, zT4, zT5, m, n, l, 1)
loop types (scalar, loop, loop, loop, loop, loop, loop, scalar)

T(S4): (0, zT2, zT3, o, l, 0, 0, 0)
loop types (scalar, loop, loop, loop, loop, scalar, scalar, scalar)

T(S5): (3, l, 0, 0, 4, 0, 0, 0)
loop types (scalar, loop, scalar, scalar, scalar, scalar, scalar, scalar)

t1 --> fwd_dep  scalar (band 0)no-ujam
t2 --> fwd_dep  loop   (band 0)no-ujam
t3 --> fwd_dep  loop   (band 0)no-ujam
t4 --> fwd_dep  loop   (band 0)no-ujam
t5 --> fwd_dep  loop   (band 0)no-ujam
t6 --> fwd_dep  loop   (band 0)no-ujam
t7 --> parallel loop   (band 0)no-ujam
t8 --> parallel scalar (band 0)no-ujam

