[zyj-debug] Before affine transformations
nvar = 3, npar = 4
Parameters: PB_M PB_Q PB_N PB_L 
S1 "A[j][i][j] = A[j][i][j+1] - A[j][i][j] - 2;"
ndims: 3; orig_depth: 3
iterators: i, j, k
Index set
9 9
1 1 0 0 0 0 0 0 0 
1 -1 0 0 1 0 0 0 -2 
1 0 0 0 1 0 0 0 -2 
1 0 1 0 0 0 0 0 0 
1 1 -1 0 0 0 0 0 -1 
1 1 0 0 0 0 0 0 -1 
1 0 0 1 0 0 0 0 0 
1 0 0 -1 0 1 0 0 -1 
1 0 0 0 0 1 0 0 -1 
T(S1): (0, i, 0, j, 0, k, 0)
loop types (loop, loop, loop, loop, loop, loop, loop)

Read accesses
A[j][i][j+1]
A[j][i][j]
Write accesses
A[j][i][j]
Original loop: 0 -> yes
Original loop: 1 -> yes
Original loop: 2 -> yes

S2 "B[i] = B[i] + C[i+1] * 2;"
ndims: 1; orig_depth: 1
iterators: i
Index set
3 7
1 1 0 0 0 0 0 
1 -1 1 0 0 0 -2 
1 0 1 0 0 0 -2 
T(S2): (0, i, 1, 0, 0, 0, 0)
loop types (loop, loop, loop, scalar, scalar, scalar, scalar)

Read accesses
B[i]
C[i+1]
Write accesses
B[i]
Original loop: 0 -> yes

S3 "D[n][n] = D[n][n] * D[n+1][n] + E[l-1][m] + F[m+1][n][n] * 3;"
ndims: 3; orig_depth: 3
iterators: l, m, n
Index set
9 9
1 1 0 0 0 0 0 0 -1 
1 -1 0 0 0 0 1 0 -1 
1 0 0 0 0 0 1 0 -2 
1 0 1 0 0 0 0 0 0 
1 0 -1 0 1 0 0 0 -2 
1 0 0 0 1 0 0 0 -2 
1 0 0 1 0 0 0 0 0 
1 0 0 -1 0 0 0 1 -2 
1 0 0 0 0 0 0 1 -2 
T(S3): (1, l, 0, m, 0, n, 0)
loop types (loop, loop, loop, loop, loop, loop, loop)

Read accesses
D[n][n]
D[n+1][n]
E[l-1][m]
F[m+1][n][n]
Write accesses
D[n][n]
Original loop: 0 -> yes
Original loop: 1 -> yes
Original loop: 2 -> yes

S4 "E[l][o-1] = 5;"
ndims: 2; orig_depth: 2
iterators: l, o
Index set
6 8
1 1 0 0 0 0 0 -1 
1 -1 0 0 0 1 0 -1 
1 0 0 0 0 1 0 -2 
1 0 1 0 0 0 0 -1 
1 0 -1 0 0 1 0 0 
1 0 0 0 0 1 0 -1 
T(S4): (1, l, 1, o, 0, 0, 0)
loop types (loop, loop, loop, loop, loop, scalar, scalar)

No Read accesses
Write accesses
E[l][o-1]
Original loop: 0 -> yes
Original loop: 1 -> yes

S5 "D[q][p+1] = D[q][p+1] - 3;"
ndims: 2; orig_depth: 2
iterators: p, q
Index set
8 8
1 1 0 0 0 0 0 1 
1 -1 0 0 1 0 0 -2 
1 0 0 0 1 0 0 -1 
1 0 1 0 0 0 0 0 
1 1 -1 0 0 0 0 -1 
1 0 -1 0 0 0 1 -1 
1 1 0 0 0 0 0 -1 
1 0 0 0 0 0 1 -1 
T(S5): (2, p, 0, q, 0, 0, 0)
loop types (loop, loop, loop, loop, loop, scalar, scalar)

Read accesses
D[q][p+1]
Write accesses
D[q][p+1]
Original loop: 0 -> yes
Original loop: 1 -> yes

--- Dep 1 from S4 to S3; satisfied: 0, sat level: -1; Type: RAW
on variable: E
Dependence polyhedron
13 11
0 0 -1 0 1 0 0 0 0 0 1 
0 -1 0 1 0 0 0 0 0 0 -1 
1 1 0 0 0 0 0 0 0 0 -1 
1 -1 0 0 0 0 0 0 1 0 -2 
1 0 0 0 0 0 0 0 1 0 -500 
1 0 1 0 0 0 0 0 0 0 -1 
1 0 -1 0 0 0 0 0 1 0 0 
1 0 0 0 0 0 0 1 0 0 -500 
1 0 0 0 0 0 1 0 0 0 -500 
1 0 0 0 0 0 0 0 0 1 -400 
1 0 0 0 0 -1 0 0 0 1 -2 
1 0 0 0 0 1 0 0 0 0 0 
1 0 -1 0 0 0 1 0 0 0 -1 

--- Dep 2 from S1 to S1; satisfied: 0, sat level: -1; Type: RAW
on variable: A
Dependence polyhedron
15 12
0 0 -1 0 0 1 0 0 0 0 0 0 
0 -1 0 0 1 0 0 0 0 0 0 0 
1 1 0 0 0 0 0 0 0 0 0 -1 
1 -1 0 0 0 0 0 1 0 0 0 -2 
1 0 0 0 0 0 0 1 0 0 0 -500 
1 0 1 0 0 0 0 0 0 0 0 0 
1 1 -1 0 0 0 0 0 0 0 0 -1 
1 0 0 0 0 0 0 0 1 0 0 -500 
1 0 0 1 0 0 0 0 0 0 0 0 
1 0 0 -1 0 0 0 0 1 0 0 -1 
1 0 0 0 0 0 0 0 0 1 0 -500 
1 0 0 0 0 0 0 0 0 0 1 -400 
1 0 0 0 0 0 -1 0 1 0 0 -1 
1 0 0 0 0 0 1 0 0 0 0 0 
1 0 0 -1 0 0 1 0 0 0 0 -1 

--- Dep 3 from S3 to S3; satisfied: 0, sat level: -1; Type: RAW
on variable: D
Dependence polyhedron
14 12
0 0 0 -1 0 0 1 0 0 0 0 0 
1 1 0 0 0 0 0 0 0 0 0 -1 
1 0 0 0 0 1 0 0 0 0 0 0 
1 0 0 0 0 0 0 0 0 1 0 -500 
1 0 1 0 0 0 0 0 0 0 0 0 
1 0 -1 0 0 0 0 1 0 0 0 -2 
1 0 0 0 0 0 0 1 0 0 0 -500 
1 0 0 1 0 0 0 0 0 0 0 0 
1 0 0 -1 0 0 0 0 0 0 1 -2 
1 0 0 0 0 0 0 0 0 0 1 -400 
1 0 0 0 0 0 0 0 1 0 0 -500 
1 -1 0 0 1 0 0 0 0 0 0 -1 
1 0 0 0 -1 0 0 0 0 1 0 -1 
1 0 0 0 0 -1 0 1 0 0 0 -2 

--- Dep 4 from S3 to S3; satisfied: 0, sat level: -1; Type: RAW
on variable: D
Dependence polyhedron
13 12
0 0 0 -1 0 0 1 0 0 0 0 0 
0 -1 0 0 1 0 0 0 0 0 0 0 
1 1 0 0 0 0 0 0 0 0 0 -1 
1 -1 0 0 0 0 0 0 0 1 0 -1 
1 0 0 0 0 0 0 0 0 1 0 -500 
1 0 1 0 0 0 0 0 0 0 0 0 
1 0 0 0 0 -1 0 1 0 0 0 -2 
1 0 0 0 0 0 0 1 0 0 0 -500 
1 0 0 1 0 0 0 0 0 0 0 0 
1 0 0 -1 0 0 0 0 0 0 1 -2 
1 0 0 0 0 0 0 0 0 0 1 -400 
1 0 0 0 0 0 0 0 1 0 0 -500 
1 0 -1 0 0 1 0 0 0 0 0 -1 

--- Dep 5 from S1 to S1; satisfied: 0, sat level: -1; Type: WAR
on variable: A
Dependence polyhedron
15 12
0 0 -1 0 0 1 0 0 0 0 0 0 
0 -1 0 0 1 0 0 0 0 0 0 0 
1 1 0 0 0 0 0 0 0 0 0 -1 
1 -1 0 0 0 0 0 1 0 0 0 -2 
1 0 0 0 0 0 0 1 0 0 0 -500 
1 0 1 0 0 0 0 0 0 0 0 0 
1 1 -1 0 0 0 0 0 0 0 0 -1 
1 0 0 0 0 0 0 0 1 0 0 -500 
1 0 0 1 0 0 0 0 0 0 0 0 
1 0 0 -1 0 0 0 0 1 0 0 -1 
1 0 0 0 0 0 0 0 0 1 0 -500 
1 0 0 0 0 0 0 0 0 0 1 -400 
1 0 0 0 0 0 -1 0 1 0 0 -1 
1 0 0 0 0 0 1 0 0 0 0 0 
1 0 0 -1 0 0 1 0 0 0 0 -1 

--- Dep 6 from S3 to S3; satisfied: 0, sat level: -1; Type: WAR
on variable: D
Dependence polyhedron
14 12
0 0 0 -1 0 0 1 0 0 0 0 0 
1 1 0 0 0 0 0 0 0 0 0 -1 
1 0 0 0 0 1 0 0 0 0 0 0 
1 0 0 0 0 0 0 0 0 1 0 -500 
1 0 1 0 0 0 0 0 0 0 0 0 
1 0 -1 0 0 0 0 1 0 0 0 -2 
1 0 0 0 0 0 0 1 0 0 0 -500 
1 0 0 1 0 0 0 0 0 0 0 0 
1 0 0 -1 0 0 0 0 0 0 1 -2 
1 0 0 0 0 0 0 0 0 0 1 -400 
1 0 0 0 0 0 0 0 1 0 0 -500 
1 -1 0 0 1 0 0 0 0 0 0 -1 
1 0 0 0 -1 0 0 0 0 1 0 -1 
1 0 0 0 0 -1 0 1 0 0 0 -2 

--- Dep 7 from S3 to S3; satisfied: 0, sat level: -1; Type: WAR
on variable: D
Dependence polyhedron
13 12
0 0 0 -1 0 0 1 0 0 0 0 0 
0 -1 0 0 1 0 0 0 0 0 0 0 
1 1 0 0 0 0 0 0 0 0 0 -1 
1 -1 0 0 0 0 0 0 0 1 0 -1 
1 0 0 0 0 0 0 0 0 1 0 -500 
1 0 1 0 0 0 0 0 0 0 0 0 
1 0 0 0 0 -1 0 1 0 0 0 -2 
1 0 0 0 0 0 0 1 0 0 0 -500 
1 0 0 1 0 0 0 0 0 0 0 0 
1 0 0 -1 0 0 0 0 0 0 1 -2 
1 0 0 0 0 0 0 0 0 0 1 -400 
1 0 0 0 0 0 0 0 1 0 0 -500 
1 0 -1 0 0 1 0 0 0 0 0 -1 

--- Dep 8 from S3 to S3; satisfied: 0, sat level: -1; Type: WAW
on variable: D
Dependence polyhedron
14 12
0 0 0 -1 0 0 1 0 0 0 0 0 
1 1 0 0 0 0 0 0 0 0 0 -1 
1 0 0 0 0 1 0 0 0 0 0 0 
1 0 0 0 0 0 0 0 0 1 0 -500 
1 0 1 0 0 0 0 0 0 0 0 0 
1 0 -1 0 0 0 0 1 0 0 0 -2 
1 0 0 0 0 0 0 1 0 0 0 -500 
1 0 0 1 0 0 0 0 0 0 0 0 
1 0 0 -1 0 0 0 0 0 0 1 -2 
1 0 0 0 0 0 0 0 0 0 1 -400 
1 0 0 0 0 0 0 0 1 0 0 -500 
1 -1 0 0 1 0 0 0 0 0 0 -1 
1 0 0 0 -1 0 0 0 0 1 0 -1 
1 0 0 0 0 -1 0 1 0 0 0 -2 

--- Dep 9 from S3 to S3; satisfied: 0, sat level: -1; Type: WAW
on variable: D
Dependence polyhedron
13 12
0 0 0 -1 0 0 1 0 0 0 0 0 
0 -1 0 0 1 0 0 0 0 0 0 0 
1 1 0 0 0 0 0 0 0 0 0 -1 
1 -1 0 0 0 0 0 0 0 1 0 -1 
1 0 0 0 0 0 0 0 0 1 0 -500 
1 0 1 0 0 0 0 0 0 0 0 0 
1 0 0 0 0 -1 0 1 0 0 0 -2 
1 0 0 0 0 0 0 1 0 0 0 -500 
1 0 0 1 0 0 0 0 0 0 0 0 
1 0 0 -1 0 0 0 0 0 0 1 -2 
1 0 0 0 0 0 0 0 0 0 1 -400 
1 0 0 0 0 0 0 0 1 0 0 -500 
1 0 -1 0 0 1 0 0 0 0 0 -1 

--- Dep 10 from S1 to S1; satisfied: 0, sat level: -1; Type: WAW
on variable: A
Dependence polyhedron
15 12
0 0 -1 0 0 1 0 0 0 0 0 0 
0 -1 0 0 1 0 0 0 0 0 0 0 
1 1 0 0 0 0 0 0 0 0 0 -1 
1 -1 0 0 0 0 0 1 0 0 0 -2 
1 0 0 0 0 0 0 1 0 0 0 -500 
1 0 1 0 0 0 0 0 0 0 0 0 
1 1 -1 0 0 0 0 0 0 0 0 -1 
1 0 0 0 0 0 0 0 1 0 0 -500 
1 0 0 1 0 0 0 0 0 0 0 0 
1 0 0 -1 0 0 0 0 1 0 0 -1 
1 0 0 0 0 0 0 0 0 1 0 -500 
1 0 0 0 0 0 0 0 0 0 1 -400 
1 0 0 0 0 0 -1 0 1 0 0 -1 
1 0 0 0 0 0 1 0 0 0 0 0 
1 0 0 -1 0 0 1 0 0 0 0 -1 


[zyj-debug] After affine transformations
T(S1): (3, zT3, zT4, zT5, i, j, k)
loop types (scalar, loop, loop, loop, loop, loop, loop)

T(S2): (2, zT1, i, 0, 0, 0, 0)
loop types (scalar, loop, loop, scalar, scalar, scalar, scalar)

T(S3): (1, zT3, zT4, n, l, m, 0)
loop types (scalar, loop, loop, loop, loop, loop, scalar)

T(S4): (0, zT2, zT3, l, o, 0, 0)
loop types (scalar, loop, loop, loop, loop, scalar, scalar)

T(S5): (0, zT2, zT3, p, q, 0, 0)
loop types (scalar, loop, loop, loop, loop, scalar, scalar)

t1 --> fwd_dep  scalar (band 0)no-ujam
t2 --> parallel loop   (band 0)no-ujam
t3 --> fwd_dep  loop   (band 0)no-ujam
t4 --> fwd_dep  loop   (band 0)no-ujam
t5 --> fwd_dep  loop   (band 0)no-ujam
t6 --> fwd_dep  loop   (band 1)no-ujam
t7 --> fwd_dep  loop   (band 1)no-ujam

