[zyj-debug] Before affine transformations
nvar = 3, npar = 4
Parameters: PB_P PB_N PB_L PB_M 
S1 "A[j][i+1] = 5;"
ndims: 2; orig_depth: 2
iterators: i, j
Index set
6 8
1 1 0 0 0 0 0 0 
1 -1 0 1 0 0 0 -2 
1 0 0 1 0 0 0 -2 
1 0 1 0 0 0 0 0 
1 1 -1 0 0 0 0 -1 
1 1 0 0 0 0 0 -1 
T(S1): (0, i, 0, j, 0, 0, 0)
loop types (loop, loop, loop, loop, loop, scalar, scalar)

No Read accesses
Write accesses
A[j][i+1]
Original loop: 0 -> yes
Original loop: 1 -> yes

S2 "B[k-1][i][i+1] = B[i][k][i] + 3;"
ndims: 3; orig_depth: 3
iterators: i, j, k
Index set
9 9
1 1 0 0 0 0 0 0 0 
1 -1 0 0 1 0 0 0 -2 
1 0 0 0 1 0 0 0 -2 
1 0 1 0 0 0 0 0 0 
1 1 -1 0 0 0 0 0 -1 
1 1 0 0 0 0 0 0 -1 
1 0 0 1 0 0 0 0 -1 
1 1 0 -1 0 0 0 0 -1 
1 1 0 0 0 0 0 0 -2 
T(S2): (0, i, 0, j, 1, k, 0)
loop types (loop, loop, loop, loop, loop, loop, loop)

Read accesses
B[i][k][i]
Write accesses
B[k-1][i][i+1]
Original loop: 0 -> yes
Original loop: 1 -> yes
Original loop: 2 -> yes

S3 "B[m+1][l][n+1] = B[l][n][n] + B[n-1][m][l] + 2;"
ndims: 3; orig_depth: 3
iterators: l, m, n
Index set
11 9
1 1 0 0 0 0 0 0 0 
1 -1 0 0 0 1 0 0 -1 
1 0 0 0 0 1 0 0 -1 
1 0 1 0 0 0 0 0 -1 
1 1 -1 0 0 0 0 0 -1 
1 0 -1 0 0 1 0 0 -2 
1 1 0 0 0 0 0 0 -2 
1 0 0 0 0 1 0 0 -3 
1 0 0 1 0 0 0 0 -1 
1 0 0 -1 1 0 0 0 -2 
1 0 0 0 1 0 0 0 -3 
T(S3): (1, l, 0, m, 0, n, 0)
loop types (loop, loop, loop, loop, loop, loop, loop)

Read accesses
B[l][n][n]
B[n-1][m][l]
Write accesses
B[m+1][l][n+1]
Original loop: 0 -> yes
Original loop: 1 -> yes
Original loop: 2 -> yes

S4 "B[m-1][n-1][l] = B[m-1][n-1][m] - 1;"
ndims: 3; orig_depth: 3
iterators: l, m, n
Index set
11 9
1 1 0 0 0 0 0 0 0 
1 -1 0 0 0 1 0 0 -1 
1 0 0 0 0 1 0 0 -1 
1 0 1 0 0 0 0 0 -1 
1 1 -1 0 0 0 0 0 -1 
1 0 -1 0 0 1 0 0 -2 
1 1 0 0 0 0 0 0 -2 
1 0 0 0 0 1 0 0 -3 
1 0 0 1 0 0 0 0 -1 
1 0 0 -1 1 0 0 0 -2 
1 0 0 0 1 0 0 0 -3 
T(S4): (1, l, 0, m, 0, n, 1)
loop types (loop, loop, loop, loop, loop, loop, loop)

Read accesses
B[m-1][n-1][m]
Write accesses
B[m-1][n-1][l]
Original loop: 0 -> yes
Original loop: 1 -> yes
Original loop: 2 -> yes

S5 "A[q][o] = A[q][o] - 2;"
ndims: 3; orig_depth: 3
iterators: o, p, q
Index set
9 9
1 1 0 0 0 0 0 0 0 
1 -1 0 0 0 0 1 0 -1 
1 0 0 0 0 0 1 0 -1 
1 0 1 0 0 0 0 0 0 
1 1 -1 0 0 0 0 0 -1 
1 1 0 0 0 0 0 0 -1 
1 0 0 1 0 0 0 0 0 
1 0 0 -1 0 0 0 1 -1 
1 0 0 0 0 0 0 1 -1 
T(S5): (2, o, 0, p, 0, q, 0)
loop types (loop, loop, loop, loop, loop, loop, loop)

Read accesses
A[q][o]
Write accesses
A[q][o]
Original loop: 0 -> yes
Original loop: 1 -> yes
Original loop: 2 -> yes

--- Dep 1 from S3 to S3; satisfied: 0, sat level: -1; Type: RAW
on variable: B
Dependence polyhedron
12 12
0 -1 0 0 0 0 1 0 0 0 0 0 
0 -1 0 0 0 1 0 0 0 0 0 1 
0 -1 0 0 1 0 0 0 0 0 0 0 
0 -1 0 1 0 0 0 0 0 0 0 1 
0 -1 1 0 0 0 0 0 0 0 0 1 
1 1 0 0 0 0 0 0 0 0 0 -2 
1 -1 0 0 0 0 0 0 1 0 0 -1 
1 0 0 0 0 0 0 0 1 0 0 -400 
1 -1 0 0 0 0 0 1 0 0 0 -2 
1 0 0 0 0 0 0 0 0 1 0 -500 
1 0 0 0 0 0 0 0 0 0 1 -500 
1 0 0 0 0 0 0 1 0 0 0 -400 

--- Dep 2 from S2 to S3; satisfied: 0, sat level: -1; Type: RAW
on variable: B
Dependence polyhedron
15 12
0 0 0 -1 0 0 1 0 0 0 0 0 
0 -1 0 0 0 1 0 0 0 0 0 0 
0 -1 0 0 1 0 0 0 0 0 0 -1 
1 1 0 0 0 0 0 0 0 0 0 -2 
1 -1 0 0 0 0 0 1 0 0 0 -2 
1 0 0 0 0 0 0 1 0 0 0 -400 
1 0 1 0 0 0 0 0 0 0 0 0 
1 1 -1 0 0 0 0 0 0 0 0 -1 
1 1 0 -1 0 0 0 0 0 0 0 -1 
1 0 0 1 0 0 0 0 0 0 0 -1 
1 0 0 0 0 0 0 0 1 0 0 -400 
1 0 0 0 0 0 0 0 0 0 1 -500 
1 0 0 0 0 0 0 0 0 1 0 -500 
1 0 0 -1 0 0 0 1 0 0 0 -2 
1 -1 0 0 0 0 0 0 1 0 0 -2 

--- Dep 3 from S5 to S5; satisfied: 0, sat level: -1; Type: RAW
on variable: A
Dependence polyhedron
15 12
0 0 0 -1 0 0 1 0 0 0 0 0 
0 -1 0 0 1 0 0 0 0 0 0 0 
1 1 0 0 0 0 0 0 0 0 0 -1 
1 -1 0 0 0 0 0 0 0 1 0 -1 
1 0 0 0 0 0 0 0 0 1 0 -500 
1 0 1 0 0 0 0 0 0 0 0 0 
1 1 -1 0 0 0 0 0 0 0 0 -1 
1 0 0 0 0 0 0 0 0 0 1 -500 
1 0 0 1 0 0 0 0 0 0 0 0 
1 0 0 -1 0 0 0 0 0 0 1 -1 
1 0 0 0 0 0 0 0 1 0 0 -400 
1 0 0 0 0 0 0 1 0 0 0 -400 
1 1 0 0 0 -1 0 0 0 0 0 -1 
1 0 0 0 0 1 0 0 0 0 0 0 
1 0 -1 0 0 1 0 0 0 0 0 -1 

--- Dep 4 from S4 to S3; satisfied: 0, sat level: -1; Type: RAW
on variable: B
Dependence polyhedron
18 12
0 0 -1 0 0 0 1 0 0 0 0 0 
0 0 0 -1 0 1 0 0 0 0 0 1 
0 -1 0 0 1 0 0 0 0 0 0 0 
1 1 0 0 0 0 0 0 0 0 0 -2 
1 -1 0 0 0 0 0 0 1 0 0 -1 
1 0 0 0 0 0 0 0 1 0 0 -400 
1 0 1 0 0 0 0 0 0 0 0 -1 
1 1 -1 0 0 0 0 0 0 0 0 -1 
1 0 -1 0 0 0 0 0 1 0 0 -2 
1 0 0 0 0 0 0 1 0 0 0 -400 
1 0 0 -1 0 0 0 1 0 0 0 -2 
1 0 0 1 0 0 0 0 0 0 0 -2 
1 0 0 0 0 0 0 0 0 1 0 -500 
1 0 0 0 0 0 0 0 0 0 1 -500 
1 0 -1 0 0 0 0 1 0 0 0 -2 
1 0 0 -1 0 0 0 0 1 0 0 -1 
1 1 0 -1 0 0 0 0 0 0 0 0 
1 0 -1 1 0 0 0 0 0 0 0 -2 

--- Dep 5 from S1 to S5; satisfied: 0, sat level: -1; Type: RAW
on variable: A
Dependence polyhedron
14 11
0 0 -1 0 0 1 0 0 0 0 0 
0 -1 0 1 0 0 0 0 0 0 -1 
1 1 0 0 0 0 0 0 0 0 -1 
1 -1 0 0 0 0 1 0 0 0 -2 
1 0 0 0 0 0 1 0 0 0 -400 
1 0 1 0 0 0 0 0 0 0 0 
1 1 -1 0 0 0 0 0 0 0 -1 
1 0 0 0 0 0 0 1 0 0 -400 
1 0 0 0 0 0 0 0 0 1 -500 
1 0 0 0 0 0 0 0 1 0 -500 
1 0 -1 0 0 0 0 0 0 1 -1 
1 -1 0 0 0 0 0 0 1 0 -2 
1 1 0 0 -1 0 0 0 0 0 0 
1 0 0 0 1 0 0 0 0 0 0 

--- Dep 6 from S3 to S3; satisfied: 0, sat level: -1; Type: RAW
on variable: B
Dependence polyhedron
17 12
0 0 -1 0 0 0 1 0 0 0 0 -2 
0 -1 0 0 0 1 0 0 0 0 0 0 
0 0 0 -1 1 0 0 0 0 0 0 -1 
1 1 0 0 0 0 0 0 0 0 0 -2 
1 -1 0 0 0 0 0 0 1 0 0 -2 
1 0 0 0 0 0 0 0 1 0 0 -400 
1 0 1 0 0 0 0 0 0 0 0 -1 
1 1 -1 0 0 0 0 0 0 0 0 -1 
1 0 -1 0 0 0 0 0 1 0 0 -2 
1 0 0 0 0 0 0 1 0 0 0 -400 
1 0 0 -1 0 0 0 1 0 0 0 -2 
1 0 0 1 0 0 0 0 0 0 0 -1 
1 0 0 0 0 0 0 0 0 1 0 -500 
1 0 0 0 0 0 0 0 0 0 1 -500 
1 0 -1 0 0 0 0 1 0 0 0 -4 
1 0 0 -1 0 0 0 0 1 0 0 -2 
1 -1 0 1 0 0 0 0 0 0 0 0 

--- Dep 7 from S3 to S4; satisfied: 0, sat level: -1; Type: RAW
on variable: B
Dependence polyhedron
13 12
0 -1 0 0 0 0 1 0 0 0 0 -1 
0 0 -1 0 0 1 0 0 0 0 0 -2 
0 0 -1 1 0 0 0 0 0 0 0 -1 
1 -1 0 0 0 0 0 1 0 0 0 -3 
1 -1 0 0 1 0 0 0 0 0 0 0 
1 0 0 0 0 0 0 0 1 0 0 -400 
1 0 1 0 0 0 0 0 0 0 0 -1 
1 1 -1 0 0 0 0 0 0 0 0 -1 
1 0 0 0 -1 0 0 0 1 0 0 -1 
1 0 0 0 0 0 0 1 0 0 0 -400 
1 0 -1 0 1 0 0 0 0 0 0 -3 
1 0 0 0 0 0 0 0 0 0 1 -500 
1 0 0 0 0 0 0 0 0 1 0 -500 

--- Dep 8 from S3 to S4; satisfied: 0, sat level: -1; Type: WAR
on variable: B
Dependence polyhedron
12 12
0 0 -1 0 0 0 1 0 0 0 0 -1 
0 0 0 -1 0 1 0 0 0 0 0 0 
0 -1 0 0 1 0 0 0 0 0 0 0 
1 0 0 0 0 0 0 0 0 1 0 -500 
1 -1 0 0 0 0 0 0 1 0 0 -1 
1 0 0 0 0 0 0 0 1 0 0 -400 
1 0 1 0 0 0 0 0 0 0 0 -1 
1 0 0 0 0 0 0 0 0 0 1 -500 
1 1 0 -1 0 0 0 0 0 0 0 -1 
1 0 0 0 0 0 0 1 0 0 0 -400 
1 0 0 -1 0 0 0 1 0 0 0 -2 
1 0 -1 1 0 0 0 0 0 0 0 -1 

--- Dep 9 from S3 to S4; satisfied: 0, sat level: -1; Type: WAR
on variable: B
Dependence polyhedron
12 12
0 0 -1 0 0 0 1 0 0 0 0 -1 
0 0 -1 0 0 1 0 0 0 0 0 0 
0 -1 0 0 1 0 0 0 0 0 0 0 
0 0 -1 1 0 0 0 0 0 0 0 0 
1 0 0 0 0 0 0 0 0 0 1 -500 
1 -1 0 0 0 0 0 0 1 0 0 -1 
1 0 0 0 0 0 0 0 1 0 0 -400 
1 0 1 0 0 0 0 0 0 0 0 -1 
1 1 -1 0 0 0 0 0 0 0 0 -1 
1 0 0 0 0 0 0 0 0 1 0 -500 
1 0 0 0 0 0 0 1 0 0 0 -400 
1 0 -1 0 0 0 0 1 0 0 0 -3 

--- Dep 10 from S4 to S3; satisfied: 0, sat level: -1; Type: WAR
on variable: B
Dependence polyhedron
18 12
0 0 -1 0 0 0 1 0 0 0 0 1 
0 0 -1 0 0 1 0 0 0 0 0 2 
0 0 0 -1 1 0 0 0 0 0 0 1 
1 1 0 0 0 0 0 0 0 0 0 -2 
1 -1 0 0 0 0 0 0 1 0 0 -1 
1 0 0 0 0 0 0 0 1 0 0 -400 
1 0 1 0 0 0 0 0 0 0 0 -3 
1 1 -1 0 0 0 0 0 0 0 0 -1 
1 0 -1 0 0 0 0 0 1 0 0 -2 
1 0 0 0 0 0 0 1 0 0 0 -400 
1 0 0 -1 0 0 0 1 0 0 0 -2 
1 0 0 1 0 0 0 0 0 0 0 -3 
1 0 0 0 0 0 0 0 0 1 0 -500 
1 0 0 0 0 0 0 0 0 0 1 -500 
1 0 -1 0 0 0 0 1 0 0 0 -1 
1 0 0 -1 0 0 0 0 1 0 0 0 
1 0 -1 1 0 0 0 0 0 0 0 0 
1 -1 0 1 0 0 0 0 0 0 0 -2 

--- Dep 11 from S5 to S5; satisfied: 0, sat level: -1; Type: WAR
on variable: A
Dependence polyhedron
15 12
0 0 0 -1 0 0 1 0 0 0 0 0 
0 -1 0 0 1 0 0 0 0 0 0 0 
1 1 0 0 0 0 0 0 0 0 0 -1 
1 -1 0 0 0 0 0 0 0 1 0 -1 
1 0 0 0 0 0 0 0 0 1 0 -500 
1 0 1 0 0 0 0 0 0 0 0 0 
1 1 -1 0 0 0 0 0 0 0 0 -1 
1 0 0 0 0 0 0 0 0 0 1 -500 
1 0 0 1 0 0 0 0 0 0 0 0 
1 0 0 -1 0 0 0 0 0 0 1 -1 
1 0 0 0 0 0 0 0 1 0 0 -400 
1 0 0 0 0 0 0 1 0 0 0 -400 
1 1 0 0 0 -1 0 0 0 0 0 -1 
1 0 0 0 0 1 0 0 0 0 0 0 
1 0 -1 0 0 1 0 0 0 0 0 -1 

--- Dep 12 from S3 to S3; satisfied: 0, sat level: -1; Type: WAR
on variable: B
Dependence polyhedron
12 12
0 0 0 -1 0 0 1 0 0 0 0 1 
0 -1 0 0 0 1 0 0 0 0 0 1 
0 0 0 -1 1 0 0 0 0 0 0 0 
1 0 0 0 0 0 0 0 0 1 0 -500 
1 0 0 0 0 0 0 0 0 0 1 -500 
1 0 0 0 0 0 0 0 1 0 0 -400 
1 0 1 0 0 0 0 0 0 0 0 -1 
1 1 -1 0 0 0 0 0 0 0 0 -1 
1 -1 0 1 0 0 0 0 0 0 0 -1 
1 0 0 0 0 0 0 1 0 0 0 -400 
1 0 0 -1 0 0 0 1 0 0 0 -2 
1 0 0 -1 0 0 0 0 1 0 0 -1 

--- Dep 13 from S3 to S3; satisfied: 0, sat level: -1; Type: WAR
on variable: B
Dependence polyhedron
12 12
0 -1 0 0 0 0 1 0 0 0 0 1 
0 -1 0 0 0 1 0 0 0 0 0 1 
0 -1 0 0 1 0 0 0 0 0 0 0 
0 -1 0 1 0 0 0 0 0 0 0 0 
1 0 0 0 0 0 0 0 0 0 1 -500 
1 -1 0 0 0 0 0 0 1 0 0 -1 
1 0 0 0 0 0 0 0 1 0 0 -400 
1 0 1 0 0 0 0 0 0 0 0 -1 
1 1 -1 0 0 0 0 0 0 0 0 -2 
1 0 0 0 0 0 0 0 0 1 0 -500 
1 0 0 0 0 0 0 1 0 0 0 -400 
1 -1 0 0 0 0 0 1 0 0 0 -2 

--- Dep 14 from S3 to S4; satisfied: 0, sat level: -1; Type: WAR
on variable: B
Dependence polyhedron
16 12
0 0 0 -1 0 0 1 0 0 0 0 -1 
0 -1 0 0 0 1 0 0 0 0 0 -1 
0 0 0 -1 1 0 0 0 0 0 0 0 
1 1 0 0 0 0 0 0 0 0 0 -2 
1 -1 0 0 0 0 0 0 1 0 0 -3 
1 0 0 0 0 0 0 0 1 0 0 -400 
1 0 1 0 0 0 0 0 0 0 0 -1 
1 1 -1 0 0 0 0 0 0 0 0 -1 
1 0 -1 0 0 0 0 0 1 0 0 -2 
1 0 0 0 0 0 0 1 0 0 0 -400 
1 0 0 -1 0 0 0 1 0 0 0 -3 
1 0 0 1 0 0 0 0 0 0 0 -2 
1 0 0 0 0 0 0 0 0 1 0 -500 
1 0 0 0 0 0 0 0 0 0 1 -500 
1 -1 0 1 0 0 0 0 0 0 0 -2 
1 0 0 -1 0 0 0 0 1 0 0 -1 

--- Dep 15 from S2 to S4; satisfied: 0, sat level: -1; Type: WAW
on variable: B
Dependence polyhedron
15 12
0 -1 0 0 0 0 1 0 0 0 0 -1 
0 0 0 -1 0 1 0 0 0 0 0 0 
0 -1 0 0 1 0 0 0 0 0 0 -1 
1 1 0 0 0 0 0 0 0 0 0 -2 
1 -1 0 0 0 0 0 1 0 0 0 -3 
1 0 0 0 0 0 0 1 0 0 0 -400 
1 0 1 0 0 0 0 0 0 0 0 0 
1 1 -1 0 0 0 0 0 0 0 0 -1 
1 1 0 -1 0 0 0 0 0 0 0 -1 
1 0 0 1 0 0 0 0 0 0 0 -1 
1 0 0 0 0 0 0 0 1 0 0 -400 
1 0 0 0 0 0 0 0 0 0 1 -500 
1 0 0 0 0 0 0 0 0 1 0 -500 
1 0 0 -1 0 0 0 0 1 0 0 -2 
1 -1 0 0 0 0 0 0 1 0 0 -2 

--- Dep 16 from S4 to S3; satisfied: 0, sat level: -1; Type: WAW
on variable: B
Dependence polyhedron
18 12
0 -1 0 0 0 0 1 0 0 0 0 1 
0 0 -1 0 0 1 0 0 0 0 0 2 
0 0 0 -1 1 0 0 0 0 0 0 1 
1 1 0 0 0 0 0 0 0 0 0 -2 
1 -1 0 0 0 0 0 0 1 0 0 -1 
1 0 0 0 0 0 0 0 1 0 0 -400 
1 0 1 0 0 0 0 0 0 0 0 -3 
1 1 -1 0 0 0 0 0 0 0 0 -1 
1 0 -1 0 0 0 0 0 1 0 0 -2 
1 0 0 0 0 0 0 1 0 0 0 -400 
1 0 0 -1 0 0 0 1 0 0 0 -2 
1 0 0 1 0 0 0 0 0 0 0 -3 
1 0 0 0 0 0 0 0 0 1 0 -500 
1 0 0 0 0 0 0 0 0 0 1 -500 
1 -1 0 0 0 0 0 1 0 0 0 -1 
1 0 0 -1 0 0 0 0 1 0 0 0 
1 0 -1 1 0 0 0 0 0 0 0 0 
1 -1 0 1 0 0 0 0 0 0 0 -2 

--- Dep 17 from S3 to S4; satisfied: 0, sat level: -1; Type: WAW
on variable: B
Dependence polyhedron
14 12
0 -1 0 0 0 0 1 0 0 0 0 -1 
0 0 -1 0 0 1 0 0 0 0 0 -2 
0 0 0 -1 1 0 0 0 0 0 0 -1 
1 -1 0 0 0 0 0 1 0 0 0 -3 
1 0 0 -1 0 0 0 0 1 0 0 -2 
1 0 0 0 0 0 0 0 1 0 0 -400 
1 0 1 0 0 0 0 0 0 0 0 -1 
1 1 -1 0 0 0 0 0 0 0 0 -1 
1 0 -1 1 0 0 0 0 0 0 0 -2 
1 0 0 0 0 0 0 1 0 0 0 -400 
1 0 0 -1 0 0 0 1 0 0 0 -2 
1 -1 0 1 0 0 0 0 0 0 0 1 
1 0 0 0 0 0 0 0 0 1 0 -500 
1 0 0 0 0 0 0 0 0 0 1 -500 

--- Dep 18 from S1 to S5; satisfied: 0, sat level: -1; Type: WAW
on variable: A
Dependence polyhedron
14 11
0 0 -1 0 0 1 0 0 0 0 0 
0 -1 0 1 0 0 0 0 0 0 -1 
1 1 0 0 0 0 0 0 0 0 -1 
1 -1 0 0 0 0 1 0 0 0 -2 
1 0 0 0 0 0 1 0 0 0 -400 
1 0 1 0 0 0 0 0 0 0 0 
1 1 -1 0 0 0 0 0 0 0 -1 
1 0 0 0 0 0 0 1 0 0 -400 
1 0 0 0 0 0 0 0 0 1 -500 
1 0 0 0 0 0 0 0 1 0 -500 
1 0 -1 0 0 0 0 0 0 1 -1 
1 -1 0 0 0 0 0 0 1 0 -2 
1 1 0 0 -1 0 0 0 0 0 0 
1 0 0 0 1 0 0 0 0 0 0 

--- Dep 19 from S2 to S3; satisfied: 0, sat level: -1; Type: WAW
on variable: B
Dependence polyhedron
15 12
0 -1 0 0 0 0 1 0 0 0 0 0 
0 0 0 -1 0 1 0 0 0 0 0 2 
0 -1 0 0 1 0 0 0 0 0 0 0 
1 1 0 0 0 0 0 0 0 0 0 -2 
1 -1 0 0 0 0 0 1 0 0 0 -2 
1 0 0 0 0 0 0 1 0 0 0 -400 
1 0 1 0 0 0 0 0 0 0 0 0 
1 1 -1 0 0 0 0 0 0 0 0 -1 
1 1 0 -1 0 0 0 0 0 0 0 -1 
1 0 0 1 0 0 0 0 0 0 0 -3 
1 0 0 0 0 0 0 0 1 0 0 -400 
1 0 0 0 0 0 0 0 0 0 1 -500 
1 0 0 0 0 0 0 0 0 1 0 -500 
1 0 0 -1 0 0 0 0 1 0 0 0 
1 -1 0 0 0 0 0 0 1 0 0 -1 

--- Dep 20 from S5 to S5; satisfied: 0, sat level: -1; Type: WAW
on variable: A
Dependence polyhedron
15 12
0 0 0 -1 0 0 1 0 0 0 0 0 
0 -1 0 0 1 0 0 0 0 0 0 0 
1 1 0 0 0 0 0 0 0 0 0 -1 
1 -1 0 0 0 0 0 0 0 1 0 -1 
1 0 0 0 0 0 0 0 0 1 0 -500 
1 0 1 0 0 0 0 0 0 0 0 0 
1 1 -1 0 0 0 0 0 0 0 0 -1 
1 0 0 0 0 0 0 0 0 0 1 -500 
1 0 0 1 0 0 0 0 0 0 0 0 
1 0 0 -1 0 0 0 0 0 0 1 -1 
1 0 0 0 0 0 0 0 1 0 0 -400 
1 0 0 0 0 0 0 1 0 0 0 -400 
1 1 0 0 0 -1 0 0 0 0 0 -1 
1 0 0 0 0 1 0 0 0 0 0 0 
1 0 -1 0 0 1 0 0 0 0 0 -1 

--- Dep 21 from S2 to S2; satisfied: 0, sat level: -1; Type: WAW
on variable: B
Dependence polyhedron
15 12
0 0 0 -1 0 0 1 0 0 0 0 0 
0 -1 0 0 1 0 0 0 0 0 0 0 
1 1 0 0 0 0 0 0 0 0 0 -2 
1 -1 0 0 0 0 0 1 0 0 0 -2 
1 0 0 0 0 0 0 1 0 0 0 -400 
1 0 1 0 0 0 0 0 0 0 0 0 
1 1 -1 0 0 0 0 0 0 0 0 -1 
1 1 0 -1 0 0 0 0 0 0 0 -1 
1 0 0 1 0 0 0 0 0 0 0 -1 
1 0 0 0 0 0 0 0 1 0 0 -400 
1 0 0 0 0 0 0 0 0 0 1 -500 
1 0 0 0 0 0 0 0 0 1 0 -500 
1 1 0 0 0 -1 0 0 0 0 0 -1 
1 0 0 0 0 1 0 0 0 0 0 0 
1 0 -1 0 0 1 0 0 0 0 0 -1 


[zyj-debug] After affine transformations
T(S1): (1, zT2, zT3, j, i, 0, 0)
loop types (scalar, loop, loop, loop, loop, scalar, scalar)

T(S2): (0, zT3+zT4, zT4, i, i+k, j, 0)
loop types (scalar, loop, loop, loop, loop, loop, scalar)

T(S3): (0, zT3+zT4, zT4, l, 2l+m, n, 0)
loop types (scalar, loop, loop, loop, loop, loop, scalar)

T(S4): (0, zT3+zT4, zT4, l, 2l+m, n, 0)
loop types (scalar, loop, loop, loop, loop, loop, scalar)

T(S5): (2, zT3, zT4, zT5, q, p, o)
loop types (scalar, loop, loop, loop, loop, loop, loop)

t1 --> fwd_dep  scalar (band 0)no-ujam
t2 --> fwd_dep  loop   (band 0)no-ujam
t3 --> fwd_dep  loop   (band 0)no-ujam
t4 --> fwd_dep  loop   (band 0)no-ujam
t5 --> fwd_dep  loop   (band 0)no-ujam
t6 --> fwd_dep  loop   (band 1)no-ujam
t7 --> parallel loop   (band 1)no-ujam

