[zyj-debug] Before affine transformations
nvar = 3, npar = 3
Parameters: PB_P PB_N PB_M 
S1 "A[i+1][j] = A[i+3][j] * B[j-2][i] - A[i][i-1] + B[j-1][i] + 6;"
ndims: 2; orig_depth: 2
iterators: i, j
Index set
6 7
1 1 0 0 0 0 -1 
1 -1 0 1 0 0 -2 
1 0 0 1 0 0 -3 
1 0 1 0 0 0 -2 
1 1 -1 0 0 0 -1 
1 1 0 0 0 0 -3 
T(S1): (0, i, 0, j, 0, 0, 0)
loop types (loop, loop, loop, loop, loop, scalar, scalar)

Read accesses
A[i+3][j]
B[j-2][i]
A[i][i-1]
B[j-1][i]
Write accesses
A[i+1][j]
Original loop: 0 -> yes
Original loop: 1 -> yes

S2 "B[j][i] = B[j+2][i] - A[i+1][j] + C[j] - 2;"
ndims: 2; orig_depth: 2
iterators: i, j
Index set
6 7
1 1 0 0 0 0 -1 
1 -1 0 1 0 0 -2 
1 0 0 1 0 0 -3 
1 0 1 0 0 0 -2 
1 1 -1 0 0 0 -1 
1 1 0 0 0 0 -3 
T(S2): (0, i, 0, j, 1, 0, 0)
loop types (loop, loop, loop, loop, loop, scalar, scalar)

Read accesses
B[j+2][i]
A[i+1][j]
C[j]
Write accesses
B[j][i]
Original loop: 0 -> yes
Original loop: 1 -> yes

S3 "B[k-1][i] = A[k][k] + A[k][i+1] + 5;"
ndims: 2; orig_depth: 2
iterators: i, k
Index set
6 7
1 1 0 0 0 0 -1 
1 -1 0 1 0 0 -2 
1 0 0 1 0 0 -3 
1 0 1 0 0 0 -1 
1 1 -1 0 0 0 -1 
1 1 0 0 0 0 -2 
T(S3): (0, i, 1, k, 0, 0, 0)
loop types (loop, loop, loop, loop, loop, scalar, scalar)

Read accesses
A[k][k]
A[k][i+1]
Write accesses
B[k-1][i]
Original loop: 0 -> yes
Original loop: 1 -> yes

S4 "C[l] = C[l] + 3;"
ndims: 1; orig_depth: 1
iterators: l
Index set
3 6
1 1 0 0 0 -1 
1 -1 0 1 0 -1 
1 0 0 1 0 -2 
T(S4): (1, l, 0, 0, 0, 0, 0)
loop types (loop, loop, loop, scalar, scalar, scalar, scalar)

Read accesses
C[l]
Write accesses
C[l]
Original loop: 0 -> yes

S5 "D[m-1][n][l-1] = D[m-1][n][l-1] * D[m][n][l-1] * D[l][n-1][m] * 1;"
ndims: 3; orig_depth: 3
iterators: l, m, n
Index set
9 8
1 1 0 0 0 0 0 -1 
1 -1 0 0 0 1 0 -1 
1 0 0 0 0 1 0 -2 
1 0 1 0 0 0 0 -1 
1 1 -1 0 0 0 0 -1 
1 1 0 0 0 0 0 -2 
1 0 0 1 0 0 0 -1 
1 0 0 -1 0 0 1 -1 
1 0 0 0 0 0 1 -2 
T(S5): (1, l, 1, m, 0, n, 0)
loop types (loop, loop, loop, loop, loop, loop, loop)

Read accesses
D[m-1][n][l-1]
D[m][n][l-1]
D[l][n-1][m]
Write accesses
D[m-1][n][l-1]
Original loop: 0 -> yes
Original loop: 1 -> yes
Original loop: 2 -> yes

--- Dep 1 from S2 to S1; satisfied: 0, sat level: -1; Type: RAW
on variable: B
Dependence polyhedron
9 9
0 0 -1 0 1 0 0 0 -2 
0 -1 0 1 0 0 0 0 0 
1 1 0 0 0 0 0 0 -3 
1 -1 0 0 0 1 0 0 -2 
1 0 0 0 0 1 0 0 -400 
1 0 1 0 0 0 0 0 -2 
1 1 -1 0 0 0 0 0 -3 
1 0 0 0 0 0 1 0 -500 
1 0 0 0 0 0 0 1 -500 

--- Dep 2 from S2 to S1; satisfied: 0, sat level: -1; Type: RAW
on variable: B
Dependence polyhedron
9 9
0 0 -1 0 1 0 0 0 -1 
0 -1 0 1 0 0 0 0 0 
1 1 0 0 0 0 0 0 -3 
1 -1 0 0 0 1 0 0 -2 
1 0 0 0 0 1 0 0 -400 
1 0 1 0 0 0 0 0 -2 
1 1 -1 0 0 0 0 0 -2 
1 0 0 0 0 0 1 0 -500 
1 0 0 0 0 0 0 1 -500 

--- Dep 3 from S1 to S2; satisfied: 0, sat level: -1; Type: RAW
on variable: A
Dependence polyhedron
9 9
0 0 -1 0 1 0 0 0 0 
0 -1 0 1 0 0 0 0 0 
1 1 0 0 0 0 0 0 -3 
1 -1 0 0 0 1 0 0 -2 
1 0 0 0 0 1 0 0 -400 
1 0 1 0 0 0 0 0 -2 
1 1 -1 0 0 0 0 0 -1 
1 0 0 0 0 0 1 0 -500 
1 0 0 0 0 0 0 1 -500 

--- Dep 4 from S2 to S2; satisfied: 0, sat level: -1; Type: WAR
on variable: B
Dependence polyhedron
9 9
0 0 -1 0 1 0 0 0 -2 
0 -1 0 1 0 0 0 0 0 
1 1 0 0 0 0 0 0 -3 
1 -1 0 0 0 1 0 0 -2 
1 0 0 0 0 1 0 0 -400 
1 0 1 0 0 0 0 0 -2 
1 1 -1 0 0 0 0 0 -3 
1 0 0 0 0 0 1 0 -500 
1 0 0 0 0 0 0 1 -500 

--- Dep 5 from S1 to S1; satisfied: 0, sat level: -1; Type: WAR
on variable: A
Dependence polyhedron
9 9
0 0 -1 0 1 0 0 0 0 
0 -1 0 1 0 0 0 0 -2 
1 1 0 0 0 0 0 0 -3 
1 -1 0 0 0 1 0 0 -4 
1 0 0 0 0 1 0 0 -400 
1 0 1 0 0 0 0 0 -2 
1 1 -1 0 0 0 0 0 -1 
1 0 0 0 0 0 1 0 -500 
1 0 0 0 0 0 0 1 -500 

--- Dep 6 from S5 to S5; satisfied: 0, sat level: -1; Type: WAR
on variable: D
Dependence polyhedron
12 11
0 0 0 -1 0 0 1 0 0 0 0 
0 0 -1 0 0 1 0 0 0 0 -1 
0 -1 0 0 1 0 0 0 0 0 0 
1 1 0 0 0 0 0 0 0 0 -2 
1 -1 0 0 0 0 0 0 1 0 -1 
1 0 0 0 0 0 0 0 1 0 -500 
1 0 1 0 0 0 0 0 0 0 -1 
1 1 -1 0 0 0 0 0 0 0 -2 
1 0 0 0 0 0 0 0 0 1 -500 
1 0 0 1 0 0 0 0 0 0 -1 
1 0 0 -1 0 0 0 0 0 1 -1 
1 0 0 0 0 0 0 1 0 0 -400 

--- Dep 7 from S1 to S3; satisfied: 0, sat level: -1; Type: WAR
on variable: B
Dependence polyhedron
9 9
0 0 -1 0 1 0 0 0 0 
0 -1 0 1 0 0 0 0 0 
1 1 0 0 0 0 0 0 -3 
1 -1 0 0 0 1 0 0 -2 
1 0 0 0 0 1 0 0 -400 
1 0 1 0 0 0 0 0 -2 
1 1 -1 0 0 0 0 0 -1 
1 0 0 0 0 0 1 0 -500 
1 0 0 0 0 0 0 1 -500 

--- Dep 8 from S2 to S4; satisfied: 0, sat level: -1; Type: WAR
on variable: C
Dependence polyhedron
9 8
0 0 -1 1 0 0 0 0 
1 1 0 0 0 0 0 -3 
1 -1 0 0 1 0 0 -2 
1 0 0 0 1 0 0 -400 
1 0 1 0 0 0 0 -2 
1 1 -1 0 0 0 0 -1 
1 0 0 0 0 1 0 -500 
1 0 0 0 0 0 1 -500 
1 0 -1 0 0 1 0 -1 

--- Dep 9 from S2 to S3; satisfied: 0, sat level: -1; Type: WAR
on variable: B
Dependence polyhedron
9 9
0 0 -1 0 1 0 0 0 -3 
0 -1 0 1 0 0 0 0 0 
1 1 0 0 0 0 0 0 -3 
1 -1 0 0 0 1 0 0 -2 
1 0 0 0 0 1 0 0 -400 
1 0 1 0 0 0 0 0 -2 
1 1 -1 0 0 0 0 0 -4 
1 0 0 0 0 0 1 0 -500 
1 0 0 0 0 0 0 1 -500 

--- Dep 10 from S1 to S3; satisfied: 0, sat level: -1; Type: WAR
on variable: B
Dependence polyhedron
9 9
0 0 -1 0 1 0 0 0 1 
0 -1 0 1 0 0 0 0 0 
1 1 0 0 0 0 0 0 -3 
1 -1 0 0 0 1 0 0 -2 
1 0 0 0 0 1 0 0 -400 
1 0 1 0 0 0 0 0 -2 
1 1 -1 0 0 0 0 0 -1 
1 0 0 0 0 0 1 0 -500 
1 0 0 0 0 0 0 1 -500 

--- Dep 11 from S2 to S3; satisfied: 0, sat level: -1; Type: WAW
on variable: B
Dependence polyhedron
9 9
0 0 -1 0 1 0 0 0 -1 
0 -1 0 1 0 0 0 0 0 
1 1 0 0 0 0 0 0 -3 
1 -1 0 0 0 1 0 0 -2 
1 0 0 0 0 1 0 0 -400 
1 0 1 0 0 0 0 0 -2 
1 1 -1 0 0 0 0 0 -2 
1 0 0 0 0 0 1 0 -500 
1 0 0 0 0 0 0 1 -500 


[zyj-debug] After affine transformations
T(S1): (1, zT2+zT3, zT3, i, j, 0, 3, 0)
loop types (scalar, loop, loop, loop, loop, scalar, scalar, scalar)

T(S2): (1, zT2+zT3, zT3, i, j, 0, 4, 0)
loop types (scalar, loop, loop, loop, loop, scalar, scalar, scalar)

T(S3): (3, zT2, zT3, k, i, 0, 2, 0)
loop types (scalar, loop, loop, loop, loop, scalar, scalar, scalar)

T(S4): (2, zT1, l, 0, 0, 1, 0, 0)
loop types (scalar, loop, loop, scalar, scalar, scalar, scalar, scalar)

T(S5): (0, zT3, zT4, zT5, l, m, n, 0)
loop types (scalar, loop, loop, loop, loop, loop, loop, scalar)

t1 --> fwd_dep  scalar (band 0)no-ujam
t2 --> fwd_dep  loop   (band 0)no-ujam
t3 --> fwd_dep  loop   (band 0)no-ujam
t4 --> fwd_dep  loop   (band 0)no-ujam
t5 --> fwd_dep  loop   (band 0)no-ujam
t6 --> fwd_dep  loop   (band 0)no-ujam
t7 --> fwd_dep  loop   (band 1)no-ujam
t8 --> parallel scalar (band 1)no-ujam

