[zyj-debug] Before affine transformations
nvar = 3, npar = 2
Parameters: PB_M PB_L 
S1 "A[i] = A[i] - A[i] + A[i] + 5;"
ndims: 1; orig_depth: 1
iterators: i
Index set
3 5
1 1 0 0 0 
1 -1 1 0 -1 
1 0 1 0 -1 
T(S1): (0, i, 0, 0, 0, 0, 0)
loop types (loop, loop, loop, scalar, scalar, scalar, scalar)

Read accesses
A[i]
A[i]
A[i]
Write accesses
A[i]
Original loop: 0 -> yes

S2 "B[j][k] = B[j][k+2] - A[j] + B[k][j] - 2;"
ndims: 2; orig_depth: 2
iterators: j, k
Index set
6 6
1 1 0 0 0 0 
1 -1 0 1 0 -1 
1 0 0 1 0 -1 
1 0 1 0 0 0 
1 0 -1 1 0 -3 
1 0 0 1 0 -3 
T(S2): (1, j, 0, k, 0, 0, 0)
loop types (loop, loop, loop, loop, loop, scalar, scalar)

Read accesses
B[j][k+2]
A[j]
B[k][j]
Write accesses
B[j][k]
Original loop: 0 -> yes
Original loop: 1 -> yes

S3 "C[l][m][m] = C[l][m][m] - C[n][n][l] - C[n+1][m-1][l] * 6;"
ndims: 3; orig_depth: 3
iterators: l, m, n
Index set
9 7
1 1 0 0 0 0 0 
1 -1 0 0 1 0 -1 
1 0 0 0 1 0 -1 
1 0 1 0 0 0 -1 
1 0 -1 0 0 1 -1 
1 0 0 0 0 1 -2 
1 0 0 1 0 0 0 
1 0 0 -1 1 0 -2 
1 0 0 0 1 0 -2 
T(S3): (2, l, 0, m, 0, n, 0)
loop types (loop, loop, loop, loop, loop, loop, loop)

Read accesses
C[l][m][m]
C[n][n][l]
C[n+1][m-1][l]
Write accesses
C[l][m][m]
Original loop: 0 -> yes
Original loop: 1 -> yes
Original loop: 2 -> yes

S4 "A[o] = 4;"
ndims: 1; orig_depth: 1
iterators: o
Index set
3 5
1 1 0 0 -1 
1 -1 1 0 -1 
1 0 1 0 -2 
T(S4): (3, o, 0, 0, 0, 0, 0)
loop types (loop, loop, loop, scalar, scalar, scalar, scalar)

No Read accesses
Write accesses
A[o]
Original loop: 0 -> yes

S5 "A[o-1] = A[o] - 5;"
ndims: 1; orig_depth: 1
iterators: o
Index set
3 5
1 1 0 0 -1 
1 -1 1 0 -1 
1 0 1 0 -2 
T(S5): (3, o, 1, 0, 0, 0, 0)
loop types (loop, loop, loop, scalar, scalar, scalar, scalar)

Read accesses
A[o]
Write accesses
A[o-1]
Original loop: 0 -> yes

--- Dep 1 from S1 to S2; satisfied: 0, sat level: -1; Type: RAW
on variable: A
Dependence polyhedron
7 7
0 -1 1 0 0 0 0 
1 1 0 0 0 0 0 
1 -1 0 0 1 0 -1 
1 0 0 0 1 0 -300 
1 0 0 0 0 1 -400 
1 0 0 -1 1 0 -3 
1 0 0 1 0 0 0 

--- Dep 2 from S1 to S5; satisfied: 0, sat level: -1; Type: RAW
on variable: A
Dependence polyhedron
5 6
0 -1 1 0 0 0 
1 1 0 0 0 -1 
1 -1 0 1 0 -1 
1 0 0 1 0 -300 
1 0 0 0 1 -400 

--- Dep 3 from S3 to S3; satisfied: 0, sat level: -1; Type: RAW
on variable: C
Dependence polyhedron
11 10
0 -1 0 0 0 0 1 0 0 0 
0 -1 0 0 1 0 0 0 0 0 
0 -1 1 0 0 0 0 0 0 0 
1 1 0 0 0 0 0 0 0 -1 
1 -1 0 0 0 0 0 1 0 -2 
1 0 0 0 0 0 0 1 0 -300 
1 0 0 0 0 0 0 0 1 -400 
1 -1 0 0 0 1 0 0 0 -1 
1 0 0 0 0 -1 0 0 1 -1 
1 0 0 1 0 0 0 0 0 0 
1 0 0 -1 0 0 0 1 0 -2 

--- Dep 4 from S3 to S3; satisfied: 0, sat level: -1; Type: RAW
on variable: C
Dependence polyhedron
10 10
0 -1 0 0 0 0 1 0 0 0 
0 -1 0 0 0 1 0 0 0 0 
0 -1 0 0 1 0 0 0 0 0 
0 -1 1 0 0 0 0 0 0 0 
1 0 0 1 0 0 0 0 0 0 
1 -1 0 0 0 0 0 1 0 -2 
1 0 0 0 0 0 0 1 0 -300 
1 0 0 0 0 0 0 0 1 -400 
1 -1 0 0 0 0 0 0 1 -1 
1 1 0 -1 0 0 0 0 0 -1 

--- Dep 5 from S3 to S3; satisfied: 0, sat level: -1; Type: RAW
on variable: C
Dependence polyhedron
11 10
0 -1 0 0 0 0 1 0 0 1 
0 0 -1 0 0 1 0 0 0 -1 
0 0 -1 0 1 0 0 0 0 0 
1 1 0 0 0 0 0 0 0 -1 
1 0 -1 0 0 0 0 1 0 -1 
1 0 0 0 0 0 0 1 0 -300 
1 -1 1 0 0 0 0 0 0 0 
1 0 -1 0 0 0 0 0 1 -2 
1 0 0 0 0 0 0 0 1 -400 
1 0 0 1 0 0 0 0 0 0 
1 0 0 -1 0 0 0 1 0 -2 

--- Dep 6 from S4 to S5; satisfied: 0, sat level: -1; Type: RAW
on variable: A
Dependence polyhedron
5 6
0 -1 1 0 0 0 
1 1 0 0 0 -1 
1 -1 0 1 0 -1 
1 0 0 1 0 -300 
1 0 0 0 1 -400 

--- Dep 7 from S2 to S2; satisfied: 0, sat level: -1; Type: RAW
on variable: B
Dependence polyhedron
9 8
0 -1 0 0 1 0 0 0 
0 0 -1 1 0 0 0 0 
1 1 0 0 0 0 0 0 
1 -1 0 0 0 1 0 -3 
1 0 0 0 0 1 0 -300 
1 0 1 0 0 0 0 0 
1 0 -1 0 0 1 0 -3 
1 0 0 0 0 0 1 -400 
1 -1 1 0 0 0 0 -1 

--- Dep 8 from S3 to S3; satisfied: 0, sat level: -1; Type: RAW
on variable: C
Dependence polyhedron
13 10
0 0 -1 0 0 1 0 0 0 0 
0 -1 0 0 1 0 0 0 0 0 
1 1 0 0 0 0 0 0 0 0 
1 -1 0 0 0 0 0 1 0 -1 
1 0 0 0 0 0 0 1 0 -300 
1 0 1 0 0 0 0 0 0 -1 
1 0 -1 0 0 0 0 0 1 -1 
1 0 0 0 0 0 0 0 1 -400 
1 0 0 1 0 0 0 0 0 0 
1 0 0 -1 0 0 0 1 0 -2 
1 0 0 0 0 0 -1 1 0 -2 
1 0 0 0 0 0 1 0 0 0 
1 0 0 -1 0 0 1 0 0 -1 

--- Dep 9 from S5 to S5; satisfied: 0, sat level: -1; Type: WAR
on variable: A
Dependence polyhedron
5 6
0 -1 1 0 0 -1 
1 1 0 0 0 -1 
1 -1 0 1 0 -2 
1 0 0 1 0 -300 
1 0 0 0 1 -400 

--- Dep 10 from S1 to S4; satisfied: 0, sat level: -1; Type: WAR
on variable: A
Dependence polyhedron
5 6
0 -1 1 0 0 0 
1 1 0 0 0 -1 
1 -1 0 1 0 -1 
1 0 0 1 0 -300 
1 0 0 0 1 -400 

--- Dep 11 from S2 to S4; satisfied: 0, sat level: -1; Type: WAR
on variable: A
Dependence polyhedron
7 7
0 -1 0 1 0 0 0 
1 1 0 0 0 0 -1 
1 -1 0 0 1 0 -1 
1 0 0 0 1 0 -300 
1 0 1 0 0 0 0 
1 0 -1 0 1 0 -3 
1 0 0 0 0 1 -400 

--- Dep 12 from S1 to S5; satisfied: 0, sat level: -1; Type: WAR
on variable: A
Dependence polyhedron
5 6
0 -1 1 0 0 -1 
1 1 0 0 0 0 
1 -1 0 1 0 -2 
1 0 0 1 0 -300 
1 0 0 0 1 -400 

--- Dep 13 from S3 to S3; satisfied: 0, sat level: -1; Type: WAR
on variable: C
Dependence polyhedron
13 10
0 -1 0 0 0 1 0 0 0 0 
0 0 0 -1 1 0 0 0 0 -1 
0 -1 1 0 0 0 0 0 0 -1 
1 1 0 0 0 0 0 0 0 -1 
1 -1 0 0 0 0 0 1 0 -1 
1 0 0 0 0 0 0 1 0 -300 
1 0 0 0 0 0 -1 1 0 -2 
1 -1 0 0 0 0 0 0 1 -2 
1 0 0 0 0 0 0 0 1 -400 
1 0 0 1 0 0 0 0 0 0 
1 0 0 -1 0 0 0 1 0 -2 
1 0 0 0 0 0 1 0 0 0 
1 -1 0 1 0 0 0 0 0 0 

--- Dep 14 from S1 to S4; satisfied: 0, sat level: -1; Type: WAR
on variable: A
Dependence polyhedron
5 6
0 -1 1 0 0 0 
1 1 0 0 0 -1 
1 -1 0 1 0 -1 
1 0 0 1 0 -300 
1 0 0 0 1 -400 

--- Dep 15 from S3 to S3; satisfied: 0, sat level: -1; Type: WAR
on variable: C
Dependence polyhedron
11 10
0 -1 0 0 0 1 0 0 0 0 
0 -1 0 0 1 0 0 0 0 0 
0 -1 0 1 0 0 0 0 0 0 
1 -1 0 0 0 0 0 0 1 -1 
1 -1 0 0 0 0 0 1 0 -2 
1 0 0 0 0 0 0 1 0 -300 
1 0 1 0 0 0 0 0 0 -1 
1 1 -1 0 0 0 0 0 0 -1 
1 0 0 0 0 0 0 0 1 -400 
1 0 0 0 0 0 -1 1 0 -2 
1 0 0 0 0 0 1 0 0 0 

--- Dep 16 from S3 to S3; satisfied: 0, sat level: -1; Type: WAR
on variable: C
Dependence polyhedron
10 10
0 -1 0 0 0 1 0 0 0 0 
0 -1 0 0 1 0 0 0 0 0 
0 -1 0 1 0 0 0 0 0 0 
0 -1 1 0 0 0 0 0 0 0 
1 1 0 0 0 0 0 0 0 -1 
1 0 0 0 0 0 -1 1 0 -2 
1 0 0 0 0 0 0 1 0 -300 
1 -1 0 0 0 0 1 0 0 -1 
1 -1 0 0 0 0 0 0 1 -1 
1 0 0 0 0 0 0 0 1 -400 

--- Dep 17 from S2 to S2; satisfied: 0, sat level: -1; Type: WAR
on variable: B
Dependence polyhedron
8 8
0 0 -1 0 1 0 0 -2 
0 -1 0 1 0 0 0 0 
1 1 0 0 0 0 0 0 
1 -1 0 0 0 1 0 -1 
1 0 0 0 0 1 0 -300 
1 0 1 0 0 0 0 0 
1 0 -1 0 0 1 0 -5 
1 0 0 0 0 0 1 -400 

--- Dep 18 from S2 to S2; satisfied: 0, sat level: -1; Type: WAR
on variable: B
Dependence polyhedron
9 8
0 -1 0 0 1 0 0 0 
0 0 -1 1 0 0 0 0 
1 1 0 0 0 0 0 0 
1 -1 0 0 0 1 0 -3 
1 0 0 0 0 1 0 -300 
1 0 1 0 0 0 0 0 
1 0 -1 0 0 1 0 -3 
1 0 0 0 0 0 1 -400 
1 -1 1 0 0 0 0 -1 

--- Dep 19 from S3 to S3; satisfied: 0, sat level: -1; Type: WAR
on variable: C
Dependence polyhedron
13 10
0 0 -1 0 0 1 0 0 0 0 
0 -1 0 0 1 0 0 0 0 0 
1 1 0 0 0 0 0 0 0 0 
1 -1 0 0 0 0 0 1 0 -1 
1 0 0 0 0 0 0 1 0 -300 
1 0 1 0 0 0 0 0 0 -1 
1 0 -1 0 0 0 0 0 1 -1 
1 0 0 0 0 0 0 0 1 -400 
1 0 0 1 0 0 0 0 0 0 
1 0 0 -1 0 0 0 1 0 -2 
1 0 0 0 0 0 -1 1 0 -2 
1 0 0 0 0 0 1 0 0 0 
1 0 0 -1 0 0 1 0 0 -1 

--- Dep 20 from S1 to S5; satisfied: 0, sat level: -1; Type: WAR
on variable: A
Dependence polyhedron
5 6
0 -1 1 0 0 -1 
1 1 0 0 0 0 
1 -1 0 1 0 -2 
1 0 0 1 0 -300 
1 0 0 0 1 -400 

--- Dep 21 from S2 to S5; satisfied: 0, sat level: -1; Type: WAR
on variable: A
Dependence polyhedron
7 7
0 -1 0 1 0 0 -1 
1 1 0 0 0 0 0 
1 -1 0 0 1 0 -2 
1 0 0 0 1 0 -300 
1 0 1 0 0 0 0 
1 0 -1 0 1 0 -3 
1 0 0 0 0 1 -400 

--- Dep 22 from S1 to S4; satisfied: 0, sat level: -1; Type: WAR
on variable: A
Dependence polyhedron
5 6
0 -1 1 0 0 0 
1 1 0 0 0 -1 
1 -1 0 1 0 -1 
1 0 0 1 0 -300 
1 0 0 0 1 -400 

--- Dep 23 from S1 to S5; satisfied: 0, sat level: -1; Type: WAR
on variable: A
Dependence polyhedron
5 6
0 -1 1 0 0 -1 
1 1 0 0 0 0 
1 -1 0 1 0 -2 
1 0 0 1 0 -300 
1 0 0 0 1 -400 

--- Dep 24 from S1 to S5; satisfied: 0, sat level: -1; Type: WAW
on variable: A
Dependence polyhedron
5 6
0 -1 1 0 0 -1 
1 1 0 0 0 0 
1 -1 0 1 0 -2 
1 0 0 1 0 -300 
1 0 0 0 1 -400 

--- Dep 25 from S1 to S4; satisfied: 0, sat level: -1; Type: WAW
on variable: A
Dependence polyhedron
5 6
0 -1 1 0 0 0 
1 1 0 0 0 -1 
1 -1 0 1 0 -1 
1 0 0 1 0 -300 
1 0 0 0 1 -400 

--- Dep 26 from S4 to S5; satisfied: 0, sat level: -1; Type: WAW
on variable: A
Dependence polyhedron
5 6
0 -1 1 0 0 -1 
1 1 0 0 0 -1 
1 -1 0 1 0 -2 
1 0 0 1 0 -300 
1 0 0 0 1 -400 

--- Dep 27 from S3 to S3; satisfied: 0, sat level: -1; Type: WAW
on variable: C
Dependence polyhedron
13 10
0 0 -1 0 0 1 0 0 0 0 
0 -1 0 0 1 0 0 0 0 0 
1 1 0 0 0 0 0 0 0 0 
1 -1 0 0 0 0 0 1 0 -1 
1 0 0 0 0 0 0 1 0 -300 
1 0 1 0 0 0 0 0 0 -1 
1 0 -1 0 0 0 0 0 1 -1 
1 0 0 0 0 0 0 0 1 -400 
1 0 0 1 0 0 0 0 0 0 
1 0 0 -1 0 0 0 1 0 -2 
1 0 0 0 0 0 -1 1 0 -2 
1 0 0 0 0 0 1 0 0 0 
1 0 0 -1 0 0 1 0 0 -1 


[zyj-debug] After affine transformations
T(S1): (1, zT1, i, 0, 0, 4, 0)
loop types (scalar, loop, loop, scalar, scalar, scalar, scalar)

T(S2): (2, zT2+zT3, zT3, j, j+k, 0, 3)
loop types (scalar, loop, loop, loop, loop, scalar, scalar)

T(S3): (0, zT3+zT4, zT4, l, l+m, n, 2)
loop types (scalar, loop, loop, loop, loop, loop, scalar)

T(S4): (3, o, 0, 0, 0, 0, 0)
loop types (scalar, loop, scalar, scalar, scalar, scalar, scalar)

T(S5): (3, o, 0, 0, 1, 0, 0)
loop types (scalar, loop, scalar, scalar, scalar, scalar, scalar)

t1 --> fwd_dep  scalar (band 0)no-ujam
t2 --> fwd_dep  loop   (band 0)no-ujam
t3 --> fwd_dep  loop   (band 0)no-ujam
t4 --> fwd_dep  loop   (band 0)no-ujam
t5 --> fwd_dep  loop   (band 0)no-ujam
t6 --> fwd_dep  loop   (band 1)no-ujam
t7 --> parallel scalar (band 1)no-ujam

