[zyj-debug] Before affine transformations
nvar = 3, npar = 3
Parameters: PB_L PB_P PB_M 
S1 "A[i][k] = D[j][i] - D[j][i+2] * B[j][k][k] - C[i][j][k] * 3;"
ndims: 3; orig_depth: 3
iterators: i, j, k
Index set
9 8
1 1 0 0 0 0 0 -1 
1 -1 0 0 1 0 0 -3 
1 0 0 0 1 0 0 -4 
1 0 1 0 0 0 0 -1 
1 1 -1 0 0 0 0 -1 
1 1 0 0 0 0 0 -2 
1 0 0 1 0 0 0 0 
1 0 0 -1 0 1 0 -1 
1 0 0 0 0 1 0 -1 
T(S1): (0, i, 0, j, 0, k, 0)
loop types (loop, loop, loop, loop, loop, loop, loop)

Read accesses
D[j][i]
D[j][i+2]
B[j][k][k]
C[i][j][k]
Write accesses
A[i][k]
Original loop: 0 -> yes
Original loop: 1 -> yes
Original loop: 2 -> yes

S2 "D[j][i] = E[i-1] + D[j-1][i-1] - 6;"
ndims: 2; orig_depth: 2
iterators: i, j
Index set
6 7
1 1 0 0 0 0 -1 
1 -1 0 1 0 0 -3 
1 0 0 1 0 0 -4 
1 0 1 0 0 0 -1 
1 1 -1 0 0 0 -1 
1 1 0 0 0 0 -2 
T(S2): (0, i, 0, j, 1, 0, 0)
loop types (loop, loop, loop, loop, loop, scalar, scalar)

Read accesses
E[i-1]
D[j-1][i-1]
Write accesses
D[j][i]
Original loop: 0 -> yes
Original loop: 1 -> yes

S3 "E[i] = E[i] - E[i] * F[i] + 5;"
ndims: 1; orig_depth: 1
iterators: i
Index set
3 6
1 1 0 0 0 -1 
1 -1 1 0 0 -3 
1 0 1 0 0 -4 
T(S3): (0, i, 1, 0, 0, 0, 0)
loop types (loop, loop, loop, scalar, scalar, scalar, scalar)

Read accesses
E[i]
E[i]
F[i]
Write accesses
E[i]
Original loop: 0 -> yes

S4 "B[l][m][m] = B[l+2][m+1][m] * B[l][n][m-1] * 1;"
ndims: 3; orig_depth: 3
iterators: l, m, n
Index set
9 8
1 1 0 0 0 0 0 0 
1 -1 0 0 0 0 1 -3 
1 0 0 0 0 0 1 -3 
1 0 1 0 0 0 0 -1 
1 0 -1 0 1 0 0 -2 
1 0 0 0 1 0 0 -3 
1 0 0 1 0 0 0 0 
1 0 0 -1 1 0 0 -1 
1 0 0 0 1 0 0 -1 
T(S4): (1, l, 0, m, 0, n, 0)
loop types (loop, loop, loop, loop, loop, loop, loop)

Read accesses
B[l+2][m+1][m]
B[l][n][m-1]
Write accesses
B[l][m][m]
Original loop: 0 -> yes
Original loop: 1 -> yes
Original loop: 2 -> yes

S5 "F[o] = E[o+1] + 5;"
ndims: 1; orig_depth: 1
iterators: o
Index set
3 6
1 1 0 0 0 0 
1 -1 1 0 0 -1 
1 0 1 0 0 -1 
T(S5): (2, o, 0, 0, 0, 0, 0)
loop types (loop, loop, loop, scalar, scalar, scalar, scalar)

Read accesses
E[o+1]
Write accesses
F[o]
Original loop: 0 -> yes

--- Dep 1 from S4 to S4; satisfied: 0, sat level: -1; Type: RAW
on variable: B
Dependence polyhedron
12 11
0 0 -1 0 0 0 1 0 0 0 0 
0 0 -1 0 0 1 0 0 0 0 -1 
0 -1 0 0 1 0 0 0 0 0 0 
1 1 0 0 0 0 0 0 0 0 0 
1 -1 0 0 0 0 0 0 0 1 -3 
1 0 0 0 0 0 0 0 0 1 -400 
1 0 1 0 0 0 0 0 0 0 -1 
1 0 -1 0 0 0 0 1 0 0 -3 
1 0 0 0 0 0 0 1 0 0 -300 
1 0 0 1 0 0 0 0 0 0 0 
1 0 0 -1 0 0 0 1 0 0 -1 
1 0 0 0 0 0 0 0 1 0 -300 

--- Dep 2 from S3 to S5; satisfied: 0, sat level: -1; Type: RAW
on variable: E
Dependence polyhedron
6 7
0 -1 1 0 0 0 1 
1 1 0 0 0 0 -1 
1 -1 0 1 0 0 -3 
1 0 0 1 0 0 -300 
1 0 0 0 0 1 -400 
1 0 0 0 1 0 -300 

--- Dep 3 from S2 to S2; satisfied: 0, sat level: -1; Type: RAW
on variable: D
Dependence polyhedron
9 9
0 0 -1 0 1 0 0 0 -1 
0 -1 0 1 0 0 0 0 -1 
1 1 0 0 0 0 0 0 -2 
1 -1 0 0 0 1 0 0 -4 
1 0 0 0 0 1 0 0 -300 
1 0 1 0 0 0 0 0 -1 
1 1 -1 0 0 0 0 0 -1 
1 0 0 0 0 0 0 1 -400 
1 0 0 0 0 0 1 0 -300 

--- Dep 4 from S3 to S2; satisfied: 0, sat level: -1; Type: RAW
on variable: E
Dependence polyhedron
8 8
0 -1 1 0 0 0 0 -1 
1 1 0 0 0 0 0 -1 
1 -1 0 0 1 0 0 -4 
1 0 0 0 1 0 0 -300 
1 0 0 0 0 0 1 -400 
1 0 0 0 0 1 0 -300 
1 1 0 -1 0 0 0 0 
1 0 0 1 0 0 0 -1 

--- Dep 5 from S1 to S4; satisfied: 0, sat level: -1; Type: WAR
on variable: B
Dependence polyhedron
15 11
0 0 0 -1 0 1 0 0 0 0 0 
0 0 -1 0 1 0 0 0 0 0 0 
1 1 0 0 0 0 0 0 0 0 -2 
1 -1 0 0 0 0 0 1 0 0 -3 
1 0 0 0 0 0 0 1 0 0 -300 
1 0 1 0 0 0 0 0 0 0 -1 
1 1 -1 0 0 0 0 0 0 0 -1 
1 0 0 0 0 0 0 0 1 0 -300 
1 0 0 1 0 0 0 0 0 0 -1 
1 0 0 -1 0 0 0 0 1 0 -1 
1 0 0 0 0 0 0 0 0 1 -400 
1 0 0 0 0 0 -1 1 0 0 -1 
1 0 -1 0 0 0 0 0 0 1 -3 
1 0 0 0 0 0 1 0 0 0 0 
1 0 0 -1 0 0 0 1 0 0 -2 

--- Dep 6 from S1 to S2; satisfied: 0, sat level: -1; Type: WAR
on variable: D
Dependence polyhedron
11 10
0 0 -1 0 0 1 0 0 0 0 
0 -1 0 0 1 0 0 0 0 0 
1 1 0 0 0 0 0 0 0 -2 
1 -1 0 0 0 0 1 0 0 -3 
1 0 0 0 0 0 1 0 0 -300 
1 0 1 0 0 0 0 0 0 -1 
1 1 -1 0 0 0 0 0 0 -1 
1 0 0 0 0 0 0 1 0 -300 
1 0 0 1 0 0 0 0 0 0 
1 0 0 -1 0 0 0 1 0 -1 
1 0 0 0 0 0 0 0 1 -400 

--- Dep 7 from S1 to S2; satisfied: 0, sat level: -1; Type: WAR
on variable: D
Dependence polyhedron
11 10
0 0 -1 0 0 1 0 0 0 0 
0 -1 0 0 1 0 0 0 0 -2 
1 1 0 0 0 0 0 0 0 -2 
1 -1 0 0 0 0 1 0 0 -5 
1 0 0 0 0 0 1 0 0 -300 
1 0 1 0 0 0 0 0 0 -1 
1 1 -1 0 0 0 0 0 0 -1 
1 0 0 0 0 0 0 1 0 -300 
1 0 0 1 0 0 0 0 0 0 
1 0 0 -1 0 0 0 1 0 -1 
1 0 0 0 0 0 0 0 1 -400 

--- Dep 8 from S3 to S5; satisfied: 0, sat level: -1; Type: WAR
on variable: F
Dependence polyhedron
6 7
0 -1 1 0 0 0 0 
1 1 0 0 0 0 -1 
1 -1 0 1 0 0 -3 
1 0 0 1 0 0 -300 
1 0 0 0 0 1 -400 
1 0 0 0 1 0 -300 

--- Dep 9 from S4 to S4; satisfied: 0, sat level: -1; Type: WAW
on variable: B
Dependence polyhedron
14 11
0 0 -1 0 0 1 0 0 0 0 0 
0 -1 0 0 1 0 0 0 0 0 0 
1 1 0 0 0 0 0 0 0 0 0 
1 -1 0 0 0 0 0 0 0 1 -3 
1 0 0 0 0 0 0 0 0 1 -400 
1 0 1 0 0 0 0 0 0 0 -1 
1 0 -1 0 0 0 0 1 0 0 -2 
1 0 0 0 0 0 0 1 0 0 -300 
1 0 0 1 0 0 0 0 0 0 0 
1 0 0 -1 0 0 0 1 0 0 -1 
1 0 0 0 0 0 0 0 1 0 -300 
1 0 0 0 0 0 -1 1 0 0 -1 
1 0 0 0 0 0 1 0 0 0 0 
1 0 0 -1 0 0 1 0 0 0 -1 

--- Dep 10 from S1 to S1; satisfied: 0, sat level: -1; Type: WAW
on variable: A
Dependence polyhedron
14 11
0 0 0 -1 0 0 1 0 0 0 0 
0 -1 0 0 1 0 0 0 0 0 0 
1 1 0 0 0 0 0 0 0 0 -2 
1 -1 0 0 0 0 0 1 0 0 -3 
1 0 0 0 0 0 0 1 0 0 -300 
1 0 1 0 0 0 0 0 0 0 -1 
1 1 -1 0 0 0 0 0 0 0 -1 
1 0 0 0 0 0 0 0 1 0 -300 
1 0 0 1 0 0 0 0 0 0 0 
1 0 0 -1 0 0 0 0 1 0 -1 
1 0 0 0 0 0 0 0 0 1 -400 
1 1 0 0 0 -1 0 0 0 0 -1 
1 0 0 0 0 1 0 0 0 0 -1 
1 0 -1 0 0 1 0 0 0 0 -1 


[zyj-debug] After affine transformations
T(S1): (1, zT3+zT4, zT4, k, j, 1, 0, i)
loop types (scalar, loop, loop, loop, loop, scalar, scalar, loop)

T(S2): (2, zT2+zT3, zT3, j, i, 1, 0, 0)
loop types (scalar, loop, loop, loop, loop, scalar, scalar, scalar)

T(S3): (0, i, 0, 0, 0, 0, 0, 0)
loop types (scalar, loop, scalar, scalar, scalar, scalar, scalar, scalar)

T(S4): (1, zT3+zT4, zT4, m, l, 1, 1, n)
loop types (scalar, loop, loop, loop, loop, scalar, scalar, loop)

T(S5): (0, o+1, 0, 1, 0, 0, 0, 0)
loop types (scalar, loop, scalar, scalar, scalar, scalar, scalar, scalar)

t1 --> fwd_dep  scalar (band 0)no-ujam
t2 --> fwd_dep  loop   (band 0)no-ujam
t3 --> fwd_dep  loop   (band 0)no-ujam
t4 --> fwd_dep  loop   (band 0)no-ujam
t5 --> fwd_dep  loop   (band 0)no-ujam
t6 --> parallel scalar (band 0)no-ujam
t7 --> fwd_dep  scalar (band 0)no-ujam
t8 --> serial   loop   (band 1)no-ujam

