[zyj-debug] Before affine transformations
nvar = 3, npar = 4
Parameters: PB_M PB_L PB_P PB_N 
S1 "A[i+1] = A[i+1] + A[i+1] - A[i] - 5;"
ndims: 1; orig_depth: 1
iterators: i
Index set
3 7
1 1 0 0 0 0 0 
1 -1 1 0 0 0 -2 
1 0 1 0 0 0 -2 
T(S1): (0, i, 0, 0, 0, 0, 0)
loop types (loop, loop, loop, scalar, scalar, scalar, scalar)

Read accesses
A[i+1]
A[i+1]
A[i]
Write accesses
A[i+1]
Original loop: 0 -> yes

S2 "B[l-1][j][k-1] = C[l+1][k][k-1] + D[l+1][j-1][k] + 6;"
ndims: 3; orig_depth: 3
iterators: j, k, l
Index set
9 9
1 1 0 0 0 0 0 0 -1 
1 -1 0 0 0 1 0 0 0 
1 0 0 0 0 1 0 0 -1 
1 0 1 0 0 0 0 0 -1 
1 0 -1 0 0 0 1 0 -1 
1 0 0 0 0 0 1 0 -2 
1 0 0 1 0 0 0 0 -1 
1 0 0 -1 0 0 0 1 -2 
1 0 0 0 0 0 0 1 -3 
T(S2): (1, j, 0, k, 0, l, 0)
loop types (loop, loop, loop, loop, loop, loop, loop)

Read accesses
C[l+1][k][k-1]
D[l+1][j-1][k]
Write accesses
B[l-1][j][k-1]
Original loop: 0 -> yes
Original loop: 1 -> yes
Original loop: 2 -> yes

S3 "E[m][n+1] = F[m][m] - G[m-1][n] + 1;"
ndims: 2; orig_depth: 2
iterators: m, n
Index set
7 8
1 1 0 0 0 0 0 -1 
1 -1 0 0 1 0 0 -1 
1 0 0 0 1 0 0 -2 
1 0 1 0 0 0 0 0 
1 1 -1 0 0 0 0 -1 
1 0 -1 0 0 1 0 -1 
1 0 0 0 0 1 0 -1 
T(S3): (2, m, 0, n, 0, 0, 0)
loop types (loop, loop, loop, loop, loop, scalar, scalar)

Read accesses
F[m][m]
G[m-1][n]
Write accesses
E[m][n+1]
Original loop: 0 -> yes
Original loop: 1 -> yes

S4 "F[m][o] = 1;"
ndims: 2; orig_depth: 2
iterators: m, o
Index set
6 8
1 1 0 0 0 0 0 -1 
1 -1 0 0 1 0 0 -1 
1 0 0 0 1 0 0 -2 
1 0 1 0 0 0 0 0 
1 0 -1 0 1 0 0 -1 
1 0 0 0 1 0 0 -1 
T(S4): (2, m, 1, o, 0, 0, 0)
loop types (loop, loop, loop, loop, loop, scalar, scalar)

No Read accesses
Write accesses
F[m][o]
Original loop: 0 -> yes
Original loop: 1 -> yes

S5 "H[p] = H[p] - H[p-2] - A[p] + 2;"
ndims: 1; orig_depth: 1
iterators: p
Index set
3 7
1 1 0 0 0 0 -2 
1 -1 1 0 0 0 -1 
1 0 1 0 0 0 -3 
T(S5): (3, p, 0, 0, 0, 0, 0)
loop types (loop, loop, loop, scalar, scalar, scalar, scalar)

Read accesses
H[p]
H[p-2]
A[p]
Write accesses
H[p]
Original loop: 0 -> yes

--- Dep 1 from S5 to S5; satisfied: 0, sat level: -1; Type: RAW
on variable: H
Dependence polyhedron
7 8
0 -1 1 0 0 0 0 -2 
1 1 0 0 0 0 0 -2 
1 -1 0 1 0 0 0 -3 
1 0 0 1 0 0 0 -500 
1 0 0 0 0 0 1 -500 
1 0 0 0 0 1 0 -300 
1 0 0 0 1 0 0 -400 

--- Dep 2 from S1 to S1; satisfied: 0, sat level: -1; Type: RAW
on variable: A
Dependence polyhedron
7 8
0 -1 1 0 0 0 0 -1 
1 1 0 0 0 0 0 0 
1 -1 0 1 0 0 0 -3 
1 0 0 1 0 0 0 -500 
1 0 0 0 0 0 1 -500 
1 0 0 0 0 1 0 -300 
1 0 0 0 1 0 0 -400 

--- Dep 3 from S1 to S5; satisfied: 0, sat level: -1; Type: RAW
on variable: A
Dependence polyhedron
7 8
0 -1 1 0 0 0 0 -1 
1 1 0 0 0 0 0 -1 
1 -1 0 1 0 0 0 -2 
1 0 0 1 0 0 0 -500 
1 0 0 0 0 0 1 -500 
1 0 0 0 0 1 0 -300 
1 0 0 0 1 0 0 -400 

--- Dep 4 from S3 to S4; satisfied: 0, sat level: -1; Type: WAR
on variable: F
Dependence polyhedron
11 10
0 -1 0 0 1 0 0 0 0 0 
0 -1 0 1 0 0 0 0 0 0 
1 1 0 0 0 0 0 0 0 -1 
1 -1 0 0 0 0 1 0 0 -1 
1 0 0 0 0 0 1 0 0 -400 
1 0 1 0 0 0 0 0 0 0 
1 1 -1 0 0 0 0 0 0 -1 
1 0 -1 0 0 0 0 1 0 -1 
1 0 0 0 0 0 0 1 0 -300 
1 0 0 0 0 0 0 0 1 -500 
1 0 0 0 0 1 0 0 0 -500 


[zyj-debug] After affine transformations
T(S1): (zT1, 0, 0, i, 0, 0)
loop types (loop, scalar, scalar, loop, scalar, scalar)

T(S2): (zT3, zT4, zT5, j, k, l)
loop types (loop, loop, loop, loop, loop, loop)

T(S3): (zT2, zT3, 0, m, n, 0)
loop types (loop, loop, scalar, loop, loop, scalar)

T(S4): (zT2, zT3, 0, m, o, 0)
loop types (loop, loop, scalar, loop, loop, scalar)

T(S5): (zT1, 0, 0, p, 0, 0)
loop types (loop, scalar, scalar, loop, scalar, scalar)

t1 --> fwd_dep  loop   (band 0)no-ujam
t2 --> fwd_dep  loop   (band 0)no-ujam
t3 --> parallel loop   (band 0)no-ujam
t4 --> fwd_dep  loop   (band 0)no-ujam
t5 --> fwd_dep  loop   (band 0)no-ujam
t6 --> parallel loop   (band 0)no-ujam

Warning: parallel poly loop not found in AST
