[zyj-debug] Before affine transformations
nvar = 2, npar = 1
Parameters: PB_M 
S1 "A[i-1] = A[i-1] + A[i] - A[i] * A[i+1] + 2;"
ndims: 1; orig_depth: 1
iterators: i
Index set
3 4
1 1 0 -1 
1 -1 1 -2 
1 0 1 -3 
T(S1): (0, i, 0, 0, 0)
loop types (loop, loop, loop, scalar, scalar)

Read accesses
A[i-1]
A[i]
A[i]
A[i+1]
Write accesses
A[i-1]
Original loop: 0 -> yes

S2 "B[j][j] = 3;"
ndims: 2; orig_depth: 2
iterators: j, k
Index set
5 5
1 1 0 0 0 
1 -1 0 1 -1 
1 0 0 1 -1 
1 0 1 0 1 
1 0 -1 1 -2 
T(S2): (1, j, 0, k, 0)
loop types (loop, loop, loop, loop, loop)

No Read accesses
Write accesses
B[j][j]
Original loop: 0 -> yes
Original loop: 1 -> yes

S3 "B[k+1][j] = B[j][j] + B[k+1][j] + 4;"
ndims: 2; orig_depth: 2
iterators: j, k
Index set
5 5
1 1 0 0 0 
1 -1 0 1 -1 
1 0 0 1 -1 
1 0 1 0 1 
1 0 -1 1 -2 
T(S3): (1, j, 0, k, 1)
loop types (loop, loop, loop, loop, loop)

Read accesses
B[j][j]
B[k+1][j]
Write accesses
B[k+1][j]
Original loop: 0 -> yes
Original loop: 1 -> yes

S4 "C[l] = C[l-2] - A[l] * 3;"
ndims: 1; orig_depth: 1
iterators: l
Index set
3 4
1 1 0 -2 
1 -1 1 -1 
1 0 1 -3 
T(S4): (2, l, 0, 0, 0)
loop types (loop, loop, loop, scalar, scalar)

Read accesses
C[l-2]
A[l]
Write accesses
C[l]
Original loop: 0 -> yes

S5 "A[m-1] = A[m-1] * 3;"
ndims: 1; orig_depth: 1
iterators: m
Index set
3 4
1 1 0 -1 
1 -1 1 0 
1 0 1 -1 
T(S5): (3, m, 0, 0, 0)
loop types (loop, loop, loop, scalar, scalar)

Read accesses
A[m-1]
Write accesses
A[m-1]
Original loop: 0 -> yes

--- Dep 1 from S4 to S4; satisfied: 0, sat level: -1; Type: RAW
on variable: C
Dependence polyhedron
4 5
0 -1 1 0 -2 
1 1 0 0 -2 
1 -1 0 1 -3 
1 0 0 1 -9000 

--- Dep 2 from S2 to S3; satisfied: 0, sat level: -1; Type: RAW
on variable: B
Dependence polyhedron
8 7
0 -1 0 0 1 0 1 
0 -1 0 1 0 0 0 
1 1 0 0 0 0 0 
1 -1 0 0 0 1 -1 
1 0 0 0 0 1 -9000 
1 0 1 0 0 0 1 
1 0 -1 0 0 1 -2 
1 1 -1 0 0 0 -1 

--- Dep 3 from S2 to S3; satisfied: 0, sat level: -1; Type: RAW
on variable: B
Dependence polyhedron
9 7
0 -1 0 1 0 0 0 
1 1 0 0 0 0 0 
1 -1 0 0 0 1 -1 
1 0 0 0 0 1 -9000 
1 0 1 0 0 0 1 
1 0 -1 0 0 1 -2 
1 0 0 0 -1 1 -2 
1 0 0 0 1 0 1 
1 0 -1 0 1 0 0 

--- Dep 4 from S1 to S5; satisfied: 0, sat level: -1; Type: RAW
on variable: A
Dependence polyhedron
4 5
0 -1 1 0 0 
1 1 0 0 -1 
1 -1 0 1 -2 
1 0 0 1 -9000 

--- Dep 5 from S3 to S3; satisfied: 0, sat level: -1; Type: RAW
on variable: B
Dependence polyhedron
8 7
0 -1 0 1 0 0 0 
0 -1 1 0 0 0 1 
1 1 0 0 0 0 0 
1 -1 0 0 0 1 -1 
1 0 0 0 0 1 -9000 
1 0 0 0 -1 1 -2 
1 0 0 0 1 0 1 
1 -1 0 0 1 0 0 

--- Dep 6 from S1 to S4; satisfied: 0, sat level: -1; Type: RAW
on variable: A
Dependence polyhedron
4 5
0 -1 1 0 1 
1 1 0 0 -3 
1 -1 0 1 -2 
1 0 0 1 -9000 

--- Dep 7 from S4 to S5; satisfied: 0, sat level: -1; Type: WAR
on variable: A
Dependence polyhedron
4 5
0 -1 1 0 -1 
1 1 0 0 -2 
1 -1 0 1 -1 
1 0 0 1 -9000 

--- Dep 8 from S1 to S1; satisfied: 0, sat level: -1; Type: WAR
on variable: A
Dependence polyhedron
4 5
0 -1 1 0 -1 
1 1 0 0 -1 
1 -1 0 1 -3 
1 0 0 1 -9000 

--- Dep 9 from S1 to S1; satisfied: 0, sat level: -1; Type: WAR
on variable: A
Dependence polyhedron
4 5
0 -1 1 0 -2 
1 1 0 0 -1 
1 -1 0 1 -4 
1 0 0 1 -9000 

--- Dep 10 from S3 to S2; satisfied: 0, sat level: -1; Type: WAR
on variable: B
Dependence polyhedron
8 7
0 -1 0 1 0 0 0 
0 -1 1 0 0 0 1 
1 1 0 0 0 0 0 
1 -1 0 0 0 1 -1 
1 0 0 0 0 1 -9000 
1 0 0 0 -1 1 -2 
1 0 0 0 1 0 1 
1 -1 0 0 1 0 0 

--- Dep 11 from S1 to S1; satisfied: 0, sat level: -1; Type: WAR
on variable: A
Dependence polyhedron
4 5
0 -1 1 0 -1 
1 1 0 0 -1 
1 -1 0 1 -3 
1 0 0 1 -9000 

--- Dep 12 from S3 to S2; satisfied: 0, sat level: -1; Type: WAR
on variable: B
Dependence polyhedron
9 7
0 -1 0 1 0 0 0 
1 1 0 0 0 0 0 
1 -1 0 0 0 1 -1 
1 0 0 0 0 1 -9000 
1 0 1 0 0 0 1 
1 0 -1 0 0 1 -2 
1 0 0 0 -1 1 -2 
1 0 0 0 1 0 1 
1 0 -1 0 1 0 -1 

--- Dep 13 from S1 to S5; satisfied: 0, sat level: -1; Type: WAR
on variable: A
Dependence polyhedron
4 5
0 -1 1 0 -1 
1 1 0 0 -1 
1 -1 0 1 -2 
1 0 0 1 -9000 

--- Dep 14 from S3 to S3; satisfied: 0, sat level: -1; Type: WAR
on variable: B
Dependence polyhedron
8 7
0 -1 0 0 1 0 1 
0 -1 0 1 0 0 0 
1 1 0 0 0 0 0 
1 -1 0 0 0 1 -1 
1 0 0 0 0 1 -9000 
1 0 1 0 0 0 1 
1 0 -1 0 0 1 -2 
1 1 -1 0 0 0 -2 

--- Dep 15 from S1 to S5; satisfied: 0, sat level: -1; Type: WAR
on variable: A
Dependence polyhedron
4 5
0 -1 1 0 -2 
1 1 0 0 -1 
1 -1 0 1 -2 
1 0 0 1 -9000 

--- Dep 16 from S1 to S5; satisfied: 0, sat level: -1; Type: WAR
on variable: A
Dependence polyhedron
4 5
0 -1 1 0 0 
1 1 0 0 -1 
1 -1 0 1 -2 
1 0 0 1 -9000 

--- Dep 17 from S1 to S5; satisfied: 0, sat level: -1; Type: WAR
on variable: A
Dependence polyhedron
4 5
0 -1 1 0 -1 
1 1 0 0 -1 
1 -1 0 1 -2 
1 0 0 1 -9000 

--- Dep 18 from S3 to S2; satisfied: 0, sat level: -1; Type: WAW
on variable: B
Dependence polyhedron
8 7
0 -1 0 1 0 0 0 
0 -1 1 0 0 0 1 
1 1 0 0 0 0 0 
1 -1 0 0 0 1 -1 
1 0 0 0 0 1 -9000 
1 0 0 0 -1 1 -2 
1 0 0 0 1 0 1 
1 -1 0 0 1 0 0 

--- Dep 19 from S2 to S3; satisfied: 0, sat level: -1; Type: WAW
on variable: B
Dependence polyhedron
8 7
0 -1 0 0 1 0 1 
0 -1 0 1 0 0 0 
1 1 0 0 0 0 0 
1 -1 0 0 0 1 -1 
1 0 0 0 0 1 -9000 
1 0 1 0 0 0 1 
1 0 -1 0 0 1 -2 
1 1 -1 0 0 0 -1 

--- Dep 20 from S1 to S5; satisfied: 0, sat level: -1; Type: WAW
on variable: A
Dependence polyhedron
4 5
0 -1 1 0 0 
1 1 0 0 -1 
1 -1 0 1 -2 
1 0 0 1 -9000 

--- Dep 21 from S2 to S2; satisfied: 0, sat level: -1; Type: WAW
on variable: B
Dependence polyhedron
9 7
0 -1 0 1 0 0 0 
1 1 0 0 0 0 0 
1 -1 0 0 0 1 -1 
1 0 0 0 0 1 -9000 
1 0 1 0 0 0 1 
1 0 -1 0 0 1 -2 
1 0 0 0 -1 1 -2 
1 0 0 0 1 0 1 
1 0 -1 0 1 0 -1 


[zyj-debug] After affine transformations
T(S1): (zT1, 0, i, 0, 2)
loop types (loop, scalar, loop, scalar, scalar)

T(S2): (zT2, zT3, j, k, 0)
loop types (loop, loop, loop, loop, scalar)

T(S3): (zT2, zT3, j, k, 1)
loop types (loop, loop, loop, loop, scalar)

T(S4): (zT1, 0, l+1, 0, 3)
loop types (loop, scalar, loop, scalar, scalar)

T(S5): (zT1, 0, m, 0, 4)
loop types (loop, scalar, loop, scalar, scalar)

t1 --> fwd_dep  loop   (band 0)no-ujam
t2 --> fwd_dep  loop   (band 0)no-ujam
t3 --> fwd_dep  loop   (band 0)no-ujam
t4 --> fwd_dep  loop   (band 0)no-ujam
t5 --> fwd_dep  scalar (band 1)no-ujam

