[zyj-debug] Before affine transformations
nvar = 3, npar = 3
Parameters: PB_P PB_M PB_N 
S1 "A[i-1][i+1] = A[i-1][i+3] - A[i-1][i+3] + B[i][i-1][j+1] + 1;"
ndims: 3; orig_depth: 3
iterators: i, j, k
Index set
8 8
1 1 0 0 0 0 0 -1 
1 -1 0 0 1 0 0 -4 
1 0 0 0 1 0 0 -5 
1 0 1 0 0 0 0 0 
1 1 -1 0 0 0 0 -1 
1 0 0 1 0 0 0 0 
1 0 0 -1 0 1 0 -1 
1 0 0 0 0 1 0 -1 
T(S1): (0, i, 0, j, 0, k, 0)
loop types (loop, loop, loop, loop, loop, loop, loop)

Read accesses
A[i-1][i+3]
A[i-1][i+3]
B[i][i-1][j+1]
Write accesses
A[i-1][i+1]
Original loop: 0 -> yes
Original loop: 1 -> yes
Original loop: 2 -> yes

S2 "C[i][l][l] = C[i][l-1][l] + D[l][m+1] + 6;"
ndims: 3; orig_depth: 3
iterators: i, l, m
Index set
9 8
1 1 0 0 0 0 0 -1 
1 -1 0 0 1 0 0 -4 
1 0 0 0 1 0 0 -5 
1 0 1 0 0 0 0 -1 
1 1 -1 0 0 0 0 -1 
1 1 0 0 0 0 0 -2 
1 0 0 1 0 0 0 1 
1 0 0 -1 0 1 0 -2 
1 0 0 0 0 1 0 -1 
T(S2): (0, i, 1, l, 0, m, 0)
loop types (loop, loop, loop, loop, loop, loop, loop)

Read accesses
C[i][l-1][l]
D[l][m+1]
Write accesses
C[i][l][l]
Original loop: 0 -> yes
Original loop: 1 -> yes
Original loop: 2 -> yes

S3 "D[n+1][i+1] = D[n+1][i] + E[i][n] - 2;"
ndims: 2; orig_depth: 2
iterators: i, n
Index set
6 7
1 1 0 0 0 0 -1 
1 -1 0 1 0 0 -4 
1 0 0 1 0 0 -5 
1 0 1 0 0 0 0 
1 0 -1 0 0 1 -2 
1 0 0 0 0 1 -2 
T(S3): (0, i, 2, n, 0, 0, 0)
loop types (loop, loop, loop, loop, loop, scalar, scalar)

Read accesses
D[n+1][i]
E[i][n]
Write accesses
D[n+1][i+1]
Original loop: 0 -> yes
Original loop: 1 -> yes

S4 "F[p] = 1;"
ndims: 2; orig_depth: 2
iterators: o, p
Index set
6 7
1 1 0 0 0 0 -1 
1 -1 0 0 1 0 -1 
1 0 0 0 1 0 -2 
1 0 1 0 0 0 0 
1 0 -1 0 1 0 -1 
1 0 0 0 1 0 -1 
T(S4): (1, o, 0, p, 0, 0, 0)
loop types (loop, loop, loop, loop, loop, scalar, scalar)

No Read accesses
Write accesses
F[p]
Original loop: 0 -> yes
Original loop: 1 -> yes

S5 "D[q][o-1] = D[q-1][o] * 3;"
ndims: 2; orig_depth: 2
iterators: o, q
Index set
6 7
1 1 0 0 0 0 -1 
1 -1 0 0 1 0 -1 
1 0 0 0 1 0 -2 
1 0 1 0 0 0 -1 
1 0 -1 0 0 1 -1 
1 0 0 0 0 1 -2 
T(S5): (1, o, 1, q, 0, 0, 0)
loop types (loop, loop, loop, loop, loop, scalar, scalar)

Read accesses
D[q-1][o]
Write accesses
D[q][o-1]
Original loop: 0 -> yes
Original loop: 1 -> yes

--- Dep 1 from S3 to S2; satisfied: 0, sat level: -1; Type: RAW
on variable: D
Dependence polyhedron
14 10
0 -1 0 0 0 1 0 0 0 0 
0 0 -1 0 1 0 0 0 0 -1 
1 1 0 0 0 0 0 0 0 -1 
1 -1 0 0 0 0 1 0 0 -4 
1 0 0 0 0 0 1 0 0 -300 
1 0 1 0 0 0 0 0 0 0 
1 0 -1 0 0 0 0 0 1 -2 
1 0 0 0 0 0 0 0 1 -400 
1 0 0 0 0 0 0 1 0 -500 
1 0 0 1 0 0 0 0 0 -2 
1 0 0 -1 0 0 1 0 0 -4 
1 -1 0 0 0 0 0 1 0 -2 
1 0 -1 1 0 0 0 0 0 -2 
1 -1 0 1 0 0 0 0 0 -1 

--- Dep 2 from S3 to S5; satisfied: 0, sat level: -1; Type: RAW
on variable: D
Dependence polyhedron
10 9
0 0 -1 0 1 0 0 0 -2 
0 -1 0 1 0 0 0 0 -1 
1 1 0 0 0 0 0 0 -1 
1 -1 0 0 0 1 0 0 -4 
1 0 0 0 0 1 0 0 -300 
1 0 1 0 0 0 0 0 0 
1 0 -1 0 0 0 0 1 -3 
1 0 0 0 0 0 0 1 -400 
1 0 0 0 0 0 1 0 -500 
1 -1 0 0 0 0 1 0 -2 

--- Dep 3 from S3 to S3; satisfied: 0, sat level: -1; Type: RAW
on variable: D
Dependence polyhedron
9 9
0 0 -1 0 1 0 0 0 0 
0 -1 0 1 0 0 0 0 -1 
1 1 0 0 0 0 0 0 -1 
1 -1 0 0 0 1 0 0 -5 
1 0 0 0 0 1 0 0 -300 
1 0 1 0 0 0 0 0 0 
1 0 -1 0 0 0 0 1 -2 
1 0 0 0 0 0 0 1 -400 
1 0 0 0 0 0 1 0 -500 

--- Dep 4 from S2 to S3; satisfied: 0, sat level: -1; Type: WAR
on variable: D
Dependence polyhedron
14 10
0 0 -1 0 0 1 0 0 0 1 
0 0 0 -1 1 0 0 0 0 0 
1 1 0 0 0 0 0 0 0 -2 
1 -1 0 0 0 0 1 0 0 -4 
1 0 0 0 0 0 1 0 0 -300 
1 0 1 0 0 0 0 0 0 -1 
1 1 -1 0 0 0 0 0 0 -1 
1 0 0 0 0 0 0 1 0 -500 
1 0 0 1 0 0 0 0 0 -1 
1 0 0 -1 0 0 0 1 0 -2 
1 0 0 0 0 0 0 0 1 -400 
1 0 -1 0 0 0 0 0 1 -1 
1 0 0 -1 0 0 1 0 0 -4 
1 -1 0 1 0 0 0 0 0 0 

--- Dep 5 from S3 to S5; satisfied: 0, sat level: -1; Type: WAR
on variable: D
Dependence polyhedron
10 9
0 0 -1 0 1 0 0 0 -1 
0 -1 0 1 0 0 0 0 -1 
1 1 0 0 0 0 0 0 -1 
1 -1 0 0 0 1 0 0 -4 
1 0 0 0 0 1 0 0 -300 
1 0 1 0 0 0 0 0 0 
1 0 -1 0 0 0 0 1 -2 
1 0 0 0 0 0 0 1 -400 
1 0 0 0 0 0 1 0 -500 
1 -1 0 0 0 0 1 0 -2 

--- Dep 6 from S2 to S5; satisfied: 0, sat level: -1; Type: WAR
on variable: D
Dependence polyhedron
12 10
0 0 -1 0 0 1 0 0 0 0 
0 0 0 -1 1 0 0 0 0 -2 
1 1 0 0 0 0 0 0 0 -2 
1 -1 0 0 0 0 1 0 0 -4 
1 0 0 0 0 0 1 0 0 -300 
1 0 1 0 0 0 0 0 0 -1 
1 1 -1 0 0 0 0 0 0 -1 
1 0 0 0 0 0 0 1 0 -500 
1 0 0 1 0 0 0 0 0 1 
1 0 0 -1 0 0 0 1 0 -3 
1 0 0 0 0 0 0 0 1 -400 
1 0 -1 0 0 0 0 0 1 -1 

--- Dep 7 from S5 to S5; satisfied: 0, sat level: -1; Type: WAR
on variable: D
Dependence polyhedron
9 9
0 0 -1 0 1 0 0 0 1 
0 -1 0 1 0 0 0 0 -1 
1 1 0 0 0 0 0 0 -1 
1 -1 0 0 0 0 1 0 -2 
1 0 0 0 0 0 1 0 -500 
1 0 1 0 0 0 0 0 -2 
1 0 -1 0 0 0 0 1 -1 
1 0 0 0 0 0 0 1 -400 
1 0 0 0 0 1 0 0 -300 

--- Dep 8 from S1 to S1; satisfied: 0, sat level: -1; Type: WAW
on variable: A
Dependence polyhedron
12 11
0 -1 0 0 1 0 0 0 0 0 0 
1 1 0 0 0 -1 0 0 0 0 -1 
1 -1 0 0 0 0 0 1 0 0 -4 
1 0 0 0 0 0 0 1 0 0 -300 
1 0 1 0 0 0 0 0 0 0 0 
1 0 -1 0 0 1 0 0 0 0 -1 
1 0 0 1 0 0 0 0 0 0 0 
1 0 0 -1 0 0 0 0 1 0 -1 
1 0 0 0 0 0 0 0 1 0 -500 
1 0 0 0 0 0 0 0 0 1 -400 
1 0 0 0 0 0 -1 0 1 0 -1 
1 0 0 0 0 0 1 0 0 0 0 

--- Dep 9 from S1 to S1; satisfied: 0, sat level: -1; Type: WAW
on variable: A
Dependence polyhedron
11 11
0 0 -1 0 0 1 0 0 0 0 0 
0 -1 0 0 1 0 0 0 0 0 0 
1 0 0 0 0 0 -1 0 1 0 -1 
1 -1 0 0 0 0 0 1 0 0 -4 
1 0 0 0 0 0 0 1 0 0 -300 
1 0 1 0 0 0 0 0 0 0 0 
1 1 -1 0 0 0 0 0 0 0 -1 
1 0 0 1 0 0 0 0 0 0 0 
1 0 0 -1 0 0 1 0 0 0 -1 
1 0 0 0 0 0 0 0 1 0 -500 
1 0 0 0 0 0 0 0 0 1 -400 

--- Dep 10 from S4 to S4; satisfied: 0, sat level: -1; Type: WAW
on variable: F
Dependence polyhedron
11 9
0 0 -1 0 1 0 0 0 0 
1 1 0 0 0 0 0 0 -1 
1 -1 0 0 0 0 1 0 -1 
1 0 0 0 0 0 1 0 -500 
1 0 1 0 0 0 0 0 0 
1 0 -1 0 0 0 1 0 -1 
1 0 0 0 0 0 0 1 -400 
1 0 0 0 0 1 0 0 -300 
1 0 0 1 0 0 0 0 -1 
1 0 0 -1 0 0 1 0 -1 
1 -1 0 1 0 0 0 0 -1 

--- Dep 11 from S3 to S5; satisfied: 0, sat level: -1; Type: WAW
on variable: D
Dependence polyhedron
10 9
0 0 -1 0 1 0 0 0 -1 
0 -1 0 1 0 0 0 0 -2 
1 1 0 0 0 0 0 0 -1 
1 -1 0 0 0 1 0 0 -4 
1 0 0 0 0 1 0 0 -300 
1 0 1 0 0 0 0 0 0 
1 0 -1 0 0 0 0 1 -2 
1 0 0 0 0 0 0 1 -400 
1 0 0 0 0 0 1 0 -500 
1 -1 0 0 0 0 1 0 -3 

--- Dep 12 from S2 to S2; satisfied: 0, sat level: -1; Type: WAW
on variable: C
Dependence polyhedron
14 11
0 0 -1 0 0 1 0 0 0 0 0 
0 -1 0 0 1 0 0 0 0 0 0 
1 1 0 0 0 0 0 0 0 0 -2 
1 -1 0 0 0 0 0 1 0 0 -4 
1 0 0 0 0 0 0 1 0 0 -300 
1 0 1 0 0 0 0 0 0 0 -1 
1 1 -1 0 0 0 0 0 0 0 -1 
1 0 0 0 0 0 0 0 1 0 -500 
1 0 0 1 0 0 0 0 0 0 1 
1 0 0 -1 0 0 0 0 1 0 -2 
1 0 0 0 0 0 0 0 0 1 -400 
1 0 0 0 0 0 -1 0 1 0 -2 
1 0 0 0 0 0 1 0 0 0 1 
1 0 0 -1 0 0 1 0 0 0 -1 


[zyj-debug] After affine transformations
T(S1): (3, zT3, zT4, i, j, k, 4, 0)
loop types (scalar, loop, loop, loop, loop, loop, scalar, scalar)

T(S2): (1, zT3, zT4, zT5, l, i, m, 2)
loop types (scalar, loop, loop, loop, loop, loop, loop, scalar)

T(S3): (1, zT2, zT3, zT4, n+1, i, i, 3)
loop types (scalar, loop, loop, loop, loop, loop, loop, scalar)

T(S4): (0, zT2, zT3, o, p, 0, 1, 0)
loop types (scalar, loop, loop, loop, loop, scalar, scalar, scalar)

T(S5): (2, zT2, zT3, o+q, o, 0, 0, 0)
loop types (scalar, loop, loop, loop, loop, scalar, scalar, scalar)

t1 --> fwd_dep  scalar (band 0)no-ujam
t2 --> parallel loop   (band 0)no-ujam
t3 --> fwd_dep  loop   (band 0)no-ujam
t4 --> fwd_dep  loop   (band 0)no-ujam
t5 --> fwd_dep  loop   (band 0)no-ujam
t6 --> fwd_dep  loop   (band 1)no-ujam
t7 --> fwd_dep  loop   (band 1)no-ujam
t8 --> fwd_dep  scalar (band 2)no-ujam

