[zyj-debug] Before affine transformations
nvar = 3, npar = 3
Parameters: PB_M PB_L PB_Q 
S1 "A[i][k-1][i] = A[i][k][i] * A[i][k-1][i-2] - 6;"
ndims: 3; orig_depth: 3
iterators: i, j, k
Index set
9 8
1 1 0 0 0 0 0 -2 
1 -1 0 0 1 0 0 -1 
1 0 0 0 1 0 0 -3 
1 0 1 0 0 0 0 0 
1 1 -1 0 0 0 0 -1 
1 1 0 0 0 0 0 -1 
1 0 0 1 0 0 0 -1 
1 0 0 -1 0 1 0 -1 
1 0 0 0 0 1 0 -2 
T(S1): (0, i, 0, j, 0, k, 0)
loop types (loop, loop, loop, loop, loop, loop, loop)

Read accesses
A[i][k][i]
A[i][k-1][i-2]
Write accesses
A[i][k-1][i]
Original loop: 0 -> yes
Original loop: 1 -> yes
Original loop: 2 -> yes

S2 "B[i][l][m] = C[m][l][i-1] * D[i][l] + 2;"
ndims: 3; orig_depth: 3
iterators: i, l, m
Index set
9 8
1 1 0 0 0 0 0 -2 
1 -1 0 0 1 0 0 -1 
1 0 0 0 1 0 0 -3 
1 0 1 0 0 0 0 0 
1 0 -1 0 0 1 0 -1 
1 0 0 0 0 1 0 -1 
1 0 0 1 0 0 0 0 
1 0 0 -1 0 0 1 -1 
1 0 0 0 0 0 1 -1 
T(S2): (0, i, 1, l, 0, m, 0)
loop types (loop, loop, loop, loop, loop, loop, loop)

Read accesses
C[m][l][i-1]
D[i][l]
Write accesses
B[i][l][m]
Original loop: 0 -> yes
Original loop: 1 -> yes
Original loop: 2 -> yes

S3 "E[n] = F[n-1] + G[n] - 6;"
ndims: 1; orig_depth: 1
iterators: n
Index set
3 6
1 1 0 0 0 -2 
1 -1 1 0 0 -1 
1 0 1 0 0 -3 
T(S3): (1, n, 0, 0, 0, 0, 0)
loop types (loop, loop, loop, scalar, scalar, scalar, scalar)

Read accesses
F[n-1]
G[n]
Write accesses
E[n]
Original loop: 0 -> yes

S4 "H[n][o] = H[n-2][o] + 2;"
ndims: 2; orig_depth: 2
iterators: n, o
Index set
6 7
1 1 0 0 0 0 -2 
1 -1 0 1 0 0 -1 
1 0 0 1 0 0 -3 
1 0 1 0 0 0 0 
1 0 -1 1 0 0 -1 
1 0 0 1 0 0 -1 
T(S4): (1, n, 1, o, 0, 0, 0)
loop types (loop, loop, loop, loop, loop, scalar, scalar)

Read accesses
H[n-2][o]
Write accesses
H[n][o]
Original loop: 0 -> yes
Original loop: 1 -> yes

S5 "F[p] = G[p-1] + G[p-1] - 2;"
ndims: 1; orig_depth: 1
iterators: p
Index set
3 6
1 1 0 0 0 -1 
1 -1 1 0 0 -1 
1 0 1 0 0 -2 
T(S5): (2, p, 0, 0, 0, 0, 0)
loop types (loop, loop, loop, scalar, scalar, scalar, scalar)

Read accesses
G[p-1]
G[p-1]
Write accesses
F[p]
Original loop: 0 -> yes

--- Dep 1 from S1 to S1; satisfied: 0, sat level: -1; Type: RAW
on variable: A
Dependence polyhedron
14 11
0 0 0 -1 0 0 1 0 0 0 1 
0 -1 0 0 1 0 0 0 0 0 0 
1 1 0 0 0 0 0 0 0 0 -2 
1 -1 0 0 0 0 0 1 0 0 -1 
1 0 0 0 0 0 0 1 0 0 -400 
1 0 1 0 0 0 0 0 0 0 0 
1 1 -1 0 0 0 0 0 0 0 -1 
1 0 0 0 0 0 0 0 1 0 -500 
1 0 0 1 0 0 0 0 0 0 -2 
1 0 0 -1 0 0 0 0 1 0 -1 
1 0 0 0 0 0 0 0 0 1 -400 
1 1 0 0 0 -1 0 0 0 0 -1 
1 0 0 0 0 1 0 0 0 0 0 
1 0 -1 0 0 1 0 0 0 0 -1 

--- Dep 2 from S4 to S4; satisfied: 0, sat level: -1; Type: RAW
on variable: H
Dependence polyhedron
9 9
0 0 -1 0 1 0 0 0 0 
0 -1 0 1 0 0 0 0 -2 
1 1 0 0 0 0 0 0 -2 
1 -1 0 0 0 1 0 0 -3 
1 0 0 0 0 1 0 0 -400 
1 0 1 0 0 0 0 0 0 
1 0 -1 0 0 1 0 0 -1 
1 0 0 0 0 0 0 1 -400 
1 0 0 0 0 0 1 0 -500 

--- Dep 3 from S1 to S1; satisfied: 0, sat level: -1; Type: WAR
on variable: A
Dependence polyhedron
12 11
0 0 0 -1 0 0 1 0 0 0 -1 
0 -1 0 0 1 0 0 0 0 0 0 
1 -1 0 0 0 0 0 1 0 0 -1 
1 0 0 0 0 0 0 1 0 0 -400 
1 0 1 0 0 0 0 0 0 0 0 
1 0 0 0 0 0 0 0 1 0 -500 
1 0 0 1 0 0 0 0 0 0 -1 
1 0 0 -1 0 0 0 0 1 0 -2 
1 0 0 0 0 0 0 0 0 1 -400 
1 0 -1 0 0 1 0 0 0 0 0 
1 1 0 0 0 0 0 0 0 0 -2 
1 1 0 0 0 -1 0 0 0 0 -1 

--- Dep 4 from S3 to S5; satisfied: 0, sat level: -1; Type: WAR
on variable: F
Dependence polyhedron
6 7
0 -1 1 0 0 0 1 
1 1 0 0 0 0 -2 
1 -1 0 1 0 0 -1 
1 0 0 1 0 0 -400 
1 0 0 0 0 1 -400 
1 0 0 0 1 0 -500 

--- Dep 5 from S1 to S1; satisfied: 0, sat level: -1; Type: WAW
on variable: A
Dependence polyhedron
14 11
0 0 0 -1 0 0 1 0 0 0 0 
0 -1 0 0 1 0 0 0 0 0 0 
1 1 0 0 0 0 0 0 0 0 -2 
1 -1 0 0 0 0 0 1 0 0 -1 
1 0 0 0 0 0 0 1 0 0 -400 
1 0 1 0 0 0 0 0 0 0 0 
1 1 -1 0 0 0 0 0 0 0 -1 
1 0 0 0 0 0 0 0 1 0 -500 
1 0 0 1 0 0 0 0 0 0 -1 
1 0 0 -1 0 0 0 0 1 0 -1 
1 0 0 0 0 0 0 0 0 1 -400 
1 1 0 0 0 -1 0 0 0 0 -1 
1 0 0 0 0 1 0 0 0 0 0 
1 0 -1 0 0 1 0 0 0 0 -1 


[zyj-debug] After affine transformations
T(S1): (zT3, zT4, zT5, i, j, j+k, 4)
loop types (loop, loop, loop, loop, loop, loop, scalar)

T(S2): (zT3, zT4, zT5, i, l, m, 3)
loop types (loop, loop, loop, loop, loop, loop, scalar)

T(S3): (zT1, 0, 0, n, 0, 0, 1)
loop types (loop, scalar, scalar, loop, scalar, scalar, scalar)

T(S4): (zT2, zT3, 0, o, n, 0, 0)
loop types (loop, loop, scalar, loop, loop, scalar, scalar)

T(S5): (zT1, 0, 0, p+1, 0, 0, 2)
loop types (loop, scalar, scalar, loop, scalar, scalar, scalar)

t1 --> parallel loop   (band 0)no-ujam
t2 --> fwd_dep  loop   (band 0)no-ujam
t3 --> fwd_dep  loop   (band 0)no-ujam
t4 --> parallel loop   (band 0)no-ujam
t5 --> fwd_dep  loop   (band 0)no-ujam
t6 --> fwd_dep  loop   (band 0)no-ujam
t7 --> fwd_dep  scalar (band 0)no-ujam

