[zyj-debug] Before affine transformations
nvar = 3, npar = 2
Parameters: PB_M PB_L 
S1 "A[i][k][j+1] = A[i-1][k-1][j+1] + A[j+1][k-1][k-1] - A[j][i-1][j-1] * 6;"
ndims: 3; orig_depth: 3
iterators: i, j, k
Index set
9 7
1 1 0 0 0 0 -2 
1 -1 0 0 1 0 -2 
1 0 0 0 1 0 -4 
1 0 1 0 0 0 -1 
1 0 -1 0 1 0 -2 
1 0 0 0 1 0 -3 
1 0 0 1 0 0 -1 
1 0 0 -1 1 0 -1 
1 0 0 0 1 0 -2 
T(S1): (0, i, 0, j, 0, k, 0)
loop types (loop, loop, loop, loop, loop, loop, loop)

Read accesses
A[i-1][k-1][j+1]
A[j+1][k-1][k-1]
A[j][i-1][j-1]
Write accesses
A[i][k][j+1]
Original loop: 0 -> yes
Original loop: 1 -> yes
Original loop: 2 -> yes

S2 "A[j][k-1][k] = A[i-2][k+1][j+1] + A[k][i][j+1] + A[k-1][j+1][i] - 3;"
ndims: 3; orig_depth: 3
iterators: i, j, k
Index set
9 7
1 1 0 0 0 0 -2 
1 -1 0 0 1 0 -2 
1 0 0 0 1 0 -4 
1 0 1 0 0 0 -1 
1 0 -1 0 1 0 -2 
1 0 0 0 1 0 -3 
1 0 0 1 0 0 -1 
1 0 0 -1 1 0 -1 
1 0 0 0 1 0 -2 
T(S2): (0, i, 0, j, 0, k, 1)
loop types (loop, loop, loop, loop, loop, loop, loop)

Read accesses
A[i-2][k+1][j+1]
A[k][i][j+1]
A[k-1][j+1][i]
Write accesses
A[j][k-1][k]
Original loop: 0 -> yes
Original loop: 1 -> yes
Original loop: 2 -> yes

S3 "B[i-1] = B[i-2] * C[i+1] + 5;"
ndims: 1; orig_depth: 1
iterators: i
Index set
3 5
1 1 0 0 -2 
1 -1 1 0 -2 
1 0 1 0 -4 
T(S3): (0, i, 1, 0, 0, 0, 0)
loop types (loop, loop, loop, scalar, scalar, scalar, scalar)

Read accesses
B[i-2]
C[i+1]
Write accesses
B[i-1]
Original loop: 0 -> yes

S4 "D[l][l] = E[l+1][m] - F[l][l] - 3;"
ndims: 2; orig_depth: 2
iterators: l, m
Index set
5 6
1 1 0 0 0 -1 
1 -1 0 1 0 -2 
1 0 0 1 0 -3 
1 0 1 0 0 0 
1 1 -1 0 0 -1 
T(S4): (1, l, 0, m, 0, 0, 0)
loop types (loop, loop, loop, loop, loop, scalar, scalar)

Read accesses
E[l+1][m]
F[l][l]
Write accesses
D[l][l]
Original loop: 0 -> yes
Original loop: 1 -> yes

S5 "D[o-1][l+1] = D[o-1][l-1] - D[o-3][l+1] + 6;"
ndims: 3; orig_depth: 3
iterators: l, n, o
Index set
8 7
1 1 0 0 0 0 -1 
1 -1 0 0 1 0 -2 
1 0 0 0 1 0 -3 
1 0 1 0 0 0 0 
1 1 -1 0 0 0 -1 
1 0 0 1 0 0 -3 
1 0 0 -1 0 1 0 
1 0 0 0 0 1 -3 
T(S5): (1, l, 1, n, 0, o, 0)
loop types (loop, loop, loop, loop, loop, loop, loop)

Read accesses
D[o-1][l-1]
D[o-3][l+1]
Write accesses
D[o-1][l+1]
Original loop: 0 -> yes
Original loop: 1 -> yes
Original loop: 2 -> yes

S6 "C[l] = 5;"
ndims: 1; orig_depth: 1
iterators: l
Index set
3 5
1 1 0 0 -1 
1 -1 1 0 -2 
1 0 1 0 -3 
T(S6): (1, l, 2, 0, 0, 0, 0)
loop types (loop, loop, loop, scalar, scalar, scalar, scalar)

No Read accesses
Write accesses
C[l]
Original loop: 0 -> yes

--- Dep 1 from S2 to S2; satisfied: 0, sat level: -1; Type: RAW
on variable: A
Dependence polyhedron
10 10
0 0 -1 0 0 0 1 0 0 0 
0 0 0 -1 0 1 0 0 0 1 
0 0 0 -1 1 0 0 0 0 1 
1 1 0 0 0 0 0 0 0 -2 
1 0 0 0 0 0 0 0 1 -400 
1 0 0 0 0 0 0 1 0 -300 
1 0 1 0 0 0 0 0 0 -1 
1 0 -1 0 0 0 0 1 0 -2 
1 0 0 -1 0 0 0 1 0 -1 
1 -1 0 1 0 0 0 0 0 -2 

--- Dep 2 from S2 to S2; satisfied: 0, sat level: -1; Type: RAW
on variable: A
Dependence polyhedron
9 10
0 0 -1 0 0 0 1 0 0 0 
0 -1 0 0 0 1 0 0 0 0 
0 -1 0 0 1 0 0 0 0 0 
0 -1 0 1 0 0 0 0 0 -1 
1 1 -1 0 0 0 0 0 0 -1 
1 -1 0 0 0 0 0 1 0 -2 
1 0 0 0 0 0 0 1 0 -300 
1 0 1 0 0 0 0 0 0 -1 
1 0 0 0 0 0 0 0 1 -400 

--- Dep 3 from S5 to S5; satisfied: 0, sat level: -1; Type: RAW
on variable: D
Dependence polyhedron
10 10
0 0 0 -1 0 0 1 0 0 -2 
0 -1 0 0 1 0 0 0 0 0 
1 1 0 0 0 -1 0 0 0 -1 
1 -1 0 0 0 0 0 1 0 -2 
1 0 0 0 0 0 0 1 0 -300 
1 0 1 0 0 0 0 0 0 0 
1 0 -1 0 0 1 0 0 0 0 
1 0 0 1 0 0 0 0 0 -3 
1 0 0 -1 0 0 0 0 1 -2 
1 0 0 0 0 0 0 0 1 -400 

--- Dep 4 from S2 to S1; satisfied: 0, sat level: -1; Type: RAW
on variable: A
Dependence polyhedron
10 10
0 0 0 -1 0 0 1 0 0 0 
0 0 0 -1 0 1 0 0 0 1 
0 0 -1 0 1 0 0 0 0 -1 
1 1 0 0 0 0 0 0 0 -2 
1 0 0 0 0 0 0 0 1 -400 
1 0 0 0 0 0 0 1 0 -300 
1 -1 1 0 0 0 0 0 0 0 
1 0 -1 0 0 0 0 1 0 -3 
1 0 0 -1 0 0 0 1 0 -1 
1 0 0 1 0 0 0 0 0 -2 

--- Dep 5 from S2 to S1; satisfied: 0, sat level: -1; Type: RAW
on variable: A
Dependence polyhedron
9 10
0 0 0 -1 0 0 1 0 0 0 
0 0 0 -1 0 1 0 0 0 1 
0 -1 0 0 1 0 0 0 0 0 
0 -1 1 0 0 0 0 0 0 1 
1 1 0 0 0 0 0 0 0 -2 
1 0 0 -1 0 0 0 1 0 -1 
1 0 0 0 0 0 0 1 0 -300 
1 -1 0 1 0 0 0 0 0 -1 
1 0 0 0 0 0 0 0 1 -400 

--- Dep 6 from S2 to S1; satisfied: 0, sat level: -1; Type: RAW
on variable: A
Dependence polyhedron
10 10
0 0 -1 0 0 1 0 0 0 0 
0 0 -1 0 1 0 0 0 0 1 
0 0 -1 1 0 0 0 0 0 1 
1 1 0 0 0 0 0 0 0 -2 
1 0 0 0 0 0 -1 1 0 -1 
1 0 0 0 0 0 0 1 0 -300 
1 -1 1 0 0 0 0 0 0 -2 
1 0 -1 0 0 0 0 1 0 -2 
1 0 0 0 0 0 0 0 1 -400 
1 0 0 0 0 0 1 0 0 -1 

--- Dep 7 from S2 to S1; satisfied: 0, sat level: -1; Type: RAW
on variable: A
Dependence polyhedron
10 10
0 -1 0 0 0 1 0 0 0 -1 
0 -1 0 0 1 0 0 0 0 0 
0 -1 0 1 0 0 0 0 0 0 
0 -1 1 0 0 0 0 0 0 -1 
1 1 0 0 0 0 0 0 0 -2 
1 -1 0 0 0 0 0 1 0 -3 
1 0 0 0 0 0 0 1 0 -300 
1 -1 0 0 0 0 1 0 0 -1 
1 0 0 0 0 0 -1 1 0 -1 
1 0 0 0 0 0 0 0 1 -400 

--- Dep 8 from S1 to S1; satisfied: 0, sat level: -1; Type: RAW
on variable: A
Dependence polyhedron
10 10
0 0 -1 0 0 0 1 0 0 -2 
0 -1 0 0 0 1 0 0 0 1 
0 0 -1 1 0 0 0 0 0 -1 
1 1 0 0 0 0 0 0 0 -2 
1 -1 0 0 1 0 0 0 0 -1 
1 0 0 0 0 0 0 1 0 -300 
1 0 1 0 0 0 0 0 0 -1 
1 0 -1 0 0 0 0 1 0 -3 
1 0 0 0 0 0 0 0 1 -400 
1 0 0 0 -1 0 0 1 0 -2 

--- Dep 9 from S1 to S1; satisfied: 0, sat level: -1; Type: RAW
on variable: A
Dependence polyhedron
9 10
0 0 -1 0 0 0 1 0 0 -2 
0 -1 0 0 0 1 0 0 0 1 
0 -1 0 0 1 0 0 0 0 0 
0 0 -1 1 0 0 0 0 0 -1 
1 0 0 0 0 0 0 0 1 -400 
1 -1 0 0 0 0 0 1 0 -2 
1 0 0 0 0 0 0 1 0 -300 
1 0 1 0 0 0 0 0 0 -1 
1 1 -1 0 0 0 0 0 0 -1 

--- Dep 10 from S1 to S2; satisfied: 0, sat level: -1; Type: RAW
on variable: A
Dependence polyhedron
10 10
0 -1 0 0 0 0 1 0 0 -1 
0 0 0 -1 0 1 0 0 0 1 
0 0 -1 0 1 0 0 0 0 -1 
1 1 0 0 0 0 0 0 0 -2 
1 0 0 0 0 0 0 0 1 -400 
1 0 0 0 0 0 0 1 0 -300 
1 -1 1 0 0 0 0 0 0 0 
1 0 -1 0 0 0 0 1 0 -3 
1 0 0 -1 0 0 0 1 0 -1 
1 0 0 1 0 0 0 0 0 -2 

--- Dep 11 from S1 to S2; satisfied: 0, sat level: -1; Type: RAW
on variable: A
Dependence polyhedron
9 10
0 -1 0 0 0 0 1 0 0 -1 
0 0 0 -1 0 1 0 0 0 1 
0 -1 0 0 1 0 0 0 0 0 
0 -1 1 0 0 0 0 0 0 1 
1 1 0 0 0 0 0 0 0 -2 
1 0 0 -1 0 0 0 1 0 -1 
1 0 0 0 0 0 0 1 0 -300 
1 -1 0 1 0 0 0 0 0 -1 
1 0 0 0 0 0 0 0 1 -400 

--- Dep 12 from S1 to S2; satisfied: 0, sat level: -1; Type: RAW
on variable: A
Dependence polyhedron
9 10
0 -1 0 0 0 0 1 0 0 -1 
0 -1 0 0 0 1 0 0 0 1 
0 -1 0 0 1 0 0 0 0 0 
0 -1 0 1 0 0 0 0 0 0 
0 -1 1 0 0 0 0 0 0 1 
1 1 0 0 0 0 0 0 0 -2 
1 -1 0 0 0 0 0 1 0 -2 
1 0 0 0 0 0 0 1 0 -300 
1 0 0 0 0 0 0 0 1 -400 

--- Dep 13 from S2 to S2; satisfied: 0, sat level: -1; Type: RAW
on variable: A
Dependence polyhedron
10 10
0 0 0 -1 0 0 1 0 0 2 
0 0 0 -1 0 1 0 0 0 1 
0 0 -1 0 1 0 0 0 0 -2 
1 1 0 0 0 0 0 0 0 -2 
1 0 0 0 0 0 0 0 1 -400 
1 0 0 0 0 0 0 1 0 -300 
1 -1 1 0 0 0 0 0 0 1 
1 0 -1 0 0 0 0 1 0 -4 
1 0 0 -1 0 0 0 1 0 -1 
1 0 0 1 0 0 0 0 0 -3 

--- Dep 14 from S2 to S2; satisfied: 0, sat level: -1; Type: RAW
on variable: A
Dependence polyhedron
10 10
0 0 0 -1 0 0 1 0 0 2 
0 0 0 -1 0 1 0 0 0 1 
0 -1 0 0 1 0 0 0 0 0 
0 -1 1 0 0 0 0 0 0 2 
1 1 0 0 0 0 0 0 0 -3 
1 -1 0 0 0 0 0 1 0 -2 
1 0 0 0 0 0 0 1 0 -300 
1 -1 0 1 0 0 0 0 0 0 
1 0 0 0 0 0 0 0 1 -400 
1 0 0 -1 0 0 0 1 0 -1 

--- Dep 15 from S2 to S2; satisfied: 0, sat level: -1; Type: RAW
on variable: A
Dependence polyhedron
10 10
0 0 -1 0 0 0 1 0 0 -1 
0 0 0 -1 0 1 0 0 0 2 
0 0 0 -1 1 0 0 0 0 0 
1 1 0 0 0 0 0 0 0 -2 
1 0 0 0 0 0 0 0 1 -400 
1 0 0 0 0 0 0 1 0 -300 
1 0 1 0 0 0 0 0 0 -1 
1 0 -1 0 0 0 0 1 0 -2 
1 0 0 -1 0 0 0 1 0 -2 
1 -1 0 1 0 0 0 0 0 -1 

--- Dep 16 from S2 to S2; satisfied: 0, sat level: -1; Type: RAW
on variable: A
Dependence polyhedron
9 10
0 0 -1 0 0 0 1 0 0 -1 
0 -1 0 0 0 1 0 0 0 2 
0 -1 0 0 1 0 0 0 0 0 
0 -1 0 1 0 0 0 0 0 0 
1 1 -1 0 0 0 0 0 0 -3 
1 -1 0 0 0 0 0 1 0 -2 
1 0 0 0 0 0 0 1 0 -300 
1 0 1 0 0 0 0 0 0 -1 
1 0 0 0 0 0 0 0 1 -400 

--- Dep 17 from S5 to S5; satisfied: 0, sat level: -1; Type: RAW
on variable: D
Dependence polyhedron
12 10
0 0 0 -1 0 0 1 0 0 0 
0 -1 0 0 1 0 0 0 0 -2 
1 1 0 0 0 0 0 0 0 -1 
1 -1 0 0 0 0 0 1 0 -4 
1 0 0 0 0 0 0 1 0 -300 
1 0 1 0 0 0 0 0 0 0 
1 1 -1 0 0 0 0 0 0 -1 
1 0 0 1 0 0 0 0 0 -3 
1 0 0 -1 0 0 0 0 1 0 
1 0 0 0 0 0 0 0 1 -400 
1 1 0 0 0 -1 0 0 0 1 
1 0 0 0 0 1 0 0 0 0 

--- Dep 18 from S1 to S2; satisfied: 0, sat level: -1; Type: RAW
on variable: A
Dependence polyhedron
10 10
0 -1 0 0 0 0 1 0 0 0 
0 0 -1 0 0 1 0 0 0 0 
0 0 0 -1 1 0 0 0 0 0 
1 1 0 0 0 0 0 0 0 -2 
1 0 0 0 0 0 0 0 1 -400 
1 0 0 0 0 0 0 1 0 -300 
1 0 1 0 0 0 0 0 0 -1 
1 0 -1 0 0 0 0 1 0 -2 
1 0 0 -1 0 0 0 1 0 -2 
1 -1 0 1 0 0 0 0 0 0 

--- Dep 19 from S1 to S1; satisfied: 0, sat level: -1; Type: RAW
on variable: A
Dependence polyhedron
11 10
0 0 0 -1 0 0 1 0 0 -1 
0 0 -1 0 0 1 0 0 0 0 
0 -1 0 0 1 0 0 0 0 -1 
1 1 0 0 0 0 0 0 0 -2 
1 -1 0 0 0 0 0 1 0 -3 
1 0 0 0 0 0 0 1 0 -300 
1 0 1 0 0 0 0 0 0 -1 
1 0 -1 0 0 0 0 1 0 -2 
1 0 0 -1 0 0 0 1 0 -2 
1 0 0 1 0 0 0 0 0 -1 
1 0 0 0 0 0 0 0 1 -400 

--- Dep 20 from S4 to S5; satisfied: 0, sat level: -1; Type: RAW
on variable: D
Dependence polyhedron
11 9
0 -1 0 0 0 1 0 0 -1 
0 -1 0 1 0 0 0 0 -1 
1 1 0 0 0 0 0 0 -2 
1 -1 0 0 0 0 1 0 -3 
1 0 0 0 0 0 1 0 -300 
1 0 1 0 0 0 0 0 0 
1 1 -1 0 0 0 0 0 -1 
1 0 0 0 0 0 0 1 -400 
1 -1 0 0 0 0 0 1 -1 
1 1 0 0 -1 0 0 0 0 
1 0 0 0 1 0 0 0 0 

--- Dep 21 from S3 to S3; satisfied: 0, sat level: -1; Type: RAW
on variable: B
Dependence polyhedron
5 6
0 -1 1 0 0 -1 
1 1 0 0 0 -2 
1 -1 0 1 0 -3 
1 0 0 1 0 -300 
1 0 0 0 1 -400 

--- Dep 22 from S1 to S2; satisfied: 0, sat level: -1; Type: RAW
on variable: A
Dependence polyhedron
11 10
0 0 0 -1 0 0 1 0 0 1 
0 0 -1 0 0 1 0 0 0 0 
0 -1 0 0 1 0 0 0 0 -2 
1 1 0 0 0 0 0 0 0 -2 
1 -1 0 0 0 0 0 1 0 -4 
1 0 0 0 0 0 0 1 0 -300 
1 0 1 0 0 0 0 0 0 -1 
1 0 -1 0 0 0 0 1 0 -2 
1 0 0 -1 0 0 0 1 0 -1 
1 0 0 1 0 0 0 0 0 -2 
1 0 0 0 0 0 0 0 1 -400 

--- Dep 23 from S1 to S1; satisfied: 0, sat level: -1; Type: RAW
on variable: A
Dependence polyhedron
10 10
0 -1 0 0 0 1 0 0 0 0 
0 0 0 -1 1 0 0 0 0 -1 
0 -1 1 0 0 0 0 0 0 2 
1 1 0 0 0 0 0 0 0 -3 
1 0 0 0 0 0 -1 1 0 -1 
1 0 0 0 0 0 0 1 0 -300 
1 0 0 0 0 0 0 0 1 -400 
1 0 0 0 0 0 1 0 0 -1 
1 0 0 -1 0 0 0 1 0 -3 
1 -1 0 1 0 0 0 0 0 1 

--- Dep 24 from S1 to S2; satisfied: 0, sat level: -1; Type: WAR
on variable: A
Dependence polyhedron
10 10
0 0 -1 0 0 0 1 0 0 -1 
0 -1 0 0 0 1 0 0 0 1 
0 0 -1 1 0 0 0 0 0 -1 
1 1 0 0 0 0 0 0 0 -2 
1 -1 0 0 1 0 0 0 0 -1 
1 0 0 0 0 0 0 1 0 -300 
1 0 1 0 0 0 0 0 0 -1 
1 0 -1 0 0 0 0 1 0 -2 
1 0 0 0 0 0 0 0 1 -400 
1 0 0 0 -1 0 0 1 0 -2 

--- Dep 25 from S1 to S2; satisfied: 0, sat level: -1; Type: WAR
on variable: A
Dependence polyhedron
9 10
0 0 -1 0 0 0 1 0 0 -1 
0 -1 0 0 0 1 0 0 0 1 
0 -1 0 0 1 0 0 0 0 0 
0 0 -1 1 0 0 0 0 0 -1 
1 0 0 0 0 0 0 0 1 -400 
1 -1 0 0 0 0 0 1 0 -2 
1 0 0 0 0 0 0 1 0 -300 
1 0 1 0 0 0 0 0 0 -1 
1 1 -1 0 0 0 0 0 0 -1 

--- Dep 26 from S1 to S1; satisfied: 0, sat level: -1; Type: WAR
on variable: A
Dependence polyhedron
10 10
0 0 0 -1 0 0 1 0 0 1 
0 0 0 -1 0 1 0 0 0 2 
0 0 -1 0 1 0 0 0 0 -1 
1 1 0 0 0 0 0 0 0 -2 
1 0 0 0 0 0 0 0 1 -400 
1 0 0 0 0 0 0 1 0 -300 
1 -1 1 0 0 0 0 0 0 0 
1 0 -1 0 0 0 0 1 0 -3 
1 0 0 -1 0 0 0 1 0 -1 
1 0 0 1 0 0 0 0 0 -3 

--- Dep 27 from S1 to S1; satisfied: 0, sat level: -1; Type: WAR
on variable: A
Dependence polyhedron
9 10
0 0 0 -1 0 0 1 0 0 1 
0 0 0 -1 0 1 0 0 0 2 
0 -1 0 0 1 0 0 0 0 0 
0 -1 1 0 0 0 0 0 0 1 
1 1 0 0 0 0 0 0 0 -2 
1 0 0 -1 0 0 0 1 0 -1 
1 0 0 0 0 0 0 1 0 -300 
1 -1 0 1 0 0 0 0 0 -2 
1 0 0 0 0 0 0 0 1 -400 

--- Dep 28 from S2 to S2; satisfied: 0, sat level: -1; Type: WAR
on variable: A
Dependence polyhedron
10 10
0 -1 0 0 0 0 1 0 0 -1 
0 0 0 -1 0 1 0 0 0 0 
0 -1 1 0 0 0 0 0 0 0 
1 1 0 0 0 0 0 0 0 -2 
1 -1 0 0 1 0 0 0 0 -1 
1 0 0 0 0 0 0 1 0 -300 
1 0 0 0 0 0 0 0 1 -400 
1 0 0 -1 0 0 0 1 0 -2 
1 0 0 1 0 0 0 0 0 -1 
1 0 0 0 -1 0 0 1 0 -2 

--- Dep 29 from S2 to S2; satisfied: 0, sat level: -1; Type: WAR
on variable: A
Dependence polyhedron
9 10
0 -1 0 0 0 0 1 0 0 -1 
0 0 0 -1 0 1 0 0 0 0 
0 -1 0 0 1 0 0 0 0 0 
0 -1 1 0 0 0 0 0 0 0 
1 1 0 0 0 0 0 0 0 -2 
1 -1 0 1 0 0 0 0 0 0 
1 0 0 0 0 0 0 1 0 -300 
1 0 0 0 0 0 0 0 1 -400 
1 0 0 -1 0 0 0 1 0 -2 

--- Dep 30 from S1 to S2; satisfied: 0, sat level: -1; Type: WAR
on variable: A
Dependence polyhedron
10 10
0 -1 0 0 0 0 1 0 0 0 
0 -1 0 0 0 1 0 0 0 -1 
0 -1 1 0 0 0 0 0 0 -1 
1 1 0 0 0 0 0 0 0 -2 
1 -1 0 0 1 0 0 0 0 -1 
1 0 0 0 0 0 0 1 0 -300 
1 0 0 0 0 0 0 0 1 -400 
1 0 0 0 -1 0 0 1 0 -2 
1 0 0 -1 0 0 0 1 0 -1 
1 0 0 1 0 0 0 0 0 -1 

--- Dep 31 from S1 to S2; satisfied: 0, sat level: -1; Type: WAR
on variable: A
Dependence polyhedron
10 10
0 -1 0 0 0 0 1 0 0 0 
0 -1 0 0 0 1 0 0 0 -1 
0 -1 0 0 1 0 0 0 0 0 
0 -1 1 0 0 0 0 0 0 -1 
1 1 0 0 0 0 0 0 0 -2 
1 -1 0 0 0 0 0 1 0 -3 
1 0 0 0 0 0 0 1 0 -300 
1 0 0 0 0 0 0 0 1 -400 
1 1 0 -1 0 0 0 0 0 0 
1 0 0 1 0 0 0 0 0 -1 

--- Dep 32 from S1 to S1; satisfied: 0, sat level: -1; Type: WAR
on variable: A
Dependence polyhedron
12 10
0 -1 0 0 0 0 1 0 0 1 
0 0 -1 0 0 1 0 0 0 2 
0 0 -1 0 1 0 0 0 0 0 
1 1 0 0 0 0 0 0 0 -2 
1 -1 0 0 0 0 0 1 0 -2 
1 0 0 0 0 0 0 1 0 -300 
1 0 1 0 0 0 0 0 0 -3 
1 0 -1 0 0 0 0 1 0 -2 
1 0 0 -1 0 0 0 1 0 -1 
1 0 0 1 0 0 0 0 0 -1 
1 0 0 0 0 0 0 0 1 -400 
1 -1 1 0 0 0 0 0 0 -1 

--- Dep 33 from S2 to S2; satisfied: 0, sat level: -1; Type: WAR
on variable: A
Dependence polyhedron
10 10
0 -1 0 0 0 0 1 0 0 0 
0 0 0 -1 0 1 0 0 0 1 
0 -1 1 0 0 0 0 0 0 2 
1 1 0 0 0 0 0 0 0 -3 
1 -1 0 0 1 0 0 0 0 -1 
1 0 0 0 0 0 0 1 0 -300 
1 0 0 0 0 0 0 0 1 -400 
1 0 0 -1 0 0 0 1 0 -1 
1 0 0 1 0 0 0 0 0 -2 
1 0 0 0 -1 0 0 1 0 -2 

--- Dep 34 from S2 to S2; satisfied: 0, sat level: -1; Type: WAR
on variable: A
Dependence polyhedron
10 10
0 -1 0 0 0 0 1 0 0 0 
0 0 0 -1 0 1 0 0 0 1 
0 -1 0 0 1 0 0 0 0 0 
0 -1 1 0 0 0 0 0 0 2 
1 1 0 0 0 0 0 0 0 -3 
1 -1 0 0 0 0 0 1 0 -2 
1 0 0 0 0 0 0 1 0 -300 
1 0 0 0 0 0 0 0 1 -400 
1 0 0 -1 0 0 0 1 0 -1 
1 -1 0 1 0 0 0 0 0 1 

--- Dep 35 from S2 to S1; satisfied: 0, sat level: -1; Type: WAR
on variable: A
Dependence polyhedron
10 10
0 0 -1 0 0 0 1 0 0 -1 
0 -1 0 0 0 1 0 0 0 1 
0 0 0 -1 1 0 0 0 0 1 
1 1 0 0 0 0 0 0 0 -2 
1 0 0 0 0 0 0 0 1 -400 
1 0 0 0 0 0 0 1 0 -300 
1 0 1 0 0 0 0 0 0 -1 
1 0 -1 0 0 0 0 1 0 -2 
1 0 0 -1 0 0 0 1 0 -1 
1 -1 0 1 0 0 0 0 0 -2 

--- Dep 36 from S2 to S1; satisfied: 0, sat level: -1; Type: WAR
on variable: A
Dependence polyhedron
9 10
0 0 -1 0 0 0 1 0 0 -1 
0 -1 0 0 0 1 0 0 0 1 
0 -1 0 0 1 0 0 0 0 0 
0 -1 0 1 0 0 0 0 0 -1 
1 1 -1 0 0 0 0 0 0 -2 
1 -1 0 0 0 0 0 1 0 -2 
1 0 0 0 0 0 0 1 0 -300 
1 0 1 0 0 0 0 0 0 -1 
1 0 0 0 0 0 0 0 1 -400 

--- Dep 37 from S3 to S6; satisfied: 0, sat level: -1; Type: WAR
on variable: C
Dependence polyhedron
5 6
0 -1 1 0 0 -1 
1 1 0 0 0 -2 
1 -1 0 1 0 -3 
1 0 0 1 0 -300 
1 0 0 0 1 -400 

--- Dep 38 from S2 to S1; satisfied: 0, sat level: -1; Type: WAR
on variable: A
Dependence polyhedron
12 10
0 -1 0 0 0 0 1 0 0 0 
0 0 -1 0 0 1 0 0 0 0 
0 0 0 -1 1 0 0 0 0 0 
1 1 0 0 0 0 0 0 0 -2 
1 -1 0 0 0 0 0 1 0 -2 
1 0 0 0 0 0 0 1 0 -300 
1 0 1 0 0 0 0 0 0 -1 
1 0 -1 0 0 0 0 1 0 -2 
1 0 0 -1 0 0 0 1 0 -2 
1 0 0 1 0 0 0 0 0 -2 
1 0 0 0 0 0 0 0 1 -400 
1 -1 0 1 0 0 0 0 0 -1 

--- Dep 39 from S2 to S2; satisfied: 0, sat level: -1; Type: WAR
on variable: A
Dependence polyhedron
10 10
0 0 -1 0 0 0 1 0 0 -1 
0 -1 0 0 0 1 0 0 0 2 
0 0 -1 1 0 0 0 0 0 1 
1 1 0 0 0 0 0 0 0 -3 
1 -1 0 0 1 0 0 0 0 -1 
1 0 0 0 0 0 0 1 0 -300 
1 0 1 0 0 0 0 0 0 -2 
1 0 -1 0 0 0 0 1 0 -2 
1 0 0 0 0 0 0 0 1 -400 
1 0 0 0 -1 0 0 1 0 -2 

--- Dep 40 from S2 to S2; satisfied: 0, sat level: -1; Type: WAR
on variable: A
Dependence polyhedron
9 10
0 0 -1 0 0 0 1 0 0 -1 
0 -1 0 0 0 1 0 0 0 2 
0 -1 0 0 1 0 0 0 0 0 
0 0 -1 1 0 0 0 0 0 1 
1 0 0 0 0 0 0 0 1 -400 
1 -1 0 0 0 0 0 1 0 -2 
1 0 0 0 0 0 0 1 0 -300 
1 0 1 0 0 0 0 0 0 -2 
1 1 -1 0 0 0 0 0 0 -2 

--- Dep 41 from S5 to S5; satisfied: 0, sat level: -1; Type: WAR
on variable: D
Dependence polyhedron
13 10
0 0 0 -1 0 0 1 0 0 2 
0 -1 0 0 1 0 0 0 0 0 
1 1 0 0 0 0 0 0 0 -1 
1 -1 0 0 0 0 0 1 0 -2 
1 0 0 0 0 0 0 1 0 -300 
1 0 1 0 0 0 0 0 0 0 
1 1 -1 0 0 0 0 0 0 -1 
1 0 0 1 0 0 0 0 0 -5 
1 0 0 -1 0 0 0 0 1 0 
1 0 0 0 0 0 0 0 1 -400 
1 1 0 0 0 -1 0 0 0 -1 
1 0 0 0 0 1 0 0 0 0 
1 0 -1 0 0 1 0 0 0 -1 

--- Dep 42 from S5 to S4; satisfied: 0, sat level: -1; Type: WAR
on variable: D
Dependence polyhedron
11 9
0 -1 0 0 1 0 0 0 -1 
0 -1 0 1 0 0 0 0 -4 
1 1 0 0 0 0 0 0 -1 
1 -1 0 0 0 0 1 0 -3 
1 0 0 0 0 0 1 0 -300 
1 0 1 0 0 0 0 0 0 
1 1 -1 0 0 0 0 0 -1 
1 0 0 0 0 0 0 1 -400 
1 -1 0 0 0 0 0 1 -4 
1 1 0 0 0 -1 0 0 0 
1 0 0 0 0 1 0 0 0 

--- Dep 43 from S2 to S1; satisfied: 0, sat level: -1; Type: WAW
on variable: A
Dependence polyhedron
10 10
0 0 0 -1 0 0 1 0 0 1 
0 0 0 -1 0 1 0 0 0 1 
0 0 -1 0 1 0 0 0 0 0 
1 1 0 0 0 0 0 0 0 -2 
1 0 0 0 0 0 0 0 1 -400 
1 0 0 0 0 0 0 1 0 -300 
1 -1 1 0 0 0 0 0 0 -1 
1 0 -1 0 0 0 0 1 0 -2 
1 0 0 -1 0 0 0 1 0 -1 
1 0 0 1 0 0 0 0 0 -2 

--- Dep 44 from S2 to S1; satisfied: 0, sat level: -1; Type: WAW
on variable: A
Dependence polyhedron
9 10
0 0 0 -1 0 0 1 0 0 1 
0 0 0 -1 0 1 0 0 0 1 
0 -1 0 0 1 0 0 0 0 0 
0 -1 1 0 0 0 0 0 0 0 
1 1 0 0 0 0 0 0 0 -2 
1 0 0 -1 0 0 0 1 0 -1 
1 0 0 0 0 0 0 1 0 -300 
1 -1 0 1 0 0 0 0 0 -2 
1 0 0 0 0 0 0 0 1 -400 

--- Dep 45 from S2 to S2; satisfied: 0, sat level: -1; Type: WAW
on variable: A
Dependence polyhedron
13 10
0 0 0 -1 0 0 1 0 0 0 
0 0 -1 0 0 1 0 0 0 0 
1 1 0 0 0 0 0 0 0 -2 
1 -1 0 0 0 0 0 1 0 -2 
1 0 0 0 0 0 0 1 0 -300 
1 0 1 0 0 0 0 0 0 -1 
1 0 -1 0 0 0 0 1 0 -2 
1 0 0 -1 0 0 0 1 0 -1 
1 0 0 1 0 0 0 0 0 -1 
1 0 0 0 0 0 0 0 1 -400 
1 0 0 0 1 0 0 0 0 -2 
1 0 0 0 -1 0 0 1 0 -2 
1 -1 0 0 1 0 0 0 0 -1 

--- Dep 46 from S1 to S2; satisfied: 0, sat level: -1; Type: WAW
on variable: A
Dependence polyhedron
10 10
0 0 -1 0 0 0 1 0 0 -1 
0 -1 0 0 0 1 0 0 0 0 
0 0 -1 1 0 0 0 0 0 0 
1 1 0 0 0 0 0 0 0 -2 
1 -1 0 0 1 0 0 0 0 -1 
1 0 0 0 0 0 0 1 0 -300 
1 0 1 0 0 0 0 0 0 -1 
1 0 -1 0 0 0 0 1 0 -2 
1 0 0 0 0 0 0 0 1 -400 
1 0 0 0 -1 0 0 1 0 -2 

--- Dep 47 from S1 to S2; satisfied: 0, sat level: -1; Type: WAW
on variable: A
Dependence polyhedron
9 10
0 0 -1 0 0 0 1 0 0 -1 
0 -1 0 0 0 1 0 0 0 0 
0 -1 0 0 1 0 0 0 0 0 
0 0 -1 1 0 0 0 0 0 0 
1 0 0 0 0 0 0 0 1 -400 
1 -1 0 0 0 0 0 1 0 -2 
1 0 0 0 0 0 0 1 0 -300 
1 0 1 0 0 0 0 0 0 -1 
1 1 -1 0 0 0 0 0 0 -1 

--- Dep 48 from S1 to S2; satisfied: 0, sat level: -1; Type: WAW
on variable: A
Dependence polyhedron
9 10
0 -1 0 0 0 0 1 0 0 -1 
0 -1 0 0 0 1 0 0 0 0 
0 -1 0 0 1 0 0 0 0 0 
0 -1 0 1 0 0 0 0 0 0 
0 -1 1 0 0 0 0 0 0 0 
1 1 0 0 0 0 0 0 0 -2 
1 -1 0 0 0 0 0 1 0 -2 
1 0 0 0 0 0 0 1 0 -300 
1 0 0 0 0 0 0 0 1 -400 

--- Dep 49 from S5 to S5; satisfied: 0, sat level: -1; Type: WAW
on variable: D
Dependence polyhedron
13 10
0 0 0 -1 0 0 1 0 0 0 
0 -1 0 0 1 0 0 0 0 0 
1 1 0 0 0 0 0 0 0 -1 
1 -1 0 0 0 0 0 1 0 -2 
1 0 0 0 0 0 0 1 0 -300 
1 0 1 0 0 0 0 0 0 0 
1 1 -1 0 0 0 0 0 0 -1 
1 0 0 1 0 0 0 0 0 -3 
1 0 0 -1 0 0 0 0 1 0 
1 0 0 0 0 0 0 0 1 -400 
1 1 0 0 0 -1 0 0 0 -1 
1 0 0 0 0 1 0 0 0 0 
1 0 -1 0 0 1 0 0 0 -1 

--- Dep 50 from S5 to S4; satisfied: 0, sat level: -1; Type: WAW
on variable: D
Dependence polyhedron
11 9
0 -1 0 0 1 0 0 0 -1 
0 -1 0 1 0 0 0 0 -2 
1 1 0 0 0 0 0 0 -1 
1 -1 0 0 0 0 1 0 -3 
1 0 0 0 0 0 1 0 -300 
1 0 1 0 0 0 0 0 0 
1 1 -1 0 0 0 0 0 -1 
1 0 0 0 0 0 0 1 -400 
1 -1 0 0 0 0 0 1 -2 
1 1 0 0 0 -1 0 0 0 
1 0 0 0 0 1 0 0 0 

--- Dep 51 from S4 to S4; satisfied: 0, sat level: -1; Type: WAW
on variable: D
Dependence polyhedron
10 8
0 -1 0 1 0 0 0 0 
1 1 0 0 0 0 0 -1 
1 -1 0 0 0 1 0 -2 
1 0 0 0 0 1 0 -300 
1 0 1 0 0 0 0 0 
1 1 -1 0 0 0 0 -1 
1 0 0 0 0 0 1 -400 
1 1 0 0 -1 0 0 -1 
1 0 0 0 1 0 0 0 
1 0 -1 0 1 0 0 -1 


[zyj-debug] After affine transformations
T(S1): (i, j, i+j+k, 4)
loop types (loop, loop, loop, scalar)

T(S2): (i, j, i+j+k, 5)
loop types (loop, loop, loop, scalar)

T(S3): (i, 0, 0, 3)
loop types (loop, scalar, scalar, scalar)

T(S4): (l, m, 0, 2)
loop types (loop, loop, scalar, scalar)

T(S5): (l, n, o, 1)
loop types (loop, loop, loop, scalar)

T(S6): (l, 0, 0, 0)
loop types (loop, scalar, scalar, scalar)

t1 --> serial   loop   (band 0)no-ujam
t2 --> serial   loop   (band 1)no-ujam
t3 --> serial   loop   (band 2)no-ujam
t4 --> fwd_dep  scalar (band 3)no-ujam

