[zyj-debug] Before affine transformations
nvar = 3, npar = 2
Parameters: PB_Q PB_L 
S1 "A[k][k][i] = A[i][j][k] * A[j][i][j] * 1;"
ndims: 3; orig_depth: 3
iterators: i, j, k
Index set
9 7
1 1 0 0 0 0 -1 
1 -1 0 0 1 0 -2 
1 0 0 0 1 0 -3 
1 0 1 0 0 0 0 
1 0 -1 0 1 0 -1 
1 0 0 0 1 0 -1 
1 0 0 1 0 0 0 
1 0 1 -1 0 0 -1 
1 0 1 0 0 0 -1 
T(S1): (0, i, 0, j, 0, k, 0)
loop types (loop, loop, loop, loop, loop, loop, loop)

Read accesses
A[i][j][k]
A[j][i][j]
Write accesses
A[k][k][i]
Original loop: 0 -> yes
Original loop: 1 -> yes
Original loop: 2 -> yes

S2 "B[i] = B[i-1] - B[i+1] + 6;"
ndims: 1; orig_depth: 1
iterators: i
Index set
3 5
1 1 0 0 -1 
1 -1 1 0 -2 
1 0 1 0 -3 
T(S2): (0, i, 1, 0, 0, 0, 0)
loop types (loop, loop, loop, scalar, scalar, scalar, scalar)

Read accesses
B[i-1]
B[i+1]
Write accesses
B[i]
Original loop: 0 -> yes

S3 "A[m+1][i+1][l] = 4;"
ndims: 3; orig_depth: 3
iterators: i, l, m
Index set
9 7
1 1 0 0 0 0 -1 
1 -1 0 0 1 0 -2 
1 0 0 0 1 0 -3 
1 0 1 0 0 0 0 
1 0 -1 0 1 0 -1 
1 0 0 0 1 0 -1 
1 0 0 1 0 0 1 
1 0 0 -1 0 1 -2 
1 0 0 0 0 1 -1 
T(S3): (0, i, 2, l, 0, m, 0)
loop types (loop, loop, loop, loop, loop, loop, loop)

No Read accesses
Write accesses
A[m+1][i+1][l]
Original loop: 0 -> yes
Original loop: 1 -> yes
Original loop: 2 -> yes

S4 "A[o-1][p+1][p-1] = A[o-1][p+1][p+1] * A[o+1][p-1][p-1] + C[p][n-1] * A[n][p+1][n+1] + 3;"
ndims: 3; orig_depth: 3
iterators: n, o, p
Index set
8 7
1 1 0 0 0 0 -1 
1 -1 0 0 1 0 -2 
1 0 0 0 1 0 -3 
1 0 1 0 0 0 -1 
1 1 -1 0 0 0 -1 
1 1 0 0 0 0 -2 
1 0 0 1 0 0 -1 
1 0 0 -1 1 0 -2 
T(S4): (1, n, 0, o, 0, p, 0)
loop types (loop, loop, loop, loop, loop, loop, loop)

Read accesses
A[o-1][p+1][p+1]
A[o+1][p-1][p-1]
C[p][n-1]
A[n][p+1][n+1]
Write accesses
A[o-1][p+1][p-1]
Original loop: 0 -> yes
Original loop: 1 -> yes
Original loop: 2 -> yes

S5 "C[r][n] = C[q][n] * 5;"
ndims: 3; orig_depth: 3
iterators: n, q, r
Index set
7 7
1 1 0 0 0 0 -1 
1 -1 0 0 1 0 -2 
1 0 0 0 1 0 -3 
1 0 1 0 0 0 0 
1 1 -1 0 0 0 -1 
1 0 0 1 0 0 0 
1 1 0 -1 0 0 -1 
T(S5): (1, n, 1, q, 0, r, 0)
loop types (loop, loop, loop, loop, loop, loop, loop)

Read accesses
C[q][n]
Write accesses
C[r][n]
Original loop: 0 -> yes
Original loop: 1 -> yes
Original loop: 2 -> yes

S6 "C[q][n] = C[q][n] + 2;"
ndims: 2; orig_depth: 2
iterators: n, q
Index set
5 6
1 1 0 0 0 -1 
1 -1 0 1 0 -2 
1 0 0 1 0 -3 
1 0 1 0 0 0 
1 1 -1 0 0 -1 
T(S6): (1, n, 1, q, 1, 0, 0)
loop types (loop, loop, loop, loop, loop, scalar, scalar)

Read accesses
C[q][n]
Write accesses
C[q][n]
Original loop: 0 -> yes
Original loop: 1 -> yes

--- Dep 1 from S3 to S4; satisfied: 0, sat level: -1; Type: RAW
on variable: A
Dependence polyhedron
12 10
0 -1 0 0 0 0 1 0 0 0 
0 0 -1 0 1 0 0 0 0 1 
0 0 -1 1 0 0 0 0 0 2 
1 1 0 0 0 0 0 0 0 -1 
1 -1 0 0 0 0 0 1 0 -2 
1 0 0 0 0 0 0 1 0 -300 
1 0 1 0 0 0 0 0 0 -3 
1 0 -1 0 0 0 0 1 0 -1 
1 0 0 0 0 0 0 0 1 -400 
1 0 1 0 0 -1 0 0 0 -2 
1 0 -1 0 0 0 0 0 1 0 
1 0 0 0 0 1 0 0 0 -1 

--- Dep 2 from S3 to S1; satisfied: 0, sat level: -1; Type: RAW
on variable: A
Dependence polyhedron
12 10
0 0 -1 0 0 1 0 0 0 0 
0 -1 0 0 1 0 0 0 0 -1 
0 0 -1 1 0 0 0 0 0 1 
1 1 0 0 0 0 0 0 0 -1 
1 -1 0 0 0 0 0 1 0 -3 
1 0 0 0 0 0 0 1 0 -300 
1 0 1 0 0 0 0 0 0 -1 
1 0 -1 0 0 0 0 1 0 -1 
1 0 0 0 0 0 0 0 1 -400 
1 0 0 0 0 0 1 0 0 0 
1 0 -1 0 0 0 0 0 1 -1 
1 0 1 0 0 0 -1 0 0 -1 

--- Dep 3 from S3 to S4; satisfied: 0, sat level: -1; Type: RAW
on variable: A
Dependence polyhedron
12 10
0 -1 0 0 0 0 1 0 0 0 
0 0 0 -1 0 1 0 0 0 -2 
0 -1 1 0 0 0 0 0 0 -1 
1 1 0 0 0 0 0 0 0 -1 
1 -1 0 0 0 0 0 1 0 -2 
1 0 0 0 0 0 0 1 0 -300 
1 0 0 0 0 0 0 0 1 -400 
1 0 0 -1 1 0 0 0 0 -3 
1 0 0 1 0 0 0 0 0 1 
1 0 0 0 -1 0 0 1 0 -2 
1 0 0 -1 0 0 0 0 1 -2 
1 0 0 0 1 0 0 0 0 -2 

--- Dep 4 from S5 to S5; satisfied: 0, sat level: -1; Type: RAW
on variable: C
Dependence polyhedron
10 10
0 0 0 -1 0 1 0 0 0 0 
0 -1 0 0 1 0 0 0 0 0 
1 1 0 0 0 0 -1 0 0 -1 
1 -1 0 0 0 0 0 1 0 -2 
1 0 0 0 0 0 0 1 0 -300 
1 0 1 0 0 0 0 0 0 0 
1 0 0 0 0 0 1 0 0 0 
1 0 -1 1 0 0 0 0 0 -1 
1 1 0 -1 0 0 0 0 0 -1 
1 0 0 0 0 0 0 0 1 -400 

--- Dep 5 from S5 to S5; satisfied: 0, sat level: -1; Type: RAW
on variable: C
Dependence polyhedron
9 10
0 0 -1 0 0 1 0 0 0 0 
0 -1 0 0 1 0 0 0 0 0 
0 0 -1 1 0 0 0 0 0 0 
1 1 0 0 0 0 -1 0 0 -1 
1 -1 0 0 0 0 0 1 0 -2 
1 0 0 0 0 0 0 1 0 -300 
1 0 1 0 0 0 0 0 0 0 
1 0 0 0 0 0 0 0 1 -400 
1 0 -1 0 0 0 1 0 0 -1 

--- Dep 6 from S1 to S4; satisfied: 0, sat level: -1; Type: RAW
on variable: A
Dependence polyhedron
13 10
0 -1 0 0 0 0 1 0 0 1 
0 -1 0 0 0 1 0 0 0 -1 
0 -1 0 1 0 0 0 0 0 0 
1 1 0 0 0 0 0 0 0 -2 
1 -1 0 0 0 0 0 1 0 -2 
1 0 0 0 0 0 0 1 0 -300 
1 0 1 0 0 0 0 0 0 -1 
1 0 -1 0 0 0 0 1 0 -1 
1 -1 1 0 0 0 0 0 0 -1 
1 0 0 0 0 0 0 0 1 -400 
1 -1 0 0 1 0 0 0 0 -2 
1 0 0 0 1 0 0 0 0 -2 
1 0 0 0 -1 0 0 1 0 -2 

--- Dep 7 from S5 to S6; satisfied: 0, sat level: -1; Type: RAW
on variable: C
Dependence polyhedron
11 9
0 0 0 -1 0 1 0 0 0 
0 -1 0 0 1 0 0 0 0 
1 1 0 0 0 0 0 0 -1 
1 -1 0 0 0 0 1 0 -2 
1 0 0 0 0 0 1 0 -300 
1 0 1 0 0 0 0 0 0 
1 1 -1 0 0 0 0 0 -1 
1 0 0 1 0 0 0 0 0 
1 1 0 -1 0 0 0 0 -1 
1 0 0 0 0 0 0 1 -400 
1 0 -1 1 0 0 0 0 0 

--- Dep 8 from S6 to S4; satisfied: 0, sat level: -1; Type: RAW
on variable: C
Dependence polyhedron
11 9
0 0 -1 0 0 1 0 0 0 
0 -1 0 1 0 0 0 0 -1 
1 1 0 0 0 0 0 0 -1 
1 -1 0 0 0 0 1 0 -3 
1 0 0 0 0 0 1 0 -300 
1 0 1 0 0 0 0 0 -1 
1 1 -1 0 0 0 0 0 -1 
1 0 0 0 0 0 0 1 -400 
1 0 -1 0 0 0 1 0 -2 
1 1 0 0 -1 0 0 0 0 
1 0 0 0 1 0 0 0 -1 

--- Dep 9 from S5 to S4; satisfied: 0, sat level: -1; Type: RAW
on variable: C
Dependence polyhedron
13 10
0 0 0 -1 0 0 1 0 0 0 
0 -1 0 0 1 0 0 0 0 -1 
1 1 0 0 0 0 0 0 0 -1 
1 -1 0 0 0 0 0 1 0 -3 
1 0 0 0 0 0 0 1 0 -300 
1 0 1 0 0 0 0 0 0 0 
1 1 -1 0 0 0 0 0 0 -1 
1 0 0 1 0 0 0 0 0 -1 
1 1 0 -1 0 0 0 0 0 -1 
1 0 0 0 0 0 0 0 1 -400 
1 0 0 -1 0 0 0 1 0 -2 
1 1 0 0 0 -1 0 0 0 0 
1 0 0 0 0 1 0 0 0 -1 

--- Dep 10 from S1 to S4; satisfied: 0, sat level: -1; Type: RAW
on variable: A
Dependence polyhedron
12 10
0 -1 0 0 0 0 1 0 0 2 
0 -1 0 0 1 0 0 0 0 1 
0 -1 0 1 0 0 0 0 0 1 
1 1 0 0 0 0 0 0 0 -3 
1 -1 0 0 0 0 0 1 0 -2 
1 0 0 0 0 0 0 1 0 -300 
1 0 1 0 0 0 0 0 0 -1 
1 0 -1 0 0 0 0 1 0 -1 
1 -1 1 0 0 0 0 0 0 0 
1 0 0 0 0 0 0 0 1 -400 
1 1 0 0 0 -1 0 0 0 -2 
1 0 0 0 0 1 0 0 0 -1 

--- Dep 11 from S3 to S1; satisfied: 0, sat level: -1; Type: RAW
on variable: A
Dependence polyhedron
14 10
0 0 -1 0 0 0 1 0 0 0 
0 -1 0 0 0 1 0 0 0 -1 
0 0 0 -1 1 0 0 0 0 -1 
1 1 0 0 0 0 0 0 0 -1 
1 -1 0 0 0 0 0 1 0 -2 
1 0 0 0 0 0 0 1 0 -300 
1 0 1 0 0 0 0 0 0 0 
1 0 -1 0 0 0 0 1 0 -1 
1 0 0 0 0 0 0 0 1 -400 
1 0 0 1 0 0 0 0 0 0 
1 0 0 -1 0 0 0 0 1 -2 
1 1 -1 0 0 0 0 0 0 0 
1 0 0 -1 0 0 0 1 0 -3 
1 -1 0 1 0 0 0 0 0 0 

--- Dep 12 from S1 to S1; satisfied: 0, sat level: -1; Type: RAW
on variable: A
Dependence polyhedron
13 10
0 -1 0 0 0 0 1 0 0 0 
0 0 0 -1 0 1 0 0 0 0 
0 0 0 -1 1 0 0 0 0 0 
1 1 0 0 0 0 0 0 0 -1 
1 -1 0 0 0 0 0 1 0 -2 
1 0 0 0 0 0 0 1 0 -300 
1 0 1 0 0 0 0 0 0 -1 
1 0 -1 0 0 0 0 1 0 -1 
1 0 1 -1 0 0 0 0 0 -1 
1 0 0 1 0 0 0 0 0 -1 
1 0 0 0 0 0 0 0 1 -400 
1 -1 0 1 0 0 0 0 0 -1 
1 0 0 -1 0 0 0 1 0 -2 

--- Dep 13 from S3 to S4; satisfied: 0, sat level: -1; Type: RAW
on variable: A
Dependence polyhedron
12 10
0 -1 0 0 0 0 1 0 0 -2 
0 0 0 -1 0 1 0 0 0 0 
0 -1 1 0 0 0 0 0 0 -1 
1 1 0 0 0 0 0 0 0 -1 
1 -1 0 0 0 0 0 1 0 -4 
1 0 0 0 0 0 0 1 0 -300 
1 0 0 0 0 0 0 0 1 -400 
1 0 0 -1 1 0 0 0 0 -1 
1 0 0 1 0 0 0 0 0 -1 
1 0 0 0 -1 0 0 1 0 -2 
1 0 0 -1 0 0 0 0 1 -2 
1 0 0 0 1 0 0 0 0 -2 

--- Dep 14 from S1 to S4; satisfied: 0, sat level: -1; Type: RAW
on variable: A
Dependence polyhedron
13 10
0 -1 0 0 0 0 1 0 0 -1 
0 -1 0 0 0 1 0 0 0 1 
0 -1 0 1 0 0 0 0 0 0 
1 1 0 0 0 0 0 0 0 -2 
1 -1 0 0 0 0 0 1 0 -3 
1 0 0 0 0 0 0 1 0 -300 
1 0 1 0 0 0 0 0 0 -1 
1 0 -1 0 0 0 0 1 0 -1 
1 -1 1 0 0 0 0 0 0 -1 
1 0 0 0 0 0 0 0 1 -400 
1 -1 0 0 1 0 0 0 0 0 
1 0 0 0 1 0 0 0 0 -2 
1 0 0 0 -1 0 0 1 0 -2 

--- Dep 15 from S2 to S2; satisfied: 0, sat level: -1; Type: RAW
on variable: B
Dependence polyhedron
5 6
0 -1 1 0 0 -1 
1 1 0 0 0 -1 
1 -1 0 1 0 -3 
1 0 0 1 0 -300 
1 0 0 0 1 -400 

--- Dep 16 from S4 to S4; satisfied: 0, sat level: -1; Type: WAR
on variable: A
Dependence polyhedron
12 10
0 -1 0 0 0 0 1 0 0 -2 
0 -1 0 0 0 1 0 0 0 -1 
0 -1 0 1 0 0 0 0 0 -2 
1 1 0 0 0 0 0 0 0 -2 
1 -1 0 0 0 0 0 1 0 -4 
1 0 0 0 0 0 0 1 0 -300 
1 0 1 0 0 0 0 0 0 -1 
1 1 -1 0 0 0 0 0 0 -1 
1 0 0 0 0 0 0 0 1 -400 
1 -1 0 0 1 0 0 0 0 -2 
1 0 0 0 -1 0 0 1 0 -2 
1 0 0 0 1 0 0 0 0 -2 

--- Dep 17 from S1 to S1; satisfied: 0, sat level: -1; Type: WAR
on variable: A
Dependence polyhedron
12 10
0 -1 0 0 0 0 1 0 0 0 
0 -1 0 0 1 0 0 0 0 0 
0 -1 1 0 0 0 0 0 0 0 
1 1 0 0 0 0 0 0 0 -1 
1 -1 0 0 0 0 0 1 0 -2 
1 0 0 0 0 0 0 1 0 -300 
1 0 0 0 0 0 0 0 1 -400 
1 -1 0 0 0 1 0 0 0 -1 
1 1 0 -1 0 0 0 0 0 -1 
1 0 0 1 0 0 0 0 0 0 
1 0 0 0 0 -1 0 1 0 -1 
1 0 0 0 0 1 0 0 0 -1 

--- Dep 18 from S6 to S5; satisfied: 0, sat level: -1; Type: WAR
on variable: C
Dependence polyhedron
11 9
0 0 -1 0 0 1 0 0 0 
0 -1 0 1 0 0 0 0 0 
1 1 0 0 0 0 0 0 -1 
1 -1 0 0 0 0 1 0 -2 
1 0 0 0 0 0 1 0 -300 
1 0 1 0 0 0 0 0 0 
1 1 -1 0 0 0 0 0 -1 
1 0 0 0 0 0 0 1 -400 
1 1 0 0 -1 0 0 0 -1 
1 0 0 0 1 0 0 0 0 
1 0 -1 0 1 0 0 0 -1 

--- Dep 19 from S5 to S6; satisfied: 0, sat level: -1; Type: WAR
on variable: C
Dependence polyhedron
10 9
0 0 -1 0 0 1 0 0 0 
0 -1 0 0 1 0 0 0 0 
1 1 0 0 0 0 0 0 -1 
1 -1 0 0 0 0 1 0 -2 
1 0 0 0 0 0 1 0 -300 
1 0 1 0 0 0 0 0 0 
1 1 -1 0 0 0 0 0 -1 
1 0 0 1 0 0 0 0 0 
1 1 0 -1 0 0 0 0 -1 
1 0 0 0 0 0 0 1 -400 

--- Dep 20 from S2 to S2; satisfied: 0, sat level: -1; Type: WAR
on variable: B
Dependence polyhedron
5 6
0 -1 1 0 0 -1 
1 1 0 0 0 -1 
1 -1 0 1 0 -3 
1 0 0 1 0 -300 
1 0 0 0 1 -400 

--- Dep 21 from S1 to S4; satisfied: 0, sat level: -1; Type: WAR
on variable: A
Dependence polyhedron
12 10
0 0 -1 0 0 0 1 0 0 1 
0 -1 0 0 0 1 0 0 0 -1 
0 0 -1 1 0 0 0 0 0 2 
1 1 0 0 0 0 0 0 0 -1 
1 -1 0 0 0 0 0 1 0 -2 
1 0 0 0 0 0 0 1 0 -300 
1 0 1 0 0 0 0 0 0 -2 
1 0 -1 0 0 0 0 1 0 -1 
1 0 0 0 -1 0 0 1 0 -2 
1 0 0 0 0 0 0 0 1 -400 
1 -1 0 0 1 0 0 0 0 -2 
1 0 0 0 1 0 0 0 0 -2 

--- Dep 22 from S1 to S3; satisfied: 0, sat level: -1; Type: WAR
on variable: A
Dependence polyhedron
14 10
0 -1 0 0 0 0 1 0 0 1 
0 0 0 -1 0 1 0 0 0 0 
0 0 -1 0 1 0 0 0 0 1 
1 1 0 0 0 0 0 0 0 -1 
1 -1 0 0 0 0 0 1 0 -2 
1 0 0 0 0 0 0 1 0 -300 
1 0 1 0 0 0 0 0 0 -2 
1 0 -1 0 0 0 0 1 0 -1 
1 0 1 -1 0 0 0 0 0 -1 
1 0 0 1 0 0 0 0 0 0 
1 0 0 0 0 0 0 0 1 -400 
1 -1 0 0 0 0 0 0 1 -1 
1 0 0 -1 0 0 0 1 0 -1 
1 -1 1 0 0 0 0 0 0 -1 

--- Dep 23 from S5 to S5; satisfied: 0, sat level: -1; Type: WAR
on variable: C
Dependence polyhedron
10 10
0 0 -1 0 0 0 1 0 0 0 
0 -1 0 0 1 0 0 0 0 0 
1 1 0 0 0 -1 0 0 0 -1 
1 -1 0 0 0 0 0 1 0 -2 
1 0 0 0 0 0 0 1 0 -300 
1 0 1 0 0 0 0 0 0 0 
1 0 -1 0 0 1 0 0 0 -1 
1 0 0 1 0 0 0 0 0 0 
1 1 0 -1 0 0 0 0 0 -1 
1 0 0 0 0 0 0 0 1 -400 

--- Dep 24 from S5 to S5; satisfied: 0, sat level: -1; Type: WAR
on variable: C
Dependence polyhedron
9 10
0 0 -1 0 0 0 1 0 0 0 
0 0 -1 0 0 1 0 0 0 0 
0 -1 0 0 1 0 0 0 0 0 
1 0 1 -1 0 0 0 0 0 -1 
1 -1 0 0 0 0 0 1 0 -2 
1 0 0 0 0 0 0 1 0 -300 
1 0 0 0 0 0 0 0 1 -400 
1 1 -1 0 0 0 0 0 0 -1 
1 0 0 1 0 0 0 0 0 0 

--- Dep 25 from S1 to S4; satisfied: 0, sat level: -1; Type: WAR
on variable: A
Dependence polyhedron
12 10
0 -1 0 0 0 0 1 0 0 1 
0 -1 0 0 0 1 0 0 0 1 
0 -1 1 0 0 0 0 0 0 2 
1 1 0 0 0 0 0 0 0 -3 
1 -1 0 0 0 0 0 1 0 -2 
1 0 0 0 0 0 0 1 0 -300 
1 0 0 0 0 0 0 0 1 -400 
1 -1 0 0 1 0 0 0 0 0 
1 1 0 -1 0 0 0 0 0 -3 
1 0 0 1 0 0 0 0 0 0 
1 0 0 0 -1 0 0 1 0 -2 
1 0 0 0 1 0 0 0 0 -2 

--- Dep 26 from S5 to S6; satisfied: 0, sat level: -1; Type: WAW
on variable: C
Dependence polyhedron
11 9
0 0 0 -1 0 1 0 0 0 
0 -1 0 0 1 0 0 0 0 
1 1 0 0 0 0 0 0 -1 
1 -1 0 0 0 0 1 0 -2 
1 0 0 0 0 0 1 0 -300 
1 0 1 0 0 0 0 0 0 
1 1 -1 0 0 0 0 0 -1 
1 0 0 1 0 0 0 0 0 
1 1 0 -1 0 0 0 0 -1 
1 0 0 0 0 0 0 1 -400 
1 0 -1 1 0 0 0 0 0 

--- Dep 27 from S1 to S4; satisfied: 0, sat level: -1; Type: WAW
on variable: A
Dependence polyhedron
13 10
0 -1 0 0 0 0 1 0 0 -1 
0 -1 0 0 0 1 0 0 0 -3 
0 -1 0 1 0 0 0 0 0 -2 
1 1 0 0 0 0 0 0 0 -1 
1 -1 0 0 0 0 0 1 0 -3 
1 0 0 0 0 0 0 1 0 -300 
1 0 1 0 0 0 0 0 0 -1 
1 0 -1 0 0 0 0 1 0 -1 
1 -1 1 0 0 0 0 0 0 -3 
1 0 0 0 0 0 0 0 1 -400 
1 -1 0 0 1 0 0 0 0 -4 
1 0 0 0 1 0 0 0 0 -2 
1 0 0 0 -1 0 0 1 0 -2 

--- Dep 28 from S6 to S5; satisfied: 0, sat level: -1; Type: WAW
on variable: C
Dependence polyhedron
11 9
0 0 -1 0 0 1 0 0 0 
0 -1 0 1 0 0 0 0 0 
1 1 0 0 0 0 0 0 -1 
1 -1 0 0 0 0 1 0 -2 
1 0 0 0 0 0 1 0 -300 
1 0 1 0 0 0 0 0 0 
1 1 -1 0 0 0 0 0 -1 
1 0 0 0 0 0 0 1 -400 
1 1 0 0 -1 0 0 0 -1 
1 0 0 0 1 0 0 0 0 
1 0 -1 0 1 0 0 0 -1 

--- Dep 29 from S4 to S4; satisfied: 0, sat level: -1; Type: WAW
on variable: A
Dependence polyhedron
14 10
0 0 0 -1 0 0 1 0 0 0 
0 0 -1 0 0 1 0 0 0 0 
1 1 0 0 0 0 0 0 0 -2 
1 -1 0 0 0 0 0 1 0 -2 
1 0 0 0 0 0 0 1 0 -300 
1 0 1 0 0 0 0 0 0 -1 
1 1 -1 0 0 0 0 0 0 -1 
1 0 0 -1 0 0 0 1 0 -2 
1 0 0 1 0 0 0 0 0 -1 
1 0 0 0 0 0 0 0 1 -400 
1 0 0 0 1 0 0 0 0 -2 
1 0 0 0 -1 0 0 1 0 -2 
1 0 -1 0 1 0 0 0 0 -1 
1 -1 0 0 1 0 0 0 0 -1 

--- Dep 30 from S1 to S3; satisfied: 0, sat level: -1; Type: WAW
on variable: A
Dependence polyhedron
14 10
0 0 0 -1 0 0 1 0 0 1 
0 -1 0 0 0 1 0 0 0 0 
0 0 0 -1 1 0 0 0 0 1 
1 1 0 0 0 0 0 0 0 -1 
1 -1 0 0 0 0 0 1 0 -2 
1 0 0 0 0 0 0 1 0 -300 
1 0 1 0 0 0 0 0 0 -1 
1 0 -1 0 0 0 0 1 0 -1 
1 0 1 -1 0 0 0 0 0 -1 
1 0 0 1 0 0 0 0 0 -2 
1 0 0 0 0 0 0 0 1 -400 
1 0 0 -1 0 0 0 0 1 -1 
1 0 0 -1 0 0 0 1 0 -1 
1 -1 0 1 0 0 0 0 0 -1 

--- Dep 31 from S3 to S1; satisfied: 0, sat level: -1; Type: WAW
on variable: A
Dependence polyhedron
14 10
0 -1 0 0 0 0 1 0 0 -1 
0 0 -1 0 1 0 0 0 0 0 
0 -1 0 1 0 0 0 0 0 0 
1 1 0 0 0 0 0 0 0 -1 
1 -1 0 0 0 0 0 1 0 -2 
1 0 0 0 0 0 0 1 0 -300 
1 0 1 0 0 0 0 0 0 -1 
1 0 -1 0 0 0 0 1 0 -2 
1 0 0 0 0 0 0 0 1 -400 
1 -1 0 0 0 1 0 0 0 -2 
1 -1 0 0 0 0 0 0 1 -2 
1 0 0 0 0 -1 0 1 0 -1 
1 0 0 0 0 1 0 0 0 -1 
1 -1 1 0 0 0 0 0 0 -1 

--- Dep 32 from S1 to S1; satisfied: 0, sat level: -1; Type: WAW
on variable: A
Dependence polyhedron
14 10
0 0 0 -1 0 0 1 0 0 0 
0 -1 0 0 1 0 0 0 0 0 
1 1 0 0 0 0 0 0 0 -1 
1 -1 0 0 0 0 0 1 0 -2 
1 0 0 0 0 0 0 1 0 -300 
1 0 1 0 0 0 0 0 0 -1 
1 0 -1 0 0 0 0 1 0 -1 
1 0 1 -1 0 0 0 0 0 -1 
1 0 0 1 0 0 0 0 0 0 
1 0 0 0 0 0 0 0 1 -400 
1 0 0 -1 0 1 0 0 0 -1 
1 0 0 0 0 -1 0 1 0 -1 
1 0 0 0 0 1 0 0 0 -1 
1 0 -1 0 0 1 0 0 0 -1 

--- Dep 33 from S3 to S4; satisfied: 0, sat level: -1; Type: WAW
on variable: A
Dependence polyhedron
12 10
0 -1 0 0 0 0 1 0 0 0 
0 0 0 -1 0 1 0 0 0 -2 
0 -1 1 0 0 0 0 0 0 1 
1 1 0 0 0 0 0 0 0 -1 
1 -1 0 0 0 0 0 1 0 -2 
1 0 0 0 0 0 0 1 0 -300 
1 0 0 0 0 0 0 0 1 -400 
1 0 0 -1 1 0 0 0 0 -3 
1 0 0 1 0 0 0 0 0 1 
1 0 0 0 -1 0 0 1 0 -2 
1 0 0 -1 0 0 0 0 1 -2 
1 0 0 0 1 0 0 0 0 -2 

--- Dep 34 from S5 to S5; satisfied: 0, sat level: -1; Type: WAW
on variable: C
Dependence polyhedron
13 10
0 0 0 -1 0 0 1 0 0 0 
0 -1 0 0 1 0 0 0 0 0 
1 1 0 0 0 0 0 0 0 -1 
1 -1 0 0 0 0 0 1 0 -2 
1 0 0 0 0 0 0 1 0 -300 
1 0 1 0 0 0 0 0 0 0 
1 1 -1 0 0 0 0 0 0 -1 
1 0 0 1 0 0 0 0 0 0 
1 1 0 -1 0 0 0 0 0 -1 
1 0 0 0 0 0 0 0 1 -400 
1 1 0 0 0 -1 0 0 0 -1 
1 0 0 0 0 1 0 0 0 0 
1 0 -1 0 0 1 0 0 0 -1 


[zyj-debug] After affine transformations
T(S1): (2, i, k, 3, 0, 0, j, 0, 0)
loop types (scalar, loop, loop, scalar, scalar, scalar, loop, scalar, scalar)

T(S2): (1, i, 0, 2, 0, 0, 0, 0, 0)
loop types (scalar, loop, scalar, scalar, scalar, scalar, scalar, scalar, scalar)

T(S3): (2, i, i+l, 3, 1, 1, zT3, m, 0)
loop types (scalar, loop, loop, scalar, scalar, scalar, loop, loop, scalar)

T(S4): (2, o+p+1, n, 3, 0, 1, zT3, p, 0)
loop types (scalar, loop, loop, scalar, scalar, scalar, loop, loop, scalar)

T(S5): (0, zT3, zT4, n, q, 0, 0, 0, r)
loop types (scalar, loop, loop, loop, loop, scalar, scalar, scalar, loop)

T(S6): (0, zT2, zT3, n, q, 1, 0, 0, 0)
loop types (scalar, loop, loop, loop, loop, scalar, scalar, scalar, scalar)

t1 --> fwd_dep  scalar (band 0)no-ujam
t2 --> serial   loop   (band 0)no-ujam
t3 --> fwd_dep  loop   (band 1)no-ujam
t4 --> parallel loop   (band 1)no-ujam
t5 --> fwd_dep  loop   (band 1)no-ujam
t6 --> fwd_dep  scalar (band 2)no-ujam
t7 --> fwd_dep  loop   (band 2)no-ujam
t8 --> parallel loop   (band 2)no-ujam
t9 --> fwd_dep  loop   (band 2)no-ujam

