[zyj-debug] Before affine transformations
nvar = 3, npar = 3
Parameters: PB_L PB_M PB_P 
S1 "B[i] = B[i+1] + B[i+1] * 5;"
ndims: 2; orig_depth: 2
iterators: i, j
Index set
6 7
1 1 0 0 0 0 -1 
1 -1 0 1 0 0 -1 
1 0 0 1 0 0 -2 
1 0 1 0 0 0 0 
1 0 -1 1 0 0 -1 
1 0 0 1 0 0 -1 
T(S1): (0, i, 0, j, 0, 0, 0)
loop types (loop, loop, loop, loop, loop, scalar, scalar)

Read accesses
B[i+1]
B[i+1]
Write accesses
B[i]
Original loop: 0 -> yes
Original loop: 1 -> yes

S2 "B[i-1] = B[i] + C[i] + C[i] * 4;"
ndims: 1; orig_depth: 1
iterators: i
Index set
3 6
1 1 0 0 0 -1 
1 -1 1 0 0 -1 
1 0 1 0 0 -2 
T(S2): (0, i, 1, 0, 0, 0, 0)
loop types (loop, loop, loop, scalar, scalar, scalar, scalar)

Read accesses
B[i]
C[i]
C[i]
Write accesses
B[i-1]
Original loop: 0 -> yes

S3 "D[k][l][i-1] = D[k][l-2][i-1] + 4;"
ndims: 3; orig_depth: 3
iterators: i, k, l
Index set
9 8
1 1 0 0 0 0 0 -1 
1 -1 0 0 1 0 0 -1 
1 0 0 0 1 0 0 -2 
1 0 1 0 0 0 0 0 
1 0 -1 0 0 1 0 -1 
1 0 0 0 0 1 0 -1 
1 0 0 1 0 0 0 -2 
1 0 0 -1 0 1 0 -1 
1 0 0 0 0 1 0 -3 
T(S3): (0, i, 2, k, 0, l, 0)
loop types (loop, loop, loop, loop, loop, loop, loop)

Read accesses
D[k][l-2][i-1]
Write accesses
D[k][l][i-1]
Original loop: 0 -> yes
Original loop: 1 -> yes
Original loop: 2 -> yes

S4 "D[m+1][m][k] = D[i][m][k] * 6;"
ndims: 3; orig_depth: 3
iterators: i, k, m
Index set
8 8
1 1 0 0 0 0 0 -1 
1 -1 0 0 1 0 0 -1 
1 0 0 0 1 0 0 -2 
1 0 1 0 0 0 0 0 
1 0 -1 0 0 1 0 -1 
1 0 0 0 0 1 0 -1 
1 0 0 1 0 0 0 0 
1 1 0 -1 0 0 0 -1 
T(S4): (0, i, 2, k, 1, m, 0)
loop types (loop, loop, loop, loop, loop, loop, loop)

Read accesses
D[i][m][k]
Write accesses
D[m+1][m][k]
Original loop: 0 -> yes
Original loop: 1 -> yes
Original loop: 2 -> yes

S5 "B[o] = A[o][n] * C[n] + 1;"
ndims: 2; orig_depth: 2
iterators: n, o
Index set
6 7
1 1 0 0 0 0 0 
1 -1 0 1 0 0 -1 
1 0 0 1 0 0 -1 
1 0 1 0 0 0 -2 
1 0 -1 0 0 1 -1 
1 0 0 0 0 1 -3 
T(S5): (1, n, 0, o, 0, 0, 0)
loop types (loop, loop, loop, loop, loop, scalar, scalar)

Read accesses
A[o][n]
C[n]
Write accesses
B[o]
Original loop: 0 -> yes
Original loop: 1 -> yes

S6 "B[o] = B[o-2] - B[o-1] - E[n][p][o] * 1;"
ndims: 3; orig_depth: 3
iterators: n, o, p
Index set
8 8
1 1 0 0 0 0 0 0 
1 -1 0 0 1 0 0 -1 
1 0 0 0 1 0 0 -1 
1 0 1 0 0 0 0 -2 
1 0 -1 0 0 0 1 -1 
1 0 0 0 0 0 1 -3 
1 0 0 1 0 0 0 0 
1 0 0 -1 1 0 0 -1 
T(S6): (1, n, 0, o, 1, p, 0)
loop types (loop, loop, loop, loop, loop, loop, loop)

Read accesses
B[o-2]
B[o-1]
E[n][p][o]
Write accesses
B[o]
Original loop: 0 -> yes
Original loop: 1 -> yes
Original loop: 2 -> yes

--- Dep 1 from S5 to S6; satisfied: 0, sat level: -1; Type: RAW
on variable: B
Dependence polyhedron
11 10
0 0 -1 0 1 0 0 0 0 -1 
1 1 0 0 0 0 0 0 0 0 
1 0 0 0 0 1 0 0 0 0 
1 0 0 0 0 0 1 0 0 -300 
1 0 1 0 0 0 0 0 0 -2 
1 0 -1 0 0 0 0 0 1 -2 
1 0 0 0 0 0 0 0 1 -400 
1 0 0 0 0 0 0 1 0 -400 
1 -1 0 1 0 0 0 0 0 0 
1 0 0 -1 0 0 1 0 0 -1 
1 0 0 0 0 -1 1 0 0 -1 

--- Dep 2 from S1 to S6; satisfied: 0, sat level: -1; Type: RAW
on variable: B
Dependence polyhedron
13 10
0 -1 0 0 1 0 0 0 0 -2 
1 1 0 0 0 0 0 0 0 -1 
1 -1 0 0 0 0 1 0 0 -1 
1 0 0 0 0 0 1 0 0 -300 
1 0 1 0 0 0 0 0 0 0 
1 0 -1 0 0 0 1 0 0 -1 
1 0 0 0 0 0 0 1 0 -400 
1 0 0 0 0 0 0 0 1 -400 
1 0 0 1 0 0 0 0 0 0 
1 0 0 -1 0 0 1 0 0 -1 
1 0 0 0 0 -1 1 0 0 -1 
1 0 0 0 0 1 0 0 0 0 
1 -1 0 0 0 0 0 0 1 -3 

--- Dep 3 from S6 to S6; satisfied: 0, sat level: -1; Type: RAW
on variable: B
Dependence polyhedron
13 11
0 0 -1 0 0 1 0 0 0 0 -2 
1 1 0 0 0 0 0 0 0 0 0 
1 0 0 0 0 0 1 0 0 0 0 
1 0 0 0 0 0 0 1 0 0 -300 
1 0 1 0 0 0 0 0 0 0 -2 
1 0 -1 0 0 0 0 0 0 1 -3 
1 0 0 0 0 0 0 0 0 1 -400 
1 0 0 1 0 0 0 0 0 0 0 
1 0 0 -1 0 0 0 1 0 0 -1 
1 0 0 0 0 0 0 0 1 0 -400 
1 -1 0 0 1 0 0 0 0 0 0 
1 0 0 0 -1 0 0 1 0 0 -1 
1 0 0 0 0 0 -1 1 0 0 -1 

--- Dep 4 from S3 to S3; satisfied: 0, sat level: -1; Type: RAW
on variable: D
Dependence polyhedron
12 11
0 0 0 -1 0 0 1 0 0 0 -2 
0 0 -1 0 0 1 0 0 0 0 0 
0 -1 0 0 1 0 0 0 0 0 0 
1 1 0 0 0 0 0 0 0 0 -1 
1 -1 0 0 0 0 0 1 0 0 -1 
1 0 0 0 0 0 0 1 0 0 -300 
1 0 1 0 0 0 0 0 0 0 0 
1 0 -1 0 0 0 0 0 1 0 -1 
1 0 0 0 0 0 0 0 1 0 -400 
1 0 0 1 0 0 0 0 0 0 -2 
1 0 0 -1 0 0 0 0 1 0 -3 
1 0 0 0 0 0 0 0 0 1 -400 

--- Dep 5 from S1 to S6; satisfied: 0, sat level: -1; Type: RAW
on variable: B
Dependence polyhedron
13 10
0 -1 0 0 1 0 0 0 0 -1 
1 1 0 0 0 0 0 0 0 -1 
1 -1 0 0 0 0 1 0 0 -1 
1 0 0 0 0 0 1 0 0 -300 
1 0 1 0 0 0 0 0 0 0 
1 0 -1 0 0 0 1 0 0 -1 
1 0 0 0 0 0 0 1 0 -400 
1 0 0 0 0 0 0 0 1 -400 
1 0 0 1 0 0 0 0 0 0 
1 0 0 -1 0 0 1 0 0 -1 
1 0 0 0 0 -1 1 0 0 -1 
1 0 0 0 0 1 0 0 0 0 
1 -1 0 0 0 0 0 0 1 -2 

--- Dep 6 from S4 to S3; satisfied: 0, sat level: -1; Type: RAW
on variable: D
Dependence polyhedron
12 11
0 0 0 -1 0 0 1 0 0 0 -2 
0 0 0 -1 0 1 0 0 0 0 -1 
0 0 -1 0 1 0 0 0 0 0 -1 
1 0 0 -1 0 0 0 0 1 0 -3 
1 0 -1 0 0 0 0 1 0 0 -2 
1 0 0 0 0 0 0 1 0 0 -300 
1 -1 1 0 0 0 0 0 0 0 0 
1 0 -1 0 0 0 0 0 1 0 -1 
1 0 0 0 0 0 0 0 1 0 -400 
1 0 0 1 0 0 0 0 0 0 0 
1 1 0 -1 0 0 0 0 0 0 -1 
1 0 0 0 0 0 0 0 0 1 -400 

--- Dep 7 from S4 to S3; satisfied: 0, sat level: -1; Type: RAW
on variable: D
Dependence polyhedron
11 11
0 -1 0 0 0 0 1 0 0 0 -1 
0 -1 0 0 0 1 0 0 0 0 0 
0 -1 0 0 1 0 0 0 0 0 0 
0 -1 0 1 0 0 0 0 0 0 1 
0 -1 1 0 0 0 0 0 0 0 1 
1 1 0 0 0 0 0 0 0 0 -1 
1 -1 0 0 0 0 0 1 0 0 -1 
1 0 0 0 0 0 0 1 0 0 -300 
1 0 0 0 0 0 0 0 0 1 -400 
1 -1 0 0 0 0 0 0 1 0 -2 
1 0 0 0 0 0 0 0 1 0 -400 

--- Dep 8 from S3 to S4; satisfied: 0, sat level: -1; Type: RAW
on variable: D
Dependence polyhedron
16 11
0 0 0 -1 0 0 1 0 0 0 0 
0 -1 0 0 0 1 0 0 0 0 1 
0 0 -1 0 1 0 0 0 0 0 0 
1 1 0 0 0 0 0 0 0 0 -1 
1 -1 0 0 0 0 0 1 0 0 -1 
1 0 0 0 0 0 0 1 0 0 -300 
1 0 1 0 0 0 0 0 0 0 -1 
1 0 -1 0 0 0 0 0 1 0 -1 
1 0 0 0 0 0 0 0 1 0 -400 
1 0 0 1 0 0 0 0 0 0 -2 
1 0 0 -1 0 0 0 0 1 0 -1 
1 0 0 0 0 0 0 0 0 1 -400 
1 0 1 -1 0 0 0 0 0 0 -1 
1 0 -1 0 0 0 0 1 0 0 -1 
1 -1 0 0 0 0 0 0 1 0 0 
1 -1 1 0 0 0 0 0 0 0 -1 

--- Dep 9 from S5 to S6; satisfied: 0, sat level: -1; Type: RAW
on variable: B
Dependence polyhedron
11 10
0 0 -1 0 1 0 0 0 0 -2 
1 1 0 0 0 0 0 0 0 0 
1 0 0 0 0 1 0 0 0 0 
1 0 0 0 0 0 1 0 0 -300 
1 0 1 0 0 0 0 0 0 -2 
1 0 -1 0 0 0 0 0 1 -3 
1 0 0 0 0 0 0 0 1 -400 
1 0 0 0 0 0 0 1 0 -400 
1 -1 0 1 0 0 0 0 0 0 
1 0 0 -1 0 0 1 0 0 -1 
1 0 0 0 0 -1 1 0 0 -1 

--- Dep 10 from S2 to S6; satisfied: 0, sat level: -1; Type: RAW
on variable: B
Dependence polyhedron
11 9
0 -1 0 1 0 0 0 0 -1 
1 1 0 0 0 0 0 0 -1 
1 -1 0 0 0 1 0 0 -1 
1 0 0 0 0 1 0 0 -300 
1 0 0 0 0 0 1 0 -400 
1 0 0 0 0 0 0 1 -400 
1 0 1 0 0 0 0 0 0 
1 0 -1 0 0 1 0 0 -1 
1 0 0 0 -1 1 0 0 -1 
1 0 0 0 1 0 0 0 0 
1 -1 0 0 0 0 0 1 -2 

--- Dep 11 from S6 to S6; satisfied: 0, sat level: -1; Type: RAW
on variable: B
Dependence polyhedron
13 11
0 0 -1 0 0 1 0 0 0 0 -1 
1 1 0 0 0 0 0 0 0 0 0 
1 0 0 0 0 0 1 0 0 0 0 
1 0 0 0 0 0 0 1 0 0 -300 
1 0 1 0 0 0 0 0 0 0 -2 
1 0 -1 0 0 0 0 0 0 1 -2 
1 0 0 0 0 0 0 0 0 1 -400 
1 0 0 1 0 0 0 0 0 0 0 
1 0 0 -1 0 0 0 1 0 0 -1 
1 0 0 0 0 0 0 0 1 0 -400 
1 -1 0 0 1 0 0 0 0 0 0 
1 0 0 0 -1 0 0 1 0 0 -1 
1 0 0 0 0 0 -1 1 0 0 -1 

--- Dep 12 from S2 to S6; satisfied: 0, sat level: -1; Type: RAW
on variable: B
Dependence polyhedron
11 9
0 -1 0 1 0 0 0 0 0 
1 1 0 0 0 0 0 0 -2 
1 -1 0 0 0 1 0 0 -1 
1 0 0 0 0 1 0 0 -300 
1 0 0 0 0 0 1 0 -400 
1 0 0 0 0 0 0 1 -400 
1 0 1 0 0 0 0 0 0 
1 0 -1 0 0 1 0 0 -1 
1 0 0 0 -1 1 0 0 -1 
1 0 0 0 1 0 0 0 0 
1 -1 0 0 0 0 0 1 -1 

--- Dep 13 from S1 to S2; satisfied: 0, sat level: -1; Type: RAW
on variable: B
Dependence polyhedron
8 8
0 -1 0 1 0 0 0 0 
1 1 0 0 0 0 0 -1 
1 -1 0 0 1 0 0 -1 
1 0 0 0 1 0 0 -300 
1 0 1 0 0 0 0 0 
1 0 -1 0 1 0 0 -1 
1 0 0 0 0 1 0 -400 
1 0 0 0 0 0 1 -400 

--- Dep 14 from S1 to S2; satisfied: 0, sat level: -1; Type: WAR
on variable: B
Dependence polyhedron
8 8
0 -1 0 1 0 0 0 -2 
1 1 0 0 0 0 0 -1 
1 -1 0 0 1 0 0 -3 
1 0 0 0 1 0 0 -300 
1 0 1 0 0 0 0 0 
1 0 -1 0 1 0 0 -1 
1 0 0 0 0 1 0 -400 
1 0 0 0 0 0 1 -400 

--- Dep 15 from S1 to S6; satisfied: 0, sat level: -1; Type: WAR
on variable: B
Dependence polyhedron
13 10
0 -1 0 0 1 0 0 0 0 -1 
1 1 0 0 0 0 0 0 0 -1 
1 -1 0 0 0 0 1 0 0 -1 
1 0 0 0 0 0 1 0 0 -300 
1 0 1 0 0 0 0 0 0 0 
1 0 -1 0 0 0 1 0 0 -1 
1 0 0 0 0 0 0 1 0 -400 
1 0 0 0 0 0 0 0 1 -400 
1 0 0 1 0 0 0 0 0 0 
1 0 0 -1 0 0 1 0 0 -1 
1 0 0 0 0 -1 1 0 0 -1 
1 0 0 0 0 1 0 0 0 0 
1 -1 0 0 0 0 0 0 1 -2 

--- Dep 16 from S1 to S1; satisfied: 0, sat level: -1; Type: WAR
on variable: B
Dependence polyhedron
10 9
0 -1 0 1 0 0 0 0 -1 
1 1 0 0 0 0 0 0 -1 
1 -1 0 0 0 1 0 0 -2 
1 0 0 0 0 1 0 0 -300 
1 0 1 0 0 0 0 0 0 
1 0 -1 0 0 1 0 0 -1 
1 0 0 0 0 0 1 0 -400 
1 0 0 0 0 0 0 1 -400 
1 0 0 0 -1 1 0 0 -1 
1 0 0 0 1 0 0 0 0 

--- Dep 17 from S6 to S6; satisfied: 0, sat level: -1; Type: WAR
on variable: B
Dependence polyhedron
15 11
0 0 -1 0 0 1 0 0 0 0 1 
1 1 0 0 0 0 0 0 0 0 0 
1 -1 0 0 0 0 0 1 0 0 -1 
1 0 0 0 0 0 0 1 0 0 -300 
1 0 1 0 0 0 0 0 0 0 -3 
1 0 -1 0 0 0 0 0 0 1 -1 
1 0 0 0 0 0 0 0 0 1 -400 
1 0 0 1 0 0 0 0 0 0 0 
1 0 0 -1 0 0 0 1 0 0 -1 
1 0 0 0 0 0 0 0 1 0 -400 
1 0 0 0 1 0 0 0 0 0 0 
1 0 0 0 -1 0 0 1 0 0 -1 
1 0 0 0 0 0 -1 1 0 0 -1 
1 0 0 0 0 0 1 0 0 0 0 
1 -1 0 0 1 0 0 0 0 0 -1 

--- Dep 18 from S1 to S5; satisfied: 0, sat level: -1; Type: WAR
on variable: B
Dependence polyhedron
11 9
0 -1 0 0 1 0 0 0 -1 
1 1 0 0 0 0 0 0 -1 
1 -1 0 0 0 1 0 0 -1 
1 0 0 0 0 1 0 0 -300 
1 0 1 0 0 0 0 0 0 
1 0 -1 0 0 1 0 0 -1 
1 0 0 0 0 0 1 0 -400 
1 0 0 0 0 0 0 1 -400 
1 0 0 1 0 0 0 0 0 
1 0 0 -1 0 1 0 0 -1 
1 -1 0 0 0 0 0 1 -2 

--- Dep 19 from S2 to S2; satisfied: 0, sat level: -1; Type: WAR
on variable: B
Dependence polyhedron
6 7
0 -1 1 0 0 0 -1 
1 1 0 0 0 0 -1 
1 -1 0 1 0 0 -2 
1 0 0 1 0 0 -300 
1 0 0 0 1 0 -400 
1 0 0 0 0 1 -400 

--- Dep 20 from S4 to S3; satisfied: 0, sat level: -1; Type: WAR
on variable: D
Dependence polyhedron
11 11
0 0 0 -1 0 0 1 0 0 0 0 
0 -1 0 0 0 1 0 0 0 0 0 
0 0 -1 0 1 0 0 0 0 0 -1 
1 0 0 0 0 0 0 0 0 1 -400 
1 -1 1 0 0 0 0 0 0 0 0 
1 0 0 0 0 0 0 1 0 0 -300 
1 0 -1 0 0 0 0 1 0 0 -2 
1 0 -1 0 0 0 0 0 1 0 -1 
1 0 0 0 0 0 0 0 1 0 -400 
1 0 0 1 0 0 0 0 0 0 -2 
1 1 0 -1 0 0 0 0 0 0 -1 

--- Dep 21 from S4 to S3; satisfied: 0, sat level: -1; Type: WAR
on variable: D
Dependence polyhedron
11 11
0 0 0 -1 0 0 1 0 0 0 0 
0 -1 0 0 0 1 0 0 0 0 0 
0 -1 0 0 1 0 0 0 0 0 0 
0 -1 1 0 0 0 0 0 0 0 1 
1 1 0 -1 0 0 0 0 0 0 -1 
1 -1 0 0 0 0 0 1 0 0 -1 
1 0 0 0 0 0 0 1 0 0 -300 
1 0 0 0 0 0 0 0 0 1 -400 
1 -1 0 0 0 0 0 0 1 0 -1 
1 0 0 0 0 0 0 0 1 0 -400 
1 0 0 1 0 0 0 0 0 0 -2 

--- Dep 22 from S6 to S5; satisfied: 0, sat level: -1; Type: WAR
on variable: B
Dependence polyhedron
13 10
0 0 -1 0 0 1 0 0 0 2 
1 1 0 0 0 0 0 0 0 0 
1 -1 0 0 0 0 1 0 0 -1 
1 0 0 0 0 0 1 0 0 -300 
1 0 1 0 0 0 0 0 0 -4 
1 0 -1 0 0 0 0 0 1 -1 
1 0 0 0 0 0 0 0 1 -400 
1 0 0 1 0 0 0 0 0 0 
1 0 0 -1 0 0 1 0 0 -1 
1 0 0 0 0 0 0 1 0 -400 
1 0 0 0 1 0 0 0 0 0 
1 0 0 0 -1 0 1 0 0 -1 
1 -1 0 0 1 0 0 0 0 -1 

--- Dep 23 from S1 to S6; satisfied: 0, sat level: -1; Type: WAR
on variable: B
Dependence polyhedron
13 10
0 -1 0 0 1 0 0 0 0 -1 
1 1 0 0 0 0 0 0 0 -1 
1 -1 0 0 0 0 1 0 0 -1 
1 0 0 0 0 0 1 0 0 -300 
1 0 1 0 0 0 0 0 0 0 
1 0 -1 0 0 0 1 0 0 -1 
1 0 0 0 0 0 0 1 0 -400 
1 0 0 0 0 0 0 0 1 -400 
1 0 0 1 0 0 0 0 0 0 
1 0 0 -1 0 0 1 0 0 -1 
1 0 0 0 0 -1 1 0 0 -1 
1 0 0 0 0 1 0 0 0 0 
1 -1 0 0 0 0 0 0 1 -2 

--- Dep 24 from S3 to S4; satisfied: 0, sat level: -1; Type: WAR
on variable: D
Dependence polyhedron
13 11
0 0 -1 0 0 0 1 0 0 0 1 
0 -1 0 0 0 1 0 0 0 0 1 
0 0 -1 1 0 0 0 0 0 0 -1 
1 1 0 0 0 0 0 0 0 0 -1 
1 0 0 0 -1 0 0 1 0 0 -1 
1 0 0 0 0 0 0 1 0 0 -300 
1 0 1 0 0 0 0 0 0 0 -1 
1 0 -1 0 0 0 0 0 1 0 -2 
1 0 0 0 0 0 0 0 1 0 -400 
1 0 0 0 0 0 0 0 0 1 -400 
1 0 -1 0 1 0 0 0 0 0 0 
1 -1 0 0 0 0 0 0 1 0 0 
1 -1 0 0 1 0 0 0 0 0 -1 

--- Dep 25 from S3 to S4; satisfied: 0, sat level: -1; Type: WAR
on variable: D
Dependence polyhedron
12 11
0 0 -1 0 0 0 1 0 0 0 1 
0 -1 0 0 0 1 0 0 0 0 1 
0 -1 0 0 1 0 0 0 0 0 0 
0 0 -1 1 0 0 0 0 0 0 -1 
1 -1 0 0 0 0 0 0 1 0 0 
1 -1 0 0 0 0 0 1 0 0 -1 
1 0 0 0 0 0 0 1 0 0 -300 
1 0 1 0 0 0 0 0 0 0 -1 
1 0 -1 0 0 0 0 0 1 0 -2 
1 0 0 0 0 0 0 0 1 0 -400 
1 0 0 0 0 0 0 0 0 1 -400 
1 1 -1 0 0 0 0 0 0 0 -1 

--- Dep 26 from S2 to S5; satisfied: 0, sat level: -1; Type: WAR
on variable: B
Dependence polyhedron
9 8
0 -1 0 1 0 0 0 0 
1 1 0 0 0 0 0 -2 
1 -1 0 0 1 0 0 -1 
1 0 0 0 1 0 0 -300 
1 0 0 0 0 1 0 -400 
1 0 0 0 0 0 1 -400 
1 0 1 0 0 0 0 0 
1 0 -1 0 1 0 0 -1 
1 -1 0 0 0 0 1 -1 

--- Dep 27 from S1 to S2; satisfied: 0, sat level: -1; Type: WAR
on variable: B
Dependence polyhedron
8 8
0 -1 0 1 0 0 0 -2 
1 1 0 0 0 0 0 -1 
1 -1 0 0 1 0 0 -3 
1 0 0 0 1 0 0 -300 
1 0 1 0 0 0 0 0 
1 0 -1 0 1 0 0 -1 
1 0 0 0 0 1 0 -400 
1 0 0 0 0 0 1 -400 

--- Dep 28 from S1 to S5; satisfied: 0, sat level: -1; Type: WAR
on variable: B
Dependence polyhedron
11 9
0 -1 0 0 1 0 0 0 -1 
1 1 0 0 0 0 0 0 -1 
1 -1 0 0 0 1 0 0 -1 
1 0 0 0 0 1 0 0 -300 
1 0 1 0 0 0 0 0 0 
1 0 -1 0 0 1 0 0 -1 
1 0 0 0 0 0 1 0 -400 
1 0 0 0 0 0 0 1 -400 
1 0 0 1 0 0 0 0 0 
1 0 0 -1 0 1 0 0 -1 
1 -1 0 0 0 0 0 1 -2 

--- Dep 29 from S6 to S6; satisfied: 0, sat level: -1; Type: WAR
on variable: B
Dependence polyhedron
15 11
0 0 -1 0 0 1 0 0 0 0 2 
1 1 0 0 0 0 0 0 0 0 0 
1 -1 0 0 0 0 0 1 0 0 -1 
1 0 0 0 0 0 0 1 0 0 -300 
1 0 1 0 0 0 0 0 0 0 -4 
1 0 -1 0 0 0 0 0 0 1 -1 
1 0 0 0 0 0 0 0 0 1 -400 
1 0 0 1 0 0 0 0 0 0 0 
1 0 0 -1 0 0 0 1 0 0 -1 
1 0 0 0 0 0 0 0 1 0 -400 
1 0 0 0 1 0 0 0 0 0 0 
1 0 0 0 -1 0 0 1 0 0 -1 
1 0 0 0 0 0 -1 1 0 0 -1 
1 0 0 0 0 0 1 0 0 0 0 
1 -1 0 0 1 0 0 0 0 0 -1 

--- Dep 30 from S6 to S5; satisfied: 0, sat level: -1; Type: WAR
on variable: B
Dependence polyhedron
13 10
0 0 -1 0 0 1 0 0 0 1 
1 1 0 0 0 0 0 0 0 0 
1 -1 0 0 0 0 1 0 0 -1 
1 0 0 0 0 0 1 0 0 -300 
1 0 1 0 0 0 0 0 0 -3 
1 0 -1 0 0 0 0 0 1 -1 
1 0 0 0 0 0 0 0 1 -400 
1 0 0 1 0 0 0 0 0 0 
1 0 0 -1 0 0 1 0 0 -1 
1 0 0 0 0 0 0 1 0 -400 
1 0 0 0 1 0 0 0 0 0 
1 0 0 0 -1 0 1 0 0 -1 
1 -1 0 0 1 0 0 0 0 -1 

--- Dep 31 from S4 to S4; satisfied: 0, sat level: -1; Type: WAR
on variable: D
Dependence polyhedron
13 11
0 -1 0 0 0 0 1 0 0 0 1 
0 0 -1 0 0 1 0 0 0 0 0 
0 -1 0 1 0 0 0 0 0 0 1 
1 1 0 0 0 0 0 0 0 0 -1 
1 -1 0 0 0 0 0 1 0 0 -1 
1 0 0 0 0 0 0 1 0 0 -300 
1 0 1 0 0 0 0 0 0 0 0 
1 0 -1 0 0 0 0 0 1 0 -1 
1 0 0 0 0 0 0 0 1 0 -400 
1 0 0 0 0 0 0 0 0 1 -400 
1 0 0 0 -1 0 0 1 0 0 -1 
1 -1 0 0 1 0 0 0 0 0 -1 
1 0 0 0 1 0 0 0 0 0 -1 

--- Dep 32 from S2 to S6; satisfied: 0, sat level: -1; Type: WAR
on variable: B
Dependence polyhedron
11 9
0 -1 0 1 0 0 0 0 0 
1 1 0 0 0 0 0 0 -2 
1 -1 0 0 0 1 0 0 -1 
1 0 0 0 0 1 0 0 -300 
1 0 0 0 0 0 1 0 -400 
1 0 0 0 0 0 0 1 -400 
1 0 1 0 0 0 0 0 0 
1 0 -1 0 0 1 0 0 -1 
1 0 0 0 -1 1 0 0 -1 
1 0 0 0 1 0 0 0 0 
1 -1 0 0 0 0 0 1 -1 

--- Dep 33 from S1 to S1; satisfied: 0, sat level: -1; Type: WAR
on variable: B
Dependence polyhedron
10 9
0 -1 0 1 0 0 0 0 -1 
1 1 0 0 0 0 0 0 -1 
1 -1 0 0 0 1 0 0 -2 
1 0 0 0 0 1 0 0 -300 
1 0 1 0 0 0 0 0 0 
1 0 -1 0 0 1 0 0 -1 
1 0 0 0 0 0 1 0 -400 
1 0 0 0 0 0 0 1 -400 
1 0 0 0 -1 1 0 0 -1 
1 0 0 0 1 0 0 0 0 

--- Dep 34 from S5 to S6; satisfied: 0, sat level: -1; Type: WAW
on variable: B
Dependence polyhedron
11 10
0 0 -1 0 1 0 0 0 0 0 
1 1 0 0 0 0 0 0 0 0 
1 0 0 0 0 1 0 0 0 0 
1 0 0 0 0 0 1 0 0 -300 
1 0 1 0 0 0 0 0 0 -2 
1 0 -1 0 0 0 0 0 1 -1 
1 0 0 0 0 0 0 0 1 -400 
1 0 0 0 0 0 0 1 0 -400 
1 -1 0 1 0 0 0 0 0 0 
1 0 0 -1 0 0 1 0 0 -1 
1 0 0 0 0 -1 1 0 0 -1 

--- Dep 35 from S5 to S5; satisfied: 0, sat level: -1; Type: WAW
on variable: B
Dependence polyhedron
11 9
0 0 -1 0 1 0 0 0 0 
1 1 0 0 0 0 0 0 0 
1 -1 0 0 0 1 0 0 -1 
1 0 0 0 0 1 0 0 -300 
1 0 1 0 0 0 0 0 -2 
1 0 -1 0 0 0 0 1 -1 
1 0 0 0 0 0 0 1 -400 
1 0 0 0 0 0 1 0 -400 
1 0 0 1 0 0 0 0 0 
1 0 0 -1 0 1 0 0 -1 
1 -1 0 1 0 0 0 0 -1 

--- Dep 36 from S2 to S6; satisfied: 0, sat level: -1; Type: WAW
on variable: B
Dependence polyhedron
11 9
0 -1 0 1 0 0 0 0 1 
1 1 0 0 0 0 0 0 -3 
1 -1 0 0 0 1 0 0 -1 
1 0 0 0 0 1 0 0 -300 
1 0 0 0 0 0 1 0 -400 
1 0 0 0 0 0 0 1 -400 
1 0 1 0 0 0 0 0 0 
1 0 -1 0 0 1 0 0 -1 
1 0 0 0 -1 1 0 0 -1 
1 0 0 0 1 0 0 0 0 
1 -1 0 0 0 0 0 1 0 

--- Dep 37 from S1 to S1; satisfied: 0, sat level: -1; Type: WAW
on variable: B
Dependence polyhedron
11 9
0 -1 0 1 0 0 0 0 0 
1 1 0 0 0 0 0 0 -1 
1 -1 0 0 0 1 0 0 -1 
1 0 0 0 0 1 0 0 -300 
1 0 1 0 0 0 0 0 0 
1 0 -1 0 0 1 0 0 -1 
1 0 0 0 0 0 1 0 -400 
1 0 0 0 0 0 0 1 -400 
1 0 0 0 -1 1 0 0 -1 
1 0 0 0 1 0 0 0 0 
1 0 -1 0 1 0 0 0 -1 

--- Dep 38 from S4 to S4; satisfied: 0, sat level: -1; Type: WAW
on variable: D
Dependence polyhedron
15 11
0 0 0 -1 0 0 1 0 0 0 0 
0 0 -1 0 0 1 0 0 0 0 0 
1 1 0 0 0 0 0 0 0 0 -1 
1 -1 0 0 0 0 0 1 0 0 -1 
1 0 0 0 0 0 0 1 0 0 -300 
1 0 1 0 0 0 0 0 0 0 0 
1 0 -1 0 0 0 0 0 1 0 -1 
1 0 0 0 0 0 0 0 1 0 -400 
1 0 0 1 0 0 0 0 0 0 0 
1 1 0 -1 0 0 0 0 0 0 -1 
1 0 0 0 0 0 0 0 0 1 -400 
1 0 0 0 1 0 0 0 0 0 -1 
1 0 0 0 -1 0 0 1 0 0 -1 
1 0 0 -1 1 0 0 0 0 0 -1 
1 -1 0 0 1 0 0 0 0 0 -1 

--- Dep 39 from S1 to S2; satisfied: 0, sat level: -1; Type: WAW
on variable: B
Dependence polyhedron
8 8
0 -1 0 1 0 0 0 -1 
1 1 0 0 0 0 0 -1 
1 -1 0 0 1 0 0 -2 
1 0 0 0 1 0 0 -300 
1 0 1 0 0 0 0 0 
1 0 -1 0 1 0 0 -1 
1 0 0 0 0 1 0 -400 
1 0 0 0 0 0 1 -400 

--- Dep 40 from S3 to S4; satisfied: 0, sat level: -1; Type: WAW
on variable: D
Dependence polyhedron
13 11
0 0 -1 0 0 0 1 0 0 0 1 
0 -1 0 0 0 1 0 0 0 0 1 
0 0 -1 1 0 0 0 0 0 0 1 
1 1 0 0 0 0 0 0 0 0 -1 
1 0 0 0 -1 0 0 1 0 0 -1 
1 0 0 0 0 0 0 1 0 0 -300 
1 0 1 0 0 0 0 0 0 0 -3 
1 0 -1 0 0 0 0 0 1 0 -1 
1 0 0 0 0 0 0 0 1 0 -400 
1 0 0 0 0 0 0 0 0 1 -400 
1 0 -1 0 1 0 0 0 0 0 0 
1 -1 0 0 0 0 0 0 1 0 0 
1 -1 0 0 1 0 0 0 0 0 -1 

--- Dep 41 from S3 to S4; satisfied: 0, sat level: -1; Type: WAW
on variable: D
Dependence polyhedron
11 11
0 0 -1 0 0 0 1 0 0 0 1 
0 -1 0 0 0 1 0 0 0 0 1 
0 -1 0 0 1 0 0 0 0 0 0 
0 0 -1 1 0 0 0 0 0 0 1 
1 1 -1 0 0 0 0 0 0 0 -1 
1 -1 0 0 0 0 0 1 0 0 -1 
1 0 0 0 0 0 0 1 0 0 -300 
1 0 1 0 0 0 0 0 0 0 -3 
1 -1 0 0 0 0 0 0 1 0 0 
1 0 0 0 0 0 0 0 1 0 -400 
1 0 0 0 0 0 0 0 0 1 -400 

--- Dep 42 from S1 to S5; satisfied: 0, sat level: -1; Type: WAW
on variable: B
Dependence polyhedron
11 9
0 -1 0 0 1 0 0 0 0 
1 1 0 0 0 0 0 0 -2 
1 -1 0 0 0 1 0 0 -1 
1 0 0 0 0 1 0 0 -300 
1 0 1 0 0 0 0 0 0 
1 0 -1 0 0 1 0 0 -1 
1 0 0 0 0 0 1 0 -400 
1 0 0 0 0 0 0 1 -400 
1 0 0 1 0 0 0 0 0 
1 0 0 -1 0 1 0 0 -1 
1 -1 0 0 0 0 0 1 -1 

--- Dep 43 from S4 to S3; satisfied: 0, sat level: -1; Type: WAW
on variable: D
Dependence polyhedron
11 11
0 0 0 -1 0 0 1 0 0 0 0 
0 0 0 -1 0 1 0 0 0 0 -1 
0 0 -1 0 1 0 0 0 0 0 -1 
1 0 0 0 0 0 0 0 0 1 -400 
1 -1 1 0 0 0 0 0 0 0 0 
1 0 0 0 0 0 0 1 0 0 -300 
1 0 -1 0 0 0 0 1 0 0 -2 
1 0 -1 0 0 0 0 0 1 0 -1 
1 0 0 0 0 0 0 0 1 0 -400 
1 0 0 1 0 0 0 0 0 0 -2 
1 1 0 -1 0 0 0 0 0 0 -1 

--- Dep 44 from S4 to S3; satisfied: 0, sat level: -1; Type: WAW
on variable: D
Dependence polyhedron
11 11
0 -1 0 0 0 0 1 0 0 0 1 
0 -1 0 0 0 1 0 0 0 0 0 
0 -1 0 0 1 0 0 0 0 0 0 
0 -1 0 1 0 0 0 0 0 0 1 
0 -1 1 0 0 0 0 0 0 0 1 
1 1 0 0 0 0 0 0 0 0 -3 
1 -1 0 0 0 0 0 1 0 0 -1 
1 0 0 0 0 0 0 1 0 0 -300 
1 0 0 0 0 0 0 0 0 1 -400 
1 -1 0 0 0 0 0 0 1 0 -1 
1 0 0 0 0 0 0 0 1 0 -400 

--- Dep 45 from S6 to S5; satisfied: 0, sat level: -1; Type: WAW
on variable: B
Dependence polyhedron
13 10
0 0 -1 0 0 1 0 0 0 0 
1 1 0 0 0 0 0 0 0 0 
1 -1 0 0 0 0 1 0 0 -1 
1 0 0 0 0 0 1 0 0 -300 
1 0 1 0 0 0 0 0 0 -2 
1 0 -1 0 0 0 0 0 1 -1 
1 0 0 0 0 0 0 0 1 -400 
1 0 0 1 0 0 0 0 0 0 
1 0 0 -1 0 0 1 0 0 -1 
1 0 0 0 0 0 0 1 0 -400 
1 0 0 0 1 0 0 0 0 0 
1 0 0 0 -1 0 1 0 0 -1 
1 -1 0 0 1 0 0 0 0 -1 

--- Dep 46 from S2 to S5; satisfied: 0, sat level: -1; Type: WAW
on variable: B
Dependence polyhedron
9 8
0 -1 0 1 0 0 0 1 
1 1 0 0 0 0 0 -3 
1 -1 0 0 1 0 0 -1 
1 0 0 0 1 0 0 -300 
1 0 0 0 0 1 0 -400 
1 0 0 0 0 0 1 -400 
1 0 1 0 0 0 0 0 
1 0 -1 0 1 0 0 -1 
1 -1 0 0 0 0 1 0 

--- Dep 47 from S6 to S6; satisfied: 0, sat level: -1; Type: WAW
on variable: B
Dependence polyhedron
13 11
0 0 -1 0 0 1 0 0 0 0 0 
1 1 0 0 0 0 0 0 0 0 0 
1 0 0 0 0 0 1 0 0 0 0 
1 0 0 0 0 0 0 1 0 0 -300 
1 0 1 0 0 0 0 0 0 0 -2 
1 0 -1 0 0 0 0 0 0 1 -1 
1 0 0 0 0 0 0 0 0 1 -400 
1 0 0 1 0 0 0 0 0 0 0 
1 0 0 -1 0 0 0 1 0 0 -1 
1 0 0 0 0 0 0 0 1 0 -400 
1 -1 0 0 1 0 0 0 0 0 -1 
1 0 0 0 -1 0 0 1 0 0 -1 
1 0 0 0 0 0 -1 1 0 0 -1 

--- Dep 48 from S6 to S6; satisfied: 0, sat level: -1; Type: WAW
on variable: B
Dependence polyhedron
12 11
0 0 -1 0 0 1 0 0 0 0 0 
0 -1 0 0 1 0 0 0 0 0 0 
1 1 0 0 0 0 0 0 0 0 0 
1 -1 0 0 0 0 0 1 0 0 -1 
1 0 0 0 0 0 0 1 0 0 -300 
1 0 1 0 0 0 0 0 0 0 -2 
1 0 -1 0 0 0 0 0 0 1 -1 
1 0 0 0 0 0 0 0 0 1 -400 
1 0 0 1 0 0 0 0 0 0 0 
1 0 0 0 0 0 -1 1 0 0 -1 
1 0 0 0 0 0 0 0 1 0 -400 
1 0 0 -1 0 0 1 0 0 0 -1 

--- Dep 49 from S1 to S6; satisfied: 0, sat level: -1; Type: WAW
on variable: B
Dependence polyhedron
13 10
0 -1 0 0 1 0 0 0 0 0 
1 1 0 0 0 0 0 0 0 -2 
1 -1 0 0 0 0 1 0 0 -1 
1 0 0 0 0 0 1 0 0 -300 
1 0 1 0 0 0 0 0 0 0 
1 0 -1 0 0 0 1 0 0 -1 
1 0 0 0 0 0 0 1 0 -400 
1 0 0 0 0 0 0 0 1 -400 
1 0 0 1 0 0 0 0 0 0 
1 0 0 -1 0 0 1 0 0 -1 
1 0 0 0 0 -1 1 0 0 -1 
1 0 0 0 0 1 0 0 0 0 
1 -1 0 0 0 0 0 0 1 -1 


[zyj-debug] After affine transformations
T(S1): (1, i, j, 0, 5)
loop types (scalar, loop, loop, scalar, scalar)

T(S2): (2, i, 0, 0, 4)
loop types (scalar, loop, scalar, scalar, scalar)

T(S3): (0, i, k, l, 2)
loop types (scalar, loop, loop, loop, scalar)

T(S4): (0, i, k, m+2, 3)
loop types (scalar, loop, loop, loop, scalar)

T(S5): (3, n, o, 0, 0)
loop types (scalar, loop, loop, scalar, scalar)

T(S6): (3, n, o, p, 1)
loop types (scalar, loop, loop, loop, scalar)

t1 --> fwd_dep  scalar (band 0)no-ujam
t2 --> serial   loop   (band 0)no-ujam
t3 --> serial   loop   (band 1)no-ujam
t4 --> fwd_dep  loop   (band 2)no-ujam
t5 --> serial   scalar (band 2)no-ujam

