[zyj-debug] Before affine transformations
nvar = 3, npar = 4
Parameters: PB_M PB_N PB_L PB_P 
S1 "A[i] = 6;"
ndims: 2; orig_depth: 2
iterators: i, j
Index set
6 8
1 1 0 0 0 0 0 0 
1 -1 0 1 0 0 0 -1 
1 0 0 1 0 0 0 -1 
1 0 1 0 0 0 0 0 
1 0 -1 0 1 0 0 -1 
1 0 0 0 1 0 0 -1 
T(S1): (0, i, 0, j, 0, 0, 0)
loop types (loop, loop, loop, loop, loop, scalar, scalar)

No Read accesses
Write accesses
A[i]
Original loop: 0 -> yes
Original loop: 1 -> yes

S2 "B[k+1] = E[k+2] - B[k+1] - 6;"
ndims: 1; orig_depth: 1
iterators: k
Index set
3 7
1 1 0 0 0 0 -1 
1 -1 0 1 0 0 -1 
1 0 0 1 0 0 -2 
T(S2): (1, k, 0, 0, 0, 0, 0)
loop types (loop, loop, loop, scalar, scalar, scalar, scalar)

Read accesses
E[k+2]
B[k+1]
Write accesses
B[k+1]
Original loop: 0 -> yes

S3 "C[k][l][k] = C[k][l][k] - C[k][l][k] - D[m][l+1][m] + 4;"
ndims: 3; orig_depth: 3
iterators: k, l, m
Index set
11 9
1 1 0 0 0 0 0 0 -1 
1 -1 0 0 0 1 0 0 -1 
1 0 0 0 0 1 0 0 -2 
1 0 1 0 0 0 0 0 0 
1 0 -1 0 0 0 1 0 -2 
1 0 0 0 0 0 1 0 -2 
1 0 0 1 0 0 0 0 0 
1 0 1 -1 0 0 0 0 -1 
1 0 0 -1 0 0 0 1 -1 
1 0 1 0 0 0 0 0 -1 
1 0 0 0 0 0 0 1 -1 
T(S3): (1, k, 1, l, 0, m, 0)
loop types (loop, loop, loop, loop, loop, loop, loop)

Read accesses
C[k][l][k]
C[k][l][k]
D[m][l+1][m]
Write accesses
C[k][l][k]
Original loop: 0 -> yes
Original loop: 1 -> yes
Original loop: 2 -> yes

S4 "E[k] = E[k+1] - B[k+1] - B[k+1] + E[k] * 2;"
ndims: 1; orig_depth: 1
iterators: k
Index set
3 7
1 1 0 0 0 0 -1 
1 -1 0 1 0 0 -1 
1 0 0 1 0 0 -2 
T(S4): (1, k, 2, 0, 0, 0, 0)
loop types (loop, loop, loop, scalar, scalar, scalar, scalar)

Read accesses
E[k+1]
B[k+1]
B[k+1]
E[k]
Write accesses
E[k]
Original loop: 0 -> yes

S5 "E[k-1] = B[k+1] - E[k-1] + A[k] + 1;"
ndims: 1; orig_depth: 1
iterators: k
Index set
3 7
1 1 0 0 0 0 -1 
1 -1 0 1 0 0 -1 
1 0 0 1 0 0 -2 
T(S5): (1, k, 3, 0, 0, 0, 0)
loop types (loop, loop, loop, scalar, scalar, scalar, scalar)

Read accesses
B[k+1]
E[k-1]
A[k]
Write accesses
E[k-1]
Original loop: 0 -> yes

S6 "F[k][n] = F[k+1][n-1] - E[k+2] + A[n] * 4;"
ndims: 2; orig_depth: 2
iterators: k, n
Index set
6 8
1 1 0 0 0 0 0 -1 
1 -1 0 0 1 0 0 -1 
1 0 0 0 1 0 0 -2 
1 0 1 0 0 0 0 -1 
1 1 -1 0 0 0 0 -1 
1 1 0 0 0 0 0 -2 
T(S6): (1, k, 4, n, 0, 0, 0)
loop types (loop, loop, loop, loop, loop, scalar, scalar)

Read accesses
F[k+1][n-1]
E[k+2]
A[n]
Write accesses
F[k][n]
Original loop: 0 -> yes
Original loop: 1 -> yes

--- Dep 1 from S3 to S3; satisfied: 0, sat level: -1; Type: RAW
on variable: C
Dependence polyhedron
17 12
0 0 -1 0 0 1 0 0 0 0 0 0 
0 -1 0 0 1 0 0 0 0 0 0 0 
1 1 0 0 0 0 0 0 0 0 0 -1 
1 -1 0 0 0 0 0 0 1 0 0 -1 
1 0 0 0 0 0 0 0 1 0 0 -300 
1 0 1 0 0 0 0 0 0 0 0 -1 
1 0 -1 0 0 0 0 0 0 1 0 -2 
1 0 0 0 0 0 0 0 0 1 0 -400 
1 0 0 1 0 0 0 0 0 0 0 0 
1 0 1 -1 0 0 0 0 0 0 0 -1 
1 0 0 -1 0 0 0 0 0 0 1 -1 
1 0 0 0 0 0 0 0 0 0 1 -300 
1 0 0 0 0 0 0 1 0 0 0 -500 
1 0 0 0 0 0 -1 0 0 0 1 -1 
1 0 1 0 0 0 -1 0 0 0 0 -1 
1 0 0 0 0 0 1 0 0 0 0 0 
1 0 0 -1 0 0 1 0 0 0 0 -1 

--- Dep 2 from S4 to S5; satisfied: 0, sat level: -1; Type: RAW
on variable: E
Dependence polyhedron
7 8
0 -1 1 0 0 0 0 -1 
1 1 0 0 0 0 0 -1 
1 -1 0 0 1 0 0 -2 
1 0 0 0 1 0 0 -300 
1 0 0 0 0 0 1 -300 
1 0 0 1 0 0 0 -500 
1 0 0 0 0 1 0 -400 

--- Dep 3 from S1 to S5; satisfied: 0, sat level: -1; Type: RAW
on variable: A
Dependence polyhedron
10 9
0 -1 0 1 0 0 0 0 0 
1 1 0 0 0 0 0 0 -1 
1 -1 0 0 1 0 0 0 -1 
1 0 0 0 1 0 0 0 -500 
1 0 1 0 0 0 0 0 0 
1 0 -1 0 0 1 0 0 -1 
1 0 0 0 0 1 0 0 -300 
1 0 0 0 0 0 0 1 -300 
1 0 0 0 0 0 1 0 -400 
1 -1 0 0 0 1 0 0 -1 

--- Dep 4 from S2 to S4; satisfied: 0, sat level: -1; Type: RAW
on variable: B
Dependence polyhedron
7 8
0 -1 1 0 0 0 0 0 
1 1 0 0 0 0 0 -1 
1 -1 0 0 1 0 0 -1 
1 0 0 0 1 0 0 -300 
1 0 0 0 0 0 1 -300 
1 0 0 1 0 0 0 -500 
1 0 0 0 0 1 0 -400 

--- Dep 5 from S3 to S3; satisfied: 0, sat level: -1; Type: RAW
on variable: C
Dependence polyhedron
17 12
0 0 -1 0 0 1 0 0 0 0 0 0 
0 -1 0 0 1 0 0 0 0 0 0 0 
1 1 0 0 0 0 0 0 0 0 0 -1 
1 -1 0 0 0 0 0 0 1 0 0 -1 
1 0 0 0 0 0 0 0 1 0 0 -300 
1 0 1 0 0 0 0 0 0 0 0 -1 
1 0 -1 0 0 0 0 0 0 1 0 -2 
1 0 0 0 0 0 0 0 0 1 0 -400 
1 0 0 1 0 0 0 0 0 0 0 0 
1 0 1 -1 0 0 0 0 0 0 0 -1 
1 0 0 -1 0 0 0 0 0 0 1 -1 
1 0 0 0 0 0 0 0 0 0 1 -300 
1 0 0 0 0 0 0 1 0 0 0 -500 
1 0 0 0 0 0 -1 0 0 0 1 -1 
1 0 1 0 0 0 -1 0 0 0 0 -1 
1 0 0 0 0 0 1 0 0 0 0 0 
1 0 0 -1 0 0 1 0 0 0 0 -1 

--- Dep 6 from S1 to S6; satisfied: 0, sat level: -1; Type: RAW
on variable: A
Dependence polyhedron
12 10
0 -1 0 0 1 0 0 0 0 0 
1 1 0 0 0 0 0 0 0 -1 
1 -1 0 0 0 1 0 0 0 -1 
1 0 0 0 0 1 0 0 0 -500 
1 0 1 0 0 0 0 0 0 0 
1 0 -1 0 0 0 1 0 0 -1 
1 0 0 0 0 0 1 0 0 -300 
1 0 0 0 0 0 0 0 1 -300 
1 0 0 0 0 0 0 1 0 -400 
1 0 0 1 0 0 0 0 0 -2 
1 0 0 -1 0 0 1 0 0 -1 
1 -1 0 1 0 0 0 0 0 -1 

--- Dep 7 from S2 to S5; satisfied: 0, sat level: -1; Type: RAW
on variable: B
Dependence polyhedron
7 8
0 -1 1 0 0 0 0 0 
1 1 0 0 0 0 0 -1 
1 -1 0 0 1 0 0 -1 
1 0 0 0 1 0 0 -300 
1 0 0 0 0 0 1 -300 
1 0 0 1 0 0 0 -500 
1 0 0 0 0 1 0 -400 

--- Dep 8 from S2 to S4; satisfied: 0, sat level: -1; Type: RAW
on variable: B
Dependence polyhedron
7 8
0 -1 1 0 0 0 0 0 
1 1 0 0 0 0 0 -1 
1 -1 0 0 1 0 0 -1 
1 0 0 0 1 0 0 -300 
1 0 0 0 0 0 1 -300 
1 0 0 1 0 0 0 -500 
1 0 0 0 0 1 0 -400 

--- Dep 9 from S2 to S5; satisfied: 0, sat level: -1; Type: WAR
on variable: E
Dependence polyhedron
7 8
0 -1 1 0 0 0 0 -3 
1 1 0 0 0 0 0 -1 
1 -1 0 0 1 0 0 -4 
1 0 0 0 1 0 0 -300 
1 0 0 0 0 0 1 -300 
1 0 0 1 0 0 0 -500 
1 0 0 0 0 1 0 -400 

--- Dep 10 from S6 to S6; satisfied: 0, sat level: -1; Type: WAR
on variable: F
Dependence polyhedron
10 10
0 0 -1 0 1 0 0 0 0 1 
0 -1 0 1 0 0 0 0 0 -1 
1 1 0 0 0 0 0 0 0 -2 
1 -1 0 0 0 0 1 0 0 -2 
1 0 0 0 0 0 1 0 0 -300 
1 0 1 0 0 0 0 0 0 -2 
1 1 -1 0 0 0 0 0 0 -1 
1 0 0 0 0 0 0 0 1 -300 
1 0 0 0 0 1 0 0 0 -500 
1 0 0 0 0 0 0 1 0 -400 

--- Dep 11 from S4 to S4; satisfied: 0, sat level: -1; Type: WAR
on variable: E
Dependence polyhedron
7 8
0 -1 1 0 0 0 0 -1 
1 1 0 0 0 0 0 -1 
1 -1 0 0 1 0 0 -2 
1 0 0 0 1 0 0 -300 
1 0 0 0 0 0 1 -300 
1 0 0 1 0 0 0 -500 
1 0 0 0 0 1 0 -400 

--- Dep 12 from S4 to S5; satisfied: 0, sat level: -1; Type: WAR
on variable: E
Dependence polyhedron
7 8
0 -1 1 0 0 0 0 -2 
1 1 0 0 0 0 0 -1 
1 -1 0 0 1 0 0 -3 
1 0 0 0 1 0 0 -300 
1 0 0 0 0 0 1 -300 
1 0 0 1 0 0 0 -500 
1 0 0 0 0 1 0 -400 

--- Dep 13 from S6 to S5; satisfied: 0, sat level: -1; Type: WAR
on variable: E
Dependence polyhedron
9 9
0 -1 0 1 0 0 0 0 -3 
1 1 0 0 0 0 0 0 -2 
1 -1 0 0 0 1 0 0 -4 
1 0 0 0 0 1 0 0 -300 
1 0 1 0 0 0 0 0 -1 
1 1 -1 0 0 0 0 0 -1 
1 0 0 0 0 0 0 1 -300 
1 0 0 0 1 0 0 0 -500 
1 0 0 0 0 0 1 0 -400 

--- Dep 14 from S3 to S3; satisfied: 0, sat level: -1; Type: WAR
on variable: C
Dependence polyhedron
17 12
0 0 -1 0 0 1 0 0 0 0 0 0 
0 -1 0 0 1 0 0 0 0 0 0 0 
1 1 0 0 0 0 0 0 0 0 0 -1 
1 -1 0 0 0 0 0 0 1 0 0 -1 
1 0 0 0 0 0 0 0 1 0 0 -300 
1 0 1 0 0 0 0 0 0 0 0 -1 
1 0 -1 0 0 0 0 0 0 1 0 -2 
1 0 0 0 0 0 0 0 0 1 0 -400 
1 0 0 1 0 0 0 0 0 0 0 0 
1 0 1 -1 0 0 0 0 0 0 0 -1 
1 0 0 -1 0 0 0 0 0 0 1 -1 
1 0 0 0 0 0 0 0 0 0 1 -300 
1 0 0 0 0 0 0 1 0 0 0 -500 
1 0 0 0 0 0 -1 0 0 0 1 -1 
1 0 1 0 0 0 -1 0 0 0 0 -1 
1 0 0 0 0 0 1 0 0 0 0 0 
1 0 0 -1 0 0 1 0 0 0 0 -1 

--- Dep 15 from S4 to S5; satisfied: 0, sat level: -1; Type: WAR
on variable: E
Dependence polyhedron
7 8
0 -1 1 0 0 0 0 -1 
1 1 0 0 0 0 0 -1 
1 -1 0 0 1 0 0 -2 
1 0 0 0 1 0 0 -300 
1 0 0 0 0 0 1 -300 
1 0 0 1 0 0 0 -500 
1 0 0 0 0 1 0 -400 

--- Dep 16 from S3 to S3; satisfied: 0, sat level: -1; Type: WAR
on variable: C
Dependence polyhedron
17 12
0 0 -1 0 0 1 0 0 0 0 0 0 
0 -1 0 0 1 0 0 0 0 0 0 0 
1 1 0 0 0 0 0 0 0 0 0 -1 
1 -1 0 0 0 0 0 0 1 0 0 -1 
1 0 0 0 0 0 0 0 1 0 0 -300 
1 0 1 0 0 0 0 0 0 0 0 -1 
1 0 -1 0 0 0 0 0 0 1 0 -2 
1 0 0 0 0 0 0 0 0 1 0 -400 
1 0 0 1 0 0 0 0 0 0 0 0 
1 0 1 -1 0 0 0 0 0 0 0 -1 
1 0 0 -1 0 0 0 0 0 0 1 -1 
1 0 0 0 0 0 0 0 0 0 1 -300 
1 0 0 0 0 0 0 1 0 0 0 -500 
1 0 0 0 0 0 -1 0 0 0 1 -1 
1 0 1 0 0 0 -1 0 0 0 0 -1 
1 0 0 0 0 0 1 0 0 0 0 0 
1 0 0 -1 0 0 1 0 0 0 0 -1 

--- Dep 17 from S6 to S4; satisfied: 0, sat level: -1; Type: WAR
on variable: E
Dependence polyhedron
9 9
0 -1 0 1 0 0 0 0 -2 
1 1 0 0 0 0 0 0 -2 
1 -1 0 0 0 1 0 0 -3 
1 0 0 0 0 1 0 0 -300 
1 0 1 0 0 0 0 0 -1 
1 1 -1 0 0 0 0 0 -1 
1 0 0 0 0 0 0 1 -300 
1 0 0 0 1 0 0 0 -500 
1 0 0 0 0 0 1 0 -400 

--- Dep 18 from S2 to S4; satisfied: 0, sat level: -1; Type: WAR
on variable: E
Dependence polyhedron
7 8
0 -1 1 0 0 0 0 -2 
1 1 0 0 0 0 0 -1 
1 -1 0 0 1 0 0 -3 
1 0 0 0 1 0 0 -300 
1 0 0 0 0 0 1 -300 
1 0 0 1 0 0 0 -500 
1 0 0 0 0 1 0 -400 

--- Dep 19 from S3 to S3; satisfied: 0, sat level: -1; Type: WAW
on variable: C
Dependence polyhedron
17 12
0 0 -1 0 0 1 0 0 0 0 0 0 
0 -1 0 0 1 0 0 0 0 0 0 0 
1 1 0 0 0 0 0 0 0 0 0 -1 
1 -1 0 0 0 0 0 0 1 0 0 -1 
1 0 0 0 0 0 0 0 1 0 0 -300 
1 0 1 0 0 0 0 0 0 0 0 -1 
1 0 -1 0 0 0 0 0 0 1 0 -2 
1 0 0 0 0 0 0 0 0 1 0 -400 
1 0 0 1 0 0 0 0 0 0 0 0 
1 0 1 -1 0 0 0 0 0 0 0 -1 
1 0 0 -1 0 0 0 0 0 0 1 -1 
1 0 0 0 0 0 0 0 0 0 1 -300 
1 0 0 0 0 0 0 1 0 0 0 -500 
1 0 0 0 0 0 -1 0 0 0 1 -1 
1 0 1 0 0 0 -1 0 0 0 0 -1 
1 0 0 0 0 0 1 0 0 0 0 0 
1 0 0 -1 0 0 1 0 0 0 0 -1 

--- Dep 20 from S4 to S5; satisfied: 0, sat level: -1; Type: WAW
on variable: E
Dependence polyhedron
7 8
0 -1 1 0 0 0 0 -1 
1 1 0 0 0 0 0 -1 
1 -1 0 0 1 0 0 -2 
1 0 0 0 1 0 0 -300 
1 0 0 0 0 0 1 -300 
1 0 0 1 0 0 0 -500 
1 0 0 0 0 1 0 -400 

--- Dep 21 from S1 to S1; satisfied: 0, sat level: -1; Type: WAW
on variable: A
Dependence polyhedron
12 10
0 -1 0 1 0 0 0 0 0 0 
1 1 0 0 0 0 0 0 0 0 
1 -1 0 0 0 1 0 0 0 -1 
1 0 0 0 0 1 0 0 0 -500 
1 0 1 0 0 0 0 0 0 0 
1 0 -1 0 0 0 1 0 0 -1 
1 0 0 0 0 0 1 0 0 -300 
1 0 0 0 0 0 0 0 1 -300 
1 0 0 0 0 0 0 1 0 -400 
1 0 0 0 -1 0 1 0 0 -1 
1 0 0 0 1 0 0 0 0 0 
1 0 -1 0 1 0 0 0 0 -1 


[zyj-debug] After affine transformations
T(S1): (2, i, j, 0, 0, 0, 0)
loop types (scalar, loop, loop, scalar, scalar, scalar, scalar)

T(S2): (1, zT1, k, 0, 0, 0, 0)
loop types (scalar, loop, loop, scalar, scalar, scalar, scalar)

T(S3): (0, zT3, zT4, zT5, k, l, m)
loop types (scalar, loop, loop, loop, loop, loop, loop)

T(S4): (3, k, 0, 0, 0, 0, 0)
loop types (scalar, loop, scalar, scalar, scalar, scalar, scalar)

T(S5): (3, k, 0, 0, 0, 0, 0)
loop types (scalar, loop, scalar, scalar, scalar, scalar, scalar)

T(S6): (2, k, n, 0, 0, 0, 0)
loop types (scalar, loop, loop, scalar, scalar, scalar, scalar)

t1 --> fwd_dep  scalar (band 0)no-ujam
t2 --> serial   loop   (band 0)no-ujam
t3 --> fwd_dep  loop   (band 1)no-ujam
t4 --> fwd_dep  loop   (band 1)no-ujam
t5 --> parallel loop   (band 1)no-ujam
t6 --> parallel loop   (band 1)no-ujam
t7 --> fwd_dep  loop   (band 1)no-ujam

