[zyj-debug] Before affine transformations
nvar = 3, npar = 3
Parameters: PB_P PB_M PB_L 
S1 "A[j][i] = A[j][i] + 5;"
ndims: 2; orig_depth: 2
iterators: i, j
Index set
6 7
1 1 0 0 0 0 0 
1 -1 0 1 0 0 -1 
1 0 0 1 0 0 -1 
1 0 1 0 0 0 0 
1 0 -1 0 1 0 -1 
1 0 0 0 1 0 -1 
T(S1): (0, i, 0, j, 0, 0, 0)
loop types (loop, loop, loop, loop, loop, scalar, scalar)

Read accesses
A[j][i]
Write accesses
A[j][i]
Original loop: 0 -> yes
Original loop: 1 -> yes

S2 "B[l+1][l] = B[l+1][l] * E[k-2] + C[l+1][k] * B[k-1][k] * 4;"
ndims: 2; orig_depth: 2
iterators: k, l
Index set
6 7
1 1 0 0 0 0 -2 
1 -1 0 0 0 1 -1 
1 0 0 0 0 1 -3 
1 0 1 0 0 0 0 
1 1 -1 0 0 0 -1 
1 1 0 0 0 0 -1 
T(S2): (1, k, 0, l, 0, 0, 0)
loop types (loop, loop, loop, loop, loop, scalar, scalar)

Read accesses
B[l+1][l]
E[k-2]
C[l+1][k]
B[k-1][k]
Write accesses
B[l+1][l]
Original loop: 0 -> yes
Original loop: 1 -> yes

S3 "D[l][m][k] = 1;"
ndims: 3; orig_depth: 3
iterators: k, l, m
Index set
9 8
1 1 0 0 0 0 0 -2 
1 -1 0 0 0 0 1 -1 
1 0 0 0 0 0 1 -3 
1 0 1 0 0 0 0 0 
1 1 -1 0 0 0 0 -1 
1 1 0 0 0 0 0 -1 
1 0 0 1 0 0 0 0 
1 0 0 -1 1 0 0 -1 
1 0 0 0 1 0 0 -1 
T(S3): (1, k, 0, l, 1, m, 0)
loop types (loop, loop, loop, loop, loop, loop, loop)

No Read accesses
Write accesses
D[l][m][k]
Original loop: 0 -> yes
Original loop: 1 -> yes
Original loop: 2 -> yes

S4 "D[k-1][n+1][n] = D[k-2][n+1][n] * D[k-1][n+1][n] + D[k][n][n] + 2;"
ndims: 3; orig_depth: 3
iterators: k, n, o
Index set
9 8
1 1 0 0 0 0 0 -2 
1 -1 0 0 0 0 1 -1 
1 0 0 0 0 0 1 -3 
1 0 1 0 0 0 0 0 
1 0 -1 0 1 0 0 -2 
1 0 0 0 1 0 0 -2 
1 0 0 1 0 0 0 0 
1 0 1 -1 0 0 0 -1 
1 0 1 0 0 0 0 -1 
T(S4): (1, k, 1, n, 0, o, 0)
loop types (loop, loop, loop, loop, loop, loop, loop)

Read accesses
D[k-2][n+1][n]
D[k-1][n+1][n]
D[k][n][n]
Write accesses
D[k-1][n+1][n]
Original loop: 0 -> yes
Original loop: 1 -> yes
Original loop: 2 -> yes

S5 "E[k-1] = E[k-1] * E[k-2] * F[k] * G[k+1] * 2;"
ndims: 1; orig_depth: 1
iterators: k
Index set
3 6
1 1 0 0 0 -2 
1 -1 0 0 1 -1 
1 0 0 0 1 -3 
T(S5): (1, k, 2, 0, 0, 0, 0)
loop types (loop, loop, loop, scalar, scalar, scalar, scalar)

Read accesses
E[k-1]
E[k-2]
F[k]
G[k+1]
Write accesses
E[k-1]
Original loop: 0 -> yes

S6 "E[k-1] = E[k-1] * E[k-1] - 4;"
ndims: 1; orig_depth: 1
iterators: k
Index set
3 6
1 1 0 0 0 -2 
1 -1 0 0 1 -1 
1 0 0 0 1 -3 
T(S6): (1, k, 3, 0, 0, 0, 0)
loop types (loop, loop, loop, scalar, scalar, scalar, scalar)

Read accesses
E[k-1]
E[k-1]
Write accesses
E[k-1]
Original loop: 0 -> yes

--- Dep 1 from S5 to S2; satisfied: 0, sat level: -1; Type: RAW
on variable: E
Dependence polyhedron
8 8
0 -1 1 0 0 0 0 -1 
1 1 0 0 0 0 0 -2 
1 -1 0 0 0 0 1 -2 
1 0 0 0 0 0 1 -300 
1 0 0 0 0 1 0 -400 
1 0 0 0 1 0 0 -400 
1 1 0 -1 0 0 0 0 
1 0 0 1 0 0 0 0 

--- Dep 2 from S6 to S5; satisfied: 0, sat level: -1; Type: RAW
on variable: E
Dependence polyhedron
6 7
0 -1 1 0 0 0 -1 
1 1 0 0 0 0 -2 
1 -1 0 0 0 1 -2 
1 0 0 0 0 1 -300 
1 0 0 0 1 0 -400 
1 0 0 1 0 0 -400 

--- Dep 3 from S6 to S2; satisfied: 0, sat level: -1; Type: RAW
on variable: E
Dependence polyhedron
8 8
0 -1 1 0 0 0 0 -1 
1 1 0 0 0 0 0 -2 
1 -1 0 0 0 0 1 -2 
1 0 0 0 0 0 1 -300 
1 0 0 0 0 1 0 -400 
1 0 0 0 1 0 0 -400 
1 1 0 -1 0 0 0 0 
1 0 0 1 0 0 0 0 

--- Dep 4 from S2 to S2; satisfied: 0, sat level: -1; Type: RAW
on variable: B
Dependence polyhedron
12 9
0 0 -1 0 1 0 0 0 0 
1 1 0 0 0 0 0 0 -2 
1 -1 0 0 0 0 0 1 -1 
1 0 0 0 0 0 0 1 -300 
1 0 1 0 0 0 0 0 0 
1 1 -1 0 0 0 0 0 -1 
1 0 0 0 0 0 1 0 -400 
1 0 0 0 0 1 0 0 -400 
1 0 0 1 0 0 0 0 -2 
1 0 0 -1 0 0 0 1 -1 
1 0 -1 1 0 0 0 0 -1 
1 -1 0 1 0 0 0 0 -1 

--- Dep 5 from S3 to S4; satisfied: 0, sat level: -1; Type: RAW
on variable: D
Dependence polyhedron
15 11
0 -1 0 0 0 1 0 0 0 0 0 
0 0 -1 0 1 0 0 0 0 0 -2 
0 -1 0 1 0 0 0 0 0 0 -1 
1 1 0 0 0 0 0 0 0 0 -2 
1 -1 0 0 0 0 0 0 0 1 -1 
1 0 0 0 0 0 0 0 0 1 -300 
1 0 1 0 0 0 0 0 0 0 0 
1 1 -1 0 0 0 0 0 0 0 -1 
1 0 0 0 0 0 0 1 0 0 -400 
1 0 0 0 0 0 0 0 1 0 -400 
1 -1 0 0 0 0 0 1 0 0 -2 
1 1 0 0 0 0 -1 0 0 0 -1 
1 0 0 0 0 0 1 0 0 0 0 
1 0 -1 0 0 0 0 0 0 1 -3 
1 -1 1 0 0 0 0 0 0 0 2 

--- Dep 6 from S4 to S4; satisfied: 0, sat level: -1; Type: RAW
on variable: D
Dependence polyhedron
13 11
0 0 -1 0 0 1 0 0 0 0 0 
0 -1 0 0 1 0 0 0 0 0 -1 
1 1 0 0 0 0 0 0 0 0 -2 
1 -1 0 0 0 0 0 0 0 1 -2 
1 0 0 0 0 0 0 0 0 1 -300 
1 0 1 0 0 0 0 0 0 0 -1 
1 0 -1 0 0 0 0 1 0 0 -2 
1 0 0 0 0 0 0 1 0 0 -400 
1 0 0 1 0 0 0 0 0 0 0 
1 0 1 -1 0 0 0 0 0 0 -1 
1 0 0 0 0 0 0 0 1 0 -400 
1 0 1 0 0 0 -1 0 0 0 -1 
1 0 0 0 0 0 1 0 0 0 0 

--- Dep 7 from S3 to S4; satisfied: 0, sat level: -1; Type: RAW
on variable: D
Dependence polyhedron
12 11
0 -1 0 0 0 1 0 0 0 0 0 
0 -1 0 0 1 0 0 0 0 0 0 
0 -1 0 1 0 0 0 0 0 0 -1 
0 -1 1 0 0 0 0 0 0 0 1 
1 1 0 0 0 0 0 0 0 0 -2 
1 -1 0 0 0 0 0 0 0 1 -1 
1 0 0 0 0 0 0 0 0 1 -300 
1 0 0 0 0 0 1 0 0 0 0 
1 1 0 0 0 0 -1 0 0 0 -1 
1 0 0 0 0 0 0 1 0 0 -400 
1 0 0 0 0 0 0 0 1 0 -400 
1 -1 0 0 0 0 0 1 0 0 -2 

--- Dep 8 from S5 to S6; satisfied: 0, sat level: -1; Type: RAW
on variable: E
Dependence polyhedron
6 7
0 -1 1 0 0 0 0 
1 1 0 0 0 0 -2 
1 -1 0 0 0 1 -1 
1 0 0 0 0 1 -300 
1 0 0 0 1 0 -400 
1 0 0 1 0 0 -400 

--- Dep 9 from S4 to S4; satisfied: 0, sat level: -1; Type: RAW
on variable: D
Dependence polyhedron
14 11
0 0 -1 0 0 1 0 0 0 0 0 
0 -1 0 0 1 0 0 0 0 0 0 
1 1 0 0 0 0 0 0 0 0 -2 
1 -1 0 0 0 0 0 0 0 1 -1 
1 0 0 0 0 0 0 0 0 1 -300 
1 0 1 0 0 0 0 0 0 0 -1 
1 0 -1 0 0 0 0 1 0 0 -2 
1 0 0 0 0 0 0 1 0 0 -400 
1 0 0 1 0 0 0 0 0 0 0 
1 0 1 -1 0 0 0 0 0 0 -1 
1 0 0 0 0 0 0 0 1 0 -400 
1 0 1 0 0 0 -1 0 0 0 -1 
1 0 0 0 0 0 1 0 0 0 0 
1 0 0 -1 0 0 1 0 0 0 -1 

--- Dep 10 from S5 to S5; satisfied: 0, sat level: -1; Type: RAW
on variable: E
Dependence polyhedron
6 7
0 -1 1 0 0 0 -1 
1 1 0 0 0 0 -2 
1 -1 0 0 0 1 -2 
1 0 0 0 0 1 -300 
1 0 0 0 1 0 -400 
1 0 0 1 0 0 -400 

--- Dep 11 from S5 to S6; satisfied: 0, sat level: -1; Type: RAW
on variable: E
Dependence polyhedron
6 7
0 -1 1 0 0 0 0 
1 1 0 0 0 0 -2 
1 -1 0 0 0 1 -1 
1 0 0 0 0 1 -300 
1 0 0 0 1 0 -400 
1 0 0 1 0 0 -400 

--- Dep 12 from S4 to S3; satisfied: 0, sat level: -1; Type: WAR
on variable: D
Dependence polyhedron
14 11
0 0 -1 0 0 0 1 0 0 0 -1 
0 -1 0 0 0 1 0 0 0 0 1 
0 0 -1 0 1 0 0 0 0 0 0 
1 1 0 0 0 0 0 0 0 0 -2 
1 -1 0 0 0 0 0 0 0 1 -1 
1 0 0 0 0 0 0 0 0 1 -300 
1 0 1 0 0 0 0 0 0 0 -2 
1 0 -1 0 0 0 0 1 0 0 -2 
1 0 0 0 0 0 0 1 0 0 -400 
1 0 0 1 0 0 0 0 0 0 0 
1 0 1 -1 0 0 0 0 0 0 -1 
1 0 0 0 0 0 0 0 1 0 -400 
1 -1 1 0 0 0 0 0 0 0 -1 
1 0 -1 0 0 0 0 0 0 1 -1 

--- Dep 13 from S4 to S4; satisfied: 0, sat level: -1; Type: WAR
on variable: D
Dependence polyhedron
14 11
0 0 -1 0 0 1 0 0 0 0 0 
0 -1 0 0 1 0 0 0 0 0 0 
1 1 0 0 0 0 0 0 0 0 -2 
1 -1 0 0 0 0 0 0 0 1 -1 
1 0 0 0 0 0 0 0 0 1 -300 
1 0 1 0 0 0 0 0 0 0 -1 
1 0 -1 0 0 0 0 1 0 0 -2 
1 0 0 0 0 0 0 1 0 0 -400 
1 0 0 1 0 0 0 0 0 0 0 
1 0 1 -1 0 0 0 0 0 0 -1 
1 0 0 0 0 0 0 0 1 0 -400 
1 0 1 0 0 0 -1 0 0 0 -1 
1 0 0 0 0 0 1 0 0 0 0 
1 0 0 -1 0 0 1 0 0 0 -1 

--- Dep 14 from S5 to S6; satisfied: 0, sat level: -1; Type: WAR
on variable: E
Dependence polyhedron
6 7
0 -1 1 0 0 0 0 
1 1 0 0 0 0 -2 
1 -1 0 0 0 1 -1 
1 0 0 0 0 1 -300 
1 0 0 0 1 0 -400 
1 0 0 1 0 0 -400 

--- Dep 15 from S4 to S3; satisfied: 0, sat level: -1; Type: WAR
on variable: D
Dependence polyhedron
14 11
0 0 -1 0 0 0 1 0 0 0 0 
0 -1 0 0 0 1 0 0 0 0 0 
0 0 -1 0 1 0 0 0 0 0 0 
1 1 0 0 0 0 0 0 0 0 -2 
1 -1 0 0 0 0 0 0 0 1 -1 
1 0 0 0 0 0 0 0 0 1 -300 
1 0 1 0 0 0 0 0 0 0 -2 
1 0 -1 0 0 0 0 1 0 0 -2 
1 0 0 0 0 0 0 1 0 0 -400 
1 0 0 1 0 0 0 0 0 0 0 
1 0 1 -1 0 0 0 0 0 0 -1 
1 0 0 0 0 0 0 0 1 0 -400 
1 -1 1 0 0 0 0 0 0 0 -1 
1 0 -1 0 0 0 0 0 0 1 -1 

--- Dep 16 from S2 to S2; satisfied: 0, sat level: -1; Type: WAR
on variable: B
Dependence polyhedron
12 9
0 0 -1 0 1 0 0 0 0 
1 1 0 0 0 0 0 0 -2 
1 -1 0 0 0 0 0 1 -1 
1 0 0 0 0 0 0 1 -300 
1 0 1 0 0 0 0 0 0 
1 1 -1 0 0 0 0 0 -1 
1 0 0 0 0 0 1 0 -400 
1 0 0 0 0 1 0 0 -400 
1 0 0 1 0 0 0 0 -2 
1 0 0 -1 0 0 0 1 -1 
1 0 -1 1 0 0 0 0 -1 
1 -1 0 1 0 0 0 0 -1 

--- Dep 17 from S4 to S3; satisfied: 0, sat level: -1; Type: WAR
on variable: D
Dependence polyhedron
14 11
0 0 -1 0 0 0 1 0 0 0 -1 
0 -1 0 0 0 1 0 0 0 0 2 
0 0 -1 0 1 0 0 0 0 0 0 
1 1 0 0 0 0 0 0 0 0 -2 
1 -1 0 0 0 0 0 0 0 1 -1 
1 0 0 0 0 0 0 0 0 1 -300 
1 0 1 0 0 0 0 0 0 0 -2 
1 0 -1 0 0 0 0 1 0 0 -2 
1 0 0 0 0 0 0 1 0 0 -400 
1 0 0 1 0 0 0 0 0 0 0 
1 0 1 -1 0 0 0 0 0 0 -1 
1 0 0 0 0 0 0 0 1 0 -400 
1 -1 1 0 0 0 0 0 0 0 -1 
1 0 -1 0 0 0 0 0 0 1 -1 

--- Dep 18 from S3 to S4; satisfied: 0, sat level: -1; Type: WAW
on variable: D
Dependence polyhedron
12 11
0 -1 0 0 0 1 0 0 0 0 0 
0 -1 0 0 1 0 0 0 0 0 0 
0 -1 0 1 0 0 0 0 0 0 -1 
0 -1 1 0 0 0 0 0 0 0 1 
1 1 0 0 0 0 0 0 0 0 -2 
1 -1 0 0 0 0 0 0 0 1 -1 
1 0 0 0 0 0 0 0 0 1 -300 
1 0 0 0 0 0 1 0 0 0 0 
1 1 0 0 0 0 -1 0 0 0 -1 
1 0 0 0 0 0 0 1 0 0 -400 
1 0 0 0 0 0 0 0 1 0 -400 
1 -1 0 0 0 0 0 1 0 0 -2 

--- Dep 19 from S5 to S6; satisfied: 0, sat level: -1; Type: WAW
on variable: E
Dependence polyhedron
6 7
0 -1 1 0 0 0 0 
1 1 0 0 0 0 -2 
1 -1 0 0 0 1 -1 
1 0 0 0 0 1 -300 
1 0 0 0 1 0 -400 
1 0 0 1 0 0 -400 

--- Dep 20 from S4 to S3; satisfied: 0, sat level: -1; Type: WAW
on variable: D
Dependence polyhedron
14 11
0 0 -1 0 0 0 1 0 0 0 -1 
0 -1 0 0 0 1 0 0 0 0 1 
0 0 -1 0 1 0 0 0 0 0 0 
1 1 0 0 0 0 0 0 0 0 -2 
1 -1 0 0 0 0 0 0 0 1 -1 
1 0 0 0 0 0 0 0 0 1 -300 
1 0 1 0 0 0 0 0 0 0 -2 
1 0 -1 0 0 0 0 1 0 0 -2 
1 0 0 0 0 0 0 1 0 0 -400 
1 0 0 1 0 0 0 0 0 0 0 
1 0 1 -1 0 0 0 0 0 0 -1 
1 0 0 0 0 0 0 0 1 0 -400 
1 -1 1 0 0 0 0 0 0 0 -1 
1 0 -1 0 0 0 0 0 0 1 -1 

--- Dep 21 from S4 to S4; satisfied: 0, sat level: -1; Type: WAW
on variable: D
Dependence polyhedron
14 11
0 0 -1 0 0 1 0 0 0 0 0 
0 -1 0 0 1 0 0 0 0 0 0 
1 1 0 0 0 0 0 0 0 0 -2 
1 -1 0 0 0 0 0 0 0 1 -1 
1 0 0 0 0 0 0 0 0 1 -300 
1 0 1 0 0 0 0 0 0 0 -1 
1 0 -1 0 0 0 0 1 0 0 -2 
1 0 0 0 0 0 0 1 0 0 -400 
1 0 0 1 0 0 0 0 0 0 0 
1 0 1 -1 0 0 0 0 0 0 -1 
1 0 0 0 0 0 0 0 1 0 -400 
1 0 1 0 0 0 -1 0 0 0 -1 
1 0 0 0 0 0 1 0 0 0 0 
1 0 0 -1 0 0 1 0 0 0 -1 

--- Dep 22 from S2 to S2; satisfied: 0, sat level: -1; Type: WAW
on variable: B
Dependence polyhedron
12 9
0 0 -1 0 1 0 0 0 0 
1 1 0 0 0 0 0 0 -2 
1 -1 0 0 0 0 0 1 -1 
1 0 0 0 0 0 0 1 -300 
1 0 1 0 0 0 0 0 0 
1 1 -1 0 0 0 0 0 -1 
1 0 0 0 0 0 1 0 -400 
1 0 0 0 0 1 0 0 -400 
1 0 0 1 0 0 0 0 -2 
1 0 0 -1 0 0 0 1 -1 
1 0 -1 1 0 0 0 0 -1 
1 -1 0 1 0 0 0 0 -1 


[pluto] WARNING: working with original (identity) transformation (if they exist)
[zyj-debug] After affine transformations
T(S1): (0, zT2, 0, zT3, i, 0, j, 0, 0, 0)
loop types (scalar, loop, scalar, loop, loop, scalar, loop, scalar, scalar, scalar)

T(S2): (1, k, 0, zT2, 0, 0, l, 0, 0, 0)
loop types (scalar, loop, scalar, loop, scalar, scalar, loop, scalar, scalar, scalar)

T(S3): (1, k, 0, zT3, 1, zT4, l, 1, m, 0)
loop types (scalar, loop, scalar, loop, scalar, loop, loop, scalar, loop, scalar)

T(S4): (1, k, 1, zT3, 0, zT4, n, 0, o, 0)
loop types (scalar, loop, scalar, loop, scalar, loop, loop, scalar, loop, scalar)

T(S5): (1, k, 2, 0, 0, 0, 0, 0, 0, 0)
loop types (scalar, loop, scalar, scalar, scalar, scalar, scalar, scalar, scalar, scalar)

T(S6): (1, k, 3, 0, 0, 0, 0, 0, 0, 0)
loop types (scalar, loop, scalar, scalar, scalar, scalar, scalar, scalar, scalar, scalar)

t1 --> parallel scalar (band 0)no-ujam
t2 --> serial   loop   (band 0)no-ujam
t3 --> fwd_dep  scalar (band 1)no-ujam
t4 --> parallel loop   (band 1)no-ujam
t5 --> parallel loop   (band 1)no-ujam
t6 --> fwd_dep  loop   (band 1)no-ujam
t7 --> parallel loop   (band 1)no-ujam
t8 --> parallel scalar (band 1)no-ujam
t9 --> fwd_dep  loop   (band 1)no-ujam
t10 --> parallel scalar (band 1)no-ujam

