[zyj-debug] Before affine transformations
nvar = 3, npar = 3
Parameters: PB_L PB_M PB_P 
S1 "A[j][i-1][j] = B[i][j] + B[i][j-1] + 1;"
ndims: 3; orig_depth: 3
iterators: i, j, k
Index set
8 8
1 1 0 0 0 0 0 -1 
1 -1 0 0 1 0 0 -2 
1 0 0 0 1 0 0 -3 
1 0 1 0 0 0 0 -2 
1 0 -1 0 1 0 0 -1 
1 0 0 1 0 0 0 0 
1 0 0 -1 0 1 0 -1 
1 0 0 0 0 1 0 -1 
T(S1): (0, i, 0, j, 0, k, 0)
loop types (loop, loop, loop, loop, loop, loop, loop)

Read accesses
B[i][j]
B[i][j-1]
Write accesses
A[j][i-1][j]
Original loop: 0 -> yes
Original loop: 1 -> yes
Original loop: 2 -> yes

S2 "A[l][j][l] = A[l][j-2][l+1] * A[l+1][i][l] - A[l][j][i] - 1;"
ndims: 3; orig_depth: 3
iterators: i, j, l
Index set
8 8
1 1 0 0 0 0 0 -1 
1 -1 0 0 1 0 0 -2 
1 0 0 0 1 0 0 -3 
1 0 1 0 0 0 0 -2 
1 0 -1 0 1 0 0 -1 
1 0 0 1 0 0 0 0 
1 0 0 -1 0 1 0 -2 
1 0 0 0 0 1 0 -2 
T(S2): (0, i, 0, j, 1, l, 0)
loop types (loop, loop, loop, loop, loop, loop, loop)

Read accesses
A[l][j-2][l+1]
A[l+1][i][l]
A[l][j][i]
Write accesses
A[l][j][l]
Original loop: 0 -> yes
Original loop: 1 -> yes
Original loop: 2 -> yes

S3 "A[m][i+1][n] = A[i][m][n+1] + B[n][m] - 5;"
ndims: 3; orig_depth: 3
iterators: i, m, n
Index set
8 8
1 1 0 0 0 0 0 -1 
1 -1 0 0 1 0 0 -2 
1 0 0 0 1 0 0 -3 
1 0 1 0 0 0 0 0 
1 0 -1 0 1 0 0 -1 
1 0 0 0 1 0 0 -1 
1 0 0 1 0 0 0 0 
1 0 0 -1 1 0 0 -1 
T(S3): (0, i, 1, m, 0, n, 0)
loop types (loop, loop, loop, loop, loop, loop, loop)

Read accesses
A[i][m][n+1]
B[n][m]
Write accesses
A[m][i+1][n]
Original loop: 0 -> yes
Original loop: 1 -> yes
Original loop: 2 -> yes

S4 "B[p][o+1] = B[p][o+1] - A[q][o][p] + A[o][o-1][p] + 1;"
ndims: 3; orig_depth: 3
iterators: o, p, q
Index set
9 8
1 1 0 0 0 0 0 -1 
1 -1 0 0 1 0 0 -1 
1 0 0 0 1 0 0 -2 
1 0 1 0 0 0 0 -1 
1 1 -1 0 0 0 0 -1 
1 1 0 0 0 0 0 -2 
1 0 0 1 0 0 0 0 
1 0 0 -1 0 1 0 -1 
1 0 0 0 0 1 0 -1 
T(S4): (1, o, 0, p, 0, q, 0)
loop types (loop, loop, loop, loop, loop, loop, loop)

Read accesses
B[p][o+1]
A[q][o][p]
A[o][o-1][p]
Write accesses
B[p][o+1]
Original loop: 0 -> yes
Original loop: 1 -> yes
Original loop: 2 -> yes

S5 "A[o][p][r] = A[o][p-1][r] * A[o][p][r] - 6;"
ndims: 3; orig_depth: 3
iterators: o, p, r
Index set
9 8
1 1 0 0 0 0 0 -1 
1 -1 0 0 1 0 0 -1 
1 0 0 0 1 0 0 -2 
1 0 1 0 0 0 0 -1 
1 1 -1 0 0 0 0 -1 
1 1 0 0 0 0 0 -2 
1 0 0 1 0 0 0 0 
1 0 0 -1 0 0 1 -1 
1 0 0 0 0 0 1 -1 
T(S5): (1, o, 0, p, 1, r, 0)
loop types (loop, loop, loop, loop, loop, loop, loop)

Read accesses
A[o][p-1][r]
A[o][p][r]
Write accesses
A[o][p][r]
Original loop: 0 -> yes
Original loop: 1 -> yes
Original loop: 2 -> yes

S6 "B[s][o] = 6;"
ndims: 2; orig_depth: 2
iterators: o, s
Index set
6 7
1 1 0 0 0 0 -1 
1 -1 0 1 0 0 -1 
1 0 0 1 0 0 -2 
1 0 1 0 0 0 0 
1 0 -1 1 0 0 -1 
1 0 0 1 0 0 -1 
T(S6): (1, o, 1, s, 0, 0, 0)
loop types (loop, loop, loop, loop, loop, scalar, scalar)

No Read accesses
Write accesses
B[s][o]
Original loop: 0 -> yes
Original loop: 1 -> yes

--- Dep 1 from S1 to S5; satisfied: 0, sat level: -1; Type: RAW
on variable: A
Dependence polyhedron
14 11
0 0 -1 0 0 0 1 0 0 0 0 
0 -1 0 0 0 1 0 0 0 0 1 
0 0 -1 0 1 0 0 0 0 0 0 
1 1 0 0 0 0 0 0 0 0 -2 
1 -1 0 0 0 0 0 1 0 0 -2 
1 0 0 0 0 0 0 1 0 0 -300 
1 0 1 0 0 0 0 0 0 0 -2 
1 0 -1 0 0 0 0 1 0 0 -1 
1 0 0 1 0 0 0 0 0 0 0 
1 0 0 -1 0 0 0 0 1 0 -1 
1 0 0 0 0 0 0 0 1 0 -400 
1 0 0 0 0 0 0 0 0 1 -500 
1 0 -1 0 0 0 0 0 0 1 -1 
1 -1 1 0 0 0 0 0 0 0 0 

--- Dep 2 from S2 to S5; satisfied: 0, sat level: -1; Type: RAW
on variable: A
Dependence polyhedron
15 11
0 0 0 -1 0 0 1 0 0 0 0 
0 0 -1 0 0 1 0 0 0 0 0 
0 0 0 -1 1 0 0 0 0 0 0 
1 1 0 0 0 0 0 0 0 0 -1 
1 -1 0 0 0 0 0 1 0 0 -2 
1 0 0 0 0 0 0 1 0 0 -300 
1 0 1 0 0 0 0 0 0 0 -2 
1 0 -1 0 0 0 0 1 0 0 -1 
1 0 0 1 0 0 0 0 0 0 -2 
1 0 0 -1 0 0 0 0 1 0 -2 
1 0 0 0 0 0 0 0 1 0 -400 
1 0 0 0 0 0 0 0 0 1 -500 
1 0 0 -1 0 0 0 0 0 1 -1 
1 0 0 -1 0 0 0 1 0 0 -1 
1 0 -1 1 0 0 0 0 0 0 -1 

--- Dep 3 from S3 to S4; satisfied: 0, sat level: -1; Type: RAW
on variable: A
Dependence polyhedron
13 11
0 0 0 -1 0 1 0 0 0 0 0 
0 -1 0 0 1 0 0 0 0 0 -2 
0 -1 1 0 0 0 0 0 0 0 -2 
1 1 0 0 0 0 0 0 0 0 -1 
1 -1 0 0 0 0 0 1 0 0 -3 
1 0 0 0 0 0 0 1 0 0 -300 
1 0 0 0 0 0 0 0 0 1 -500 
1 0 0 0 0 0 -1 0 1 0 -1 
1 0 0 -1 0 0 0 1 0 0 -1 
1 0 0 1 0 0 0 0 0 0 -1 
1 0 0 0 0 0 0 0 1 0 -400 
1 0 0 0 0 0 1 0 0 0 0 
1 1 0 -1 0 0 0 0 0 0 1 

--- Dep 4 from S3 to S2; satisfied: 0, sat level: -1; Type: RAW
on variable: A
Dependence polyhedron
14 11
0 0 -1 0 0 0 1 0 0 0 0 
0 -1 0 0 0 1 0 0 0 0 -3 
0 0 -1 1 0 0 0 0 0 0 -1 
1 1 0 0 0 0 0 0 0 0 -1 
1 -1 0 0 0 0 0 1 0 0 -4 
1 0 0 0 0 0 0 1 0 0 -300 
1 0 1 0 0 0 0 0 0 0 0 
1 0 -1 0 0 0 0 1 0 0 -2 
1 0 0 0 0 0 0 0 0 1 -500 
1 0 0 0 0 0 0 0 1 0 -400 
1 0 -1 0 0 0 0 0 1 0 -2 
1 0 0 0 -1 0 0 1 0 0 -2 
1 0 0 0 1 0 0 0 0 0 -1 
1 -1 0 0 1 0 0 0 0 0 -1 

--- Dep 5 from S2 to S3; satisfied: 0, sat level: -1; Type: RAW
on variable: A
Dependence polyhedron
14 11
0 0 0 -1 0 0 1 0 0 0 1 
0 0 -1 0 0 1 0 0 0 0 0 
0 0 0 -1 1 0 0 0 0 0 0 
1 1 0 0 0 0 0 0 0 0 -1 
1 -1 0 0 0 0 0 1 0 0 -2 
1 0 0 0 0 0 0 1 0 0 -300 
1 0 1 0 0 0 0 0 0 0 -2 
1 0 -1 0 0 0 0 1 0 0 -1 
1 0 0 1 0 0 0 0 0 0 -1 
1 0 0 -1 0 0 0 0 1 0 -2 
1 0 0 0 0 0 0 0 1 0 -400 
1 0 0 0 0 0 0 0 0 1 -500 
1 0 0 -1 0 0 0 1 0 0 -2 
1 -1 0 1 0 0 0 0 0 0 0 

--- Dep 6 from S3 to S3; satisfied: 0, sat level: -1; Type: RAW
on variable: A
Dependence polyhedron
11 11
0 0 0 -1 0 0 1 0 0 0 1 
0 -1 0 0 0 1 0 0 0 0 -1 
0 0 -1 0 1 0 0 0 0 0 0 
1 1 0 0 0 0 0 0 0 0 -1 
1 0 0 0 0 0 0 0 0 1 -500 
1 0 0 0 0 0 0 1 0 0 -300 
1 -1 1 0 0 0 0 0 0 0 0 
1 0 -1 0 0 0 0 1 0 0 -2 
1 0 0 -1 0 0 0 1 0 0 -1 
1 0 0 1 0 0 0 0 0 0 -1 
1 0 0 0 0 0 0 0 1 0 -400 

--- Dep 7 from S1 to S3; satisfied: 0, sat level: -1; Type: RAW
on variable: A
Dependence polyhedron
13 11
0 0 -1 0 0 0 1 0 0 0 1 
0 -1 0 0 0 1 0 0 0 0 1 
0 0 -1 0 1 0 0 0 0 0 0 
1 1 0 0 0 0 0 0 0 0 -1 
1 -1 0 0 0 0 0 1 0 0 -2 
1 0 0 0 0 0 0 1 0 0 -300 
1 0 1 0 0 0 0 0 0 0 -2 
1 0 -1 0 0 0 0 1 0 0 -2 
1 0 0 1 0 0 0 0 0 0 0 
1 0 0 -1 0 0 0 0 1 0 -1 
1 0 0 0 0 0 0 0 1 0 -400 
1 0 0 0 0 0 0 0 0 1 -500 
1 -1 1 0 0 0 0 0 0 0 0 

--- Dep 8 from S3 to S5; satisfied: 0, sat level: -1; Type: RAW
on variable: A
Dependence polyhedron
14 11
0 0 0 -1 0 0 1 0 0 0 0 
0 -1 0 0 0 1 0 0 0 0 -1 
0 0 -1 0 1 0 0 0 0 0 0 
1 1 0 0 0 0 0 0 0 0 -1 
1 -1 0 0 0 0 0 1 0 0 -2 
1 0 0 0 0 0 0 1 0 0 -300 
1 0 1 0 0 0 0 0 0 0 -2 
1 0 -1 0 0 0 0 1 0 0 -1 
1 0 0 -1 0 0 0 1 0 0 -1 
1 0 0 1 0 0 0 0 0 0 0 
1 0 0 0 0 0 0 0 1 0 -400 
1 0 0 0 0 0 0 0 0 1 -500 
1 0 0 -1 0 0 0 0 0 1 -1 
1 -1 1 0 0 0 0 0 0 0 -2 

--- Dep 9 from S2 to S5; satisfied: 0, sat level: -1; Type: RAW
on variable: A
Dependence polyhedron
15 11
0 0 0 -1 0 0 1 0 0 0 0 
0 0 -1 0 0 1 0 0 0 0 -1 
0 0 0 -1 1 0 0 0 0 0 0 
1 1 0 0 0 0 0 0 0 0 -1 
1 -1 0 0 0 0 0 1 0 0 -2 
1 0 0 0 0 0 0 1 0 0 -300 
1 0 1 0 0 0 0 0 0 0 -2 
1 0 -1 0 0 0 0 1 0 0 -1 
1 0 0 1 0 0 0 0 0 0 -2 
1 0 0 -1 0 0 0 0 1 0 -2 
1 0 0 0 0 0 0 0 1 0 -400 
1 0 0 0 0 0 0 0 0 1 -500 
1 0 0 -1 0 0 0 0 0 1 -1 
1 0 0 -1 0 0 0 1 0 0 -1 
1 0 -1 1 0 0 0 0 0 0 -2 

--- Dep 10 from S2 to S4; satisfied: 0, sat level: -1; Type: RAW
on variable: A
Dependence polyhedron
13 11
0 0 0 -1 0 0 1 0 0 0 0 
0 0 0 -1 0 1 0 0 0 0 0 
0 0 -1 0 1 0 0 0 0 0 0 
1 1 0 0 0 0 0 0 0 0 -1 
1 -1 0 0 0 0 0 1 0 0 -2 
1 0 0 0 0 0 0 1 0 0 -300 
1 0 1 0 0 0 0 0 0 0 -2 
1 0 -1 0 0 0 0 1 0 0 -1 
1 0 0 1 0 0 0 0 0 0 -1 
1 0 0 -1 0 0 0 0 1 0 -2 
1 0 0 0 0 0 0 0 1 0 -400 
1 0 0 0 0 0 0 0 0 1 -500 
1 0 1 -1 0 0 0 0 0 0 -1 

--- Dep 11 from S3 to S2; satisfied: 0, sat level: -1; Type: RAW
on variable: A
Dependence polyhedron
14 11
0 0 -1 0 0 0 1 0 0 0 0 
0 -1 0 0 0 1 0 0 0 0 -1 
0 0 0 -1 1 0 0 0 0 0 0 
1 1 0 0 0 0 0 0 0 0 -1 
1 -1 0 0 0 0 0 1 0 0 -2 
1 0 0 0 0 0 0 1 0 0 -300 
1 0 1 0 0 0 0 0 0 0 0 
1 0 -1 0 0 0 0 1 0 0 -1 
1 0 0 -1 0 0 0 1 0 0 -2 
1 0 0 1 0 0 0 0 0 0 -1 
1 0 0 0 0 0 0 0 1 0 -400 
1 0 0 0 0 0 0 0 0 1 -500 
1 0 -1 0 0 0 0 0 1 0 -2 
1 -1 0 1 0 0 0 0 0 0 -1 

--- Dep 12 from S1 to S2; satisfied: 0, sat level: -1; Type: RAW
on variable: A
Dependence polyhedron
14 11
0 0 -1 0 0 0 1 0 0 0 0 
0 -1 0 0 0 1 0 0 0 0 1 
0 0 -1 0 1 0 0 0 0 0 0 
1 1 0 0 0 0 0 0 0 0 -3 
1 -1 0 0 0 0 0 1 0 0 -2 
1 0 0 0 0 0 0 1 0 0 -300 
1 0 1 0 0 0 0 0 0 0 -2 
1 0 -1 0 0 0 0 1 0 0 -2 
1 0 0 1 0 0 0 0 0 0 0 
1 0 0 -1 0 0 0 0 1 0 -1 
1 0 0 0 0 0 0 0 1 0 -400 
1 0 0 0 0 0 0 0 0 1 -500 
1 0 -1 0 0 0 0 0 1 0 -2 
1 -1 1 0 0 0 0 0 0 0 -1 

--- Dep 13 from S2 to S2; satisfied: 0, sat level: -1; Type: RAW
on variable: A
Dependence polyhedron
14 11
0 0 0 -1 0 0 1 0 0 0 0 
0 0 -1 0 0 1 0 0 0 0 0 
0 0 0 -1 1 0 0 0 0 0 0 
1 1 0 0 0 0 0 0 0 0 -1 
1 -1 0 0 0 0 0 1 0 0 -2 
1 0 0 0 0 0 0 1 0 0 -300 
1 0 1 0 0 0 0 0 0 0 -2 
1 0 -1 0 0 0 0 1 0 0 -1 
1 0 0 1 0 0 0 0 0 0 -1 
1 0 0 -1 0 0 0 0 1 0 -2 
1 0 0 0 0 0 0 0 1 0 -400 
1 0 0 0 0 0 0 0 0 1 -500 
1 0 0 -1 0 0 0 1 0 0 -2 
1 -1 0 1 0 0 0 0 0 0 -1 

--- Dep 14 from S1 to S5; satisfied: 0, sat level: -1; Type: RAW
on variable: A
Dependence polyhedron
14 11
0 0 -1 0 0 0 1 0 0 0 0 
0 -1 0 0 0 1 0 0 0 0 0 
0 0 -1 0 1 0 0 0 0 0 0 
1 1 0 0 0 0 0 0 0 0 -1 
1 -1 0 0 0 0 0 1 0 0 -2 
1 0 0 0 0 0 0 1 0 0 -300 
1 0 1 0 0 0 0 0 0 0 -2 
1 0 -1 0 0 0 0 1 0 0 -1 
1 0 0 1 0 0 0 0 0 0 0 
1 0 0 -1 0 0 0 0 1 0 -1 
1 0 0 0 0 0 0 0 1 0 -400 
1 0 0 0 0 0 0 0 0 1 -500 
1 0 -1 0 0 0 0 0 0 1 -1 
1 -1 1 0 0 0 0 0 0 0 -1 

--- Dep 15 from S4 to S4; satisfied: 0, sat level: -1; Type: RAW
on variable: B
Dependence polyhedron
14 11
0 0 -1 0 0 1 0 0 0 0 0 
0 -1 0 0 1 0 0 0 0 0 0 
1 1 0 0 0 0 0 0 0 0 -2 
1 -1 0 0 0 0 0 1 0 0 -1 
1 0 0 0 0 0 0 1 0 0 -300 
1 0 1 0 0 0 0 0 0 0 -1 
1 1 -1 0 0 0 0 0 0 0 -1 
1 0 0 0 0 0 0 0 1 0 -400 
1 0 0 1 0 0 0 0 0 0 0 
1 0 0 -1 0 0 0 0 1 0 -1 
1 0 0 0 0 0 0 0 0 1 -500 
1 0 0 0 0 0 -1 0 1 0 -1 
1 0 0 0 0 0 1 0 0 0 0 
1 0 0 -1 0 0 1 0 0 0 -1 

--- Dep 16 from S1 to S4; satisfied: 0, sat level: -1; Type: RAW
on variable: A
Dependence polyhedron
14 11
0 0 -1 0 0 0 1 0 0 0 0 
0 0 -1 0 0 1 0 0 0 0 0 
0 -1 0 0 1 0 0 0 0 0 1 
1 1 0 0 0 0 0 0 0 0 -3 
1 -1 0 0 0 0 0 1 0 0 -2 
1 0 0 0 0 0 0 1 0 0 -300 
1 0 1 0 0 0 0 0 0 0 -2 
1 0 -1 0 0 0 0 1 0 0 -1 
1 0 0 1 0 0 0 0 0 0 0 
1 0 0 -1 0 0 0 0 1 0 -1 
1 0 0 0 0 0 0 0 1 0 -400 
1 0 0 0 0 0 0 0 0 1 -500 
1 0 -1 0 0 0 0 0 1 0 -1 
1 1 -1 0 0 0 0 0 0 0 -2 

--- Dep 17 from S3 to S2; satisfied: 0, sat level: -1; Type: RAW
on variable: A
Dependence polyhedron
13 11
0 0 -1 0 0 0 1 0 0 0 1 
0 -1 0 0 1 0 0 0 0 0 -1 
0 0 -1 1 0 0 0 0 0 0 1 
1 1 0 0 0 0 0 0 0 0 -1 
1 -1 0 0 0 0 0 1 0 0 -3 
1 0 0 0 0 0 0 1 0 0 -300 
1 0 1 0 0 0 0 0 0 0 -1 
1 0 -1 0 0 0 0 1 0 0 -1 
1 0 0 0 0 0 0 0 0 1 -500 
1 0 0 0 0 0 0 0 1 0 -400 
1 0 -1 0 0 0 0 0 1 0 -1 
1 0 0 0 0 -1 0 1 0 0 -1 
1 0 0 0 0 1 0 0 0 0 -2 

--- Dep 18 from S3 to S4; satisfied: 0, sat level: -1; Type: RAW
on variable: A
Dependence polyhedron
14 11
0 0 -1 0 0 0 1 0 0 0 0 
0 0 0 -1 0 1 0 0 0 0 0 
0 -1 0 0 1 0 0 0 0 0 -1 
1 1 0 0 0 0 0 0 0 0 -1 
1 -1 0 0 0 0 0 1 0 0 -2 
1 0 0 0 0 0 0 1 0 0 -300 
1 0 1 0 0 0 0 0 0 0 0 
1 0 -1 0 0 0 0 1 0 0 -1 
1 0 0 -1 0 0 0 1 0 0 -1 
1 0 0 1 0 0 0 0 0 0 -1 
1 0 0 0 0 0 0 0 1 0 -400 
1 0 0 0 0 0 0 0 0 1 -500 
1 0 -1 0 0 0 0 0 1 0 -1 
1 1 0 -1 0 0 0 0 0 0 0 

--- Dep 19 from S5 to S5; satisfied: 0, sat level: -1; Type: RAW
on variable: A
Dependence polyhedron
12 11
0 0 0 -1 0 0 1 0 0 0 0 
0 0 -1 0 0 1 0 0 0 0 -1 
0 -1 0 0 1 0 0 0 0 0 0 
1 1 0 0 0 0 0 0 0 0 -2 
1 -1 0 0 0 0 0 1 0 0 -1 
1 0 0 0 0 0 0 1 0 0 -300 
1 0 1 0 0 0 0 0 0 0 -1 
1 1 -1 0 0 0 0 0 0 0 -2 
1 0 0 0 0 0 0 0 0 1 -500 
1 0 0 1 0 0 0 0 0 0 0 
1 0 0 -1 0 0 0 0 0 1 -1 
1 0 0 0 0 0 0 0 1 0 -400 

--- Dep 20 from S3 to S5; satisfied: 0, sat level: -1; Type: RAW
on variable: A
Dependence polyhedron
14 11
0 0 0 -1 0 0 1 0 0 0 0 
0 -1 0 0 0 1 0 0 0 0 -2 
0 0 -1 0 1 0 0 0 0 0 0 
1 1 0 0 0 0 0 0 0 0 -1 
1 -1 0 0 0 0 0 1 0 0 -2 
1 0 0 0 0 0 0 1 0 0 -300 
1 0 1 0 0 0 0 0 0 0 -2 
1 0 -1 0 0 0 0 1 0 0 -1 
1 0 0 -1 0 0 0 1 0 0 -1 
1 0 0 1 0 0 0 0 0 0 0 
1 0 0 0 0 0 0 0 1 0 -400 
1 0 0 0 0 0 0 0 0 1 -500 
1 0 0 -1 0 0 0 0 0 1 -1 
1 -1 1 0 0 0 0 0 0 0 -3 

--- Dep 21 from S3 to S3; satisfied: 0, sat level: -1; Type: WAR
on variable: A
Dependence polyhedron
13 11
0 0 0 -1 0 0 1 0 0 0 -1 
0 -1 0 0 0 1 0 0 0 0 0 
0 0 -1 0 1 0 0 0 0 0 1 
1 1 0 0 0 0 0 0 0 0 -1 
1 -1 0 0 0 0 0 1 0 0 -2 
1 0 0 0 0 0 0 1 0 0 -300 
1 0 1 0 0 0 0 0 0 0 -2 
1 0 -1 0 0 0 0 1 0 0 -1 
1 0 0 -1 0 0 0 1 0 0 -2 
1 0 0 1 0 0 0 0 0 0 0 
1 0 0 0 0 0 0 0 1 0 -400 
1 0 0 0 0 0 0 0 0 1 -500 
1 -1 1 0 0 0 0 0 0 0 -2 

--- Dep 22 from S2 to S1; satisfied: 0, sat level: -1; Type: WAR
on variable: A
Dependence polyhedron
12 11
0 -1 0 0 0 1 0 0 0 0 0 
0 0 -1 0 1 0 0 0 0 0 -1 
0 -1 0 1 0 0 0 0 0 0 0 
1 1 0 0 0 0 0 0 0 0 -2 
1 0 0 0 0 0 1 0 0 0 0 
1 0 0 0 0 0 0 1 0 0 -300 
1 -1 1 0 0 0 0 0 0 0 0 
1 0 -1 0 0 0 0 1 0 0 -3 
1 0 0 0 0 0 0 0 0 1 -500 
1 -1 0 0 0 0 0 0 1 0 -2 
1 0 0 0 0 0 0 0 1 0 -400 
1 0 0 0 0 0 -1 0 1 0 -1 

--- Dep 23 from S2 to S1; satisfied: 0, sat level: -1; Type: WAR
on variable: A
Dependence polyhedron
12 11
0 -1 0 0 0 1 0 0 0 0 0 
0 -1 0 0 1 0 0 0 0 0 0 
0 -1 0 1 0 0 0 0 0 0 0 
0 -1 1 0 0 0 0 0 0 0 1 
1 1 0 0 0 0 0 0 0 0 -3 
1 -1 0 0 0 0 0 1 0 0 -2 
1 0 0 0 0 0 0 1 0 0 -300 
1 0 0 0 0 0 -1 0 1 0 -1 
1 0 0 0 0 0 1 0 0 0 0 
1 0 0 0 0 0 0 0 0 1 -500 
1 -1 0 0 0 0 0 0 1 0 -2 
1 0 0 0 0 0 0 0 1 0 -400 

--- Dep 24 from S1 to S4; satisfied: 0, sat level: -1; Type: WAR
on variable: B
Dependence polyhedron
14 11
0 -1 0 0 0 1 0 0 0 0 0 
0 0 -1 0 1 0 0 0 0 0 1 
1 1 0 0 0 0 0 0 0 0 -1 
1 -1 0 0 0 0 0 1 0 0 -2 
1 0 0 0 0 0 0 1 0 0 -300 
1 0 1 0 0 0 0 0 0 0 -3 
1 0 -1 0 0 0 0 1 0 0 -1 
1 0 0 1 0 0 0 0 0 0 0 
1 0 0 -1 0 0 0 0 1 0 -1 
1 0 0 0 0 0 0 0 1 0 -400 
1 0 0 0 0 0 0 0 0 1 -500 
1 0 0 0 0 0 -1 0 1 0 -1 
1 0 0 0 0 0 1 0 0 0 0 
1 -1 1 0 0 0 0 0 0 0 -2 

--- Dep 25 from S2 to S2; satisfied: 0, sat level: -1; Type: WAR
on variable: A
Dependence polyhedron
14 11
0 -1 0 0 0 0 1 0 0 0 0 
0 0 -1 0 0 1 0 0 0 0 0 
0 -1 0 1 0 0 0 0 0 0 0 
1 1 0 0 0 0 0 0 0 0 -1 
1 -1 0 0 0 0 0 1 0 0 -2 
1 0 0 0 0 0 0 1 0 0 -300 
1 0 1 0 0 0 0 0 0 0 -2 
1 0 -1 0 0 0 0 1 0 0 -1 
1 0 0 0 0 0 0 0 0 1 -500 
1 -1 0 0 0 0 0 0 1 0 -2 
1 0 0 0 0 0 0 0 1 0 -400 
1 0 0 0 -1 0 0 1 0 0 -2 
1 0 0 0 1 0 0 0 0 0 -1 
1 -1 0 0 1 0 0 0 0 0 -1 

--- Dep 26 from S1 to S6; satisfied: 0, sat level: -1; Type: WAR
on variable: B
Dependence polyhedron
11 10
0 -1 0 0 0 1 0 0 0 0 
0 0 -1 0 1 0 0 0 0 0 
1 1 0 0 0 0 0 0 0 -1 
1 -1 0 0 0 0 1 0 0 -2 
1 0 0 0 0 0 1 0 0 -300 
1 0 1 0 0 0 0 0 0 -2 
1 0 -1 0 0 0 1 0 0 -1 
1 0 0 1 0 0 0 0 0 0 
1 0 0 -1 0 0 0 1 0 -1 
1 0 0 0 0 0 0 1 0 -400 
1 0 0 0 0 0 0 0 1 -500 

--- Dep 27 from S2 to S3; satisfied: 0, sat level: -1; Type: WAR
on variable: A
Dependence polyhedron
14 11
0 -1 0 0 0 0 1 0 0 0 0 
0 0 0 -1 0 1 0 0 0 0 0 
0 0 -1 0 1 0 0 0 0 0 1 
1 1 0 0 0 0 0 0 0 0 -1 
1 -1 0 0 0 0 0 1 0 0 -2 
1 0 0 0 0 0 0 1 0 0 -300 
1 0 1 0 0 0 0 0 0 0 -2 
1 0 -1 0 0 0 0 1 0 0 -1 
1 0 0 1 0 0 0 0 0 0 0 
1 0 0 -1 0 0 0 0 1 0 -2 
1 0 0 0 0 0 0 0 1 0 -400 
1 0 0 0 0 0 0 0 0 1 -500 
1 0 0 -1 0 0 0 1 0 0 -1 
1 -1 1 0 0 0 0 0 0 0 -1 

--- Dep 28 from S3 to S5; satisfied: 0, sat level: -1; Type: WAR
on variable: A
Dependence polyhedron
14 11
0 0 0 -1 0 0 1 0 0 0 -1 
0 0 -1 0 0 1 0 0 0 0 0 
0 -1 0 0 1 0 0 0 0 0 0 
1 1 0 0 0 0 0 0 0 0 -2 
1 -1 0 0 0 0 0 1 0 0 -2 
1 0 0 0 0 0 0 1 0 0 -300 
1 0 1 0 0 0 0 0 0 0 -1 
1 0 -1 0 0 0 0 1 0 0 -1 
1 0 0 -1 0 0 0 1 0 0 -1 
1 0 0 1 0 0 0 0 0 0 0 
1 0 0 0 0 0 0 0 1 0 -400 
1 0 0 0 0 0 0 0 0 1 -500 
1 0 0 -1 0 0 0 0 0 1 -2 
1 1 -1 0 0 0 0 0 0 0 -1 

--- Dep 29 from S2 to S5; satisfied: 0, sat level: -1; Type: WAR
on variable: A
Dependence polyhedron
15 11
0 0 0 -1 0 0 1 0 0 0 -1 
0 0 -1 0 0 1 0 0 0 0 2 
0 0 0 -1 1 0 0 0 0 0 0 
1 1 0 0 0 0 0 0 0 0 -1 
1 -1 0 0 0 0 0 1 0 0 -2 
1 0 0 0 0 0 0 1 0 0 -300 
1 0 1 0 0 0 0 0 0 0 -3 
1 0 -1 0 0 0 0 1 0 0 -1 
1 0 0 1 0 0 0 0 0 0 -2 
1 0 0 -1 0 0 0 0 1 0 -2 
1 0 0 0 0 0 0 0 1 0 -400 
1 0 0 0 0 0 0 0 0 1 -500 
1 0 0 -1 0 0 0 0 0 1 -2 
1 0 0 -1 0 0 0 1 0 0 -1 
1 0 -1 1 0 0 0 0 0 0 1 

--- Dep 30 from S3 to S6; satisfied: 0, sat level: -1; Type: WAR
on variable: B
Dependence polyhedron
11 10
0 0 0 -1 0 1 0 0 0 0 
0 0 -1 0 1 0 0 0 0 0 
1 1 0 0 0 0 0 0 0 -1 
1 -1 0 0 0 0 1 0 0 -2 
1 0 0 0 0 0 1 0 0 -300 
1 0 1 0 0 0 0 0 0 -1 
1 0 -1 0 0 0 1 0 0 -1 
1 0 0 -1 0 0 1 0 0 -1 
1 0 0 1 0 0 0 0 0 0 
1 0 0 0 0 0 0 1 0 -400 
1 0 0 0 0 0 0 0 1 -500 

--- Dep 31 from S3 to S1; satisfied: 0, sat level: -1; Type: WAR
on variable: A
Dependence polyhedron
13 11
0 -1 0 0 0 1 0 0 0 0 0 
0 0 -1 0 1 0 0 0 0 0 -1 
0 -1 0 1 0 0 0 0 0 0 1 
1 1 0 0 0 0 0 0 0 0 -2 
1 -1 0 0 0 0 0 1 0 0 -2 
1 0 0 0 0 0 0 1 0 0 -300 
1 0 1 0 0 0 0 0 0 0 0 
1 0 -1 0 0 0 0 1 0 0 -3 
1 0 0 0 0 0 0 0 0 1 -500 
1 0 0 0 0 0 0 0 1 0 -400 
1 0 0 0 0 0 -1 0 1 0 -1 
1 0 0 0 0 0 1 0 0 0 0 
1 -1 1 0 0 0 0 0 0 0 0 

--- Dep 32 from S1 to S6; satisfied: 0, sat level: -1; Type: WAR
on variable: B
Dependence polyhedron
11 10
0 -1 0 0 0 1 0 0 0 0 
0 0 -1 0 1 0 0 0 0 1 
1 1 0 0 0 0 0 0 0 -1 
1 -1 0 0 0 0 1 0 0 -2 
1 0 0 0 0 0 1 0 0 -300 
1 0 1 0 0 0 0 0 0 -2 
1 0 -1 0 0 0 1 0 0 -1 
1 0 0 1 0 0 0 0 0 0 
1 0 0 -1 0 0 0 1 0 -1 
1 0 0 0 0 0 0 1 0 -400 
1 0 0 0 0 0 0 0 1 -500 

--- Dep 33 from S3 to S2; satisfied: 0, sat level: -1; Type: WAR
on variable: A
Dependence polyhedron
14 11
0 -1 0 0 0 0 1 0 0 0 0 
0 0 -1 0 0 1 0 0 0 0 0 
0 -1 0 1 0 0 0 0 0 0 1 
1 1 0 0 0 0 0 0 0 0 -1 
1 -1 0 0 0 0 0 1 0 0 -2 
1 0 0 0 0 0 0 1 0 0 -300 
1 0 1 0 0 0 0 0 0 0 -2 
1 0 -1 0 0 0 0 1 0 0 -1 
1 0 0 0 0 0 0 0 0 1 -500 
1 0 0 0 0 0 0 0 1 0 -400 
1 -1 0 0 0 0 0 0 1 0 -2 
1 0 0 0 -1 0 0 1 0 0 -2 
1 0 0 0 1 0 0 0 0 0 -1 
1 -1 0 0 1 0 0 0 0 0 -1 

--- Dep 34 from S4 to S6; satisfied: 0, sat level: -1; Type: WAR
on variable: B
Dependence polyhedron
12 10
0 0 -1 0 0 1 0 0 0 0 
0 -1 0 0 1 0 0 0 0 -1 
1 1 0 0 0 0 0 0 0 -2 
1 -1 0 0 0 0 1 0 0 -2 
1 0 0 0 0 0 1 0 0 -300 
1 0 1 0 0 0 0 0 0 -1 
1 1 -1 0 0 0 0 0 0 -1 
1 0 0 0 0 0 0 1 0 -400 
1 0 0 1 0 0 0 0 0 0 
1 0 0 -1 0 0 0 1 0 -1 
1 0 0 0 0 0 0 0 1 -500 
1 0 -1 0 0 0 1 0 0 -1 

--- Dep 35 from S4 to S5; satisfied: 0, sat level: -1; Type: WAR
on variable: A
Dependence polyhedron
15 11
0 0 -1 0 0 0 1 0 0 0 0 
0 -1 0 0 0 1 0 0 0 0 0 
0 0 0 -1 1 0 0 0 0 0 0 
1 1 0 0 0 0 0 0 0 0 -2 
1 -1 0 0 0 0 0 1 0 0 -1 
1 0 0 0 0 0 0 1 0 0 -300 
1 0 1 0 0 0 0 0 0 0 -1 
1 1 -1 0 0 0 0 0 0 0 -1 
1 0 0 0 0 0 0 0 1 0 -400 
1 0 0 1 0 0 0 0 0 0 -2 
1 0 0 -1 0 0 0 0 1 0 -1 
1 0 0 0 0 0 0 0 0 1 -500 
1 0 -1 0 0 0 0 0 0 1 -1 
1 0 0 -1 0 0 0 1 0 0 -1 
1 -1 0 1 0 0 0 0 0 0 -1 

--- Dep 36 from S2 to S3; satisfied: 0, sat level: -1; Type: WAR
on variable: A
Dependence polyhedron
14 11
0 0 0 -1 0 0 1 0 0 0 -1 
0 0 0 -1 0 1 0 0 0 0 0 
0 0 -1 0 1 0 0 0 0 0 3 
1 1 0 0 0 0 0 0 0 0 -1 
1 -1 0 0 0 0 0 1 0 0 -2 
1 0 0 0 0 0 0 1 0 0 -300 
1 0 1 0 0 0 0 0 0 0 -4 
1 0 -1 0 0 0 0 1 0 0 -1 
1 0 0 1 0 0 0 0 0 0 0 
1 0 0 -1 0 0 0 0 1 0 -2 
1 0 0 0 0 0 0 0 1 0 -400 
1 0 0 0 0 0 0 0 0 1 -500 
1 0 0 -1 0 0 0 1 0 0 -2 
1 -1 1 0 0 0 0 0 0 0 -3 

--- Dep 37 from S4 to S4; satisfied: 0, sat level: -1; Type: WAR
on variable: B
Dependence polyhedron
14 11
0 0 -1 0 0 1 0 0 0 0 0 
0 -1 0 0 1 0 0 0 0 0 0 
1 1 0 0 0 0 0 0 0 0 -2 
1 -1 0 0 0 0 0 1 0 0 -1 
1 0 0 0 0 0 0 1 0 0 -300 
1 0 1 0 0 0 0 0 0 0 -1 
1 1 -1 0 0 0 0 0 0 0 -1 
1 0 0 0 0 0 0 0 1 0 -400 
1 0 0 1 0 0 0 0 0 0 0 
1 0 0 -1 0 0 0 0 1 0 -1 
1 0 0 0 0 0 0 0 0 1 -500 
1 0 0 0 0 0 -1 0 1 0 -1 
1 0 0 0 0 0 1 0 0 0 0 
1 0 0 -1 0 0 1 0 0 0 -1 

--- Dep 38 from S2 to S5; satisfied: 0, sat level: -1; Type: WAR
on variable: A
Dependence polyhedron
15 11
0 -1 0 0 0 0 1 0 0 0 0 
0 0 -1 0 0 1 0 0 0 0 0 
0 0 0 -1 1 0 0 0 0 0 0 
1 1 0 0 0 0 0 0 0 0 -1 
1 -1 0 0 0 0 0 1 0 0 -2 
1 0 0 0 0 0 0 1 0 0 -300 
1 0 1 0 0 0 0 0 0 0 -2 
1 0 -1 0 0 0 0 1 0 0 -1 
1 0 0 1 0 0 0 0 0 0 -2 
1 0 0 -1 0 0 0 0 1 0 -2 
1 0 0 0 0 0 0 0 1 0 -400 
1 0 0 0 0 0 0 0 0 1 -500 
1 -1 0 0 0 0 0 0 0 1 -1 
1 0 0 -1 0 0 0 1 0 0 -1 
1 0 -1 1 0 0 0 0 0 0 -1 

--- Dep 39 from S3 to S4; satisfied: 0, sat level: -1; Type: WAR
on variable: B
Dependence polyhedron
14 11
0 0 0 -1 0 1 0 0 0 0 0 
0 0 -1 0 1 0 0 0 0 0 1 
1 1 0 0 0 0 0 0 0 0 -1 
1 -1 0 0 0 0 0 1 0 0 -2 
1 0 0 0 0 0 0 1 0 0 -300 
1 0 1 0 0 0 0 0 0 0 -3 
1 0 -1 0 0 0 0 1 0 0 -1 
1 0 0 -1 0 0 0 1 0 0 -1 
1 0 0 1 0 0 0 0 0 0 -1 
1 0 0 0 0 0 0 0 1 0 -400 
1 0 0 0 0 0 0 0 0 1 -500 
1 0 0 0 0 0 -1 0 1 0 -1 
1 0 0 0 0 0 1 0 0 0 0 
1 0 1 -1 0 0 0 0 0 0 -2 

--- Dep 40 from S1 to S4; satisfied: 0, sat level: -1; Type: WAR
on variable: B
Dependence polyhedron
14 11
0 -1 0 0 0 1 0 0 0 0 0 
0 0 -1 0 1 0 0 0 0 0 2 
1 1 0 0 0 0 0 0 0 0 -1 
1 -1 0 0 0 0 0 1 0 0 -2 
1 0 0 0 0 0 0 1 0 0 -300 
1 0 1 0 0 0 0 0 0 0 -4 
1 0 -1 0 0 0 0 1 0 0 -1 
1 0 0 1 0 0 0 0 0 0 0 
1 0 0 -1 0 0 0 0 1 0 -1 
1 0 0 0 0 0 0 0 1 0 -400 
1 0 0 0 0 0 0 0 0 1 -500 
1 0 0 0 0 0 -1 0 1 0 -1 
1 0 0 0 0 0 1 0 0 0 0 
1 -1 1 0 0 0 0 0 0 0 -3 

--- Dep 41 from S2 to S5; satisfied: 0, sat level: -1; Type: WAR
on variable: A
Dependence polyhedron
15 11
0 0 0 -1 0 0 1 0 0 0 0 
0 -1 0 0 0 1 0 0 0 0 0 
0 0 0 -1 1 0 0 0 0 0 -1 
1 1 0 0 0 0 0 0 0 0 -1 
1 -1 0 0 0 0 0 1 0 0 -2 
1 0 0 0 0 0 0 1 0 0 -300 
1 0 1 0 0 0 0 0 0 0 -2 
1 0 -1 0 0 0 0 1 0 0 -1 
1 0 0 1 0 0 0 0 0 0 -1 
1 0 0 -1 0 0 0 0 1 0 -2 
1 0 0 0 0 0 0 0 1 0 -400 
1 0 0 0 0 0 0 0 0 1 -500 
1 0 0 -1 0 0 0 0 0 1 -1 
1 0 0 -1 0 0 0 1 0 0 -2 
1 -1 0 1 0 0 0 0 0 0 0 

--- Dep 42 from S4 to S5; satisfied: 0, sat level: -1; Type: WAR
on variable: A
Dependence polyhedron
13 11
0 0 -1 0 0 0 1 0 0 0 0 
0 -1 0 0 0 1 0 0 0 0 1 
0 -1 0 0 1 0 0 0 0 0 0 
1 1 0 0 0 0 0 0 0 0 -2 
1 -1 0 0 0 0 0 1 0 0 -1 
1 0 0 0 0 0 0 1 0 0 -300 
1 0 1 0 0 0 0 0 0 0 -1 
1 1 -1 0 0 0 0 0 0 0 -1 
1 0 0 0 0 0 0 0 1 0 -400 
1 0 0 1 0 0 0 0 0 0 0 
1 0 0 -1 0 0 0 0 1 0 -1 
1 0 0 0 0 0 0 0 0 1 -500 
1 0 -1 0 0 0 0 0 0 1 -1 

--- Dep 43 from S2 to S2; satisfied: 0, sat level: -1; Type: WAW
on variable: A
Dependence polyhedron
14 11
0 0 0 -1 0 0 1 0 0 0 0 
0 0 -1 0 0 1 0 0 0 0 0 
1 1 0 0 0 0 0 0 0 0 -1 
1 -1 0 0 0 0 0 1 0 0 -2 
1 0 0 0 0 0 0 1 0 0 -300 
1 0 1 0 0 0 0 0 0 0 -2 
1 0 -1 0 0 0 0 1 0 0 -1 
1 0 0 1 0 0 0 0 0 0 0 
1 0 0 -1 0 0 0 0 1 0 -2 
1 0 0 0 0 0 0 0 1 0 -400 
1 0 0 0 0 0 0 0 0 1 -500 
1 0 0 0 1 0 0 0 0 0 -1 
1 0 0 0 -1 0 0 1 0 0 -2 
1 -1 0 0 1 0 0 0 0 0 -1 

--- Dep 44 from S3 to S2; satisfied: 0, sat level: -1; Type: WAW
on variable: A
Dependence polyhedron
14 11
0 0 -1 0 0 0 1 0 0 0 0 
0 -1 0 0 0 1 0 0 0 0 -1 
0 0 -1 1 0 0 0 0 0 0 0 
1 1 0 0 0 0 0 0 0 0 -1 
1 -1 0 0 0 0 0 1 0 0 -2 
1 0 0 0 0 0 0 1 0 0 -300 
1 0 1 0 0 0 0 0 0 0 0 
1 0 -1 0 0 0 0 1 0 0 -1 
1 0 0 0 0 0 0 0 0 1 -500 
1 0 0 0 0 0 0 0 1 0 -400 
1 0 -1 0 0 0 0 0 1 0 -2 
1 0 0 0 -1 0 0 1 0 0 -2 
1 0 0 0 1 0 0 0 0 0 -1 
1 -1 0 0 1 0 0 0 0 0 -1 

--- Dep 45 from S3 to S1; satisfied: 0, sat level: -1; Type: WAW
on variable: A
Dependence polyhedron
12 11
0 0 -1 0 0 1 0 0 0 0 0 
0 -1 0 0 1 0 0 0 0 0 -2 
0 0 -1 1 0 0 0 0 0 0 0 
1 1 0 0 0 0 0 0 0 0 -1 
1 -1 0 0 0 0 0 1 0 0 -4 
1 0 0 0 0 0 0 1 0 0 -300 
1 0 1 0 0 0 0 0 0 0 -2 
1 0 -1 0 0 0 0 1 0 0 -1 
1 0 0 0 0 0 0 0 0 1 -500 
1 0 0 0 0 0 0 0 1 0 -400 
1 0 0 0 0 0 -1 0 1 0 -1 
1 0 0 0 0 0 1 0 0 0 0 

--- Dep 46 from S4 to S6; satisfied: 0, sat level: -1; Type: WAW
on variable: B
Dependence polyhedron
12 10
0 0 -1 0 0 1 0 0 0 0 
0 -1 0 0 1 0 0 0 0 -1 
1 1 0 0 0 0 0 0 0 -2 
1 -1 0 0 0 0 1 0 0 -2 
1 0 0 0 0 0 1 0 0 -300 
1 0 1 0 0 0 0 0 0 -1 
1 1 -1 0 0 0 0 0 0 -1 
1 0 0 0 0 0 0 1 0 -400 
1 0 0 1 0 0 0 0 0 0 
1 0 0 -1 0 0 0 1 0 -1 
1 0 0 0 0 0 0 0 1 -500 
1 0 -1 0 0 0 1 0 0 -1 

--- Dep 47 from S1 to S1; satisfied: 0, sat level: -1; Type: WAW
on variable: A
Dependence polyhedron
14 11
0 0 -1 0 0 1 0 0 0 0 0 
0 -1 0 0 1 0 0 0 0 0 0 
1 1 0 0 0 0 0 0 0 0 -1 
1 -1 0 0 0 0 0 1 0 0 -2 
1 0 0 0 0 0 0 1 0 0 -300 
1 0 1 0 0 0 0 0 0 0 -2 
1 0 -1 0 0 0 0 1 0 0 -1 
1 0 0 1 0 0 0 0 0 0 0 
1 0 0 -1 0 0 0 0 1 0 -1 
1 0 0 0 0 0 0 0 1 0 -400 
1 0 0 0 0 0 0 0 0 1 -500 
1 0 0 0 0 0 -1 0 1 0 -1 
1 0 0 0 0 0 1 0 0 0 0 
1 0 0 -1 0 0 1 0 0 0 -1 

--- Dep 48 from S4 to S4; satisfied: 0, sat level: -1; Type: WAW
on variable: B
Dependence polyhedron
14 11
0 0 -1 0 0 1 0 0 0 0 0 
0 -1 0 0 1 0 0 0 0 0 0 
1 1 0 0 0 0 0 0 0 0 -2 
1 -1 0 0 0 0 0 1 0 0 -1 
1 0 0 0 0 0 0 1 0 0 -300 
1 0 1 0 0 0 0 0 0 0 -1 
1 1 -1 0 0 0 0 0 0 0 -1 
1 0 0 0 0 0 0 0 1 0 -400 
1 0 0 1 0 0 0 0 0 0 0 
1 0 0 -1 0 0 0 0 1 0 -1 
1 0 0 0 0 0 0 0 0 1 -500 
1 0 0 0 0 0 -1 0 1 0 -1 
1 0 0 0 0 0 1 0 0 0 0 
1 0 0 -1 0 0 1 0 0 0 -1 

--- Dep 49 from S1 to S5; satisfied: 0, sat level: -1; Type: WAW
on variable: A
Dependence polyhedron
14 11
0 0 -1 0 0 0 1 0 0 0 0 
0 -1 0 0 0 1 0 0 0 0 1 
0 0 -1 0 1 0 0 0 0 0 0 
1 1 0 0 0 0 0 0 0 0 -2 
1 -1 0 0 0 0 0 1 0 0 -2 
1 0 0 0 0 0 0 1 0 0 -300 
1 0 1 0 0 0 0 0 0 0 -2 
1 0 -1 0 0 0 0 1 0 0 -1 
1 0 0 1 0 0 0 0 0 0 0 
1 0 0 -1 0 0 0 0 1 0 -1 
1 0 0 0 0 0 0 0 1 0 -400 
1 0 0 0 0 0 0 0 0 1 -500 
1 0 -1 0 0 0 0 0 0 1 -1 
1 -1 1 0 0 0 0 0 0 0 0 

--- Dep 50 from S2 to S3; satisfied: 0, sat level: -1; Type: WAW
on variable: A
Dependence polyhedron
14 11
0 0 0 -1 0 0 1 0 0 0 0 
0 0 0 -1 0 1 0 0 0 0 0 
0 0 -1 0 1 0 0 0 0 0 1 
1 1 0 0 0 0 0 0 0 0 -1 
1 -1 0 0 0 0 0 1 0 0 -2 
1 0 0 0 0 0 0 1 0 0 -300 
1 0 1 0 0 0 0 0 0 0 -2 
1 0 -1 0 0 0 0 1 0 0 -1 
1 0 0 1 0 0 0 0 0 0 0 
1 0 0 -1 0 0 0 0 1 0 -2 
1 0 0 0 0 0 0 0 1 0 -400 
1 0 0 0 0 0 0 0 0 1 -500 
1 0 0 -1 0 0 0 1 0 0 -1 
1 -1 1 0 0 0 0 0 0 0 -1 

--- Dep 51 from S1 to S2; satisfied: 0, sat level: -1; Type: WAW
on variable: A
Dependence polyhedron
13 11
0 0 -1 0 0 0 1 0 0 0 0 
0 -1 0 0 0 1 0 0 0 0 1 
1 1 0 0 0 0 0 0 0 0 -3 
1 0 -1 0 0 0 0 0 1 0 -2 
1 0 0 0 0 0 0 1 0 0 -300 
1 0 1 0 0 0 0 0 0 0 -2 
1 0 -1 0 0 0 0 1 0 0 -1 
1 0 0 1 0 0 0 0 0 0 0 
1 0 0 -1 0 0 0 0 1 0 -1 
1 0 0 0 0 0 0 0 1 0 -400 
1 0 0 0 0 0 0 0 0 1 -500 
1 -1 0 0 1 0 0 0 0 0 -1 
1 0 0 0 -1 0 0 1 0 0 -2 

--- Dep 52 from S1 to S2; satisfied: 0, sat level: -1; Type: WAW
on variable: A
Dependence polyhedron
12 11
0 0 -1 0 0 0 1 0 0 0 0 
0 -1 0 0 0 1 0 0 0 0 1 
0 -1 0 0 1 0 0 0 0 0 0 
1 1 -1 0 0 0 0 0 0 0 -1 
1 -1 0 0 0 0 0 1 0 0 -2 
1 0 0 0 0 0 0 1 0 0 -300 
1 0 1 0 0 0 0 0 0 0 -2 
1 0 -1 0 0 0 0 0 1 0 -2 
1 0 0 1 0 0 0 0 0 0 0 
1 0 0 -1 0 0 0 0 1 0 -1 
1 0 0 0 0 0 0 0 1 0 -400 
1 0 0 0 0 0 0 0 0 1 -500 

--- Dep 53 from S2 to S1; satisfied: 0, sat level: -1; Type: WAW
on variable: A
Dependence polyhedron
14 11
0 0 0 -1 0 1 0 0 0 0 0 
0 0 -1 0 1 0 0 0 0 0 -1 
1 1 0 0 0 0 0 0 0 0 -1 
1 -1 1 0 0 0 0 0 0 0 0 
1 0 0 0 0 0 0 1 0 0 -300 
1 0 1 0 0 0 0 0 0 0 -2 
1 0 -1 0 0 0 0 1 0 0 -3 
1 0 0 1 0 0 0 0 0 0 -2 
1 0 0 -1 0 0 0 0 1 0 -2 
1 0 0 0 0 0 0 0 1 0 -400 
1 0 0 0 0 0 0 0 0 1 -500 
1 0 0 0 0 0 -1 0 1 0 -1 
1 0 0 0 0 0 1 0 0 0 0 
1 0 0 -1 0 0 0 1 0 0 -1 

--- Dep 54 from S2 to S1; satisfied: 0, sat level: -1; Type: WAW
on variable: A
Dependence polyhedron
13 11
0 0 0 -1 0 1 0 0 0 0 0 
0 -1 0 0 1 0 0 0 0 0 0 
0 -1 1 0 0 0 0 0 0 0 1 
1 1 0 0 0 0 0 0 0 0 -3 
1 -1 0 0 0 0 0 1 0 0 -2 
1 0 0 0 0 0 0 1 0 0 -300 
1 -1 0 1 0 0 0 0 0 0 0 
1 0 0 -1 0 0 0 1 0 0 -1 
1 0 0 0 0 0 1 0 0 0 0 
1 0 0 -1 0 0 0 0 1 0 -2 
1 0 0 0 0 0 0 0 1 0 -400 
1 0 0 0 0 0 0 0 0 1 -500 
1 0 0 0 0 0 -1 0 1 0 -1 

--- Dep 55 from S2 to S5; satisfied: 0, sat level: -1; Type: WAW
on variable: A
Dependence polyhedron
15 11
0 0 0 -1 0 0 1 0 0 0 0 
0 0 -1 0 0 1 0 0 0 0 0 
0 0 0 -1 1 0 0 0 0 0 0 
1 1 0 0 0 0 0 0 0 0 -1 
1 -1 0 0 0 0 0 1 0 0 -2 
1 0 0 0 0 0 0 1 0 0 -300 
1 0 1 0 0 0 0 0 0 0 -2 
1 0 -1 0 0 0 0 1 0 0 -1 
1 0 0 1 0 0 0 0 0 0 -2 
1 0 0 -1 0 0 0 0 1 0 -2 
1 0 0 0 0 0 0 0 1 0 -400 
1 0 0 0 0 0 0 0 0 1 -500 
1 0 0 -1 0 0 0 0 0 1 -1 
1 0 0 -1 0 0 0 1 0 0 -1 
1 0 -1 1 0 0 0 0 0 0 -1 

--- Dep 56 from S3 to S5; satisfied: 0, sat level: -1; Type: WAW
on variable: A
Dependence polyhedron
14 11
0 0 0 -1 0 0 1 0 0 0 0 
0 -1 0 0 0 1 0 0 0 0 -1 
0 0 -1 0 1 0 0 0 0 0 0 
1 1 0 0 0 0 0 0 0 0 -1 
1 -1 0 0 0 0 0 1 0 0 -2 
1 0 0 0 0 0 0 1 0 0 -300 
1 0 1 0 0 0 0 0 0 0 -2 
1 0 -1 0 0 0 0 1 0 0 -1 
1 0 0 -1 0 0 0 1 0 0 -1 
1 0 0 1 0 0 0 0 0 0 0 
1 0 0 0 0 0 0 0 1 0 -400 
1 0 0 0 0 0 0 0 0 1 -500 
1 0 0 -1 0 0 0 0 0 1 -1 
1 -1 1 0 0 0 0 0 0 0 -2 


[pluto] WARNING: working with original (identity) transformation (if they exist)
[zyj-debug] After affine transformations
T(S1): (0, i, 0, j, 0, k, 0, 0, 0, 0)
loop types (scalar, loop, scalar, loop, scalar, loop, scalar, scalar, scalar, scalar)

T(S2): (0, i, 0, j, 1, zT3, l, 0, 0, 0)
loop types (scalar, loop, scalar, loop, scalar, loop, loop, scalar, scalar, scalar)

T(S3): (0, i, 1, zT3+zT4, 0, zT4, m, 0, n, 0)
loop types (scalar, loop, scalar, loop, scalar, loop, loop, scalar, loop, scalar)

T(S4): (1, zT3+zT4, 0, zT4, o, 0, p, 0, q, 0)
loop types (scalar, loop, scalar, loop, loop, scalar, loop, scalar, loop, scalar)

T(S5): (1, zT3+zT4, 0, zT4, o, 0, p, 1, r, 0)
loop types (scalar, loop, scalar, loop, loop, scalar, loop, scalar, loop, scalar)

T(S6): (1, zT2+zT3, 1, zT3, o, 1, s, 0, 0, 0)
loop types (scalar, loop, scalar, loop, loop, scalar, loop, scalar, scalar, scalar)

t1 --> fwd_dep  scalar (band 0)no-ujam
t2 --> serial   loop   (band 0)no-ujam
t3 --> fwd_dep  scalar (band 1)no-ujam
t4 --> serial   loop   (band 1)no-ujam
t5 --> serial   loop   (band 2)no-ujam
t6 --> fwd_dep  loop   (band 3)no-ujam
t7 --> fwd_dep  loop   (band 3)no-ujam
t8 --> fwd_dep  scalar (band 3)no-ujam
t9 --> fwd_dep  loop   (band 3)no-ujam
t10 --> parallel scalar (band 3)no-ujam

