[zyj-debug] Before affine transformations
nvar = 3, npar = 4
Parameters: PB_L PB_P PB_M PB_N 
S1 "A[i][j] = A[i][i] * B[i][j] + 6;"
ndims: 2; orig_depth: 2
iterators: i, j
Index set
5 8
1 1 0 0 0 0 0 -1 
1 -1 0 1 0 0 0 -4 
1 0 0 1 0 0 0 -5 
1 0 1 0 0 0 0 0 
1 1 -1 0 0 0 0 -1 
T(S1): (0, i, 0, j, 0, 0, 0)
loop types (loop, loop, loop, loop, loop, scalar, scalar)

Read accesses
A[i][i]
B[i][j]
Write accesses
A[i][j]
Original loop: 0 -> yes
Original loop: 1 -> yes

S2 "A[k-1][i+1] = A[k-1][i+2] * A[i][j] - C[k][i][k] + 2;"
ndims: 3; orig_depth: 3
iterators: i, j, k
Index set
8 9
1 1 0 0 0 0 0 0 -1 
1 -1 0 0 1 0 0 0 -4 
1 0 0 0 1 0 0 0 -5 
1 0 1 0 0 0 0 0 0 
1 1 -1 0 0 0 0 0 -1 
1 0 0 1 0 0 0 0 -1 
1 0 0 -1 0 1 0 0 -1 
1 0 0 0 0 1 0 0 -2 
T(S2): (0, i, 0, j, 1, k, 0)
loop types (loop, loop, loop, loop, loop, loop, loop)

Read accesses
A[k-1][i+2]
A[i][j]
C[k][i][k]
Write accesses
A[k-1][i+1]
Original loop: 0 -> yes
Original loop: 1 -> yes
Original loop: 2 -> yes

S3 "A[i][i] = A[i][i] + 4;"
ndims: 2; orig_depth: 2
iterators: i, j
Index set
5 8
1 1 0 0 0 0 0 -1 
1 -1 0 1 0 0 0 -4 
1 0 0 1 0 0 0 -5 
1 0 1 0 0 0 0 0 
1 1 -1 0 0 0 0 -1 
T(S3): (0, i, 0, j, 2, 0, 0)
loop types (loop, loop, loop, loop, loop, scalar, scalar)

Read accesses
A[i][i]
Write accesses
A[i][i]
Original loop: 0 -> yes
Original loop: 1 -> yes

S4 "A[i+1][i+1] = A[i+1][i+3] - A[i+1][i+3] - D[i+1] + E[l] * 6;"
ndims: 2; orig_depth: 2
iterators: i, l
Index set
6 8
1 1 0 0 0 0 0 -1 
1 -1 0 1 0 0 0 -4 
1 0 0 1 0 0 0 -5 
1 0 1 0 0 0 0 0 
1 0 -1 0 1 0 0 -1 
1 0 0 0 1 0 0 -1 
T(S4): (0, i, 1, l, 0, 0, 0)
loop types (loop, loop, loop, loop, loop, scalar, scalar)

Read accesses
A[i+1][i+3]
A[i+1][i+3]
D[i+1]
E[l]
Write accesses
A[i+1][i+1]
Original loop: 0 -> yes
Original loop: 1 -> yes

S5 "C[i][i][m-1] = A[i+1][i+1] * F[m-1][l][i-1] - 5;"
ndims: 3; orig_depth: 3
iterators: i, l, m
Index set
9 9
1 1 0 0 0 0 0 0 -1 
1 -1 0 0 1 0 0 0 -4 
1 0 0 0 1 0 0 0 -5 
1 0 1 0 0 0 0 0 0 
1 0 -1 0 0 1 0 0 -1 
1 0 0 0 0 1 0 0 -1 
1 0 0 1 0 0 0 0 -1 
1 0 1 -1 0 0 0 0 -1 
1 0 1 0 0 0 0 0 -2 
T(S5): (0, i, 1, l, 1, m, 0)
loop types (loop, loop, loop, loop, loop, loop, loop)

Read accesses
A[i+1][i+1]
F[m-1][l][i-1]
Write accesses
C[i][i][m-1]
Original loop: 0 -> yes
Original loop: 1 -> yes
Original loop: 2 -> yes

S6 "A[o+1][n] = D[n] + B[n][o] * 1;"
ndims: 2; orig_depth: 2
iterators: n, o
Index set
8 8
1 1 0 0 0 0 0 0 
1 -1 0 0 0 1 0 -1 
1 0 0 0 0 1 0 -1 
1 0 1 0 0 0 0 0 
1 1 -1 0 0 0 0 -1 
1 0 -1 0 0 0 1 -2 
1 1 0 0 0 0 0 -1 
1 0 0 0 0 0 1 -2 
T(S6): (1, n, 0, o, 0, 0, 0)
loop types (loop, loop, loop, loop, loop, scalar, scalar)

Read accesses
D[n]
B[n][o]
Write accesses
A[o+1][n]
Original loop: 0 -> yes
Original loop: 1 -> yes

--- Dep 1 from S2 to S2; satisfied: 0, sat level: -1; Type: RAW
on variable: A
Dependence polyhedron
16 12
0 -1 0 0 0 1 0 0 0 0 0 -1 
0 0 0 -1 1 0 0 0 0 0 0 1 
1 1 0 0 0 0 0 0 0 0 0 -1 
1 -1 0 0 0 0 0 1 0 0 0 -4 
1 0 0 0 0 0 0 1 0 0 0 -500 
1 0 1 0 0 0 0 0 0 0 0 0 
1 1 -1 0 0 0 0 0 0 0 0 -1 
1 0 0 1 0 0 0 0 0 0 0 -2 
1 0 0 -1 0 0 0 0 1 0 0 -1 
1 0 0 0 0 0 0 0 1 0 0 -400 
1 0 0 0 0 0 0 0 0 0 1 -500 
1 0 0 0 0 0 0 0 0 1 0 -500 
1 0 0 0 0 0 -1 0 1 0 0 -1 
1 0 0 -1 0 0 0 1 0 0 0 -3 
1 0 0 0 0 0 1 0 0 0 0 -1 
1 -1 0 1 0 0 0 0 0 0 0 -3 

--- Dep 2 from S2 to S1; satisfied: 0, sat level: -1; Type: RAW
on variable: A
Dependence polyhedron
13 11
0 -1 0 0 1 0 0 0 0 0 -1 
0 -1 0 1 0 0 0 0 0 0 -2 
1 1 0 0 0 0 0 0 0 0 -1 
1 -1 0 0 0 0 1 0 0 0 -5 
1 0 0 0 0 0 1 0 0 0 -500 
1 0 1 0 0 0 0 0 0 0 0 
1 1 -1 0 0 0 0 0 0 0 -1 
1 0 0 0 0 0 0 1 0 0 -400 
1 -1 0 0 0 0 0 1 0 0 -3 
1 0 0 0 0 0 0 0 1 0 -500 
1 0 0 0 0 0 0 0 0 1 -500 
1 1 0 0 0 -1 0 0 0 0 0 
1 0 0 0 0 1 0 0 0 0 0 

--- Dep 3 from S2 to S5; satisfied: 0, sat level: -1; Type: RAW
on variable: A
Dependence polyhedron
15 12
0 -1 0 0 1 0 0 0 0 0 0 0 
0 -1 0 1 0 0 0 0 0 0 0 -2 
1 1 0 0 0 0 0 0 0 0 0 -1 
1 -1 0 0 0 0 0 1 0 0 0 -4 
1 0 0 0 0 0 0 1 0 0 0 -500 
1 0 1 0 0 0 0 0 0 0 0 0 
1 1 -1 0 0 0 0 0 0 0 0 -1 
1 0 0 0 0 0 0 0 0 1 0 -500 
1 -1 0 0 0 0 0 0 1 0 0 -3 
1 0 0 0 0 0 0 0 1 0 0 -400 
1 0 0 0 0 0 0 0 0 0 1 -500 
1 0 0 0 0 1 -1 0 0 0 0 -1 
1 0 0 0 0 0 1 0 0 0 0 -1 
1 0 0 0 0 -1 0 0 1 0 0 -1 
1 0 0 0 0 1 0 0 0 0 0 -2 

--- Dep 4 from S4 to S1; satisfied: 0, sat level: -1; Type: RAW
on variable: A
Dependence polyhedron
11 10
0 -1 0 1 0 0 0 0 0 -1 
1 1 0 0 0 0 0 0 0 -1 
1 -1 0 0 0 1 0 0 0 -5 
1 0 0 0 0 1 0 0 0 -500 
1 0 1 0 0 0 0 0 0 0 
1 0 -1 0 0 0 1 0 0 -1 
1 0 0 0 0 0 1 0 0 -400 
1 0 0 0 0 0 0 0 1 -500 
1 0 0 0 0 0 0 1 0 -500 
1 1 0 0 -1 0 0 0 0 0 
1 0 0 0 1 0 0 0 0 0 

--- Dep 5 from S3 to S3; satisfied: 0, sat level: -1; Type: RAW
on variable: A
Dependence polyhedron
12 10
0 -1 0 1 0 0 0 0 0 0 
1 1 0 0 0 0 0 0 0 -1 
1 -1 0 0 0 1 0 0 0 -4 
1 0 0 0 0 1 0 0 0 -500 
1 0 1 0 0 0 0 0 0 0 
1 1 -1 0 0 0 0 0 0 -1 
1 0 0 0 0 0 0 0 1 -500 
1 0 0 0 0 0 0 1 0 -500 
1 0 0 0 0 0 1 0 0 -400 
1 1 0 0 -1 0 0 0 0 -1 
1 0 0 0 1 0 0 0 0 0 
1 0 -1 0 1 0 0 0 0 -1 

--- Dep 6 from S1 to S2; satisfied: 0, sat level: -1; Type: RAW
on variable: A
Dependence polyhedron
12 11
0 0 -1 0 1 0 0 0 0 0 0 
0 -1 0 1 0 0 0 0 0 0 0 
1 1 0 0 0 0 0 0 0 0 -1 
1 -1 0 0 0 0 1 0 0 0 -4 
1 0 0 0 0 0 1 0 0 0 -500 
1 0 1 0 0 0 0 0 0 0 0 
1 1 -1 0 0 0 0 0 0 0 -1 
1 0 0 0 0 0 0 0 0 1 -500 
1 0 0 0 0 0 0 0 1 0 -500 
1 0 0 0 0 0 0 1 0 0 -400 
1 0 0 0 0 -1 0 1 0 0 -1 
1 0 0 0 0 1 0 0 0 0 -1 

--- Dep 7 from S2 to S3; satisfied: 0, sat level: -1; Type: RAW
on variable: A
Dependence polyhedron
13 11
0 -1 0 0 1 0 0 0 0 0 -1 
0 -1 0 1 0 0 0 0 0 0 -2 
1 1 0 0 0 0 0 0 0 0 -1 
1 -1 0 0 0 0 1 0 0 0 -5 
1 0 0 0 0 0 1 0 0 0 -500 
1 0 1 0 0 0 0 0 0 0 0 
1 1 -1 0 0 0 0 0 0 0 -1 
1 0 0 0 0 0 0 1 0 0 -400 
1 -1 0 0 0 0 0 1 0 0 -3 
1 0 0 0 0 0 0 0 1 0 -500 
1 0 0 0 0 0 0 0 0 1 -500 
1 1 0 0 0 -1 0 0 0 0 0 
1 0 0 0 0 1 0 0 0 0 0 

--- Dep 8 from S4 to S5; satisfied: 0, sat level: -1; Type: RAW
on variable: A
Dependence polyhedron
14 11
0 -1 0 1 0 0 0 0 0 0 0 
1 1 0 0 0 0 0 0 0 0 -1 
1 -1 0 0 0 0 1 0 0 0 -4 
1 0 0 0 0 0 1 0 0 0 -500 
1 0 1 0 0 0 0 0 0 0 0 
1 0 -1 0 0 0 0 1 0 0 -1 
1 0 0 0 0 0 0 1 0 0 -400 
1 0 0 0 0 0 0 0 0 1 -500 
1 0 0 0 0 0 0 0 1 0 -500 
1 0 0 0 1 -1 0 0 0 0 -1 
1 0 0 0 0 1 0 0 0 0 -1 
1 0 0 0 -1 0 0 1 0 0 -1 
1 0 0 0 1 0 0 0 0 0 -2 
1 0 -1 0 1 0 0 0 0 0 0 

--- Dep 9 from S4 to S3; satisfied: 0, sat level: -1; Type: RAW
on variable: A
Dependence polyhedron
11 10
0 -1 0 1 0 0 0 0 0 -1 
1 1 0 0 0 0 0 0 0 -1 
1 -1 0 0 0 1 0 0 0 -5 
1 0 0 0 0 1 0 0 0 -500 
1 0 1 0 0 0 0 0 0 0 
1 0 -1 0 0 0 1 0 0 -1 
1 0 0 0 0 0 1 0 0 -400 
1 0 0 0 0 0 0 0 1 -500 
1 0 0 0 0 0 0 1 0 -500 
1 1 0 0 -1 0 0 0 0 0 
1 0 0 0 1 0 0 0 0 0 

--- Dep 10 from S3 to S1; satisfied: 0, sat level: -1; Type: RAW
on variable: A
Dependence polyhedron
12 10
0 -1 0 1 0 0 0 0 0 0 
1 1 0 0 0 0 0 0 0 -1 
1 -1 0 0 0 1 0 0 0 -4 
1 0 0 0 0 1 0 0 0 -500 
1 0 1 0 0 0 0 0 0 0 
1 1 -1 0 0 0 0 0 0 -1 
1 0 0 0 0 0 0 0 1 -500 
1 0 0 0 0 0 0 1 0 -500 
1 0 0 0 0 0 1 0 0 -400 
1 1 0 0 -1 0 0 0 0 -1 
1 0 0 0 1 0 0 0 0 0 
1 0 -1 0 1 0 0 0 0 -1 

--- Dep 11 from S2 to S5; satisfied: 0, sat level: -1; Type: WAR
on variable: C
Dependence polyhedron
15 12
0 -1 0 0 0 0 1 0 0 0 0 -1 
0 -1 0 0 1 0 0 0 0 0 0 0 
0 -1 0 1 0 0 0 0 0 0 0 0 
1 1 0 0 0 0 0 0 0 0 0 -1 
1 -1 0 0 0 0 0 1 0 0 0 -4 
1 0 0 0 0 0 0 1 0 0 0 -500 
1 0 1 0 0 0 0 0 0 0 0 0 
1 1 -1 0 0 0 0 0 0 0 0 -1 
1 0 0 0 0 0 0 0 0 1 0 -500 
1 -1 0 0 0 0 0 0 1 0 0 -1 
1 0 0 0 0 0 0 0 1 0 0 -400 
1 0 0 0 0 0 0 0 0 0 1 -500 
1 -1 0 0 0 1 0 0 0 0 0 -2 
1 0 0 0 0 -1 0 0 1 0 0 -1 
1 0 0 0 0 1 0 0 0 0 0 -2 

--- Dep 12 from S2 to S2; satisfied: 0, sat level: -1; Type: WAR
on variable: A
Dependence polyhedron
14 12
0 0 0 -1 0 0 1 0 0 0 0 0 
0 -1 0 0 1 0 0 0 0 0 0 -1 
1 1 0 0 0 0 0 0 0 0 0 -1 
1 -1 0 0 0 0 0 1 0 0 0 -5 
1 0 0 0 0 0 0 1 0 0 0 -500 
1 0 1 0 0 0 0 0 0 0 0 0 
1 1 -1 0 0 0 0 0 0 0 0 -1 
1 0 0 1 0 0 0 0 0 0 0 -1 
1 0 0 -1 0 0 0 0 1 0 0 -1 
1 0 0 0 0 0 0 0 1 0 0 -400 
1 0 0 0 0 0 0 0 0 0 1 -500 
1 0 0 0 0 0 0 0 0 1 0 -500 
1 1 0 0 0 -1 0 0 0 0 0 0 
1 0 0 0 0 1 0 0 0 0 0 0 

--- Dep 13 from S3 to S3; satisfied: 0, sat level: -1; Type: WAR
on variable: A
Dependence polyhedron
12 10
0 -1 0 1 0 0 0 0 0 0 
1 1 0 0 0 0 0 0 0 -1 
1 -1 0 0 0 1 0 0 0 -4 
1 0 0 0 0 1 0 0 0 -500 
1 0 1 0 0 0 0 0 0 0 
1 1 -1 0 0 0 0 0 0 -1 
1 0 0 0 0 0 0 0 1 -500 
1 0 0 0 0 0 0 1 0 -500 
1 0 0 0 0 0 1 0 0 -400 
1 1 0 0 -1 0 0 0 0 -1 
1 0 0 0 1 0 0 0 0 0 
1 0 -1 0 1 0 0 0 0 -1 

--- Dep 14 from S4 to S2; satisfied: 0, sat level: -1; Type: WAR
on variable: A
Dependence polyhedron
13 11
0 -1 0 0 0 1 0 0 0 0 -2 
0 -1 0 1 0 0 0 0 0 0 -2 
1 1 0 0 0 0 0 0 0 0 -1 
1 -1 0 0 0 0 1 0 0 0 -6 
1 0 0 0 0 0 1 0 0 0 -500 
1 0 1 0 0 0 0 0 0 0 0 
1 0 -1 0 0 0 0 1 0 0 -1 
1 0 0 0 0 0 0 1 0 0 -400 
1 0 0 0 0 0 0 0 0 1 -500 
1 0 0 0 0 0 0 0 1 0 -500 
1 -1 0 0 0 0 0 1 0 0 -3 
1 1 0 0 -1 0 0 0 0 0 1 
1 0 0 0 1 0 0 0 0 0 0 

--- Dep 15 from S5 to S6; satisfied: 0, sat level: -1; Type: WAR
on variable: A
Dependence polyhedron
14 11
0 -1 0 0 0 1 0 0 0 0 0 
0 -1 0 0 1 0 0 0 0 0 -1 
1 1 0 0 0 0 0 0 0 0 -1 
1 -1 0 0 0 0 1 0 0 0 -4 
1 0 0 0 0 0 1 0 0 0 -500 
1 0 1 0 0 0 0 0 0 0 -2 
1 0 -1 0 0 0 0 1 0 0 -1 
1 0 0 0 0 0 0 1 0 0 -400 
1 0 0 1 0 0 0 0 0 0 -1 
1 0 1 -1 0 0 0 0 0 0 -1 
1 0 0 0 0 0 0 0 0 1 -500 
1 0 0 0 0 0 0 0 1 0 -500 
1 -1 0 0 0 0 0 0 0 1 -2 
1 -1 0 0 0 0 0 0 1 0 -2 

--- Dep 16 from S4 to S6; satisfied: 0, sat level: -1; Type: WAR
on variable: A
Dependence polyhedron
12 10
0 -1 0 0 1 0 0 0 0 0 
0 -1 0 1 0 0 0 0 0 -3 
1 1 0 0 0 0 0 0 0 -1 
1 -1 0 0 0 1 0 0 0 -4 
1 0 0 0 0 1 0 0 0 -500 
1 0 1 0 0 0 0 0 0 0 
1 0 -1 0 0 0 1 0 0 -1 
1 0 0 0 0 0 1 0 0 -400 
1 0 0 0 0 0 0 0 1 -500 
1 0 0 0 0 0 0 1 0 -500 
1 -1 0 0 0 0 0 0 1 -2 
1 -1 0 0 0 0 0 1 0 -4 

--- Dep 17 from S5 to S4; satisfied: 0, sat level: -1; Type: WAR
on variable: A
Dependence polyhedron
14 11
0 -1 0 0 1 0 0 0 0 0 0 
1 1 0 0 0 0 0 0 0 0 -1 
1 -1 0 0 0 0 1 0 0 0 -4 
1 0 0 0 0 0 1 0 0 0 -500 
1 0 1 0 0 0 0 0 0 0 -2 
1 0 -1 0 0 0 0 1 0 0 -1 
1 0 0 0 0 0 0 1 0 0 -400 
1 0 0 1 0 0 0 0 0 0 -1 
1 0 1 -1 0 0 0 0 0 0 -1 
1 0 0 0 0 0 0 0 0 1 -500 
1 0 0 0 0 0 0 0 1 0 -500 
1 0 0 0 0 -1 0 1 0 0 -1 
1 0 0 0 0 1 0 0 0 0 0 
1 0 -1 0 0 1 0 0 0 0 -1 

--- Dep 18 from S1 to S3; satisfied: 0, sat level: -1; Type: WAR
on variable: A
Dependence polyhedron
12 10
0 -1 0 1 0 0 0 0 0 0 
1 1 0 0 0 0 0 0 0 -1 
1 -1 0 0 0 1 0 0 0 -4 
1 0 0 0 0 1 0 0 0 -500 
1 0 1 0 0 0 0 0 0 0 
1 1 -1 0 0 0 0 0 0 -1 
1 0 0 0 0 0 0 0 1 -500 
1 0 0 0 0 0 0 1 0 -500 
1 0 0 0 0 0 1 0 0 -400 
1 1 0 0 -1 0 0 0 0 -1 
1 0 0 0 1 0 0 0 0 0 
1 0 -1 0 1 0 0 0 0 0 

--- Dep 19 from S1 to S6; satisfied: 0, sat level: -1; Type: WAR
on variable: A
Dependence polyhedron
12 10
0 -1 0 0 1 0 0 0 0 1 
0 -1 0 1 0 0 0 0 0 0 
1 1 0 0 0 0 0 0 0 -1 
1 -1 0 0 0 1 0 0 0 -4 
1 0 0 0 0 1 0 0 0 -500 
1 0 1 0 0 0 0 0 0 0 
1 1 -1 0 0 0 0 0 0 -1 
1 0 0 0 0 0 0 0 1 -500 
1 0 0 0 0 0 0 1 0 -500 
1 0 0 0 0 0 1 0 0 -400 
1 -1 0 0 0 0 0 0 1 -1 
1 -1 0 0 0 0 0 1 0 -1 

--- Dep 20 from S5 to S3; satisfied: 0, sat level: -1; Type: WAR
on variable: A
Dependence polyhedron
13 11
0 -1 0 0 1 0 0 0 0 0 -1 
1 1 0 0 0 0 0 0 0 0 -1 
1 -1 0 0 0 0 1 0 0 0 -5 
1 0 0 0 0 0 1 0 0 0 -500 
1 0 1 0 0 0 0 0 0 0 -2 
1 0 -1 0 0 0 0 1 0 0 -1 
1 0 0 0 0 0 0 1 0 0 -400 
1 0 0 1 0 0 0 0 0 0 -1 
1 0 1 -1 0 0 0 0 0 0 -1 
1 0 0 0 0 0 0 0 0 1 -500 
1 0 0 0 0 0 0 0 1 0 -500 
1 1 0 0 0 -1 0 0 0 0 0 
1 0 0 0 0 1 0 0 0 0 0 

--- Dep 21 from S2 to S4; satisfied: 0, sat level: -1; Type: WAR
on variable: A
Dependence polyhedron
13 11
0 -1 0 0 1 0 0 0 0 0 -1 
0 -1 0 1 0 0 0 0 0 0 -3 
1 1 0 0 0 0 0 0 0 0 -1 
1 -1 0 0 0 0 1 0 0 0 -5 
1 0 0 0 0 0 1 0 0 0 -500 
1 0 1 0 0 0 0 0 0 0 0 
1 1 -1 0 0 0 0 0 0 0 -1 
1 0 0 0 0 0 0 0 1 0 -500 
1 -1 0 0 0 0 0 1 0 0 -4 
1 0 0 0 0 0 0 1 0 0 -400 
1 0 0 0 0 0 0 0 0 1 -500 
1 0 0 0 0 -1 0 1 0 0 -1 
1 0 0 0 0 1 0 0 0 0 0 

--- Dep 22 from S2 to S6; satisfied: 0, sat level: -1; Type: WAR
on variable: A
Dependence polyhedron
15 11
0 0 0 -1 0 1 0 0 0 0 2 
0 -1 0 0 1 0 0 0 0 0 -2 
1 1 0 0 0 0 0 0 0 0 -1 
1 -1 0 0 0 0 1 0 0 0 -4 
1 0 0 0 0 0 1 0 0 0 -500 
1 0 1 0 0 0 0 0 0 0 0 
1 1 -1 0 0 0 0 0 0 0 -1 
1 0 0 1 0 0 0 0 0 0 -2 
1 0 0 -1 0 0 0 1 0 0 -1 
1 0 0 0 0 0 0 1 0 0 -400 
1 0 0 0 0 0 0 0 0 1 -500 
1 0 0 0 0 0 0 0 1 0 -500 
1 0 0 -1 0 0 0 0 0 1 0 
1 -1 0 0 0 0 0 0 1 0 -3 
1 1 0 -1 0 0 0 0 0 0 3 

--- Dep 23 from S4 to S6; satisfied: 0, sat level: -1; Type: WAR
on variable: A
Dependence polyhedron
12 10
0 -1 0 0 1 0 0 0 0 0 
0 -1 0 1 0 0 0 0 0 -3 
1 1 0 0 0 0 0 0 0 -1 
1 -1 0 0 0 1 0 0 0 -4 
1 0 0 0 0 1 0 0 0 -500 
1 0 1 0 0 0 0 0 0 0 
1 0 -1 0 0 0 1 0 0 -1 
1 0 0 0 0 0 1 0 0 -400 
1 0 0 0 0 0 0 0 1 -500 
1 0 0 0 0 0 0 1 0 -500 
1 -1 0 0 0 0 0 0 1 -2 
1 -1 0 0 0 0 0 1 0 -4 

--- Dep 24 from S2 to S1; satisfied: 0, sat level: -1; Type: WAR
on variable: A
Dependence polyhedron
14 11
0 -1 0 0 0 1 0 0 0 0 -2 
0 0 0 -1 1 0 0 0 0 0 1 
1 1 0 0 0 0 0 0 0 0 -1 
1 -1 0 0 0 0 1 0 0 0 -4 
1 0 0 0 0 0 1 0 0 0 -500 
1 0 1 0 0 0 0 0 0 0 0 
1 1 -1 0 0 0 0 0 0 0 -1 
1 0 0 1 0 0 0 0 0 0 -2 
1 0 0 -1 0 0 0 1 0 0 -1 
1 0 0 0 0 0 0 1 0 0 -400 
1 0 0 0 0 0 0 0 0 1 -500 
1 0 0 0 0 0 0 0 1 0 -500 
1 -1 0 1 0 0 0 0 0 0 -4 
1 0 0 -1 0 0 1 0 0 0 -3 

--- Dep 25 from S2 to S3; satisfied: 0, sat level: -1; Type: WAR
on variable: A
Dependence polyhedron
13 11
0 -1 0 0 1 0 0 0 0 0 -2 
0 -1 0 1 0 0 0 0 0 0 -3 
1 1 0 0 0 0 0 0 0 0 -1 
1 -1 0 0 0 0 1 0 0 0 -6 
1 0 0 0 0 0 1 0 0 0 -500 
1 0 1 0 0 0 0 0 0 0 0 
1 1 -1 0 0 0 0 0 0 0 -1 
1 0 0 0 0 0 0 1 0 0 -400 
1 -1 0 0 0 0 0 1 0 0 -4 
1 0 0 0 0 0 0 0 1 0 -500 
1 0 0 0 0 0 0 0 0 1 -500 
1 1 0 0 0 -1 0 0 0 0 1 
1 0 0 0 0 1 0 0 0 0 0 

--- Dep 26 from S3 to S6; satisfied: 0, sat level: -1; Type: WAR
on variable: A
Dependence polyhedron
12 10
0 -1 0 0 1 0 0 0 0 1 
0 -1 0 1 0 0 0 0 0 0 
1 1 0 0 0 0 0 0 0 -1 
1 -1 0 0 0 1 0 0 0 -4 
1 0 0 0 0 1 0 0 0 -500 
1 0 1 0 0 0 0 0 0 0 
1 1 -1 0 0 0 0 0 0 -1 
1 0 0 0 0 0 0 0 1 -500 
1 0 0 0 0 0 0 1 0 -500 
1 0 0 0 0 0 1 0 0 -400 
1 -1 0 0 0 0 0 0 1 -1 
1 -1 0 0 0 0 0 1 0 -1 

--- Dep 27 from S4 to S2; satisfied: 0, sat level: -1; Type: WAR
on variable: A
Dependence polyhedron
13 11
0 -1 0 0 0 1 0 0 0 0 -2 
0 -1 0 1 0 0 0 0 0 0 -2 
1 1 0 0 0 0 0 0 0 0 -1 
1 -1 0 0 0 0 1 0 0 0 -6 
1 0 0 0 0 0 1 0 0 0 -500 
1 0 1 0 0 0 0 0 0 0 0 
1 0 -1 0 0 0 0 1 0 0 -1 
1 0 0 0 0 0 0 1 0 0 -400 
1 0 0 0 0 0 0 0 0 1 -500 
1 0 0 0 0 0 0 0 1 0 -500 
1 -1 0 0 0 0 0 1 0 0 -3 
1 1 0 0 -1 0 0 0 0 0 1 
1 0 0 0 1 0 0 0 0 0 0 

--- Dep 28 from S2 to S2; satisfied: 0, sat level: -1; Type: WAW
on variable: A
Dependence polyhedron
15 12
0 0 0 -1 0 0 1 0 0 0 0 0 
0 -1 0 0 1 0 0 0 0 0 0 0 
1 1 0 0 0 0 0 0 0 0 0 -1 
1 -1 0 0 0 0 0 1 0 0 0 -4 
1 0 0 0 0 0 0 1 0 0 0 -500 
1 0 1 0 0 0 0 0 0 0 0 0 
1 1 -1 0 0 0 0 0 0 0 0 -1 
1 0 0 1 0 0 0 0 0 0 0 -1 
1 0 0 -1 0 0 0 0 1 0 0 -1 
1 0 0 0 0 0 0 0 1 0 0 -400 
1 0 0 0 0 0 0 0 0 0 1 -500 
1 0 0 0 0 0 0 0 0 1 0 -500 
1 1 0 0 0 -1 0 0 0 0 0 -1 
1 0 0 0 0 1 0 0 0 0 0 0 
1 0 -1 0 0 1 0 0 0 0 0 -1 

--- Dep 29 from S5 to S5; satisfied: 0, sat level: -1; Type: WAW
on variable: C
Dependence polyhedron
16 12
0 0 0 -1 0 0 1 0 0 0 0 0 
0 -1 0 0 1 0 0 0 0 0 0 0 
1 1 0 0 0 0 0 0 0 0 0 -1 
1 -1 0 0 0 0 0 1 0 0 0 -4 
1 0 0 0 0 0 0 1 0 0 0 -500 
1 0 1 0 0 0 0 0 0 0 0 -2 
1 0 -1 0 0 0 0 0 1 0 0 -1 
1 0 0 0 0 0 0 0 1 0 0 -400 
1 0 0 1 0 0 0 0 0 0 0 -1 
1 0 1 -1 0 0 0 0 0 0 0 -1 
1 0 0 0 0 0 0 0 0 0 1 -500 
1 0 0 0 0 0 0 0 0 1 0 -500 
1 0 0 -1 0 1 0 0 0 0 0 -1 
1 0 0 0 0 -1 0 0 1 0 0 -1 
1 0 0 0 0 1 0 0 0 0 0 -2 
1 0 -1 0 0 1 0 0 0 0 0 -1 

--- Dep 30 from S3 to S3; satisfied: 0, sat level: -1; Type: WAW
on variable: A
Dependence polyhedron
12 10
0 -1 0 1 0 0 0 0 0 0 
1 1 0 0 0 0 0 0 0 -1 
1 -1 0 0 0 1 0 0 0 -4 
1 0 0 0 0 1 0 0 0 -500 
1 0 1 0 0 0 0 0 0 0 
1 1 -1 0 0 0 0 0 0 -1 
1 0 0 0 0 0 0 0 1 -500 
1 0 0 0 0 0 0 1 0 -500 
1 0 0 0 0 0 1 0 0 -400 
1 1 0 0 -1 0 0 0 0 -1 
1 0 0 0 1 0 0 0 0 0 
1 0 -1 0 1 0 0 0 0 -1 

--- Dep 31 from S3 to S6; satisfied: 0, sat level: -1; Type: WAW
on variable: A
Dependence polyhedron
12 10
0 -1 0 0 1 0 0 0 0 1 
0 -1 0 1 0 0 0 0 0 0 
1 1 0 0 0 0 0 0 0 -1 
1 -1 0 0 0 1 0 0 0 -4 
1 0 0 0 0 1 0 0 0 -500 
1 0 1 0 0 0 0 0 0 0 
1 1 -1 0 0 0 0 0 0 -1 
1 0 0 0 0 0 0 0 1 -500 
1 0 0 0 0 0 0 1 0 -500 
1 0 0 0 0 0 1 0 0 -400 
1 -1 0 0 0 0 0 0 1 -1 
1 -1 0 0 0 0 0 1 0 -1 

--- Dep 32 from S2 to S4; satisfied: 0, sat level: -1; Type: WAW
on variable: A
Dependence polyhedron
13 11
0 -1 0 0 1 0 0 0 0 0 0 
0 -1 0 1 0 0 0 0 0 0 -2 
1 1 0 0 0 0 0 0 0 0 -1 
1 -1 0 0 0 0 1 0 0 0 -4 
1 0 0 0 0 0 1 0 0 0 -500 
1 0 1 0 0 0 0 0 0 0 0 
1 1 -1 0 0 0 0 0 0 0 -1 
1 0 0 0 0 0 0 0 1 0 -500 
1 -1 0 0 0 0 0 1 0 0 -3 
1 0 0 0 0 0 0 1 0 0 -400 
1 0 0 0 0 0 0 0 0 1 -500 
1 0 0 0 0 -1 0 1 0 0 -1 
1 0 0 0 0 1 0 0 0 0 0 

--- Dep 33 from S4 to S6; satisfied: 0, sat level: -1; Type: WAW
on variable: A
Dependence polyhedron
12 10
0 -1 0 0 1 0 0 0 0 0 
0 -1 0 1 0 0 0 0 0 -1 
1 1 0 0 0 0 0 0 0 -1 
1 -1 0 0 0 1 0 0 0 -4 
1 0 0 0 0 1 0 0 0 -500 
1 0 1 0 0 0 0 0 0 0 
1 0 -1 0 0 0 1 0 0 -1 
1 0 0 0 0 0 1 0 0 -400 
1 0 0 0 0 0 0 0 1 -500 
1 0 0 0 0 0 0 1 0 -500 
1 -1 0 0 0 0 0 0 1 -2 
1 -1 0 0 0 0 0 1 0 -2 

--- Dep 34 from S4 to S3; satisfied: 0, sat level: -1; Type: WAW
on variable: A
Dependence polyhedron
11 10
0 -1 0 1 0 0 0 0 0 -1 
1 1 0 0 0 0 0 0 0 -1 
1 -1 0 0 0 1 0 0 0 -5 
1 0 0 0 0 1 0 0 0 -500 
1 0 1 0 0 0 0 0 0 0 
1 0 -1 0 0 0 1 0 0 -1 
1 0 0 0 0 0 1 0 0 -400 
1 0 0 0 0 0 0 0 1 -500 
1 0 0 0 0 0 0 1 0 -500 
1 1 0 0 -1 0 0 0 0 0 
1 0 0 0 1 0 0 0 0 0 

--- Dep 35 from S2 to S1; satisfied: 0, sat level: -1; Type: WAW
on variable: A
Dependence polyhedron
14 11
0 -1 0 0 0 1 0 0 0 0 -1 
0 0 0 -1 1 0 0 0 0 0 1 
1 1 0 0 0 0 0 0 0 0 -1 
1 -1 0 0 0 0 1 0 0 0 -4 
1 0 0 0 0 0 1 0 0 0 -500 
1 0 1 0 0 0 0 0 0 0 0 
1 1 -1 0 0 0 0 0 0 0 -1 
1 0 0 1 0 0 0 0 0 0 -2 
1 0 0 -1 0 0 0 1 0 0 -1 
1 0 0 0 0 0 0 1 0 0 -400 
1 0 0 0 0 0 0 0 0 1 -500 
1 0 0 0 0 0 0 0 1 0 -500 
1 -1 0 1 0 0 0 0 0 0 -3 
1 0 0 -1 0 0 1 0 0 0 -3 

--- Dep 36 from S2 to S3; satisfied: 0, sat level: -1; Type: WAW
on variable: A
Dependence polyhedron
13 11
0 -1 0 0 1 0 0 0 0 0 -1 
0 -1 0 1 0 0 0 0 0 0 -2 
1 1 0 0 0 0 0 0 0 0 -1 
1 -1 0 0 0 0 1 0 0 0 -5 
1 0 0 0 0 0 1 0 0 0 -500 
1 0 1 0 0 0 0 0 0 0 0 
1 1 -1 0 0 0 0 0 0 0 -1 
1 0 0 0 0 0 0 1 0 0 -400 
1 -1 0 0 0 0 0 1 0 0 -3 
1 0 0 0 0 0 0 0 1 0 -500 
1 0 0 0 0 0 0 0 0 1 -500 
1 1 0 0 0 -1 0 0 0 0 0 
1 0 0 0 0 1 0 0 0 0 0 

--- Dep 37 from S4 to S4; satisfied: 0, sat level: -1; Type: WAW
on variable: A
Dependence polyhedron
12 10
0 -1 0 1 0 0 0 0 0 0 
1 1 0 0 0 0 0 0 0 -1 
1 -1 0 0 0 1 0 0 0 -4 
1 0 0 0 0 1 0 0 0 -500 
1 0 1 0 0 0 0 0 0 0 
1 0 -1 0 0 0 1 0 0 -1 
1 0 0 0 0 0 1 0 0 -400 
1 0 0 0 0 0 0 0 1 -500 
1 0 0 0 0 0 0 1 0 -500 
1 0 0 0 -1 0 1 0 0 -1 
1 0 0 0 1 0 0 0 0 0 
1 0 -1 0 1 0 0 0 0 -1 

--- Dep 38 from S2 to S6; satisfied: 0, sat level: -1; Type: WAW
on variable: A
Dependence polyhedron
15 11
0 0 0 -1 0 1 0 0 0 0 2 
0 -1 0 0 1 0 0 0 0 0 -1 
1 1 0 0 0 0 0 0 0 0 -1 
1 -1 0 0 0 0 1 0 0 0 -4 
1 0 0 0 0 0 1 0 0 0 -500 
1 0 1 0 0 0 0 0 0 0 0 
1 1 -1 0 0 0 0 0 0 0 -1 
1 0 0 1 0 0 0 0 0 0 -2 
1 0 0 -1 0 0 0 1 0 0 -1 
1 0 0 0 0 0 0 1 0 0 -400 
1 0 0 0 0 0 0 0 0 1 -500 
1 0 0 0 0 0 0 0 1 0 -500 
1 0 0 -1 0 0 0 0 0 1 0 
1 -1 0 0 0 0 0 0 1 0 -2 
1 1 0 -1 0 0 0 0 0 0 2 


[pluto] Unfortunately, the transformation computed has violated a dependence.
	Please make sure there is no inconsistent/illegal .fst file in your working directory.
	If not, this usually is a result of a bug in the dependence tester,
	or a bug in Pluto's auto transformation.
	Please send this input file to the author if possible.
T(S1): (0, i, j, 0, 4, 0, 0)
loop types (scalar, loop, loop, scalar, scalar, scalar, scalar)

T(S2): (0, i, j, zT3, k, 3, 0)
loop types (scalar, loop, loop, loop, loop, scalar, scalar)

T(S3): (0, i, j, 0, 5, 0, 0)
loop types (scalar, loop, loop, scalar, scalar, scalar, scalar)

T(S4): (0, i, i+l, 0, 2, 0, 0)
loop types (scalar, loop, loop, scalar, scalar, scalar, scalar)

T(S5): (0, i, i+l, zT3, m, 1, 0)
loop types (scalar, loop, loop, loop, loop, scalar, scalar)

T(S6): (1, zT2, zT3, n, o, 0, 0)
loop types (scalar, loop, loop, loop, loop, scalar, scalar)

t1 --> fwd_dep  scalar (band 0)no-ujam
t2 --> serial   loop   (band 0)no-ujam
t3 --> serial   loop   (band 1)no-ujam
t4 --> serial   loop   (band 2)no-ujam
t5 --> fwd_dep  loop   (band 3)no-ujam
t6 --> unknown  scalar (band -1)no-ujam
t7 --> unknown  scalar (band -1)no-ujam


Direction vectors for transformed program
Dep 1: S2 to S2: (0, +, +, *, *, 0, 0, ) satisfied: yes, satvec: (0, 1, 0, 0, 0, 0, 0, ), sat level: 1
Dep 2: S2 to S1: (0, +, *, -, *, -, 0, ) satisfied: yes, satvec: (0, 1, 0, 0, 0, 0, 0, ), sat level: 1
Dep 3: S2 to S5: (0, 0, +