[zyj-debug] Before affine transformations
nvar = 3, npar = 3
Parameters: PB_M PB_P PB_L 
S1 "A[j][i-1] = A[j][i-1] + A[j-1][i] + A[i+1][i] + B[j][j][k] + 6;"
ndims: 3; orig_depth: 3
iterators: i, j, k
Index set
8 8
1 1 0 0 0 0 0 -2 
1 -1 0 0 1 0 0 -2 
1 0 0 0 1 0 0 -4 
1 0 1 0 0 0 0 -1 
1 1 -1 0 0 0 0 -1 
1 0 0 1 0 0 0 0 
1 0 0 -1 0 1 0 -1 
1 0 0 0 0 1 0 -1 
T(S1): (0, i, 0, j, 0, k, 0)
loop types (loop, loop, loop, loop, loop, loop, loop)

Read accesses
A[j][i-1]
A[j-1][i]
A[i+1][i]
B[j][j][k]
Write accesses
A[j][i-1]
Original loop: 0 -> yes
Original loop: 1 -> yes
Original loop: 2 -> yes

S2 "C[i] = C[i-2] + 3;"
ndims: 1; orig_depth: 1
iterators: i
Index set
3 6
1 1 0 0 0 -2 
1 -1 1 0 0 -2 
1 0 1 0 0 -4 
T(S2): (0, i, 1, 0, 0, 0, 0)
loop types (loop, loop, loop, scalar, scalar, scalar, scalar)

Read accesses
C[i-2]
Write accesses
C[i]
Original loop: 0 -> yes

S3 "A[l][n] = 1;"
ndims: 3; orig_depth: 3
iterators: l, m, n
Index set
9 8
1 1 0 0 0 0 0 0 
1 -1 0 0 1 0 0 -1 
1 0 0 0 1 0 0 -1 
1 0 1 0 0 0 0 0 
1 1 -1 0 0 0 0 -1 
1 1 0 0 0 0 0 -1 
1 0 0 1 0 0 0 0 
1 0 0 -1 0 0 1 -1 
1 0 0 0 0 0 1 -1 
T(S3): (1, l, 0, m, 0, n, 0)
loop types (loop, loop, loop, loop, loop, loop, loop)

No Read accesses
Write accesses
A[l][n]
Original loop: 0 -> yes
Original loop: 1 -> yes
Original loop: 2 -> yes

S4 "C[l] = C[l] - C[l] + 6;"
ndims: 1; orig_depth: 1
iterators: l
Index set
3 6
1 1 0 0 0 0 
1 -1 1 0 0 -1 
1 0 1 0 0 -1 
T(S4): (1, l, 1, 0, 0, 0, 0)
loop types (loop, loop, loop, scalar, scalar, scalar, scalar)

Read accesses
C[l]
C[l]
Write accesses
C[l]
Original loop: 0 -> yes

S5 "C[p+1] = A[p+1][o] * A[o][o] * 5;"
ndims: 2; orig_depth: 2
iterators: o, p
Index set
6 7
1 1 0 0 0 0 -1 
1 -1 0 1 0 0 -1 
1 0 0 1 0 0 -2 
1 0 1 0 0 0 1 
1 0 -1 1 0 0 -2 
1 0 0 1 0 0 -1 
T(S5): (2, o, 0, p, 0, 0, 0)
loop types (loop, loop, loop, loop, loop, scalar, scalar)

Read accesses
A[p+1][o]
A[o][o]
Write accesses
C[p+1]
Original loop: 0 -> yes
Original loop: 1 -> yes

S6 "B[q][o-1][r] = B[q+2][o][r] - B[q][o][r] * 2;"
ndims: 3; orig_depth: 3
iterators: o, q, r
Index set
8 8
1 1 0 0 0 0 0 -1 
1 -1 0 0 1 0 0 -1 
1 0 0 0 1 0 0 -2 
1 0 1 0 0 0 0 0 
1 0 -1 0 1 0 0 -3 
1 0 0 0 1 0 0 -3 
1 0 0 1 0 0 0 0 
1 1 0 -1 0 0 0 -1 
T(S6): (2, o, 1, q, 0, r, 0)
loop types (loop, loop, loop, loop, loop, loop, loop)

Read accesses
B[q+2][o][r]
B[q][o][r]
Write accesses
B[q][o-1][r]
Original loop: 0 -> yes
Original loop: 1 -> yes
Original loop: 2 -> yes

--- Dep 1 from S1 to S5; satisfied: 0, sat level: -1; Type: RAW
on variable: A
Dependence polyhedron
12 10
0 0 -1 0 0 1 0 0 0 1 
0 -1 0 0 1 0 0 0 0 1 
1 1 0 0 0 0 0 0 0 -2 
1 -1 0 0 0 0 1 0 0 -2 
1 0 0 0 0 0 1 0 0 -500 
1 0 1 0 0 0 0 0 0 -1 
1 1 -1 0 0 0 0 0 0 -1 
1 0 0 1 0 0 0 0 0 0 
1 0 0 -1 0 0 0 1 0 -1 
1 0 0 0 0 0 0 1 0 -500 
1 0 0 0 0 0 0 0 1 -500 
1 0 -1 0 0 0 1 0 0 -1 

--- Dep 2 from S2 to S4; satisfied: 0, sat level: -1; Type: RAW
on variable: C
Dependence polyhedron
6 7
0 -1 1 0 0 0 0 
1 1 0 0 0 0 -2 
1 -1 0 1 0 0 -2 
1 0 0 1 0 0 -500 
1 0 0 0 1 0 -500 
1 0 0 0 0 1 -500 

--- Dep 3 from S1 to S1; satisfied: 0, sat level: -1; Type: RAW
on variable: A
Dependence polyhedron
14 11
0 0 -1 0 0 1 0 0 0 0 0 
0 -1 0 0 1 0 0 0 0 0 0 
1 1 0 0 0 0 0 0 0 0 -2 
1 -1 0 0 0 0 0 1 0 0 -2 
1 0 0 0 0 0 0 1 0 0 -500 
1 0 1 0 0 0 0 0 0 0 -1 
1 1 -1 0 0 0 0 0 0 0 -1 
1 0 0 1 0 0 0 0 0 0 0 
1 0 0 -1 0 0 0 0 1 0 -1 
1 0 0 0 0 0 0 0 1 0 -500 
1 0 0 0 0 0 0 0 0 1 -500 
1 0 0 0 0 0 -1 0 1 0 -1 
1 0 0 0 0 0 1 0 0 0 0 
1 0 0 -1 0 0 1 0 0 0 -1 

--- Dep 4 from S3 to S5; satisfied: 0, sat level: -1; Type: RAW
on variable: A
Dependence polyhedron
12 10
0 -1 0 0 0 1 0 0 0 1 
0 0 0 -1 1 0 0 0 0 0 
1 1 0 0 0 0 0 0 0 -1 
1 -1 0 0 0 0 1 0 0 -1 
1 0 0 0 0 0 1 0 0 -500 
1 0 1 0 0 0 0 0 0 0 
1 1 -1 0 0 0 0 0 0 -1 
1 0 0 0 0 0 0 0 1 -500 
1 0 0 1 0 0 0 0 0 -1 
1 0 0 -1 0 0 0 0 1 -1 
1 0 0 0 0 0 0 1 0 -500 
1 0 0 -1 0 0 1 0 0 -1 

--- Dep 5 from S2 to S4; satisfied: 0, sat level: -1; Type: RAW
on variable: C
Dependence polyhedron
6 7
0 -1 1 0 0 0 0 
1 1 0 0 0 0 -2 
1 -1 0 1 0 0 -2 
1 0 0 1 0 0 -500 
1 0 0 0 1 0 -500 
1 0 0 0 0 1 -500 

--- Dep 6 from S3 to S5; satisfied: 0, sat level: -1; Type: RAW
on variable: A
Dependence polyhedron
12 10
0 -1 0 0 1 0 0 0 0 0 
0 -1 0 1 0 0 0 0 0 0 
1 1 0 0 0 0 0 0 0 -1 
1 -1 0 0 0 0 1 0 0 -1 
1 0 0 0 0 0 1 0 0 -500 
1 0 1 0 0 0 0 0 0 0 
1 1 -1 0 0 0 0 0 0 -1 
1 0 0 0 0 0 0 0 1 -500 
1 0 0 0 0 0 0 1 0 -500 
1 -1 0 0 0 0 0 0 1 -1 
1 0 0 0 0 -1 1 0 0 -2 
1 0 0 0 0 1 0 0 0 1 

--- Dep 7 from S1 to S5; satisfied: 0, sat level: -1; Type: RAW
on variable: A
Dependence polyhedron
11 10
0 -1 0 0 1 0 0 0 0 1 
0 -1 1 0 0 0 0 0 0 1 
1 1 0 0 0 0 0 0 0 -2 
1 -1 0 0 0 0 1 0 0 -2 
1 0 0 0 0 0 1 0 0 -500 
1 0 0 0 0 0 0 0 1 -500 
1 0 0 0 0 1 0 0 0 1 
1 0 0 1 0 0 0 0 0 0 
1 0 0 -1 0 0 0 1 0 -1 
1 0 0 0 0 0 0 1 0 -500 
1 0 0 0 0 -1 1 0 0 -2 

--- Dep 8 from S2 to S2; satisfied: 0, sat level: -1; Type: RAW
on variable: C
Dependence polyhedron
6 7
0 -1 1 0 0 0 -2 
1 1 0 0 0 0 -2 
1 -1 0 1 0 0 -4 
1 0 0 1 0 0 -500 
1 0 0 0 1 0 -500 
1 0 0 0 0 1 -500 

--- Dep 9 from S4 to S5; satisfied: 0, sat level: -1; Type: WAR
on variable: C
Dependence polyhedron
8 8
0 -1 0 1 0 0 0 1 
1 1 0 0 0 0 0 0 
1 -1 0 0 1 0 0 -1 
1 0 0 0 1 0 0 -500 
1 0 0 0 0 1 0 -500 
1 0 0 0 0 0 1 -500 
1 0 1 0 0 0 0 -1 
1 0 -1 0 1 0 0 -1 

--- Dep 10 from S6 to S6; satisfied: 0, sat level: -1; Type: WAR
on variable: B
Dependence polyhedron
12 11
0 0 0 -1 0 0 1 0 0 0 0 
0 0 -1 0 0 1 0 0 0 0 -2 
0 -1 0 0 1 0 0 0 0 0 -1 
1 1 0 0 0 0 0 0 0 0 -1 
1 -1 0 0 0 0 0 1 0 0 -2 
1 0 0 0 0 0 0 1 0 0 -500 
1 0 1 0 0 0 0 0 0 0 0 
1 0 -1 0 0 0 0 1 0 0 -5 
1 1 0 -1 0 0 0 0 0 0 -1 
1 0 0 1 0 0 0 0 0 0 0 
1 0 0 0 0 0 0 0 1 0 -500 
1 0 0 0 0 0 0 0 0 1 -500 

--- Dep 11 from S4 to S5; satisfied: 0, sat level: -1; Type: WAR
on variable: C
Dependence polyhedron
8 8
0 -1 0 1 0 0 0 1 
1 1 0 0 0 0 0 0 
1 -1 0 0 1 0 0 -1 
1 0 0 0 1 0 0 -500 
1 0 0 0 0 1 0 -500 
1 0 0 0 0 0 1 -500 
1 0 1 0 0 0 0 -1 
1 0 -1 0 1 0 0 -1 

--- Dep 12 from S1 to S3; satisfied: 0, sat level: -1; Type: WAR
on variable: A
Dependence polyhedron
15 11
0 -1 0 0 0 0 1 0 0 0 0 
0 0 -1 0 1 0 0 0 0 0 1 
1 1 0 0 0 0 0 0 0 0 -2 
1 -1 0 0 0 0 0 1 0 0 -2 
1 0 0 0 0 0 0 1 0 0 -500 
1 0 1 0 0 0 0 0 0 0 -2 
1 1 -1 0 0 0 0 0 0 0 -1 
1 0 0 1 0 0 0 0 0 0 0 
1 0 0 -1 0 0 0 0 1 0 -1 
1 0 0 0 0 0 0 0 1 0 -500 
1 0 0 0 0 0 0 0 0 1 -500 
1 -1 0 0 0 0 0 0 0 1 -1 
1 0 -1 0 0 0 0 1 0 0 0 
1 0 1 0 0 -1 0 0 0 0 -2 
1 0 0 0 0 1 0 0 0 0 0 

--- Dep 13 from S1 to S6; satisfied: 0, sat level: -1; Type: WAR
on variable: B
Dependence polyhedron
14 11
0 0 0 -1 0 0 1 0 0 0 0 
0 0 -1 0 0 1 0 0 0 0 0 
0 0 -1 0 1 0 0 0 0 0 -1 
1 1 0 0 0 0 0 0 0 0 -2 
1 -1 0 0 0 0 0 1 0 0 -2 
1 0 0 0 0 0 0 1 0 0 -500 
1 0 1 0 0 0 0 0 0 0 -1 
1 1 -1 0 0 0 0 0 0 0 -1 
1 0 0 1 0 0 0 0 0 0 0 
1 0 0 -1 0 0 0 0 1 0 -1 
1 0 0 0 0 0 0 0 1 0 -500 
1 0 0 0 0 0 0 0 0 1 -500 
1 0 1 -1 0 0 0 0 0 0 0 
1 0 -1 0 0 0 0 1 0 0 -3 

--- Dep 14 from S2 to S4; satisfied: 0, sat level: -1; Type: WAR
on variable: C
Dependence polyhedron
6 7
0 -1 1 0 0 0 2 
1 1 0 0 0 0 -2 
1 -1 0 1 0 0 -2 
1 0 0 1 0 0 -500 
1 0 0 0 1 0 -500 
1 0 0 0 0 1 -500 

--- Dep 15 from S1 to S3; satisfied: 0, sat level: -1; Type: WAR
on variable: A
Dependence polyhedron
15 11
0 -1 0 0 0 0 1 0 0 0 1 
0 0 -1 0 1 0 0 0 0 0 0 
1 1 0 0 0 0 0 0 0 0 -2 
1 -1 0 0 0 0 0 1 0 0 -2 
1 0 0 0 0 0 0 1 0 0 -500 
1 0 1 0 0 0 0 0 0 0 -1 
1 1 -1 0 0 0 0 0 0 0 -1 
1 0 0 1 0 0 0 0 0 0 0 
1 0 0 -1 0 0 0 0 1 0 -1 
1 0 0 0 0 0 0 0 1 0 -500 
1 0 0 0 0 0 0 0 0 1 -500 
1 -1 0 0 0 0 0 0 0 1 0 
1 0 -1 0 0 0 0 1 0 0 -1 
1 0 1 0 0 -1 0 0 0 0 -1 
1 0 0 0 0 1 0 0 0 0 0 

--- Dep 16 from S2 to S5; satisfied: 0, sat level: -1; Type: WAR
on variable: C
Dependence polyhedron
8 8
0 -1 0 1 0 0 0 3 
1 1 0 0 0 0 0 -2 
1 -1 0 0 1 0 0 -2 
1 0 0 0 1 0 0 -500 
1 0 0 0 0 1 0 -500 
1 0 0 0 0 0 1 -500 
1 0 1 0 0 0 0 -1 
1 0 -1 0 1 0 0 -1 

--- Dep 17 from S6 to S6; satisfied: 0, sat level: -1; Type: WAR
on variable: B
Dependence polyhedron
12 11
0 0 0 -1 0 0 1 0 0 0 0 
0 0 -1 0 0 1 0 0 0 0 0 
0 -1 0 0 1 0 0 0 0 0 -1 
1 1 0 0 0 0 0 0 0 0 -1 
1 -1 0 0 0 0 0 1 0 0 -2 
1 0 0 0 0 0 0 1 0 0 -500 
1 0 1 0 0 0 0 0 0 0 0 
1 0 -1 0 0 0 0 1 0 0 -3 
1 1 0 -1 0 0 0 0 0 0 -1 
1 0 0 1 0 0 0 0 0 0 0 
1 0 0 0 0 0 0 0 1 0 -500 
1 0 0 0 0 0 0 0 0 1 -500 

--- Dep 18 from S1 to S1; satisfied: 0, sat level: -1; Type: WAR
on variable: A
Dependence polyhedron
13 11
0 0 -1 0 0 1 0 0 0 0 1 
0 -1 0 0 1 0 0 0 0 0 -1 
1 1 0 0 0 0 0 0 0 0 -2 
1 -1 0 0 0 0 0 1 0 0 -3 
1 0 0 0 0 0 0 1 0 0 -500 
1 0 1 0 0 0 0 0 0 0 -2 
1 1 -1 0 0 0 0 0 0 0 -1 
1 0 0 1 0 0 0 0 0 0 0 
1 0 0 -1 0 0 0 0 1 0 -1 
1 0 0 0 0 0 0 0 1 0 -500 
1 0 0 0 0 0 0 0 0 1 -500 
1 0 0 0 0 0 -1 0 1 0 -1 
1 0 0 0 0 0 1 0 0 0 0 

--- Dep 19 from S1 to S1; satisfied: 0, sat level: -1; Type: WAR
on variable: A
Dependence polyhedron
14 11
0 0 -1 0 0 1 0 0 0 0 0 
0 -1 0 0 1 0 0 0 0 0 0 
1 1 0 0 0 0 0 0 0 0 -2 
1 -1 0 0 0 0 0 1 0 0 -2 
1 0 0 0 0 0 0 1 0 0 -500 
1 0 1 0 0 0 0 0 0 0 -1 
1 1 -1 0 0 0 0 0 0 0 -1 
1 0 0 1 0 0 0 0 0 0 0 
1 0 0 -1 0 0 0 0 1 0 -1 
1 0 0 0 0 0 0 0 1 0 -500 
1 0 0 0 0 0 0 0 0 1 -500 
1 0 0 0 0 0 -1 0 1 0 -1 
1 0 0 0 0 0 1 0 0 0 0 
1 0 0 -1 0 0 1 0 0 0 -1 

--- Dep 20 from S1 to S3; satisfied: 0, sat level: -1; Type: WAR
on variable: A
Dependence polyhedron
14 11
0 -1 0 0 0 0 1 0 0 0 0 
0 -1 0 0 1 0 0 0 0 0 -1 
1 1 0 0 0 0 0 0 0 0 -2 
1 -1 0 0 0 0 0 1 0 0 -2 
1 0 0 0 0 0 0 1 0 0 -500 
1 0 1 0 0 0 0 0 0 0 -1 
1 1 -1 0 0 0 0 0 0 0 -1 
1 0 0 1 0 0 0 0 0 0 0 
1 0 0 -1 0 0 0 0 1 0 -1 
1 0 0 0 0 0 0 0 1 0 -500 
1 0 0 0 0 0 0 0 0 1 -500 
1 -1 0 0 0 0 0 0 0 1 -1 
1 1 0 0 0 -1 0 0 0 0 0 
1 0 0 0 0 1 0 0 0 0 0 

--- Dep 21 from S1 to S1; satisfied: 0, sat level: -1; Type: WAW
on variable: A
Dependence polyhedron
14 11
0 0 -1 0 0 1 0 0 0 0 0 
0 -1 0 0 1 0 0 0 0 0 0 
1 1 0 0 0 0 0 0 0 0 -2 
1 -1 0 0 0 0 0 1 0 0 -2 
1 0 0 0 0 0 0 1 0 0 -500 
1 0 1 0 0 0 0 0 0 0 -1 
1 1 -1 0 0 0 0 0 0 0 -1 
1 0 0 1 0 0 0 0 0 0 0 
1 0 0 -1 0 0 0 0 1 0 -1 
1 0 0 0 0 0 0 0 1 0 -500 
1 0 0 0 0 0 0 0 0 1 -500 
1 0 0 0 0 0 -1 0 1 0 -1 
1 0 0 0 0 0 1 0 0 0 0 
1 0 0 -1 0 0 1 0 0 0 -1 

--- Dep 22 from S5 to S5; satisfied: 0, sat level: -1; Type: WAW
on variable: C
Dependence polyhedron
11 9
0 0 -1 0 1 0 0 0 0 
1 1 0 0 0 0 0 0 -1 
1 -1 0 0 0 1 0 0 -1 
1 0 0 0 0 1 0 0 -500 
1 0 1 0 0 0 0 0 1 
1 0 -1 0 0 1 0 0 -2 
1 0 0 0 0 0 1 0 -500 
1 0 0 0 0 0 0 1 -500 
1 0 0 1 0 0 0 0 -1 
1 0 0 -1 0 1 0 0 -1 
1 -1 0 1 0 0 0 0 -1 

--- Dep 23 from S4 to S5; satisfied: 0, sat level: -1; Type: WAW
on variable: C
Dependence polyhedron
8 8
0 -1 0 1 0 0 0 1 
1 1 0 0 0 0 0 0 
1 -1 0 0 1 0 0 -1 
1 0 0 0 1 0 0 -500 
1 0 0 0 0 1 0 -500 
1 0 0 0 0 0 1 -500 
1 0 1 0 0 0 0 -1 
1 0 -1 0 1 0 0 -1 

--- Dep 24 from S1 to S3; satisfied: 0, sat level: -1; Type: WAW
on variable: A
Dependence polyhedron
15 11
0 -1 0 0 0 0 1 0 0 0 1 
0 0 -1 0 1 0 0 0 0 0 0 
1 1 0 0 0 0 0 0 0 0 -2 
1 -1 0 0 0 0 0 1 0 0 -2 
1 0 0 0 0 0 0 1 0 0 -500 
1 0 1 0 0 0 0 0 0 0 -1 
1 1 -1 0 0 0 0 0 0 0 -1 
1 0 0 1 0 0 0 0 0 0 0 
1 0 0 -1 0 0 0 0 1 0 -1 
1 0 0 0 0 0 0 0 1 0 -500 
1 0 0 0 0 0 0 0 0 1 -500 
1 -1 0 0 0 0 0 0 0 1 0 
1 0 -1 0 0 0 0 1 0 0 -1 
1 0 1 0 0 -1 0 0 0 0 -1 
1 0 0 0 0 1 0 0 0 0 0 

--- Dep 25 from S2 to S5; satisfied: 0, sat level: -1; Type: WAW
on variable: C
Dependence polyhedron
8 8
0 -1 0 1 0 0 0 1 
1 1 0 0 0 0 0 -2 
1 -1 0 0 1 0 0 -2 
1 0 0 0 1 0 0 -500 
1 0 0 0 0 1 0 -500 
1 0 0 0 0 0 1 -500 
1 0 1 0 0 0 0 -1 
1 0 -1 0 1 0 0 -1 

--- Dep 26 from S2 to S4; satisfied: 0, sat level: -1; Type: WAW
on variable: C
Dependence polyhedron
6 7
0 -1 1 0 0 0 0 
1 1 0 0 0 0 -2 
1 -1 0 1 0 0 -2 
1 0 0 1 0 0 -500 
1 0 0 0 1 0 -500 
1 0 0 0 0 1 -500 

--- Dep 27 from S3 to S3; satisfied: 0, sat level: -1; Type: WAW
on variable: A
Dependence polyhedron
14 11
0 0 0 -1 0 0 1 0 0 0 0 
0 -1 0 0 1 0 0 0 0 0 0 
1 1 0 0 0 0 0 0 0 0 -1 
1 -1 0 0 0 0 0 1 0 0 -1 
1 0 0 0 0 0 0 1 0 0 -500 
1 0 1 0 0 0 0 0 0 0 0 
1 1 -1 0 0 0 0 0 0 0 -1 
1 0 0 0 0 0 0 0 0 1 -500 
1 0 0 1 0 0 0 0 0 0 0 
1 0 0 -1 0 0 0 0 0 1 -1 
1 0 0 0 0 0 0 0 1 0 -500 
1 1 0 0 0 -1 0 0 0 0 -1 
1 0 0 0 0 1 0 0 0 0 0 
1 0 -1 0 0 1 0 0 0 0 -1 


[zyj-debug] After affine transformations
T(S1): (1, 1, 0, 0, zT3+zT4, zT4, i, i+j, k, 0)
loop types (scalar, scalar, scalar, scalar, loop, loop, loop, loop, loop, scalar)

T(S2): (0, 0, 0, 0, i, 0, 0, 0, 0, 0)
loop types (scalar, scalar, scalar, scalar, loop, scalar, scalar, scalar, scalar, scalar)

T(S3): (1, 1, 1, 1, zT3, zT4, zT5, l, m, n)
loop types (scalar, scalar, scalar, scalar, loop, loop, loop, loop, loop, loop)

T(S4): (0, 1, 0, 0, zT1, l, 0, 0, 0, 0)
loop types (scalar, scalar, scalar, scalar, loop, loop, scalar, scalar, scalar, scalar)

T(S5): (2, 0, 0, 0, zT2, zT3, p, o, 0, 0)
loop types (scalar, scalar, scalar, scalar, loop, loop, loop, loop, scalar, scalar)

T(S6): (1, 1, 0, 1, zT3+zT4, zT4, zT5, o, q, r)
loop types (scalar, scalar, scalar, scalar, loop, loop, loop, loop, loop, loop)

t1 --> fwd_dep  scalar (band 0)no-ujam
t2 --> fwd_dep  scalar (band 0)no-ujam
t3 --> fwd_dep  scalar (band 0)no-ujam
t4 --> fwd_dep  scalar (band 0)no-ujam
t5 --> fwd_dep  loop   (band 0)no-ujam
t6 --> fwd_dep  loop   (band 0)no-ujam
t7 --> fwd_dep  loop   (band 0)no-ujam
t8 --> fwd_dep  loop   (band 0)no-ujam
t9 --> fwd_dep  loop   (band 1)no-ujam
t10 --> parallel loop   (band 1)no-ujam

