[zyj-debug] Before affine transformations
nvar = 3, npar = 4
Parameters: PB_N PB_Q PB_P PB_L 
S1 "A[i] = A[i] + A[i+2] * B[i+1] - 1;"
ndims: 1; orig_depth: 1
iterators: i
Index set
3 7
1 1 0 0 0 0 -2 
1 -1 1 0 0 0 -3 
1 0 1 0 0 0 -5 
T(S1): (0, i, 0, 0, 0, 0, 0)
loop types (loop, loop, loop, scalar, scalar, scalar, scalar)

Read accesses
A[i]
A[i+2]
B[i+1]
Write accesses
A[i]
Original loop: 0 -> yes

S2 "C[i][j] = C[i-2][j-1] + C[i][j+2] - D[i][j] - 6;"
ndims: 2; orig_depth: 2
iterators: i, j
Index set
5 8
1 1 0 0 0 0 0 -2 
1 -1 0 1 0 0 0 -3 
1 0 0 1 0 0 0 -5 
1 0 1 0 0 0 0 -1 
1 1 -1 0 0 0 0 -1 
T(S2): (0, i, 1, j, 0, 0, 0)
loop types (loop, loop, loop, loop, loop, scalar, scalar)

Read accesses
C[i-2][j-1]
C[i][j+2]
D[i][j]
Write accesses
C[i][j]
Original loop: 0 -> yes
Original loop: 1 -> yes

S3 "B[i] = A[i] - B[i-2] + 1;"
ndims: 1; orig_depth: 1
iterators: i
Index set
3 7
1 1 0 0 0 0 -2 
1 -1 1 0 0 0 -3 
1 0 1 0 0 0 -5 
T(S3): (0, i, 2, 0, 0, 0, 0)
loop types (loop, loop, loop, scalar, scalar, scalar, scalar)

Read accesses
A[i]
B[i-2]
Write accesses
B[i]
Original loop: 0 -> yes

S4 "A[k] = A[k] * A[k] - B[k-1] * 5;"
ndims: 1; orig_depth: 1
iterators: k
Index set
3 7
1 1 0 0 0 0 -1 
1 -1 1 0 0 0 -1 
1 0 1 0 0 0 -2 
T(S4): (1, k, 0, 0, 0, 0, 0)
loop types (loop, loop, loop, scalar, scalar, scalar, scalar)

Read accesses
A[k]
A[k]
B[k-1]
Write accesses
A[k]
Original loop: 0 -> yes

S5 "E[m][l][l] = E[m][l][l] * 2;"
ndims: 3; orig_depth: 3
iterators: k, l, m
Index set
9 9
1 1 0 0 0 0 0 0 -1 
1 -1 0 0 1 0 0 0 -1 
1 0 0 0 1 0 0 0 -2 
1 0 1 0 0 0 0 0 0 
1 0 -1 0 0 1 0 0 -1 
1 0 0 0 0 1 0 0 -1 
1 0 0 1 0 0 0 0 0 
1 0 1 -1 0 0 0 0 -1 
1 0 1 0 0 0 0 0 -1 
T(S5): (1, k, 1, l, 0, m, 0)
loop types (loop, loop, loop, loop, loop, loop, loop)

Read accesses
E[m][l][l]
Write accesses
E[m][l][l]
Original loop: 0 -> yes
Original loop: 1 -> yes
Original loop: 2 -> yes

S6 "C[o][n+1] = C[o][n+1] + C[o][n+1] * D[n][o] + D[n+1][n-1] + 5;"
ndims: 2; orig_depth: 2
iterators: n, o
Index set
6 8
1 1 0 0 0 0 0 -1 
1 -1 0 0 0 1 0 -2 
1 0 0 0 0 1 0 -3 
1 0 1 0 0 0 0 0 
1 0 -1 0 0 0 1 -1 
1 0 0 0 0 0 1 -1 
T(S6): (2, n, 0, o, 0, 0, 0)
loop types (loop, loop, loop, loop, loop, scalar, scalar)

Read accesses
C[o][n+1]
C[o][n+1]
D[n][o]
D[n+1][n-1]
Write accesses
C[o][n+1]
Original loop: 0 -> yes
Original loop: 1 -> yes

--- Dep 1 from S3 to S4; satisfied: 0, sat level: -1; Type: RAW
on variable: B
Dependence polyhedron
7 8
0 -1 1 0 0 0 0 -1 
1 1 0 0 0 0 0 -2 
1 -1 0 1 0 0 0 -3 
1 0 0 1 0 0 0 -300 
1 0 0 0 1 0 0 -300 
1 0 0 0 0 0 1 -300 
1 0 0 0 0 1 0 -400 

--- Dep 2 from S3 to S3; satisfied: 0, sat level: -1; Type: RAW
on variable: B
Dependence polyhedron
7 8
0 -1 1 0 0 0 0 -2 
1 1 0 0 0 0 0 -2 
1 -1 0 1 0 0 0 -5 
1 0 0 1 0 0 0 -300 
1 0 0 0 1 0 0 -300 
1 0 0 0 0 0 1 -300 
1 0 0 0 0 1 0 -400 

--- Dep 3 from S5 to S5; satisfied: 0, sat level: -1; Type: RAW
on variable: E
Dependence polyhedron
15 12
0 0 0 -1 0 0 1 0 0 0 0 0 
0 0 -1 0 0 1 0 0 0 0 0 0 
1 1 0 0 0 0 0 0 0 0 0 -1 
1 -1 0 0 0 0 0 1 0 0 0 -1 
1 0 0 0 0 0 0 1 0 0 0 -300 
1 0 1 0 0 0 0 0 0 0 0 -1 
1 0 -1 0 0 0 0 0 1 0 0 -1 
1 0 0 0 0 0 0 0 1 0 0 -300 
1 0 0 1 0 0 0 0 0 0 0 0 
1 0 1 -1 0 0 0 0 0 0 0 -1 
1 0 0 0 0 0 0 0 0 1 0 -400 
1 0 0 0 0 0 0 0 0 0 1 -300 
1 0 0 0 1 0 0 0 0 0 0 -1 
1 0 0 0 -1 0 0 1 0 0 0 -1 
1 -1 0 0 1 0 0 0 0 0 0 -1 

--- Dep 4 from S2 to S6; satisfied: 0, sat level: -1; Type: RAW
on variable: C
Dependence polyhedron
12 10
0 -1 0 0 1 0 0 0 0 0 
0 0 -1 1 0 0 0 0 0 1 
1 1 0 0 0 0 0 0 0 -2 
1 -1 0 0 0 1 0 0 0 -3 
1 0 0 0 0 1 0 0 0 -300 
1 0 1 0 0 0 0 0 0 -2 
1 1 -1 0 0 0 0 0 0 -1 
1 0 0 0 0 0 1 0 0 -300 
1 0 0 0 0 0 0 0 1 -300 
1 0 0 0 0 0 0 1 0 -400 
1 -1 0 0 0 0 0 0 1 -1 
1 0 -1 0 0 0 0 1 0 -1 

--- Dep 5 from S1 to S4; satisfied: 0, sat level: -1; Type: RAW
on variable: A
Dependence polyhedron
7 8
0 -1 1 0 0 0 0 0 
1 1 0 0 0 0 0 -2 
1 -1 0 1 0 0 0 -3 
1 0 0 1 0 0 0 -300 
1 0 0 0 1 0 0 -300 
1 0 0 0 0 0 1 -300 
1 0 0 0 0 1 0 -400 

--- Dep 6 from S1 to S3; satisfied: 0, sat level: -1; Type: RAW
on variable: A
Dependence polyhedron
7 8
0 -1 1 0 0 0 0 0 
1 1 0 0 0 0 0 -2 
1 -1 0 1 0 0 0 -3 
1 0 0 1 0 0 0 -300 
1 0 0 0 1 0 0 -300 
1 0 0 0 0 0 1 -300 
1 0 0 0 0 1 0 -400 

--- Dep 7 from S1 to S4; satisfied: 0, sat level: -1; Type: RAW
on variable: A
Dependence polyhedron
7 8
0 -1 1 0 0 0 0 0 
1 1 0 0 0 0 0 -2 
1 -1 0 1 0 0 0 -3 
1 0 0 1 0 0 0 -300 
1 0 0 0 1 0 0 -300 
1 0 0 0 0 0 1 -300 
1 0 0 0 0 1 0 -400 

--- Dep 8 from S2 to S6; satisfied: 0, sat level: -1; Type: RAW
on variable: C
Dependence polyhedron
12 10
0 -1 0 0 1 0 0 0 0 0 
0 0 -1 1 0 0 0 0 0 1 
1 1 0 0 0 0 0 0 0 -2 
1 -1 0 0 0 1 0 0 0 -3 
1 0 0 0 0 1 0 0 0 -300 
1 0 1 0 0 0 0 0 0 -2 
1 1 -1 0 0 0 0 0 0 -1 
1 0 0 0 0 0 1 0 0 -300 
1 0 0 0 0 0 0 0 1 -300 
1 0 0 0 0 0 0 1 0 -400 
1 -1 0 0 0 0 0 0 1 -1 
1 0 -1 0 0 0 0 1 0 -1 

--- Dep 9 from S2 to S2; satisfied: 0, sat level: -1; Type: RAW
on variable: C
Dependence polyhedron
10 10
0 0 -1 0 1 0 0 0 0 -1 
0 -1 0 1 0 0 0 0 0 -2 
1 1 0 0 0 0 0 0 0 -2 
1 -1 0 0 0 1 0 0 0 -5 
1 0 0 0 0 1 0 0 0 -300 
1 0 1 0 0 0 0 0 0 -1 
1 1 -1 0 0 0 0 0 0 -1 
1 0 0 0 0 0 1 0 0 -300 
1 0 0 0 0 0 0 0 1 -300 
1 0 0 0 0 0 0 1 0 -400 

--- Dep 10 from S1 to S4; satisfied: 0, sat level: -1; Type: WAR
on variable: A
Dependence polyhedron
7 8
0 -1 1 0 0 0 0 0 
1 1 0 0 0 0 0 -2 
1 -1 0 1 0 0 0 -3 
1 0 0 1 0 0 0 -300 
1 0 0 0 1 0 0 -300 
1 0 0 0 0 0 1 -300 
1 0 0 0 0 1 0 -400 

--- Dep 11 from S2 to S6; satisfied: 0, sat level: -1; Type: WAR
on variable: C
Dependence polyhedron
12 10
0 -1 0 0 1 0 0 0 0 0 
0 0 -1 1 0 0 0 0 0 -1 
1 1 0 0 0 0 0 0 0 -2 
1 -1 0 0 0 1 0 0 0 -3 
1 0 0 0 0 1 0 0 0 -300 
1 0 1 0 0 0 0 0 0 -1 
1 1 -1 0 0 0 0 0 0 -1 
1 0 0 0 0 0 1 0 0 -300 
1 0 0 0 0 0 0 0 1 -300 
1 0 0 0 0 0 0 1 0 -400 
1 -1 0 0 0 0 0 0 1 -1 
1 0 -1 0 0 0 0 1 0 -3 

--- Dep 12 from S3 to S4; satisfied: 0, sat level: -1; Type: WAR
on variable: A
Dependence polyhedron
7 8
0 -1 1 0 0 0 0 0 
1 1 0 0 0 0 0 -2 
1 -1 0 1 0 0 0 -3 
1 0 0 1 0 0 0 -300 
1 0 0 0 1 0 0 -300 
1 0 0 0 0 0 1 -300 
1 0 0 0 0 1 0 -400 

--- Dep 13 from S1 to S1; satisfied: 0, sat level: -1; Type: WAR
on variable: A
Dependence polyhedron
7 8
0 -1 1 0 0 0 0 -2 
1 1 0 0 0 0 0 -2 
1 -1 0 1 0 0 0 -5 
1 0 0 1 0 0 0 -300 
1 0 0 0 1 0 0 -300 
1 0 0 0 0 0 1 -300 
1 0 0 0 0 1 0 -400 

--- Dep 14 from S1 to S3; satisfied: 0, sat level: -1; Type: WAR
on variable: B
Dependence polyhedron
7 8
0 -1 1 0 0 0 0 -1 
1 1 0 0 0 0 0 -2 
1 -1 0 1 0 0 0 -4 
1 0 0 1 0 0 0 -300 
1 0 0 0 1 0 0 -300 
1 0 0 0 0 0 1 -300 
1 0 0 0 0 1 0 -400 

--- Dep 15 from S2 to S6; satisfied: 0, sat level: -1; Type: WAR
on variable: C
Dependence polyhedron
12 10
0 -1 0 0 1 0 0 0 0 2 
0 0 -1 1 0 0 0 0 0 2 
1 1 0 0 0 0 0 0 0 -2 
1 -1 0 0 0 1 0 0 0 -3 
1 0 0 0 0 1 0 0 0 -300 
1 0 1 0 0 0 0 0 0 -3 
1 1 -1 0 0 0 0 0 0 -1 
1 0 0 0 0 0 1 0 0 -300 
1 0 0 0 0 0 0 0 1 -300 
1 0 0 0 0 0 0 1 0 -400 
1 -1 0 0 0 0 0 0 1 1 
1 0 -1 0 0 0 0 1 0 0 

--- Dep 16 from S5 to S5; satisfied: 0, sat level: -1; Type: WAR
on variable: E
Dependence polyhedron
15 12
0 0 0 -1 0 0 1 0 0 0 0 0 
0 0 -1 0 0 1 0 0 0 0 0 0 
1 1 0 0 0 0 0 0 0 0 0 -1 
1 -1 0 0 0 0 0 1 0 0 0 -1 
1 0 0 0 0 0 0 1 0 0 0 -300 
1 0 1 0 0 0 0 0 0 0 0 -1 
1 0 -1 0 0 0 0 0 1 0 0 -1 
1 0 0 0 0 0 0 0 1 0 0 -300 
1 0 0 1 0 0 0 0 0 0 0 0 
1 0 1 -1 0 0 0 0 0 0 0 -1 
1 0 0 0 0 0 0 0 0 1 0 -400 
1 0 0 0 0 0 0 0 0 0 1 -300 
1 0 0 0 1 0 0 0 0 0 0 -1 
1 0 0 0 -1 0 0 1 0 0 0 -1 
1 -1 0 0 1 0 0 0 0 0 0 -1 

--- Dep 17 from S1 to S4; satisfied: 0, sat level: -1; Type: WAR
on variable: A
Dependence polyhedron
7 8
0 -1 1 0 0 0 0 -2 
1 1 0 0 0 0 0 -2 
1 -1 0 1 0 0 0 -3 
1 0 0 1 0 0 0 -300 
1 0 0 0 1 0 0 -300 
1 0 0 0 0 0 1 -300 
1 0 0 0 0 1 0 -400 

--- Dep 18 from S2 to S2; satisfied: 0, sat level: -1; Type: WAR
on variable: C
Dependence polyhedron
10 10
0 0 -1 0 1 0 0 0 0 -2 
0 -1 0 1 0 0 0 0 0 0 
1 1 0 0 0 0 0 0 0 -2 
1 -1 0 0 0 1 0 0 0 -3 
1 0 0 0 0 1 0 0 0 -300 
1 0 1 0 0 0 0 0 0 -1 
1 1 -1 0 0 0 0 0 0 -3 
1 0 0 0 0 0 1 0 0 -300 
1 0 0 0 0 0 0 0 1 -300 
1 0 0 0 0 0 0 1 0 -400 

--- Dep 19 from S2 to S6; satisfied: 0, sat level: -1; Type: WAW
on variable: C
Dependence polyhedron
12 10
0 -1 0 0 1 0 0 0 0 0 
0 0 -1 1 0 0 0 0 0 1 
1 1 0 0 0 0 0 0 0 -2 
1 -1 0 0 0 1 0 0 0 -3 
1 0 0 0 0 1 0 0 0 -300 
1 0 1 0 0 0 0 0 0 -2 
1 1 -1 0 0 0 0 0 0 -1 
1 0 0 0 0 0 1 0 0 -300 
1 0 0 0 0 0 0 0 1 -300 
1 0 0 0 0 0 0 1 0 -400 
1 -1 0 0 0 0 0 0 1 -1 
1 0 -1 0 0 0 0 1 0 -1 

--- Dep 20 from S1 to S4; satisfied: 0, sat level: -1; Type: WAW
on variable: A
Dependence polyhedron
7 8
0 -1 1 0 0 0 0 0 
1 1 0 0 0 0 0 -2 
1 -1 0 1 0 0 0 -3 
1 0 0 1 0 0 0 -300 
1 0 0 0 1 0 0 -300 
1 0 0 0 0 0 1 -300 
1 0 0 0 0 1 0 -400 

--- Dep 21 from S5 to S5; satisfied: 0, sat level: -1; Type: WAW
on variable: E
Dependence polyhedron
15 12
0 0 0 -1 0 0 1 0 0 0 0 0 
0 0 -1 0 0 1 0 0 0 0 0 0 
1 1 0 0 0 0 0 0 0 0 0 -1 
1 -1 0 0 0 0 0 1 0 0 0 -1 
1 0 0 0 0 0 0 1 0 0 0 -300 
1 0 1 0 0 0 0 0 0 0 0 -1 
1 0 -1 0 0 0 0 0 1 0 0 -1 
1 0 0 0 0 0 0 0 1 0 0 -300 
1 0 0 1 0 0 0 0 0 0 0 0 
1 0 1 -1 0 0 0 0 0 0 0 -1 
1 0 0 0 0 0 0 0 0 1 0 -400 
1 0 0 0 0 0 0 0 0 0 1 -300 
1 0 0 0 1 0 0 0 0 0 0 -1 
1 0 0 0 -1 0 0 1 0 0 0 -1 
1 -1 0 0 1 0 0 0 0 0 0 -1 


[zyj-debug] After affine transformations
T(S1): (zT1, 0, 0, i, 0, 0, 3)
loop types (loop, scalar, scalar, loop, scalar, scalar, scalar)

T(S2): (zT2, zT3, 0, i, j, 0, 1)
loop types (loop, loop, scalar, loop, loop, scalar, scalar)

T(S3): (zT1, 0, 0, i, 0, 0, 4)
loop types (loop, scalar, scalar, loop, scalar, scalar, scalar)

T(S4): (zT1, 0, 0, k, 0, 0, 5)
loop types (loop, scalar, scalar, loop, scalar, scalar, scalar)

T(S5): (zT3, zT4, zT5, l, m, k, 0)
loop types (loop, loop, loop, loop, loop, loop, scalar)

T(S6): (zT2, zT3, 0, o+2, n+2, 0, 2)
loop types (loop, loop, scalar, loop, loop, scalar, scalar)

t1 --> fwd_dep  loop   (band 0)no-ujam
t2 --> fwd_dep  loop   (band 0)no-ujam
t3 --> fwd_dep  loop   (band 0)no-ujam
t4 --> fwd_dep  loop   (band 0)no-ujam
t5 --> fwd_dep  loop   (band 0)no-ujam
t6 --> fwd_dep  loop   (band 0)no-ujam
t7 --> fwd_dep  scalar (band 0)no-ujam

