[zyj-debug] Before affine transformations
nvar = 3, npar = 3
Parameters: PB_N PB_Q PB_M 
S1 "A[i][j] = A[i][j] * A[i-2][j] - 5;"
ndims: 2; orig_depth: 2
iterators: i, j
Index set
6 7
1 1 0 0 0 0 -2 
1 -1 0 1 0 0 -2 
1 0 0 1 0 0 -4 
1 0 1 0 0 0 0 
1 0 -1 1 0 0 -1 
1 0 0 1 0 0 -1 
T(S1): (0, i, 0, j, 0, 0, 0)
loop types (loop, loop, loop, loop, loop, scalar, scalar)

Read accesses
A[i][j]
A[i-2][j]
Write accesses
A[i][j]
Original loop: 0 -> yes
Original loop: 1 -> yes

S2 "A[k][i] = A[i][k+1] + A[k+1][k-1] + 2;"
ndims: 2; orig_depth: 2
iterators: i, k
Index set
6 7
1 1 0 0 0 0 -2 
1 -1 0 1 0 0 -2 
1 0 0 1 0 0 -4 
1 0 1 0 0 0 -1 
1 1 -1 0 0 0 -1 
1 0 -1 1 0 0 -3 
T(S2): (0, i, 1, k, 0, 0, 0)
loop types (loop, loop, loop, loop, loop, scalar, scalar)

Read accesses
A[i][k+1]
A[k+1][k-1]
Write accesses
A[k][i]
Original loop: 0 -> yes
Original loop: 1 -> yes

S3 "A[i][k] = A[i][k] - A[i-1][k+2] * B[i-1] * 6;"
ndims: 2; orig_depth: 2
iterators: i, k
Index set
6 7
1 1 0 0 0 0 -2 
1 -1 0 1 0 0 -2 
1 0 0 1 0 0 -4 
1 0 1 0 0 0 -1 
1 1 -1 0 0 0 -1 
1 0 -1 1 0 0 -3 
T(S3): (0, i, 1, k, 1, 0, 0)
loop types (loop, loop, loop, loop, loop, scalar, scalar)

Read accesses
A[i][k]
A[i-1][k+2]
B[i-1]
Write accesses
A[i][k]
Original loop: 0 -> yes
Original loop: 1 -> yes

S4 "B[i+1] = B[i] + 6;"
ndims: 1; orig_depth: 1
iterators: i
Index set
3 6
1 1 0 0 0 -2 
1 -1 1 0 0 -2 
1 0 1 0 0 -4 
T(S4): (0, i, 2, 0, 0, 0, 0)
loop types (loop, loop, loop, scalar, scalar, scalar, scalar)

Read accesses
B[i]
Write accesses
B[i+1]
Original loop: 0 -> yes

S5 "C[m+1][n][n] = 4;"
ndims: 3; orig_depth: 3
iterators: l, m, n
Index set
8 8
1 1 0 0 0 0 0 0 
1 -1 0 0 0 1 0 -1 
1 0 0 0 0 1 0 -1 
1 0 1 0 0 0 0 1 
1 0 -1 0 0 0 1 -2 
1 0 0 0 0 0 1 -1 
1 0 0 1 0 0 0 0 
1 0 0 -1 0 1 0 -1 
T(S5): (1, l, 0, m, 0, n, 0)
loop types (loop, loop, loop, loop, loop, loop, loop)

No Read accesses
Write accesses
C[m+1][n][n]
Original loop: 0 -> yes
Original loop: 1 -> yes
Original loop: 2 -> yes

S6 "C[o][o-1][q] = C[o][o-3][q-1] + 3;"
ndims: 3; orig_depth: 3
iterators: o, p, q
Index set
9 8
1 1 0 0 0 0 0 -3 
1 -1 0 0 0 0 1 -1 
1 0 0 0 0 0 1 -4 
1 0 1 0 0 0 0 0 
1 0 -1 0 0 1 0 -1 
1 0 0 0 0 1 0 -1 
1 0 0 1 0 0 0 -1 
1 0 0 -1 0 1 0 -1 
1 0 0 0 0 1 0 -2 
T(S6): (2, o, 0, p, 0, q, 0)
loop types (loop, loop, loop, loop, loop, loop, loop)

Read accesses
C[o][o-3][q-1]
Write accesses
C[o][o-1][q]
Original loop: 0 -> yes
Original loop: 1 -> yes
Original loop: 2 -> yes

--- Dep 1 from S2 to S1; satisfied: 0, sat level: -1; Type: RAW
on variable: A
Dependence polyhedron
8 9
0 -1 0 0 1 0 0 0 0 
0 -1 0 1 0 0 0 0 -1 
0 -1 1 0 0 0 0 0 1 
1 1 0 0 0 0 0 0 -2 
1 -1 0 0 0 1 0 0 -3 
1 0 0 0 0 1 0 0 -500 
1 0 0 0 0 0 1 0 -300 
1 0 0 0 0 0 0 1 -400 

--- Dep 2 from S1 to S2; satisfied: 0, sat level: -1; Type: RAW
on variable: A
Dependence polyhedron
10 9
0 -1 0 0 1 0 0 0 1 
0 -1 1 0 0 0 0 0 2 
1 1 0 0 0 0 0 0 -2 
1 -1 0 0 0 1 0 0 -2 
1 0 0 0 0 1 0 0 -500 
1 0 0 0 0 0 0 1 -400 
1 0 0 0 0 0 1 0 -300 
1 -1 0 1 0 0 0 0 0 
1 0 0 -1 0 1 0 0 -2 
1 0 0 1 0 0 0 0 -2 

--- Dep 3 from S4 to S4; satisfied: 0, sat level: -1; Type: RAW
on variable: B
Dependence polyhedron
6 7
0 -1 1 0 0 0 -1 
1 1 0 0 0 0 -2 
1 -1 0 1 0 0 -3 
1 0 0 1 0 0 -500 
1 0 0 0 1 0 -300 
1 0 0 0 0 1 -400 

--- Dep 4 from S4 to S3; satisfied: 0, sat level: -1; Type: RAW
on variable: B
Dependence polyhedron
9 8
0 -1 1 0 0 0 0 -2 
1 1 0 0 0 0 0 -2 
1 -1 0 0 1 0 0 -4 
1 0 0 0 1 0 0 -500 
1 0 0 0 0 1 0 -300 
1 0 0 0 0 0 1 -400 
1 0 0 -1 1 0 0 -3 
1 1 0 -1 0 0 0 1 
1 0 0 1 0 0 0 -1 

--- Dep 5 from S1 to S3; satisfied: 0, sat level: -1; Type: RAW
on variable: A
Dependence polyhedron
10 9
0 0 -1 0 1 0 0 0 0 
0 -1 0 1 0 0 0 0 0 
1 1 0 0 0 0 0 0 -2 
1 -1 0 0 0 1 0 0 -2 
1 0 0 0 0 1 0 0 -500 
1 0 1 0 0 0 0 0 -1 
1 0 -1 0 0 1 0 0 -3 
1 0 0 0 0 0 1 0 -300 
1 0 0 0 0 0 0 1 -400 
1 1 -1 0 0 0 0 0 -1 

--- Dep 6 from S1 to S3; satisfied: 0, sat level: -1; Type: RAW
on variable: A
Dependence polyhedron
10 9
0 0 -1 0 1 0 0 0 2 
0 -1 0 1 0 0 0 0 -1 
1 1 0 0 0 0 0 0 -2 
1 -1 0 0 0 1 0 0 -3 
1 0 0 0 0 1 0 0 -500 
1 0 1 0 0 0 0 0 -3 
1 0 -1 0 0 1 0 0 -1 
1 0 0 0 0 0 1 0 -300 
1 0 0 0 0 0 0 1 -400 
1 1 -1 0 0 0 0 0 2 

--- Dep 7 from S1 to S1; satisfied: 0, sat level: -1; Type: RAW
on variable: A
Dependence polyhedron
9 9
0 0 -1 0 1 0 0 0 0 
0 -1 0 1 0 0 0 0 -2 
1 1 0 0 0 0 0 0 -2 
1 -1 0 0 0 1 0 0 -4 
1 0 0 0 0 1 0 0 -500 
1 0 1 0 0 0 0 0 0 
1 0 -1 0 0 1 0 0 -1 
1 0 0 0 0 0 1 0 -300 
1 0 0 0 0 0 0 1 -400 

--- Dep 8 from S3 to S1; satisfied: 0, sat level: -1; Type: RAW
on variable: A
Dependence polyhedron
10 9
0 0 -1 0 1 0 0 0 0 
0 -1 0 1 0 0 0 0 -2 
1 1 0 0 0 0 0 0 -2 
1 -1 0 0 0 1 0 0 -4 
1 0 0 0 0 1 0 0 -500 
1 0 1 0 0 0 0 0 -1 
1 1 -1 0 0 0 0 0 -1 
1 0 -1 0 0 1 0 0 -3 
1 0 0 0 0 0 1 0 -300 
1 0 0 0 0 0 0 1 -400 

--- Dep 9 from S3 to S3; satisfied: 0, sat level: -1; Type: RAW
on variable: A
Dependence polyhedron
10 9
0 0 -1 0 1 0 0 0 2 
0 -1 0 1 0 0 0 0 -1 
1 1 0 0 0 0 0 0 -2 
1 -1 0 0 0 1 0 0 -3 
1 0 0 0 0 1 0 0 -500 
1 0 1 0 0 0 0 0 -3 
1 1 -1 0 0 0 0 0 -1 
1 0 -1 0 0 1 0 0 -3 
1 0 0 0 0 0 1 0 -300 
1 0 0 0 0 0 0 1 -400 

--- Dep 10 from S5 to S6; satisfied: 0, sat level: -1; Type: RAW
on variable: C
Dependence polyhedron
13 11
0 0 -1 0 0 0 1 0 0 0 1 
0 0 -1 0 1 0 0 0 0 0 -1 
0 0 -1 1 0 0 0 0 0 0 2 
1 1 0 0 0 0 0 0 0 0 0 
1 -1 0 0 0 0 0 0 1 0 -1 
1 0 0 0 0 0 0 0 1 0 -300 
1 0 1 0 0 0 0 0 0 0 -2 
1 0 -1 0 0 0 0 0 0 1 -2 
1 0 0 0 0 0 0 0 0 1 -400 
1 0 0 0 0 0 0 1 0 0 -500 
1 0 -1 0 0 0 0 0 1 0 0 
1 0 0 0 0 -1 0 0 1 0 -1 
1 0 0 0 0 1 0 0 0 0 0 

--- Dep 11 from S3 to S2; satisfied: 0, sat level: -1; Type: RAW
on variable: A
Dependence polyhedron
8 9
0 -1 0 0 1 0 0 0 1 
0 -1 1 0 0 0 0 0 2 
1 1 0 0 0 0 0 0 -3 
1 -1 0 1 0 0 0 0 0 
1 0 0 0 0 1 0 0 -500 
1 0 0 0 0 0 0 1 -400 
1 0 0 -1 0 1 0 0 -2 
1 0 0 0 0 0 1 0 -300 

--- Dep 12 from S1 to S2; satisfied: 0, sat level: -1; Type: RAW
on variable: A
Dependence polyhedron
10 9
0 0 -1 0 1 0 0 0 1 
0 -1 0 1 0 0 0 0 0 
1 1 0 0 0 0 0 0 -2 
1 -1 0 0 0 1 0 0 -2 
1 0 0 0 0 1 0 0 -500 
1 0 1 0 0 0 0 0 -2 
1 0 -1 0 0 1 0 0 -2 
1 0 0 0 0 0 1 0 -300 
1 0 0 0 0 0 0 1 -400 
1 1 -1 0 0 0 0 0 0 

--- Dep 13 from S2 to S3; satisfied: 0, sat level: -1; Type: WAR
on variable: A
Dependence polyhedron
10 9
0 0 -1 0 1 0 0 0 -1 
0 -1 0 1 0 0 0 0 0 
1 1 0 0 0 0 0 0 -2 
1 -1 0 0 0 1 0 0 -2 
1 0 0 0 0 1 0 0 -500 
1 0 1 0 0 0 0 0 -1 
1 1 -1 0 0 0 0 0 -2 
1 0 -1 0 0 1 0 0 -4 
1 0 0 0 0 0 1 0 -300 
1 0 0 0 0 0 0 1 -400 

--- Dep 14 from S1 to S2; satisfied: 0, sat level: -1; Type: WAR
on variable: A
Dependence polyhedron
10 9
0 -1 0 0 1 0 0 0 2 
0 0 -1 1 0 0 0 0 0 
1 1 0 0 0 0 0 0 -3 
1 -1 0 0 0 1 0 0 -2 
1 0 0 0 0 1 0 0 -500 
1 0 1 0 0 0 0 0 -2 
1 0 -1 0 0 1 0 0 -2 
1 0 0 0 0 0 1 0 -300 
1 0 0 0 0 0 0 1 -400 
1 -1 1 0 0 0 0 0 0 

--- Dep 15 from S1 to S2; satisfied: 0, sat level: -1; Type: WAR
on variable: A
Dependence polyhedron
10 9
0 -1 0 0 1 0 0 0 0 
0 0 -1 1 0 0 0 0 0 
1 1 0 0 0 0 0 0 -2 
1 -1 0 0 0 1 0 0 -3 
1 0 0 0 0 1 0 0 -500 
1 0 1 0 0 0 0 0 -2 
1 0 -1 0 0 1 0 0 -2 
1 0 0 0 0 0 1 0 -300 
1 0 0 0 0 0 0 1 -400 
1 -1 1 0 0 0 0 0 -1 

--- Dep 16 from S1 to S3; satisfied: 0, sat level: -1; Type: WAR
on variable: A
Dependence polyhedron
10 9
0 0 -1 0 1 0 0 0 0 
0 -1 0 1 0 0 0 0 0 
1 1 0 0 0 0 0 0 -2 
1 -1 0 0 0 1 0 0 -2 
1 0 0 0 0 1 0 0 -500 
1 0 1 0 0 0 0 0 -1 
1 0 -1 0 0 1 0 0 -3 
1 0 0 0 0 0 1 0 -300 
1 0 0 0 0 0 0 1 -400 
1 1 -1 0 0 0 0 0 -1 

--- Dep 17 from S3 to S2; satisfied: 0, sat level: -1; Type: WAR
on variable: A
Dependence polyhedron
8 9
0 -1 0 0 1 0 0 0 1 
0 -1 0 1 0 0 0 0 -1 
0 -1 1 0 0 0 0 0 1 
1 1 0 0 0 0 0 0 -2 
1 -1 0 0 0 1 0 0 -3 
1 0 0 0 0 1 0 0 -500 
1 0 0 0 0 0 1 0 -300 
1 0 0 0 0 0 0 1 -400 

--- Dep 18 from S3 to S2; satisfied: 0, sat level: -1; Type: WAR
on variable: A
Dependence polyhedron
8 9
0 -1 0 0 1 0 0 0 1 
0 -1 0 1 0 0 0 0 0 
0 -1 1 0 0 0 0 0 2 
1 1 0 0 0 0 0 0 -3 
1 -1 0 0 0 1 0 0 -2 
1 0 0 0 0 1 0 0 -500 
1 0 0 0 0 0 1 0 -300 
1 0 0 0 0 0 0 1 -400 

--- Dep 19 from S1 to S2; satisfied: 0, sat level: -1; Type: WAW
on variable: A
Dependence polyhedron
10 9
0 -1 0 0 1 0 0 0 0 
0 0 -1 1 0 0 0 0 0 
1 1 0 0 0 0 0 0 -2 
1 -1 0 0 0 1 0 0 -3 
1 0 0 0 0 1 0 0 -500 
1 0 1 0 0 0 0 0 -2 
1 0 -1 0 0 1 0 0 -2 
1 0 0 0 0 0 1 0 -300 
1 0 0 0 0 0 0 1 -400 
1 -1 1 0 0 0 0 0 -1 

--- Dep 20 from S5 to S6; satisfied: 0, sat level: -1; Type: WAW
on variable: C
Dependence polyhedron
13 11
0 0 -1 0 0 0 1 0 0 0 0 
0 0 -1 0 1 0 0 0 0 0 -1 
0 0 -1 1 0 0 0 0 0 0 0 
1 1 0 0 0 0 0 0 0 0 0 
1 -1 0 0 0 0 0 0 1 0 -1 
1 0 0 0 0 0 0 0 1 0 -300 
1 0 1 0 0 0 0 0 0 0 -2 
1 0 -1 0 0 0 0 0 0 1 -2 
1 0 0 0 0 0 0 0 0 1 -400 
1 0 0 0 0 0 0 1 0 0 -500 
1 0 -1 0 0 0 0 0 1 0 -1 
1 0 0 0 0 -1 0 0 1 0 -1 
1 0 0 0 0 1 0 0 0 0 0 

--- Dep 21 from S6 to S6; satisfied: 0, sat level: -1; Type: WAW
on variable: C
Dependence polyhedron
14 11
0 0 0 -1 0 0 1 0 0 0 0 
0 -1 0 0 1 0 0 0 0 0 0 
1 1 0 0 0 0 0 0 0 0 -3 
1 -1 0 0 0 0 0 0 0 1 -1 
1 0 0 0 0 0 0 0 0 1 -400 
1 0 1 0 0 0 0 0 0 0 0 
1 0 -1 0 0 0 0 0 1 0 -1 
1 0 0 0 0 0 0 0 1 0 -300 
1 0 0 1 0 0 0 0 0 0 -1 
1 0 0 -1 0 0 0 0 1 0 -1 
1 0 0 0 0 0 0 1 0 0 -500 
1 0 0 0 0 -1 0 0 1 0 -1 
1 0 0 0 0 1 0 0 0 0 0 
1 0 -1 0 0 1 0 0 0 0 -1 

--- Dep 22 from S5 to S5; satisfied: 0, sat level: -1; Type: WAW
on variable: C
Dependence polyhedron
14 11
0 0 0 -1 0 0 1 0 0 0 0 
0 0 -1 0 0 1 0 0 0 0 0 
1 1 0 0 0 0 0 0 0 0 0 
1 -1 0 0 0 0 0 0 1 0 -1 
1 0 0 0 0 0 0 0 1 0 -300 
1 0 1 0 0 0 0 0 0 0 1 
1 0 -1 0 0 0 0 0 0 1 -2 
1 0 0 0 0 0 0 0 0 1 -400 
1 0 0 1 0 0 0 0 0 0 0 
1 0 0 -1 0 0 0 0 1 0 -1 
1 0 0 0 0 0 0 1 0 0 -500 
1 0 0 0 1 0 0 0 0 0 0 
1 0 0 0 -1 0 0 0 1 0 -1 
1 -1 0 0 1 0 0 0 0 0 -1 

--- Dep 23 from S1 to S3; satisfied: 0, sat level: -1; Type: WAW
on variable: A
Dependence polyhedron
10 9
0 0 -1 0 1 0 0 0 0 
0 -1 0 1 0 0 0 0 0 
1 1 0 0 0 0 0 0 -2 
1 -1 0 0 0 1 0 0 -2 
1 0 0 0 0 1 0 0 -500 
1 0 1 0 0 0 0 0 -1 
1 0 -1 0 0 1 0 0 -3 
1 0 0 0 0 0 1 0 -300 
1 0 0 0 0 0 0 1 -400 
1 1 -1 0 0 0 0 0 -1 


[zyj-debug] After affine transformations
T(S1): (2, zT2+zT3, zT3, i, 2i+j, 0, 3)
loop types (scalar, loop, loop, loop, loop, scalar, scalar)

T(S2): (2, zT2+zT3, zT3, i, 2i+k+2, 0, 4)
loop types (scalar, loop, loop, loop, loop, scalar, scalar)

T(S3): (2, zT2+zT3, zT3, i, 2i+k+1, 0, 5)
loop types (scalar, loop, loop, loop, loop, scalar, scalar)

T(S4): (1, i, 0, 0, 2, 0, 0)
loop types (scalar, loop, scalar, scalar, scalar, scalar, scalar)

T(S5): (0, zT3+zT4, zT4, m, n, l, 1)
loop types (scalar, loop, loop, loop, loop, loop, scalar)

T(S6): (0, zT3+zT4, zT4, o, q, p, 0)
loop types (scalar, loop, loop, loop, loop, loop, scalar)

t1 --> fwd_dep  scalar (band 0)no-ujam
t2 --> fwd_dep  loop   (band 0)no-ujam
t3 --> fwd_dep  loop   (band 0)no-ujam
t4 --> fwd_dep  loop   (band 0)no-ujam
t5 --> fwd_dep  loop   (band 0)no-ujam
t6 --> fwd_dep  loop   (band 1)no-ujam
t7 --> serial   scalar (band 1)no-ujam

