[zyj-debug] Before affine transformations
nvar = 3, npar = 2
Parameters: PB_M PB_P 
S1 "A[i] = A[i-2] + B[i] - 4;"
ndims: 1; orig_depth: 1
iterators: i
Index set
3 5
1 1 0 0 -2 
1 -1 1 0 -1 
1 0 1 0 -3 
T(S1): (0, i, 0, 0, 0, 0, 0)
loop types (loop, loop, loop, scalar, scalar, scalar, scalar)

Read accesses
A[i-2]
B[i]
Write accesses
A[i]
Original loop: 0 -> yes

S2 "C[k][j][l] = C[k][j][l-2] - 2;"
ndims: 3; orig_depth: 3
iterators: j, k, l
Index set
9 7
1 1 0 0 0 0 0 
1 -1 0 0 1 0 -2 
1 0 0 0 1 0 -2 
1 0 1 0 0 0 0 
1 0 -1 0 1 0 -1 
1 0 0 0 1 0 -1 
1 0 0 1 0 0 -2 
1 0 0 -1 0 1 -1 
1 0 0 0 0 1 -3 
T(S2): (1, j, 0, k, 0, l, 0)
loop types (loop, loop, loop, loop, loop, loop, loop)

Read accesses
C[k][j][l-2]
Write accesses
C[k][j][l]
Original loop: 0 -> yes
Original loop: 1 -> yes
Original loop: 2 -> yes

S3 "B[j+1] = A[j+1] * 5;"
ndims: 1; orig_depth: 1
iterators: j
Index set
3 5
1 1 0 0 0 
1 -1 1 0 -2 
1 0 1 0 -2 
T(S3): (1, j, 1, 0, 0, 0, 0)
loop types (loop, loop, loop, scalar, scalar, scalar, scalar)

Read accesses
A[j+1]
Write accesses
B[j+1]
Original loop: 0 -> yes

S4 "D[m][j] = 4;"
ndims: 2; orig_depth: 2
iterators: j, m
Index set
6 6
1 1 0 0 0 0 
1 -1 0 1 0 -2 
1 0 0 1 0 -2 
1 0 1 0 0 0 
1 0 -1 1 0 -1 
1 0 0 1 0 -1 
T(S4): (1, j, 2, m, 0, 0, 0)
loop types (loop, loop, loop, loop, loop, scalar, scalar)

No Read accesses
Write accesses
D[m][j]
Original loop: 0 -> yes
Original loop: 1 -> yes

S5 "E[n+1][n][p] = 2;"
ndims: 3; orig_depth: 3
iterators: n, o, p
Index set
9 7
1 1 0 0 0 0 0 
1 -1 0 0 1 0 -2 
1 0 0 0 1 0 -2 
1 0 1 0 0 0 0 
1 0 -1 0 0 1 -1 
1 0 0 0 0 1 -1 
1 0 0 1 0 0 0 
1 0 1 -1 0 0 -1 
1 0 1 0 0 0 -1 
T(S5): (2, n, 0, o, 0, p, 0)
loop types (loop, loop, loop, loop, loop, loop, loop)

No Read accesses
Write accesses
E[n+1][n][p]
Original loop: 0 -> yes
Original loop: 1 -> yes
Original loop: 2 -> yes

S6 "E[r][n+1][q] = 3;"
ndims: 3; orig_depth: 3
iterators: n, q, r
Index set
9 7
1 1 0 0 0 0 0 
1 -1 0 0 1 0 -2 
1 0 0 0 1 0 -2 
1 0 1 0 0 0 0 
1 1 -1 0 0 0 -1 
1 1 0 0 0 0 -1 
1 0 0 1 0 0 0 
1 0 0 -1 1 0 -1 
1 0 0 0 1 0 -1 
T(S6): (2, n, 1, q, 0, r, 0)
loop types (loop, loop, loop, loop, loop, loop, loop)

No Read accesses
Write accesses
E[r][n+1][q]
Original loop: 0 -> yes
Original loop: 1 -> yes
Original loop: 2 -> yes

--- Dep 1 from S2 to S2; satisfied: 0, sat level: -1; Type: RAW
on variable: C
Dependence polyhedron
11 10
0 0 0 -1 0 0 1 0 0 -2 
0 0 -1 0 0 1 0 0 0 0 
0 -1 0 0 1 0 0 0 0 0 
1 1 0 0 0 0 0 0 0 0 
1 -1 0 0 0 0 0 1 0 -2 
1 0 0 0 0 0 0 1 0 -400 
1 0 1 0 0 0 0 0 0 0 
1 0 -1 0 0 0 0 1 0 -1 
1 0 0 0 0 0 0 0 1 -500 
1 0 0 1 0 0 0 0 0 -2 
1 0 0 -1 0 0 0 0 1 -3 

--- Dep 2 from S1 to S1; satisfied: 0, sat level: -1; Type: RAW
on variable: A
Dependence polyhedron
5 6
0 -1 1 0 0 -2 
1 1 0 0 0 -2 
1 -1 0 1 0 -3 
1 0 0 1 0 -400 
1 0 0 0 1 -500 

--- Dep 3 from S1 to S3; satisfied: 0, sat level: -1; Type: RAW
on variable: A
Dependence polyhedron
5 6
0 -1 1 0 0 1 
1 1 0 0 0 -2 
1 -1 0 1 0 -1 
1 0 0 1 0 -400 
1 0 0 0 1 -500 

--- Dep 4 from S1 to S3; satisfied: 0, sat level: -1; Type: WAR
on variable: B
Dependence polyhedron
5 6
0 -1 1 0 0 1 
1 1 0 0 0 -2 
1 -1 0 1 0 -1 
1 0 0 1 0 -400 
1 0 0 0 1 -500 

--- Dep 5 from S6 to S5; satisfied: 0, sat level: -1; Type: WAW
on variable: E
Dependence polyhedron
12 10
0 0 -1 0 0 0 1 0 0 0 
0 -1 0 0 1 0 0 0 0 -1 
0 -1 0 1 0 0 0 0 0 -2 
1 1 0 0 0 0 0 0 0 -1 
1 -1 0 0 0 0 0 1 0 -3 
1 0 0 0 0 0 0 1 0 -400 
1 0 1 0 0 0 0 0 0 0 
1 1 -1 0 0 0 0 0 0 -1 
1 0 -1 0 0 1 0 0 0 -1 
1 0 0 0 0 0 0 0 1 -500 
1 0 0 0 0 -1 0 0 1 -1 
1 0 0 0 0 1 0 0 0 -1 

--- Dep 6 from S5 to S5; satisfied: 0, sat level: -1; Type: WAW
on variable: E
Dependence polyhedron
14 10
0 0 0 -1 0 0 1 0 0 0 
0 -1 0 0 1 0 0 0 0 0 
1 1 0 0 0 0 0 0 0 0 
1 -1 0 0 0 0 0 1 0 -2 
1 0 0 0 0 0 0 1 0 -400 
1 0 1 0 0 0 0 0 0 -1 
1 0 -1 0 0 0 0 0 1 -1 
1 0 0 0 0 0 0 0 1 -500 
1 0 0 1 0 0 0 0 0 0 
1 0 1 -1 0 0 0 0 0 -1 
1 0 0 -1 0 1 0 0 0 -1 
1 0 0 0 0 -1 0 0 1 -1 
1 0 0 0 0 1 0 0 0 -1 
1 0 -1 0 0 1 0 0 0 -1 


[zyj-debug] After affine transformations
T(S1): (zT1, 0, 0, i, 0, 0, 4)
loop types (loop, scalar, scalar, loop, scalar, scalar, scalar)

T(S2): (zT3, zT4, zT5, j, k, l, 3)
loop types (loop, loop, loop, loop, loop, loop, scalar)

T(S3): (zT1, 0, 0, j+1, 0, 0, 5)
loop types (loop, scalar, scalar, loop, scalar, scalar, scalar)

T(S4): (zT2, zT3, 0, j, m, 0, 2)
loop types (loop, loop, scalar, loop, loop, scalar, scalar)

T(S5): (zT3, zT4, zT5, n, p, n+o, 1)
loop types (loop, loop, loop, loop, loop, loop, scalar)

T(S6): (zT3, zT4, zT5, n, q, r, 0)
loop types (loop, loop, loop, loop, loop, loop, scalar)

t1 --> fwd_dep  loop   (band 0)no-ujam
t2 --> parallel loop   (band 0)no-ujam
t3 --> fwd_dep  loop   (band 0)no-ujam
t4 --> fwd_dep  loop   (band 0)no-ujam
t5 --> parallel loop   (band 0)no-ujam
t6 --> fwd_dep  loop   (band 0)no-ujam
t7 --> fwd_dep  scalar (band 0)no-ujam

Warning: parallel poly loop not found in AST
