[zyj-debug] Before affine transformations
nvar = 3, npar = 2
Parameters: PB_P PB_M 
S1 "A[k][i][j-1] = A[k+2][i][j-1] + A[k][i][j-3] * B[k][k][j-1] + 2;"
ndims: 3; orig_depth: 3
iterators: i, j, k
Index set
9 7
1 1 0 0 0 0 -1 
1 -1 0 0 1 0 -1 
1 0 0 0 1 0 -2 
1 0 1 0 0 0 -3 
1 1 -1 0 0 0 -1 
1 1 0 0 0 0 -4 
1 0 0 1 0 0 0 
1 0 0 -1 1 0 -3 
1 0 0 0 1 0 -3 
T(S1): (0, i, 0, j, 0, k, 0)
loop types (loop, loop, loop, loop, loop, loop, loop)

Read accesses
A[k+2][i][j-1]
A[k][i][j-3]
B[k][k][j-1]
Write accesses
A[k][i][j-1]
Original loop: 0 -> yes
Original loop: 1 -> yes
Original loop: 2 -> yes

S2 "C[l+1][i-1] = C[l-1][i-1] * D[l-1] - 3;"
ndims: 3; orig_depth: 3
iterators: i, l, m
Index set
8 7
1 1 0 0 0 0 -1 
1 -1 0 0 1 0 -1 
1 0 0 0 1 0 -2 
1 0 1 0 0 0 -1 
1 0 -1 0 0 1 -2 
1 0 0 0 0 1 -3 
1 0 0 1 0 0 0 
1 0 1 -1 0 0 -1 
T(S2): (0, i, 1, l, 0, m, 0)
loop types (loop, loop, loop, loop, loop, loop, loop)

Read accesses
C[l-1][i-1]
D[l-1]
Write accesses
C[l+1][i-1]
Original loop: 0 -> yes
Original loop: 1 -> yes
Original loop: 2 -> yes

S3 "D[l-1] = C[l+1][i] - 6;"
ndims: 2; orig_depth: 2
iterators: i, l
Index set
6 6
1 1 0 0 0 -1 
1 -1 0 1 0 -1 
1 0 0 1 0 -2 
1 0 1 0 0 -1 
1 0 -1 0 1 -2 
1 0 0 0 1 -3 
T(S3): (0, i, 1, l, 1, 0, 0)
loop types (loop, loop, loop, loop, loop, scalar, scalar)

Read accesses
C[l+1][i]
Write accesses
D[l-1]
Original loop: 0 -> yes
Original loop: 1 -> yes

S4 "E[i][l] = D[l-1] - E[n][i+1] + A[n][i][l-1] + 4;"
ndims: 3; orig_depth: 3
iterators: i, l, n
Index set
8 7
1 1 0 0 0 0 -1 
1 -1 0 0 1 0 -1 
1 0 0 0 1 0 -2 
1 0 1 0 0 0 -1 
1 0 -1 0 0 1 -2 
1 0 0 0 0 1 -3 
1 0 0 1 0 0 0 
1 1 0 -1 0 0 -1 
T(S4): (0, i, 1, l, 2, n, 0)
loop types (loop, loop, loop, loop, loop, loop, loop)

Read accesses
D[l-1]
E[n][i+1]
A[n][i][l-1]
Write accesses
E[i][l]
Original loop: 0 -> yes
Original loop: 1 -> yes
Original loop: 2 -> yes

S5 "A[p][o][o] = A[p][o][o] - A[p][o+1][o] + B[q][p+1][p-1] + 3;"
ndims: 3; orig_depth: 3
iterators: o, p, q
Index set
9 7
1 1 0 0 0 0 0 
1 -1 0 0 0 1 -1 
1 0 0 0 0 1 -1 
1 0 1 0 0 0 -1 
1 0 -1 0 1 0 -1 
1 0 0 0 1 0 -2 
1 0 0 1 0 0 0 
1 1 0 -1 0 0 -1 
1 1 0 0 0 0 -1 
T(S5): (1, o, 0, p, 0, q, 0)
loop types (loop, loop, loop, loop, loop, loop, loop)

Read accesses
A[p][o][o]
A[p][o+1][o]
B[q][p+1][p-1]
Write accesses
A[p][o][o]
Original loop: 0 -> yes
Original loop: 1 -> yes
Original loop: 2 -> yes

S6 "F[o] = F[o] - 4;"
ndims: 1; orig_depth: 1
iterators: o
Index set
3 5
1 1 0 0 0 
1 -1 0 1 -1 
1 0 0 1 -1 
T(S6): (1, o, 1, 0, 0, 0, 0)
loop types (loop, loop, loop, scalar, scalar, scalar, scalar)

Read accesses
F[o]
Write accesses
F[o]
Original loop: 0 -> yes

--- Dep 1 from S1 to S4; satisfied: 0, sat level: -1; Type: RAW
on variable: A
Dependence polyhedron
13 10
0 0 0 -1 0 0 1 0 0 0 
0 0 -1 0 0 1 0 0 0 0 
0 -1 0 0 1 0 0 0 0 0 
1 1 0 0 0 0 0 0 0 -4 
1 -1 0 0 0 0 0 1 0 -1 
1 0 0 0 0 0 0 1 0 -300 
1 0 1 0 0 0 0 0 0 -3 
1 1 -1 0 0 0 0 0 0 -1 
1 0 0 -1 0 0 0 1 0 -3 
1 0 0 1 0 0 0 0 0 0 
1 0 0 0 0 0 0 0 1 -400 
1 1 0 -1 0 0 0 0 0 -1 
1 0 -1 0 0 0 0 0 1 -2 

--- Dep 2 from S1 to S1; satisfied: 0, sat level: -1; Type: RAW
on variable: A
Dependence polyhedron
11 10
0 0 0 -1 0 0 1 0 0 0 
0 0 -1 0 0 1 0 0 0 -2 
0 -1 0 0 1 0 0 0 0 0 
1 1 0 0 0 0 0 0 0 -4 
1 -1 0 0 0 0 0 1 0 -1 
1 0 0 0 0 0 0 1 0 -300 
1 0 1 0 0 0 0 0 0 -3 
1 1 -1 0 0 0 0 0 0 -3 
1 0 0 -1 0 0 0 1 0 -3 
1 0 0 1 0 0 0 0 0 0 
1 0 0 0 0 0 0 0 1 -400 

--- Dep 3 from S3 to S2; satisfied: 0, sat level: -1; Type: RAW
on variable: D
Dependence polyhedron
12 9
0 0 -1 0 1 0 0 0 0 
1 1 0 0 0 0 0 0 -1 
1 -1 0 0 0 0 1 0 -1 
1 0 0 0 0 0 1 0 -300 
1 0 1 0 0 0 0 0 -1 
1 0 -1 0 0 0 0 1 -2 
1 0 0 0 0 0 0 1 -400 
1 0 0 1 0 0 0 0 -1 
1 0 0 -1 0 0 1 0 -1 
1 0 1 0 0 -1 0 0 -1 
1 0 0 0 0 1 0 0 0 
1 -1 0 1 0 0 0 0 -1 

--- Dep 4 from S3 to S4; satisfied: 0, sat level: -1; Type: RAW
on variable: D
Dependence polyhedron
10 9
0 0 -1 0 1 0 0 0 0 
1 1 0 0 0 0 0 0 -1 
1 0 0 0 0 1 0 0 0 
1 0 0 0 0 0 1 0 -300 
1 0 1 0 0 0 0 0 -1 
1 0 -1 0 0 0 0 1 -2 
1 0 0 0 0 0 0 1 -400 
1 -1 0 1 0 0 0 0 0 
1 0 0 -1 0 0 1 0 -1 
1 0 0 1 0 -1 0 0 -1 

--- Dep 5 from S5 to S5; satisfied: 0, sat level: -1; Type: RAW
on variable: A
Dependence polyhedron
13 10
0 0 -1 0 0 1 0 0 0 0 
0 -1 0 0 1 0 0 0 0 0 
1 1 0 0 0 0 0 0 0 -1 
1 -1 0 0 0 0 0 0 1 -1 
1 0 0 0 0 0 0 0 1 -400 
1 0 1 0 0 0 0 0 0 -1 
1 0 -1 0 0 0 0 1 0 -1 
1 0 0 0 0 0 0 1 0 -300 
1 0 0 1 0 0 0 0 0 0 
1 1 0 -1 0 0 0 0 0 -1 
1 1 0 0 0 0 -1 0 0 -1 
1 0 0 0 0 0 1 0 0 0 
1 0 0 -1 0 0 1 0 0 -1 

--- Dep 6 from S4 to S4; satisfied: 0, sat level: -1; Type: RAW
on variable: E
Dependence polyhedron
14 10
0 -1 0 0 0 0 1 0 0 0 
0 0 -1 0 1 0 0 0 0 1 
1 1 0 0 0 0 0 0 0 -1 
1 -1 0 0 0 0 0 1 0 -1 
1 0 0 0 0 0 0 1 0 -300 
1 0 1 0 0 0 0 0 0 -2 
1 0 -1 0 0 0 0 0 1 -2 
1 0 0 0 0 0 0 0 1 -400 
1 0 0 1 0 0 0 0 0 0 
1 1 0 -1 0 0 0 0 0 -1 
1 -1 1 0 0 0 0 0 0 -2 
1 0 -1 0 0 0 0 1 0 0 
1 0 0 0 0 -1 0 0 1 -2 
1 0 0 0 0 1 0 0 0 -1 

--- Dep 7 from S2 to S2; satisfied: 0, sat level: -1; Type: RAW
on variable: C
Dependence polyhedron
12 10
0 0 -1 0 0 1 0 0 0 -2 
0 -1 0 0 1 0 0 0 0 0 
1 1 0 0 0 0 0 0 0 -1 
1 -1 0 0 0 0 0 1 0 -1 
1 0 0 0 0 0 0 1 0 -300 
1 0 1 0 0 0 0 0 0 -1 
1 0 -1 0 0 0 0 0 1 -4 
1 0 0 0 0 0 0 0 1 -400 
1 0 0 1 0 0 0 0 0 0 
1 0 1 -1 0 0 0 0 0 -1 
1 0 1 0 0 0 -1 0 0 1 
1 0 0 0 0 0 1 0 0 0 

--- Dep 8 from S4 to S5; satisfied: 0, sat level: -1; Type: WAR
on variable: A
Dependence polyhedron
13 10
0 0 0 -1 0 1 0 0 0 0 
0 -1 0 0 1 0 0 0 0 0 
0 -1 1 0 0 0 0 0 0 -1 
1 1 0 0 0 0 0 0 0 -1 
1 -1 0 0 0 0 0 1 0 -1 
1 0 0 0 0 0 0 1 0 -300 
1 1 0 0 0 0 -1 0 0 -1 
1 -1 0 0 0 0 0 0 1 -3 
1 0 0 0 0 0 0 0 1 -400 
1 0 0 1 0 0 0 0 0 -1 
1 1 0 -1 0 0 0 0 0 -1 
1 0 0 0 0 0 1 0 0 0 
1 0 0 -1 0 0 0 1 0 -1 

--- Dep 9 from S1 to S1; satisfied: 0, sat level: -1; Type: WAR
on variable: A
Dependence polyhedron
11 10
0 0 0 -1 0 0 1 0 0 -2 
0 0 -1 0 0 1 0 0 0 0 
0 -1 0 0 1 0 0 0 0 0 
1 1 0 0 0 0 0 0 0 -4 
1 -1 0 0 0 0 0 1 0 -1 
1 0 0 0 0 0 0 1 0 -300 
1 0 1 0 0 0 0 0 0 -3 
1 1 -1 0 0 0 0 0 0 -1 
1 0 0 -1 0 0 0 1 0 -5 
1 0 0 1 0 0 0 0 0 0 
1 0 0 0 0 0 0 0 1 -400 

--- Dep 10 from S3 to S2; satisfied: 0, sat level: -1; Type: WAR
on variable: C
Dependence polyhedron
10 9
0 0 -1 0 1 0 0 0 0 
0 -1 0 1 0 0 0 0 -1 
1 1 0 0 0 0 0 0 -1 
1 -1 0 0 0 0 1 0 -2 
1 0 0 0 0 0 1 0 -300 
1 0 1 0 0 0 0 0 -1 
1 0 -1 0 0 0 0 1 -2 
1 0 0 0 0 0 0 1 -400 
1 0 1 0 0 -1 0 0 -1 
1 0 0 0 0 1 0 0 0 

--- Dep 11 from S4 to S3; satisfied: 0, sat level: -1; Type: WAR
on variable: D
Dependence polyhedron
12 9
0 0 -1 0 0 1 0 0 0 
1 1 0 0 0 0 0 0 -1 
1 -1 0 0 0 0 1 0 -1 
1 0 0 0 0 0 1 0 -300 
1 0 1 0 0 0 0 0 -1 
1 0 -1 0 0 0 0 1 -2 
1 0 0 0 0 0 0 1 -400 
1 0 0 1 0 0 0 0 0 
1 1 0 -1 0 0 0 0 -1 
1 0 0 0 1 0 0 0 -1 
1 0 0 0 -1 0 1 0 -1 
1 -1 0 0 1 0 0 0 -1 

--- Dep 12 from S2 to S3; satisfied: 0, sat level: -1; Type: WAR
on variable: D
Dependence polyhedron
9 9
0 0 -1 0 0 1 0 0 0 
1 1 0 0 0 0 0 0 -1 
1 -1 0 0 1 0 0 0 0 
1 0 0 0 0 0 1 0 -300 
1 0 0 0 -1 0 1 0 -1 
1 0 -1 0 0 0 0 1 -2 
1 0 0 0 0 0 0 1 -400 
1 0 0 1 0 0 0 0 0 
1 0 1 -1 0 0 0 0 -1 

--- Dep 13 from S5 to S5; satisfied: 0, sat level: -1; Type: WAR
on variable: A
Dependence polyhedron
13 10
0 0 -1 0 0 1 0 0 0 0 
0 -1 0 0 1 0 0 0 0 0 
1 1 0 0 0 0 0 0 0 -1 
1 -1 0 0 0 0 0 0 1 -1 
1 0 0 0 0 0 0 0 1 -400 
1 0 1 0 0 0 0 0 0 -1 
1 0 -1 0 0 0 0 1 0 -1 
1 0 0 0 0 0 0 1 0 -300 
1 0 0 1 0 0 0 0 0 0 
1 1 0 -1 0 0 0 0 0 -1 
1 1 0 0 0 0 -1 0 0 -1 
1 0 0 0 0 0 1 0 0 0 
1 0 0 -1 0 0 1 0 0 -1 

--- Dep 14 from S5 to S5; satisfied: 0, sat level: -1; Type: WAW
on variable: A
Dependence polyhedron
13 10
0 0 -1 0 0 1 0 0 0 0 
0 -1 0 0 1 0 0 0 0 0 
1 1 0 0 0 0 0 0 0 -1 
1 -1 0 0 0 0 0 0 1 -1 
1 0 0 0 0 0 0 0 1 -400 
1 0 1 0 0 0 0 0 0 -1 
1 0 -1 0 0 0 0 1 0 -1 
1 0 0 0 0 0 0 1 0 -300 
1 0 0 1 0 0 0 0 0 0 
1 1 0 -1 0 0 0 0 0 -1 
1 1 0 0 0 0 -1 0 0 -1 
1 0 0 0 0 0 1 0 0 0 
1 0 0 -1 0 0 1 0 0 -1 

--- Dep 15 from S4 to S4; satisfied: 0, sat level: -1; Type: WAW
on variable: E
Dependence polyhedron
13 10
0 0 -1 0 0 1 0 0 0 0 
0 -1 0 0 1 0 0 0 0 0 
1 1 0 0 0 0 0 0 0 -1 
1 -1 0 0 0 0 0 1 0 -1 
1 0 0 0 0 0 0 1 0 -300 
1 0 1 0 0 0 0 0 0 -1 
1 0 -1 0 0 0 0 0 1 -2 
1 0 0 0 0 0 0 0 1 -400 
1 0 0 1 0 0 0 0 0 0 
1 1 0 -1 0 0 0 0 0 -1 
1 1 0 0 0 0 -1 0 0 -1 
1 0 0 0 0 0 1 0 0 0 
1 0 0 -1 0 0 1 0 0 -1 

--- Dep 16 from S3 to S3; satisfied: 0, sat level: -1; Type: WAW
on variable: D
Dependence polyhedron
10 8
0 0 -1 0 1 0 0 0 
1 1 0 0 0 0 0 -1 
1 -1 0 0 0 1 0 -1 
1 0 0 0 0 1 0 -300 
1 0 1 0 0 0 0 -1 
1 0 -1 0 0 0 1 -2 
1 0 0 0 0 0 1 -400 
1 0 0 1 0 0 0 -1 
1 0 0 -1 0 1 0 -1 
1 -1 0 1 0 0 0 -1 

--- Dep 17 from S2 to S2; satisfied: 0, sat level: -1; Type: WAW
on variable: C
Dependence polyhedron
13 10
0 0 -1 0 0 1 0 0 0 0 
0 -1 0 0 1 0 0 0 0 0 
1 1 0 0 0 0 0 0 0 -1 
1 -1 0 0 0 0 0 1 0 -1 
1 0 0 0 0 0 0 1 0 -300 
1 0 1 0 0 0 0 0 0 -1 
1 0 -1 0 0 0 0 0 1 -2 
1 0 0 0 0 0 0 0 1 -400 
1 0 0 1 0 0 0 0 0 0 
1 0 1 -1 0 0 0 0 0 -1 
1 0 1 0 0 0 -1 0 0 -1 
1 0 0 0 0 0 1 0 0 0 
1 0 0 -1 0 0 1 0 0 -1 


[zyj-debug] After affine transformations
T(S1): (i, j, k, 5)
loop types (loop, loop, loop, scalar)

T(S2): (i, l, m, 4)
loop types (loop, loop, loop, scalar)

T(S3): (i, l, l, 1)
loop types (loop, loop, loop, scalar)

T(S4): (i, l, l+n, 2)
loop types (loop, loop, loop, scalar)

T(S5): (o, o+p, 2o+q, 3)
loop types (loop, loop, loop, scalar)

T(S6): (o, 0, 0, 0)
loop types (loop, scalar, scalar, scalar)

t1 --> serial   loop   (band 0)no-ujam
t2 --> serial   loop   (band 1)no-ujam
t3 --> serial   loop   (band 2)no-ujam
t4 --> fwd_dep  scalar (band 3)no-ujam

