[zyj-debug] Before affine transformations
nvar = 3, npar = 3
Parameters: PB_M PB_N PB_Q 
S1 "A[i+1][j] = A[i+1][j] * 5;"
ndims: 3; orig_depth: 3
iterators: i, j, k
Index set
8 8
1 1 0 0 0 0 0 1 
1 -1 0 0 1 0 0 -2 
1 0 0 0 1 0 0 -1 
1 0 1 0 0 0 0 0 
1 0 -1 0 1 0 0 -1 
1 0 0 1 0 0 0 0 
1 0 0 -1 0 1 0 -1 
1 0 0 0 0 1 0 -1 
T(S1): (0, i, 0, j, 0, k, 0)
loop types (loop, loop, loop, loop, loop, loop, loop)

Read accesses
A[i+1][j]
Write accesses
A[i+1][j]
Original loop: 0 -> yes
Original loop: 1 -> yes
Original loop: 2 -> yes

S2 "B[l][m] = B[l-1][m+2] - C[l-1] * 5;"
ndims: 2; orig_depth: 2
iterators: l, m
Index set
8 7
1 1 0 0 0 0 -2 
1 -1 0 1 0 0 -2 
1 0 0 1 0 0 -4 
1 0 1 0 0 0 0 
1 1 -1 0 0 0 -1 
1 0 -1 1 0 0 -3 
1 1 0 0 0 0 -1 
1 0 0 1 0 0 -3 
T(S2): (1, l, 0, m, 0, 0, 0)
loop types (loop, loop, loop, loop, loop, scalar, scalar)

Read accesses
B[l-1][m+2]
C[l-1]
Write accesses
B[l][m]
Original loop: 0 -> yes
Original loop: 1 -> yes

S3 "D[n-1] = D[n-1] * D[n-1] + B[l][l+1] * 2;"
ndims: 2; orig_depth: 2
iterators: l, n
Index set
5 7
1 1 0 0 0 0 -2 
1 -1 0 1 0 0 -2 
1 0 0 1 0 0 -4 
1 0 1 0 0 0 -1 
1 1 -1 0 0 0 -1 
T(S3): (1, l, 1, n, 0, 0, 0)
loop types (loop, loop, loop, loop, loop, scalar, scalar)

Read accesses
D[n-1]
D[n-1]
B[l][l+1]
Write accesses
D[n-1]
Original loop: 0 -> yes
Original loop: 1 -> yes

S4 "E[n-1][l][o-1] = D[n-1] + E[n][l-2][o-1] + 1;"
ndims: 3; orig_depth: 3
iterators: l, n, o
Index set
8 8
1 1 0 0 0 0 0 -2 
1 -1 0 0 1 0 0 -2 
1 0 0 0 1 0 0 -4 
1 0 1 0 0 0 0 -1 
1 1 -1 0 0 0 0 -1 
1 0 0 1 0 0 0 -1 
1 0 0 -1 0 0 1 0 
1 0 0 0 0 0 1 -1 
T(S4): (1, l, 1, n, 1, o, 0)
loop types (loop, loop, loop, loop, loop, loop, loop)

Read accesses
D[n-1]
E[n][l-2][o-1]
Write accesses
E[n-1][l][o-1]
Original loop: 0 -> yes
Original loop: 1 -> yes
Original loop: 2 -> yes

S5 "A[q-1][p] = A[q-1][p] * 6;"
ndims: 2; orig_depth: 2
iterators: p, q
Index set
6 7
1 1 0 0 0 0 -1 
1 -1 0 1 0 0 -1 
1 0 0 1 0 0 -2 
1 0 1 0 0 0 -1 
1 0 -1 1 0 0 0 
1 0 0 1 0 0 -1 
T(S5): (2, p, 0, q, 0, 0, 0)
loop types (loop, loop, loop, loop, loop, scalar, scalar)

Read accesses
A[q-1][p]
Write accesses
A[q-1][p]
Original loop: 0 -> yes
Original loop: 1 -> yes

S6 "E[s+1][p][r-1] = E[s+1][p+2][r-1] - A[p-1][p] - F[r][r][s] + 3;"
ndims: 3; orig_depth: 3
iterators: p, r, s
Index set
8 8
1 1 0 0 0 0 0 -1 
1 -1 0 0 1 0 0 -1 
1 0 0 0 1 0 0 -2 
1 0 1 0 0 0 0 -1 
1 1 -1 0 0 0 0 -1 
1 1 0 0 0 0 0 -2 
1 0 0 1 0 0 0 0 
1 0 0 -1 1 0 0 -2 
T(S6): (2, p, 1, r, 0, s, 0)
loop types (loop, loop, loop, loop, loop, loop, loop)

Read accesses
E[s+1][p+2][r-1]
A[p-1][p]
F[r][r][s]
Write accesses
E[s+1][p][r-1]
Original loop: 0 -> yes
Original loop: 1 -> yes
Original loop: 2 -> yes

--- Dep 1 from S3 to S4; satisfied: 0, sat level: -1; Type: RAW
on variable: D
Dependence polyhedron
10 10
0 0 -1 0 1 0 0 0 0 0 
1 0 0 0 0 -1 0 0 1 0 
1 0 0 0 0 1 0 0 0 -1 
1 0 0 0 0 0 1 0 0 -300 
1 0 1 0 0 0 0 0 0 -1 
1 1 -1 0 0 0 0 0 0 -1 
1 0 0 0 0 0 0 1 0 -400 
1 0 0 0 0 0 0 0 1 -300 
1 -1 0 1 0 0 0 0 0 0 
1 0 0 -1 0 0 1 0 0 -2 

--- Dep 2 from S1 to S5; satisfied: 0, sat level: -1; Type: RAW
on variable: A
Dependence polyhedron
11 10
0 -1 0 0 0 1 0 0 0 -2 
0 0 -1 0 1 0 0 0 0 0 
1 1 0 0 0 0 0 0 0 1 
1 -1 0 0 0 0 1 0 0 -2 
1 0 0 0 0 0 1 0 0 -300 
1 0 1 0 0 0 0 0 0 -1 
1 0 -1 0 0 0 1 0 0 -1 
1 0 0 1 0 0 0 0 0 0 
1 0 0 -1 0 0 0 1 0 -1 
1 0 0 0 0 0 0 1 0 -400 
1 0 0 0 0 0 0 0 1 -300 

--- Dep 3 from S4 to S4; satisfied: 0, sat level: -1; Type: RAW
on variable: E
Dependence polyhedron
12 11
0 0 0 -1 0 0 1 0 0 0 0 
0 0 -1 0 0 1 0 0 0 0 1 
0 -1 0 0 1 0 0 0 0 0 -2 
1 1 0 0 0 0 0 0 0 0 -2 
1 -1 0 0 0 0 0 1 0 0 -4 
1 0 0 0 0 0 0 1 0 0 -300 
1 0 1 0 0 0 0 0 0 0 -2 
1 1 -1 0 0 0 0 0 0 0 -1 
1 0 0 1 0 0 0 0 0 0 -1 
1 0 0 -1 0 0 0 0 0 1 0 
1 0 0 0 0 0 0 0 0 1 -300 
1 0 0 0 0 0 0 0 1 0 -400 

--- Dep 4 from S3 to S3; satisfied: 0, sat level: -1; Type: RAW
on variable: D
Dependence polyhedron
12 9
0 0 -1 0 1 0 0 0 0 
1 1 0 0 0 0 0 0 -2 
1 -1 0 0 0 1 0 0 -2 
1 0 0 0 0 1 0 0 -300 
1 0 1 0 0 0 0 0 -1 
1 1 -1 0 0 0 0 0 -1 
1 0 0 0 0 0 1 0 -400 
1 0 0 0 0 0 0 1 -300 
1 0 0 1 0 0 0 0 -2 
1 0 0 -1 0 1 0 0 -2 
1 0 -1 1 0 0 0 0 -1 
1 -1 0 1 0 0 0 0 -1 

--- Dep 5 from S1 to S6; satisfied: 0, sat level: -1; Type: RAW
on variable: A
Dependence polyhedron
13 11
0 -1 0 0 1 0 0 0 0 0 -2 
0 -1 1 0 0 0 0 0 0 0 -2 
1 1 0 0 0 0 0 0 0 0 0 
1 -1 0 0 0 0 0 1 0 0 -3 
1 0 0 0 0 0 0 1 0 0 -300 
1 0 0 0 0 0 0 0 0 1 -300 
1 0 0 0 0 0 0 0 1 0 -400 
1 0 0 1 0 0 0 0 0 0 0 
1 0 0 -1 0 0 0 0 1 0 -1 
1 0 0 0 0 0 1 0 0 0 0 
1 0 0 0 0 0 -1 1 0 0 -2 
1 1 0 0 0 -1 0 0 0 0 1 
1 0 0 0 0 1 0 0 0 0 -1 

--- Dep 6 from S1 to S1; satisfied: 0, sat level: -1; Type: RAW
on variable: A
Dependence polyhedron
14 11
0 0 -1 0 0 1 0 0 0 0 0 
0 -1 0 0 1 0 0 0 0 0 0 
1 1 0 0 0 0 0 0 0 0 1 
1 -1 0 0 0 0 0 1 0 0 -2 
1 0 0 0 0 0 0 1 0 0 -300 
1 0 1 0 0 0 0 0 0 0 0 
1 0 -1 0 0 0 0 1 0 0 -1 
1 0 0 1 0 0 0 0 0 0 0 
1 0 0 -1 0 0 0 0 1 0 -1 
1 0 0 0 0 0 0 0 1 0 -400 
1 0 0 0 0 0 0 0 0 1 -300 
1 0 0 0 0 0 -1 0 1 0 -1 
1 0 0 0 0 0 1 0 0 0 0 
1 0 0 -1 0 0 1 0 0 0 -1 

--- Dep 7 from S5 to S6; satisfied: 0, sat level: -1; Type: RAW
on variable: A
Dependence polyhedron
11 10
0 -1 0 1 0 0 0 0 0 0 
0 -1 1 0 0 0 0 0 0 0 
1 1 0 0 0 0 0 0 0 -2 
1 -1 0 0 0 0 1 0 0 -1 
1 0 0 0 0 0 1 0 0 -300 
1 0 0 0 0 0 0 0 1 -300 
1 0 0 0 0 0 0 1 0 -400 
1 0 0 0 0 1 0 0 0 0 
1 0 0 0 0 -1 1 0 0 -2 
1 1 0 0 -1 0 0 0 0 -1 
1 0 0 0 1 0 0 0 0 -1 

--- Dep 8 from S2 to S2; satisfied: 0, sat level: -1; Type: RAW
on variable: B
Dependence polyhedron
10 9
0 0 -1 0 1 0 0 0 2 
0 -1 0 1 0 0 0 0 -1 
1 1 0 0 0 0 0 0 -2 
1 -1 0 0 0 1 0 0 -3 
1 0 0 0 0 1 0 0 -300 
1 0 1 0 0 0 0 0 -2 
1 1 -1 0 0 0 0 0 -1 
1 0 -1 0 0 1 0 0 -3 
1 0 0 0 0 0 1 0 -400 
1 0 0 0 0 0 0 1 -300 

--- Dep 9 from S3 to S3; satisfied: 0, sat level: -1; Type: RAW
on variable: D
Dependence polyhedron
12 9
0 0 -1 0 1 0 0 0 0 
1 1 0 0 0 0 0 0 -2 
1 -1 0 0 0 1 0 0 -2 
1 0 0 0 0 1 0 0 -300 
1 0 1 0 0 0 0 0 -1 
1 1 -1 0 0 0 0 0 -1 
1 0 0 0 0 0 1 0 -400 
1 0 0 0 0 0 0 1 -300 
1 0 0 1 0 0 0 0 -2 
1 0 0 -1 0 1 0 0 -2 
1 0 -1 1 0 0 0 0 -1 
1 -1 0 1 0 0 0 0 -1 

--- Dep 10 from S4 to S6; satisfied: 0, sat level: -1; Type: RAW
on variable: E
Dependence polyhedron
14 11
0 0 -1 0 0 0 1 0 0 0 2 
0 0 0 -1 0 1 0 0 0 0 0 
0 -1 0 0 1 0 0 0 0 0 2 
1 1 0 0 0 0 0 0 0 0 -4 
1 -1 0 0 0 0 0 1 0 0 -2 
1 0 0 0 0 0 0 1 0 0 -300 
1 0 1 0 0 0 0 0 0 0 -2 
1 1 -1 0 0 0 0 0 0 0 -1 
1 0 0 1 0 0 0 0 0 0 -1 
1 0 0 -1 0 0 0 0 0 1 0 
1 0 0 0 0 0 0 0 0 1 -300 
1 0 0 0 0 0 0 0 1 0 -400 
1 0 -1 0 0 0 0 1 0 0 0 
1 1 0 -1 0 0 0 0 0 0 -3 

--- Dep 11 from S3 to S3; satisfied: 0, sat level: -1; Type: WAR
on variable: D
Dependence polyhedron
12 9
0 0 -1 0 1 0 0 0 0 
1 1 0 0 0 0 0 0 -2 
1 -1 0 0 0 1 0 0 -2 
1 0 0 0 0 1 0 0 -300 
1 0 1 0 0 0 0 0 -1 
1 1 -1 0 0 0 0 0 -1 
1 0 0 0 0 0 1 0 -400 
1 0 0 0 0 0 0 1 -300 
1 0 0 1 0 0 0 0 -2 
1 0 0 -1 0 1 0 0 -2 
1 0 -1 1 0 0 0 0 -1 
1 -1 0 1 0 0 0 0 -1 

--- Dep 12 from S4 to S3; satisfied: 0, sat level: -1; Type: WAR
on variable: D
Dependence polyhedron
14 10
0 0 -1 0 0 1 0 0 0 0 
1 1 0 0 0 0 0 0 0 -2 
1 -1 0 0 0 0 1 0 0 -2 
1 0 0 0 0 0 1 0 0 -300 
1 0 1 0 0 0 0 0 0 -1 
1 1 -1 0 0 0 0 0 0 -1 
1 0 0 1 0 0 0 0 0 -1 
1 0 0 -1 0 0 0 0 1 0 
1 0 0 0 0 0 0 0 1 -300 
1 0 0 0 0 0 0 1 0 -400 
1 0 0 0 1 0 0 0 0 -2 
1 0 0 0 -1 0 1 0 0 -2 
1 0 -1 0 1 0 0 0 0 -1 
1 -1 0 0 1 0 0 0 0 -1 

--- Dep 13 from S4 to S6; satisfied: 0, sat level: -1; Type: WAR
on variable: E
Dependence polyhedron
14 11
0 0 -1 0 0 0 1 0 0 0 1 
0 0 0 -1 0 1 0 0 0 0 0 
0 -1 0 0 1 0 0 0 0 0 2 
1 1 0 0 0 0 0 0 0 0 -4 
1 -1 0 0 0 0 0 1 0 0 -2 
1 0 0 0 0 0 0 1 0 0 -300 
1 0 1 0 0 0 0 0 0 0 -1 
1 1 -1 0 0 0 0 0 0 0 -1 
1 0 0 1 0 0 0 0 0 0 -1 
1 0 0 -1 0 0 0 0 0 1 0 
1 0 0 0 0 0 0 0 0 1 -300 
1 0 0 0 0 0 0 0 1 0 -400 
1 0 -1 0 0 0 0 1 0 0 -1 
1 1 0 -1 0 0 0 0 0 0 -3 

--- Dep 14 from S3 to S3; satisfied: 0, sat level: -1; Type: WAR
on variable: D
Dependence polyhedron
12 9
0 0 -1 0 1 0 0 0 0 
1 1 0 0 0 0 0 0 -2 
1 -1 0 0 0 1 0 0 -2 
1 0 0 0 0 1 0 0 -300 
1 0 1 0 0 0 0 0 -1 
1 1 -1 0 0 0 0 0 -1 
1 0 0 0 0 0 1 0 -400 
1 0 0 0 0 0 0 1 -300 
1 0 0 1 0 0 0 0 -2 
1 0 0 -1 0 1 0 0 -2 
1 0 -1 1 0 0 0 0 -1 
1 -1 0 1 0 0 0 0 -1 

--- Dep 15 from S1 to S1; satisfied: 0, sat level: -1; Type: WAR
on variable: A
Dependence polyhedron
14 11
0 0 -1 0 0 1 0 0 0 0 0 
0 -1 0 0 1 0 0 0 0 0 0 
1 1 0 0 0 0 0 0 0 0 1 
1 -1 0 0 0 0 0 1 0 0 -2 
1 0 0 0 0 0 0 1 0 0 -300 
1 0 1 0 0 0 0 0 0 0 0 
1 0 -1 0 0 0 0 1 0 0 -1 
1 0 0 1 0 0 0 0 0 0 0 
1 0 0 -1 0 0 0 0 1 0 -1 
1 0 0 0 0 0 0 0 1 0 -400 
1 0 0 0 0 0 0 0 0 1 -300 
1 0 0 0 0 0 -1 0 1 0 -1 
1 0 0 0 0 0 1 0 0 0 0 
1 0 0 -1 0 0 1 0 0 0 -1 

--- Dep 16 from S6 to S6; satisfied: 0, sat level: -1; Type: WAR
on variable: E
Dependence polyhedron
12 11
0 0 0 -1 0 0 1 0 0 0 0 
0 0 -1 0 0 1 0 0 0 0 0 
0 -1 0 0 1 0 0 0 0 0 -2 
1 1 0 0 0 0 0 0 0 0 -2 
1 -1 0 0 0 0 0 1 0 0 -3 
1 0 0 0 0 0 0 1 0 0 -300 
1 0 1 0 0 0 0 0 0 0 -1 
1 1 -1 0 0 0 0 0 0 0 -1 
1 0 0 -1 0 0 0 1 0 0 -2 
1 0 0 1 0 0 0 0 0 0 0 
1 0 0 0 0 0 0 0 1 0 -400 
1 0 0 0 0 0 0 0 0 1 -300 

--- Dep 17 from S1 to S5; satisfied: 0, sat level: -1; Type: WAR
on variable: A
Dependence polyhedron
11 10
0 -1 0 0 0 1 0 0 0 -2 
0 0 -1 0 1 0 0 0 0 0 
1 1 0 0 0 0 0 0 0 1 
1 -1 0 0 0 0 1 0 0 -2 
1 0 0 0 0 0 1 0 0 -300 
1 0 1 0 0 0 0 0 0 -1 
1 0 -1 0 0 0 1 0 0 -1 
1 0 0 1 0 0 0 0 0 0 
1 0 0 -1 0 0 0 1 0 -1 
1 0 0 0 0 0 0 1 0 -400 
1 0 0 0 0 0 0 0 1 -300 

--- Dep 18 from S1 to S5; satisfied: 0, sat level: -1; Type: WAW
on variable: A
Dependence polyhedron
11 10
0 -1 0 0 0 1 0 0 0 -2 
0 0 -1 0 1 0 0 0 0 0 
1 1 0 0 0 0 0 0 0 1 
1 -1 0 0 0 0 1 0 0 -2 
1 0 0 0 0 0 1 0 0 -300 
1 0 1 0 0 0 0 0 0 -1 
1 0 -1 0 0 0 1 0 0 -1 
1 0 0 1 0 0 0 0 0 0 
1 0 0 -1 0 0 0 1 0 -1 
1 0 0 0 0 0 0 1 0 -400 
1 0 0 0 0 0 0 0 1 -300 

--- Dep 19 from S3 to S3; satisfied: 0, sat level: -1; Type: WAW
on variable: D
Dependence polyhedron
12 9
0 0 -1 0 1 0 0 0 0 
1 1 0 0 0 0 0 0 -2 
1 -1 0 0 0 1 0 0 -2 
1 0 0 0 0 1 0 0 -300 
1 0 1 0 0 0 0 0 -1 
1 1 -1 0 0 0 0 0 -1 
1 0 0 0 0 0 1 0 -400 
1 0 0 0 0 0 0 1 -300 
1 0 0 1 0 0 0 0 -2 
1 0 0 -1 0 1 0 0 -2 
1 0 -1 1 0 0 0 0 -1 
1 -1 0 1 0 0 0 0 -1 

--- Dep 20 from S4 to S6; satisfied: 0, sat level: -1; Type: WAW
on variable: E
Dependence polyhedron
14 11
0 0 -1 0 0 0 1 0 0 0 2 
0 0 0 -1 0 1 0 0 0 0 0 
0 -1 0 0 1 0 0 0 0 0 0 
1 1 0 0 0 0 0 0 0 0 -2 
1 -1 0 0 0 0 0 1 0 0 -2 
1 0 0 0 0 0 0 1 0 0 -300 
1 0 1 0 0 0 0 0 0 0 -2 
1 1 -1 0 0 0 0 0 0 0 -1 
1 0 0 1 0 0 0 0 0 0 -1 
1 0 0 -1 0 0 0 0 0 1 0 
1 0 0 0 0 0 0 0 0 1 -300 
1 0 0 0 0 0 0 0 1 0 -400 
1 0 -1 0 0 0 0 1 0 0 0 
1 1 0 -1 0 0 0 0 0 0 -1 

--- Dep 21 from S1 to S1; satisfied: 0, sat level: -1; Type: WAW
on variable: A
Dependence polyhedron
14 11
0 0 -1 0 0 1 0 0 0 0 0 
0 -1 0 0 1 0 0 0 0 0 0 
1 1 0 0 0 0 0 0 0 0 1 
1 -1 0 0 0 0 0 1 0 0 -2 
1 0 0 0 0 0 0 1 0 0 -300 
1 0 1 0 0 0 0 0 0 0 0 
1 0 -1 0 0 0 0 1 0 0 -1 
1 0 0 1 0 0 0 0 0 0 0 
1 0 0 -1 0 0 0 0 1 0 -1 
1 0 0 0 0 0 0 0 1 0 -400 
1 0 0 0 0 0 0 0 0 1 -300 
1 0 0 0 0 0 -1 0 1 0 -1 
1 0 0 0 0 0 1 0 0 0 0 
1 0 0 -1 0 0 1 0 0 0 -1 


[zyj-debug] After affine transformations
T(S1): (2, zT3, zT4, zT5, i, k, j)
loop types (scalar, loop, loop, loop, loop, loop, loop)

T(S2): (1, zT2+zT3, zT3, l, 2l+m, 0, 0)
loop types (scalar, loop, loop, loop, loop, scalar, scalar)

T(S3): (0, zT2+zT3, zT3, l, l+n, 0, 0)
loop types (scalar, loop, loop, loop, loop, scalar, scalar)

T(S4): (0, zT3+zT4, zT4, l, l+n, o, 0)
loop types (scalar, loop, loop, loop, loop, loop, scalar)

T(S5): (3, zT2, zT3, q, p, 0, 0)
loop types (scalar, loop, loop, loop, loop, scalar, scalar)

T(S6): (4, zT3+zT4, zT4, zT5, p, r, s)
loop types (scalar, loop, loop, loop, loop, loop, loop)

t1 --> fwd_dep  scalar (band 0)no-ujam
t2 --> fwd_dep  loop   (band 0)no-ujam
t3 --> fwd_dep  loop   (band 0)no-ujam
t4 --> fwd_dep  loop   (band 0)no-ujam
t5 --> fwd_dep  loop   (band 0)no-ujam
t6 --> fwd_dep  loop   (band 1)no-ujam
t7 --> parallel loop   (band 1)no-ujam

