[zyj-debug] Before affine transformations
nvar = 2, npar = 2
Parameters: PB_M PB_P 
S1 "A[i] = 6;"
ndims: 1; orig_depth: 1
iterators: i
Index set
3 5
1 1 0 0 0 
1 -1 1 0 -1 
1 0 1 0 -1 
T(S1): (0, i, 0, 0, 0)
loop types (loop, loop, loop, scalar, scalar)

No Read accesses
Write accesses
A[i]
Original loop: 0 -> yes

S2 "B[j] = B[j-2] - 1;"
ndims: 1; orig_depth: 1
iterators: j
Index set
3 5
1 1 0 0 -2 
1 -1 1 0 -1 
1 0 1 0 -3 
T(S2): (1, j, 0, 0, 0)
loop types (loop, loop, loop, scalar, scalar)

Read accesses
B[j-2]
Write accesses
B[j]
Original loop: 0 -> yes

S3 "A[j] = B[j-2] * A[j] + B[j] * 6;"
ndims: 1; orig_depth: 1
iterators: j
Index set
3 5
1 1 0 0 -2 
1 -1 1 0 -1 
1 0 1 0 -3 
T(S3): (1, j, 1, 0, 0)
loop types (loop, loop, loop, scalar, scalar)

Read accesses
B[j-2]
A[j]
B[j]
Write accesses
A[j]
Original loop: 0 -> yes

S4 "C[j][k] = D[k][k+1] - C[k][k] + 1;"
ndims: 2; orig_depth: 2
iterators: j, k
Index set
6 6
1 1 0 0 0 -2 
1 -1 0 1 0 -1 
1 0 0 1 0 -3 
1 0 1 0 0 -1 
1 0 -1 0 1 -2 
1 0 0 0 1 -3 
T(S4): (1, j, 2, k, 0)
loop types (loop, loop, loop, loop, loop)

Read accesses
D[k][k+1]
C[k][k]
Write accesses
C[j][k]
Original loop: 0 -> yes
Original loop: 1 -> yes

S5 "D[j][k] = C[j][k] - D[j][k] - C[k-1][j] + 6;"
ndims: 2; orig_depth: 2
iterators: j, k
Index set
6 6
1 1 0 0 0 -2 
1 -1 0 1 0 -1 
1 0 0 1 0 -3 
1 0 1 0 0 -1 
1 0 -1 0 1 -2 
1 0 0 0 1 -3 
T(S5): (1, j, 2, k, 1)
loop types (loop, loop, loop, loop, loop)

Read accesses
C[j][k]
D[j][k]
C[k-1][j]
Write accesses
D[j][k]
Original loop: 0 -> yes
Original loop: 1 -> yes

S6 "A[l] = A[l] - 6;"
ndims: 1; orig_depth: 1
iterators: l
Index set
3 5
1 1 0 0 0 
1 -1 1 0 -1 
1 0 1 0 -1 
T(S6): (2, l, 0, 0, 0)
loop types (loop, loop, loop, scalar, scalar)

Read accesses
A[l]
Write accesses
A[l]
Original loop: 0 -> yes

--- Dep 1 from S1 to S6; satisfied: 0, sat level: -1; Type: RAW
on variable: A
Dependence polyhedron
5 6
0 -1 1 0 0 0 
1 1 0 0 0 0 
1 -1 0 1 0 -1 
1 0 0 1 0 -10000 
1 0 0 0 1 -10000 

--- Dep 2 from S2 to S2; satisfied: 0, sat level: -1; Type: RAW
on variable: B
Dependence polyhedron
5 6
0 -1 1 0 0 -2 
1 1 0 0 0 -2 
1 -1 0 1 0 -3 
1 0 0 1 0 -10000 
1 0 0 0 1 -10000 

--- Dep 3 from S5 to S4; satisfied: 0, sat level: -1; Type: RAW
on variable: D
Dependence polyhedron
10 8
0 -1 0 0 1 0 0 0 
0 -1 1 0 0 0 0 -1 
1 1 0 0 0 0 0 -2 
1 -1 0 0 0 1 0 -1 
1 0 0 0 0 1 0 -10000 
1 0 0 0 0 0 1 -10000 
1 -1 0 0 0 0 1 -3 
1 0 0 -1 0 1 0 -1 
1 0 0 1 0 0 0 -2 
1 -1 0 1 0 0 0 -1 

--- Dep 4 from S2 to S3; satisfied: 0, sat level: -1; Type: RAW
on variable: B
Dependence polyhedron
5 6
0 -1 1 0 0 0 
1 1 0 0 0 -2 
1 -1 0 1 0 -1 
1 0 0 1 0 -10000 
1 0 0 0 1 -10000 

--- Dep 5 from S4 to S5; satisfied: 0, sat level: -1; Type: RAW
on variable: C
Dependence polyhedron
8 8
0 -1 0 0 1 0 0 -1 
0 0 -1 1 0 0 0 0 
1 1 0 0 0 0 0 -2 
1 -1 1 0 0 0 0 -1 
1 0 0 0 0 1 0 -10000 
1 0 -1 0 0 1 0 -1 
1 0 -1 0 0 0 1 -2 
1 0 0 0 0 0 1 -10000 

--- Dep 6 from S4 to S5; satisfied: 0, sat level: -1; Type: RAW
on variable: C
Dependence polyhedron
8 8
0 -1 0 0 1 0 0 -1 
0 -1 0 1 0 0 0 0 
0 -1 1 0 0 0 0 0 
1 1 0 0 0 0 0 -2 
1 -1 0 0 0 1 0 -1 
1 0 0 0 0 1 0 -10000 
1 0 0 0 0 0 1 -10000 
1 -1 0 0 0 0 1 -3 

--- Dep 7 from S2 to S3; satisfied: 0, sat level: -1; Type: RAW
on variable: B
Dependence polyhedron
5 6
0 -1 1 0 0 -2 
1 1 0 0 0 -2 
1 -1 0 1 0 -3 
1 0 0 1 0 -10000 
1 0 0 0 1 -10000 

--- Dep 8 from S1 to S3; satisfied: 0, sat level: -1; Type: RAW
on variable: A
Dependence polyhedron
5 6
0 -1 1 0 0 0 
1 1 0 0 0 -2 
1 -1 0 1 0 -1 
1 0 0 1 0 -10000 
1 0 0 0 1 -10000 

--- Dep 9 from S4 to S5; satisfied: 0, sat level: -1; Type: RAW
on variable: C
Dependence polyhedron
8 8
0 0 -1 0 1 0 0 0 
0 -1 0 1 0 0 0 0 
1 1 0 0 0 0 0 -2 
1 -1 0 0 0 1 0 -1 
1 0 0 0 0 1 0 -10000 
1 0 1 0 0 0 0 -1 
1 0 -1 0 0 0 1 -2 
1 0 0 0 0 0 1 -10000 

--- Dep 10 from S3 to S6; satisfied: 0, sat level: -1; Type: RAW
on variable: A
Dependence polyhedron
5 6
0 -1 1 0 0 0 
1 1 0 0 0 -2 
1 -1 0 1 0 -1 
1 0 0 1 0 -10000 
1 0 0 0 1 -10000 

--- Dep 11 from S4 to S4; satisfied: 0, sat level: -1; Type: RAW
on variable: C
Dependence polyhedron
10 8
0 -1 0 0 1 0 0 0 
0 -1 1 0 0 0 0 0 
1 1 0 0 0 0 0 -2 
1 -1 0 0 0 1 0 -1 
1 0 0 0 0 1 0 -10000 
1 0 0 0 0 0 1 -10000 
1 -1 0 0 0 0 1 -2 
1 0 0 -1 0 1 0 -1 
1 0 0 1 0 0 0 -2 
1 -1 0 1 0 0 0 -1 

--- Dep 12 from S4 to S5; satisfied: 0, sat level: -1; Type: WAR
on variable: D
Dependence polyhedron
8 8
0 0 -1 0 1 0 0 -1 
0 0 -1 1 0 0 0 0 
1 1 0 0 0 0 0 -2 
1 0 -1 0 0 1 0 -1 
1 0 0 0 0 1 0 -10000 
1 -1 1 0 0 0 0 0 
1 0 -1 0 0 0 1 -3 
1 0 0 0 0 0 1 -10000 

--- Dep 13 from S3 to S6; satisfied: 0, sat level: -1; Type: WAR
on variable: A
Dependence polyhedron
5 6
0 -1 1 0 0 0 
1 1 0 0 0 -2 
1 -1 0 1 0 -1 
1 0 0 1 0 -10000 
1 0 0 0 1 -10000 

--- Dep 14 from S4 to S4; satisfied: 0, sat level: -1; Type: WAR
on variable: C
Dependence polyhedron
10 8
0 0 -1 0 1 0 0 0 
0 0 -1 1 0 0 0 0 
1 1 0 0 0 0 0 -2 
1 -1 0 0 0 1 0 -1 
1 0 0 0 0 1 0 -10000 
1 0 1 0 0 0 0 -2 
1 0 -1 0 0 0 1 -2 
1 0 0 0 0 0 1 -10000 
1 0 -1 0 0 1 0 -1 
1 -1 1 0 0 0 0 -1 

--- Dep 15 from S5 to S4; satisfied: 0, sat level: -1; Type: WAR
on variable: C
Dependence polyhedron
11 8
0 -1 0 0 1 0 0 0 
0 0 -1 1 0 0 0 1 
1 1 0 0 0 0 0 -2 
1 -1 0 0 0 1 0 -1 
1 0 0 0 0 1 0 -10000 
1 0 1 0 0 0 0 -3 
1 0 -1 0 0 0 1 -2 
1 0 0 0 0 0 1 -10000 
1 -1 0 0 0 0 1 -2 
1 0 -1 0 0 1 0 0 
1 -1 1 0 0 0 0 -2 

--- Dep 16 from S1 to S6; satisfied: 0, sat level: -1; Type: WAW
on variable: A
Dependence polyhedron
5 6
0 -1 1 0 0 0 
1 1 0 0 0 0 
1 -1 0 1 0 -1 
1 0 0 1 0 -10000 
1 0 0 0 1 -10000 

--- Dep 17 from S1 to S3; satisfied: 0, sat level: -1; Type: WAW
on variable: A
Dependence polyhedron
5 6
0 -1 1 0 0 0 
1 1 0 0 0 -2 
1 -1 0 1 0 -1 
1 0 0 1 0 -10000 
1 0 0 0 1 -10000 

--- Dep 18 from S3 to S6; satisfied: 0, sat level: -1; Type: WAW
on variable: A
Dependence polyhedron
5 6
0 -1 1 0 0 0 
1 1 0 0 0 -2 
1 -1 0 1 0 -1 
1 0 0 1 0 -10000 
1 0 0 0 1 -10000 


[zyj-debug] After affine transformations
T(S1): (zT1, 0, i, 0, 3)
loop types (loop, scalar, loop, scalar, scalar)

T(S2): (zT1, 0, j, 0, 2)
loop types (loop, scalar, loop, scalar, scalar)

T(S3): (zT1, 0, j, 0, 4)
loop types (loop, scalar, loop, scalar, scalar)

T(S4): (zT2, zT3, j, 2j+k, 0)
loop types (loop, loop, loop, loop, scalar)

T(S5): (zT2, zT3, j, 2j+k, 1)
loop types (loop, loop, loop, loop, scalar)

T(S6): (zT1, 0, l, 0, 5)
loop types (loop, scalar, loop, scalar, scalar)

t1 --> fwd_dep  loop   (band 0)no-ujam
t2 --> fwd_dep  loop   (band 0)no-ujam
t3 --> fwd_dep  loop   (band 0)no-ujam
t4 --> fwd_dep  loop   (band 0)no-ujam
t5 --> fwd_dep  scalar (band 1)no-ujam

