[zyj-debug] Before affine transformations
nvar = 3, npar = 5
Parameters: PB_Q PB_L PB_P PB_N PB_M 
S1 "A[j][k][k] = 2;"
ndims: 3; orig_depth: 3
iterators: i, j, k
Index set
9 10
1 1 0 0 0 0 0 0 0 0 
1 -1 0 0 1 0 0 0 0 -3 
1 0 0 0 1 0 0 0 0 -3 
1 0 1 0 0 0 0 0 0 0 
1 0 -1 0 0 1 0 0 0 -1 
1 0 0 0 0 1 0 0 0 -1 
1 0 0 1 0 0 0 0 0 0 
1 0 0 -1 0 0 1 0 0 -1 
1 0 0 0 0 0 1 0 0 -1 
T(S1): (0, i, 0, j, 0, k, 0)
loop types (loop, loop, loop, loop, loop, loop, loop)

No Read accesses
Write accesses
A[j][k][k]
Original loop: 0 -> yes
Original loop: 1 -> yes
Original loop: 2 -> yes

S2 "A[m+1][l-1][i] = A[m+1][l-1][i+1] + 5;"
ndims: 3; orig_depth: 3
iterators: i, l, m
Index set
9 10
1 1 0 0 0 0 0 0 0 0 
1 -1 0 0 1 0 0 0 0 -3 
1 0 0 0 1 0 0 0 0 -3 
1 0 1 0 0 0 0 0 0 -1 
1 1 -1 0 0 0 0 0 0 -1 
1 1 0 0 0 0 0 0 0 -2 
1 0 0 1 0 0 0 0 0 1 
1 0 0 -1 0 1 0 0 0 -2 
1 0 0 0 0 1 0 0 0 -1 
T(S2): (0, i, 1, l, 0, m, 0)
loop types (loop, loop, loop, loop, loop, loop, loop)

Read accesses
A[m+1][l-1][i+1]
Write accesses
A[m+1][l-1][i]
Original loop: 0 -> yes
Original loop: 1 -> yes
Original loop: 2 -> yes

S3 "A[o-1][n-1][i+1] = A[o-1][n-2][i+2] - A[o-1][n-1][i+1] * A[i][o+1][n] + A[o][n-1][i] * 2;"
ndims: 3; orig_depth: 3
iterators: i, n, o
Index set
8 10
1 1 0 0 0 0 0 0 0 0 
1 -1 0 0 1 0 0 0 0 -3 
1 0 0 0 1 0 0 0 0 -3 
1 0 1 0 0 0 0 0 0 -2 
1 0 -1 0 1 0 0 0 0 -1 
1 0 0 1 0 0 0 0 0 -1 
1 0 0 -1 0 0 1 0 0 -2 
1 0 0 0 0 0 1 0 0 -3 
T(S3): (0, i, 2, n, 0, o, 0)
loop types (loop, loop, loop, loop, loop, loop, loop)

Read accesses
A[o-1][n-2][i+2]
A[o-1][n-1][i+1]
A[i][o+1][n]
A[o][n-1][i]
Write accesses
A[o-1][n-1][i+1]
Original loop: 0 -> yes
Original loop: 1 -> yes
Original loop: 2 -> yes

S4 "B[p] = B[p+1] + B[p+1] + B[p+1] - 4;"
ndims: 1; orig_depth: 1
iterators: p
Index set
3 8
1 1 0 0 0 0 0 0 
1 -1 0 0 0 1 0 -2 
1 0 0 0 0 1 0 -2 
T(S4): (1, p, 0, 0, 0, 0, 0)
loop types (loop, loop, loop, scalar, scalar, scalar, scalar)

Read accesses
B[p+1]
B[p+1]
B[p+1]
Write accesses
B[p]
Original loop: 0 -> yes

S5 "A[q-1][r+1][r-1] = A[q][r+1][r-1] + A[q-1][r+1][r+1] + A[s+1][r-1][q-1] * 5;"
ndims: 3; orig_depth: 3
iterators: q, r, s
Index set
9 10
1 1 0 0 0 0 0 0 0 -1 
1 -1 0 0 0 0 0 0 1 -2 
1 0 0 0 0 0 0 0 1 -3 
1 0 1 0 0 0 0 0 0 -1 
1 0 -1 0 0 0 1 0 0 -2 
1 0 0 0 0 0 1 0 0 -3 
1 0 0 1 0 0 0 0 0 1 
1 0 0 -1 0 1 0 0 0 -2 
1 0 0 0 0 1 0 0 0 -1 
T(S5): (2, q, 0, r, 0, s, 0)
loop types (loop, loop, loop, loop, loop, loop, loop)

Read accesses
A[q][r+1][r-1]
A[q-1][r+1][r+1]
A[s+1][r-1][q-1]
Write accesses
A[q-1][r+1][r-1]
Original loop: 0 -> yes
Original loop: 1 -> yes
Original loop: 2 -> yes

S6 "C[q][t] = C[q][t+1] * C[q+1][t] + 2;"
ndims: 2; orig_depth: 2
iterators: q, t
Index set
5 9
1 1 0 0 0 0 0 0 -1 
1 -1 0 0 0 0 0 1 -2 
1 0 0 0 0 0 0 1 -3 
1 0 1 0 0 0 0 0 0 
1 1 -1 0 0 0 0 0 -1 
T(S6): (2, q, 1, t, 0, 0, 0)
loop types (loop, loop, loop, loop, loop, scalar, scalar)

Read accesses
C[q][t+1]
C[q+1][t]
Write accesses
C[q][t]
Original loop: 0 -> yes
Original loop: 1 -> yes

--- Dep 1 from S1 to S3; satisfied: 0, sat level: -1; Type: RAW
on variable: A
Dependence polyhedron
17 13
0 0 -1 0 0 0 1 0 0 0 0 0 -1 
0 0 0 -1 0 1 0 0 0 0 0 0 -1 
0 0 0 -1 1 0 0 0 0 0 0 0 1 
1 1 0 0 0 0 0 0 0 0 0 0 0 
1 -1 0 0 0 0 0 1 0 0 0 0 -3 
1 0 0 0 0 0 0 1 0 0 0 0 -400 
1 0 1 0 0 0 0 0 0 0 0 0 0 
1 0 -1 0 0 0 0 0 1 0 0 0 -1 
1 0 0 0 0 0 0 0 1 0 0 0 -500 
1 0 0 1 0 0 0 0 0 0 0 0 -1 
1 0 0 -1 0 0 0 0 0 1 0 0 -1 
1 0 0 0 0 0 0 0 0 1 0 0 -400 
1 0 0 0 0 0 0 0 0 0 1 0 -400 
1 0 0 0 0 0 0 0 0 0 0 1 -300 
1 0 -1 0 0 0 0 0 0 1 0 0 -3 
1 0 0 -1 0 0 0 1 0 0 0 0 -2 
1 -1 0 1 0 0 0 0 0 0 0 0 -1 

--- Dep 2 from S3 to S5; satisfied: 0, sat level: -1; Type: RAW
on variable: A
Dependence polyhedron
16 13
0 -1 0 0 0 1 0 0 0 0 0 0 0 
0 0 0 -1 1 0 0 0 0 0 0 0 0 
0 -1 1 0 0 0 0 0 0 0 0 0 -2 
1 1 0 0 0 0 0 0 0 0 0 0 -1 
1 -1 0 0 0 0 0 1 0 0 0 0 -3 
1 0 0 0 0 0 0 1 0 0 0 0 -400 
1 0 0 0 0 0 0 0 0 0 1 0 -400 
1 0 0 0 0 0 0 0 1 0 0 0 -500 
1 0 0 1 0 0 0 0 0 0 0 0 -1 
1 0 0 -1 0 0 0 0 0 1 0 0 -2 
1 0 0 0 0 0 0 0 0 1 0 0 -400 
1 0 0 0 0 0 -1 0 1 0 0 0 -2 
1 0 0 0 0 0 0 0 0 0 0 1 -300 
1 0 0 0 0 0 1 0 0 0 0 0 1 
1 -1 0 0 0 0 0 0 0 1 0 0 -2 
1 0 0 -1 0 0 0 0 0 0 0 1 -2 

--- Dep 3 from S1 to S5; satisfied: 0, sat level: -1; Type: RAW
on variable: A
Dependence polyhedron
15 13
0 0 -1 0 0 0 1 0 0 0 0 0 1 
0 0 0 -1 0 1 0 0 0 0 0 0 -1 
0 0 0 -1 1 0 0 0 0 0 0 0 -1 
1 1 0 0 0 0 0 0 0 0 0 0 0 
1 -1 0 0 0 0 0 1 0 0 0 0 -3 
1 0 0 0 0 0 0 1 0 0 0 0 -400 
1 0 1 0 0 0 0 0 0 0 0 0 0 
1 0 -1 0 0 0 0 0 1 0 0 0 -1 
1 0 0 0 0 0 0 0 1 0 0 0 -500 
1 0 0 1 0 0 0 0 0 0 0 0 0 
1 0 0 -1 0 0 0 0 0 1 0 0 -3 
1 0 0 0 0 0 0 0 0 1 0 0 -400 
1 0 0 0 0 0 0 0 0 0 1 0 -400 
1 0 0 0 0 0 0 0 0 0 0 1 -300 
1 0 0 -1 0 0 0 0 0 0 0 1 -3 

--- Dep 4 from S2 to S3; satisfied: 0, sat level: -1; Type: RAW
on variable: A
Dependence polyhedron
17 13
0 0 -1 0 0 0 1 0 0 0 0 0 2 
0 -1 0 0 0 1 0 0 0 0 0 0 0 
0 0 0 -1 1 0 0 0 0 0 0 0 -1 
1 1 0 0 0 0 0 0 0 0 0 0 -2 
1 -1 0 0 0 0 0 1 0 0 0 0 -3 
1 0 0 0 0 0 0 1 0 0 0 0 -400 
1 0 1 0 0 0 0 0 0 0 0 0 -3 
1 1 -1 0 0 0 0 0 0 0 0 0 -1 
1 0 0 0 0 0 0 0 1 0 0 0 -500 
1 0 0 1 0 0 0 0 0 0 0 0 1 
1 0 0 -1 0 0 0 0 1 0 0 0 -2 
1 0 0 0 0 0 0 0 0 0 1 0 -400 
1 0 0 0 0 0 0 0 0 0 0 1 -300 
1 0 0 0 0 0 0 0 0 1 0 0 -400 
1 0 -1 0 0 0 0 0 0 1 0 0 0 
1 0 0 -1 0 0 0 1 0 0 0 0 -4 
1 -1 0 1 0 0 0 0 0 0 0 0 1 

--- Dep 5 from S1 to S3; satisfied: 0, sat level: -1; Type: RAW
on variable: A
Dependence polyhedron
17 13
0 0 0 -1 0 0 1 0 0 0 0 0 1 
0 0 0 -1 0 1 0 0 0 0 0 0 0 
0 0 -1 0 1 0 0 0 0 0 0 0 0 
1 1 0 0 0 0 0 0 0 0 0 0 0 
1 -1 0 0 0 0 0 1 0 0 0 0 -3 
1 0 0 0 0 0 0 1 0 0 0 0 -400 
1 0 1 0 0 0 0 0 0 0 0 0 0 
1 0 -1 0 0 0 0 0 1 0 0 0 -1 
1 0 0 0 0 0 0 0 1 0 0 0 -500 
1 0 0 1 0 0 0 0 0 0 0 0 -2 
1 0 0 -1 0 0 0 0 0 1 0 0 -1 
1 0 0 0 0 0 0 0 0 1 0 0 -400 
1 0 0 0 0 0 0 0 0 0 1 0 -400 
1 0 0 0 0 0 0 0 0 0 0 1 -300 
1 0 0 -1 0 0 0 1 0 0 0 0 -1 
1 0 -1 0 0 0 0 1 0 0 0 0 -3 
1 -1 1 0 0 0 0 0 0 0 0 0 0 

--- Dep 6 from S1 to S3; satisfied: 0, sat level: -1; Type: RAW
on variable: A
Dependence polyhedron
17 13
0 0 -1 0 0 0 1 0 0 0 0 0 0 
0 0 0 -1 0 1 0 0 0 0 0 0 -1 
0 0 0 -1 1 0 0 0 0 0 0 0 0 
1 1 0 0 0 0 0 0 0 0 0 0 0 
1 -1 0 0 0 0 0 1 0 0 0 0 -3 
1 0 0 0 0 0 0 1 0 0 0 0 -400 
1 0 1 0 0 0 0 0 0 0 0 0 -1 
1 0 -1 0 0 0 0 0 1 0 0 0 -1 
1 0 0 0 0 0 0 0 1 0 0 0 -500 
1 0 0 1 0 0 0 0 0 0 0 0 -1 
1 0 0 -1 0 0 0 0 0 1 0 0 -1 
1 0 0 0 0 0 0 0 0 1 0 0 -400 
1 0 0 0 0 0 0 0 0 0 1 0 -400 
1 0 0 0 0 0 0 0 0 0 0 1 -300 
1 0 -1 0 0 0 0 0 0 1 0 0 -2 
1 0 0 -1 0 0 0 1 0 0 0 0 -3 
1 -1 0 1 0 0 0 0 0 0 0 0 0 

--- Dep 7 from S3 to S3; satisfied: 0, sat level: -1; Type: RAW
on variable: A
Dependence polyhedron
15 13
0 0 -1 0 0 0 1 0 0 0 0 0 2 
0 -1 0 0 0 1 0 0 0 0 0 0 -1 
0 0 0 -1 1 0 0 0 0 0 0 0 1 
1 1 0 0 0 0 0 0 0 0 0 0 -1 
1 0 0 -1 0 0 0 1 0 0 0 0 -2 
1 0 0 0 0 0 0 1 0 0 0 0 -400 
1 0 1 0 0 0 0 0 0 0 0 0 -3 
1 0 -1 0 0 0 0 1 0 0 0 0 -1 
1 -1 0 1 0 0 0 0 0 0 0 0 -2 
1 0 0 -1 0 0 0 0 0 1 0 0 -2 
1 0 0 0 0 0 0 0 0 1 0 0 -400 
1 0 0 0 0 0 0 0 0 0 1 0 -400 
1 0 0 0 0 0 0 0 0 0 0 1 -300 
1 0 0 0 0 0 0 0 1 0 0 0 -500 
1 0 -1 0 0 0 0 0 0 1 0 0 0 

--- Dep 8 from S3 to S3; satisfied: 0, sat level: -1; Type: RAW
on variable: A
Dependence polyhedron
13 13
0 0 -1 0 0 0 1 0 0 0 0 0 2 
0 -1 0 0 0 1 0 0 0 0 0 0 -1 
0 -1 0 0 1 0 0 0 0 0 0 0 0 
0 -1 0 1 0 0 0 0 0 0 0 0 -1 
1 0 0 0 0 0 0 0 0 0 0 1 -300 
1 -1 0 0 0 0 0 1 0 0 0 0 -3 
1 0 0 0 0 0 0 1 0 0 0 0 -400 
1 0 1 0 0 0 0 0 0 0 0 0 -3 
1 0 0 0 0 0 0 0 1 0 0 0 -500 
1 1 -1 0 0 0 0 0 0 0 0 0 0 
1 -1 0 0 0 0 0 0 0 1 0 0 -3 
1 0 0 0 0 0 0 0 0 1 0 0 -400 
1 0 0 0 0 0 0 0 0 0 1 0 -400 

--- Dep 9 from S2 to S3; satisfied: 0, sat level: -1; Type: RAW
on variable: A
Dependence polyhedron
16 13
0 0 0 -1 0 0 1 0 0 0 0 0 -1 
0 0 -1 0 0 1 0 0 0 0 0 0 0 
0 -1 0 0 1 0 0 0 0 0 0 0 0 
1 1 0 0 0 0 0 0 0 0 0 0 -2 
1 -1 0 0 0 0 0 1 0 0 0 0 -3 
1 0 0 0 0 0 0 1 0 0 0 0 -400 
1 0 1 0 0 0 0 0 0 0 0 0 -2 
1 1 -1 0 0 0 0 0 0 0 0 0 -1 
1 0 0 0 0 0 0 0 1 0 0 0 -500 
1 0 0 1 0 0 0 0 0 0 0 0 0 
1 0 0 -1 0 0 0 0 1 0 0 0 -2 
1 0 0 0 0 0 0 0 0 0 1 0 -400 
1 0 0 0 0 0 0 0 0 0 0 1 -300 
1 0 0 0 0 0 0 0 0 1 0 0 -400 
1 0 0 -1 0 0 0 0 0 1 0 0 -3 
1 0 -1 0 0 0 0 1 0 0 0 0 -1 

--- Dep 10 from S3 to S3; satisfied: 0, sat level: -1; Type: RAW
on variable: A
Dependence polyhedron
14 13
0 0 0 -1 0 0 1 0 0 0 0 0 1 
0 0 -1 0 0 1 0 0 0 0 0 0 0 
0 -1 0 0 1 0 0 0 0 0 0 0 -1 
1 1 0 0 0 0 0 0 0 0 0 0 0 
1 -1 0 0 0 0 0 1 0 0 0 0 -4 
1 0 0 0 0 0 0 1 0 0 0 0 -400 
1 0 1 0 0 0 0 0 0 0 0 0 -2 
1 0 -1 0 0 0 0 1 0 0 0 0 -1 
1 0 0 1 0 0 0 0 0 0 0 0 -2 
1 0 0 -1 0 0 0 0 0 1 0 0 -2 
1 0 0 0 0 0 0 0 0 1 0 0 -400 
1 0 0 0 0 0 0 0 0 0 1 0 -400 
1 0 0 0 0 0 0 0 0 0 0 1 -300 
1 0 0 0 0 0 0 0 1 0 0 0 -500 

--- Dep 11 from S3 to S5; satisfied: 0, sat level: -1; Type: RAW
on variable: A
Dependence polyhedron
16 13
0 -1 0 0 0 1 0 0 0 0 0 0 -2 
0 0 0 -1 1 0 0 0 0 0 0 0 1 
0 -1 1 0 0 0 0 0 0 0 0 0 -4 
1 1 0 0 0 0 0 0 0 0 0 0 0 
1 -1 0 0 0 0 0 1 0 0 0 0 -5 
1 0 0 0 0 0 0 1 0 0 0 0 -400 
1 0 0 0 0 0 0 0 0 0 1 0 -400 
1 0 0 0 0 0 0 0 1 0 0 0 -500 
1 0 0 1 0 0 0 0 0 0 0 0 -2 
1 0 0 -1 0 0 0 0 0 1 0 0 -2 
1 0 0 0 0 0 0 0 0 1 0 0 -400 
1 0 0 0 0 0 -1 0 1 0 0 0 -2 
1 0 0 0 0 0 0 0 0 0 0 1 -300 
1 0 0 0 0 0 1 0 0 0 0 0 1 
1 -1 0 0 0 0 0 0 0 1 0 0 -4 
1 0 0 -1 0 0 0 0 0 0 0 1 -1 

--- Dep 12 from S3 to S5; satisfied: 0, sat level: -1; Type: RAW
on variable: A
Dependence polyhedron
17 13
0 0 0 -1 0 0 1 0 0 0 0 0 2 
0 0 -1 0 0 1 0 0 0 0 0 0 0 
0 -1 0 0 1 0 0 0 0 0 0 0 -2 
1 1 0 0 0 0 0 0 0 0 0 0 0 
1 -1 0 0 0 0 0 1 0 0 0 0 -3 
1 0 0 0 0 0 0 1 0 0 0 0 -400 
1 0 1 0 0 0 0 0 0 0 0 0 -2 
1 0 -1 0 0 0 0 1 0 0 0 0 -1 
1 0 0 1 0 0 0 0 0 0 0 0 -1 
1 0 0 -1 0 0 0 0 0 1 0 0 -2 
1 0 0 0 0 0 0 0 0 1 0 0 -400 
1 0 0 0 0 0 0 0 0 0 1 0 -400 
1 0 0 0 0 0 0 0 0 0 0 1 -300 
1 0 0 0 0 0 0 0 1 0 0 0 -500 
1 0 0 -1 0 0 0 0 1 0 0 0 0 
1 -1 0 0 0 0 0 0 0 0 0 1 -4 
1 0 -1 0 0 0 0 0 0 1 0 0 -2 

--- Dep 13 from S2 to S5; satisfied: 0, sat level: -1; Type: RAW
on variable: A
Dependence polyhedron
16 13
0 0 0 -1 0 0 1 0 0 0 0 0 0 
0 0 -1 0 0 1 0 0 0 0 0 0 0 
0 -1 0 0 1 0 0 0 0 0 0 0 -1 
1 1 0 0 0 0 0 0 0 0 0 0 -2 
1 -1 0 0 0 0 0 1 0 0 0 0 -3 
1 0 0 0 0 0 0 1 0 0 0 0 -400 
1 0 1 0 0 0 0 0 0 0 0 0 -1 
1 1 -1 0 0 0 0 0 0 0 0 0 -1 
1 0 0 0 0 0 0 0 1 0 0 0 -500 
1 0 0 1 0 0 0 0 0 0 0 0 1 
1 0 0 -1 0 0 0 0 1 0 0 0 -2 
1 0 0 0 0 0 0 0 0 0 1 0 -400 
1 0 0 0 0 0 0 0 0 0 0 1 -300 
1 0 0 0 0 0 0 0 0 1 0 0 -400 
1 0 -1 0 0 0 0 0 0 1 0 0 -2 
1 -1 0 0 0 0 0 0 0 0 0 1 -3 

--- Dep 14 from S1 to S5; satisfied: 0, sat level: -1; Type: RAW
on variable: A
Dependence polyhedron
16 13
0 0 0 -1 0 1 0 0 0 0 0 0 1 
0 0 -1 0 1 0 0 0 0 0 0 0 -1 
1 1 0 0 0 0 0 0 0 0 0 0 0 
1 -1 0 0 0 0 0 1 0 0 0 0 -3 
1 0 0 0 0 0 0 1 0 0 0 0 -400 
1 0 1 0 0 0 0 0 0 0 0 0 0 
1 0 -1 0 0 0 0 0 1 0 0 0 -1 
1 0 0 0 0 0 0 0 1 0 0 0 -500 
1 0 0 1 0 0 0 0 0 0 0 0 -2 
1 0 0 -1 0 0 0 0 0 1 0 0 -1 
1 0 0 0 0 0 0 0 0 1 0 0 -400 
1 0 0 0 0 0 0 0 0 0 1 0 -400 
1 0 0 0 0 0 0 0 0 0 0 1 -300 
1 0 0 0 0 0 -1 0 1 0 0 0 -2 
1 0 -1 0 0 0 0 0 0 0 0 1 -3 
1 0 0 0 0 0 1 0 0 0 0 0 1 

--- Dep 15 from S5 to S5; satisfied: 0, sat level: -1; Type: RAW
on variable: A
Dependence polyhedron
15 13
0 -1 0 0 0 0 1 0 0 0 0 0 2 
0 0 -1 0 0 1 0 0 0 0 0 0 -2 
0 0 -1 0 1 0 0 0 0 0 0 0 0 
1 1 0 0 0 0 0 0 0 0 0 0 -1 
1 0 -1 0 0 0 0 0 0 0 0 1 -2 
1 0 0 0 0 0 0 0 0 0 0 1 -300 
1 -1 1 0 0 0 0 0 0 0 0 0 0 
1 0 -1 0 0 0 0 0 0 1 0 0 -4 
1 0 0 0 0 0 0 0 0 1 0 0 -400 
1 0 0 1 0 0 0 0 0 0 0 0 1 
1 0 0 -1 0 0 0 0 1 0 0 0 -2 
1 0 0 0 0 0 0 0 1 0 0 0 -500 
1 0 0 0 0 0 0 0 0 0 1 0 -400 
1 0 0 0 0 0 0 1 0 0 0 0 -400 
1 -1 0 0 0 0 0 0 1 0 0 0 0 

--- Dep 16 from S1 to S3; satisfied: 0, sat level: -1; Type: RAW
on variable: A
Dependence polyhedron
17 13
0 0 -1 0 0 0 1 0 0 0 0 0 -1 
0 0 0 -1 0 1 0 0 0 0 0 0 -2 
0 0 0 -1 1 0 0 0 0 0 0 0 2 
1 1 0 0 0 0 0 0 0 0 0 0 0 
1 -1 0 0 0 0 0 1 0 0 0 0 -3 
1 0 0 0 0 0 0 1 0 0 0 0 -400 
1 0 1 0 0 0 0 0 0 0 0 0 0 
1 0 -1 0 0 0 0 0 1 0 0 0 -1 
1 0 0 0 0 0 0 0 1 0 0 0 -500 
1 0 0 1 0 0 0 0 0 0 0 0 -2 
1 0 0 -1 0 0 0 0 0 1 0 0 -1 
1 0 0 0 0 0 0 0 0 1 0 0 -400 
1 0 0 0 0 0 0 0 0 0 1 0 -400 
1 0 0 0 0 0 0 0 0 0 0 1 -300 
1 0 -1 0 0 0 0 0 0 1 0 0 -3 
1 0 0 -1 0 0 0 1 0 0 0 0 -3 
1 -1 0 1 0 0 0 0 0 0 0 0 -2 

--- Dep 17 from S3 to S1; satisfied: 0, sat level: -1; Type: WAR
on variable: A
Dependence polyhedron
17 13
0 -1 0 0 0 0 1 0 0 0 0 0 0 
0 0 0 -1 0 1 0 0 0 0 0 0 0 
0 -1 1 0 0 0 0 0 0 0 0 0 -1 
1 1 0 0 0 0 0 0 0 0 0 0 -1 
1 -1 0 0 0 0 0 1 0 0 0 0 -3 
1 0 0 0 0 0 0 1 0 0 0 0 -400 
1 0 0 0 0 0 0 0 0 0 0 1 -300 
1 0 0 0 0 0 0 0 0 0 1 0 -400 
1 0 0 1 0 0 0 0 0 0 0 0 -1 
1 0 0 -1 0 0 0 0 0 1 0 0 -2 
1 0 0 0 0 0 0 0 0 1 0 0 -400 
1 -1 0 0 0 0 0 0 0 1 0 0 -1 
1 0 0 0 0 0 0 0 1 0 0 0 -500 
1 0 0 -1 0 0 0 0 1 0 0 0 -1 
1 0 0 0 1 0 0 0 0 0 0 0 0 
1 0 0 0 -1 0 0 1 0 0 0 0 -3 
1 -1 0 0 1 0 0 0 0 0 0 0 -1 

--- Dep 18 from S4 to S4; satisfied: 0, sat level: -1; Type: WAR
on variable: B
Dependence polyhedron
8 9
0 -1 1 0 0 0 0 0 -1 
1 1 0 0 0 0 0 0 0 
1 -1 0 0 0 0 1 0 -3 
1 0 0 0 0 0 1 0 -400 
1 0 0 1 0 0 0 0 -400 
1 0 0 0 0 0 0 1 -300 
1 0 0 0 1 0 0 0 -500 
1 0 0 0 0 1 0 0 -400 

--- Dep 19 from S4 to S4; satisfied: 0, sat level: -1; Type: WAR
on variable: B
Dependence polyhedron
8 9
0 -1 1 0 0 0 0 0 -1 
1 1 0 0 0 0 0 0 0 
1 -1 0 0 0 0 1 0 -3 
1 0 0 0 0 0 1 0 -400 
1 0 0 1 0 0 0 0 -400 
1 0 0 0 0 0 0 1 -300 
1 0 0 0 1 0 0 0 -500 
1 0 0 0 0 1 0 0 -400 

--- Dep 20 from S3 to S2; satisfied: 0, sat level: -1; Type: WAR
on variable: A
Dependence polyhedron
17 13
0 -1 0 0 0 0 1 0 0 0 0 0 1 
0 0 0 -1 0 1 0 0 0 0 0 0 -2 
0 0 -1 0 1 0 0 0 0 0 0 0 0 
1 1 0 0 0 0 0 0 0 0 0 0 0 
1 -1 0 0 0 0 0 1 0 0 0 0 -3 
1 0 0 0 0 0 0 1 0 0 0 0 -400 
1 0 1 0 0 0 0 0 0 0 0 0 -2 
1 0 -1 0 0 0 0 1 0 0 0 0 -3 
1 0 0 1 0 0 0 0 0 0 0 0 -1 
1 0 0 -1 0 0 0 0 0 1 0 0 -2 
1 0 0 0 0 0 0 0 0 1 0 0 -400 
1 0 0 0 0 0 0 0 0 0 1 0 -400 
1 0 0 0 0 0 0 0 0 0 0 1 -300 
1 0 0 0 0 0 0 0 1 0 0 0 -500 
1 -1 0 0 0 0 0 0 1 0 0 0 -1 
1 0 1 -1 0 0 0 0 0 0 0 0 -3 
1 -1 1 0 0 0 0 0 0 0 0 0 -1 

--- Dep 21 from S2 to S3; satisfied: 0, sat level: -1; Type: WAR
on variable: A
Dependence polyhedron
16 13
0 0 0 -1 0 0 1 0 0 0 0 0 -2 
0 0 -1 0 0 1 0 0 0 0 0 0 0 
0 -1 0 0 1 0 0 0 0 0 0 0 0 
1 1 0 0 0 0 0 0 0 0 0 0 -2 
1 -1 0 0 0 0 0 1 0 0 0 0 -3 
1 0 0 0 0 0 0 1 0 0 0 0 -400 
1 0 1 0 0 0 0 0 0 0 0 0 -2 
1 1 -1 0 0 0 0 0 0 0 0 0 -1 
1 0 0 0 0 0 0 0 1 0 0 0 -500 
1 0 0 1 0 0 0 0 0 0 0 0 1 
1 0 0 -1 0 0 0 0 1 0 0 0 -2 
1 0 0 0 0 0 0 0 0 0 1 0 -400 
1 0 0 0 0 0 0 0 0 0 0 1 -300 
1 0 0 0 0 0 0 0 0 1 0 0 -400 
1 0 0 -1 0 0 0 0 0 1 0 0 -4 
1 0 -1 0 0 0 0 1 0 0 0 0 -1 

--- Dep 22 from S3 to S5; satisfied: 0, sat level: -1; Type: WAR
on variable: A
Dependence polyhedron
16 13
0 -1 0 0 0 1 0 0 0 0 0 0 -3 
0 0 0 -1 1 0 0 0 0 0 0 0 0 
0 -1 1 0 0 0 0 0 0 0 0 0 -6 
1 1 0 0 0 0 0 0 0 0 0 0 0 
1 -1 0 0 0 0 0 1 0 0 0 0 -7 
1 0 0 0 0 0 0 1 0 0 0 0 -400 
1 0 0 0 0 0 0 0 0 0 1 0 -400 
1 0 0 0 0 0 0 0 1 0 0 0 -500 
1 0 0 1 0 0 0 0 0 0 0 0 -1 
1 0 0 -1 0 0 0 0 0 1 0 0 -2 
1 0 0 0 0 0 0 0 0 1 0 0 -400 
1 0 0 0 0 0 -1 0 1 0 0 0 -2 
1 0 0 0 0 0 0 0 0 0 0 1 -300 
1 0 0 0 0 0 1 0 0 0 0 0 1 
1 -1 0 0 0 0 0 0 0 1 0 0 -5 
1 0 0 -1 0 0 0 0 0 0 0 1 -2 

--- Dep 23 from S2 to S2; satisfied: 0, sat level: -1; Type: WAR
on variable: A
Dependence polyhedron
14 13
0 0 0 -1 0 0 1 0 0 0 0 0 0 
0 0 -1 0 0 1 0 0 0 0 0 0 0 
0 -1 0 0 1 0 0 0 0 0 0 0 -1 
1 1 0 0 0 0 0 0 0 0 0 0 -2 
1 -1 0 0 0 0 0 1 0 0 0 0 -4 
1 0 0 0 0 0 0 1 0 0 0 0 -400 
1 0 1 0 0 0 0 0 0 0 0 0 -1 
1 1 -1 0 0 0 0 0 0 0 0 0 -1 
1 0 0 0 0 0 0 0 1 0 0 0 -500 
1 0 0 1 0 0 0 0 0 0 0 0 1 
1 0 0 -1 0 0 0 0 1 0 0 0 -2 
1 0 0 0 0 0 0 0 0 0 1 0 -400 
1 0 0 0 0 0 0 0 0 0 0 1 -300 
1 0 0 0 0 0 0 0 0 1 0 0 -400 

--- Dep 24 from S3 to S1; satisfied: 0, sat level: -1; Type: WAR
on variable: A
Dependence polyhedron
17 13
0 -1 0 0 0 0 1 0 0 0 0 0 -1 
0 0 0 -1 0 1 0 0 0 0 0 0 1 
0 -1 1 0 0 0 0 0 0 0 0 0 -2 
1 1 0 0 0 0 0 0 0 0 0 0 0 
1 -1 0 0 0 0 0 1 0 0 0 0 -3 
1 0 0 0 0 0 0 1 0 0 0 0 -400 
1 0 0 0 0 0 0 0 0 0 0 1 -300 
1 0 0 0 0 0 0 0 0 0 1 0 -400 
1 0 0 1 0 0 0 0 0 0 0 0 -1 
1 0 0 -1 0 0 0 0 0 1 0 0 -2 
1 0 0 0 0 0 0 0 0 1 0 0 -400 
1 -1 0 0 0 0 0 0 0 1 0 0 -2 
1 0 0 0 0 0 0 0 1 0 0 0 -500 
1 0 0 -1 0 0 0 0 1 0 0 0 0 
1 0 0 0 1 0 0 0 0 0 0 0 0 
1 0 0 0 -1 0 0 1 0 0 0 0 -3 
1 -1 0 0 1 0 0 0 0 0 0 0 -1 

--- Dep 25 from S6 to S6; satisfied: 0, sat level: -1; Type: WAR
on variable: C
Dependence polyhedron
11 11
0 0 -1 0 1 0 0 0 0 0 -1 
0 -1 0 1 0 0 0 0 0 0 0 
1 1 0 0 0 0 0 0 0 0 -1 
1 -1 0 0 0 0 0 0 0 1 -2 
1 0 0 0 0 0 0 0 0 1 -300 
1 0 1 0 0 0 0 0 0 0 0 
1 1 -1 0 0 0 0 0 0 0 -2 
1 0 0 0 0 0 0 0 1 0 -400 
1 0 0 0 0 1 0 0 0 0 -400 
1 0 0 0 0 0 1 0 0 0 -500 
1 0 0 0 0 0 0 1 0 0 -400 

--- Dep 26 from S5 to S5; satisfied: 0, sat level: -1; Type: WAR
on variable: A
Dependence polyhedron
17 13
0 -1 0 0 0 1 0 0 0 0 0 0 0 
0 0 0 -1 1 0 0 0 0 0 0 0 -2 
0 -1 1 0 0 0 0 0 0 0 0 0 -2 
1 1 0 0 0 0 0 0 0 0 0 0 -1 
1 -1 0 0 0 0 0 0 0 0 0 1 -2 
1 0 0 0 0 0 0 0 0 0 0 1 -300 
1 0 0 0 0 0 0 1 0 0 0 0 -400 
1 -1 0 0 0 0 0 0 0 1 0 0 -4 
1 0 0 0 0 0 0 0 0 1 0 0 -400 
1 0 0 1 0 0 0 0 0 0 0 0 1 
1 0 0 -1 0 0 0 0 1 0 0 0 -2 
1 0 0 0 0 0 0 0 1 0 0 0 -500 
1 0 0 0 0 0 0 0 0 0 1 0 -400 
1 0 0 0 0 0 -1 0 1 0 0 0 -2 
1 0 0 0 0 0 1 0 0 0 0 0 1 
1 0 0 -1 0 0 0 0 0 0 0 1 -4 
1 -1 0 1 0 0 0 0 0 0 0 0 1 

--- Dep 27 from S3 to S5; satisfied: 0, sat level: -1; Type: WAR
on variable: A
Dependence polyhedron
16 13
0 -1 0 0 0 1 0 0 0 0 0 0 -1 
0 0 0 -1 1 0 0 0 0 0 0 0 -1 
0 -1 1 0 0 0 0 0 0 0 0 0 -3 
1 1 0 0 0 0 0 0 0 0 0 0 0 
1 -1 0 0 0 0 0 1 0 0 0 0 -4 
1 0 0 0 0 0 0 1 0 0 0 0 -400 
1 0 0 0 0 0 0 0 0 0 1 0 -400 
1 0 0 0 0 0 0 0 1 0 0 0 -500 
1 0 0 1 0 0 0 0 0 0 0 0 -1 
1 0 0 -1 0 0 0 0 0 1 0 0 -2 
1 0 0 0 0 0 0 0 0 1 0 0 -400 
1 0 0 0 0 0 -1 0 1 0 0 0 -2 
1 0 0 0 0 0 0 0 0 0 0 1 -300 
1 0 0 0 0 0 1 0 0 0 0 0 1 
1 -1 0 0 0 0 0 0 0 1 0 0 -3 
1 0 0 -1 0 0 0 0 0 0 0 1 -3 

--- Dep 28 from S3 to S3; satisfied: 0, sat level: -1; Type: WAR
on variable: A
Dependence polyhedron
14 13
0 0 0 -1 0 0 1 0 0 0 0 0 0 
0 0 -1 0 0 1 0 0 0 0 0 0 1 
0 -1 0 0 1 0 0 0 0 0 0 0 -1 
1 1 0 0 0 0 0 0 0 0 0 0 0 
1 -1 0 0 0 0 0 1 0 0 0 0 -4 
1 0 0 0 0 0 0 1 0 0 0 0 -400 
1 0 1 0 0 0 0 0 0 0 0 0 -3 
1 0 -1 0 0 0 0 1 0 0 0 0 -1 
1 0 0 1 0 0 0 0 0 0 0 0 -1 
1 0 0 -1 0 0 0 0 0 1 0 0 -2 
1 0 0 0 0 0 0 0 0 1 0 0 -400 
1 0 0 0 0 0 0 0 0 0 1 0 -400 
1 0 0 0 0 0 0 0 0 0 0 1 -300 
1 0 0 0 0 0 0 0 1 0 0 0 -500 

--- Dep 29 from S3 to S5; satisfied: 0, sat level: -1; Type: WAR
on variable: A
Dependence polyhedron
16 13
0 0 -1 0 0 1 0 0 0 0 0 0 -1 
0 -1 0 0 1 0 0 0 0 0 0 0 -1 
0 0 -1 1 0 0 0 0 0 0 0 0 -1 
1 1 0 0 0 0 0 0 0 0 0 0 0 
1 -1 0 0 0 0 0 1 0 0 0 0 -3 
1 0 0 0 0 0 0 1 0 0 0 0 -400 
1 0 1 0 0 0 0 0 0 0 0 0 -2 
1 0 -1 0 0 0 0 1 0 0 0 0 -1 
1 0 0 0 0 0 0 0 0 0 1 0 -400 
1 0 -1 0 0 0 0 0 0 1 0 0 -3 
1 0 0 0 0 0 0 0 0 1 0 0 -400 
1 0 0 0 0 0 0 0 1 0 0 0 -500 
1 0 0 0 0 0 0 0 0 0 0 1 -300 
1 0 0 0 0 0 -1 0 1 0 0 0 -2 
1 0 0 0 0 0 1 0 0 0 0 0 1 
1 -1 0 0 0 0 0 0 0 0 0 1 -3 

--- Dep 30 from S4 to S4; satisfied: 0, sat level: -1; Type: WAR
on variable: B
Dependence polyhedron
8 9
0 -1 1 0 0 0 0 0 -1 
1 1 0 0 0 0 0 0 0 
1 -1 0 0 0 0 1 0 -3 
1 0 0 0 0 0 1 0 -400 
1 0 0 1 0 0 0 0 -400 
1 0 0 0 0 0 0 1 -300 
1 0 0 0 1 0 0 0 -500 
1 0 0 0 0 1 0 0 -400 

--- Dep 31 from S3 to S1; satisfied: 0, sat level: -1; Type: WAR
on variable: A
Dependence polyhedron
17 13
0 0 -1 0 0 0 1 0 0 0 0 0 0 
0 -1 0 0 0 1 0 0 0 0 0 0 0 
0 0 -1 1 0 0 0 0 0 0 0 0 1 
1 1 0 0 0 0 0 0 0 0 0 0 0 
1 -1 0 0 0 0 0 1 0 0 0 0 -3 
1 0 0 0 0 0 0 1 0 0 0 0 -400 
1 0 1 0 0 0 0 0 0 0 0 0 -2 
1 0 -1 0 0 0 0 1 0 0 0 0 -1 
1 0 0 0 0 0 0 0 0 0 0 1 -300 
1 0 -1 0 0 0 0 0 0 1 0 0 -1 
1 0 0 0 0 0 0 0 0 1 0 0 -400 
1 0 0 0 0 0 0 0 0 0 1 0 -400 
1 0 0 0 0 0 0 0 1 0 0 0 -500 
1 -1 0 0 0 0 0 0 1 0 0 0 -1 
1 0 0 0 1 0 0 0 0 0 0 0 0 
1 0 0 0 -1 0 0 1 0 0 0 0 -3 
1 -1 0 0 1 0 0 0 0 0 0 0 -1 

--- Dep 32 from S3 to S2; satisfied: 0, sat level: -1; Type: WAR
on variable: A
Dependence polyhedron
16 13
0 0 0 -1 0 0 1 0 0 0 0 0 2 
0 0 -1 0 0 1 0 0 0 0 0 0 1 
0 -1 0 0 1 0 0 0 0 0 0 0 -2 
1 1 0 0 0 0 0 0 0 0 0 0 0 
1 -1 0 0 0 0 0 1 0 0 0 0 -5 
1 0 0 0 0 0 0 1 0 0 0 0 -400 
1 0 1 0 0 0 0 0 0 0 0 0 -2 
1 0 -1 0 0 0 0 1 0 0 0 0 -1 
1 0 0 1 0 0 0 0 0 0 0 0 -1 
1 0 0 -1 0 0 0 0 0 1 0 0 -2 
1 0 0 0 0 0 0 0 0 1 0 0 -400 
1 0 0 0 0 0 0 0 0 0 1 0 -400 
1 0 0 0 0 0 0 0 0 0 0 1 -300 
1 0 0 0 0 0 0 0 1 0 0 0 -500 
1 0 0 -1 0 0 0 0 1 0 0 0 0 
1 1 -1 0 0 0 0 0 0 0 0 0 2 

--- Dep 33 from S3 to S5; satisfied: 0, sat level: -1; Type: WAR
on variable: A
Dependence polyhedron
16 13
0 -1 0 0 0 1 0 0 0 0 0 0 -2 
0 0 0 -1 1 0 0 0 0 0 0 0 0 
0 -1 1 0 0 0 0 0 0 0 0 0 -4 
1 1 0 0 0 0 0 0 0 0 0 0 0 
1 -1 0 0 0 0 0 1 0 0 0 0 -5 
1 0 0 0 0 0 0 1 0 0 0 0 -400 
1 0 0 0 0 0 0 0 0 0 1 0 -400 
1 0 0 0 0 0 0 0 1 0 0 0 -500 
1 0 0 1 0 0 0 0 0 0 0 0 -1 
1 0 0 -1 0 0 0 0 0 1 0 0 -2 
1 0 0 0 0 0 0 0 0 1 0 0 -400 
1 0 0 0 0 0 -1 0 1 0 0 0 -2 
1 0 0 0 0 0 0 0 0 0 0 1 -300 
1 0 0 0 0 0 1 0 0 0 0 0 1 
1 -1 0 0 0 0 0 0 0 1 0 0 -4 
1 0 0 -1 0 0 0 0 0 0 0 1 -2 

--- Dep 34 from S3 to S1; satisfied: 0, sat level: -1; Type: WAR
on variable: A
Dependence polyhedron
17 13
0 -1 0 0 0 0 1 0 0 0 0 0 -2 
0 0 0 -1 0 1 0 0 0 0 0 0 1 
0 -1 1 0 0 0 0 0 0 0 0 0 -4 
1 1 0 0 0 0 0 0 0 0 0 0 0 
1 -1 0 0 0 0 0 1 0 0 0 0 -5 
1 0 0 0 0 0 0 1 0 0 0 0 -400 
1 0 0 0 0 0 0 0 0 0 0 1 -300 
1 0 0 0 0 0 0 0 0 0 1 0 -400 
1 0 0 1 0 0 0 0 0 0 0 0 -1 
1 0 0 -1 0 0 0 0 0 1 0 0 -2 
1 0 0 0 0 0 0 0 0 1 0 0 -400 
1 -1 0 0 0 0 0 0 0 1 0 0 -3 
1 0 0 0 0 0 0 0 1 0 0 0 -500 
1 0 0 -1 0 0 0 0 1 0 0 0 0 
1 0 0 0 1 0 0 0 0 0 0 0 0 
1 0 0 0 -1 0 0 1 0 0 0 0 -3 
1 -1 0 0 1 0 0 0 0 0 0 0 -1 

--- Dep 35 from S3 to S2; satisfied: 0, sat level: -1; Type: WAR
on variable: A
Dependence polyhedron
16 13
0 0 0 -1 0 0 1 0 0 0 0 0 2 
0 0 -1 0 0 1 0 0 0 0 0 0 0 
0 -1 0 0 1 0 0 0 0 0 0 0 -1 
1 1 0 0 0 0 0 0 0 0 0 0 -1 
1 -1 0 0 0 0 0 1 0 0 0 0 -4 
1 0 0 0 0 0 0 1 0 0 0 0 -400 
1 0 1 0 0 0 0 0 0 0 0 0 -2 
1 0 -1 0 0 0 0 1 0 0 0 0 -1 
1 0 0 1 0 0 0 0 0 0 0 0 -1 
1 0 0 -1 0 0 0 0 0 1 0 0 -2 
1 0 0 0 0 0 0 0 0 1 0 0 -400 
1 0 0 0 0 0 0 0 0 0 1 0 -400 
1 0 0 0 0 0 0 0 0 0 0 1 -300 
1 0 0 0 0 0 0 0 1 0 0 0 -500 
1 0 0 -1 0 0 0 0 1 0 0 0 0 
1 1 -1 0 0 0 0 0 0 0 0 0 0 

--- Dep 36 from S5 to S5; satisfied: 0, sat level: -1; Type: WAR
on variable: A
Dependence polyhedron
15 13
0 0 -1 0 0 1 0 0 0 0 0 0 0 
0 -1 0 0 1 0 0 0 0 0 0 0 -1 
1 1 0 0 0 0 0 0 0 0 0 0 -1 
1 -1 0 0 0 0 0 0 0 0 0 1 -3 
1 0 0 0 0 0 0 0 0 0 0 1 -300 
1 0 1 0 0 0 0 0 0 0 0 0 -1 
1 0 -1 0 0 0 0 0 0 1 0 0 -2 
1 0 0 0 0 0 0 0 0 1 0 0 -400 
1 0 0 1 0 0 0 0 0 0 0 0 1 
1 0 0 -1 0 0 0 0 1 0 0 0 -2 
1 0 0 0 0 0 0 0 1 0 0 0 -500 
1 0 0 0 0 0 0 0 0 0 1 0 -400 
1 0 0 0 0 0 0 1 0 0 0 0 -400 
1 0 0 0 0 0 -1 0 1 0 0 0 -2 
1 0 0 0 0 0 1 0 0 0 0 0 1 

--- Dep 37 from S6 to S6; satisfied: 0, sat level: -1; Type: WAR
on variable: C
Dependence polyhedron
11 11
0 0 -1 0 1 0 0 0 0 0 0 
0 -1 0 1 0 0 0 0 0 0 -1 
1 1 0 0 0 0 0 0 0 0 -1 
1 -1 0 0 0 0 0 0 0 1 -3 
1 0 0 0 0 0 0 0 0 1 -300 
1 0 1 0 0 0 0 0 0 0 0 
1 1 -1 0 0 0 0 0 0 0 -1 
1 0 0 0 0 0 0 0 1 0 -400 
1 0 0 0 0 1 0 0 0 0 -400 
1 0 0 0 0 0 1 0 0 0 -500 
1 0 0 0 0 0 0 1 0 0 -400 

--- Dep 38 from S3 to S3; satisfied: 0, sat level: -1; Type: WAR
on variable: A
Dependence polyhedron
15 13
0 -1 0 0 0 0 1 0 0 0 0 0 -1 
0 0 0 -1 0 1 0 0 0 0 0 0 -2 
0 0 -1 0 1 0 0 0 0 0 0 0 1 
1 1 0 0 0 0 0 0 0 0 0 0 0 
1 0 0 -1 0 0 0 1 0 0 0 0 -3 
1 0 0 0 0 0 0 1 0 0 0 0 -400 
1 -1 1 0 0 0 0 0 0 0 0 0 -2 
1 0 -1 0 0 0 0 1 0 0 0 0 -2 
1 0 0 1 0 0 0 0 0 0 0 0 -1 
1 0 0 -1 0 0 0 0 0 1 0 0 -2 
1 0 0 0 0 0 0 0 0 1 0 0 -400 
1 0 0 0 0 0 0 0 0 0 1 0 -400 
1 0 0 0 0 0 0 0 0 0 0 1 -300 
1 0 0 0 0 0 0 0 1 0 0 0 -500 
1 -1 0 0 0 0 0 0 0 1 0 0 -3 

--- Dep 39 from S3 to S3; satisfied: 0, sat level: -1; Type: WAR
on variable: A
Dependence polyhedron
14 13
0 -1 0 0 0 0 1 0 0 0 0 0 -1 
0 0 0 -1 0 1 0 0 0 0 0 0 -2 
0 -1 0 0 1 0 0 0 0 0 0 0 0 
0 -1 1 0 0 0 0 0 0 0 0 0 -1 
1 1 0 0 0 0 0 0 0 0 0 0 -1 
1 0 0 0 0 0 0 0 1 0 0 0 -500 
1 0 0 0 0 0 0 1 0 0 0 0 -400 
1 -1 0 1 0 0 0 0 0 0 0 0 0 
1 0 0 -1 0 0 0 1 0 0 0 0 -3 
1 -1 0 0 0 0 0 0 0 1 0 0 -3 
1 0 0 -1 0 0 0 0 0 1 0 0 -2 
1 0 0 0 0 0 0 0 0 1 0 0 -400 
1 0 0 0 0 0 0 0 0 0 1 0 -400 
1 0 0 0 0 0 0 0 0 0 0 1 -300 

--- Dep 40 from S3 to S3; satisfied: 0, sat level: -1; Type: WAR
on variable: A
Dependence polyhedron
13 13
0 -1 0 0 0 0 1 0 0 0 0 0 -1 
0 -1 0 0 0 1 0 0 0 0 0 0 -1 
0 -1 0 0 1 0 0 0 0 0 0 0 0 
0 -1 0 1 0 0 0 0 0 0 0 0 1 
0 -1 1 0 0 0 0 0 0 0 0 0 -1 
1 1 0 0 0 0 0 0 0 0 0 0 -2 
1 -1 0 0 0 0 0 1 0 0 0 0 -3 
1 0 0 0 0 0 0 1 0 0 0 0 -400 
1 0 0 0 0 0 0 0 0 0 1 0 -400 
1 -1 0 0 0 0 0 0 0 1 0 0 -3 
1 0 0 0 0 0 0 0 1 0 0 0 -500 
1 0 0 0 0 0 0 0 0 0 0 1 -300 
1 0 0 0 0 0 0 0 0 1 0 0 -400 

--- Dep 41 from S1 to S3; satisfied: 0, sat level: -1; Type: WAW
on variable: A
Dependence polyhedron
17 13
0 0 -1 0 0 0 1 0 0 0 0 0 -1 
0 0 0 -1 0 1 0 0 0 0 0 0 -1 
0 0 0 -1 1 0 0