[zyj-debug] Before affine transformations
nvar = 3, npar = 4
Parameters: PB_M PB_Q PB_P PB_L 
S1 "A[i][j-1] = 3;"
ndims: 2; orig_depth: 2
iterators: i, j
Index set
8 8
1 1 0 0 0 0 0 0 
1 -1 0 1 0 0 0 -1 
1 0 0 1 0 0 0 -1 
1 0 1 0 0 0 0 -1 
1 1 -1 0 0 0 0 -1 
1 0 -1 0 1 0 0 -1 
1 1 0 0 0 0 0 -2 
1 0 0 0 1 0 0 -2 
T(S1): (0, i, 0, j, 0, 0, 0)
loop types (loop, loop, loop, loop, loop, scalar, scalar)

No Read accesses
Write accesses
A[i][j-1]
Original loop: 0 -> yes
Original loop: 1 -> yes

S2 "B[i][k][j] = 5;"
ndims: 3; orig_depth: 3
iterators: i, j, k
Index set
11 9
1 1 0 0 0 0 0 0 0 
1 -1 0 0 1 0 0 0 -1 
1 0 0 0 1 0 0 0 -1 
1 0 1 0 0 0 0 0 -1 
1 1 -1 0 0 0 0 0 -1 
1 0 -1 0 0 1 0 0 -1 
1 1 0 0 0 0 0 0 -2 
1 0 0 0 0 1 0 0 -2 
1 0 0 1 0 0 0 0 0 
1 0 0 -1 0 0 1 0 -1 
1 0 0 0 0 0 1 0 -1 
T(S2): (0, i, 0, j, 1, k, 0)
loop types (loop, loop, loop, loop, loop, loop, loop)

No Read accesses
Write accesses
B[i][k][j]
Original loop: 0 -> yes
Original loop: 1 -> yes
Original loop: 2 -> yes

S3 "C[m] = C[m+2] * 6;"
ndims: 2; orig_depth: 2
iterators: l, m
Index set
6 8
1 1 0 0 0 0 0 0 
1 -1 0 0 0 0 1 -1 
1 0 0 0 0 0 1 -1 
1 0 1 0 0 0 0 0 
1 0 -1 0 0 0 1 -3 
1 0 0 0 0 0 1 -3 
T(S3): (1, l, 0, m, 0, 0, 0)
loop types (loop, loop, loop, loop, loop, scalar, scalar)

Read accesses
C[m+2]
Write accesses
C[m]
Original loop: 0 -> yes
Original loop: 1 -> yes

S4 "C[l] = 6;"
ndims: 1; orig_depth: 1
iterators: l
Index set
3 7
1 1 0 0 0 0 0 
1 -1 0 0 0 1 -1 
1 0 0 0 0 1 -1 
T(S4): (1, l, 1, 0, 0, 0, 0)
loop types (loop, loop, loop, scalar, scalar, scalar, scalar)

No Read accesses
Write accesses
C[l]
Original loop: 0 -> yes

S5 "D[n] = D[n] - E[n] * 3;"
ndims: 1; orig_depth: 1
iterators: n
Index set
3 7
1 1 0 0 0 0 -1 
1 -1 0 0 0 1 -3 
1 0 0 0 0 1 -4 
T(S5): (2, n, 0, 0, 0, 0, 0)
loop types (loop, loop, loop, scalar, scalar, scalar, scalar)

Read accesses
D[n]
E[n]
Write accesses
D[n]
Original loop: 0 -> yes

S6 "F[n][o][p] = F[n][o+2][p] - F[n+2][o+1][p] - G[p][n-1] - B[o][p][o] + 6;"
ndims: 3; orig_depth: 3
iterators: n, o, p
Index set
8 9
1 1 0 0 0 0 0 0 -1 
1 -1 0 0 0 0 0 1 -3 
1 0 0 0 0 0 0 1 -4 
1 0 1 0 0 0 0 0 0 
1 0 -1 0 0 1 0 0 -1 
1 0 0 0 0 1 0 0 -1 
1 0 0 1 0 0 0 0 0 
1 0 0 -1 0 1 0 0 -1 
T(S6): (2, n, 1, o, 0, p, 0)
loop types (loop, loop, loop, loop, loop, loop, loop)

Read accesses
F[n][o+2][p]
F[n+2][o+1][p]
G[p][n-1]
B[o][p][o]
Write accesses
F[n][o][p]
Original loop: 0 -> yes
Original loop: 1 -> yes
Original loop: 2 -> yes

--- Dep 1 from S3 to S3; satisfied: 0, sat level: -1; Type: RAW
on variable: C
Dependence polyhedron
12 10
0 0 -1 0 1 0 0 0 0 2 
1 1 0 0 0 0 0 0 0 0 
1 -1 0 0 0 0 0 0 1 -1 
1 0 0 0 0 0 0 0 1 -300 
1 0 1 0 0 0 0 0 0 -2 
1 0 -1 0 0 0 0 0 1 -3 
1 0 0 0 0 1 0 0 0 -500 
1 0 0 0 0 0 1 0 0 -300 
1 0 0 0 0 0 0 1 0 -400 
1 0 0 1 0 0 0 0 0 0 
1 0 0 -1 0 0 0 0 1 -1 
1 -1 0 1 0 0 0 0 0 -1 

--- Dep 2 from S4 to S3; satisfied: 0, sat level: -1; Type: RAW
on variable: C
Dependence polyhedron
10 9
0 -1 0 1 0 0 0 0 2 
1 1 0 0 0 0 0 0 -2 
1 -1 0 0 0 0 0 1 -1 
1 0 0 0 0 0 0 1 -300 
1 0 0 0 1 0 0 0 -500 
1 0 0 0 0 1 0 0 -300 
1 0 0 0 0 0 1 0 -400 
1 0 1 0 0 0 0 0 0 
1 0 -1 0 0 0 0 1 -1 
1 -1 1 0 0 0 0 0 -1 

--- Dep 3 from S6 to S6; satisfied: 0, sat level: -1; Type: WAR
on variable: F
Dependence polyhedron
13 12
0 0 0 -1 0 0 1 0 0 0 0 0 
0 0 -1 0 0 1 0 0 0 0 0 -1 
0 -1 0 0 1 0 0 0 0 0 0 -2 
1 1 0 0 0 0 0 0 0 0 0 -1 
1 -1 0 0 0 0 0 0 0 0 1 -5 
1 0 0 0 0 0 0 0 0 0 1 -300 
1 0 1 0 0 0 0 0 0 0 0 0 
1 0 -1 0 0 0 0 0 1 0 0 -2 
1 0 0 0 0 0 0 0 1 0 0 -300 
1 0 0 1 0 0 0 0 0 0 0 0 
1 0 0 -1 0 0 0 0 1 0 0 -1 
1 0 0 0 0 0 0 1 0 0 0 -500 
1 0 0 0 0 0 0 0 0 1 0 -400 

--- Dep 4 from S3 to S3; satisfied: 0, sat level: -1; Type: WAR
on variable: C
Dependence polyhedron
10 10
0 0 -1 0 1 0 0 0 0 -2 
1 1 0 0 0 0 0 0 0 0 
1 0 0 -1 0 0 0 0 1 -1 
1 0 0 0 0 0 0 0 1 -300 
1 0 1 0 0 0 0 0 0 0 
1 0 -1 0 0 0 0 0 1 -5 
1 0 0 0 0 1 0 0 0 -500 
1 0 0 0 0 0 1 0 0 -300 
1 0 0 0 0 0 0 1 0 -400 
1 -1 0 1 0 0 0 0 0 0 

--- Dep 5 from S6 to S6; satisfied: 0, sat level: -1; Type: WAR
on variable: F
Dependence polyhedron
13 12
0 0 0 -1 0 0 1 0 0 0 0 0 
0 0 -1 0 0 1 0 0 0 0 0 -2 
0 -1 0 0 1 0 0 0 0 0 0 0 
1 1 0 0 0 0 0 0 0 0 0 -1 
1 -1 0 0 0 0 0 0 0 0 1 -3 
1 0 0 0 0 0 0 0 0 0 1 -300 
1 0 1 0 0 0 0 0 0 0 0 0 
1 0 -1 0 0 0 0 0 1 0 0 -3 
1 0 0 0 0 0 0 0 1 0 0 -300 
1 0 0 1 0 0 0 0 0 0 0 0 
1 0 0 -1 0 0 0 0 1 0 0 -1 
1 0 0 0 0 0 0 1 0 0 0 -500 
1 0 0 0 0 0 0 0 0 1 0 -400 

--- Dep 6 from S3 to S4; satisfied: 0, sat level: -1; Type: WAR
on variable: C
Dependence polyhedron
10 9
0 0 -1 1 0 0 0 0 -2 
1 1 0 0 0 0 0 0 0 
1 -1 0 0 0 0 0 1 -1 
1 0 0 0 0 0 0 1 -300 
1 0 1 0 0 0 0 0 0 
1 0 -1 0 0 0 0 1 -3 
1 0 0 0 1 0 0 0 -500 
1 0 0 0 0 1 0 0 -300 
1 0 0 0 0 0 1 0 -400 
1 -1 1 0 0 0 0 0 2 

--- Dep 7 from S3 to S4; satisfied: 0, sat level: -1; Type: WAW
on variable: C
Dependence polyhedron
10 9
0 0 -1 1 0 0 0 0 0 
1 1 0 0 0 0 0 0 0 
1 -1 0 0 0 0 0 1 -1 
1 0 0 0 0 0 0 1 -300 
1 0 1 0 0 0 0 0 0 
1 0 -1 0 0 0 0 1 -3 
1 0 0 0 1 0 0 0 -500 
1 0 0 0 0 1 0 0 -300 
1 0 0 0 0 0 1 0 -400 
1 -1 1 0 0 0 0 0 0 

--- Dep 8 from S3 to S3; satisfied: 0, sat level: -1; Type: WAW
on variable: C
Dependence polyhedron
12 10
0 0 -1 0 1 0 0 0 0 0 
1 1 0 0 0 0 0 0 0 0 
1 -1 0 0 0 0 0 0 1 -1 
1 0 0 0 0 0 0 0 1 -300 
1 0 1 0 0 0 0 0 0 0 
1 0 -1 0 0 0 0 0 1 -3 
1 0 0 0 0 1 0 0 0 -500 
1 0 0 0 0 0 1 0 0 -300 
1 0 0 0 0 0 0 1 0 -400 
1 0 0 1 0 0 0 0 0 0 
1 0 0 -1 0 0 0 0 1 -1 
1 -1 0 1 0 0 0 0 0 -1 

--- Dep 9 from S4 to S3; satisfied: 0, sat level: -1; Type: WAW
on variable: C
Dependence polyhedron
10 9
0 -1 0 1 0 0 0 0 0 
1 1 0 0 0 0 0 0 0 
1 -1 0 0 0 0 0 1 -3 
1 0 0 0 0 0 0 1 -300 
1 0 0 0 1 0 0 0 -500 
1 0 0 0 0 1 0 0 -300 
1 0 0 0 0 0 1 0 -400 
1 0 1 0 0 0 0 0 0 
1 0 -1 0 0 0 0 1 -1 
1 -1 1 0 0 0 0 0 -1 


[zyj-debug] After affine transformations
T(S1): (zT2, zT3, 0, i, j, 0, 5)
loop types (loop, loop, scalar, loop, loop, scalar, scalar)

T(S2): (zT3, zT4, zT5, i, j, k, 4)
loop types (loop, loop, loop, loop, loop, loop, scalar)

T(S3): (zT2, zT3, 0, l, 2l+m, 0, 2)
loop types (loop, loop, scalar, loop, loop, scalar, scalar)

T(S4): (zT1, zT2, 0, l, 3l, 0, 3)
loop types (loop, loop, scalar, loop, loop, scalar, scalar)

T(S5): (zT1, 0, 0, n, 0, 0, 1)
loop types (loop, scalar, scalar, loop, scalar, scalar, scalar)

T(S6): (zT3, zT4, zT5, n, o, p, 0)
loop types (loop, loop, loop, loop, loop, loop, scalar)

t1 --> fwd_dep  loop   (band 0)no-ujam
t2 --> fwd_dep  loop   (band 0)no-ujam
t3 --> parallel loop   (band 0)no-ujam
t4 --> fwd_dep  loop   (band 0)no-ujam
t5 --> fwd_dep  loop   (band 0)no-ujam
t6 --> parallel loop   (band 0)no-ujam
t7 --> fwd_dep  scalar (band 1)no-ujam

Warning: parallel poly loop not found in AST
