[zyj-debug] Before affine transformations
nvar = 3, npar = 3
Parameters: PB_L PB_Q PB_M 
S1 "A[i][j] = A[i][j+1] - A[j][i+1] * 4;"
ndims: 2; orig_depth: 2
iterators: i, j
Index set
6 7
1 1 0 0 0 0 0 
1 -1 0 1 0 0 -2 
1 0 0 1 0 0 -2 
1 0 1 0 0 0 0 
1 1 -1 0 0 0 -1 
1 1 0 0 0 0 -1 
T(S1): (0, i, 0, j, 0, 0, 0)
loop types (loop, loop, loop, loop, loop, scalar, scalar)

Read accesses
A[i][j+1]
A[j][i+1]
Write accesses
A[i][j]
Original loop: 0 -> yes
Original loop: 1 -> yes

S2 "B[i][k][l+1] = B[i][k][l-1] - 3;"
ndims: 3; orig_depth: 3
iterators: i, k, l
Index set
9 8
1 1 0 0 0 0 0 0 
1 -1 0 0 1 0 0 -2 
1 0 0 0 1 0 0 -2 
1 0 1 0 0 0 0 0 
1 1 -1 0 0 0 0 -1 
1 1 0 0 0 0 0 -1 
1 0 0 1 0 0 0 -1 
1 0 0 -1 0 1 0 -2 
1 0 0 0 0 1 0 -3 
T(S2): (0, i, 1, k, 0, l, 0)
loop types (loop, loop, loop, loop, loop, loop, loop)

Read accesses
B[i][k][l-1]
Write accesses
B[i][k][l+1]
Original loop: 0 -> yes
Original loop: 1 -> yes
Original loop: 2 -> yes

S3 "A[n][m] = A[n+1][m] * A[m][n+1] * 4;"
ndims: 2; orig_depth: 2
iterators: m, n
Index set
6 7
1 1 0 0 0 0 -1 
1 -1 0 0 1 0 -1 
1 0 0 0 1 0 -2 
1 0 1 0 0 0 0 
1 0 -1 1 0 0 -2 
1 0 0 1 0 0 -2 
T(S3): (1, m, 0, n, 0, 0, 0)
loop types (loop, loop, loop, loop, loop, scalar, scalar)

Read accesses
A[n+1][m]
A[m][n+1]
Write accesses
A[n][m]
Original loop: 0 -> yes
Original loop: 1 -> yes

S4 "B[o+1][p][m-1] = B[o][p+1][m] - B[m][o][m] + 5;"
ndims: 3; orig_depth: 3
iterators: m, o, p
Index set
8 8
1 1 0 0 0 0 0 -1 
1 -1 0 0 0 1 0 -1 
1 0 0 0 0 1 0 -2 
1 0 1 0 0 0 0 0 
1 1 -1 0 0 0 0 -1 
1 0 0 1 0 0 0 0 
1 0 0 -1 1 0 0 -2 
1 0 0 0 1 0 0 -2 
T(S4): (1, m, 1, o, 0, p, 0)
loop types (loop, loop, loop, loop, loop, loop, loop)

Read accesses
B[o][p+1][m]
B[m][o][m]
Write accesses
B[o+1][p][m-1]
Original loop: 0 -> yes
Original loop: 1 -> yes
Original loop: 2 -> yes

S5 "B[q-1][s][r-1] = B[q-1][s+2][r-1] * B[q-1][s][r-2] - 5;"
ndims: 3; orig_depth: 3
iterators: q, r, s
Index set
12 8
1 1 0 0 0 0 0 -1 
1 -1 0 0 0 0 1 0 
1 0 0 0 0 0 1 -1 
1 0 1 0 0 0 0 -2 
1 1 -1 0 0 0 0 -1 
1 0 -1 0 0 1 0 0 
1 1 0 0 0 0 0 -3 
1 0 0 0 0 1 0 -2 
1 0 0 1 0 0 0 0 
1 1 0 -1 0 0 0 -1 
1 0 0 -1 1 0 0 -3 
1 0 0 0 1 0 0 -3 
T(S5): (2, q, 0, r, 0, s, 0)
loop types (loop, loop, loop, loop, loop, loop, loop)

Read accesses
B[q-1][s+2][r-1]
B[q-1][s][r-2]
Write accesses
B[q-1][s][r-1]
Original loop: 0 -> yes
Original loop: 1 -> yes
Original loop: 2 -> yes

S6 "A[t][u] = A[u][t] * 2;"
ndims: 2; orig_depth: 2
iterators: t, u
Index set
6 7
1 1 0 0 0 0 0 
1 -1 0 1 0 0 -1 
1 0 0 1 0 0 -1 
1 0 1 0 0 0 0 
1 1 -1 0 0 0 -1 
1 1 0 0 0 0 -1 
T(S6): (3, t, 0, u, 0, 0, 0)
loop types (loop, loop, loop, loop, loop, scalar, scalar)

Read accesses
A[u][t]
Write accesses
A[t][u]
Original loop: 0 -> yes
Original loop: 1 -> yes

--- Dep 1 from S1 to S3; satisfied: 0, sat level: -1; Type: RAW
on variable: A
Dependence polyhedron
10 9
0 -1 0 0 1 0 0 0 1 
0 0 -1 1 0 0 0 0 0 
1 1 0 0 0 0 0 0 -1 
1 -1 0 0 0 1 0 0 -2 
1 0 0 0 0 1 0 0 -300 
1 0 1 0 0 0 0 0 -1 
1 1 -1 0 0 0 0 0 -1 
1 0 0 0 0 0 0 1 -500 
1 0 0 0 0 0 1 0 -300 
1 0 -1 0 0 0 1 0 -1 

--- Dep 2 from S2 to S4; satisfied: 0, sat level: -1; Type: RAW
on variable: B
Dependence polyhedron
14 11
0 0 -1 0 0 0 1 0 0 0 1 
0 -1 0 0 0 1 0 0 0 0 0 
0 0 0 -1 1 0 0 0 0 0 -1 
1 1 0 0 0 0 0 0 0 0 -1 
1 -1 0 0 0 0 0 1 0 0 -2 
1 0 0 0 0 0 0 1 0 0 -300 
1 0 1 0 0 0 0 0 0 0 -1 
1 1 -1 0 0 0 0 0 0 0 -1 
1 0 0 0 0 0 0 0 1 0 -300 
1 0 0 1 0 0 0 0 0 0 -1 
1 0 0 -1 0 0 0 0 1 0 -2 
1 0 0 0 0 0 0 0 0 1 -500 
1 0 -1 0 0 0 0 1 0 0 -1 
1 -1 0 1 0 0 0 0 0 0 0 

--- Dep 3 from S5 to S5; satisfied: 0, sat level: -1; Type: RAW
on variable: B
Dependence polyhedron
14 11
0 0 0 -1 0 0 1 0 0 0 0 
0 0 -1 0 0 1 0 0 0 0 -1 
0 -1 0 0 1 0 0 0 0 0 0 
1 1 0 0 0 0 0 0 0 0 -3 
1 -1 0 0 0 0 0 0 0 1 0 
1 0 0 0 0 0 0 0 0 1 -500 
1 0 1 0 0 0 0 0 0 0 -2 
1 1 -1 0 0 0 0 0 0 0 -2 
1 0 -1 0 0 0 0 0 1 0 -1 
1 0 0 0 0 0 0 1 0 0 -300 
1 0 0 0 0 0 0 0 1 0 -300 
1 0 0 1 0 0 0 0 0 0 0 
1 1 0 -1 0 0 0 0 0 0 -1 
1 0 0 -1 0 0 0 1 0 0 -3 

--- Dep 4 from S2 to S4; satisfied: 0, sat level: -1; Type: RAW
on variable: B
Dependence polyhedron
13 11
0 0 -1 0 0 1 0 0 0 0 0 
0 -1 0 0 1 0 0 0 0 0 0 
0 -1 0 1 0 0 0 0 0 0 1 
1 1 0 0 0 0 0 0 0 0 -2 
1 -1 0 0 0 0 0 1 0 0 -2 
1 0 0 0 0 0 0 1 0 0 -300 
1 0 1 0 0 0 0 0 0 0 0 
1 1 -1 0 0 0 0 0 0 0 -1 
1 0 0 0 0 0 0 0 1 0 -300 
1 0 0 0 0 0 0 0 0 1 -500 
1 -1 0 0 0 0 0 0 1 0 -1 
1 0 0 0 0 0 -1 1 0 0 -2 
1 0 0 0 0 0 1 0 0 0 0 

--- Dep 5 from S1 to S3; satisfied: 0, sat level: -1; Type: RAW
on variable: A
Dependence polyhedron
11 9
0 0 -1 0 1 0 0 0 1 
0 -1 0 1 0 0 0 0 0 
1 1 0 0 0 0 0 0 -1 
1 -1 0 0 0 1 0 0 -2 
1 0 0 0 0 1 0 0 -300 
1 0 1 0 0 0 0 0 -1 
1 1 -1 0 0 0 0 0 -1 
1 0 0 0 0 0 0 1 -500 
1 0 0 0 0 0 1 0 -300 
1 0 -1 0 0 1 0 0 -1 
1 -1 0 0 0 0 1 0 -1 

--- Dep 6 from S3 to S6; satisfied: 0, sat level: -1; Type: RAW
on variable: A
Dependence polyhedron
11 9
0 0 -1 0 1 0 0 0 0 
0 -1 0 1 0 0 0 0 0 
1 1 0 0 0 0 0 0 -1 
1 -1 0 0 0 0 1 0 -1 
1 0 0 0 0 0 1 0 -300 
1 0 1 0 0 0 0 0 0 
1 0 -1 0 0 1 0 0 -2 
1 0 0 0 0 1 0 0 -300 
1 0 0 0 0 0 0 1 -500 
1 1 -1 0 0 0 0 0 -1 
1 -1 0 0 0 1 0 0 -1 

--- Dep 7 from S4 to S5; satisfied: 0, sat level: -1; Type: RAW
on variable: B
Dependence polyhedron
13 11
0 0 0 -1 0 0 1 0 0 0 2 
0 -1 0 0 0 1 0 0 0 0 0 
0 -1 0 0 1 0 0 0 0 0 -1 
0 -1 1 0 0 0 0 0 0 0 1 
1 1 0 0 0 0 0 0 0 0 -2 
1 -1 0 0 0 0 0 0 1 0 -1 
1 0 0 0 0 0 0 0 1 0 -300 
1 1 0 -1 0 0 0 0 0 0 2 
1 -1 0 0 0 0 0 0 0 1 -1 
1 0 0 1 0 0 0 0 0 0 -2 
1 0 0 -1 0 0 0 1 0 0 -2 
1 0 0 0 0 0 0 1 0 0 -300 
1 0 0 0 0 0 0 0 0 1 -500 

--- Dep 8 from S2 to S2; satisfied: 0, sat level: -1; Type: RAW
on variable: B
Dependence polyhedron
12 11
0 0 0 -1 0 0 1 0 0 0 -2 
0 0 -1 0 0 1 0 0 0 0 0 
0 -1 0 0 1 0 0 0 0 0 0 
1 1 0 0 0 0 0 0 0 0 -1 
1 -1 0 0 0 0 0 1 0 0 -2 
1 0 0 0 0 0 0 1 0 0 -300 
1 0 1 0 0 0 0 0 0 0 0 
1 1 -1 0 0 0 0 0 0 0 -1 
1 0 0 0 0 0 0 0 1 0 -300 
1 0 0 1 0 0 0 0 0 0 -1 
1 0 0 -1 0 0 0 0 1 0 -4 
1 0 0 0 0 0 0 0 0 1 -500 

--- Dep 9 from S2 to S5; satisfied: 0, sat level: -1; Type: RAW
on variable: B
Dependence polyhedron
15 11
0 0 -1 0 0 0 1 0 0 0 0 
0 0 0 -1 0 1 0 0 0 0 -3 
0 -1 0 0 1 0 0 0 0 0 -1 
1 1 0 0 0 0 0 0 0 0 -2 
1 -1 0 0 0 0 0 1 0 0 -2 
1 0 0 0 0 0 0 1 0 0 -300 
1 0 1 0 0 0 0 0 0 0 0 
1 1 -1 0 0 0 0 0 0 0 -1 
1 0 0 0 0 0 0 0 1 0 -300 
1 0 0 1 0 0 0 0 0 0 -1 
1 0 0 -1 0 0 0 0 1 0 -3 
1 0 0 0 0 0 0 0 0 1 -500 
1 0 -1 0 0 0 0 1 0 0 -3 
1 -1 0 0 0 0 0 0 0 1 -1 
1 1 0 -1 0 0 0 0 0 0 -3 

--- Dep 10 from S3 to S3; satisfied: 0, sat level: -1; Type: RAW
on variable: A
Dependence polyhedron
12 9
0 -1 0 0 1 0 0 0 1 
0 0 -1 1 0 0 0 0 0 
1 1 0 0 0 0 0 0 -1 
1 -1 0 0 0 0 1 0 -1 
1 0 0 0 0 0 1 0 -300 
1 0 1 0 0 0 0 0 -1 
1 0 -1 0 0 1 0 0 -2 
1 0 0 0 0 1 0 0 -300 
1 0 0 0 0 0 0 1 -500 
1 -1 0 0 0 1 0 0 -1 
1 0 -1 0 0 0 1 0 -1 
1 -1 1 0 0 0 0 0 -1 

--- Dep 11 from S2 to S5; satisfied: 0, sat level: -1; Type: RAW
on variable: B
Dependence polyhedron
15 11
0 0 -1 0 0 0 1 0 0 0 2 
0 0 0 -1 0 1 0 0 0 0 -2 
0 -1 0 0 1 0 0 0 0 0 -1 
1 1 0 0 0 0 0 0 0 0 -2 
1 -1 0 0 0 0 0 1 0 0 -2 
1 0 0 0 0 0 0 1 0 0 -300 
1 0 1 0 0 0 0 0 0 0 -2 
1 1 -1 0 0 0 0 0 0 0 -1 
1 0 0 0 0 0 0 0 1 0 -300 
1 0 0 1 0 0 0 0 0 0 -1 
1 0 0 -1 0 0 0 0 1 0 -2 
1 0 0 0 0 0 0 0 0 1 -500 
1 0 -1 0 0 0 0 1 0 0 -1 
1 -1 0 0 0 0 0 0 0 1 -1 
1 1 0 -1 0 0 0 0 0 0 -2 

--- Dep 12 from S3 to S3; satisfied: 0, sat level: -1; Type: WAR
on variable: A
Dependence polyhedron
9 9
0 0 -1 0 1 0 0 0 -1 
0 -1 0 1 0 0 0 0 0 
1 1 0 0 0 0 0 0 -1 
1 -1 0 0 0 0 1 0 -1 
1 0 0 0 0 0 1 0 -300 
1 0 1 0 0 0 0 0 0 
1 0 -1 0 0 1 0 0 -3 
1 0 0 0 0 1 0 0 -300 
1 0 0 0 0 0 0 1 -500 

--- Dep 13 from S4 to S4; satisfied: 0, sat level: -1; Type: WAR
on variable: B
Dependence polyhedron
12 11
0 0 0 -1 0 0 1 0 0 0 -1 
0 0 -1 0 0 1 0 0 0 0 1 
0 -1 0 0 1 0 0 0 0 0 -1 
1 1 0 0 0 0 0 0 0 0 -1 
1 -1 0 0 0 0 0 0 1 0 -2 
1 0 0 0 0 0 0 0 1 0 -300 
1 0 1 0 0 0 0 0 0 0 -1 
1 1 -1 0 0 0 0 0 0 0 -1 
1 0 0 1 0 0 0 0 0 0 0 
1 0 0 -1 0 0 0 1 0 0 -3 
1 0 0 0 0 0 0 1 0 0 -300 
1 0 0 0 0 0 0 0 0 1 -500 

--- Dep 14 from S1 to S1; satisfied: 0, sat level: -1; Type: WAR
on variable: A
Dependence polyhedron
9 9
0 0 -1 0 1 0 0 0 -1 
0 -1 0 1 0 0 0 0 0 
1 1 0 0 0 0 0 0 -1 
1 -1 0 0 0 1 0 0 -2 
1 0 0 0 0 1 0 0 -300 
1 0 1 0 0 0 0 0 0 
1 1 -1 0 0 0 0 0 -2 
1 0 0 0 0 0 0 1 -500 
1 0 0 0 0 0 1 0 -300 

--- Dep 15 from S3 to S6; satisfied: 0, sat level: -1; Type: WAR
on variable: A
Dependence polyhedron
10 9
0 -1 0 0 1 0 0 0 0 
0 0 -1 1 0 0 0 0 -1 
1 1 0 0 0 0 0 0 -1 
1 -1 0 0 0 0 1 0 -1 
1 0 0 0 0 0 1 0 -300 
1 0 1 0 0 0 0 0 0 
1 0 -1 0 0 1 0 0 -2 
1 0 0 0 0 1 0 0 -300 
1 0 0 0 0 0 0 1 -500 
1 -1 1 0 0 0 0 0 0 

--- Dep 16 from S1 to S3; satisfied: 0, sat level: -1; Type: WAR
on variable: A
Dependence polyhedron
10 9
0 -1 0 0 1 0 0 0 0 
0 0 -1 1 0 0 0 0 -1 
1 1 0 0 0 0 0 0 -1 
1 -1 0 0 0 1 0 0 -2 
1 0 0 0 0 1 0 0 -300 
1 0 1 0 0 0 0 0 0 
1 1 -1 0 0 0 0 0 -1 
1 0 0 0 0 0 0 1 -500 
1 0 0 0 0 0 1 0 -300 
1 0 -1 0 0 0 1 0 -2 

--- Dep 17 from S3 to S6; satisfied: 0, sat level: -1; Type: WAR
on variable: A
Dependence polyhedron
11 9
0 0 -1 0 1 0 0 0 -1 
0 -1 0 1 0 0 0 0 0 
1 1 0 0 0 0 0 0 -1 
1 -1 0 0 0 0 1 0 -1 
1 0 0 0 0 0 1 0 -300 
1 0 1 0 0 0 0 0 0 
1 0 -1 0 0 1 0 0 -2 
1 0 0 0 0 1 0 0 -300 
1 0 0 0 0 0 0 1 -500 
1 1 -1 0 0 0 0 0 -2 
1 -1 0 0 0 1 0 0 -1 

--- Dep 18 from S5 to S5; satisfied: 0, sat level: -1; Type: WAR
on variable: B
Dependence polyhedron
14 11
0 0 0 -1 0 0 1 0 0 0 -2 
0 0 -1 0 0 1 0 0 0 0 0 
0 -1 0 0 1 0 0 0 0 0 0 
1 1 0 0 0 0 0 0 0 0 -3 
1 -1 0 0 0 0 0 0 0 1 0 
1 0 0 0 0 0 0 0 0 1 -500 
1 0 1 0 0 0 0 0 0 0 -2 
1 1 -1 0 0 0 0 0 0 0 -1 
1 0 -1 0 0 0 0 0 1 0 0 
1 0 0 0 0 0 0 1 0 0 -300 
1 0 0 0 0 0 0 0 1 0 -300 
1 0 0 1 0 0 0 0 0 0 0 
1 1 0 -1 0 0 0 0 0 0 -3 
1 0 0 -1 0 0 0 1 0 0 -5 

--- Dep 19 from S2 to S4; satisfied: 0, sat level: -1; Type: WAR
on variable: B
Dependence polyhedron
14 11
0 0 -1 0 0 0 1 0 0 0 0 
0 -1 0 0 0 1 0 0 0 0 1 
0 0 0 -1 1 0 0 0 0 0 0 
1 1 0 0 0 0 0 0 0 0 -1 
1 -1 0 0 0 0 0 1 0 0 -2 
1 0 0 0 0 0 0 1 0 0 -300 
1 0 1 0 0 0 0 0 0 0 0 
1 1 -1 0 0 0 0 0 0 0 -1 
1 0 0 0 0 0 0 0 1 0 -300 
1 0 0 1 0 0 0 0 0 0 -1 
1 0 0 -1 0 0 0 0 1 0 -2 
1 0 0 0 0 0 0 0 0 1 -500 
1 0 -1 0 0 0 0 1 0 0 -2 
1 -1 0 1 0 0 0 0 0 0 0 

--- Dep 20 from S1 to S6; satisfied: 0, sat level: -1; Type: WAR
on variable: A
Dependence polyhedron
9 9
0 0 -1 0 1 0 0 0 -1 
0 -1 0 1 0 0 0 0 0 
1 1 0 0 0 0 0 0 -1 
1 -1 0 0 0 1 0 0 -2 
1 0 0 0 0 1 0 0 -300 
1 0 1 0 0 0 0 0 0 
1 1 -1 0 0 0 0 0 -2 
1 0 0 0 0 0 0 1 -500 
1 0 0 0 0 0 1 0 -300 

--- Dep 21 from S3 to S3; satisfied: 0, sat level: -1; Type: WAR
on variable: A
Dependence polyhedron
9 9
0 -1 0 0 1 0 0 0 0 
0 0 -1 1 0 0 0 0 -1 
1 1 0 0 0 0 0 0 -1 
1 -1 1 0 0 0 0 0 0 
1 0 0 0 0 0 1 0 -300 
1 0 -1 0 0 0 1 0 -2 
1 0 -1 0 0 1 0 0 -2 
1 0 0 0 0 1 0 0 -300 
1 0 0 0 0 0 0 1 -500 

--- Dep 22 from S3 to S3; satisfied: 0, sat level: -1; Type: WAR
on variable: A
Dependence polyhedron
9 9
0 -1 0 0 1 0 0 0 0 
0 -1 0 1 0 0 0 0 0 
0 -1 1 0 0 0 0 0 1 
1 1 0 0 0 0 0 0 -1 
1 -1 0 0 0 0 1 0 -1 
1 0 0 0 0 0 1 0 -300 
1 0 0 0 0 0 0 1 -500 
1 -1 0 0 0 1 0 0 -2 
1 0 0 0 0 1 0 0 -300 

--- Dep 23 from S2 to S5; satisfied: 0, sat level: -1; Type: WAR
on variable: B
Dependence polyhedron
15 11
0 0 -1 0 0 0 1 0 0 0 0 
0 0 0 -1 0 1 0 0 0 0 0 
0 -1 0 0 1 0 0 0 0 0 -1 
1 1 0 0 0 0 0 0 0 0 -2 
1 -1 0 0 0 0 0 1 0 0 -2 
1 0 0 0 0 0 0 1 0 0 -300 
1 0 1 0 0 0 0 0 0 0 0 
1 1 -1 0 0 0 0 0 0 0 -1 
1 0 0 0 0 0 0 0 1 0 -300 
1 0 0 1 0 0 0 0 0 0 -2 
1 0 0 -1 0 0 0 0 1 0 -2 
1 0 0 0 0 0 0 0 0 1 -500 
1 0 -1 0 0 0 0 1 0 0 -3 
1 -1 0 0 0 0 0 0 0 1 -1 
1 1 0 -1 0 0 0 0 0 0 0 

--- Dep 24 from S4 to S4; satisfied: 0, sat level: -1; Type: WAR
on variable: B
Dependence polyhedron
13 11
0 0 -1 0 0 0 1 0 0 0 0 
0 -1 0 0 0 1 0 0 0 0 1 
0 -1 0 0 1 0 0 0 0 0 -1 
1 1 0 0 0 0 0 0 0 0 -1 
1 -1 0 0 0 0 0 0 1 0 -2 
1 0 0 0 0 0 0 0 1 0 -300 
1 0 1 0 0 0 0 0 0 0 0 
1 1 -1 0 0 0 0 0 0 0 -1 
1 0 0 1 0 0 0 0 0 0 0 
1 0 0 -1 0 0 0 1 0 0 -2 
1 0 0 0 0 0 0 1 0 0 -300 
1 0 0 0 0 0 0 0 0 1 -500 
1 0 -1 0 0 0 0 1 0 0 -2 

--- Dep 25 from S1 to S3; satisfied: 0, sat level: -1; Type: WAR
on variable: A
Dependence polyhedron
11 9
0 0 -1 0 1 0 0 0 0 
0 -1 0 1 0 0 0 0 -1 
1 1 0 0 0 0 0 0 -1 
1 -1 0 0 0 1 0 0 -2 
1 0 0 0 0 1 0 0 -300 
1 0 1 0 0 0 0 0 0 
1 1 -1 0 0 0 0 0 -1 
1 0 0 0 0 0 0 1 -500 
1 0 0 0 0 0 1 0 -300 
1 0 -1 0 0 1 0 0 -2 
1 -1 0 0 0 0 1 0 -2 

--- Dep 26 from S2 to S4; satisfied: 0, sat level: -