[zyj-debug] Before affine transformations
nvar = 3, npar = 3
Parameters: PB_L PB_M PB_P 
S1 "A[i][i] = B[i] + A[i-1][j] - A[i][j] + 5;"
ndims: 2; orig_depth: 2
iterators: i, j
Index set
6 7
1 1 0 0 0 0 -1 
1 -1 0 1 0 0 -1 
1 0 0 1 0 0 -2 
1 0 1 0 0 0 0 
1 0 -1 1 0 0 -1 
1 0 0 1 0 0 -1 
T(S1): (0, i, 0, j, 0, 0, 0)
loop types (loop, loop, loop, loop, loop, scalar, scalar)

Read accesses
B[i]
A[i-1][j]
A[i][j]
Write accesses
A[i][i]
Original loop: 0 -> yes
Original loop: 1 -> yes

S2 "B[i] = B[i-1] * B[i+1] + 2;"
ndims: 1; orig_depth: 1
iterators: i
Index set
3 6
1 1 0 0 0 -1 
1 -1 1 0 0 -1 
1 0 1 0 0 -2 
T(S2): (0, i, 1, 0, 0, 0, 0)
loop types (loop, loop, loop, scalar, scalar, scalar, scalar)

Read accesses
B[i-1]
B[i+1]
Write accesses
B[i]
Original loop: 0 -> yes

S3 "B[i-1] = B[i] + B[i-1] + C[i] + 2;"
ndims: 1; orig_depth: 1
iterators: i
Index set
3 6
1 1 0 0 0 -1 
1 -1 1 0 0 -1 
1 0 1 0 0 -2 
T(S3): (0, i, 2, 0, 0, 0, 0)
loop types (loop, loop, loop, scalar, scalar, scalar, scalar)

Read accesses
B[i]
B[i-1]
C[i]
Write accesses
B[i-1]
Original loop: 0 -> yes

S4 "D[k] = D[k] - D[k+2] * 3;"
ndims: 1; orig_depth: 1
iterators: k
Index set
3 6
1 1 0 0 0 0 
1 -1 0 1 0 -3 
1 0 0 1 0 -3 
T(S4): (1, k, 0, 0, 0, 0, 0)
loop types (loop, loop, loop, scalar, scalar, scalar, scalar)

Read accesses
D[k]
D[k+2]
Write accesses
D[k]
Original loop: 0 -> yes

S5 "E[n][m-1][m-1] = E[n][m-1][m-1] + E[n][m][m-1] - F[m-1][l-1][n] + 3;"
ndims: 3; orig_depth: 3
iterators: l, m, n
Index set
9 8
1 1 0 0 0 0 0 -1 
1 -1 0 0 0 1 0 -2 
1 0 0 0 0 1 0 -3 
1 0 1 0 0 0 0 -1 
1 0 -1 0 1 0 0 -1 
1 0 0 0 1 0 0 -2 
1 0 0 1 0 0 0 0 
1 0 0 -1 0 0 1 -1 
1 0 0 0 0 0 1 -1 
T(S5): (2, l, 0, m, 0, n, 0)
loop types (loop, loop, loop, loop, loop, loop, loop)

Read accesses
E[n][m-1][m-1]
E[n][m][m-1]
F[m-1][l-1][n]
Write accesses
E[n][m-1][m-1]
Original loop: 0 -> yes
Original loop: 1 -> yes
Original loop: 2 -> yes

S6 "B[l+1] = D[l] * 1;"
ndims: 1; orig_depth: 1
iterators: l
Index set
3 6
1 1 0 0 0 -1 
1 -1 0 1 0 -2 
1 0 0 1 0 -3 
T(S6): (2, l, 1, 0, 0, 0, 0)
loop types (loop, loop, loop, scalar, scalar, scalar, scalar)

Read accesses
D[l]
Write accesses
B[l+1]
Original loop: 0 -> yes

--- Dep 1 from S2 to S3; satisfied: 0, sat level: -1; Type: RAW
on variable: B
Dependence polyhedron
6 7
0 -1 1 0 0 0 0 
1 1 0 0 0 0 -1 
1 -1 0 1 0 0 -1 
1 0 0 1 0 0 -300 
1 0 0 0 1 0 -400 
1 0 0 0 0 1 -400 

--- Dep 2 from S1 to S1; satisfied: 0, sat level: -1; Type: RAW
on variable: A
Dependence polyhedron
9 9
0 -1 0 0 1 0 0 0 0 
0 -1 0 1 0 0 0 0 -1 
1 1 0 0 0 0 0 0 -1 
1 -1 0 0 0 1 0 0 -2 
1 0 0 0 0 1 0 0 -300 
1 0 1 0 0 0 0 0 0 
1 0 -1 0 0 1 0 0 -1 
1 0 0 0 0 0 1 0 -400 
1 0 0 0 0 0 0 1 -400 

--- Dep 3 from S2 to S3; satisfied: 0, sat level: -1; Type: RAW
on variable: B
Dependence polyhedron
6 7
0 -1 1 0 0 0 -1 
1 1 0 0 0 0 -1 
1 -1 0 1 0 0 -2 
1 0 0 1 0 0 -300 
1 0 0 0 1 0 -400 
1 0 0 0 0 1 -400 

--- Dep 4 from S5 to S5; satisfied: 0, sat level: -1; Type: RAW
on variable: E
Dependence polyhedron
14 11
0 0 0 -1 0 0 1 0 0 0 0 
0 0 -1 0 0 1 0 0 0 0 0 
1 1 0 0 0 0 0 0 0 0 -1 
1 -1 0 0 0 0 0 0 1 0 -2 
1 0 0 0 0 0 0 0 1 0 -400 
1 0 1 0 0 0 0 0 0 0 -1 
1 0 -1 0 0 0 0 1 0 0 -1 
1 0 0 0 0 0 0 1 0 0 -300 
1 0 0 1 0 0 0 0 0 0 0 
1 0 0 -1 0 0 0 0 0 1 -1 
1 0 0 0 0 0 0 0 0 1 -400 
1 0 0 0 1 0 0 0 0 0 -1 
1 0 0 0 -1 0 0 0 1 0 -2 
1 -1 0 0 1 0 0 0 0 0 -1 

--- Dep 5 from S4 to S6; satisfied: 0, sat level: -1; Type: RAW
on variable: D
Dependence polyhedron
6 7
0 -1 1 0 0 0 0 
1 1 0 0 0 0 -1 
1 -1 0 0 1 0 -3 
1 0 0 0 1 0 -400 
1 0 0 0 0 1 -400 
1 0 0 1 0 0 -300 

--- Dep 6 from S1 to S1; satisfied: 0, sat level: -1; Type: RAW
on variable: A
Dependence polyhedron
10 9
0 -1 0 0 1 0 0 0 0 
0 -1 0 1 0 0 0 0 0 
1 1 0 0 0 0 0 0 -1 
1 -1 0 0 0 1 0 0 -1 
1 0 0 0 0 1 0 0 -300 
1 0 1 0 0 0 0 0 0 
1 0 -1 0 0 1 0 0 -1 
1 0 0 0 0 0 1 0 -400 
1 0 0 0 0 0 0 1 -400 
1 1 -1 0 0 0 0 0 -1 

--- Dep 7 from S2 to S2; satisfied: 0, sat level: -1; Type: RAW
on variable: B
Dependence polyhedron
6 7
0 -1 1 0 0 0 -1 
1 1 0 0 0 0 -1 
1 -1 0 1 0 0 -2 
1 0 0 1 0 0 -300 
1 0 0 0 1 0 -400 
1 0 0 0 0 1 -400 

--- Dep 8 from S1 to S1; satisfied: 0, sat level: -1; Type: WAR
on variable: A
Dependence polyhedron
10 9
0 -1 0 1 0 0 0 0 0 
0 -1 1 0 0 0 0 0 0 
1 1 0 0 0 0 0 0 -1 
1 -1 0 0 0 1 0 0 -1 
1 0 0 0 0 1 0 0 -300 
1 0 0 0 0 0 0 1 -400 
1 0 0 0 0 0 1 0 -400 
1 0 0 0 -1 1 0 0 -1 
1 0 0 0 1 0 0 0 0 
1 -1 0 0 1 0 0 0 -1 

--- Dep 9 from S1 to S2; satisfied: 0, sat level: -1; Type: WAR
on variable: B
Dependence polyhedron
8 8
0 -1 0 1 0 0 0 0 
1 1 0 0 0 0 0 -1 
1 -1 0 0 1 0 0 -1 
1 0 0 0 1 0 0 -300 
1 0 1 0 0 0 0 0 
1 0 -1 0 1 0 0 -1 
1 0 0 0 0 1 0 -400 
1 0 0 0 0 0 1 -400 

--- Dep 10 from S2 to S3; satisfied: 0, sat level: -1; Type: WAR
on variable: B
Dependence polyhedron
6 7
0 -1 1 0 0 0 0 
1 1 0 0 0 0 -1 
1 -1 0 1 0 0 -1 
1 0 0 1 0 0 -300 
1 0 0 0 1 0 -400 
1 0 0 0 0 1 -400 

--- Dep 11 from S4 to S4; satisfied: 0, sat level: -1; Type: WAR
on variable: D
Dependence polyhedron
6 7
0 -1 1 0 0 0 -2 
1 1 0 0 0 0 0 
1 -1 0 0 1 0 -5 
1 0 0 0 1 0 -400 
1 0 0 0 0 1 -400 
1 0 0 1 0 0 -300 

--- Dep 12 from S2 to S3; satisfied: 0, sat level: -1; Type: WAR
on variable: B
Dependence polyhedron
6 7
0 -1 1 0 0 0 -2 
1 1 0 0 0 0 -1 
1 -1 0 1 0 0 -3 
1 0 0 1 0 0 -300 
1 0 0 0 1 0 -400 
1 0 0 0 0 1 -400 

--- Dep 13 from S2 to S6; satisfied: 0, sat level: -1; Type: WAR
on variable: B
Dependence polyhedron
7 7
0 -1 1 0 0 0 0 
1 1 0 0 0 0 -1 
1 -1 0 1 0 0 -1 
1 0 0 1 0 0 -300 
1 0 0 0 1 0 -400 
1 0 0 0 0 1 -400 
1 -1 0 0 1 0 -2 

--- Dep 14 from S3 to S6; satisfied: 0, sat level: -1; Type: WAR
on variable: B
Dependence polyhedron
7 7
0 -1 1 0 0 0 2 
1 1 0 0 0 0 -3 
1 -1 0 1 0 0 -1 
1 0 0 1 0 0 -300 
1 0 0 0 1 0 -400 
1 0 0 0 0 1 -400 
1 -1 0 0 1 0 0 

--- Dep 15 from S5 to S5; satisfied: 0, sat level: -1; Type: WAR
on variable: E
Dependence polyhedron
14 11
0 0 0 -1 0 0 1 0 0 0 0 
0 0 -1 0 0 1 0 0 0 0 0 
1 1 0 0 0 0 0 0 0 0 -1 
1 -1 0 0 0 0 0 0 1 0 -2 
1 0 0 0 0 0 0 0 1 0 -400 
1 0 1 0 0 0 0 0 0 0 -1 
1 0 -1 0 0 0 0 1 0 0 -1 
1 0 0 0 0 0 0 1 0 0 -300 
1 0 0 1 0 0 0 0 0 0 0 
1 0 0 -1 0 0 0 0 0 1 -1 
1 0 0 0 0 0 0 0 0 1 -400 
1 0 0 0 1 0 0 0 0 0 -1 
1 0 0 0 -1 0 0 0 1 0 -2 
1 -1 0 0 1 0 0 0 0 0 -1 

--- Dep 16 from S2 to S2; satisfied: 0, sat level: -1; Type: WAR
on variable: B
Dependence polyhedron
6 7
0 -1 1 0 0 0 -1 
1 1 0 0 0 0 -1 
1 -1 0 1 0 0 -2 
1 0 0 1 0 0 -300 
1 0 0 0 1 0 -400 
1 0 0 0 0 1 -400 

--- Dep 17 from S1 to S6; satisfied: 0, sat level: -1; Type: WAR
on variable: B
Dependence polyhedron
9 8
0 -1 0 1 0 0 0 1 
1 1 0 0 0 0 0 -2 
1 -1 0 0 1 0 0 -1 
1 0 0 0 1 0 0 -300 
1 0 1 0 0 0 0 0 
1 0 -1 0 1 0 0 -1 
1 0 0 0 0 1 0 -400 
1 0 0 0 0 0 1 -400 
1 -1 0 0 0 1 0 -1 

--- Dep 18 from S3 to S6; satisfied: 0, sat level: -1; Type: WAR
on variable: B
Dependence polyhedron
7 7
0 -1 1 0 0 0 1 
1 1 0 0 0 0 -2 
1 -1 0 1 0 0 -1 
1 0 0 1 0 0 -300 
1 0 0 0 1 0 -400 
1 0 0 0 0 1 -400 
1 -1 0 0 1 0 -1 

--- Dep 19 from S1 to S3; satisfied: 0, sat level: -1; Type: WAR
on variable: B
Dependence polyhedron
8 8
0 -1 0 1 0 0 0 -1 
1 1 0 0 0 0 0 -1 
1 -1 0 0 1 0 0 -2 
1 0 0 0 1 0 0 -300 
1 0 1 0 0 0 0 0 
1 0 -1 0 1 0 0 -1 
1 0 0 0 0 1 0 -400 
1 0 0 0 0 0 1 -400 

--- Dep 20 from S3 to S3; satisfied: 0, sat level: -1; Type: WAR
on variable: B
Dependence polyhedron
6 7
0 -1 1 0 0 0 -1 
1 1 0 0 0 0 -1 
1 -1 0 1 0 0 -2 
1 0 0 1 0 0 -300 
1 0 0 0 1 0 -400 
1 0 0 0 0 1 -400 

--- Dep 21 from S2 to S6; satisfied: 0, sat level: -1; Type: WAR
on variable: B
Dependence polyhedron
7 7
0 -1 1 0 0 0 2 
1 1 0 0 0 0 -3 
1 -1 0 1 0 0 -1 
1 0 0 1 0 0 -300 
1 0 0 0 1 0 -400 
1 0 0 0 0 1 -400 
1 -1 0 0 1 0 0 

--- Dep 22 from S2 to S6; satisfied: 0, sat level: -1; Type: WAW
on variable: B
Dependence polyhedron
7 7
0 -1 1 0 0 0 1 
1 1 0 0 0 0 -2 
1 -1 0 1 0 0 -1 
1 0 0 1 0 0 -300 
1 0 0 0 1 0 -400 
1 0 0 0 0 1 -400 
1 -1 0 0 1 0 -1 

--- Dep 23 from S5 to S5; satisfied: 0, sat level: -1; Type: WAW
on variable: E
Dependence polyhedron
14 11
0 0 0 -1 0 0 1 0 0 0 0 
0 0 -1 0 0 1 0 0 0 0 0 
1 1 0 0 0 0 0 0 0 0 -1 
1 -1 0 0 0 0 0 0 1 0 -2 
1 0 0 0 0 0 0 0 1 0 -400 
1 0 1 0 0 0 0 0 0 0 -1 
1 0 -1 0 0 0 0 1 0 0 -1 
1 0 0 0 0 0 0 1 0 0 -300 
1 0 0 1 0 0 0 0 0 0 0 
1 0 0 -1 0 0 0 0 0 1 -1 
1 0 0 0 0 0 0 0 0 1 -400 
1 0 0 0 1 0 0 0 0 0 -1 
1 0 0 0 -1 0 0 0 1 0 -2 
1 -1 0 0 1 0 0 0 0 0 -1 

--- Dep 24 from S3 to S6; satisfied: 0, sat level: -1; Type: WAW
on variable: B
Dependence polyhedron
7 7
0 -1 1 0 0 0 2 
1 1 0 0 0 0 -3 
1 -1 0 1 0 0 -1 
1 0 0 1 0 0 -300 
1 0 0 0 1 0 -400 
1 0 0 0 0 1 -400 
1 -1 0 0 1 0 0 

--- Dep 25 from S1 to S1; satisfied: 0, sat level: -1; Type: WAW
on variable: A
Dependence polyhedron
11 9
0 -1 0 1 0 0 0 0 0 
1 1 0 0 0 0 0 0 -1 
1 -1 0 0 0 1 0 0 -1 
1 0 0 0 0 1 0 0 -300 
1 0 1 0 0 0 0 0 0 
1 0 -1 0 0 1 0 0 -1 
1 0 0 0 0 0 1 0 -400 
1 0 0 0 0 0 0 1 -400 
1 0 0 0 -1 1 0 0 -1 
1 0 0 0 1 0 0 0 0 
1 0 -1 0 1 0 0 0 -1 

--- Dep 26 from S2 to S3; satisfied: 0, sat level: -1; Type: WAW
on variable: B
Dependence polyhedron
6 7
0 -1 1 0 0 0 -1 
1 1 0 0 0 0 -1 
1 -1 0 1 0 0 -2 
1 0 0 1 0 0 -300 
1 0 0 0 1 0 -400 
1 0 0 0 0 1 -400 


[zyj-debug] After affine transformations
T(S1): (2, i, j, 0, 5, 0, 0, 0)
loop types (scalar, loop, loop, scalar, scalar, scalar, scalar, scalar)

T(S2): (3, i, 0, 0, 2, 0, 0, 0)
loop types (scalar, loop, scalar, scalar, scalar, scalar, scalar, scalar)

T(S3): (3, i, 0, 0, 3, 0, 0, 0)
loop types (scalar, loop, scalar, scalar, scalar, scalar, scalar, scalar)

T(S4): (1, k, 0, 0, 1, 0, 0, 0)
loop types (scalar, loop, scalar, scalar, scalar, scalar, scalar, scalar)

T(S5): (0, zT3, zT4, zT5, m, n, l, 0)
loop types (scalar, loop, loop, loop, loop, loop, loop, scalar)

T(S6): (3, l+2, 0, 0, 4, 0, 0, 0)
loop types (scalar, loop, scalar, scalar, scalar, scalar, scalar, scalar)

t1 --> fwd_dep  scalar (band 0)no-ujam
t2 --> serial   loop   (band 0)no-ujam
t3 --> fwd_dep  loop   (band 1)no-ujam
t4 --> fwd_dep  loop   (band 1)no-ujam
t5 --> fwd_dep  loop   (band 1)no-ujam
t6 --> parallel loop   (band 1)no-ujam
t7 --> fwd_dep  loop   (band 1)no-ujam
t8 --> parallel scalar (band 1)no-ujam

