[zyj-debug] Before affine transformations
nvar = 3, npar = 3
Parameters: PB_L PB_Q PB_M 
S1 "A[i] = 1;"
ndims: 1; orig_depth: 1
iterators: i
Index set
3 6
1 1 0 0 0 0 
1 -1 1 0 0 -2 
1 0 1 0 0 -2 
T(S1): (0, i, 0, 0, 0, 0, 0)
loop types (loop, loop, loop, scalar, scalar, scalar, scalar)

No Read accesses
Write accesses
A[i]
Original loop: 0 -> yes

S2 "B[i+1][k][i] = B[k][j][i+1] * B[k][k+1][j+1] - 1;"
ndims: 3; orig_depth: 3
iterators: i, j, k
Index set
8 8
1 1 0 0 0 0 0 0 
1 -1 0 0 1 0 0 -2 
1 0 0 0 1 0 0 -2 
1 0 1 0 0 0 0 0 
1 0 -1 0 0 1 0 -2 
1 0 0 0 0 1 0 -2 
1 0 0 1 0 0 0 0 
1 0 0 -1 0 1 0 -2 
T(S2): (0, i, 1, j, 0, k, 0)
loop types (loop, loop, loop, loop, loop, loop, loop)

Read accesses
B[k][j][i+1]
B[k][k+1][j+1]
Write accesses
B[i+1][k][i]
Original loop: 0 -> yes
Original loop: 1 -> yes
Original loop: 2 -> yes

S3 "A[l+1] = A[m-1] * A[m-1] + C[l][m] * C[l][m] + 4;"
ndims: 2; orig_depth: 2
iterators: l, m
Index set
5 7
1 1 0 0 0 0 0 
1 -1 0 0 0 1 -2 
1 0 0 0 0 1 -2 
1 0 1 0 0 0 -1 
1 0 -1 0 0 1 -1 
T(S3): (1, l, 0, m, 0, 0, 0)
loop types (loop, loop, loop, loop, loop, scalar, scalar)

Read accesses
A[m-1]
A[m-1]
C[l][m]
C[l][m]
Write accesses
A[l+1]
Original loop: 0 -> yes
Original loop: 1 -> yes

S4 "A[m-1] = A[m-1] + 6;"
ndims: 2; orig_depth: 2
iterators: l, m
Index set
5 7
1 1 0 0 0 0 0 
1 -1 0 0 0 1 -2 
1 0 0 0 0 1 -2 
1 0 1 0 0 0 -1 
1 0 -1 0 0 1 -1 
T(S4): (1, l, 0, m, 1, 0, 0)
loop types (loop, loop, loop, loop, loop, scalar, scalar)

Read accesses
A[m-1]
Write accesses
A[m-1]
Original loop: 0 -> yes
Original loop: 1 -> yes

S5 "B[o-1][n][o] = B[o-1][n][o-1] * 4;"
ndims: 3; orig_depth: 3
iterators: n, o, p
Index set
8 8
1 1 0 0 0 0 0 -1 
1 -1 0 0 0 0 1 -3 
1 0 0 0 0 0 1 -4 
1 0 1 0 0 0 0 -1 
1 0 -1 0 0 1 0 -1 
1 0 0 0 0 1 0 -2 
1 0 0 1 0 0 0 0 
1 1 0 -1 0 0 0 -1 
T(S5): (2, n, 0, o, 0, p, 0)
loop types (loop, loop, loop, loop, loop, loop, loop)

Read accesses
B[o-1][n][o-1]
Write accesses
B[o-1][n][o]
Original loop: 0 -> yes
Original loop: 1 -> yes
Original loop: 2 -> yes

S6 "C[n][n-1] = C[n+2][n-1] + C[n][n-1] * C[n-1][o] - A[o] * 6;"
ndims: 2; orig_depth: 2
iterators: n, o
Index set
6 7
1 1 0 0 0 0 -1 
1 -1 0 0 0 1 -3 
1 0 0 0 0 1 -4 
1 0 1 0 0 0 -1 
1 0 -1 0 1 0 -1 
1 0 0 0 1 0 -2 
T(S6): (2, n, 0, o, 1, 0, 0)
loop types (loop, loop, loop, loop, loop, scalar, scalar)

Read accesses
C[n+2][n-1]
C[n][n-1]
C[n-1][o]
A[o]
Write accesses
C[n][n-1]
Original loop: 0 -> yes
Original loop: 1 -> yes

--- Dep 1 from S1 to S3; satisfied: 0, sat level: -1; Type: RAW
on variable: A
Dependence polyhedron
9 8
0 -1 0 1 0 0 0 -1 
1 1 0 0 0 0 0 0 
1 -1 0 0 1 0 0 -2 
1 0 0 0 1 0 0 -500 
1 0 0 0 0 0 1 -500 
1 0 0 0 0 1 0 -500 
1 0 1 0 0 0 0 0 
1 0 -1 0 0 0 1 -2 
1 -1 0 0 0 0 1 -2 

--- Dep 2 from S4 to S4; satisfied: 0, sat level: -1; Type: RAW
on variable: A
Dependence polyhedron
11 9
0 0 -1 0 1 0 0 0 0 
1 1 0 0 0 0 0 0 0 
1 -1 0 0 0 0 0 1 -2 
1 0 0 0 0 0 0 1 -500 
1 0 1 0 0 0 0 0 -1 
1 0 -1 0 0 0 0 1 -1 
1 0 0 0 0 0 1 0 -500 
1 0 0 0 0 1 0 0 -500 
1 0 0 1 0 0 0 0 0 
1 0 0 -1 0 0 0 1 -2 
1 -1 0 1 0 0 0 0 -1 

--- Dep 3 from S3 to S4; satisfied: 0, sat level: -1; Type: RAW
on variable: A
Dependence polyhedron
9 9
0 -1 0 0 1 0 0 0 -2 
1 1 0 0 0 0 0 0 0 
1 0 0 -1 0 0 0 1 -2 
1 0 0 0 0 0 0 1 -500 
1 0 1 0 0 0 0 0 -1 
1 0 -1 0 0 0 0 1 -1 
1 0 0 0 0 0 1 0 -500 
1 0 0 0 0 1 0 0 -500 
1 -1 0 1 0 0 0 0 -1 

--- Dep 4 from S3 to S4; satisfied: 0, sat level: -1; Type: RAW
on variable: A
Dependence polyhedron
9 9
0 -1 0 0 1 0 0 0 -2 
0 -1 0 1 0 0 0 0 0 
1 1 0 0 0 0 0 0 0 
1 -1 0 0 0 0 0 1 -3 
1 0 0 0 0 0 0 1 -500 
1 0 1 0 0 0 0 0 -1 
1 1 -1 0 0 0 0 0 2 
1 0 0 0 0 0 1 0 -500 
1 0 0 0 0 1 0 0 -500 

--- Dep 5 from S6 to S6; satisfied: 0, sat level: -1; Type: RAW
on variable: C
Dependence polyhedron
11 9
0 -1 0 1 0 0 0 0 0 
1 1 0 0 0 0 0 0 -1 
1 -1 0 0 0 0 0 1 -3 
1 0 0 0 0 0 0 1 -500 
1 0 1 0 0 0 0 0 -1 
1 0 -1 0 0 0 1 0 -1 
1 0 0 0 0 0 1 0 -500 
1 0 0 0 0 1 0 0 -500 
1 0 0 0 -1 0 1 0 -1 
1 0 0 0 1 0 0 0 -1 
1 0 -1 0 1 0 0 0 -1 

--- Dep 6 from S3 to S6; satisfied: 0, sat level: -1; Type: RAW
on variable: A
Dependence polyhedron
11 9
0 -1 0 0 1 0 0 0 -1 
1 1 0 0 0 0 0 0 0 
1 -1 0 0 0 0 0 1 -2 
1 0 0 0 0 0 0 1 -500 
1 0 1 0 0 0 0 0 -1 
1 0 -1 0 0 0 0 1 -1 
1 0 0 0 0 0 1 0 -500 
1 0 0 0 0 1 0 0 -500 
1 0 0 1 0 0 0 0 -1 
1 0 0 -1 0 0 0 1 -3 
1 -1 0 0 0 0 1 0 -2 

--- Dep 7 from S1 to S3; satisfied: 0, sat level: -1; Type: RAW
on variable: A
Dependence polyhedron
9 8
0 -1 0 1 0 0 0 -1 
1 1 0 0 0 0 0 0 
1 -1 0 0 1 0 0 -2 
1 0 0 0 1 0 0 -500 
1 0 0 0 0 0 1 -500 
1 0 0 0 0 1 0 -500 
1 0 1 0 0 0 0 0 
1 0 -1 0 0 0 1 -2 
1 -1 0 0 0 0 1 -2 

--- Dep 8 from S2 to S2; satisfied: 0, sat level: -1; Type: RAW
on variable: B
Dependence polyhedron
12 11
0 -1 0 0 0 0 1 0 0 0 -1 
0 -1 0 0 0 1 0 0 0 0 1 
0 -1 0 1 0 0 0 0 0 0 -2 
1 1 0 0 0 0 0 0 0 0 -1 
1 -1 0 0 1 0 0 0 0 0 -1 
1 0 0 0 0 0 0 1 0 0 -500 
1 0 1 0 0 0 0 0 0 0 0 
1 0 -1 0 0 0 0 0 1 0 -2 
1 0 0 0 0 0 0 0 1 0 -500 
1 0 0 0 0 0 0 0 0 1 -500 
1 -1 0 0 0 0 0 0 1 0 -4 
1 0 0 0 -1 0 0 1 0 0 -2 

--- Dep 9 from S2 to S2; satisfied: 0, sat level: -1; Type: RAW
on variable: B
Dependence polyhedron
11 11
0 -1 0 0 0 0 1 0 0 0 -1 
0 -1 0 0 0 1 0 0 0 0 1 
0 -1 0 0 1 0 0 0 0 0 0 
0 -1 0 1 0 0 0 0 0 0 -2 
1 -1 0 0 0 0 0 0 1 0 -4 
1 -1 0 0 0 0 0 1 0 0 -2 
1 0 0 0 0 0 0 1 0 0 -500 
1 0 1 0 0 0 0 0 0 0 0 
1 1 -1 0 0 0 0 0 0 0 -2 
1 0 0 0 0 0 0 0 1 0 -500 
1 0 0 0 0 0 0 0 0 1 -500 

--- Dep 10 from S3 to S3; satisfied: 0, sat level: -1; Type: RAW
on variable: A
Dependence polyhedron
9 9
0 -1 0 0 1 0 0 0 -2 
1 1 0 0 0 0 0 0 0 
1 0 0 -1 0 0 0 1 -2 
1 0 0 0 0 0 0 1 -500 
1 0 1 0 0 0 0 0 -1 
1 0 -1 0 0 0 0 1 -1 
1 0 0 0 0 0 1 0 -500 
1 0 0 0 0 1 0 0 -500 
1 -1 0 1 0 0 0 0 -1 

--- Dep 11 from S3 to S3; satisfied: 0, sat level: -1; Type: RAW
on variable: A
Dependence polyhedron
8 9
0 -1 0 0 1 0 0 0 -2 
0 -1 0 1 0 0 0 0 0 
1 0 0 0 0 1 0 0 -500 
1 -1 0 0 0 0 0 1 -3 
1 0 0 0 0 0 0 1 -500 
1 0 1 0 0 0 0 0 -1 
1 1 -1 0 0 0 0 0 1 
1 0 0 0 0 0 1 0 -500 

--- Dep 12 from S6 to S6; satisfied: 0, sat level: -1; Type: RAW
on variable: C
Dependence polyhedron
10 9
0 -1 0 0 1 0 0 0 1 
0 -1 0 1 0 0 0 0 -1 
1 1 0 0 0 0 0 0 -2 
1 -1 0 0 0 0 0 1 -4 
1 0 0 0 0 0 0 1 -500 
1 0 1 0 0 0 0 0 -1 
1 0 -1 0 0 0 1 0 -1 
1 0 0 0 0 0 1 0 -500 
1 0 0 0 0 1 0 0 -500 
1 -1 0 0 0 0 1 0 0 

--- Dep 13 from S1 to S4; satisfied: 0, sat level: -1; Type: RAW
on variable: A
Dependence polyhedron
9 8
0 -1 0 1 0 0 0 -1 
1 1 0 0 0 0 0 0 
1 -1 0 0 1 0 0 -2 
1 0 0 0 1 0 0 -500 
1 0 0 0 0 0 1 -500 
1 0 0 0 0 1 0 -500 
1 0 1 0 0 0 0 0 
1 0 -1 0 0 0 1 -2 
1 -1 0 0 0 0 1 -2 

--- Dep 14 from S4 to S6; satisfied: 0, sat level: -1; Type: RAW
on variable: A
Dependence polyhedron
11 9
0 0 -1 0 1 0 0 0 1 
1 1 0 0 0 0 0 0 0 
1 -1 0 0 0 0 0 1 -2 
1 0 0 0 0 0 0 1 -500 
1 0 1 0 0 0 0 0 -2 
1 0 -1 0 0 0 0 1 -1 
1 0 0 0 0 0 1 0 -500 
1 0 0 0 0 1 0 0 -500 
1 0 0 1 0 0 0 0 -1 
1 0 0 -1 0 0 0 1 -3 
1 0 -1 0 0 0 1 0 0 

--- Dep 15 from S1 to S6; satisfied: 0, sat level: -1; Type: RAW
on variable: A
Dependence polyhedron
9 8
0 -1 0 1 0 0 0 0 
1 1 0 0 0 0 0 -1 
1 -1 0 0 1 0 0 -2 
1 0 0 0 1 0 0 -500 
1 0 0 0 0 0 1 -500 
1 0 0 0 0 1 0 -500 
1 0 1 0 0 0 0 -1 
1 0 -1 0 0 0 1 -3 
1 -1 0 0 0 1 0 -1 

--- Dep 16 from S4 to S3; satisfied: 0, sat level: -1; Type: RAW
on variable: A
Dependence polyhedron
11 9
0 0 -1 0 1 0 0 0 0 
1 1 0 0 0 0 0 0 0 
1 -1 0 0 0 0 0 1 -2 
1 0 0 0 0 0 0 1 -500 
1 0 1 0 0 0 0 0 -1 
1 0 -1 0 0 0 0 1 -1 
1 0 0 0 0 0 1 0 -500 
1 0 0 0 0 1 0 0 -500 
1 0 0 1 0 0 0 0 0 
1 0 0 -1 0 0 0 1 -2 
1 -1 0 1 0 0 0 0 -1 

--- Dep 17 from S4 to S3; satisfied: 0, sat level: -1; Type: RAW
on variable: A
Dependence polyhedron
11 9
0 0 -1 0 1 0 0 0 0 
1 1 0 0 0 0 0 0 0 
1 -1 0 0 0 0 0 1 -2 
1 0 0 0 0 0 0 1 -500 
1 0 1 0 0 0 0 0 -1 
1 0 -1 0 0 0 0 1 -1 
1 0 0 0 0 0 1 0 -500 
1 0 0 0 0 1 0 0 -500 
1 0 0 1 0 0 0 0 0 
1 0 0 -1 0 0 0 1 -2 
1 -1 0 1 0 0 0 0 -1 

--- Dep 18 from S3 to S3; satisfied: 0, sat level: -1; Type: RAW
on variable: A
Dependence polyhedron
9 9
0 -1 0 0 1 0 0 0 -2 
1 1 0 0 0 0 0 0 0 
1 0 0 -1 0 0 0 1 -2 
1 0 0 0 0 0 0 1 -500 
1 0 1 0 0 0 0 0 -1 
1 0 -1 0 0 0 0 1 -1 
1 0 0 0 0 0 1 0 -500 
1 0 0 0 0 1 0 0 -500 
1 -1 0 1 0 0 0 0 -1 

--- Dep 19 from S3 to S3; satisfied: 0, sat level: -1; Type: RAW
on variable: A
Dependence polyhedron
8 9
0 -1 0 0 1 0 0 0 -2 
0 -1 0 1 0 0 0 0 0 
1 0 0 0 0 1 0 0 -500 
1 -1 0 0 0 0 0 1 -3 
1 0 0 0 0 0 0 1 -500 
1 0 1 0 0 0 0 0 -1 
1 1 -1 0 0 0 0 0 1 
1 0 0 0 0 0 1 0 -500 

--- Dep 20 from S3 to S3; satisfied: 0, sat level: -1; Type: WAR
on variable: A
Dependence polyhedron
9 9
0 0 -1 1 0 0 0 0 2 
1 1 0 0 0 0 0 0 0 
1 0 0 0 1 0 0 0 -1 
1 0 0 0 0 0 0 1 -500 
1 -1 1 0 0 0 0 0 -3 
1 0 -1 0 0 0 0 1 -1 
1 0 0 0 0 0 1 0 -500 
1 0 0 0 0 1 0 0 -500 
1 0 0 0 -1 0 0 1 -1 

--- Dep 21 from S3 to S3; satisfied: 0, sat level: -1; Type: WAR
on variable: A
Dependence polyhedron
8 9
0 -1 0 1 0 0 0 0 0 
0 -1 1 0 0 0 0 0 -2 
1 1 0 0 0 0 0 0 0 
1 0 0 0 0 1 0 0 -500 
1 0 0 0 0 0 0 1 -500 
1 -1 0 0 1 0 0 0 -3 
1 0 0 0 -1 0 0 1 -1 
1 0 0 0 0 0 1 0 -500 

--- Dep 22 from S3 to S6; satisfied: 0, sat level: -1; Type: WAR
on variable: C
Dependence polyhedron
9 9
0 -1 0 1 0 0 0 0 0 
0 -1 1 0 0 0 0 0 1 
1 1 0 0 0 0 0 0 -2 
1 -1 0 0 0 0 0 1 -3 
1 0 0 0 0 0 0 1 -500 
1 0 0 0 0 1 0 0 -500 
1 0 0 0 0 0 1 0 -500 
1 0 0 0 -1 0 1 0 -1 
1 0 0 0 1 0 0 0 -1 

--- Dep 23 from S2 to S2; satisfied: 0, sat level: -1; Type: WAR
on variable: B
Dependence polyhedron
13 11
0 0 -1 0 0 0 1 0 0 0 0 
0 -1 0 0 1 0 0 0 0 0 -1 
0 -1 0 1 0 0 0 0 0 0 -2 
1 1 0 0 0 0 0 0 0 0 0 
1 -1 0 0 0 0 0 1 0 0 -3 
1 0 0 0 0 0 0 1 0 0 -500 
1 0 1 0 0 0 0 0 0 0 0 
1 0 -1 0 0 0 0 0 1 0 -2 
1 0 0 0 0 0 0 0 1 0 -500 
1 0 0 0 0 0 0 0 0 1 -500 
1 -1 0 0 0 0 0 0 1 0 -4 
1 0 0 0 0 -1 0 0 1 0 -2 
1 0 0 0 0 1 0 0 0 0 0 

--- Dep 24 from S3 to S4; satisfied: 0, sat level: -1; Type: WAR
on variable: A
Dependence polyhedron
9 9
0 0 -1 0 1 0 0 0 0 
1 1 0 0 0 0 0 0 0 
1 0 0 -1 0 0 0 1 -2 
1 0 0 0 0 0 0 1 -500 
1 0 1 0 0 0 0 0 -1 
1 0 -1 0 0 0 0 1 -1 
1 0 0 0 0 0 1 0 -500 
1 0 0 0 0 1 0 0 -500 
1 -1 0 1 0 0 0 0 0 

--- Dep 25 from S4 to S3; satisfied: 0, sat level: -1; Type: WAR
on variable: A
Dependence polyhedron
9 9
0 0 -1 1 0 0 0 0 2 
1 1 0 0 0 0 0 0 0 
1 0 0 0 1 0 0 0 -1 
1 0 0 0 0 0 0 1 -500 
1 -1 1 0 0 0 0 0 -3 
1 0 -1 0 0 0 0 1 -1 
1 0 0 0 0 0 1 0 -500 
1 0 0 0 0 1 0 0 -500 
1 0 0 0 -1 0 0 1 -1 

--- Dep 26 from S4 to S3; satisfied: 0, sat level: -1; Type: WAR
on variable: A
Dependence polyhedron
8 9
0 -1 0 1 0 0 0 0 0 
0 -1 1 0 0 0 0 0 -2 
1 1 0 0 0 0 0 0 0 
1 0 0 0 0 1 0 0 -500 
1 0 0 0 0 0 0 1 -500 
1 -1 0 0 1 0 0 0 -3 
1 0 0 0 -1 0 0 1 -1 
1 0 0 0 0 0 1 0 -500 

--- Dep 27 from S3 to S6; satisfied: 0, sat level: -1; Type: WAR
on variable: C
Dependence polyhedron
9 9
0 -1 0 1 0 0 0 0 0 
0 -1 1 0 0 0 0 0 1 
1 1 0 0 0 0 0 0 -2 
1 -1 0 0 0 0 0 1 -3 
1 0 0 0 0 0 0 1 -500 
1 0 0 0 0 1 0 0 -500 
1 0 0 0 0 0 1 0 -500 
1 0 0 0 -1 0 1 0 -1 
1 0 0 0 1 0 0 0 -1 

--- Dep 28 from S3 to S3; satisfied: 0, sat level: -1; Type: WAR
on variable: A
Dependence polyhedron
9 9
0 0 -1 1 0 0 0 0 2 
1 1 0 0 0 0 0 0 0 
1 0 0 0 1 0 0 0 -1 
1 0 0 0 0 0 0 1 -500 
1 -1 1 0 0 0 0 0 -3 
1 0 -1 0 0 0 0 1 -1 
1 0 0 0 0 0 1 0 -500 
1 0 0 0 0 1 0 0 -500 
1 0 0 0 -1 0 0 1 -1 

--- Dep 29 from S3 to S3; satisfied: 0, sat level: -1; Type: WAR
on variable: A
Dependence polyhedron
8 9
0 -1 0 1 0 0 0 0 0 
0 -1 1 0 0 0 0 0 -2 
1 1 0 0 0 0 0 0 0 
1 0 0 0 0 1 0 0 -500 
1 0 0 0 0 0 0 1 -500 
1 -1 0 0 1 0 0 0 -3 
1 0 0 0 -1 0 0 1 -1 
1 0 0 0 0 0 1 0 -500 

--- Dep 30 from S2 to S5; satisfied: 0, sat level: -1; Type: WAR
on variable: B
Dependence polyhedron
14 11
0 -1 0 0 0 1 0 0 0 0 -1 
0 0 -1 0 1 0 0 0 0 0 0 
0 -1 0 1 0 0 0 0 0 0 0 
1 1 0 0 0 0 0 0 0 0 0 
1 -1 0 0 0 0 0 1 0 0 -2 
1 0 0 0 0 0 0 1 0 0 -500 
1 0 1 0 0 0 0 0 0 0 -1 
1 0 -1 0 0 0 0 0 1 0 -2 
1 0 0 0 0 0 0 0 1 0 -500 
1 0 1 0 0 0 -1 0 0 0 -1 
1 -1 0 0 0 0 0 0 1 0 -2 
1 0 0 0 0 0 0 0 0 1 -500 
1 0 0 0 0 0 1 0 0 0 0 
1 0 -1 0 0 0 0 0 0 1 -3 

--- Dep 31 from S6 to S6; satisfied: 0, sat level: -1; Type: WAR
on variable: C
Dependence polyhedron
11 9
0 -1 0 1 0 0 0 0 0 
1 1 0 0 0 0 0 0 -1 
1 -1 0 0 0 0 0 1 -3 
1 0 0 0 0 0 0 1 -500 
1 0 1 0 0 0 0 0 -1 
1 0 -1 0 0 0 1 0 -1 
1 0 0 0 0 0 1 0 -500 
1 0 0 0 0 1 0 0 -500 
1 0 0 0 -1 0 1 0 -1 
1 0 0 0 1 0 0 0 -1 
1 0 -1 0 1 0 0 0 -1 

--- Dep 32 from S4 to S4; satisfied: 0, sat level: -1; Type: WAR
on variable: A
Dependence polyhedron
11 9
0 0 -1 0 1 0 0 0 0 
1 1 0 0 0 0 0 0 0 
1 -1 0 0 0 0 0 1 -2 
1 0 0 0 0 0 0 1 -500 
1 0 1 0 0 0 0 0 -1 
1 0 -1 0 0 0 0 1 -1 
1 0 0 0 0 0 1 0 -500 
1 0 0 0 0 1 0 0 -500 
1 0 0 1 0 0 0 0 0 
1 0 0 -1 0 0 0 1 -2 
1 -1 0 1 0 0 0 0 -1 

--- Dep 33 from S2 to S5; satisfied: 0, sat level: -1; Type: WAR
on variable: B
Dependence polyhedron
13 11
0 0 -1 0 0 1 0 0 0 0 -1 
0 0 -1 0 1 0 0 0 0 0 -1 
0 0 -1 1 0 0 0 0 0 0 0 
1 1 0 0 0 0 0 0 0 0 0 
1 -1 0 0 0 0 0 1 0 0 -2 
1 0 0 0 0 0 0 1 0 0 -500 
1 0 1 0 0 0 0 0 0 0 0 
1 0 -1 0 0 0 0 0 1 0 -2 
1 0 0 0 0 0 0 0 1 0 -500 
1 0 1 0 0 0 -1 0 0 0 0 
1 0 0 0 0 0 1 0 0 0 0 
1 0 0 0 0 0 0 0 0 1 -500 
1 0 -1 0 0 0 0 0 0 1 -4 

--- Dep 34 from S2 to S2; satisfied: 0, sat level: -1; Type: WAR
on variable: B
Dependence polyhedron
12 11
0 0 -1 0 0 0 1 0 0 0 -3 
0 0 -1 0 1 0 0 0 0 0 -1 
0 0 -1 1 0 0 0 0 0 0 -2 
1 1 0 0 0 0 0 0 0 0 0 
1 0 -1 0 0 0 0 1 0 0 -3 
1 0 0 0 0 0 0 1 0 0 -500 
1 -1 1 0 0 0 0 0 0 0 0 
1 0 -1 0 0 0 0 0 1 0 -5 
1 0 0 0 0 0 0 0 1 0 -500 
1 0 0 0 0 0 0 0 0 1 -500 
1 0 0 0 0 -1 0 0 1 0 -2 
1 0 0 0 0 1 0 0 0 0 0 

--- Dep 35 from S2 to S2; satisfied: 0, sat level: -1; Type: WAR
on variable: B
Dependence polyhedron
12 11
0 -1 0 0 0 0 1 0 0 0 -2 
0 -1 0 0 1 0 0 0 0 0 0 
0 -1 0 1 0 0 0 0 0 0 -1 
0 -1 1 0 0 0 0 0 0 0 1 
1 1 0 0 0 0 0 0 0 0 -1 
1 -1 0 0 0 0 0 1 0 0 -2 
1 0 0 0 0 0 0 1 0 0 -500 
1 -1 0 0 0 1 0 0 0 0 1 
1 -1 0 0 0 0 0 0 1 0 -4 
1 0 0 0 0 0 0 0 1 0 -500 
1 0 0 0 0 0 0 0 0 1 -500 
1 0 0 0 0 -1 0 0 1 0 -2 

--- Dep 36 from S3 to S4; satisfied: 0, sat level: -1; Type: WAR
on variable: A
Dependence polyhedron
9 9
0 0 -1 0 1 0 0 0 0 
1 1 0 0 0 0 0 0 0 
1 0 0 -1 0 0 0 1 -2 
1 0 0 0 0 0 0 1 -500 
1 0 1 0 0 0 0 0 -1 
1 0 -1 0 0 0 0 1 -1 
1 0 0 0 0 0 1 0 -500 
1 0 0 0 0 1 0 0 -500 
1 -1 0 1 0 0 0 0 0 

--- Dep 37 from S4 to S3; satisfied: 0, sat level: -1; Type: WAW
on variable: A
Dependence polyhedron
9 9
0 0 -1 1 0 0 0 0 2 
1 1 0 0 0 0 0 0 0 
1 0 0 0 1 0 0 0 -1 
1 0 0 0 0 0 0 1 -500 
1 -1 1 0 0 0 0 0 -3 
1 0 -1 0 0 0 0 1 -1 
1 0 0 0 0 0 1 0 -500 
1 0 0 0 0 1 0 0 -500 
1 0 0 0 -1 0 0 1 -1 

--- Dep 38 from S4 to S3; satisfied: 0, sat level: -1; Type: WAW
on variable: A
Dependence polyhedron
8 9
0 -1 0 1 0 0 0 0 0 
0 -1 1 0 0 0 0 0 -2 
1 1 0 0 0 0 0 0 0 
1 0 0 0 0 1 0 0 -500 
1 0 0 0 0 0 0 1 -500 
1 -1 0 0 1 0 0 0 -3 
1 0 0 0 -1 0 0 1 -1 
1 0 0 0 0 0 1 0 -500 

--- Dep 39 from S1 to S3; satisfied: 0, sat level: -1; Type: WAW
on variable: A
Dependence polyhedron
9 8
0 -1 1 0 0 0 0 1 
1 1 0 0 0 0 0 -1 
1 -1 0 0 1 0 0 -2 
1 0 0 0 1 0 0 -500 
1 0 0 0 0 0 1 -500 
1 0 0 0 0 1 0 -500 
1 0 0 -1 0 0 1 -1 
1 -1 0 0 0 0 1 -1 
1 0 0 1 0 0 0 -1 

--- Dep 40 from S3 to S3; satisfied: 0, sat level: -1; Type: WAW
on variable: A
Dependence polyhedron
11 9
0 -1 0 1 0 0 0 0 0 
1 1 0 0 0 0 0 0 0 
1 -1 0 0 0 0 0 1 -2 
1 0 0 0 0 0 0 1 -500 
1 0 1 0 0 0 0 0 -1 
1 0 -1 0 0 0 0 1 -1 
1 0 0 0 0 0 1 0 -500 
1 0 0 0 0 1 0 0 -500 
1 0 0 0 -1 0 0 1 -1 
1 0 0 0 1 0 0 0 -1 
1 0 -1 0 1 0 0 0 -1 

--- Dep 41 from S4 to S4; satisfied: 0, sat level: -1; Type: WAW
on variable: A
Dependence polyhedron
11 9
0 0 -1 0 1 0 0 0 0 
1 1 0 0 0 0 0 0 0 
1 -1 0 0 0 0 0 1 -2 
1 0 0 0 0 0 0 1 -500 
1 0 1 0 0 0 0 0 -1 
1 0 -1 0 0 0 0 1 -1 
1 0 0 0 0 0 1 0 -500 
1 0 0 0 0 1 0 0 -500 
1 0 0 1 0 0 0 0 0 
1 0 0 -1 0 0 0 1 -2 
1 -1 0 1 0 0 0 0 -1 

--- Dep 42 from S3 to S4; satisfied: 0, sat level: -1; Type: WAW
on variable: A
Dependence polyhedron
9 9
0 -1 0 0 1 0 0 0 -2 
1 1 0 0 0 0 0 0 0 
1 0 0 -1 0 0 0 1 -2 
1 0 0 0 0 0 0 1 -500 
1 0 1 0 0 0 0 0 -1 
1 0 -1 0 0 0 0 1 -1 
1 0 0 0 0 0 1 0 -500 
1 0 0 0 0 1 0 0 -500 
1 -1 0 1 0 0 0 0 -1 

--- Dep 43 from S3 to S4; satisfied: 0, sat level: -1; Type: WAW
on variable: A
Dependence polyhedron
9 9
0 -1 0 0 1 0 0 0 -2 
0 -1 0 1 0 0 0 0 0 
1 1 0 0 0 0 0 0 0 
1 -1 0 0 0 0 0 1 -3 
1 0 0 0 0 0 0 1 -500 
1 0 1 0 0 0 0 0 -1 
1 1 -1 0 0 0 0 0 2 
1 0 0 0 0 0 1 0 -500 
1 0 0 0 0 1 0 0 -500 

--- Dep 44 from S2 to S2; satisfied: 0, sat level: -1; Type: WAW
on variable: B
Dependence polyhedron
14 11
0 0 0 -1 0 0 1 0 0 0 0 
0 -1 0 0 1 0 0 0 0 0 0 
1 1 0 0 0 0 0 0 0 0 0 
1 -1 0 0 0 0 0 1 0 0 -2 
1 0 0 0 0 0 0 1 0 0 -500 
1 0 1 0 0 0 0 0 0 0 0 
1 0 -1 0 0 0 0 0 1 0 -2 
1 0 0 0 0 0 0 0 1 0 -500 
1 0 0 1 0 0 0 0 0 0 0 
1 0 0 -1 0 0 0 0 1 0 -2 
1 0 0 0 0 0 0 0 0 1 -500 
1 0 0 0 0 -1 0 0 1 0 -2 
1 0 0 0 0 1 0 0 0 0 0 
1 0 -1 0 0 1 0 0 0 0 -1 

--- Dep 45 from S5 to S5; satisfied: 0, sat level: -1; Type: WAW
on variable: B
Dependence polyhedron
14 11
0 0 -1 0 0 1 0 0 0 0 0 
0 -1 0 0 1 0 0 0 0 0 0 
1 1 0 0 0 0 0 0 0 0 -1 
1 -1 0 0 0 0 0 0 0 1 -3 
1 0 0 0 0 0 0 0 0 1 -500 
1 0 1 0 0 0 0 0 0 0 -1 
1 0 -1 0 0 0 0 0 1 0 -1 
1 0 0 0 0 0 0 0 1 0 -500 
1 0 0 1 0 0 0 0 0 0 0 
1 1 0 -1 0 0 0 0 0 0 -1 
1 0 0 0 0 0 0 1 0 0 -500 
1 1 0 0 0 0 -1 0 0 0 -1 
1 0 0 0 0 0 1 0 0 0 0 
1 0 0 -1 0 0 1 0 0 0 -1 

--- Dep 46 from S6 to S6; satisfied: 0, sat level: -1; Type: WAW
on variable: C
Dependence polyhedron
11 9
0 -1 0 1 0 0 0 0 0 
1 1 0 0 0 0 0 0 -1 
1 -1 0 0 0 0 0 1 -3 
1 0 0 0 0 0 0 1 -500 
1 0 1 0 0 0 0 0 -1 
1 0 -1 0 0 0 1 0 -1 
1 0 0 0 0 0 1 0 -500 
1 0 0 0 0 1 0 0 -500 
1 0 0 0 -1 0 1 0 -1 
1 0 0 0 1 0 0 0 -1 
1 0 -1 0 1 0 0 0 -1 

--- Dep 47 from S1 to S4; satisfied: 0, sat level: -1; Type: WAW
on variable: A
Dependence polyhedron
9 8
0 -1 0 1 0 0 0 -1 
1 1 0 0 0 0 0 0 
1 -1 0 0 1 0 0 -2 
1 0 0 0 1 0 0 -500 
1 0 0 0 0 0 1 -500 
1 0 0 0 0 1 0 -500 
1 0 1 0 0 0 0 0 
1 0 -1 0 0 0 1 -2 
1 -1 0 0 0 0 1 -2 


[zyj-debug] After affine transformations
T(S1): (1, 1, 1, zT1, i, 0, 0, 5, 0, 0)
loop types (scalar, scalar, scalar, loop, loop, scalar, scalar, scalar, scalar, scalar)

T(S2): (0, 0, 1, i, zT3+zT4, zT4, j, j+k, 4, 0)
loop types (scalar, scalar, scalar, loop, loop, loop, loop, loop, scalar, scalar)

T(S3): (2, 0, 0, l, m, 0, 2, 0, 0, 0)
loop types (scalar, scalar, scalar, loop, loop, scalar, scalar, scalar, scalar, scalar)

T(S4): (2, 0, 0, l, m, 0, 3, 0, 0, 0)
loop types (scalar, scalar, scalar, loop, loop, scalar, scalar, scalar, scalar, scalar)

T(S5): (0, 1, 0, zT3, zT4, zT5, n, o, p, 1)
loop types (scalar, scalar, scalar, loop, loop, loop, loop, loop, loop, scalar)

T(S6): (2, 0, 1, n, o, 0, 0, 0, 0, 0)
loop types (scalar, scalar, scalar, loop, loop, scalar, scalar, scalar, scalar, scalar)

t1 --> fwd_dep  scalar (band 0)no-ujam
t2 --> fwd_dep  scalar (band 0)no-ujam
t3 --> fwd_dep  scalar (band 0)no-ujam
t4 --> serial   loop   (band 0)no-ujam
t5 --> fwd_dep  loop   (band 1)no-ujam
t6 --> fwd_dep  loop   (band 1)no-ujam
t7 --> fwd_dep  loop   (band 2)no-ujam
t8 --> fwd_dep  loop   (band 2)no-ujam
t9 --> fwd_dep  loop   (band 2)no-ujam
t10 --> parallel scalar (band 2)no-ujam

