[zyj-debug] Before affine transformations
nvar = 3, npar = 2
Parameters: PB_M PB_P 
S1 "A[j][j] = A[j+2][j+2] - 6;"
ndims: 3; orig_depth: 3
iterators: i, j, k
Index set
11 7
1 1 0 0 0 0 0 
1 -1 0 0 1 0 -1 
1 0 0 0 1 0 -1 
1 0 1 0 0 0 0 
1 1 -1 0 0 0 -1 
1 0 -1 0 1 0 -3 
1 1 0 0 0 0 -1 
1 0 0 0 1 0 -3 
1 0 0 1 0 0 0 
1 0 0 -1 0 1 -1 
1 0 0 0 0 1 -1 
T(S1): (0, i, 0, j, 0, k, 0)
loop types (loop, loop, loop, loop, loop, loop, loop)

Read accesses
A[j+2][j+2]
Write accesses
A[j][j]
Original loop: 0 -> yes
Original loop: 1 -> yes
Original loop: 2 -> yes

S2 "B[j][l] = B[j][l] * C[l][j][i] - 2;"
ndims: 3; orig_depth: 3
iterators: i, j, l
Index set
11 7
1 1 0 0 0 0 0 
1 -1 0 0 1 0 -1 
1 0 0 0 1 0 -1 
1 0 1 0 0 0 0 
1 1 -1 0 0 0 -1 
1 0 -1 0 1 0 -3 
1 1 0 0 0 0 -1 
1 0 0 0 1 0 -3 
1 0 0 1 0 0 0 
1 0 1 -1 0 0 -1 
1 0 1 0 0 0 -1 
T(S2): (0, i, 0, j, 1, l, 0)
loop types (loop, loop, loop, loop, loop, loop, loop)

Read accesses
B[j][l]
C[l][j][i]
Write accesses
B[j][l]
Original loop: 0 -> yes
Original loop: 1 -> yes
Original loop: 2 -> yes

S3 "D[i] = D[i] - D[i] * E[i] * 2;"
ndims: 1; orig_depth: 1
iterators: i
Index set
3 5
1 1 0 0 0 
1 -1 1 0 -1 
1 0 1 0 -1 
T(S3): (0, i, 1, 0, 0, 0, 0)
loop types (loop, loop, loop, scalar, scalar, scalar, scalar)

Read accesses
D[i]
D[i]
E[i]
Write accesses
D[i]
Original loop: 0 -> yes

S4 "E[m] = E[m] * 6;"
ndims: 1; orig_depth: 1
iterators: m
Index set
3 5
1 1 0 0 0 
1 -1 1 0 -1 
1 0 1 0 -1 
T(S4): (1, m, 0, 0, 0, 0, 0)
loop types (loop, loop, loop, scalar, scalar, scalar, scalar)

Read accesses
E[m]
Write accesses
E[m]
Original loop: 0 -> yes

S5 "E[n] = E[n+1] * E[n-1] + E[n] - 6;"
ndims: 1; orig_depth: 1
iterators: n
Index set
3 5
1 1 0 0 -1 
1 -1 1 0 -2 
1 0 1 0 -3 
T(S5): (2, n, 0, 0, 0, 0, 0)
loop types (loop, loop, loop, scalar, scalar, scalar, scalar)

Read accesses
E[n+1]
E[n-1]
E[n]
Write accesses
E[n]
Original loop: 0 -> yes

S6 "D[o] = D[o] * D[o-2] + D[o] - E[o] - 6;"
ndims: 1; orig_depth: 1
iterators: o
Index set
3 5
1 1 0 0 -2 
1 -1 1 0 -1 
1 0 1 0 -3 
T(S6): (3, o, 0, 0, 0, 0, 0)
loop types (loop, loop, loop, scalar, scalar, scalar, scalar)

Read accesses
D[o]
D[o-2]
D[o]
E[o]
Write accesses
D[o]
Original loop: 0 -> yes

--- Dep 1 from S4 to S5; satisfied: 0, sat level: -1; Type: RAW
on variable: E
Dependence polyhedron
5 6
0 -1 1 0 0 1 
1 1 0 0 0 -2 
1 -1 0 1 0 -1 
1 0 0 1 0 -300 
1 0 0 0 1 -500 

--- Dep 2 from S5 to S6; satisfied: 0, sat level: -1; Type: RAW
on variable: E
Dependence polyhedron
5 6
0 -1 1 0 0 0 
1 1 0 0 0 -2 
1 -1 0 1 0 -2 
1 0 0 1 0 -300 
1 0 0 0 1 -500 

--- Dep 3 from S4 to S5; satisfied: 0, sat level: -1; Type: RAW
on variable: E
Dependence polyhedron
5 6
0 -1 1 0 0 -1 
1 1 0 0 0 0 
1 -1 0 1 0 -3 
1 0 0 1 0 -300 
1 0 0 0 1 -500 

--- Dep 4 from S3 to S6; satisfied: 0, sat level: -1; Type: RAW
on variable: D
Dependence polyhedron
5 6
0 -1 1 0 0 0 
1 1 0 0 0 -2 
1 -1 0 1 0 -1 
1 0 0 1 0 -300 
1 0 0 0 1 -500 

--- Dep 5 from S2 to S2; satisfied: 0, sat level: -1; Type: RAW
on variable: B
Dependence polyhedron
15 10
0 0 0 -1 0 0 1 0 0 0 
0 0 -1 0 0 1 0 0 0 0 
1 1 0 0 0 0 0 0 0 -1 
1 -1 0 0 0 0 0 1 0 -1 
1 0 0 0 0 0 0 1 0 -300 
1 0 1 0 0 0 0 0 0 -1 
1 1 -1 0 0 0 0 0 0 -1 
1 0 -1 0 0 0 0 1 0 -3 
1 0 1 -1 0 0 0 0 0 -1 
1 0 0 1 0 0 0 0 0 0 
1 0 0 0 0 0 0 0 1 -500 
1 0 0 0 1 0 0 0 0 -1 
1 0 0 0 -1 0 0 1 0 -1 
1 0 -1 0 1 0 0 0 0 -1 
1 -1 0 0 1 0 0 0 0 -1 

--- Dep 6 from S1 to S1; satisfied: 0, sat level: -1; Type: RAW
on variable: A
Dependence polyhedron
16 10
0 0 -1 0 0 1 0 0 0 2 
1 1 0 0 0 0 0 0 0 -1 
1 -1 0 0 0 0 0 1 0 -1 
1 0 0 0 0 0 0 1 0 -300 
1 0 1 0 0 0 0 0 0 -2 
1 1 -1 0 0 0 0 0 0 -1 
1 0 -1 0 0 0 0 1 0 -3 
1 0 0 0 0 0 0 0 1 -500 
1 0 0 -1 0 0 0 0 1 -1 
1 0 0 1 0 0 0 0 0 0 
1 0 0 0 1 0 0 0 0 -1 
1 0 0 0 -1 0 0 1 0 -1 
1 0 0 0 0 0 1 0 0 0 
1 0 0 0 0 0 -1 0 1 -1 
1 0 -1 0 1 0 0 0 0 1 
1 -1 0 0 1 0 0 0 0 -1 

--- Dep 7 from S4 to S6; satisfied: 0, sat level: -1; Type: RAW
on variable: E
Dependence polyhedron
5 6
0 -1 1 0 0 0 
1 1 0 0 0 -2 
1 -1 0 1 0 -1 
1 0 0 1 0 -300 
1 0 0 0 1 -500 

--- Dep 8 from S4 to S5; satisfied: 0, sat level: -1; Type: RAW
on variable: E
Dependence polyhedron
5 6
0 -1 1 0 0 0 
1 1 0 0 0 -1 
1 -1 0 1 0 -2 
1 0 0 1 0 -300 
1 0 0 0 1 -500 

--- Dep 9 from S3 to S6; satisfied: 0, sat level: -1; Type: RAW
on variable: D
Dependence polyhedron
5 6
0 -1 1 0 0 0 
1 1 0 0 0 -2 
1 -1 0 1 0 -1 
1 0 0 1 0 -300 
1 0 0 0 1 -500 

--- Dep 10 from S3 to S6; satisfied: 0, sat level: -1; Type: RAW
on variable: D
Dependence polyhedron
5 6
0 -1 1 0 0 -2 
1 1 0 0 0 0 
1 -1 0 1 0 -3 
1 0 0 1 0 -300 
1 0 0 0 1 -500 

--- Dep 11 from S5 to S5; satisfied: 0, sat level: -1; Type: RAW
on variable: E
Dependence polyhedron
5 6
0 -1 1 0 0 -1 
1 1 0 0 0 -1 
1 -1 0 1 0 -3 
1 0 0 1 0 -300 
1 0 0 0 1 -500 

--- Dep 12 from S6 to S6; satisfied: 0, sat level: -1; Type: RAW
on variable: D
Dependence polyhedron
5 6
0 -1 1 0 0 -2 
1 1 0 0 0 -2 
1 -1 0 1 0 -3 
1 0 0 1 0 -300 
1 0 0 0 1 -500 

--- Dep 13 from S4 to S5; satisfied: 0, sat level: -1; Type: WAR
on variable: E
Dependence polyhedron
5 6
0 -1 1 0 0 0 
1 1 0 0 0 -1 
1 -1 0 1 0 -2 
1 0 0 1 0 -300 
1 0 0 0 1 -500 

--- Dep 14 from S3 to S6; satisfied: 0, sat level: -1; Type: WAR
on variable: D
Dependence polyhedron
5 6
0 -1 1 0 0 0 
1 1 0 0 0 -2 
1 -1 0 1 0 -1 
1 0 0 1 0 -300 
1 0 0 0 1 -500 

--- Dep 15 from S3 to S6; satisfied: 0, sat level: -1; Type: WAR
on variable: D
Dependence polyhedron
5 6
0 -1 1 0 0 0 
1 1 0 0 0 -2 
1 -1 0 1 0 -1 
1 0 0 1 0 -300 
1 0 0 0 1 -500 

--- Dep 16 from S1 to S1; satisfied: 0, sat level: -1; Type: WAR
on variable: A
Dependence polyhedron
13 10
0 0 -1 0 0 1 0 0 0 -2 
1 0 0 0 0 0 -1 0 1 -1 
1 0 -1 0 1 0 0 0 0 -3 
1 0 0 0 0 0 0 1 0 -300 
1 0 1 0 0 0 0 0 0 0 
1 1 -1 0 0 0 0 0 0 -1 
1 0 -1 0 0 0 0 1 0 -5 
1 0 0 0 0 0 0 0 1 -500 
1 0 0 -1 0 0 0 0 1 -1 
1 0 0 1 0 0 0 0 0 0 
1 -1 0 0 1 0 0 0 0 0 
1 0 0 0 -1 0 0 1 0 -1 
1 0 0 0 0 0 1 0 0 0 

--- Dep 17 from S2 to S2; satisfied: 0, sat level: -1; Type: WAR
on variable: B
Dependence polyhedron
15 10
0 0 0 -1 0 0 1 0 0 0 
0 0 -1 0 0 1 0 0 0 0 
1 1 0 0 0 0 0 0 0 -1 
1 -1 0 0 0 0 0 1 0 -1 
1 0 0 0 0 0 0 1 0 -300 
1 0 1 0 0 0 0 0 0 -1 
1 1 -1 0 0 0 0 0 0 -1 
1 0 -1 0 0 0 0 1 0 -3 
1 0 1 -1 0 0 0 0 0 -1 
1 0 0 1 0 0 0 0 0 0 
1 0 0 0 0 0 0 0 1 -500 
1 0 0 0 1 0 0 0 0 -1 
1 0 0 0 -1 0 0 1 0 -1 
1 0 -1 0 1 0 0 0 0 -1 
1 -1 0 0 1 0 0 0 0 -1 

--- Dep 18 from S3 to S5; satisfied: 0, sat level: -1; Type: WAR
on variable: E
Dependence polyhedron
5 6
0 -1 1 0 0 0 
1 1 0 0 0 -1 
1 -1 0 1 0 -2 
1 0 0 1 0 -300 
1 0 0 0 1 -500 

--- Dep 19 from S5 to S5; satisfied: 0, sat level: -1; Type: WAR
on variable: E
Dependence polyhedron
5 6
0 -1 1 0 0 -1 
1 1 0 0 0 -1 
1 -1 0 1 0 -3 
1 0 0 1 0 -300 
1 0 0 0 1 -500 

--- Dep 20 from S3 to S4; satisfied: 0, sat level: -1; Type: WAR
on variable: E
Dependence polyhedron
5 6
0 -1 1 0 0 0 
1 1 0 0 0 0 
1 -1 0 1 0 -1 
1 0 0 1 0 -300 
1 0 0 0 1 -500 

--- Dep 21 from S1 to S1; satisfied: 0, sat level: -1; Type: WAW
on variable: A
Dependence polyhedron
11 10
0 0 -1 0 0 1 0 0 0 0 
1 0 0 0 -1 0 0 1 0 -1 
1 0 0 0 0 0 1 0 0 0 
1 0 0 0 0 0 0 1 0 -300 
1 0 1 0 0 0 0 0 0 0 
1 1 -1 0 0 0 0 0 0 -1 
1 0 0 0 0 0 -1 0 1 -1 
1 0 0 0 0 0 0 0 1 -500 
1 0 0 -1 0 0 0 0 1 -1 
1 0 0 1 0 0 0 0 0 0 
1 -1 0 0 1 0 0 0 0 -1 

--- Dep 22 from S1 to S1; satisfied: 0, sat level: -1; Type: WAW
on variable: A
Dependence polyhedron
11 10
0 0 -1 0 0 1 0 0 0 0 
0 -1 0 0 1 0 0 0 0 0 
1 0 0 -1 0 0 1 0 0 -1 
1 -1 0 0 0 0 0 1 0 -1 
1 0 0 0 0 0 0 1 0 -300 
1 0 1 0 0 0 0 0 0 0 
1 1 -1 0 0 0 0 0 0 -1 
1 0 -1 0 0 0 0 1 0 -3 
1 0 0 0 0 0 0 0 1 -500 
1 0 0 0 0 0 -1 0 1 -1 
1 0 0 1 0 0 0 0 0 0 

--- Dep 23 from S2 to S2; satisfied: 0, sat level: -1; Type: WAW
on variable: B
Dependence polyhedron
15 10
0 0 0 -1 0 0 1 0 0 0 
0 0 -1 0 0 1 0 0 0 0 
1 1 0 0 0 0 0 0 0 -1 
1 -1 0 0 0 0 0 1 0 -1 
1 0 0 0 0 0 0 1 0 -300 
1 0 1 0 0 0 0 0 0 -1 
1 1 -1 0 0 0 0 0 0 -1 
1 0 -1 0 0 0 0 1 0 -3 
1 0 1 -1 0 0 0 0 0 -1 
1 0 0 1 0 0 0 0 0 0 
1 0 0 0 0 0 0 0 1 -500 
1 0 0 0 1 0 0 0 0 -1 
1 0 0 0 -1 0 0 1 0 -1 
1 0 -1 0 1 0 0 0 0 -1 
1 -1 0 0 1 0 0 0 0 -1 

--- Dep 24 from S4 to S5; satisfied: 0, sat level: -1; Type: WAW
on variable: E
Dependence polyhedron
5 6
0 -1 1 0 0 0 
1 1 0 0 0 -1 
1 -1 0 1 0 -2 
1 0 0 1 0 -300 
1 0 0 0 1 -500 

--- Dep 25 from S3 to S6; satisfied: 0, sat level: -1; Type: WAW
on variable: D
Dependence polyhedron
5 6
0 -1 1 0 0 0 
1 1 0 0 0 -2 
1 -1 0 1 0 -1 
1 0 0 1 0 -300 
1 0 0 0 1 -500 


[zyj-debug] After affine transformations
T(S1): (zT3, zT4, i, 2i+j, k, 5)
loop types (loop, loop, loop, loop, loop, scalar)

T(S2): (zT3, zT4, i, j, l, 4)
loop types (loop, loop, loop, loop, loop, scalar)

T(S3): (zT1, 0, i, 0, 0, 0)
loop types (loop, scalar, loop, scalar, scalar, scalar)

T(S4): (zT1, 0, m, 0, 0, 1)
loop types (loop, scalar, loop, scalar, scalar, scalar)

T(S5): (zT1, 0, n+1, 0, 0, 2)
loop types (loop, scalar, loop, scalar, scalar, scalar)

T(S6): (zT1, 0, o+1, 0, 0, 3)
loop types (loop, scalar, loop, scalar, scalar, scalar)

t1 --> fwd_dep  loop   (band 0)no-ujam
t2 --> fwd_dep  loop   (band 0)no-ujam
t3 --> fwd_dep  loop   (band 0)no-ujam
t4 --> fwd_dep  loop   (band 0)no-ujam
t5 --> fwd_dep  loop   (band 1)no-ujam
t6 --> serial   scalar (band 1)no-ujam

