[zyj-debug] Before affine transformations
nvar = 3, npar = 5
Parameters: PB_Q PB_M PB_P PB_N PB_L 
S1 "A[i][j][k] = 2;"
ndims: 3; orig_depth: 3
iterators: i, j, k
Index set
11 10
1 1 0 0 0 0 0 0 0 0 
1 -1 0 0 1 0 0 0 0 -2 
1 0 0 0 1 0 0 0 0 -2 
1 0 1 0 0 0 0 0 0 0 
1 0 -1 0 0 1 0 0 0 -1 
1 0 0 0 0 1 0 0 0 -1 
1 0 0 1 0 0 0 0 0 0 
1 1 0 -1 0 0 0 0 0 -1 
1 0 0 -1 0 0 1 0 0 -1 
1 1 0 0 0 0 0 0 0 -1 
1 0 0 0 0 0 1 0 0 -1 
T(S1): (0, i, 0, j, 0, k, 0)
loop types (loop, loop, loop, loop, loop, loop, loop)

No Read accesses
Write accesses
A[i][j][k]
Original loop: 0 -> yes
Original loop: 1 -> yes
Original loop: 2 -> yes

S2 "B[l+1][l][i] = B[l+2][l+1][i] + B[l+1][l][i+1] + B[i+1][l][m] + 4;"
ndims: 3; orig_depth: 3
iterators: i, l, m
Index set
9 10
1 1 0 0 0 0 0 0 0 0 
1 -1 0 0 1 0 0 0 0 -2 
1 0 0 0 1 0 0 0 0 -2 
1 0 1 0 0 0 0 0 0 0 
1 0 -1 0 0 0 1 0 0 -2 
1 0 0 0 0 0 1 0 0 -2 
1 0 0 1 0 0 0 0 0 0 
1 1 0 -1 0 0 0 0 0 -1 
1 1 0 0 0 0 0 0 0 -1 
T(S2): (0, i, 1, l, 0, m, 0)
loop types (loop, loop, loop, loop, loop, loop, loop)

Read accesses
B[l+2][l+1][i]
B[l+1][l][i+1]
B[i+1][l][m]
Write accesses
B[l+1][l][i]
Original loop: 0 -> yes
Original loop: 1 -> yes
Original loop: 2 -> yes

S3 "C[n-1] = C[n-1] + C[n-1] - C[n] + C[n] - 2;"
ndims: 1; orig_depth: 1
iterators: n
Index set
3 8
1 1 0 0 0 0 0 -1 
1 -1 0 0 0 1 0 -1 
1 0 0 0 0 1 0 -2 
T(S3): (1, n, 0, 0, 0, 0, 0)
loop types (loop, loop, loop, scalar, scalar, scalar, scalar)

Read accesses
C[n-1]
C[n-1]
C[n]
C[n]
Write accesses
C[n-1]
Original loop: 0 -> yes

S4 "D[o+1] = D[o+1] + D[o] + 5;"
ndims: 1; orig_depth: 1
iterators: o
Index set
3 8
1 1 0 0 0 0 0 0 
1 -1 0 1 0 0 0 -2 
1 0 0 1 0 0 0 -2 
T(S4): (2, o, 0, 0, 0, 0, 0)
loop types (loop, loop, loop, scalar, scalar, scalar, scalar)

Read accesses
D[o+1]
D[o]
Write accesses
D[o+1]
Original loop: 0 -> yes

S5 "A[q][p][p] = A[q][p][p-2] * A[q][p][p+1] * 2;"
ndims: 3; orig_depth: 3
iterators: p, q, r
Index set
9 10
1 1 0 0 0 0 0 0 0 -2 
1 -1 0 0 0 0 1 0 0 -2 
1 0 0 0 0 0 1 0 0 -4 
1 0 1 0 0 0 0 0 0 0 
1 1 -1 0 0 0 0 0 0 -1 
1 1 0 0 0 0 0 0 0 -1 
1 0 0 1 0 0 0 0 0 0 
1 0 0 -1 0 0 0 0 1 -1 
1 0 0 0 0 0 0 0 1 -1 
T(S5): (3, p, 0, q, 0, r, 0)
loop types (loop, loop, loop, loop, loop, loop, loop)

Read accesses
A[q][p][p-2]
A[q][p][p+1]
Write accesses
A[q][p][p]
Original loop: 0 -> yes
Original loop: 1 -> yes
Original loop: 2 -> yes

S6 "E[s][p-1] = 1;"
ndims: 2; orig_depth: 2
iterators: p, s
Index set
6 9
1 1 0 0 0 0 0 0 -2 
1 -1 0 0 0 1 0 0 -2 
1 0 0 0 0 1 0 0 -4 
1 0 1 0 0 0 0 0 0 
1 1 -1 0 0 0 0 0 -1 
1 1 0 0 0 0 0 0 -1 
T(S6): (3, p, 1, s, 0, 0, 0)
loop types (loop, loop, loop, loop, loop, scalar, scalar)

No Read accesses
Write accesses
E[s][p-1]
Original loop: 0 -> yes
Original loop: 1 -> yes

--- Dep 1 from S1 to S5; satisfied: 0, sat level: -1; Type: RAW
on variable: A
Dependence polyhedron
15 13
0 -1 0 0 0 1 0 0 0 0 0 0 0 
0 -1 0 0 1 0 0 0 0 0 0 0 -1 
0 -1 0 1 0 0 0 0 0 0 0 0 1 
0 -1 1 0 0 0 0 0 0 0 0 0 -1 
1 1 0 0 0 0 0 0 0 0 0 0 -1 
1 -1 0 0 0 0 0 1 0 0 0 0 -2 
1 0 0 0 0 0 0 1 0 0 0 0 -400 
1 0 0 0 0 0 0 0 0 0 0 1 -500 
1 -1 0 0 0 0 0 0 1 0 0 0 -2 
1 0 0 0 0 0 0 0 1 0 0 0 -500 
1 0 0 0 0 0 0 0 0 0 1 0 -400 
1 0 0 0 0 0 1 0 0 0 0 0 0 
1 -1 0 0 0 0 0 0 0 1 0 0 -3 
1 0 0 0 0 0 0 0 0 1 0 0 -300 
1 0 0 0 0 0 -1 0 0 0 0 1 -1 

--- Dep 2 from S4 to S4; satisfied: 0, sat level: -1; Type: RAW
on variable: D
Dependence polyhedron
8 9
0 -1 1 0 0 0 0 0 -1 
1 1 0 0 0 0 0 0 0 
1 -1 0 0 1 0 0 0 -3 
1 0 0 0 1 0 0 0 -500 
1 0 0 0 0 0 1 0 -400 
1 0 0 1 0 0 0 0 -400 
1 0 0 0 0 0 0 1 -500 
1 0 0 0 0 1 0 0 -300 

--- Dep 3 from S2 to S2; satisfied: 0, sat level: -1; Type: RAW
on variable: B
Dependence polyhedron
16 13
0 -1 0 0 0 0 1 0 0 0 0 0 0 
0 0 -1 0 0 1 0 0 0 0 0 0 0 
0 0 -1 0 1 0 0 0 0 0 0 0 0 
1 1 0 0 0 0 0 0 0 0 0 0 -1 
1 -1 0 0 0 0 0 1 0 0 0 0 -2 
1 0 0 0 0 0 0 1 0 0 0 0 -400 
1 0 1 0 0 0 0 0 0 0 0 0 -1 
1 0 -1 0 0 0 0 0 0 1 0 0 -2 
1 0 0 0 0 0 0 0 0 1 0 0 -300 
1 0 0 1 0 0 0 0 0 0 0 0 0 
1 1 0 -1 0 0 0 0 0 0 0 0 -1 
1 0 0 0 0 0 0 0 0 0 1 0 -400 
1 0 0 0 0 0 0 0 1 0 0 0 -500 
1 0 0 0 0 0 0 0 0 0 0 1 -500 
1 -1 1 0 0 0 0 0 0 0 0 0 -1 
1 0 -1 0 0 0 0 1 0 0 0 0 -2 

--- Dep 4 from S2 to S2; satisfied: 0, sat level: -1; Type: WAR
on variable: B
Dependence polyhedron
15 13
0 0 -1 0 0 1 0 0 0 0 0 0 -1 
0 -1 0 0 1 0 0 0 0 0 0 0 0 
1 1 0 0 0 0 0 0 0 0 0 0 -1 
1 -1 0 0 0 0 0 1 0 0 0 0 -2 
1 0 0 0 0 0 0 1 0 0 0 0 -400 
1 0 1 0 0 0 0 0 0 0 0 0 0 
1 0 -1 0 0 0 0 0 0 1 0 0 -3 
1 0 0 0 0 0 0 0 0 1 0 0 -300 
1 0 0 1 0 0 0 0 0 0 0 0 0 
1 1 0 -1 0 0 0 0 0 0 0 0 -1 
1 0 0 0 0 0 0 0 0 0 1 0 -400 
1 0 0 0 0 0 0 0 1 0 0 0 -500 
1 0 0 0 0 0 0 0 0 0 0 1 -500 
1 1 0 0 0 0 -1 0 0 0 0 0 -1 
1 0 0 0 0 0 1 0 0 0 0 0 0 

--- Dep 5 from S2 to S2; satisfied: 0, sat level: -1; Type: WAR
on variable: B
Dependence polyhedron
15 13
0 0 -1 0 0 1 0 0 0 0 0 0 0 
0 -1 0 0 1 0 0 0 0 0 0 0 -1 
1 1 0 0 0 0 0 0 0 0 0 0 -1 
1 -1 0 0 0 0 0 1 0 0 0 0 -3 
1 0 0 0 0 0 0 1 0 0 0 0 -400 
1 0 1 0 0 0 0 0 0 0 0 0 0 
1 0 -1 0 0 0 0 0 0 1 0 0 -2 
1 0 0 0 0 0 0 0 0 1 0 0 -300 
1 0 0 1 0 0 0 0 0 0 0 0 0 
1 1 0 -1 0 0 0 0 0 0 0 0 -1 
1 0 0 0 0 0 0 0 0 0 1 0 -400 
1 0 0 0 0 0 0 0 1 0 0 0 -500 
1 0 0 0 0 0 0 0 0 0 0 1 -500 
1 1 0 0 0 0 -1 0 0 0 0 0 0 
1 0 0 0 0 0 1 0 0 0 0 0 0 

--- Dep 6 from S3 to S3; satisfied: 0, sat level: -1; Type: WAR
on variable: C
Dependence polyhedron
8 9
0 -1 1 0 0 0 0 0 -1 
1 1 0 0 0 0 0 0 -1 
1 -1 0 0 0 0 1 0 -2 
1 0 0 0 0 0 1 0 -400 
1 0 0 1 0 0 0 0 -400 
1 0 0 0 1 0 0 0 -500 
1 0 0 0 0 0 0 1 -500 
1 0 0 0 0 1 0 0 -300 

--- Dep 7 from S3 to S3; satisfied: 0, sat level: -1; Type: WAR
on variable: C
Dependence polyhedron
8 9
0 -1 1 0 0 0 0 0 -1 
1 1 0 0 0 0 0 0 -1 
1 -1 0 0 0 0 1 0 -2 
1 0 0 0 0 0 1 0 -400 
1 0 0 1 0 0 0 0 -400 
1 0 0 0 1 0 0 0 -500 
1 0 0 0 0 0 0 1 -500 
1 0 0 0 0 1 0 0 -300 

--- Dep 8 from S5 to S5; satisfied: 0, sat level: -1; Type: WAW
on variable: A
Dependence polyhedron
16 13
0 0 -1 0 0 1 0 0 0 0 0 0 0 
0 -1 0 0 1 0 0 0 0 0 0 0 0 
1 1 0 0 0 0 0 0 0 0 0 0 -2 
1 -1 0 0 0 0 0 0 0 1 0 0 -2 
1 0 0 0 0 0 0 0 0 1 0 0 -300 
1 0 1 0 0 0 0 0 0 0 0 0 0 
1 1 -1 0 0 0 0 0 0 0 0 0 -1 
1 0 0 0 0 0 0 0 0 0 0 1 -500 
1 0 0 1 0 0 0 0 0 0 0 0 0 
1 0 0 -1 0 0 0 0 0 0 0 1 -1 
1 0 0 0 0 0 0 0 0 0 1 0 -400 
1 0 0 0 0 0 0 0 1 0 0 0 -500 
1 0 0 0 0 0 0 1 0 0 0 0 -400 
1 0 0 0 0 0 -1 0 0 0 0 1 -1 
1 0 0 0 0 0 1 0 0 0 0 0 0 
1 0 0 -1 0 0 1 0 0 0 0 0 -1 

--- Dep 9 from S2 to S2; satisfied: 0, sat level: -1; Type: WAW
on variable: B
Dependence polyhedron
16 13
0 0 -1 0 0 1 0 0 0 0 0 0 0 
0 -1 0 0 1 0 0 0 0 0 0 0 0 
1 1 0 0 0 0 0 0 0 0 0 0 -1 
1 -1 0 0 0 0 0 1 0 0 0 0 -2 
1 0 0 0 0 0 0 1 0 0 0 0 -400 
1 0 1 0 0 0 0 0 0 0 0 0 0 
1 0 -1 0 0 0 0 0 0 1 0 0 -2 
1 0 0 0 0 0 0 0 0 1 0 0 -300 
1 0 0 1 0 0 0 0 0 0 0 0 0 
1 1 0 -1 0 0 0 0 0 0 0 0 -1 
1 0 0 0 0 0 0 0 0 0 1 0 -400 
1 0 0 0 0 0 0 0 1 0 0 0 -500 
1 0 0 0 0 0 0 0 0 0 0 1 -500 
1 1 0 0 0 0 -1 0 0 0 0 0 -1 
1 0 0 0 0 0 1 0 0 0 0 0 0 
1 0 0 -1 0 0 1 0 0 0 0 0 -1 


[zyj-debug] After affine transformations
T(S1): (zT3, zT4, i, j, k)
loop types (loop, loop, loop, loop, loop)

T(S2): (zT3, zT4, l, i, m)
loop types (loop, loop, loop, loop, loop)

T(S3): (zT1, 0, n, 0, 0)
loop types (loop, scalar, loop, scalar, scalar)

T(S4): (zT1, 0, o, 0, 0)
loop types (loop, scalar, loop, scalar, scalar)

T(S5): (zT3, zT4, p, q+1, r)
loop types (loop, loop, loop, loop, loop)

T(S6): (zT2, zT3, p, s, 0)
loop types (loop, loop, loop, loop, scalar)

t1 --> fwd_dep  loop   (band 0)no-ujam
t2 --> fwd_dep  loop   (band 0)no-ujam
t3 --> fwd_dep  loop   (band 0)no-ujam
t4 --> fwd_dep  loop   (band 0)no-ujam
t5 --> serial   loop   (band 1)no-ujam

