[zyj-debug] Before affine transformations
nvar = 2, npar = 2
Parameters: PB_L PB_Q 
S1 "A[j][i] = B[i+1][j-1] * A[i][j+1] * 2;"
ndims: 2; orig_depth: 2
iterators: i, j
Index set
6 6
1 1 0 0 0 0 
1 -1 0 1 0 -2 
1 0 0 1 0 -2 
1 0 1 0 0 -1 
1 1 -1 0 0 -1 
1 1 0 0 0 -2 
T(S1): (0, i, 0, j, 0)
loop types (loop, loop, loop, loop, loop)

Read accesses
B[i+1][j-1]
A[i][j+1]
Write accesses
A[j][i]
Original loop: 0 -> yes
Original loop: 1 -> yes

S2 "B[k-1][l] = C[l] - D[l-1][k] * 5;"
ndims: 2; orig_depth: 2
iterators: k, l
Index set
6 6
1 1 0 0 0 -1 
1 -1 0 1 0 -1 
1 0 0 1 0 -2 
1 0 1 0 0 -1 
1 1 -1 0 0 -1 
1 1 0 0 0 -2 
T(S2): (1, k, 0, l, 0)
loop types (loop, loop, loop, loop, loop)

Read accesses
C[l]
D[l-1][k]
Write accesses
B[k-1][l]
Original loop: 0 -> yes
Original loop: 1 -> yes

S3 "B[m][n] = 2;"
ndims: 2; orig_depth: 2
iterators: m, n
Index set
6 6
1 1 0 0 0 -1 
1 -1 0 1 0 -4 
1 0 0 1 0 -5 
1 0 1 0 0 0 
1 0 -1 0 1 -1 
1 0 0 0 1 -1 
T(S3): (2, m, 0, n, 0)
loop types (loop, loop, loop, loop, loop)

No Read accesses
Write accesses
B[m][n]
Original loop: 0 -> yes
Original loop: 1 -> yes

S4 "B[m+1][m] = B[m-1][m] - B[m+3][m] - 6;"
ndims: 2; orig_depth: 2
iterators: m, o
Index set
5 6
1 1 0 0 0 -1 
1 -1 0 1 0 -4 
1 0 0 1 0 -5 
1 0 1 0 0 0 
1 1 -1 0 0 -1 
T(S4): (2, m, 1, o, 0)
loop types (loop, loop, loop, loop, loop)

Read accesses
B[m-1][m]
B[m+3][m]
Write accesses
B[m+1][m]
Original loop: 0 -> yes
Original loop: 1 -> yes

S5 "C[p] = C[p] * E[p] + 4;"
ndims: 1; orig_depth: 1
iterators: p
Index set
3 5
1 1 0 0 0 
1 -1 1 0 -1 
1 0 1 0 -1 
T(S5): (3, p, 0, 0, 0)
loop types (loop, loop, loop, scalar, scalar)

Read accesses
C[p]
E[p]
Write accesses
C[p]
Original loop: 0 -> yes

S6 "D[q][p] = C[p] * D[q][p] + B[q+1][q] + E[p+1] + 6;"
ndims: 2; orig_depth: 2
iterators: p, q
Index set
8 6
1 1 0 0 0 0 
1 -1 0 1 0 -1 
1 0 0 1 0 -1 
1 0 1 0 0 0 
1 1 -1 0 0 -1 
1 0 -1 1 0 -2 
1 1 0 0 0 -1 
1 0 0 1 0 -2 
T(S6): (3, p, 1, q, 0)
loop types (loop, loop, loop, loop, loop)

Read accesses
C[p]
D[q][p]
B[q+1][q]
E[p+1]
Write accesses
D[q][p]
Original loop: 0 -> yes
Original loop: 1 -> yes

--- Dep 1 from S3 to S4; satisfied: 0, sat level: -1; Type: RAW
on variable: B
Dependence polyhedron
9 8
0 -1 0 1 0 0 0 -1 
0 -1 1 0 0 0 0 -1 
1 1 0 0 0 0 0 -1 
1 -1 0 0 0 1 0 -5 
1 0 0 0 0 1 0 -6000 
1 0 0 0 0 0 1 -9000 
1 -1 0 0 0 0 1 -2 
1 1 0 0 -1 0 0 0 
1 0 0 0 1 0 0 0 

--- Dep 2 from S3 to S6; satisfied: 0, sat level: -1; Type: RAW
on variable: B
Dependence polyhedron
10 8
0 -1 0 0 1 0 0 1 
0 -1 1 0 0 0 0 1 
1 1 0 0 0 0 0 -1 
1 -1 0 0 0 1 0 -4 
1 0 0 0 0 1 0 -6000 
1 0 0 0 0 0 1 -9000 
1 -1 0 0 0 0 1 0 
1 -1 0 1 0 0 0 0 
1 0 0 1 0 0 0 -1 
1 0 0 -1 0 1 0 -1 

--- Dep 3 from S2 to S4; satisfied: 0, sat level: -1; Type: RAW
on variable: B
Dependence polyhedron
8 8
0 -1 0 1 0 0 0 4 
0 -1 1 0 0 0 0 4 
1 1 0 0 0 0 0 -5 
1 -1 0 0 0 1 0 -1 
1 0 0 0 0 1 0 -6000 
1 0 0 0 0 0 1 -9000 
1 0 0 0 1 0 0 0 
1 1 0 0 -1 0 0 -5 

--- Dep 4 from S4 to S6; satisfied: 0, sat level: -1; Type: RAW
on variable: B
Dependence polyhedron
10 8
0 -1 0 0 1 0 0 0 
1 1 0 0 0 0 0 -1 
1 -1 0 0 0 1 0 -4 
1 0 0 0 0 1 0 -6000 
1 0 1 0 0 0 0 0 
1 1 -1 0 0 0 0 -1 
1 0 0 0 0 0 1 -9000 
1 0 0 1 0 0 0 -1 
1 0 0 -1 0 1 0 -1 
1 -1 0 1 0 0 0 -1 

--- Dep 5 from S5 to S6; satisfied: 0, sat level: -1; Type: RAW
on variable: C
Dependence polyhedron
8 7
0 -1 1 0 0 0 0 
1 1 0 0 0 0 -1 
1 -1 0 0 1 0 -1 
1 0 0 0 1 0 -6000 
1 0 0 0 0 1 -9000 
1 0 0 -1 1 0 -2 
1 1 0 -1 0 0 -1 
1 0 0 1 0 0 0 

--- Dep 6 from S2 to S6; satisfied: 0, sat level: -1; Type: RAW
on variable: B
Dependence polyhedron
9 8
0 -1 0 0 1 0 0 2 
0 -1 1 0 0 0 0 2 
1 1 0 0 0 0 0 -3 
1 -1 0 0 0 1 0 -1 
1 0 0 0 0 1 0 -6000 
1 0 0 0 0 0 1 -9000 
1 0 0 -1 0 1 0 -1 
1 -1 0 1 0 0 0 1 
1 0 0 1 0 0 0 -1 

--- Dep 7 from S1 to S3; satisfied: 0, sat level: -1; Type: WAR
on variable: B
Dependence polyhedron
9 8
0 0 -1 0 1 0 0 1 
0 -1 0 1 0 0 0 -1 
1 1 0 0 0 0 0 -2 
1 -1 0 0 0 1 0 -5 
1 0 0 0 0 1 0 -6000 
1 0 1 0 0 0 0 -1 
1 1 -1 0 0 0 0 -1 
1 0 0 0 0 0 1 -9000 
1 0 -1 0 0 0 1 0 

--- Dep 8 from S1 to S2; satisfied: 0, sat level: -1; Type: WAR
on variable: B
Dependence polyhedron
8 8
0 0 -1 0 1 0 0 1 
0 -1 0 1 0 0 0 -2 
1 1 0 0 0 0 0 -2 
1 -1 0 0 0 1 0 -3 
1 0 0 0 0 1 0 -6000 
1 0 1 0 0 0 0 -2 
1 1 -1 0 0 0 0 -1 
1 0 0 0 0 0 1 -9000 

--- Dep 9 from S2 to S5; satisfied: 0, sat level: -1; Type: WAR
on variable: C
Dependence polyhedron
8 7
0 0 -1 1 0 0 0 
1 1 0 0 0 0 -2 
1 -1 0 0 1 0 -1 
1 0 0 0 1 0 -6000 
1 0 1 0 0 0 -1 
1 1 -1 0 0 0 -1 
1 0 0 0 0 1 -9000 
1 0 -1 0 1 0 -1 

--- Dep 10 from S4 to S3; satisfied: 0, sat level: -1; Type: WAR
on variable: B
Dependence polyhedron
9 8
0 -1 0 0 1 0 0 0 
0 -1 0 1 0 0 0 -3 
1 1 0 0 0 0 0 -1 
1 -1 0 0 0 1 0 -7 
1 0 0 0 0 1 0 -6000 
1 0 1 0 0 0 0 0 
1 1 -1 0 0 0 0 -1 
1 0 0 0 0 0 1 -9000 
1 -1 0 0 0 0 1 -1 

--- Dep 11 from S2 to S6; satisfied: 0, sat level: -1; Type: WAR
on variable: D
Dependence polyhedron
9 8
0 0 -1 0 1 0 0 1 
0 -1 0 1 0 0 0 0 
1 1 0 0 0 0 0 -2 
1 -1 0 0 0 1 0 -1 
1 0 0 0 0 1 0 -6000 
1 0 1 0 0 0 0 -1 
1 1 -1 0 0 0 0 -1 
1 0 0 0 0 0 1 -9000 
1 0 -1 0 0 1 0 -1 

--- Dep 12 from S4 to S3; satisfied: 0, sat level: -1; Type: WAW
on variable: B
Dependence polyhedron
9 8
0 -1 0 0 1 0 0 0 
0 -1 0 1 0 0 0 -1 
1 1 0 0 0 0 0 -1 
1 -1 0 0 0 1 0 -5 
1 0 0 0 0 1 0 -6000 
1 0 1 0 0 0 0 0 
1 1 -1 0 0 0 0 -1 
1 0 0 0 0 0 1 -9000 
1 -1 0 0 0 0 1 -1 

--- Dep 13 from S2 to S4; satisfied: 0, sat level: -1; Type: WAW
on variable: B
Dependence polyhedron
8 8
0 -1 0 1 0 0 0 2 
0 -1 1 0 0 0 0 2 
1 1 0 0 0 0 0 -3 
1 -1 0 0 0 1 0 -2 
1 0 0 0 0 1 0 -6000 
1 0 0 0 0 0 1 -9000 
1 0 0 0 1 0 0 0 
1 1 0 0 -1 0 0 -3 

--- Dep 14 from S2 to S3; satisfied: 0, sat level: -1; Type: WAW
on variable: B
Dependence polyhedron
9 8
0 0 -1 0 1 0 0 0 
0 -1 0 1 0 0 0 1 
1 1 0 0 0 0 0 -2 
1 -1 0 0 0 1 0 -3 
1 0 0 0 0 1 0 -6000 
1 0 1 0 0 0 0 -1 
1 1 -1 0 0 0 0 -1 
1 0 0 0 0 0 1 -9000 
1 0 -1 0 0 0 1 -1 

--- Dep 15 from S4 to S4; satisfied: 0, sat level: -1; Type: WAW
on variable: B
Dependence polyhedron
10 8
0 -1 0 1 0 0 0 0 
1 1 0 0 0 0 0 -1 
1 -1 0 0 0 1 0 -4 
1 0 0 0 0 1 0 -6000 
1 0 1 0 0 0 0 0 
1 1 -1 0 0 0 0 -1 
1 0 0 0 0 0 1 -9000 
1 1 0 0 -1 0 0 -1 
1 0 0 0 1 0 0 0 
1 0 -1 0 1 0 0 -1 


[zyj-debug] After affine transformations
T(S1): (0, zT2, 1, 0, 0, 0, zT3, i+2, 1, 0, 0, 0, j, 0, 0, 0)
loop types (scalar, loop, scalar, scalar, scalar, scalar, loop, loop, scalar, scalar, scalar, scalar, loop, scalar, scalar, scalar)

T(S2): (0, zT2, 1, 1, 0, zT3, 0, k, 1, 1, 0, l, 0, 0, 0, 0)
loop types (scalar, loop, scalar, scalar, scalar, loop, scalar, loop, scalar, scalar, scalar, loop, scalar, scalar, scalar, scalar)

T(S3): (2, zT2, 0, 0, 0, 0, 0, zT3, n, 0, 0, 0, 0, 0, m, m)
loop types (scalar, loop, scalar, scalar, scalar, scalar, scalar, loop, loop, scalar, scalar, scalar, scalar, scalar, loop, loop)

T(S4): (2, zT2, 0, 0, 0, 0, 0, zT3, m, 0, 0, 0, 0, 0, m+1, o)
loop types (scalar, loop, scalar, scalar, scalar, scalar, scalar, loop, loop, scalar, scalar, scalar, scalar, scalar, loop, loop)

T(S5): (1, zT1, p, 0, 0, 0, 0, 0, 0, 0, 0, 0, 0, 0, 0, 0)
loop types (scalar, loop, loop, scalar, scalar, scalar, scalar, scalar, scalar, scalar, scalar, scalar, scalar, scalar, scalar, scalar)

T(S6): (2, zT2, 1, 0, zT3, 0, 0, 0, q, 1, 0, p, 0, 0, 0, 0)
loop types (scalar, loop, scalar, scalar, loop, scalar, scalar, scalar, loop, scalar, scalar, loop, scalar, scalar, scalar, scalar)

t1 --> fwd_dep  scalar (band 0)no-ujam
t2 --> parallel loop   (band 0)no-ujam
t3 --> fwd_dep  loop   (band 0)no-ujam
t4 --> fwd_dep  scalar (band 0)no-ujam
t5 --> parallel loop   (band 0)no-ujam
t6 --> parallel loop   (band 0)no-ujam
t7 --> parallel loop   (band 0)no-ujam
t8 --> fwd_dep  loop   (band 1)no-ujam
t9 --> parallel loop   (band 1)no-ujam
t10 --> parallel scalar (band 1)no-ujam
t11 --> parallel scalar (band 1)no-ujam
t12 --> parallel loop   (band 1)no-ujam
t13 --> parallel loop   (band 1)no-ujam
t14 --> parallel scalar (band 1)no-ujam
t15 --> fwd_dep  loop   (band 1)no-ujam
t16 --> serial   loop   (band 2)no-ujam

