[zyj-debug] Before affine transformations
nvar = 3, npar = 4
Parameters: PB_L PB_N PB_P PB_M 
S1 "A[j] = A[j] * A[j-1] + 2;"
ndims: 2; orig_depth: 2
iterators: i, j
Index set
6 8
1 1 0 0 0 0 0 -1 
1 -1 0 1 0 0 0 -1 
1 0 0 1 0 0 0 -2 
1 0 1 0 0 0 0 -1 
1 1 -1 0 0 0 0 -1 
1 1 0 0 0 0 0 -2 
T(S1): (0, i, 0, j, 0, 0, 0)
loop types (loop, loop, loop, loop, loop, scalar, scalar)

Read accesses
A[j]
A[j-1]
Write accesses
A[j]
Original loop: 0 -> yes
Original loop: 1 -> yes

S2 "A[i] = 3;"
ndims: 2; orig_depth: 2
iterators: i, k
Index set
5 8
1 1 0 0 0 0 0 -1 
1 -1 0 1 0 0 0 -1 
1 0 0 1 0 0 0 -2 
1 0 1 0 0 0 0 0 
1 1 -1 0 0 0 0 -1 
T(S2): (0, i, 1, k, 0, 0, 0)
loop types (loop, loop, loop, loop, loop, scalar, scalar)

No Read accesses
Write accesses
A[i]
Original loop: 0 -> yes
Original loop: 1 -> yes

S3 "B[l][l-1] = B[l-1][l-1] * B[l][l-3] - B[i-1][l] - 3;"
ndims: 2; orig_depth: 2
iterators: i, l
Index set
6 8
1 1 0 0 0 0 0 -1 
1 -1 0 1 0 0 0 -1 
1 0 0 1 0 0 0 -2 
1 0 1 0 0 0 0 -3 
1 0 -1 0 1 0 0 -1 
1 0 0 0 1 0 0 -4 
T(S3): (0, i, 2, l, 0, 0, 0)
loop types (loop, loop, loop, loop, loop, scalar, scalar)

Read accesses
B[l-1][l-1]
B[l][l-3]
B[i-1][l]
Write accesses
B[l][l-1]
Original loop: 0 -> yes
Original loop: 1 -> yes

S4 "C[o][n][n+1] = C[o+2][n-1][n+1] - 5;"
ndims: 3; orig_depth: 3
iterators: m, n, o
Index set
11 9
1 1 0 0 0 0 0 0 0 
1 -1 0 0 0 1 0 0 -1 
1 0 0 0 0 1 0 0 -1 
1 0 1 0 0 0 0 0 -1 
1 1 -1 0 0 0 0 0 -1 
1 0 -1 0 0 0 1 0 -2 
1 1 0 0 0 0 0 0 -2 
1 0 0 0 0 0 1 0 -3 
1 0 0 1 0 0 0 0 0 
1 0 0 -1 0 0 0 1 -3 
1 0 0 0 0 0 0 1 -3 
T(S4): (1, m, 0, n, 0, o, 0)
loop types (loop, loop, loop, loop, loop, loop, loop)

Read accesses
C[o+2][n-1][n+1]
Write accesses
C[o][n][n+1]
Original loop: 0 -> yes
Original loop: 1 -> yes
Original loop: 2 -> yes

S5 "C[p][r][p] = C[p-1][r][p] - C[p-2][r-2][p-2] - C[q][r][p] * C[r+1][q][p] * 2;"
ndims: 3; orig_depth: 3
iterators: p, q, r
Index set
9 9
1 1 0 0 0 0 0 0 -2 
1 -1 0 0 0 0 1 0 -1 
1 0 0 0 0 0 1 0 -3 
1 0 1 0 0 0 0 0 0 
1 0 -1 0 1 0 0 0 -1 
1 0 0 0 1 0 0 0 -1 
1 0 0 1 0 0 0 0 -2 
1 0 0 -1 1 0 0 0 -1 
1 0 0 0 1 0 0 0 -3 
T(S5): (2, p, 0, q, 0, r, 0)
loop types (loop, loop, loop, loop, loop, loop, loop)

Read accesses
C[p-1][r][p]
C[p-2][r-2][p-2]
C[q][r][p]
C[r+1][q][p]
Write accesses
C[p][r][p]
Original loop: 0 -> yes
Original loop: 1 -> yes
Original loop: 2 -> yes

S6 "C[s-1][u+1][s] = C[s-3][u+1][s] * C[u+1][s][t] * 3;"
ndims: 3; orig_depth: 3
iterators: s, t, u
Index set
9 9
1 1 0 0 0 0 0 0 -3 
1 -1 0 0 0 0 1 0 -1 
1 0 0 0 0 0 1 0 -4 
1 0 1 0 0 0 0 0 0 
1 1 -1 0 0 0 0 0 -1 
1 1 0 0 0 0 0 0 -1 
1 0 0 1 0 0 0 0 1 
1 0 0 -1 1 0 0 0 -2 
1 0 0 0 1 0 0 0 -1 
T(S6): (3, s, 0, t, 0, u, 0)
loop types (loop, loop, loop, loop, loop, loop, loop)

Read accesses
C[s-3][u+1][s]
C[u+1][s][t]
Write accesses
C[s-1][u+1][s]
Original loop: 0 -> yes
Original loop: 1 -> yes
Original loop: 2 -> yes

--- Dep 1 from S4 to S5; satisfied: 0, sat level: -1; Type: RAW
on variable: C
Dependence polyhedron
16 12
0 0 0 -1 0 0 1 0 0 0 0 1 
0 0 -1 0 0 1 0 0 0 0 0 0 
0 0 -1 0 1 0 0 0 0 0 0 -1 
1 1 0 0 0 0 0 0 0 0 0 -2 
1 -1 0 0 0 0 0 0 1 0 0 -1 
1 0 0 0 0 0 0 0 1 0 0 -500 
1 0 1 0 0 0 0 0 0 0 0 -1 
1 1 -1 0 0 0 0 0 0 0 0 -1 
1 0 -1 0 0 0 0 0 0 1 0 -2 
1 0 0 0 0 0 0 0 0 0 1 -500 
1 0 0 0 0 0 0 0 0 1 0 -300 
1 0 0 1 0 0 0 0 0 0 0 -3 
1 0 0 -1 0 0 0 0 0 0 1 -3 
1 0 0 0 0 0 0 1 0 0 0 -300 
1 0 0 -1 0 0 0 1 0 0 0 0 
1 0 -1 0 0 0 0 1 0 0 0 -1 

--- Dep 2 from S1 to S1; satisfied: 0, sat level: -1; Type: RAW
on variable: A
Dependence polyhedron
13 10
0 0 -1 0 1 0 0 0 0 0 
1 1 0 0 0 0 0 0 0 -2 
1 -1 0 0 0 1 0 0 0 -1 
1 0 0 0 0 1 0 0 0 -300 
1 0 1 0 0 0 0 0 0 -1 
1 1 -1 0 0 0 0 0 0 -1 
1 0 0 0 0 0 1 0 0 -500 
1 0 0 0 0 0 0 0 1 -500 
1 0 0 0 0 0 0 1 0 -300 
1 0 0 1 0 0 0 0 0 -2 
1 0 0 -1 0 1 0 0 0 -1 
1 0 -1 1 0 0 0 0 0 -1 
1 -1 0 1 0 0 0 0 0 -1 

--- Dep 3 from S6 to S6; satisfied: 0, sat level: -1; Type: RAW
on variable: C
Dependence polyhedron
16 12
0 -1 0 0 0 0 1 0 0 0 0 2 
0 -1 0 0 0 1 0 0 0 0 0 0 
0 0 0 -1 1 0 0 0 0 0 0 -1 
1 1 0 0 0 0 0 0 0 0 0 -3 
1 -1 0 0 0 0 0 0 0 1 0 -1 
1 0 0 0 0 0 0 0 0 1 0 -300 
1 0 1 0 0 0 0 0 0 0 0 0 
1 1 -1 0 0 0 0 0 0 0 0 -1 
1 0 0 0 0 0 0 1 0 0 0 -300 
1 0 0 1 0 0 0 0 0 0 0 -2 
1 0 0 -1 0 0 0 1 0 0 0 -2 
1 0 0 0 0 0 0 0 1 0 0 -500 
1 0 0 0 0 0 0 0 0 0 1 -500 
1 -1 0 0 0 0 0 1 0 0 0 0 
1 0 0 -1 0 0 0 0 0 1 0 -2 
1 -1 0 1 0 0 0 0 0 0 0 0 

--- Dep 4 from S4 to S5; satisfied: 0, sat level: -1; Type: RAW
on variable: C
Dependence polyhedron
16 12
0 0 -1 0 0 0 1 0 0 0 0 0 
0 0 0 -1 0 1 0 0 0 0 0 0 
0 0 -1 0 1 0 0 0 0 0 0 -1 
1 1 0 0 0 0 0 0 0 0 0 -2 
1 -1 0 0 0 0 0 0 1 0 0 -1 
1 0 0 0 0 0 0 0 1 0 0 -500 
1 0 1 0 0 0 0 0 0 0 0 -2 
1 1 -1 0 0 0 0 0 0 0 0 -1 
1 0 -1 0 0 0 0 0 0 1 0 -2 
1 0 0 0 0 0 0 0 0 0 1 -500 
1 0 0 0 0 0 0 0 0 1 0 -300 
1 0 0 1 0 0 0 0 0 0 0 0 
1 0 0 -1 0 0 0 0 0 0 1 -3 
1 0 0 0 0 0 0 1 0 0 0 -300 
1 0 -1 0 0 0 0 1 0 0 0 -1 
1 0 0 -1 0 0 0 1 0 0 0 -1 

--- Dep 5 from S5 to S5; satisfied: 0, sat level: -1; Type: RAW
on variable: C
Dependence polyhedron
14 12
0 0 0 -1 0 0 1 0 0 0 0 -2 
0 -1 0 0 1 0 0 0 0 0 0 -2 
1 1 0 0 0 0 0 0 0 0 0 -2 
1 -1 0 0 0 0 0 0 0 1 0 -3 
1 0 0 0 0 0 0 0 0 1 0 -300 
1 0 1 0 0 0 0 0 0 0 0 0 
1 0 -1 0 0 0 0 1 0 0 0 -1 
1 0 0 0 0 0 0 1 0 0 0 -300 
1 0 0 1 0 0 0 0 0 0 0 -2 
1 0 0 -1 0 0 0 1 0 0 0 -3 
1 0 0 0 0 0 0 0 1 0 0 -500 
1 0 0 0 0 0 0 0 0 0 1 -500 
1 0 0 0 0 -1 0 1 0 0 0 -1 
1 0 0 0 0 1 0 0 0 0 0 0 

--- Dep 6 from S2 to S1; satisfied: 0, sat level: -1; Type: RAW
on variable: A
Dependence polyhedron
12 10
0 -1 0 0 1 0 0 0 0 -1 
1 1 0 0 0 0 0 0 0 -1 
1 -1 0 0 0 1 0 0 0 -1 
1 0 0 0 0 1 0 0 0 -300 
1 0 1 0 0 0 0 0 0 0 
1 1 -1 0 0 0 0 0 0 -1 
1 0 0 0 0 0 1 0 0 -500 
1 0 0 0 0 0 0 0 1 -500 
1 0 0 0 0 0 0 1 0 -300 
1 0 0 1 0 0 0 0 0 -2 
1 0 0 -1 0 1 0 0 0 -1 
1 -1 0 1 0 0 0 0 0 -2 

--- Dep 7 from S4 to S6; satisfied: 0, sat level: -1; Type: RAW
on variable: C
Dependence polyhedron
16 12
0 0 -1 0 0 0 1 0 0 0 0 1 
0 0 -1 0 1 0 0 0 0 0 0 -1 
0 0 -1 1 0 0 0 0 0 0 0 2 
1 1 0 0 0 0 0 0 0 0 0 -2 
1 -1 0 0 0 0 0 0 1 0 0 -1 
1 0 0 0 0 0 0 0 1 0 0 -500 
1 0 1 0 0 0 0 0 0 0 0 -2 
1 1 -1 0 0 0 0 0 0 0 0 -1 
1 0 -1 0 0 0 0 0 0 1 0 -2 
1 0 0 0 0 0 0 0 0 0 1 -500 
1 0 0 0 0 0 0 0 0 1 0 -300 
1 0 -1 0 0 0 0 1 0 0 0 -1 
1 0 -1 0 0 0 0 0 0 0 1 -1 
1 0 0 0 0 0 0 1 0 0 0 -300 
1 0 1 0 0 -1 0 0 0 0 0 0 
1 0 0 0 0 1 0 0 0 0 0 0 

--- Dep 8 from S5 to S5; satisfied: 0, sat level: -1; Type: RAW
on variable: C
Dependence polyhedron
14 12
0 -1 0 0 0 0 1 0 0 0 0 1 
0 0 0 -1 0 1 0 0 0 0 0 0 
0 -1 0 0 1 0 0 0 0 0 0 0 
1 1 0 0 0 0 0 0 0 0 0 -3 
1 -1 0 0 0 0 0 0 0 1 0 -1 
1 0 0 0 0 0 0 0 0 1 0 -300 
1 0 1 0 0 0 0 0 0 0 0 0 
1 0 -1 1 0 0 0 0 0 0 0 -1 
1 0 0 0 0 0 0 1 0 0 0 -300 
1 0 0 1 0 0 0 0 0 0 0 -2 
1 0 0 -1 0 0 0 1 0 0 0 -1 
1 0 0 0 0 0 0 0 1 0 0 -500 
1 0 0 0 0 0 0 0 0 0 1 -500 
1 -1 0 0 0 0 0 1 0 0 0 0 

--- Dep 9 from S5 to S5; satisfied: 0, sat level: -1; Type: RAW
on variable: C
Dependence polyhedron
12 12
0 -1 0 0 0 0 1 0 0 0 0 1 
0 0 -1 0 0 1 0 0 0 0 0 0 
0 -1 0 0 1 0 0 0 0 0 0 0 
0 0 -1 1 0 0 0 0 0 0 0 0 
1 0 0 0 0 0 0 0 1 0 0 -500 
1 -1 0 0 0 0 0 0 0 1 0 -1 
1 0 0 0 0 0 0 0 0 1 0 -300 
1 0 1 0 0 0 0 0 0 0 0 -2 
1 0 0 0 0 0 0 0 0 0 1 -500 
1 0 0 0 0 0 0 1 0 0 0 -300 
1 1 -1 0 0 0 0 0 0 0 0 -2 
1 -1 0 0 0 0 0 1 0 0 0 0 

--- Dep 10 from S4 to S5; satisfied: 0, sat level: -1; Type: RAW
on variable: C
Dependence polyhedron
16 12
0 0 -1 0 0 0 1 0 0 0 0 0 
0 0 -1 0 1 0 0 0 0 0 0 -1 
0 0 -1 1 0 0 0 0 0 0 0 0 
1 1 0 0 0 0 0 0 0 0 0 -2 
1 -1 0 0 0 0 0 0 1 0 0 -1 
1 0 0 0 0 0 0 0 1 0 0 -500 
1 0 1 0 0 0 0 0 0 0 0 -2 
1 1 -1 0 0 0 0 0 0 0 0 -1 
1 0 -1 0 0 0 0 0 0 1 0 -2 
1 0 0 0 0 0 0 0 0 0 1 -500 
1 0 0 0 0 0 0 0 0 1 0 -300 
1 0 -1 0 0 0 0 1 0 0 0 -1 
1 0 -1 0 0 0 0 0 0 0 1 -3 
1 0 0 0 0 0 0 1 0 0 0 -300 
1 0 0 0 0 -1 0 1 0 0 0 -1 
1 0 0 0 0 1 0 0 0 0 0 0 

--- Dep 11 from S2 to S1; satisfied: 0, sat level: -1; Type: RAW
on variable: A
Dependence polyhedron
12 10
0 -1 0 0 1 0 0 0 0 0 
1 1 0 0 0 0 0 0 0 -1 
1 -1 0 0 0 1 0 0 0 -1 
1 0 0 0 0 1 0 0 0 -300 
1 0 1 0 0 0 0 0 0 0 
1 1 -1 0 0 0 0 0 0 -1 
1 0 0 0 0 0 1 0 0 -500 
1 0 0 0 0 0 0 0 1 -500 
1 0 0 0 0 0 0 1 0 -300 
1 0 0 1 0 0 0 0 0 -2 
1 0 0 -1 0 1 0 0 0 -1 
1 -1 0 1 0 0 0 0 0 -1 

--- Dep 12 from S1 to S1; satisfied: 0, sat level: -1; Type: RAW
on variable: A
Dependence polyhedron
10 10
0 0 -1 0 1 0 0 0 0 -1 
1 0 0 0 0 1 0 0 0 -300 
1 0 1 0 0 0 0 0 0 -1 
1 1 -1 0 0 0 0 0 0 -1 
1 0 0 0 0 0 1 0 0 -500 
1 0 0 0 0 0 0 0 1 -500 
1 0 0 0 0 0 0 1 0 -300 
1 0 0 -1 0 1 0 0 0 -1 
1 -1 0 1 0 0 0 0 0 0 
1 0 -1 1 0 0 0 0 0 -2 

--- Dep 13 from S5 to S5; satisfied: 0, sat level: -1; Type: RAW
on variable: C
Dependence polyhedron
15 12
0 0 0 -1 0 0 1 0 0 0 0 0 
0 -1 0 0 0 1 0 0 0 0 0 0 
0 -1 0 0 1 0 0 0 0 0 0 0 
1 1 0 0 0 0 0 0 0 0 0 -2 
1 -1 0 0 0 0 0 0 0 1 0 -1 
1 0 0 0 0 0 0 0 0 1 0 -300 
1 0 1 0 0 0 0 0 0 0 0 0 
1 0 -1 0 0 0 0 1 0 0 0 -1 
1 0 0 0 0 0 0 1 0 0 0 -300 
1 0 0 1 0 0 0 0 0 0 0 -2 
1 0 0 -1 0 0 0 1 0 0 0 -1 
1 0 0 0 0 0 0 0 1 0 0 -500 
1 0 0 0 0 0 0 0 0 0 1 -500 
1 -1 0 0 0 0 0 1 0 0 0 -1 
1 1 -1 0 0 0 0 0 0 0 0 -1 

--- Dep 14 from S5 to S6; satisfied: 0, sat level: -1; Type: RAW
on variable: C
Dependence polyhedron
16 12
0 -1 0 0 0 0 1 0 0 0 0 1 
0 -1 0 0 0 1 0 0 0 0 0 0 
0 0 0 -1 1 0 0 0 0 0 0 0 
1 1 0 0 0 0 0 0 0 0 0 -2 
1 -1 0 0 0 0 0 0 0 1 0 -1 
1 0 0 0 0 0 0 0 0 1 0 -300 
1 0 1 0 0 0 0 0 0 0 0 0 
1 0 -1 0 0 0 0 1 0 0 0 -1 
1 0 0 0 0 0 0 1 0 0 0 -300 
1 0 0 1 0 0 0 0 0 0 0 -3 
1 0 0 -1 0 0 0 1 0 0 0 -1 
1 0 0 0 0 0 0 0 1 0 0 -500 
1 0 0 0 0 0 0 0 0 0 1 -500 
1 -1 0 0 0 0 0 1 0 0 0 -1 
1 0 0 -1 0 0 0 0 0 1 0 -1 
1 -1 0 1 0 0 0 0 0 0 0 -1 

--- Dep 15 from S4 to S5; satisfied: 0, sat level: -1; Type: RAW
on variable: C
Dependence polyhedron
16 12
0 0 -1 0 0 0 1 0 0 0 0 -2 
0 0 -1 0 1 0 0 0 0 0 0 -3 
0 0 -1 1 0 0 0 0 0 0 0 -1 
1 1 0 0 0 0 0 0 0 0 0 -2 
1 -1 0 0 0 0 0 0 1 0 0 -1 
1 0 0 0 0 0 0 0 1 0 0 -500 
1 0 1 0 0 0 0 0 0 0 0 -1 
1 1 -1 0 0 0 0 0 0 0 0 -1 
1 0 -1 0 0 0 0 0 0 1 0 -4 
1 0 0 0 0 0 0 0 0 0 1 -500 
1 0 0 0 0 0 0 0 0 1 0 -300 
1 0 -1 0 0 0 0 1 0 0 0 -3 
1 0 -1 0 0 0 0 0 0 0 1 -4 
1 0 0 0 0 0 0 1 0 0 0 -300 
1 0 0 0 0 -1 0 1 0 0 0 -1 
1 0 0 0 0 1 0 0 0 0 0 0 

--- Dep 16 from S3 to S3; satisfied: 0, sat level: -1; Type: RAW
on variable: B
Dependence polyhedron
12 10
0 0 -1 0 1 0 0 0 0 1 
0 0 -1 1 0 0 0 0 0 -1 
1 1 0 0 0 0 0 0 0 -1 
1 -1 0 0 0 1 0 0 0 -1 
1 0 0 0 0 1 0 0 0 -300 
1 0 1 0 0 0 0 0 0 -4 
1 0 -1 0 0 0 1 0 0 -1 
1 0 0 0 0 0 1 0 0 -500 
1 0 0 0 0 0 0 1 0 -300 
1 0 0 0 0 0 0 0 1 -500 
1 0 -1 0 0 1 0 0 0 -2 
1 -1 1 0 0 0 0 0 0 0 

--- Dep 17 from S5 to S6; satisfied: 0, sat level: -1; Type: WAR
on variable: C
Dependence polyhedron
14 12
0 0 0 -1 0 0 1 0 0 0 0 1 
0 -1 0 0 1 0 0 0 0 0 0 0 
1 1 0 0 0 0 0 0 0 0 0 -3 
1 -1 0 0 0 0 0 0 0 1 0 -1 
1 0 0 0 0 0 0 0 0 1 0 -300 
1 0 1 0 0 0 0 0 0 0 0 0 
1 0 -1 0 0 0 0 1 0 0 0 -1 
1 0 0 0 0 0 0 1 0 0 0 -300 
1 0 0 1 0 0 0 0 0 0 0 -2 
1 0 0 -1 0 0 0 1 0 0 0 -1 
1 0 0 0 0 0 0 0 1 0 0 -500 
1 0 0 0 0 0 0 0 0 0 1 -500 
1 1 0 0 0 -1 0 0 0 0 0 -1 
1 0 0 0 0 1 0 0 0 0 0 0 

--- Dep 18 from S4 to S6; satisfied: 0, sat level: -1; Type: WAR
on variable: C
Dependence polyhedron
16 12
0 0 -1 0 0 0 1 0 0 0 0 2 
0 0 -1 0 1 0 0 0 0 0 0 -1 
0 0 -1 1 0 0 0 0 0 0 0 2 
1 1 0 0 0 0 0 0 0 0 0 -2 
1 -1 0 0 0 0 0 0 1 0 0 -1 
1 0 0 0 0 0 0 0 1 0 0 -500 
1 0 1 0 0 0 0 0 0 0 0 -2 
1 1 -1 0 0 0 0 0 0 0 0 -1 
1 0 -1 0 0 0 0 0 0 1 0 -2 
1 0 0 0 0 0 0 0 0 0 1 -500 
1 0 0 0 0 0 0 0 0 1 0 -300 
1 0 -1 0 0 0 0 1 0 0 0 0 
1 0 -1 0 0 0 0 0 0 0 1 -1 
1 0 0 0 0 0 0 1 0 0 0 -300 
1 0 1 0 0 -1 0 0 0 0 0 0 
1 0 0 0 0 1 0 0 0 0 0 0 

--- Dep 19 from S5 to S5; satisfied: 0, sat level: -1; Type: WAR
on variable: C
Dependence polyhedron
13 12
0 0 -1 0 0 0 1 0 0 0 0 0 
0 -1 0 0 1 0 0 0 0 0 0 0 
0 -1 0 1 0 0 0 0 0 0 0 1 
1 1 0 0 0 0 0 0 0 0 0 -3 
1 -1 0 0 0 0 0 0 0 1 0 -1 
1 0 0 0 0 0 0 0 0 1 0 -300 
1 0 1 0 0 0 0 0 0 0 0 -2 
1 0 -1 0 0 1 0 0 0 0 0 -1 
1 0 0 0 0 0 0 1 0 0 0 -300 
1 0 0 0 0 0 0 0 0 0 1 -500 
1 -1 0 0 0 0 0 1 0 0 0 0 
1 0 0 0 0 0 0 0 1 0 0 -500 
1 0 0 0 0 -1 0 1 0 0 0 -1 

--- Dep 20 from S5 to S5; satisfied: 0, sat level: -1; Type: WAR
on variable: C
Dependence polyhedron
12 12
0 0 -1 0 0 0 1 0 0 0 0 0 
0 0 -1 0 0 1 0 0 0 0 0 0 
0 -1 0 0 1 0 0 0 0 0 0 0 
0 -1 0 1 0 0 0 0 0 0 0 1 
1 1 0 0 0 0 0 0 0 0 0 -3 
1 -1 0 0 0 0 0 0 0 1 0 -1 
1 0 0 0 0 0 0 0 0 1 0 -300 
1 0 0 0 0 0 0 0 1 0 0 -500 
1 0 -1 0 0 0 0 1 0 0 0 -1 
1 0 0 0 0 0 0 1 0 0 0 -300 
1 0 0 0 0 0 0 0 0 0 1 -500 
1 -1 1 0 0 0 0 0 0 0 0 0 

--- Dep 21 from S5 to S6; satisfied: 0, sat level: -1; Type: WAR
on variable: C
Dependence polyhedron
14 12
0 0 0 -1 0 0 1 0 0 0 0 1 
0 -1 0 0 1 0 0 0 0 0 0 0 
0 -1 1 0 0 0 0 0 0 0 0 1 
1 1 0 0 0 0 0 0 0 0 0 -3 
1 -1 0 0 0 0 0 0 0 1 0 -1 
1 0 0 0 0 0 0 0 0 1 0 -300 
1 0 0 0 0 0 0 0 0 0 1 -500 
1 -1 0 0 0 0 0 1 0 0 0 0 
1 0 0 0 0 0 0 1 0 0 0 -300 
1 0 0 1 0 0 0 0 0 0 0 -2 
1 0 0 -1 0 0 0 1 0 0 0 -1 
1 0 0 0 0 0 0 0 1 0 0 -500 
1 1 0 0 0 -1 0 0 0 0 0 -1 
1 0 0 0 0 1 0 0 0 0 0 0 

--- Dep 22 from S1 to S1; satisfied: 0, sat level: -1; Type: WAR
on variable: A
Dependence polyhedron
13 10
0 0 -1 0 1 0 0 0 0 1 
1 1 0 0 0 0 0 0 0 -2 
1 -1 0 0 0 1 0 0 0 -1 
1 0 0 0 0 1 0 0 0 -300 
1 0 1 0 0 0 0 0 0 -2 
1 1 -1 0 0 0 0 0 0 -1 
1 0 0 0 0 0 1 0 0 -500 
1 0 0 0 0 0 0 0 1 -500 
1 0 0 0 0 0 0 1 0 -300 
1 0 0 1 0 0 0 0 0 -2 
1 0 0 -1 0 1 0 0 0 -1 
1 0 -1 1 0 0 0 0 0 0 
1 -1 0 1 0 0 0 0 0 -1 

--- Dep 23 from S5 to S6; satisfied: 0, sat level: -1; Type: WAR
on variable: C
Dependence polyhedron
14 12
0 0 -1 0 0 0 1 0 0 0 0 1 
0 -1 0 0 1 0 0 0 0 0 0 0 
0 -1 0 1 0 0 0 0 0 0 0 2 
1 1 0 0 0 0 0 0 0 0 0 -4 
1 -1 0 0 0 0 0 0 0 1 0 -1 
1 0 0 0 0 0 0 0 0 1 0 -300 
1 0 1 0 0 0 0 0 0 0 0 0 
1 0 -1 0 0 0 0 1 0 0 0 -1 
1 0 0 0 0 0 0 1 0 0 0 -300 
1 0 0 0 0 0 0 0 0 0 1 -500 
1 -1 0 0 0 0 0 1 0 0 0 1 
1 0 0 0 0 0 0 0 1 0 0 -500 
1 1 0 0 0 -1 0 0 0 0 0 -1 
1 0 0 0 0 1 0 0 0 0 0 0 

--- Dep 24 from S1 to S1; satisfied: 0, sat level: -1; Type: WAR
on variable: A
Dependence polyhedron
13 10
0 0 -1 0 1 0 0 0 0 0 
1 1 0 0 0 0 0 0 0 -2 
1 -1 0 0 0 1 0 0 0 -1 
1 0 0 0 0 1 0 0 0 -300 
1 0 1 0 0 0 0 0 0 -1 
1 1 -1 0 0 0 0 0 0 -1 
1 0 0 0 0 0 1 0 0 -500 
1 0 0 0 0 0 0 0 1 -500 
1 0 0 0 0 0 0 1 0 -300 
1 0 0 1 0 0 0 0 0 -2 
1 0 0 -1 0 1 0 0 0 -1 
1 0 -1 1 0 0 0 0 0 -1 
1 -1 0 1 0 0 0 0 0 -1 

--- Dep 25 from S3 to S3; satisfied: 0, sat level: -1; Type: WAR
on variable: B
Dependence polyhedron
10 10
0 -1 0 0 1 0 0 0 0 1 
0 -1 1 0 0 0 0 0 0 2 
1 1 0 0 0 0 0 0 0 -5 
1 -1 0 1 0 0 0 0 0 0 
1 0 0 0 0 1 0 0 0 -300 
1 0 0 0 0 0 0 0 1 -500 
1 -1 0 0 0 0 1 0 0 0 
1 0 0 0 0 0 1 0 0 -500 
1 0 0 0 0 0 0 1 0 -300 
1 0 0 -1 0 1 0 0 0 -1 

--- Dep 26 from S4 to S5; satisfied: 0, sat level: -1; Type: WAR
on variable: C
Dependence polyhedron
16 12
0 0 -1 0 0 0 1 0 0 0 0 1 
0 0 -1 0 1 0 0 0 0 0 0 -1 
0 0 -1 1 0 0 0 0 0 0 0 1 
1 1 0 0 0 0 0 0 0 0 0 -2 
1 -1 0 0 0 0 0 0 1 0 0 -1 
1 0 0 0 0 0 0 0 1 0 0 -500 
1 0 1 0 0 0 0 0 0 0 0 -3 
1 1 -1 0 0 0 0 0 0 0 0 -1 
1 0 -1 0 0 0 0 0 0 1 0 -2 
1 0 0 0 0 0 0 0 0 0 1 -500 
1 0 0 0 0 0 0 0 0 1 0 -300 
1 0 -1 0 0 0 0 1 0 0 0 0 
1 0 -1 0 0 0 0 0 0 0 1 -2 
1 0 0 0 0 0 0 1 0 0 0 -300 
1 0 0 0 0 -1 0 1 0 0 0 -1 
1 0 0 0 0 1 0 0 0 0 0 0 

--- Dep 27 from S5 to S5; satisfied: 0, sat level: -1; Type: WAR
on variable: C
Dependence polyhedron
15 12
0 0 0 -1 0 0 1 0 0 0 0 0 
0 -1 0 0 1 0 0 0 0 0 0 0 
0 -1 1 0 0 0 0 0 0 0 0 0 
1 1 0 0 0 0 0 0 0 0 0 -2 
1 -1 0 0 0 0 0 0 0 1 0 -1 
1 0 0 0 0 0 0 0 0 1 0 -300 
1 0 0 0 0 0 0 0 0 0 1 -500 
1 -1 0 0 0 0 0 1 0 0 0 -1 
1 0 0 0 0 0 0 1 0 0 0 -300 
1 0 0 1 0 0 0 0 0 0 0 -2 
1 0 0 -1 0 0 0 1 0 0 0 -1 
1 0 0 0 0 0 0 0 1 0 0 -500 
1 0 0 0 0 -1 0 1 0 0 0 -1 
1 0 0 0 0 1 0 0 0 0 0 0 
1 -1 0 0 0 1 0 0 0 0 0 -1 

--- Dep 28 from S4 to S5; satisfied: 0, sat level: -1; Type: WAW
on variable: C
Dependence polyhedron
16 12
0 0 -1 0 0 0 1 0 0 0 0 0 
0 0 -1 0 1 0 0 0 0 0 0 -1 
0 0 -1 1 0 0 0 0 0 0 0 -1 
1 1 0 0 0 0 0 0 0 0 0 -2 
1 -1 0 0 0 0 0 0 1 0 0 -1 
1 0 0 0 0 0 0 0 1 0 0 -500 
1 0 1 0 0 0 0 0 0 0 0 -2 
1 1 -1 0 0 0 0 0 0 0 0 -1 
1 0 -1 0 0 0 0 0 0 1 0 -2 
1 0 0 0 0 0 0 0 0 0 1 -500 
1 0 0 0 0 0 0 0 0 1 0 -300 
1 0 -1 0 0 0 0 1 0 0 0 -1 
1 0 -1 0 0 0 0 0 0 0 1 -4 
1 0 0 0 0 0 0 1 0 0 0 -300 
1 0 0 0 0 -1 0 1 0 0 0 -1 
1 0 0 0 0 1 0 0 0 0 0 0 

--- Dep 29 from S4 to S4; satisfied: 0, sat level: -1; Type: WAW
on variable: C
Dependence polyhedron
17 12
0 0 0 -1 0 0 1 0 0 0 0 0 
0 0 -1 0 0 1 0 0 0 0 0 0 
1 1 0 0 0 0 0 0 0 0 0 -2 
1 -1 0 0 0 0 0 0 1 0 0 -1 
1 0 0 0 0 0 0 0 1 0 0 -500 
1 0 1 0 0 0 0 0 0 0 0 -1 
1 1 -1 0 0 0 0 0 0 0 0 -1 
1 0 -1 0 0 0 0 0 0 1 0 -2 
1