[zyj-debug] Before affine transformations
nvar = 3, npar = 4
Parameters: PB_N PB_Q PB_L PB_M 
S1 "A[k+1][k][j] = A[k+1][k-1][j] - A[k+2][k][j] + A[k][j][i] + 6;"
ndims: 3; orig_depth: 3
iterators: i, j, k
Index set
9 9
1 1 0 0 0 0 0 0 0 
1 -1 0 0 1 0 0 0 -2 
1 0 0 0 1 0 0 0 -2 
1 0 1 0 0 0 0 0 0 
1 0 -1 0 0 1 0 0 -1 
1 0 0 0 0 1 0 0 -1 
1 0 0 1 0 0 0 0 -1 
1 0 0 -1 0 0 1 0 -3 
1 0 0 0 0 0 1 0 -4 
T(S1): (0, i, 0, j, 0, k, 0)
loop types (loop, loop, loop, loop, loop, loop, loop)

Read accesses
A[k+1][k-1][j]
A[k+2][k][j]
A[k][j][i]
Write accesses
A[k+1][k][j]
Original loop: 0 -> yes
Original loop: 1 -> yes
Original loop: 2 -> yes

S2 "B[i] = B[i] * B[i] + C[i] + C[i+1] - 4;"
ndims: 1; orig_depth: 1
iterators: i
Index set
3 7
1 1 0 0 0 0 0 
1 -1 1 0 0 0 -2 
1 0 1 0 0 0 -2 
T(S2): (0, i, 1, 0, 0, 0, 0)
loop types (loop, loop, loop, scalar, scalar, scalar, scalar)

Read accesses
B[i]
B[i]
C[i]
C[i+1]
Write accesses
B[i]
Original loop: 0 -> yes

S3 "D[l][m] = D[l-1][m] * D[l][m-2] + E[l+1][l] * 3;"
ndims: 2; orig_depth: 2
iterators: l, m
Index set
6 8
1 1 0 0 0 0 0 -1 
1 -1 0 0 0 0 1 -2 
1 0 0 0 0 0 1 -3 
1 0 1 0 0 0 0 -2 
1 1 -1 0 0 0 0 -1 
1 1 0 0 0 0 0 -3 
T(S3): (1, l, 0, m, 0, 0, 0)
loop types (loop, loop, loop, loop, loop, scalar, scalar)

Read accesses
D[l-1][m]
D[l][m-2]
E[l+1][l]
Write accesses
D[l][m]
Original loop: 0 -> yes
Original loop: 1 -> yes

S4 "D[n+1][n+1] = D[n-1][n+1] - D[n+1][n+1] * E[n][l+1] - D[l+1][n] - 4;"
ndims: 2; orig_depth: 2
iterators: l, n
Index set
5 8
1 1 0 0 0 0 0 -1 
1 -1 0 0 0 0 1 -2 
1 0 0 0 0 0 1 -3 
1 0 1 0 0 0 0 -1 
1 0 -1 0 0 0 1 -2 
T(S4): (1, l, 1, n, 0, 0, 0)
loop types (loop, loop, loop, loop, loop, scalar, scalar)

Read accesses
D[n-1][n+1]
D[n+1][n+1]
E[n][l+1]
D[l+1][n]
Write accesses
D[n+1][n+1]
Original loop: 0 -> yes
Original loop: 1 -> yes

S5 "F[l][n+1][l] = D[n+2][n+1] + A[l][n][o] + 5;"
ndims: 3; orig_depth: 3
iterators: l, n, o
Index set
7 9
1 1 0 0 0 0 0 0 -1 
1 -1 0 0 0 0 0 1 -2 
1 0 0 0 0 0 0 1 -3 
1 0 1 0 0 0 0 0 -1 
1 0 -1 0 0 0 0 1 -2 
1 0 0 1 0 0 0 0 0 
1 1 0 -1 0 0 0 0 -1 
T(S5): (1, l, 1, n, 1, o, 0)
loop types (loop, loop, loop, loop, loop, loop, loop)

Read accesses
D[n+2][n+1]
A[l][n][o]
Write accesses
F[l][n+1][l]
Original loop: 0 -> yes
Original loop: 1 -> yes
Original loop: 2 -> yes

S6 "B[p] = B[p] - B[p] + 1;"
ndims: 1; orig_depth: 1
iterators: p
Index set
3 7
1 1 0 0 0 0 0 
1 -1 0 0 1 0 -1 
1 0 0 0 1 0 -1 
T(S6): (2, p, 0, 0, 0, 0, 0)
loop types (loop, loop, loop, scalar, scalar, scalar, scalar)

Read accesses
B[p]
B[p]
Write accesses
B[p]
Original loop: 0 -> yes

--- Dep 1 from S3 to S3; satisfied: 0, sat level: -1; Type: RAW
on variable: D
Dependence polyhedron
10 10
0 0 -1 0 1 0 0 0 0 0 
0 -1 0 1 0 0 0 0 0 -1 
1 1 0 0 0 0 0 0 0 -3 
1 -1 0 0 0 0 0 0 1 -3 
1 0 0 0 0 0 0 0 1 -300 
1 0 1 0 0 0 0 0 0 -2 
1 1 -1 0 0 0 0 0 0 -1 
1 0 0 0 0 1 0 0 0 -300 
1 0 0 0 0 0 1 0 0 -300 
1 0 0 0 0 0 0 1 0 -400 

--- Dep 2 from S3 to S5; satisfied: 0, sat level: -1; Type: RAW
on variable: D
Dependence polyhedron
13 11
0 -1 0 0 1 0 0 0 0 0 2 
0 -1 1 0 0 0 0 0 0 0 1 
1 1 0 0 0 0 0 0 0 0 -3 
1 -1 0 0 0 0 0 0 0 1 -2 
1 0 0 0 0 0 0 0 0 1 -300 
1 0 0 0 0 0 0 0 1 0 -400 
1 0 0 0 0 1 0 0 0 0 0 
1 0 0 0 0 0 1 0 0 0 -300 
1 0 0 0 0 0 0 1 0 0 -300 
1 0 0 1 0 -1 0 0 0 0 -1 
1 0 0 1 0 0 0 0 0 0 -1 
1 0 0 -1 0 0 0 0 0 1 -2 
1 -1 0 1 0 0 0 0 0 0 0 

--- Dep 3 from S2 to S6; satisfied: 0, sat level: -1; Type: RAW
on variable: B
Dependence polyhedron
8 8
0 -1 1 0 0 0 0 0 
1 1 0 0 0 0 0 0 
1 -1 0 1 0 0 0 -2 
1 0 0 1 0 0 0 -300 
1 0 0 0 1 0 0 -300 
1 0 0 0 0 0 1 -300 
1 0 0 0 0 1 0 -400 
1 -1 0 0 0 1 0 -1 

--- Dep 4 from S1 to S1; satisfied: 0, sat level: -1; Type: RAW
on variable: A
Dependence polyhedron
14 12
0 0 0 -1 0 0 1 0 0 0 0 -1 
0 0 0 -1 0 1 0 0 0 0 0 0 
0 0 -1 0 1 0 0 0 0 0 0 0 
1 1 0 0 0 0 0 0 0 0 0 0 
1 0 -1 0 0 0 0 1 0 0 0 -2 
1 0 0 0 0 0 0 1 0 0 0 -300 
1 -1 1 0 0 0 0 0 0 0 0 -1 
1 0 -1 0 0 0 0 0 1 0 0 -1 
1 0 0 0 0 0 0 0 1 0 0 -300 
1 0 0 1 0 0 0 0 0 0 0 -1 
1 0 0 -1 0 0 0 0 0 1 0 -4 
1 0 0 0 0 0 0 0 0 1 0 -400 
1 0 0 0 0 0 0 0 0 0 1 -300 
1 0 0 -1 0 0 0 0 1 0 0 -1 

--- Dep 5 from S1 to S1; satisfied: 0, sat level: -1; Type: RAW
on variable: A
Dependence polyhedron
13 12
0 0 0 -1 0 0 1 0 0 0 0 -1 
0 0 0 -1 0 1 0 0 0 0 0 0 
0 -1 0 0 1 0 0 0 0 0 0 0 
0 -1 1 0 0 0 0 0 0 0 0 0 
1 1 0 0 0 0 0 0 0 0 0 0 
1 -1 0 0 0 0 0 1 0 0 0 -2 
1 0 0 0 0 0 0 1 0 0 0 -300 
1 -1 0 1 0 0 0 0 0 0 0 -1 
1 0 0 0 0 0 0 0 0 0 1 -300 
1 0 0 0 0 0 0 0 1 0 0 -300 
1 0 0 -1 0 0 0 0 1 0 0 -1 
1 0 0 -1 0 0 0 0 0 1 0 -4 
1 0 0 0 0 0 0 0 0 1 0 -400 

--- Dep 6 from S1 to S1; satisfied: 0, sat level: -1; Type: RAW
on variable: A
Dependence polyhedron
13 12
0 -1 0 0 0 0 1 0 0 0 0 -1 
0 -1 0 0 0 1 0 0 0 0 0 0 
0 -1 0 0 1 0 0 0 0 0 0 0 
0 -1 0 1 0 0 0 0 0 0 0 0 
0 -1 1 0 0 0 0 0 0 0 0 0 
1 1 0 0 0 0 0 0 0 0 0 -1 
1 -1 0 0 0 0 0 1 0 0 0 -2 
1 0 0 0 0 0 0 1 0 0 0 -300 
1 0 0 0 0 0 0 0 0 1 0 -400 
1 -1 0 0 0 0 0 0 1 0 0 -1 
1 0 0 0 0 0 0 0 1 0 0 -300 
1 0 0 0 0 0 0 0 0 0 1 -300 
1 -1 0 0 0 0 0 0 0 1 0 -4 

--- Dep 7 from S4 to S3; satisfied: 0, sat level: -1; Type: RAW
on variable: D
Dependence polyhedron
11 10
0 0 -1 0 1 0 0 0 0 -1 
0 0 -1 1 0 0 0 0 0 -2 
1 1 0 0 0 0 0 0 0 -1 
1 -1 0 0 0 0 0 0 1 -2 
1 0 0 0 0 0 0 0 1 -300 
1 0 1 0 0 0 0 0 0 -1 
1 0 -1 0 0 0 0 0 1 -4 
1 0 0 0 0 1 0 0 0 -300 
1 0 0 0 0 0 1 0 0 -300 
1 0 0 0 0 0 0 1 0 -400 
1 -1 1 0 0 0 0 0 0 1 

--- Dep 8 from S3 to S3; satisfied: 0, sat level: -1; Type: RAW
on variable: D
Dependence polyhedron
10 10
0 0 -1 0 1 0 0 0 0 -2 
0 -1 0 1 0 0 0 0 0 0 
1 1 0 0 0 0 0 0 0 -3 
1 -1 0 0 0 0 0 0 1 -2 
1 0 0 0 0 0 0 0 1 -300 
1 0 1 0 0 0 0 0 0 -2 
1 1 -1 0 0 0 0 0 0 -3 
1 0 0 0 0 1 0 0 0 -300 
1 0 0 0 0 0 1 0 0 -300 
1 0 0 0 0 0 0 1 0 -400 

--- Dep 9 from S1 to S5; satisfied: 0, sat level: -1; Type: RAW
on variable: A
Dependence polyhedron
15 12
0 0 -1 0 0 0 1 0 0 0 0 0 
0 0 0 -1 0 1 0 0 0 0 0 0 
0 0 0 -1 1 0 0 0 0 0 0 -1 
1 1 0 0 0 0 0 0 0 0 0 0 
1 -1 0 0 0 0 0 1 0 0 0 -2 
1 0 0 0 0 0 0 1 0 0 0 -300 
1 0 1 0 0 0 0 0 0 0 0 0 
1 0 -1 0 0 0 0 0 1 0 0 -1 
1 0 0 0 0 0 0 0 1 0 0 -300 
1 0 0 1 0 0 0 0 0 0 0 -1 
1 0 0 -1 0 0 0 0 0 1 0 -3 
1 0 0 0 0 0 0 0 0 1 0 -400 
1 0 0 0 0 0 0 0 0 0 1 -300 
1 0 -1 1 0 0 0 0 0 0 0 0 
1 0 0 -1 0 0 0 0 0 0 1 -3 

--- Dep 10 from S4 to S4; satisfied: 0, sat level: -1; Type: RAW
on variable: D
Dependence polyhedron
12 10
0 0 -1 0 1 0 0 0 0 0 
1 1 0 0 0 0 0 0 0 -1 
1 -1 0 0 0 0 0 0 1 -2 
1 0 0 0 0 0 0 0 1 -300 
1 0 1 0 0 0 0 0 0 -1 
1 0 -1 0 0 0 0 0 1 -2 
1 0 0 0 0 1 0 0 0 -300 
1 0 0 0 0 0 1 0 0 -300 
1 0 0 0 0 0 0 1 0 -400 
1 0 0 1 0 0 0 0 0 -1 
1 0 0 -1 0 0 0 0 1 -2 
1 -1 0 1 0 0 0 0 0 -1 

--- Dep 11 from S4 to S4; satisfied: 0, sat level: -1; Type: RAW
on variable: D
Dependence polyhedron
9 10
0 0 -1 0 1 0 0 0 0 -1 
0 0 -1 1 0 0 0 0 0 0 
1 1 0 0 0 0 0 0 0 -1 
1 0 0 0 0 0 0 1 0 -400 
1 0 0 0 0 0 0 0 1 -300 
1 -1 1 0 0 0 0 0 0 0 
1 0 -1 0 0 0 0 0 1 -3 
1 0 0 0 0 1 0 0 0 -300 
1 0 0 0 0 0 1 0 0 -300 

--- Dep 12 from S2 to S6; satisfied: 0, sat level: -1; Type: RAW
on variable: B
Dependence polyhedron
8 8
0 -1 1 0 0 0 0 0 
1 1 0 0 0 0 0 0 
1 -1 0 1 0 0 0 -2 
1 0 0 1 0 0 0 -300 
1 0 0 0 1 0 0 -300 
1 0 0 0 0 0 1 -300 
1 0 0 0 0 1 0 -400 
1 -1 0 0 0 1 0 -1 

--- Dep 13 from S2 to S6; satisfied: 0, sat level: -1; Type: WAR
on variable: B
Dependence polyhedron
8 8
0 -1 1 0 0 0 0 0 
1 1 0 0 0 0 0 0 
1 -1 0 1 0 0 0 -2 
1 0 0 1 0 0 0 -300 
1 0 0 0 1 0 0 -300 
1 0 0 0 0 0 1 -300 
1 0 0 0 0 1 0 -400 
1 -1 0 0 0 1 0 -1 

--- Dep 14 from S4 to S4; satisfied: 0, sat level: -1; Type: WAR
on variable: D
Dependence polyhedron
11 10
0 -1 0 0 1 0 0 0 0 0 
0 -1 1 0 0 0 0 0 0 -1 
1 1 0 0 0 0 0 0 0 -1 
1 -1 0 0 0 0 0 0 1 -3 
1 0 0 0 0 0 0 0 1 -300 
1 0 0 0 0 0 0 1 0 -400 
1 0 0 0 0 0 1 0 0 -300 
1 0 0 0 0 1 0 0 0 -300 
1 0 0 -1 0 0 0 0 1 -2 
1 0 0 1 0 0 0 0 0 -1 
1 -1 0 1 0 0 0 0 0 -1 

--- Dep 15 from S1 to S1; satisfied: 0, sat level: -1; Type: WAR
on variable: A
Dependence polyhedron
14 12
0 0 -1 0 0 0 1 0 0 0 0 0 
0 -1 0 0 0 1 0 0 0 0 0 0 
0 0 -1 1 0 0 0 0 0 0 0 -1 
1 1 0 0 0 0 0 0 0 0 0 0 
1 0 0 0 -1 0 0 1 0 0 0 -2 
1 0 0 0 0 0 0 1 0 0 0 -300 
1 0 1 0 0 0 0 0 0 0 0 -1 
1 0 -1 0 0 0 0 0 1 0 0 -1 
1 0 0 0 0 0 0 0 1 0 0 -300 
1 0 0 0 0 0 0 0 0 0 1 -300 
1 0 -1 0 0 0 0 0 0 1 0 -4 
1 0 0 0 0 0 0 0 0 1 0 -400 
1 -1 0 0 0 0 0 0 1 0 0 -1 
1 -1 0 0 1 0 0 0 0 0 0 -1 

--- Dep 16 from S1 to S1; satisfied: 0, sat level: -1; Type: WAR
on variable: A
Dependence polyhedron
13 12
0 0 -1 0 0 0 1 0 0 0 0 0 
0 -1 0 0 0 1 0 0 0 0 0 0 
0 -1 0 0 1 0 0 0 0 0 0 0 
0 0 -1 1 0 0 0 0 0 0 0 -1 
1 -1 0 0 0 0 0 0 1 0 0 -1 
1 -1 0 0 0 0 0 1 0 0 0 -2 
1 0 0 0 0 0 0 1 0 0 0 -300 
1 0 1 0 0 0 0 0 0 0 0 -1 
1 1 -1 0 0 0 0 0 0 0 0 -1 
1 0 0 0 0 0 0 0 1 0 0 -300 
1 0 0 0 0 0 0 0 0 0 1 -300 
1 0 -1 0 0 0 0 0 0 1 0 -4 
1 0 0 0 0 0 0 0 0 1 0 -400 

--- Dep 17 from S2 to S6; satisfied: 0, sat level: -1; Type: WAR
on variable: B
Dependence polyhedron
8 8
0 -1 1 0 0 0 0 0 
1 1 0 0 0 0 0 0 
1 -1 0 1 0 0 0 -2 
1 0 0 1 0 0 0 -300 
1 0 0 0 1 0 0 -300 
1 0 0 0 0 0 1 -300 
1 0 0 0 0 1 0 -400 
1 -1 0 0 0 1 0 -1 

--- Dep 18 from S5 to S3; satisfied: 0, sat level: -1; Type: WAR
on variable: D
Dependence polyhedron
13 11
0 0 -1 0 0 1 0 0 0 0 -1 
0 0 -1 0 1 0 0 0 0 0 -2 
1 1 0 0 0 0 0 0 0 0 -1 
1 -1 0 0 0 0 0 0 0 1 -2 
1 0 0 0 0 0 0 0 0 1 -300 
1 0 1 0 0 0 0 0 0 0 -1 
1 0 -1 0 0 0 0 0 0 1 -4 
1 0 0 1 0 0 0 0 0 0 0 
1 1 0 -1 0 0 0 0 0 0 -1 
1 0 0 0 0 0 1 0 0 0 -300 
1 0 0 0 0 0 0 1 0 0 -300 
1 0 0 0 0 0 0 0 1 0 -400 
1 -1 1 0 0 0 0 0 0 0 1 

--- Dep 19 from S3 to S4; satisfied: 0, sat level: -1; Type: WAR
on variable: D
Dependence polyhedron
11 10
0 -1 0 0 1 0 0 0 0 2 
0 -1 1 0 0 0 0 0 0 1 
1 1 0 0 0 0 0 0 0 -3 
1 -1 0 0 0 0 0 0 1 -2 
1 0 0 0 0 0 0 0 1 -300 
1 0 0 0 0 0 0 1 0 -400 
1 0 0 1 0 0 0 0 0 -1 
1 0 0 0 0 1 0 0 0 -300 
1 0 0 0 0 0 1 0 0 -300 
1 0 0 -1 0 0 0 0 1 -2 
1 -1 0 1 0 0 0 0 0 0 

--- Dep 20 from S4 to S4; satisfied: 0, sat level: -1; Type: WAR
on variable: D
Dependence polyhedron
12 10
0 0 -1 0 1 0 0 0 0 0 
1 1 0 0 0 0 0 0 0 -1 
1 -1 0 0 0 0 0 0 1 -2 
1 0 0 0 0 0 0 0 1 -300 
1 0 1 0 0 0 0 0 0 -1 
1 0 -1 0 0 0 0 0 1 -2 
1 0 0 0 0 1 0 0 0 -300 
1 0 0 0 0 0 1 0 0 -300 
1 0 0 0 0 0 0 1 0 -400 
1 0 0 1 0 0 0 0 0 -1 
1 0 0 -1 0 0 0 0 1 -2 
1 -1 0 1 0 0 0 0 0 -1 

--- Dep 21 from S4 to S3; satisfied: 0, sat level: -1; Type: WAR
on variable: D
Dependence polyhedron
11 10
0 0 -1 0 1 0 0 0 0 0 
0 -1 0 1 0 0 0 0 0 -1 
1 1 0 0 0 0 0 0 0 -2 
1 -1 0 0 0 0 0 0 1 -3 
1 0 0 0 0 0 0 0 1 -300 
1 0 1 0 0 0 0 0 0 -2 
1 0 -1 0 0 0 0 0 1 -2 
1 0 0 0 0 1 0 0 0 -300 
1 0 0 0 0 0 1 0 0 -300 
1 0 0 0 0 0 0 1 0 -400 
1 1 -1 0 0 0 0 0 0 0 

--- Dep 22 from S1 to S1; satisfied: 0, sat level: -1; Type: WAW
on variable: A
Dependence polyhedron
15 12
0 0 0 -1 0 0 1 0 0 0 0 0 
0 0 -1 0 0 1 0 0 0 0 0 0 
1 1 0 0 0 0 0 0 0 0 0 0 
1 -1 0 0 0 0 0 1 0 0 0 -2 
1 0 0 0 0 0 0 1 0 0 0 -300 
1 0 1 0 0 0 0 0 0 0 0 0 
1 0 -1 0 0 0 0 0 1 0 0 -1 
1 0 0 0 0 0 0 0 1 0 0 -300 
1 0 0 1 0 0 0 0 0 0 0 -1 
1 0 0 -1 0 0 0 0 0 1 0 -3 
1 0 0 0 0 0 0 0 0 1 0 -400 
1 0 0 0 0 0 0 0 0 0 1 -300 
1 0 0 0 1 0 0 0 0 0 0 0 
1 0 0 0 -1 0 0 1 0 0 0 -2 
1 -1 0 0 1 0 0 0 0 0 0 -1 

--- Dep 23 from S4 to S4; satisfied: 0, sat level: -1; Type: WAW
on variable: D
Dependence polyhedron
12 10
0 0 -1 0 1 0 0 0 0 0 
1 1 0 0 0 0 0 0 0 -1 
1 -1 0 0 0 0 0 0 1 -2 
1 0 0 0 0 0 0 0 1 -300 
1 0 1 0 0 0 0 0 0 -1 
1 0 -1 0 0 0 0 0 1 -2 
1 0 0 0 0 1 0 0 0 -300 
1 0 0 0 0 0 1 0 0 -300 
1 0 0 0 0 0 0 1 0 -400 
1 0 0 1 0 0 0 0 0 -1 
1 0 0 -1 0 0 0 0 1 -2 
1 -1 0 1 0 0 0 0 0 -1 

--- Dep 24 from S2 to S6; satisfied: 0, sat level: -1; Type: WAW
on variable: B
Dependence polyhedron
8 8
0 -1 1 0 0 0 0 0 
1 1 0 0 0 0 0 0 
1 -1 0 1 0 0 0 -2 
1 0 0 1 0 0 0 -300 
1 0 0 0 1 0 0 -300 
1 0 0 0 0 0 1 -300 
1 0 0 0 0 1 0 -400 
1 -1 0 0 0 1 0 -1 

--- Dep 25 from S5 to S5; satisfied: 0, sat level: -1; Type: WAW
on variable: F
Dependence polyhedron
15 12
0 0 -1 0 0 1 0 0 0 0 0 0 
0 -1 0 0 1 0 0 0 0 0 0 0 
1 1 0 0 0 0 0 0 0 0 0 -1 
1 -1 0 0 0 0 0 0 0 0 1 -2 
1 0 0 0 0 0 0 0 0 0 1 -300 
1 0 1 0 0 0 0 0 0 0 0 -1 
1 0 -1 0 0 0 0 0 0 0 1 -2 
1 0 0 1 0 0 0 0 0 0 0 0 
1 1 0 -1 0 0 0 0 0 0 0 -1 
1 0 0 0 0 0 0 1 0 0 0 -300 
1 0 0 0 0 0 0 0 1 0 0 -300 
1 0 0 0 0 0 0 0 0 1 0 -400 
1 1 0 0 0 0 -1 0 0 0 0 -1 
1 0 0 0 0 0 1 0 0 0 0 0 
1 0 0 -1 0 0 1 0 0 0 0 -1 


[zyj-debug] After affine transformations
T(S1): (1, 0, i, zT3+zT4, zT4, j, j+k, 5)
loop types (scalar, scalar, loop, loop, loop, loop, loop, scalar)

T(S2): (0, 0, zT1, i, 0, 0, 4, 0)
loop types (scalar, scalar, loop, loop, scalar, scalar, scalar, scalar)

T(S3): (1, 1, l, zT2, 0, m, 0, 1)
loop types (scalar, scalar, loop, loop, scalar, loop, scalar, scalar)

T(S4): (1, 1, l, zT2, 0, n+1, 0, 3)
loop types (scalar, scalar, loop, loop, scalar, loop, scalar, scalar)

T(S5): (1, 1, l, zT3, zT4, n+1, o, 2)
loop types (scalar, scalar, loop, loop, loop, loop, loop, scalar)

T(S6): (1, 0, p, 0, 0, 0, 0, 0)
loop types (scalar, scalar, loop, scalar, scalar, scalar, scalar, scalar)

t1 --> fwd_dep  scalar (band 0)no-ujam
t2 --> fwd_dep  scalar (band 0)no-ujam
t3 --> serial   loop   (band 0)no-ujam
t4 --> fwd_dep  loop   (band 1)no-ujam
t5 --> fwd_dep  loop   (band 1)no-ujam
t6 --> fwd_dep  loop   (band 1)no-ujam
t7 --> fwd_dep  loop   (band 1)no-ujam
t8 --> fwd_dep  scalar (band 1)no-ujam

