[zyj-debug] Before affine transformations
nvar = 3, npar = 3
Parameters: PB_L PB_N PB_M 
S1 "A[i] = B[i-1] + A[i] * 3;"
ndims: 1; orig_depth: 1
iterators: i
Index set
3 6
1 1 0 0 0 -1 
1 -1 1 0 0 -3 
1 0 1 0 0 -4 
T(S1): (0, i, 0, 0, 0, 0, 0)
loop types (loop, loop, loop, scalar, scalar, scalar, scalar)

Read accesses
B[i-1]
A[i]
Write accesses
A[i]
Original loop: 0 -> yes

S2 "C[i][i] = C[j][i] + 6;"
ndims: 2; orig_depth: 2
iterators: i, j
Index set
5 7
1 1 0 0 0 0 -1 
1 -1 0 1 0 0 -3 
1 0 0 1 0 0 -4 
1 0 1 0 0 0 0 
1 1 -1 0 0 0 -1 
T(S2): (0, i, 1, j, 0, 0, 0)
loop types (loop, loop, loop, loop, loop, scalar, scalar)

Read accesses
C[j][i]
Write accesses
C[i][i]
Original loop: 0 -> yes
Original loop: 1 -> yes

S3 "B[i] = A[i+2] - B[i] - 4;"
ndims: 2; orig_depth: 2
iterators: i, k
Index set
5 7
1 1 0 0 0 0 -1 
1 -1 0 1 0 0 -3 
1 0 0 1 0 0 -4 
1 0 1 0 0 0 0 
1 1 -1 0 0 0 -1 
T(S3): (0, i, 2, k, 0, 0, 0)
loop types (loop, loop, loop, loop, loop, scalar, scalar)

Read accesses
A[i+2]
B[i]
Write accesses
B[i]
Original loop: 0 -> yes
Original loop: 1 -> yes

S4 "B[i] = A[i+1] - B[i] * D[i] - 6;"
ndims: 1; orig_depth: 1
iterators: i
Index set
3 6
1 1 0 0 0 -1 
1 -1 1 0 0 -3 
1 0 1 0 0 -4 
T(S4): (0, i, 3, 0, 0, 0, 0)
loop types (loop, loop, loop, scalar, scalar, scalar, scalar)

Read accesses
A[i+1]
B[i]
D[i]
Write accesses
B[i]
Original loop: 0 -> yes

S5 "D[l+1] = A[l] * 1;"
ndims: 1; orig_depth: 1
iterators: l
Index set
3 6
1 1 0 0 0 0 
1 -1 0 1 0 -2 
1 0 0 1 0 -2 
T(S5): (1, l, 0, 0, 0, 0, 0)
loop types (loop, loop, loop, scalar, scalar, scalar, scalar)

Read accesses
A[l]
Write accesses
D[l+1]
Original loop: 0 -> yes

S6 "E[l][m][n+1] = E[l+1][m][n+1] * E[l][m][n+3] * 1;"
ndims: 3; orig_depth: 3
iterators: l, m, n
Index set
9 8
1 1 0 0 0 0 0 0 
1 -1 0 0 0 1 0 -2 
1 0 0 0 0 1 0 -2 
1 0 1 0 0 0 0 0 
1 0 -1 0 0 0 1 -1 
1 0 0 0 0 0 1 -1 
1 0 0 1 0 0 0 0 
1 1 0 -1 0 0 0 -1 
1 1 0 0 0 0 0 -1 
T(S6): (1, l, 1, m, 0, n, 0)
loop types (loop, loop, loop, loop, loop, loop, loop)

Read accesses
E[l+1][m][n+1]
E[l][m][n+3]
Write accesses
E[l][m][n+1]
Original loop: 0 -> yes
Original loop: 1 -> yes
Original loop: 2 -> yes

--- Dep 1 from S4 to S1; satisfied: 0, sat level: -1; Type: RAW
on variable: B
Dependence polyhedron
6 7
0 -1 1 0 0 0 -1 
1 1 0 0 0 0 -1 
1 -1 0 1 0 0 -4 
1 0 0 1 0 0 -400 
1 0 0 0 1 0 -300 
1 0 0 0 0 1 -500 

--- Dep 2 from S3 to S1; satisfied: 0, sat level: -1; Type: RAW
on variable: B
Dependence polyhedron
8 8
0 -1 0 1 0 0 0 -1 
1 1 0 0 0 0 0 -1 
1 -1 0 0 1 0 0 -4 
1 0 0 0 1 0 0 -400 
1 0 1 0 0 0 0 0 
1 1 -1 0 0 0 0 -1 
1 0 0 0 0 1 0 -300 
1 0 0 0 0 0 1 -500 

--- Dep 3 from S3 to S3; satisfied: 0, sat level: -1; Type: RAW
on variable: B
Dependence polyhedron
11 9
0 -1 0 1 0 0 0 0 0 
1 1 0 0 0 0 0 0 -1 
1 -1 0 0 0 1 0 0 -3 
1 0 0 0 0 1 0 0 -400 
1 0 1 0 0 0 0 0 0 
1 1 -1 0 0 0 0 0 -1 
1 0 0 0 0 0 1 0 -300 
1 0 0 0 0 0 0 1 -500 
1 1 0 0 -1 0 0 0 -1 
1 0 0 0 1 0 0 0 0 
1 0 -1 0 1 0 0 0 -1 

--- Dep 4 from S1 to S5; satisfied: 0, sat level: -1; Type: RAW
on variable: A
Dependence polyhedron
7 7
0 -1 1 0 0 0 0 
1 1 0 0 0 0 -1 
1 -1 0 1 0 0 -3 
1 0 0 1 0 0 -400 
1 0 0 0 1 0 -300 
1 0 0 0 0 1 -500 
1 -1 0 0 1 0 -2 

--- Dep 5 from S3 to S4; satisfied: 0, sat level: -1; Type: RAW
on variable: B
Dependence polyhedron
8 8
0 -1 0 1 0 0 0 0 
1 1 0 0 0 0 0 -1 
1 -1 0 0 1 0 0 -3 
1 0 0 0 1 0 0 -400 
1 0 1 0 0 0 0 0 
1 1 -1 0 0 0 0 -1 
1 0 0 0 0 1 0 -300 
1 0 0 0 0 0 1 -500 

--- Dep 6 from S3 to S4; satisfied: 0, sat level: -1; Type: WAR
on variable: B
Dependence polyhedron
8 8
0 -1 0 1 0 0 0 0 
1 1 0 0 0 0 0 -1 
1 -1 0 0 1 0 0 -3 
1 0 0 0 1 0 0 -400 
1 0 1 0 0 0 0 0 
1 1 -1 0 0 0 0 -1 
1 0 0 0 0 1 0 -300 
1 0 0 0 0 0 1 -500 

--- Dep 7 from S3 to S1; satisfied: 0, sat level: -1; Type: WAR
on variable: A
Dependence polyhedron
8 8
0 -1 0 1 0 0 0 -2 
1 1 0 0 0 0 0 -1 
1 -1 0 0 1 0 0 -5 
1 0 0 0 1 0 0 -400 
1 0 1 0 0 0 0 0 
1 1 -1 0 0 0 0 -1 
1 0 0 0 0 1 0 -300 
1 0 0 0 0 0 1 -500 

--- Dep 8 from S6 to S6; satisfied: 0, sat level: -1; Type: WAR
on variable: E
Dependence polyhedron
12 11
0 0 0 -1 0 0 1 0 0 0 0 
0 0 -1 0 0 1 0 0 0 0 0 
0 -1 0 0 1 0 0 0 0 0 -1 
1 1 0 0 0 0 0 0 0 0 -1 
1 -1 0 0 0 0 0 0 1 0 -3 
1 0 0 0 0 0 0 0 1 0 -300 
1 0 1 0 0 0 0 0 0 0 0 
1 0 -1 0 0 0 0 0 0 1 -1 
1 0 0 0 0 0 0 0 0 1 -500 
1 0 0 1 0 0 0 0 0 0 0 
1 1 0 -1 0 0 0 0 0 0 -1 
1 0 0 0 0 0 0 1 0 0 -400 

--- Dep 9 from S4 to S5; satisfied: 0, sat level: -1; Type: WAR
on variable: D
Dependence polyhedron
7 7
0 -1 1 0 0 0 1 
1 1 0 0 0 0 -1 
1 -1 0 1 0 0 -3 
1 0 0 1 0 0 -400 
1 0 0 0 1 0 -300 
1 0 0 0 0 1 -500 
1 -1 0 0 1 0 -1 

--- Dep 10 from S3 to S3; satisfied: 0, sat level: -1; Type: WAR
on variable: B
Dependence polyhedron
11 9
0 -1 0 1 0 0 0 0 0 
1 1 0 0 0 0 0 0 -1 
1 -1 0 0 0 1 0 0 -3 
1 0 0 0 0 1 0 0 -400 
1 0 1 0 0 0 0 0 0 
1 1 -1 0 0 0 0 0 -1 
1 0 0 0 0 0 1 0 -300 
1 0 0 0 0 0 0 1 -500 
1 1 0 0 -1 0 0 0 -1 
1 0 0 0 1 0 0 0 0 
1 0 -1 0 1 0 0 0 -1 

--- Dep 11 from S6 to S6; satisfied: 0, sat level: -1; Type: WAR
on variable: E
Dependence polyhedron
12 11
0 0 0 -1 0 0 1 0 0 0 -2 
0 0 -1 0 0 1 0 0 0 0 0 
0 -1 0 0 1 0 0 0 0 0 0 
1 1 0 0 0 0 0 0 0 0 -1 
1 -1 0 0 0 0 0 0 1 0 -2 
1 0 0 0 0 0 0 0 1 0 -300 
1 0 1 0 0 0 0 0 0 0 0 
1 0 -1 0 0 0 0 0 0 1 -1 
1 0 0 0 0 0 0 0 0 1 -500 
1 0 0 1 0 0 0 0 0 0 0 
1 1 0 -1 0 0 0 0 0 0 -3 
1 0 0 0 0 0 0 1 0 0 -400 

--- Dep 12 from S4 to S1; satisfied: 0, sat level: -1; Type: WAR
on variable: A
Dependence polyhedron
6 7
0 -1 1 0 0 0 -1 
1 1 0 0 0 0 -1 
1 -1 0 1 0 0 -4 
1 0 0 1 0 0 -400 
1 0 0 0 1 0 -300 
1 0 0 0 0 1 -500 

--- Dep 13 from S3 to S3; satisfied: 0, sat level: -1; Type: WAW
on variable: B
Dependence polyhedron
11 9
0 -1 0 1 0 0 0 0 0 
1 1 0 0 0 0 0 0 -1 
1 -1 0 0 0 1 0 0 -3 
1 0 0 0 0 1 0 0 -400 
1 0 1 0 0 0 0 0 0 
1 1 -1 0 0 0 0 0 -1 
1 0 0 0 0 0 1 0 -300 
1 0 0 0 0 0 0 1 -500 
1 1 0 0 -1 0 0 0 -1 
1 0 0 0 1 0 0 0 0 
1 0 -1 0 1 0 0 0 -1 

--- Dep 14 from S3 to S4; satisfied: 0, sat level: -1; Type: WAW
on variable: B
Dependence polyhedron
8 8
0 -1 0 1 0 0 0 0 
1 1 0 0 0 0 0 -1 
1 -1 0 0 1 0 0 -3 
1 0 0 0 1 0 0 -400 
1 0 1 0 0 0 0 0 
1 1 -1 0 0 0 0 -1 
1 0 0 0 0 1 0 -300 
1 0 0 0 0 0 1 -500 

--- Dep 15 from S2 to S2; satisfied: 0, sat level: -1; Type: WAW
on variable: C
Dependence polyhedron
11 9
0 -1 0 1 0 0 0 0 0 
1 1 0 0 0 0 0 0 -1 
1 -1 0 0 0 1 0 0 -3 
1 0 0 0 0 1 0 0 -400 
1 0 1 0 0 0 0 0 0 
1 1 -1 0 0 0 0 0 -1 
1 0 0 0 0 0 1 0 -300 
1 0 0 0 0 0 0 1 -500 
1 1 0 0 -1 0 0 0 -1 
1 0 0 0 1 0 0 0 0 
1 0 -1 0 1 0 0 0 -1 


[zyj-debug] After affine transformations
T(S1): (4, zT1, i, 0, 0, 4, 0, 0)
loop types (scalar, loop, loop, scalar, scalar, scalar, scalar, scalar)

T(S2): (3, zT2, zT3, i, j, 0, 3, 0)
loop types (scalar, loop, loop, loop, loop, scalar, scalar, scalar)

T(S3): (1, zT2, zT3, k, i, 0, 2, 0)
loop types (scalar, loop, loop, loop, loop, scalar, scalar, scalar)

T(S4): (2, zT1, i, 0, 0, 1, 0, 0)
loop types (scalar, loop, loop, scalar, scalar, scalar, scalar, scalar)

T(S5): (4, zT1, l, 0, 0, 5, 0, 0)
loop types (scalar, loop, loop, scalar, scalar, scalar, scalar, scalar)

T(S6): (0, zT3, zT4, zT5, m, l, n, 0)
loop types (scalar, loop, loop, loop, loop, loop, loop, scalar)

t1 --> fwd_dep  scalar (band 0)no-ujam
t2 --> parallel loop   (band 0)no-ujam
t3 --> fwd_dep  loop   (band 0)no-ujam
t4 --> fwd_dep  loop   (band 0)no-ujam
t5 --> fwd_dep  loop   (band 0)no-ujam
t6 --> fwd_dep  loop   (band 0)no-ujam
t7 --> fwd_dep  loop   (band 0)no-ujam
t8 --> parallel scalar (band 0)no-ujam

