[plcg-info] Before affine transformations
nvar = 2, npar = 1
Parameters: PB_L 
S1 "A[i_1-1][i_0][i_0] = B[i_0] + C[i_0+1][0] + C[i_1][i_0] * A[i_1-2][i_0][i_0] - A[i_0-1][i_1+2][i_1+2] - 1;"
ndims: 2; orig_depth: 2
iterators: i_0, i_1
Index set
8 5
1 -1 0 1 -1 
1 1 0 0 -1 
1 0 0 1 -2 
1 0 1 0 -2 
1 1 -1 0 -1 
1 0 -1 1 -3 
1 1 0 0 -3 
1 0 0 1 -5 
T(S1): (0, -i_0, 0, i_1, 0)
loop types (loop, loop, loop, loop, loop)

Read accesses
B[i_0]
C[i_0+1][0]
C[i_1][i_0]
A[i_1-2][i_0][i_0]
A[i_0-1][i_1+2][i_1+2]
Write accesses
A[i_1-1][i_0][i_0]
Original loop: 0 -> yes
Original loop: 1 -> yes

--- Dep 1 from S1 to S1; satisfied: 0, sat level: -1; Type: RAW
on variable: A
Dependence polyhedron
Set #1
[5 dims; 5 constraints]
-i_0+i_1'+2 = 0
-i_0+i_0'+1 = 0
-i_0+i_1+1 = 0
-i_0+PB_L-2 >= 0
i_0-4 >= 0


--- Dep 2 from S1 to S1; satisfied: 0, sat level: -1; Type: RAW
on variable: A
Dependence polyhedron
Set #1
[5 dims; 6 constraints]
-i_1+i_1'-1 = 0
-i_0+i_0' = 0
-i_0+PB_L-1 >= 0
i_1-2 >= 0
i_0-i_1-2 >= 0
-i_1+PB_L-4 >= 0



[pluto] WARNING: working with original (identity) transformation (if they exist)
[plcg-info] After affine transformations
T(S1): (0, -i_0, 0, i_1, 0)
loop types (scalar, loop, scalar, loop, scalar)

t1 --> unknown  scalar (band -1)no-ujam
t2 --> unknown  loop   (band -1)no-ujam
t3 --> unknown  scalar (band -1)no-ujam
t4 --> unknown  loop   (band -1)no-ujam
t5 --> unknown  scalar (band -1)no-ujam

