[plcg-info] Before affine transformations
nvar = 1, npar = 1
Parameters: PB_L 
S1 "A[i_0+2] = B[i_0] * B[i_0] - C[i_0] * A[i_0] - 6;"
ndims: 1; orig_depth: 1
iterators: i_0
Index set
3 4
1 1 0 0 
1 -1 1 -3 
1 0 1 -3 
T(S1): (0, i_0, 0)
loop types (loop, loop, loop)

Read accesses
B[i_0]
B[i_0]
C[i_0]
A[i_0]
Write accesses
A[i_0+2]
Original loop: 0 -> yes

--- Dep 1 from S1 to S1; satisfied: 0, sat level: -1; Type: RAW
on variable: A
Dependence polyhedron
Set #1
[3 dims; 3 constraints]
-i_0+i_0'-2 = 0
i_0 >= 0
-i_0+PB_L-5 >= 0



[plcg-info] After affine transformations
T(S1): (i_0)
loop types (loop)

t1 --> unknown  loop   (band -1)no-ujam

