[plcg-info] Before affine transformations
nvar = 2, npar = 1
Parameters: PB_M 
S1 "A[i_1+i_0+2][i_0] = B[i_1+i_0][i_0] - C[i_1][i_1+i_0-2] + B[i_0][i_1+1] + A[i_1+i_0+3][i_0+1] - A[i_1+i_0+1][i_0] * 2;"
ndims: 2; orig_depth: 2
iterators: i_0, i_1
Index set
5 5
1 -1 0 1 -4 
1 1 0 0 -2 
1 0 0 1 -6 
1 0 1 0 0 
1 -1 -1 1 -4 
T(S1): (0, -i_0, 0, i_1, 0)
loop types (loop, loop, loop, loop, loop)

Read accesses
B[i_0+i_1][i_0]
C[i_1][i_0+i_1-2]
B[i_0][i_1+1]
A[i_0+i_1+3][i_0+1]
A[i_0+i_1+1][i_0]
Write accesses
A[i_0+i_1+2][i_0]
Original loop: 0 -> yes
Original loop: 1 -> yes

--- Dep 1 from S1 to S1; satisfied: 0, sat level: -1; Type: RAW
on variable: A
Dependence polyhedron
Set #1
[5 dims; 5 constraints]
-i_1+i_1'-1 = 0
-i_0+i_0' = 0
i_0-2 >= 0
i_1 >= 0
-i_0-i_1+PB_M-5 >= 0


--- Dep 2 from S1 to S1; satisfied: 0, sat level: -1; Type: RAW
on variable: A
Dependence polyhedron
Set #1
[5 dims; 5 constraints]
-i_1+i_1' = 0
-i_0+i_0'+1 = 0
i_0-3 >= 0
i_1 >= 0
-i_0-i_1+PB_M-4 >= 0



[pluto] WARNING: working with original (identity) transformation (if they exist)
[plcg-info] After affine transformations
T(S1): (0, -i_0/32+0/32, 0/32, i_1/32, -i_0, 0, i_1, 0)
loop types (scalar, loop, loop, loop, loop, scalar, loop, scalar)

t1 --> unknown  scalar (band -1)no-ujam
t2 --> unknown  loop   (band -1)no-ujam
t3 --> unknown  loop   (band -1)no-ujam
t4 --> unknown  loop   (band -1)no-ujam
t5 --> unknown  loop   (band -1)no-ujam
t6 --> unknown  scalar (band -1)no-ujam
t7 --> unknown  loop   (band -1)no-ujam
t8 --> unknown  scalar (band -1)no-ujam

