[plcg-info] Before affine transformations
nvar = 2, npar = 2
Parameters: PB_L PB_P 
S1 "A[i_0][i_1-1] = B[0] * B[i_1] * C[i_0][i_1+i_0] - A[i_1][i_0] + A[i_1][i_0-2] - 5;"
ndims: 2; orig_depth: 2
iterators: i_0, i_1
Index set
7 6
1 1 0 0 0 -2 
1 -1 0 1 0 -1 
1 0 0 1 0 -3 
1 0 1 0 0 -1 
1 -1 -1 0 1 -1 
1 1 -1 0 0 -1 
1 -1 0 0 1 -2 
T(S1): (0, i_0, 0, i_1, 0)
loop types (loop, loop, loop, loop, loop)

Read accesses
B[0]
B[i_1]
C[i_0][i_0+i_1]
A[i_1][i_0]
A[i_1][i_0-2]
Write accesses
A[i_0][i_1-1]
Original loop: 0 -> yes
Original loop: 1 -> yes

** No dependences **


[plcg-info] After affine transformations
T(S1): (i_0/32, i_1/32, i_1, i_0)
loop types (loop, loop, loop, loop)

t1 --> unknown  loop   (band -1)no-ujam
t2 --> unknown  loop   (band -1)no-ujam
t3 --> unknown  loop   (band -1)no-ujam
t4 --> unknown  loop   (band -1)no-ujam

