[plcg-info] Before affine transformations
nvar = 1, npar = 1
Parameters: PB_M 
S1 "A[i_0-1] = B[i_0] * B[i_0] - C[0] + A[i_0-2] - A[i_0] * 1;"
ndims: 1; orig_depth: 1
iterators: i_0
Index set
3 4
1 -1 1 -1 
1 1 0 -2 
1 0 1 -3 
T(S1): (0, -i_0, 0)
loop types (loop, loop, loop)

Read accesses
B[i_0]
B[i_0]
C[0]
A[i_0-2]
A[i_0]
Write accesses
A[i_0-1]
Original loop: 0 -> yes

--- Dep 1 from S1 to S1; satisfied: 0, sat level: -1; Type: RAW
on variable: A
Dependence polyhedron
Set #1
[3 dims; 3 constraints]
-i_0+i_0'+1 = 0
-i_0+PB_M-1 >= 0
i_0-3 >= 0


--- Dep 2 from S1 to S1; satisfied: 0, sat level: -1; Type: WAR
on variable: A
Dependence polyhedron
Set #1
[3 dims; 3 constraints]
-i_0+i_0'+1 = 0
-i_0+PB_M-1 >= 0
i_0-3 >= 0



[pluto] WARNING: working with original (identity) transformation (if they exist)
[plcg-info] After affine transformations
T(S1): (0, -i_0, 0)
loop types (scalar, loop, scalar)

t1 --> unknown  scalar (band -1)no-ujam
t2 --> unknown  loop   (band -1)no-ujam
t3 --> unknown  scalar (band -1)no-ujam

