[plcg-info] Before affine transformations
nvar = 2, npar = 1
Parameters: PB_M 
S1 "A[i_0][i_1] = B[i_1][i_0] + A[i_0][i_1-1] + 2;"
ndims: 2; orig_depth: 2
iterators: i_0, i_1
Index set
7 5
1 1 0 0 0 
1 -1 0 1 -1 
1 0 0 1 -1 
1 0 1 0 -1 
1 -1 1 0 0 
1 0 -1 1 -1 
1 0 0 1 -2 
T(S1): (0, i_0, 0, i_1, 0)
loop types (loop, loop, loop, loop, loop)

Read accesses
B[i_1][i_0]
A[i_0][i_1-1]
Write accesses
A[i_0][i_1]
Original loop: 0 -> yes
Original loop: 1 -> yes

--- Dep 1 from S1 to S1; satisfied: 0, sat level: -1; Type: RAW
on variable: A
Dependence polyhedron
Set #1
[5 dims; 6 constraints]
-i_1+i_1'-1 = 0
-i_0+i_0' = 0
i_0 >= 0
-i_0+i_1 >= 0
i_1-1 >= 0
-i_1+PB_M-2 >= 0



[plcg-info] After affine transformations
T(S1): (i_0/32, i_1/32, i_0, i_1)
loop types (loop, loop, loop, loop)

t1 --> unknown  loop   (band -1)no-ujam
t2 --> unknown  loop   (band -1)no-ujam
t3 --> unknown  loop   (band -1)no-ujam
t4 --> unknown  loop   (band -1)no-ujam

