[plcg-info] Before affine transformations
nvar = 2, npar = 2
Parameters: PB_L PB_M 
S1 "B[i_0][i_1] = C[i_1+i_0+1][i_1] + C[i_1+i_0+1][i_0] * D[i_0][i_1] * C[i_1+i_0][i_0+1] * B[i_0-1][i_1+2] - 2;"
ndims: 2; orig_depth: 2
iterators: i_0, i_1
Index set
7 6
1 1 0 0 0 -1 
1 -1 0 1 0 -2 
1 0 0 1 0 -3 
1 0 1 0 0 0 
1 -1 -1 0 1 -2 
1 0 -1 1 0 -3 
1 -1 0 0 1 -2 
T(S1): (0, i_0, 0, i_1, 0)
loop types (loop, loop, loop, loop, loop)

Read accesses
C[i_0+i_1+1][i_1]
C[i_0+i_1+1][i_0]
D[i_0][i_1]
C[i_0+i_1][i_0+1]
B[i_0-1][i_1+2]
Write accesses
B[i_0][i_1]
Original loop: 0 -> yes
Original loop: 1 -> yes

S2 "B[i_2-1][i_3] = D[i_2-1][i_3] + D[i_3][i_2-1] - 1;"
ndims: 2; orig_depth: 2
iterators: i_2, i_3
Index set
5 6
1 1 0 0 0 -1 
1 -1 0 1 0 0 
1 0 0 1 0 -1 
1 0 1 0 0 0 
1 0 -1 1 0 -1 
T(S2): (1, i_2, 0, i_3, 0)
loop types (loop, loop, loop, loop, loop)

Read accesses
D[i_2-1][i_3]
D[i_3][i_2-1]
Write accesses
B[i_2-1][i_3]
Original loop: 0 -> yes
Original loop: 1 -> yes

--- Dep 1 from S1 to S1; satisfied: 0, sat level: -1; Type: RAW
on variable: B
Dependence polyhedron
Set #1
[6 dims; 7 constraints]
-i_1+i_1'+2 = 0
-i_0+i_0'-1 = 0
i_0-1 >= 0
-i_0+PB_L-3 >= 0
i_1-2 >= 0
-i_0-i_1+PB_M-2 >= 0
-i_1+PB_L-3 >= 0


--- Dep 2 from S1 to S2; satisfied: 0, sat level: -1; Type: WAR
on variable: B
Dependence polyhedron
Set #1
[6 dims; 7 constraints]
-i_1+i_3'-2 = 0
-i_0+i_2' = 0
i_0-1 >= 0
-i_0+PB_L-2 >= 0
i_1 >= 0
-i_0-i_1+PB_M-2 >= 0
-i_1+PB_L-3 >= 0


--- Dep 3 from S1 to S2; satisfied: 0, sat level: -1; Type: WAW
on variable: B
Dependence polyhedron
Set #1
[6 dims; 7 constraints]
-i_1+i_3' = 0
-i_0+i_2'-1 = 0
i_0-1 >= 0
-i_0+PB_L-2 >= 0
i_1 >= 0
-i_0-i_1+PB_M-2 >= 0
-i_1+PB_L-3 >= 0



[plcg-info] After affine transformations
T(S1): (zT2, i_0/32, i_0, 2i_0+i_1+2, 0)
loop types (loop, loop, loop, loop, scalar)

T(S2): ((2i_2+i_3)/32, i_2/32, i_2, 2i_2+i_3, 1)
loop types (loop, loop, loop, loop, scalar)

t1 --> unknown  loop   (band -1)no-ujam
t2 --> unknown  loop   (band -1)no-ujam
t3 --> unknown  loop   (band -1)no-ujam
t4 --> unknown  loop   (band -1)no-ujam
t5 --> unknown  scalar (band -1)no-ujam

