[plcg-info] Before affine transformations
nvar = 2, npar = 3
Parameters: PB_P PB_M PB_L 
S1 "B[i_1][2] = C[i_1+1][i_0+1] * C[i_1][i_0] - 3;"
ndims: 2; orig_depth: 2
iterators: i_0, i_1
Index set
6 7
1 1 0 0 0 0 0 
1 -1 0 1 0 0 -2 
1 0 0 1 0 0 -2 
1 -1 1 0 0 0 0 
1 0 -1 0 1 0 -2 
1 -1 0 0 1 0 -2 
T(S1): (0, i_0, 0, i_1, 0)
loop types (loop, loop, loop, loop, loop)

Read accesses
C[i_1+1][i_0+1]
C[i_1][i_0]
Write accesses
B[i_1][2]
Original loop: 0 -> yes
Original loop: 1 -> yes

S2 "B[i_3][2] = B[i_3+2][2] + 2;"
ndims: 2; orig_depth: 2
iterators: i_2, i_3
Index set
6 7
1 1 0 0 0 0 0 
1 -1 0 0 0 1 -1 
1 0 0 0 0 1 -1 
1 0 1 0 0 0 0 
1 0 -1 0 0 1 -3 
1 0 0 0 0 1 -3 
T(S2): (1, i_2, 0, i_3, 0)
loop types (loop, loop, loop, loop, loop)

Read accesses
B[i_3+2][2]
Write accesses
B[i_3][2]
Original loop: 0 -> yes
Original loop: 1 -> yes

--- Dep 1 from S2 to S2; satisfied: 0, sat level: -1; Type: RAW
on variable: B
Dependence polyhedron
Set #1
[7 dims; 6 constraints]
-i_3+i_3'+2 = 0
i_2 >= 0
i_3-2 >= 0
-i_3+PB_L-3 >= 0
-i_2+i_2'-1 >= 0
-i_2'+PB_L-1 >= 0


--- Dep 2 from S1 to S2; satisfied: 0, sat level: -1; Type: RAW
on variable: B
Dependence polyhedron
Set #1
[7 dims; 9 constraints]
-i_1+i_3'+2 = 0
i_0 >= 0
-i_0+PB_P-2 >= 0
-i_0+i_1 >= 0
i_1-2 >= 0
-i_1+PB_L-1 >= 0
-i_1+PB_M-2 >= 0
i_2' >= 0
-i_2'+PB_L-1 >= 0


--- Dep 3 from S2 to S2; satisfied: 0, sat level: -1; Type: WAR
on variable: B
Dependence polyhedron
Set #1
[7 dims; 6 constraints]
-i_3+i_3'-2 = 0
i_2 >= 0
i_3 >= 0
-i_3+PB_L-5 >= 0
-i_2+i_2'-1 >= 0
-i_2'+PB_L-1 >= 0


--- Dep 4 from S2 to S2; satisfied: 0, sat level: -1; Type: WAR
on variable: B
Dependence polyhedron
Set #1
[7 dims; 6 constraints]
-i_3+i_3'-2 = 0
-i_2+i_2' = 0
i_2 >= 0
-i_2+PB_L-1 >= 0
i_3 >= 0
-i_3+PB_L-5 >= 0


--- Dep 5 from S2 to S2; satisfied: 0, sat level: -1; Type: WAW
on variable: B
Dependence polyhedron
Set #1
[7 dims; 6 constraints]
-i_3+i_3' = 0
i_2 >= 0
i_3 >= 0
-i_3+PB_L-3 >= 0
-i_2+i_2'-1 >= 0
-i_2'+PB_L-1 >= 0


--- Dep 6 from S1 to S1; satisfied: 0, sat level: -1; Type: WAW
on variable: B
Dependence polyhedron
Set #1
[7 dims; 6 constraints]
-i_1+i_1' = 0
i_0 >= 0
-i_1+PB_M-2 >= 0
-i_0+i_0'-1 >= 0
i_1-i_0' >= 0
-i_0'+PB_P-2 >= 0


--- Dep 7 from S1 to S2; satisfied: 0, sat level: -1; Type: WAW
on variable: B
Dependence polyhedron
Set #1
[7 dims; 8 constraints]
-i_1+i_3' = 0
i_0 >= 0
-i_0+PB_P-2 >= 0
-i_0+i_1 >= 0
-i_1+PB_L-3 >= 0
-i_1+PB_M-2 >= 0
i_2' >= 0
-i_2'+PB_L-1 >= 0



[plcg-info] After affine transformations
T(S1): (i_1/32+i_0/32, i_0/32, i_1, i_0, 0)
loop types (loop, loop, loop, loop, scalar)

T(S2): (zT2+zT3, zT3, 2i_2+i_3+2, 3i_2+i_3+2, 1)
loop types (loop, loop, loop, loop, scalar)

t1 --> unknown  loop   (band -1)no-ujam
t2 --> unknown  loop   (band -1)no-ujam
t3 --> unknown  loop   (band -1)no-ujam
t4 --> unknown  loop   (band -1)no-ujam
t5 --> unknown  scalar (band -1)no-ujam

