[plcg-info] Before affine transformations
nvar = 2, npar = 1
Parameters: PB_M 
S1 "B[i_0+2][i_0] = C[i_1+2][2] + 1;"
ndims: 2; orig_depth: 2
iterators: i_0, i_1
Index set
5 5
1 1 0 0 0 
1 -1 0 1 -3 
1 0 0 1 -3 
1 0 1 0 0 
1 0 -1 1 -3 
T(S1): (0, i_0, 0, i_1, 0)
loop types (loop, loop, loop, loop, loop)

Read accesses
C[i_1+2][2]
Write accesses
B[i_0+2][i_0]
Original loop: 0 -> yes
Original loop: 1 -> yes

S2 "B[i_2+2][i_2] = C[i_3-1][i_2] * B[i_2+1][i_2-1] - 5;"
ndims: 2; orig_depth: 2
iterators: i_2, i_3
Index set
6 5
1 1 0 0 -1 
1 -1 0 1 -3 
1 0 0 1 -4 
1 0 1 0 -1 
1 0 -1 1 0 
1 0 0 1 -1 
T(S2): (1, i_2, 0, i_3, 0)
loop types (loop, loop, loop, loop, loop)

Read accesses
C[i_3-1][i_2]
B[i_2+1][i_2-1]
Write accesses
B[i_2+2][i_2]
Original loop: 0 -> yes
Original loop: 1 -> yes

--- Dep 1 from S2 to S2; satisfied: 0, sat level: -1; Type: RAW
on variable: B
Dependence polyhedron
Set #1
[5 dims; 7 constraints]
-i_2+i_2'-1 = 0
i_2-1 >= 0
-i_2+PB_M-4 >= 0
i_3-1 >= 0
-i_3+PB_M >= 0
i_3'-1 >= 0
-i_3'+PB_M >= 0


--- Dep 2 from S1 to S2; satisfied: 0, sat level: -1; Type: RAW
on variable: B
Dependence polyhedron
Set #1
[5 dims; 7 constraints]
-i_0+i_2'-1 = 0
i_0 >= 0
-i_0+PB_M-4 >= 0
i_1 >= 0
-i_1+PB_M-3 >= 0
i_3'-1 >= 0
-i_3'+PB_M >= 0


--- Dep 3 from S2 to S2; satisfied: 0, sat level: -1; Type: WAW
on variable: B
Dependence polyhedron
Set #1
[5 dims; 6 constraints]
-i_2+i_2' = 0
i_2-1 >= 0
-i_2+PB_M-3 >= 0
i_3-1 >= 0
-i_3+i_3'-1 >= 0
-i_3'+PB_M >= 0


--- Dep 4 from S1 to S1; satisfied: 0, sat level: -1; Type: WAW
on variable: B
Dependence polyhedron
Set #1
[5 dims; 6 constraints]
-i_0+i_0' = 0
i_0 >= 0
-i_0+PB_M-3 >= 0
i_1 >= 0
-i_1+i_1'-1 >= 0
-i_1'+PB_M-3 >= 0


--- Dep 5 from S1 to S2; satisfied: 0, sat level: -1; Type: WAW
on variable: B
Dependence polyhedron
Set #1
[5 dims; 7 constraints]
-i_0+i_2' = 0
i_0-1 >= 0
-i_0+PB_M-3 >= 0
i_1 >= 0
-i_1+PB_M-3 >= 0
i_3'-1 >= 0
-i_3'+PB_M >= 0



[plcg-info] After affine transformations
T(S1): (i_0, 0, i_1)
loop types (loop, scalar, loop)

T(S2): (i_2, 1, i_3)
loop types (loop, scalar, loop)

t1 --> unknown  loop   (band -1)no-ujam
t2 --> unknown  scalar (band -1)no-ujam
t3 --> unknown  loop   (band -1)no-ujam

