[plcg-info] Before affine transformations
nvar = 2, npar = 2
Parameters: PB_M PB_N 
S1 "A[i_0][i_1] = C[i_1+2][i_0-1] - D[i_1-2] + D[i_1] - 3;"
ndims: 2; orig_depth: 2
iterators: i_0, i_1
Index set
6 6
1 1 0 0 0 -1 
1 -1 0 1 0 -1 
1 0 0 1 0 -2 
1 0 1 0 0 -2 
1 0 -1 0 1 -1 
1 0 0 0 1 -3 
T(S1): (0, i_0, 0, i_1, 0)
loop types (loop, loop, loop, loop, loop)

Read accesses
C[i_1+2][i_0-1]
D[i_1-2]
D[i_1]
Write accesses
A[i_0][i_1]
Original loop: 0 -> yes
Original loop: 1 -> yes

S2 "B[i_2-2] = D[i_2-2] + C[0][i_0] - B[i_2-4] * 3;"
ndims: 2; orig_depth: 2
iterators: i_0, i_2
Index set
6 6
1 1 0 0 0 -1 
1 -1 0 1 0 -1 
1 0 0 1 0 -2 
1 0 1 0 0 -4 
1 0 -1 0 1 1 
1 0 0 0 1 -3 
T(S2): (0, i_0, 1, i_2, 0)
loop types (loop, loop, loop, loop, loop)

Read accesses
D[i_2-2]
C[0][i_0]
B[i_2-4]
Write accesses
B[i_2-2]
Original loop: 0 -> yes
Original loop: 1 -> yes

--- Dep 1 from S2 to S2; satisfied: 0, sat level: -1; Type: RAW
on variable: B
Dependence polyhedron
Set #1
[6 dims; 6 constraints]
-i_2+i_2'-2 = 0
i_0-1 >= 0
i_2-4 >= 0
-i_2+PB_N-1 >= 0
-i_0+i_0'-1 >= 0
-i_0'+PB_M-1 >= 0


--- Dep 2 from S2 to S2; satisfied: 0, sat level: -1; Type: RAW
on variable: B
Dependence polyhedron
Set #1
[6 dims; 6 constraints]
-i_2+i_2'-2 = 0
-i_0+i_0' = 0
i_0-1 >= 0
-i_0+PB_M-1 >= 0
i_2-4 >= 0
-i_2+PB_N-1 >= 0


--- Dep 3 from S2 to S2; satisfied: 0, sat level: -1; Type: WAR
on variable: B
Dependence polyhedron
Set #1
[6 dims; 6 constraints]
-i_2+i_2'+2 = 0
i_0-1 >= 0
i_2-6 >= 0
-i_2+PB_N+1 >= 0
-i_0+i_0'-1 >= 0
-i_0'+PB_M-1 >= 0


--- Dep 4 from S2 to S2; satisfied: 0, sat level: -1; Type: WAW
on variable: B
Dependence polyhedron
Set #1
[6 dims; 6 constraints]
-i_2+i_2' = 0
i_0-1 >= 0
i_2-4 >= 0
-i_2+PB_N+1 >= 0
-i_0+i_0'-1 >= 0
-i_0'+PB_M-1 >= 0



[plcg-info] After affine transformations
T(S1): (i_0/32+i_1/32, i_1/32, i_0, i_1)
loop types (loop, loop, loop, loop)

T(S2): (i_0/32+(2i_0+i_2)/32, (2i_0+i_2)/32, i_0, 2i_0+i_2)
loop types (loop, loop, loop, loop)

t1 --> unknown  loop   (band -1)no-ujam
t2 --> unknown  loop   (band -1)no-ujam
t3 --> unknown  loop   (band -1)no-ujam
t4 --> unknown  loop   (band -1)no-ujam

