[plcg-info] Before affine transformations
nvar = 2, npar = 2
Parameters: PB_M PB_P 
S1 "A[i_0][i_1-1] = C[i_0][i_1] + C[i_0][i_1-1] - D[i_0] * C[i_1][i_0] - A[i_0-2][i_1-3] - 4;"
ndims: 2; orig_depth: 2
iterators: i_0, i_1
Index set
6 6
1 1 0 0 0 -2 
1 -1 0 1 0 -1 
1 0 0 1 0 -3 
1 0 1 0 0 -3 
1 0 -1 0 1 -1 
1 0 0 0 1 -4 
T(S1): (0, i_0, 0, i_1, 0)
loop types (loop, loop, loop, loop, loop)

Read accesses
C[i_0][i_1]
C[i_0][i_1-1]
D[i_0]
C[i_1][i_0]
A[i_0-2][i_1-3]
Write accesses
A[i_0][i_1-1]
Original loop: 0 -> yes
Original loop: 1 -> yes

S2 "B[i_0] = C[i_0][i_0-1] - E[i_0] + 1;"
ndims: 1; orig_depth: 1
iterators: i_0
Index set
3 5
1 1 0 0 -2 
1 -1 1 0 -1 
1 0 1 0 -3 
T(S2): (0, i_0, 1, 0, 0)
loop types (loop, loop, loop, scalar, scalar)

Read accesses
C[i_0][i_0-1]
E[i_0]
Write accesses
B[i_0]
Original loop: 0 -> yes

--- Dep 1 from S1 to S1; satisfied: 0, sat level: -1; Type: RAW
on variable: A
Dependence polyhedron
Set #1
[6 dims; 6 constraints]
-i_1+i_1'-2 = 0
-i_0+i_0'-2 = 0
i_0-2 >= 0
-i_0+PB_M-3 >= 0
i_1-3 >= 0
-i_1+PB_P-3 >= 0



[plcg-info] After affine transformations
T(S1): (i_0/32, i_1/32, i_0, i_1)
loop types (loop, loop, loop, loop)

T(S2): (i_0/32, 0, i_0, 0)
loop types (loop, scalar, loop, scalar)

t1 --> unknown  loop   (band -1)no-ujam
t2 --> unknown  loop   (band -1)no-ujam
t3 --> unknown  loop   (band -1)no-ujam
t4 --> unknown  loop   (band -1)no-ujam

