[plcg-info] Before affine transformations
nvar = 2, npar = 3
Parameters: PB_M PB_P PB_L 
S1 "A[i_0][i_1] = A[i_0-1][i_1] * A[i_0-1][i_1+1] * 3;"
ndims: 2; orig_depth: 2
iterators: i_0, i_1
Index set
7 7
1 1 0 0 0 0 -1 
1 -1 0 1 0 0 -1 
1 0 0 1 0 0 -2 
1 0 1 0 0 0 0 
1 1 -1 0 0 0 -1 
1 0 -1 0 1 0 -2 
1 0 0 0 1 0 -2 
T(S1): (0, i_0, 0, i_1, 0)
loop types (loop, loop, loop, loop, loop)

Read accesses
A[i_0-1][i_1]
A[i_0-1][i_1+1]
Write accesses
A[i_0][i_1]
Original loop: 0 -> yes
Original loop: 1 -> yes

S2 "A[i_3+1][i_2+2] = C[i_2][0] - C[i_3+1][i_2] - 6;"
ndims: 2; orig_depth: 2
iterators: i_2, i_3
Index set
6 7
1 1 0 0 0 0 0 
1 -1 0 0 0 1 -1 
1 0 0 0 0 1 -1 
1 0 1 0 0 0 0 
1 0 -1 1 0 0 -2 
1 0 0 1 0 0 -2 
T(S2): (1, i_2, 0, i_3, 0)
loop types (loop, loop, loop, loop, loop)

Read accesses
C[i_2][0]
C[i_3+1][i_2]
Write accesses
A[i_3+1][i_2+2]
Original loop: 0 -> yes
Original loop: 1 -> yes

--- Dep 1 from S1 to S1; satisfied: 0, sat level: -1; Type: RAW
on variable: A
Dependence polyhedron
Set #1
[7 dims; 6 constraints]
-i_1+i_1' = 0
-i_0+i_0'-1 = 0
-i_0+PB_M-2 >= 0
i_1 >= 0
i_0-i_1-1 >= 0
-i_1+PB_P-2 >= 0


--- Dep 2 from S1 to S1; satisfied: 0, sat level: -1; Type: RAW
on variable: A
Dependence polyhedron
Set #1
[7 dims; 6 constraints]
-i_1+i_1'+1 = 0
-i_0+i_0'-1 = 0
-i_0+PB_M-2 >= 0
i_1-1 >= 0
i_0-i_1-1 >= 0
-i_1+PB_P-2 >= 0


--- Dep 3 from S1 to S2; satisfied: 0, sat level: -1; Type: WAR
on variable: A
Dependence polyhedron
Set #1
[7 dims; 7 constraints]
-i_0+i_3'+2 = 0
-i_1+i_2'+2 = 0
-i_0+PB_M-1 >= 0
i_1-2 >= 0
i_0-i_1-1 >= 0
-i_1+PB_L+1 >= 0
-i_1+PB_P-2 >= 0


--- Dep 4 from S1 to S2; satisfied: 0, sat level: -1; Type: WAR
on variable: A
Dependence polyhedron
Set #1
[7 dims; 7 constraints]
-i_0+i_3'+2 = 0
-i_1+i_2'+1 = 0
-i_0+PB_M-1 >= 0
i_1-1 >= 0
i_0-i_1-1 >= 0
-i_1+PB_L >= 0
-i_1+PB_P-2 >= 0


--- Dep 5 from S1 to S2; satisfied: 0, sat level: -1; Type: WAW
on variable: A
Dependence polyhedron
Set #1
[7 dims; 7 constraints]
-i_0+i_3'+1 = 0
-i_1+i_2'+2 = 0
-i_0+PB_M-1 >= 0
i_1-2 >= 0
i_0-i_1-1 >= 0
-i_1+PB_L+1 >= 0
-i_1+PB_P-2 >= 0



[plcg-info] After affine transformations
T(S1): (zT2+(i_0+i_1)/32, (i_0+i_1)/32, i_0, i_0+i_1)
loop types (loop, loop, loop, loop)

T(S2): (-i_2/32+zT3, zT3, i_3+2, i_2+i_3+4)
loop types (loop, loop, loop, loop)

t1 --> unknown  loop   (band -1)no-ujam
t2 --> unknown  loop   (band -1)no-ujam
t3 --> unknown  loop   (band -1)no-ujam
t4 --> unknown  loop   (band -1)no-ujam

