[plcg-info] Before affine transformations
nvar = 2, npar = 3
Parameters: PB_M PB_L PB_P 
S1 "A[i_0+1] = C[i_0] - C[i_0] + C[i_0] + C[i_0-1] * C[i_0] + A[i_0] * 4;"
ndims: 1; orig_depth: 1
iterators: i_0
Index set
3 6
1 1 0 0 0 -1 
1 -1 1 0 0 -2 
1 0 1 0 0 -3 
T(S1): (0, i_0, 0, 0, 0)
loop types (loop, loop, loop, scalar, scalar)

Read accesses
C[i_0]
C[i_0]
C[i_0]
C[i_0-1]
C[i_0]
A[i_0]
Write accesses
A[i_0+1]
Original loop: 0 -> yes

S2 "B[i_2-1][i_1][i_2+1] = D[i_2][i_1+1] * A[i_1+1] + 5;"
ndims: 2; orig_depth: 2
iterators: i_1, i_2
Index set
6 7
1 1 0 0 0 0 0 
1 -1 0 0 1 0 -2 
1 0 0 0 1 0 -2 
1 0 1 0 0 0 -1 
1 0 -1 0 0 1 -2 
1 0 0 0 0 1 -3 
T(S2): (1, i_1, 0, i_2, 0)
loop types (loop, loop, loop, loop, loop)

Read accesses
D[i_2][i_1+1]
A[i_1+1]
Write accesses
B[i_2-1][i_1][i_2+1]
Original loop: 0 -> yes
Original loop: 1 -> yes

--- Dep 1 from S1 to S2; satisfied: 0, sat level: -1; Type: RAW
on variable: A
Dependence polyhedron
Set #1
[6 dims; 6 constraints]
-i_0+i_1' = 0
i_0-1 >= 0
-i_0+PB_L-2 >= 0
-i_0+PB_M-2 >= 0
i_2'-1 >= 0
-i_2'+PB_P-2 >= 0


--- Dep 2 from S1 to S1; satisfied: 0, sat level: -1; Type: RAW
on variable: A
Dependence polyhedron
Set #1
[5 dims; 3 constraints]
-i_0+i_0'-1 = 0
i_0-1 >= 0
-i_0+PB_M-3 >= 0



[plcg-info] After affine transformations
T(S1): (0, i_0, 0, 0, 0)
loop types (scalar, loop, scalar, scalar, scalar)

T(S2): (1, i_1/32, i_2/32, i_2, i_1)
loop types (scalar, loop, loop, loop, loop)

t1 --> unknown  scalar (band -1)no-ujam
t2 --> unknown  loop   (band -1)no-ujam
t3 --> unknown  loop   (band -1)no-ujam
t4 --> unknown  loop   (band -1)no-ujam
t5 --> unknown  loop   (band -1)no-ujam

