[plcg-info] Before affine transformations
nvar = 2, npar = 4
Parameters: PB_M PB_N PB_L PB_P 
S1 "A[i_1+i_0][i_0][i_1+1] = C[i_1+2][i_0] + A[i_1+i_0+2][i_0+2][i_1+1] * A[i_1+i_0-1][i_0][i_1] - 5;"
ndims: 2; orig_depth: 2
iterators: i_0, i_1
Index set
8 8
1 1 0 0 0 0 0 -1 
1 -1 0 1 0 0 0 -3 
1 0 0 1 0 0 0 -4 
1 0 1 0 0 0 0 0 
1 -1 -1 0 1 0 0 -3 
1 0 -1 0 0 1 0 -2 
1 -1 0 0 1 0 0 -3 
1 0 0 0 0 1 0 -2 
T(S1): (0, i_0, 0, i_1, 0)
loop types (loop, loop, loop, loop, loop)

Read accesses
C[i_1+2][i_0]
A[i_0+i_1+2][i_0+2][i_1+1]
A[i_0+i_1-1][i_0][i_1]
Write accesses
A[i_0+i_1][i_0][i_1+1]
Original loop: 0 -> yes
Original loop: 1 -> yes

S2 "B[i_3][i_2] = B[i_3+2][i_2+1] - B[i_3-2][i_2+1] * 1;"
ndims: 2; orig_depth: 2
iterators: i_2, i_3
Index set
6 8
1 1 0 0 0 0 0 0 
1 -1 0 0 0 0 1 -2 
1 0 0 0 0 0 1 -2 
1 0 1 0 0 0 0 -2 
1 0 -1 0 0 1 0 -3 
1 0 0 0 0 1 0 -5 
T(S2): (1, i_2, 0, i_3, 0)
loop types (loop, loop, loop, loop, loop)

Read accesses
B[i_3+2][i_2+1]
B[i_3-2][i_2+1]
Write accesses
B[i_3][i_2]
Original loop: 0 -> yes
Original loop: 1 -> yes

--- Dep 1 from S1 to S1; satisfied: 0, sat level: -1; Type: RAW
on variable: A
Dependence polyhedron
Set #1
[8 dims; 7 constraints]
-i_1+i_1'-1 = 0
-i_0+i_0' = 0
i_0-1 >= 0
-i_0+PB_M-3 >= 0
i_1 >= 0
-i_1+PB_L-3 >= 0
-i_0-i_1+PB_N-4 >= 0


--- Dep 2 from S1 to S1; satisfied: 0, sat level: -1; Type: WAR
on variable: A
Dependence polyhedron
Set #1
[8 dims; 7 constraints]
-i_1+i_1' = 0
-i_0+i_0'-2 = 0
i_0-1 >= 0
-i_0+PB_M-5 >= 0
i_1 >= 0
-i_1+PB_L-2 >= 0
-i_0-i_1+PB_N-5 >= 0


--- Dep 3 from S2 to S2; satisfied: 0, sat level: -1; Type: WAR
on variable: B
Dependence polyhedron
Set #1
[8 dims; 6 constraints]
-i_3+i_3'+2 = 0
-i_2+i_2'-1 = 0
i_2 >= 0
-i_2+PB_P-3 >= 0
i_3-4 >= 0
-i_3+PB_L-3 >= 0


--- Dep 4 from S2 to S2; satisfied: 0, sat level: -1; Type: WAR
on variable: B
Dependence polyhedron
Set #1
[8 dims; 6 constraints]
-i_3+i_3'-2 = 0
-i_2+i_2'-1 = 0
i_2 >= 0
-i_2+PB_P-3 >= 0
i_3-2 >= 0
-i_3+PB_L-5 >= 0



[plcg-info] After affine transformations
T(S1): (i_1/32+i_0/32, i_0/32, i_1, i_0)
loop types (loop, loop, loop, loop)

T(S2): (i_2/32+(2i_2+i_3)/32, (2i_2+i_3)/32, i_2, 2i_2+i_3)
loop types (loop, loop, loop, loop)

t1 --> unknown  loop   (band -1)no-ujam
t2 --> unknown  loop   (band -1)no-ujam
t3 --> unknown  loop   (band -1)no-ujam
t4 --> unknown  loop   (band -1)no-ujam

