[plcg-info] Before affine transformations
nvar = 2, npar = 1
Parameters: PB_M 
S1 "A[i_0] = C[i_0] - C[i_0] * C[i_0+2] * B[i_0][i_0] * 3;"
ndims: 1; orig_depth: 1
iterators: i_0
Index set
3 4
1 1 0 -1 
1 -1 1 -3 
1 0 1 -4 
T(S1): (0, i_0, 0, 0, 0)
loop types (loop, loop, loop, scalar, scalar)

Read accesses
C[i_0]
C[i_0]
C[i_0+2]
B[i_0][i_0]
Write accesses
A[i_0]
Original loop: 0 -> yes

S2 "B[i_0][i_0] = D[i_1][i_0-1] * C[i_0] * D[i_0][i_1] + A[i_1] * 1;"
ndims: 2; orig_depth: 2
iterators: i_0, i_1
Index set
6 5
1 1 0 0 -1 
1 -1 0 1 -3 
1 0 0 1 -4 
1 0 1 0 0 
1 0 -1 1 -1 
1 0 0 1 -1 
T(S2): (0, i_0, 1, i_1, 0)
loop types (loop, loop, loop, loop, loop)

Read accesses
D[i_1][i_0-1]
C[i_0]
D[i_0][i_1]
A[i_1]
Write accesses
B[i_0][i_0]
Original loop: 0 -> yes
Original loop: 1 -> yes

--- Dep 1 from S1 to S2; satisfied: 0, sat level: -1; Type: RAW
on variable: A
Dependence polyhedron
Set #1
[4 dims; 4 constraints]
-i_0+i_1' = 0
i_0-1 >= 0
-i_0+i_0' >= 0
-i_0'+PB_M-3 >= 0


--- Dep 2 from S1 to S2; satisfied: 0, sat level: -1; Type: WAR
on variable: B
Dependence polyhedron
Set #1
[4 dims; 5 constraints]
-i_0+i_0' = 0
i_0-1 >= 0
-i_0+PB_M-3 >= 0
i_1' >= 0
-i_1'+PB_M-1 >= 0


--- Dep 3 from S2 to S1; satisfied: 0, sat level: -1; Type: WAR
on variable: A
Dependence polyhedron
Set #1
[4 dims; 4 constraints]
-i_1+i_0' = 0
i_0-1 >= 0
-i_0+i_1-1 >= 0
-i_1+PB_M-3 >= 0


--- Dep 4 from S2 to S2; satisfied: 0, sat level: -1; Type: WAW
on variable: B
Dependence polyhedron
Set #1
[5 dims; 6 constraints]
-i_0+i_0' = 0
i_0-1 >= 0
-i_0+PB_M-3 >= 0
i_1 >= 0
-i_1+i_1'-1 >= 0
-i_1'+PB_M-1 >= 0



[plcg-info] After affine transformations
T(S1): (i_0, 0, 0)
loop types (loop, scalar, scalar)

T(S2): (i_0, i_1, 1)
loop types (loop, loop, scalar)

t1 --> unknown  loop   (band -1)no-ujam
t2 --> unknown  loop   (band -1)no-ujam
t3 --> unknown  scalar (band -1)no-ujam

