[plcg-info] Before affine transformations
nvar = 2, npar = 3
Parameters: PB_L PB_P PB_N 
S1 "A[i_1][i_0] = C[i_0][i_1][i_0] + D[i_1] + B[i_0+2][i_0] - 2;"
ndims: 2; orig_depth: 2
iterators: i_0, i_1
Index set
6 7
1 1 0 0 0 0 -2 
1 -1 0 1 0 0 -1 
1 0 0 1 0 0 -3 
1 0 1 0 0 0 0 
1 0 -1 1 0 0 -1 
1 0 0 1 0 0 -1 
T(S1): (0, i_0, 0, i_1, 0)
loop types (loop, loop, loop, loop, loop)

Read accesses
C[i_0][i_1][i_0]
D[i_1]
B[i_0+2][i_0]
Write accesses
A[i_1][i_0]
Original loop: 0 -> yes
Original loop: 1 -> yes

S2 "B[i_0+2][i_0] = E[i_2-2][i_0-1] + E[i_0][i_2] - F[i_2][i_0-2] * F[i_0][i_2+i_0] - 1;"
ndims: 2; orig_depth: 2
iterators: i_0, i_2
Index set
8 7
1 1 0 0 0 0 -2 
1 -1 0 1 0 0 -1 
1 0 0 1 0 0 -3 
1 0 1 0 0 0 -2 
1 -1 -1 0 1 0 -1 
1 0 -1 0 0 1 1 
1 -1 0 0 1 0 -3 
1 0 0 0 0 1 -1 
T(S2): (0, i_0, 1, i_2, 0)
loop types (loop, loop, loop, loop, loop)

Read accesses
E[i_2-2][i_0-1]
E[i_0][i_2]
F[i_2][i_0-2]
F[i_0][i_0+i_2]
Write accesses
B[i_0+2][i_0]
Original loop: 0 -> yes
Original loop: 1 -> yes

--- Dep 1 from S1 to S2; satisfied: 0, sat level: -1; Type: WAR
on variable: B
Dependence polyhedron
Set #1
[7 dims; 8 constraints]
-i_0+i_0' = 0
i_0-2 >= 0
-i_0+PB_L-1 >= 0
i_1 >= 0
-i_1+PB_L-1 >= 0
i_2'-2 >= 0
-i_2'+PB_N+1 >= 0
-i_0-i_2'+PB_P-1 >= 0


--- Dep 2 from S2 to S2; satisfied: 0, sat level: -1; Type: WAW
on variable: B
Dependence polyhedron
Set #1
[7 dims; 7 constraints]
-i_0+i_0' = 0
i_0-2 >= 0
-i_0+PB_L-1 >= 0
i_2-2 >= 0
-i_2+i_2'-1 >= 0
-i_2'+PB_N+1 >= 0
-i_0-i_2'+PB_P-1 >= 0



[plcg-info] After affine transformations
T(S1): (i_0/32, 0, i_1/32, i_0, 0, i_1)
loop types (loop, scalar, loop, loop, scalar, loop)

T(S2): (i_0/32, 1, i_2/32, i_0, 1, i_2)
loop types (loop, scalar, loop, loop, scalar, loop)

t1 --> unknown  loop   (band -1)no-ujam
t2 --> unknown  scalar (band -1)no-ujam
t3 --> unknown  loop   (band -1)no-ujam
t4 --> unknown  loop   (band -1)no-ujam
t5 --> unknown  scalar (band -1)no-ujam
t6 --> unknown  loop   (band -1)no-ujam

