[plcg-info] Before affine transformations
nvar = 2, npar = 3
Parameters: PB_M PB_L PB_P 
S1 "A[i_0][i_1+1][i_1] = A[i_0-1][i_1+1][i_1] * 2;"
ndims: 2; orig_depth: 2
iterators: i_0, i_1
Index set
6 7
1 1 0 0 0 0 -1 
1 -1 0 1 0 0 -1 
1 0 0 1 0 0 -2 
1 0 1 0 0 0 0 
1 0 -1 0 1 0 -2 
1 0 0 0 1 0 -2 
T(S1): (0, i_0, 0, i_1, 0)
loop types (loop, loop, loop, loop, loop)

Read accesses
A[i_0-1][i_1+1][i_1]
Write accesses
A[i_0][i_1+1][i_1]
Original loop: 0 -> yes
Original loop: 1 -> yes

S2 "B[i_2][i_3] = C[i_2] + 4;"
ndims: 2; orig_depth: 2
iterators: i_2, i_3
Index set
6 7
1 1 0 0 0 0 0 
1 -1 0 0 1 0 -1 
1 0 0 0 1 0 -1 
1 0 1 0 0 0 0 
1 0 -1 0 0 1 -1 
1 0 0 0 0 1 -1 
T(S2): (1, i_2, 0, i_3, 0)
loop types (loop, loop, loop, loop, loop)

Read accesses
C[i_2]
Write accesses
B[i_2][i_3]
Original loop: 0 -> yes
Original loop: 1 -> yes

--- Dep 1 from S1 to S1; satisfied: 0, sat level: -1; Type: RAW
on variable: A
Dependence polyhedron
Set #1
[7 dims; 6 constraints]
-i_1+i_1' = 0
-i_0+i_0'-1 = 0
i_0-1 >= 0
-i_0+PB_M-2 >= 0
i_1 >= 0
-i_1+PB_L-2 >= 0



[plcg-info] After affine transformations
T(S1): (i_1/32, i_0/32, i_1, i_0)
loop types (loop, loop, loop, loop)

T(S2): (i_2/32, i_3/32, i_2, i_3)
loop types (loop, loop, loop, loop)

t1 --> unknown  loop   (band -1)no-ujam
t2 --> unknown  loop   (band -1)no-ujam
t3 --> unknown  loop   (band -1)no-ujam
t4 --> unknown  loop   (band -1)no-ujam

