[plcg-info] Before affine transformations
nvar = 2, npar = 2
Parameters: PB_L PB_P 
S1 "B[i_0][i_0+1] = C[i_0+1] + C[i_0] - D[i_0] + C[i_0] * D[i_0] - 3;"
ndims: 1; orig_depth: 1
iterators: i_0
Index set
3 5
1 1 0 0 0 
1 -1 1 0 -2 
1 0 1 0 -2 
T(S1): (0, i_0, 0, 0, 0)
loop types (loop, loop, loop, scalar, scalar)

Read accesses
C[i_0+1]
C[i_0]
D[i_0]
C[i_0]
D[i_0]
Write accesses
B[i_0][i_0+1]
Original loop: 0 -> yes

S2 "B[i_1][i_1+1] = E[i_2][i_1][i_1] - B[i_1-2][i_1-1] - B[i_2-1][i_2] * 2;"
ndims: 2; orig_depth: 2
iterators: i_1, i_2
Index set
6 6
1 1 0 0 0 -2 
1 -1 0 0 1 -1 
1 0 0 0 1 -3 
1 0 1 0 0 -1 
1 0 -1 1 0 -1 
1 0 0 1 0 -2 
T(S2): (1, i_1, 0, i_2, 0)
loop types (loop, loop, loop, loop, loop)

Read accesses
E[i_2][i_1][i_1]
B[i_1-2][i_1-1]
B[i_2-1][i_2]
Write accesses
B[i_1][i_1+1]
Original loop: 0 -> yes
Original loop: 1 -> yes

--- Dep 1 from S2 to S2; satisfied: 0, sat level: -1; Type: RAW
on variable: B
Dependence polyhedron
Set #1
[6 dims; 7 constraints]
-i_1+i_1'-2 = 0
i_1-2 >= 0
-i_1+PB_P-3 >= 0
i_2-1 >= 0
-i_2+PB_L-1 >= 0
i_2'-1 >= 0
-i_2'+PB_L-1 >= 0


--- Dep 2 from S1 to S2; satisfied: 0, sat level: -1; Type: RAW
on variable: B
Dependence polyhedron
Set #1
[5 dims; 6 constraints]
-i_0+i_1'-2 = 0
i_0 >= 0
-i_0+PB_P-3 >= 0
-i_0+PB_L-2 >= 0
i_2'-1 >= 0
-i_2'+PB_L-1 >= 0


--- Dep 3 from S1 to S2; satisfied: 0, sat level: -1; Type: RAW
on variable: B
Dependence polyhedron
Set #1
[5 dims; 5 constraints]
-i_0+i_2'-1 = 0
i_0 >= 0
-i_0+PB_L-2 >= 0
i_1'-2 >= 0
-i_1'+PB_P-1 >= 0


--- Dep 4 from S2 to S2; satisfied: 0, sat level: -1; Type: RAW
on variable: B
Dependence polyhedron
Set #1
[6 dims; 7 constraints]
-i_1+i_2'-1 = 0
i_1-2 >= 0
-i_1+PB_L-2 >= 0
i_2-1 >= 0
-i_2+PB_L-1 >= 0
-i_1+i_1'-1 >= 0
-i_1'+PB_P-1 >= 0


--- Dep 5 from S2 to S2; satisfied: 0, sat level: -1; Type: RAW
on variable: B
Dependence polyhedron
Set #1
[6 dims; 7 constraints]
-i_1+i_2'-1 = 0
-i_1+i_1' = 0
i_1-2 >= 0
-i_1+PB_P-1 >= 0
-i_1+PB_L-2 >= 0
i_2-1 >= 0
i_1-i_2 >= 0


--- Dep 6 from S2 to S2; satisfied: 0, sat level: -1; Type: WAR
on variable: B
Dependence polyhedron
Set #1
[6 dims; 7 constraints]
-i_2+i_1'+1 = 0
i_1-2 >= 0
-i_1+i_2-2 >= 0
-i_2+PB_P >= 0
-i_2+PB_L-1 >= 0
i_2'-1 >= 0
-i_2'+PB_L-1 >= 0


--- Dep 7 from S2 to S2; satisfied: 0, sat level: -1; Type: WAR
on variable: B
Dependence polyhedron
Set #1
[6 dims; 6 constraints]
-i_1+i_1' = 0
-i_1+i_2-1 = 0
i_1-2 >= 0
-i_1+PB_P-1 >= 0
-i_1+i_2'-2 >= 0
-i_2'+PB_L-1 >= 0


--- Dep 8 from S1 to S2; satisfied: 0, sat level: -1; Type: WAW
on variable: B
Dependence polyhedron
Set #1
[5 dims; 6 constraints]
-i_0+i_1' = 0
i_0-2 >= 0
-i_0+PB_P-1 >= 0
-i_0+PB_L-2 >= 0
i_2'-1 >= 0
-i_2'+PB_L-1 >= 0


--- Dep 9 from S2 to S2; satisfied: 0, sat level: -1; Type: WAW
on variable: B
Dependence polyhedron
Set #1
[6 dims; 6 constraints]
-i_1+i_1' = 0
i_1-2 >= 0
-i_1+PB_P-1 >= 0
i_2-1 >= 0
-i_2+i_2'-1 >= 0
-i_2'+PB_L-1 >= 0



[plcg-info] After affine transformations
T(S1): (0, i_0/32, i_0, 0)
loop types (scalar, loop, loop, scalar)

T(S2): (1, i_1, i_2, 0)
loop types (scalar, loop, loop, scalar)

t1 --> unknown  scalar (band -1)no-ujam
t2 --> unknown  loop   (band -1)no-ujam
t3 --> unknown  loop   (band -1)no-ujam
t4 --> unknown  scalar (band -1)no-ujam

