[plcg-info] Before affine transformations
nvar = 2, npar = 2
Parameters: PB_N PB_L 
S1 "A[i_0][i_1] = C[i_0-1][i_1-1] * B[i_0-1][1] * B[i_0][1] * 4;"
ndims: 2; orig_depth: 2
iterators: i_0, i_1
Index set
6 6
1 1 0 0 0 -1 
1 -1 0 1 0 0 
1 0 0 1 0 -1 
1 -1 1 0 0 0 
1 0 -1 0 1 0 
1 -1 0 0 1 0 
T(S1): (0, i_0, 0, i_1, 0)
loop types (loop, loop, loop, loop, loop)

Read accesses
C[i_0-1][i_1-1]
B[i_0-1][1]
B[i_0][1]
Write accesses
A[i_0][i_1]
Original loop: 0 -> yes
Original loop: 1 -> yes

S2 "B[i_0][1] = D[i_1-1] + 6;"
ndims: 2; orig_depth: 2
iterators: i_0, i_1
Index set
6 6
1 1 0 0 0 -1 
1 -1 0 1 0 0 
1 0 0 1 0 -1 
1 -1 1 0 0 0 
1 0 -1 0 1 0 
1 -1 0 0 1 0 
T(S2): (0, i_0, 0, i_1, 1)
loop types (loop, loop, loop, loop, loop)

Read accesses
D[i_1-1]
Write accesses
B[i_0][1]
Original loop: 0 -> yes
Original loop: 1 -> yes

--- Dep 1 from S2 to S1; satisfied: 0, sat level: -1; Type: RAW
on variable: B
Dependence polyhedron
Set #1
[6 dims; 7 constraints]
-i_0+i_0'-1 = 0
i_0-1 >= 0
-i_0+PB_N-1 >= 0
-i_0+i_1 >= 0
-i_1+PB_L >= 0
-i_0+i_1'-1 >= 0
-i_1'+PB_L >= 0


--- Dep 2 from S2 to S1; satisfied: 0, sat level: -1; Type: RAW
on variable: B
Dependence polyhedron
Set #1
[6 dims; 6 constraints]
-i_0+i_0' = 0
i_0-1 >= 0
-i_0+PB_N >= 0
-i_0+i_1 >= 0
-i_1+i_1'-1 >= 0
-i_1'+PB_L >= 0


--- Dep 3 from S1 to S2; satisfied: 0, sat level: -1; Type: WAR
on variable: B
Dependence polyhedron
Set #1
[6 dims; 6 constraints]
-i_0+i_0' = 0
i_0-1 >= 0
-i_0+PB_N >= 0
-i_0+i_1 >= 0
-i_1+i_1' >= 0
-i_1'+PB_L >= 0


--- Dep 4 from S2 to S2; satisfied: 0, sat level: -1; Type: WAW
on variable: B
Dependence polyhedron
Set #1
[6 dims; 6 constraints]
-i_0+i_0' = 0
i_0-1 >= 0
-i_0+PB_N >= 0
-i_0+i_1 >= 0
-i_1+i_1'-1 >= 0
-i_1'+PB_L >= 0



[plcg-info] After affine transformations
T(S1): (i_0, i_1, 0)
loop types (loop, loop, scalar)

T(S2): (i_0, i_1, 1)
loop types (loop, loop, scalar)

t1 --> unknown  loop   (band -1)no-ujam
t2 --> unknown  loop   (band -1)no-ujam
t3 --> unknown  scalar (band -1)no-ujam

