[plcg-info] Before affine transformations
nvar = 2, npar = 2
Parameters: PB_M PB_Q 
S1 "A[i_0+2][i_1-1] = C[i_1][i_0] - D[i_1+1] * E[i_0][i_1] + A[i_0+2][i_1] + A[i_0+3][i_1-1] - A[i_0+2][i_1-2] * A[i_0+3][i_1] - 6;"
ndims: 2; orig_depth: 2
iterators: i_0, i_1
Index set
7 6
1 1 0 0 0 0 
1 -1 0 1 0 -1 
1 0 0 1 0 -1 
1 0 1 0 0 -2 
1 -1 1 0 0 0 
1 0 -1 0 1 -1 
1 0 0 0 1 -3 
T(S1): (0, i_0, 0, i_1, 0)
loop types (loop, loop, loop, loop, loop)

Read accesses
C[i_1][i_0]
D[i_1+1]
E[i_0][i_1]
A[i_0+2][i_1]
A[i_0+3][i_1-1]
A[i_0+2][i_1-2]
A[i_0+3][i_1]
Write accesses
A[i_0+2][i_1-1]
Original loop: 0 -> yes
Original loop: 1 -> yes

S2 "B[i_2+2] = E[i_2][0] - D[i_2] * 6;"
ndims: 1; orig_depth: 1
iterators: i_2
Index set
3 5
1 1 0 0 0 
1 -1 1 0 -3 
1 0 1 0 -3 
T(S2): (1, i_2, 0, 0, 0)
loop types (loop, loop, loop, scalar, scalar)

Read accesses
E[i_2][0]
D[i_2]
Write accesses
B[i_2+2]
Original loop: 0 -> yes

--- Dep 1 from S1 to S1; satisfied: 0, sat level: -1; Type: RAW
on variable: A
Dependence polyhedron
Set #1
[6 dims; 7 constraints]
-i_1+i_1'-1 = 0
-i_0+i_0' = 0
i_0 >= 0
-i_0+PB_M-1 >= 0
-i_0+i_1 >= 0
i_1-2 >= 0
-i_1+PB_Q-2 >= 0


--- Dep 2 from S1 to S1; satisfied: 0, sat level: -1; Type: WAR
on variable: A
Dependence polyhedron
Set #1
[6 dims; 7 constraints]
-i_1+i_1'-1 = 0
-i_0+i_0'-1 = 0
i_0 >= 0
-i_0+PB_M-2 >= 0
-i_0+i_1 >= 0
i_1-2 >= 0
-i_1+PB_Q-2 >= 0


--- Dep 3 from S1 to S1; satisfied: 0, sat level: -1; Type: WAR
on variable: A
Dependence polyhedron
Set #1
[6 dims; 7 constraints]
-i_1+i_1'-1 = 0
-i_0+i_0' = 0
i_0 >= 0
-i_0+PB_M-1 >= 0
-i_0+i_1 >= 0
i_1-2 >= 0
-i_1+PB_Q-2 >= 0


--- Dep 4 from S1 to S1; satisfied: 0, sat level: -1; Type: WAR
on variable: A
Dependence polyhedron
Set #1
[6 dims; 7 constraints]
-i_1+i_1' = 0
-i_0+i_0'-1 = 0
i_0 >= 0
-i_0+PB_M-2 >= 0
-i_0+i_1-1 >= 0
i_1-2 >= 0
-i_1+PB_Q-1 >= 0



[plcg-info] After affine transformations
T(S1): (i_0/32, i_1/32, i_0, i_1)
loop types (loop, loop, loop, loop)

T(S2): (i_2/32, 0, i_2, 0)
loop types (loop, scalar, loop, scalar)

t1 --> unknown  loop   (band -1)no-ujam
t2 --> unknown  loop   (band -1)no-ujam
t3 --> unknown  loop   (band -1)no-ujam
t4 --> unknown  loop   (band -1)no-ujam

