[plcg-info] Before affine transformations
nvar = 2, npar = 2
Parameters: PB_N PB_L 
S1 "A[i_0-2][i_1+1] = C[i_0][i_1+1] + D[i_1+i_0-1] * C[i_1+i_0+1][0] - A[i_1-1][i_0+2] + 5;"
ndims: 2; orig_depth: 2
iterators: i_0, i_1
Index set
6 6
1 1 0 0 0 -2 
1 -1 0 1 0 -2 
1 0 0 1 0 -4 
1 0 1 0 0 -1 
1 -1 -1 1 0 -2 
1 -1 0 1 0 -3 
T(S1): (0, i_0, 0, i_1, 0)
loop types (loop, loop, loop, loop, loop)

Read accesses
C[i_0][i_1+1]
D[i_0+i_1-1]
C[i_0+i_1+1][0]
A[i_1-1][i_0+2]
Write accesses
A[i_0-2][i_1+1]
Original loop: 0 -> yes
Original loop: 1 -> yes

S2 "B[i_2-2] = E[i_2] + E[i_2] * D[i_2] * 1;"
ndims: 1; orig_depth: 1
iterators: i_2
Index set
3 5
1 1 0 0 -2 
1 -1 0 1 -1 
1 0 0 1 -3 
T(S2): (1, i_2, 0, 0, 0)
loop types (loop, loop, loop, scalar, scalar)

Read accesses
E[i_2]
E[i_2]
D[i_2]
Write accesses
B[i_2-2]
Original loop: 0 -> yes

--- Dep 1 from S1 to S1; satisfied: 0, sat level: -1; Type: RAW
on variable: A
Dependence polyhedron
Set #1
[6 dims; 5 constraints]
-i_0+i_1'+1 = 0
-i_1+i_0'+1 = 0
i_0-2 >= 0
-i_0+i_1-2 >= 0
-i_0-i_1+PB_N-2 >= 0


--- Dep 2 from S1 to S1; satisfied: 0, sat level: -1; Type: WAR
on variable: A
Dependence polyhedron
Set #1
[6 dims; 5 constraints]
-i_0+i_1'-1 = 0
-i_1+i_0'-1 = 0
i_0-2 >= 0
-i_0+i_1 >= 0
-i_0-i_1+PB_N-4 >= 0


--- Dep 3 from S1 to S1; satisfied: 0, sat level: -1; Type: WAR
on variable: A
Dependence polyhedron
Set #1
[6 dims; 5 constraints]
-i_0+i_1'-1 = 0
-i_0+i_0' = 0
-i_0+i_1+1 = 0
i_0-2 >= 0
-2i_0+PB_N-3 >= 0



[plcg-info] After affine transformations
T(S1): (i_0/32, (3i_0+i_1)/32, i_0, 3i_0+i_1)
loop types (loop, loop, loop, loop)

T(S2): (i_2/32, 0, i_2, 0)
loop types (loop, scalar, loop, scalar)

t1 --> unknown  loop   (band -1)no-ujam
t2 --> unknown  loop   (band -1)no-ujam
t3 --> unknown  loop   (band -1)no-ujam
t4 --> unknown  loop   (band -1)no-ujam

