[plcg-info] Before affine transformations
nvar = 2, npar = 1
Parameters: PB_L 
S1 "A[i_0][i_1-1] = C[0] * A[i_0-1][i_1] - B[i_1+i_0-2][i_1+i_0-1] + 4;"
ndims: 2; orig_depth: 2
iterators: i_0, i_1
Index set
5 5
1 1 0 0 -2 
1 -1 0 1 -1 
1 0 0 1 -3 
1 0 1 0 -1 
1 -1 -1 1 0 
T(S1): (0, i_0, 0, i_1, 0)
loop types (loop, loop, loop, loop, loop)

Read accesses
C[0]
A[i_0-1][i_1]
B[i_0+i_1-2][i_0+i_1-1]
Write accesses
A[i_0][i_1-1]
Original loop: 0 -> yes
Original loop: 1 -> yes

S2 "B[i_2+i_0-1][i_2+i_0] = C[i_0] * D[i_2][i_0-1] * C[i_2] - E[i_0+1] * 4;"
ndims: 2; orig_depth: 2
iterators: i_0, i_2
Index set
7 5
1 1 0 0 -2 
1 -1 0 1 -1 
1 0 0 1 -3 
1 0 1 0 0 
1 -1 -1 1 -1 
1 1 -1 0 -1 
1 1 0 0 -1 
T(S2): (0, i_0, 1, i_2, 0)
loop types (loop, loop, loop, loop, loop)

Read accesses
C[i_0]
D[i_2][i_0-1]
C[i_2]
E[i_0+1]
Write accesses
B[i_0+i_2-1][i_0+i_2]
Original loop: 0 -> yes
Original loop: 1 -> yes

--- Dep 1 from S2 to S1; satisfied: 0, sat level: -1; Type: RAW
on variable: B
Dependence polyhedron
Set #1
[5 dims; 5 constraints]
-i_0-i_2+i_0'+i_1'-1 = 0
i_0-i_2-1 >= 0
-i_0-i_2+PB_L-1 >= 0
-i_0+i_0'-1 >= 0
i_0+i_2-i_0' >= 0


--- Dep 2 from S1 to S1; satisfied: 0, sat level: -1; Type: RAW
on variable: A
Dependence polyhedron
Set #1
[5 dims; 5 constraints]
-i_1+i_1'+1 = 0
-i_0+i_0'-1 = 0
i_0-2 >= 0
i_1-2 >= 0
-i_0-i_1+PB_L >= 0


--- Dep 3 from S1 to S2; satisfied: 0, sat level: -1; Type: WAR
on variable: B
Dependence polyhedron
Set #1
[5 dims; 6 constraints]
-i_0-i_1+i_0'+i_2'+1 = 0
i_0-2 >= 0
-i_0-i_1+PB_L >= 0
-i_0+i_0' >= 0
i_0+i_1-i_0'-1 >= 0
-i_0-i_1+2i_0' >= 0


--- Dep 4 from S2 to S2; satisfied: 0, sat level: -1; Type: WAW
on variable: B
Dependence polyhedron
Set #1
[5 dims; 5 constraints]
-i_0-i_2+i_0'+i_2' = 0
i_0-i_2-1 >= 0
-i_0-i_2+PB_L-1 >= 0
-i_0+i_0'-1 >= 0
i_0+i_2-i_0' >= 0



[plcg-info] After affine transformations
T(S1): ((i_0+i_1)/32, i_0/32, i_0, i_0+i_1, 0)
loop types (loop, loop, loop, loop, scalar)

T(S2): (zT2, i_0/32, i_0, i_0+i_2+1, 1)
loop types (loop, loop, loop, loop, scalar)

t1 --> unknown  loop   (band -1)no-ujam
t2 --> unknown  loop   (band -1)no-ujam
t3 --> unknown  loop   (band -1)no-ujam
t4 --> unknown  loop   (band -1)no-ujam
t5 --> unknown  scalar (band -1)no-ujam

