[plcg-info] Before affine transformations
nvar = 2, npar = 4
Parameters: PB_P PB_L PB_N PB_M 
S1 "A[i_1] = C[i_1][i_0-2] - D[i_1] - 2;"
ndims: 2; orig_depth: 2
iterators: i_0, i_1
Index set
6 8
1 1 0 0 0 0 0 -2 
1 -1 0 1 0 0 0 1 
1 0 0 1 0 0 0 -1 
1 0 1 0 0 0 0 0 
1 0 -1 0 1 0 0 -1 
1 0 0 0 1 0 0 -1 
T(S1): (0, i_0, 0, i_1, 0)
loop types (loop, loop, loop, loop, loop)

Read accesses
C[i_1][i_0-2]
D[i_1]
Write accesses
A[i_1]
Original loop: 0 -> yes
Original loop: 1 -> yes

S2 "B[i_2][i_3-1] = B[i_2][i_3-2] - 2;"
ndims: 2; orig_depth: 2
iterators: i_2, i_3
Index set
6 8
1 1 0 0 0 0 0 0 
1 -1 0 0 0 1 0 -1 
1 0 0 0 0 1 0 -1 
1 0 1 0 0 0 0 -2 
1 0 -1 0 0 0 1 0 
1 0 0 0 0 0 1 -2 
T(S2): (1, i_2, 0, i_3, 0)
loop types (loop, loop, loop, loop, loop)

Read accesses
B[i_2][i_3-2]
Write accesses
B[i_2][i_3-1]
Original loop: 0 -> yes
Original loop: 1 -> yes

--- Dep 1 from S2 to S2; satisfied: 0, sat level: -1; Type: RAW
on variable: B
Dependence polyhedron
Set #1
[8 dims; 6 constraints]
-i_3+i_3'-1 = 0
-i_2+i_2' = 0
i_2 >= 0
-i_2+PB_N-1 >= 0
i_3-2 >= 0
-i_3+PB_M-1 >= 0


--- Dep 2 from S1 to S1; satisfied: 0, sat level: -1; Type: WAW
on variable: A
Dependence polyhedron
Set #1
[8 dims; 6 constraints]
-i_1+i_1' = 0
i_0-2 >= 0
i_1 >= 0
-i_1+PB_L-1 >= 0
-i_0+i_0'-1 >= 0
-i_0'+PB_P+1 >= 0



[plcg-info] After affine transformations
T(S1): (i_1/32, i_0/32, i_1, i_0)
loop types (loop, loop, loop, loop)

T(S2): (i_2/32, i_3/32, i_2, i_3)
loop types (loop, loop, loop, loop)

t1 --> unknown  loop   (band -1)no-ujam
t2 --> unknown  loop   (band -1)no-ujam
t3 --> unknown  loop   (band -1)no-ujam
t4 --> unknown  loop   (band -1)no-ujam

