[plcg-info] Before affine transformations
nvar = 2, npar = 1
Parameters: PB_L 
S1 "A[i_1][i_0][0] = C[i_0][i_1+2] + 2;"
ndims: 2; orig_depth: 2
iterators: i_0, i_1
Index set
5 5
1 1 0 0 0 
1 -1 0 1 -3 
1 0 0 1 -3 
1 -1 1 0 0 
1 0 -1 1 -3 
T(S1): (0, i_0, 0, i_1, 0)
loop types (loop, loop, loop, loop, loop)

Read accesses
C[i_0][i_1+2]
Write accesses
A[i_1][i_0][0]
Original loop: 0 -> yes
Original loop: 1 -> yes

S2 "B[i_1] = C[i_0][i_1] - A[i_0][i_1+1][0] + A[i_1+1][i_0+2][0] * 1;"
ndims: 2; orig_depth: 2
iterators: i_0, i_1
Index set
5 5
1 1 0 0 0 
1 -1 0 1 -3 
1 0 0 1 -3 
1 -1 1 0 0 
1 0 -1 1 -3 
T(S2): (0, i_0, 0, i_1, 1)
loop types (loop, loop, loop, loop, loop)

Read accesses
C[i_0][i_1]
A[i_0][i_1+1][0]
A[i_1+1][i_0+2][0]
Write accesses
B[i_1]
Original loop: 0 -> yes
Original loop: 1 -> yes

--- Dep 1 from S2 to S1; satisfied: 0, sat level: -1; Type: WAR
on variable: A
Dependence polyhedron
Set #1
[5 dims; 5 constraints]
-i_1+i_1'-1 = 0
-i_0+i_0'-2 = 0
i_0 >= 0
-i_0+i_1-1 >= 0
-i_1+PB_L-4 >= 0


--- Dep 2 from S2 to S2; satisfied: 0, sat level: -1; Type: WAW
on variable: B
Dependence polyhedron
Set #1
[5 dims; 5 constraints]
-i_1+i_1' = 0
i_0 >= 0
-i_1+PB_L-3 >= 0
-i_0+i_0'-1 >= 0
i_1-i_0' >= 0



[plcg-info] After affine transformations
T(S1): (i_1/32, i_0/32, i_0, i_1)
loop types (loop, loop, loop, loop)

T(S2): (zT2, i_0/32, i_0, i_1+1)
loop types (loop, loop, loop, loop)

t1 --> unknown  loop   (band -1)no-ujam
t2 --> unknown  loop   (band -1)no-ujam
t3 --> unknown  loop   (band -1)no-ujam
t4 --> unknown  loop   (band -1)no-ujam

