[plcg-info] Before affine transformations
nvar = 1, npar = 1
Parameters: PB_M 
S1 "A[i_0+1] = C[i_0-2] + A[i_0+2] * A[i_0] - 2;"
ndims: 1; orig_depth: 1
iterators: i_0
Index set
3 4
1 1 0 -2 
1 -1 1 -3 
1 0 1 -5 
T(S1): (0, i_0, 0)
loop types (loop, loop, loop)

Read accesses
C[i_0-2]
A[i_0+2]
A[i_0]
Write accesses
A[i_0+1]
Original loop: 0 -> yes

S2 "B[i_1] = D[i_1] - 3;"
ndims: 1; orig_depth: 1
iterators: i_1
Index set
3 4
1 1 0 0 
1 -1 1 -1 
1 0 1 -1 
T(S2): (1, i_1, 0)
loop types (loop, loop, loop)

Read accesses
D[i_1]
Write accesses
B[i_1]
Original loop: 0 -> yes

--- Dep 1 from S1 to S1; satisfied: 0, sat level: -1; Type: RAW
on variable: A
Dependence polyhedron
Set #1
[3 dims; 3 constraints]
-i_0+i_0'-1 = 0
i_0-2 >= 0
-i_0+PB_M-4 >= 0


--- Dep 2 from S1 to S1; satisfied: 0, sat level: -1; Type: WAR
on variable: A
Dependence polyhedron
Set #1
[3 dims; 3 constraints]
-i_0+i_0'-1 = 0
i_0-2 >= 0
-i_0+PB_M-4 >= 0



[plcg-info] After affine transformations
T(S1): (i_0)
loop types (loop)

T(S2): (i_1)
loop types (loop)

t1 --> unknown  loop   (band -1)no-ujam

