[plcg-info] Before affine transformations
nvar = 2, npar = 2
Parameters: PB_P PB_N 
S1 "A[i_1-1][i_0] = A[i_1-1][i_0-1] + B[i_1] - 1;"
ndims: 2; orig_depth: 2
iterators: i_0, i_1
Index set
8 6
1 1 0 0 0 -1 
1 -1 0 1 0 -1 
1 0 0 1 0 -2 
1 0 1 0 0 -1 
1 1 -1 0 0 -1 
1 0 -1 0 1 -1 
1 1 0 0 0 -2 
1 0 0 0 1 -2 
T(S1): (0, i_0, 0, i_1, 0)
loop types (loop, loop, loop, loop, loop)

Read accesses
A[i_1-1][i_0-1]
B[i_1]
Write accesses
A[i_1-1][i_0]
Original loop: 0 -> yes
Original loop: 1 -> yes

S2 "B[i_2] = C[i_2-1] * C[i_2+1] + 2;"
ndims: 1; orig_depth: 1
iterators: i_2
Index set
3 5
1 1 0 0 -1 
1 -1 0 1 -1 
1 0 0 1 -2 
T(S2): (1, i_2, 0, 0, 0)
loop types (loop, loop, loop, scalar, scalar)

Read accesses
C[i_2-1]
C[i_2+1]
Write accesses
B[i_2]
Original loop: 0 -> yes

--- Dep 1 from S1 to S1; satisfied: 0, sat level: -1; Type: RAW
on variable: A
Dependence polyhedron
Set #1
[6 dims; 6 constraints]
-i_1+i_1' = 0
-i_0+i_0'-1 = 0
-i_0+PB_P-2 >= 0
i_1-1 >= 0
i_0-i_1-1 >= 0
-i_1+PB_N-1 >= 0


--- Dep 2 from S1 to S2; satisfied: 0, sat level: -1; Type: WAR
on variable: B
Dependence polyhedron
Set #1
[5 dims; 5 constraints]
-i_1+i_2' = 0
-i_0+PB_P-1 >= 0
i_1-1 >= 0
i_0-i_1-1 >= 0
-i_1+PB_N-1 >= 0



[plcg-info] After affine transformations
T(S1): (0, i_1/32, i_0/32, i_1, i_0)
loop types (scalar, loop, loop, loop, loop)

T(S2): (1, i_2/32, i_2, 0, 0)
loop types (scalar, loop, loop, scalar, scalar)

t1 --> unknown  scalar (band -1)no-ujam
t2 --> unknown  loop   (band -1)no-ujam
t3 --> unknown  loop   (band -1)no-ujam
t4 --> unknown  loop   (band -1)no-ujam
t5 --> unknown  loop   (band -1)no-ujam

