[plcg-info] Before affine transformations
nvar = 2, npar = 3
Parameters: PB_M PB_P PB_L 
S1 "A[i_0+1] = C[i_0] * C[i_0] + C[i_0] * C[i_0] * A[i_0+2] - A[i_0] - 6;"
ndims: 1; orig_depth: 1
iterators: i_0
Index set
3 6
1 1 0 0 0 0 
1 -1 1 0 0 -3 
1 0 1 0 0 -3 
T(S1): (0, i_0, 0, 0, 0)
loop types (loop, loop, loop, scalar, scalar)

Read accesses
C[i_0]
C[i_0]
C[i_0]
C[i_0]
A[i_0+2]
A[i_0]
Write accesses
A[i_0+1]
Original loop: 0 -> yes

S2 "B[i_2-2][i_1] = D[i_2-1][i_1+1] - B[i_2-3][i_1+1] * 4;"
ndims: 2; orig_depth: 2
iterators: i_1, i_2
Index set
6 7
1 1 0 0 0 0 0 
1 -1 0 0 1 0 -2 
1 0 0 0 1 0 -2 
1 0 1 0 0 0 -3 
1 0 -1 0 0 1 0 
1 0 0 0 0 1 -3 
T(S2): (1, i_1, 0, i_2, 0)
loop types (loop, loop, loop, loop, loop)

Read accesses
D[i_2-1][i_1+1]
B[i_2-3][i_1+1]
Write accesses
B[i_2-2][i_1]
Original loop: 0 -> yes
Original loop: 1 -> yes

--- Dep 1 from S1 to S1; satisfied: 0, sat level: -1; Type: RAW
on variable: A
Dependence polyhedron
Set #1
[5 dims; 3 constraints]
-i_0+i_0'-1 = 0
i_0 >= 0
-i_0+PB_M-4 >= 0


--- Dep 2 from S2 to S2; satisfied: 0, sat level: -1; Type: WAR
on variable: B
Dependence polyhedron
Set #1
[7 dims; 6 constraints]
-i_2+i_2'+1 = 0
-i_1+i_1'-1 = 0
i_1 >= 0
-i_1+PB_P-3 >= 0
i_2-4 >= 0
-i_2+PB_L >= 0


--- Dep 3 from S1 to S1; satisfied: 0, sat level: -1; Type: WAR
on variable: A
Dependence polyhedron
Set #1
[5 dims; 3 constraints]
-i_0+i_0'-1 = 0
i_0 >= 0
-i_0+PB_M-4 >= 0



[plcg-info] After affine transformations
T(S1): (i_0/32, 0, i_0, 0)
loop types (loop, scalar, loop, scalar)

T(S2): (i_1/32, (i_1+i_2)/32, i_1, i_1+i_2)
loop types (loop, loop, loop, loop)

t1 --> unknown  loop   (band -1)no-ujam
t2 --> unknown  loop   (band -1)no-ujam
t3 --> unknown  loop   (band -1)no-ujam
t4 --> unknown  loop   (band -1)no-ujam

