[plcg-info] Before affine transformations
nvar = 2, npar = 1
Parameters: PB_M 
S1 "A[i_0] = C[i_0] - C[i_0] - B[i_0+1][i_0+1] + B[i_0][i_0] * 1;"
ndims: 1; orig_depth: 1
iterators: i_0
Index set
3 4
1 -1 1 -3 
1 1 0 -1 
1 0 1 -4 
T(S1): (0, -i_0, 0, 0, 0)
loop types (loop, loop, loop, scalar, scalar)

Read accesses
C[i_0]
C[i_0]
B[i_0+1][i_0+1]
B[i_0][i_0]
Write accesses
A[i_0]
Original loop: 0 -> yes

S2 "B[i_1+1][i_1+1] = C[i_0] * D[i_1][i_0+1] - C[i_0-1] * B[i_0+2][i_0+2] + 2;"
ndims: 2; orig_depth: 2
iterators: i_0, i_1
Index set
5 5
1 -1 0 1 -3 
1 1 0 0 -1 
1 0 0 1 -4 
1 0 1 0 0 
1 1 -1 0 -1 
T(S2): (0, -i_0, 1, i_1, 0)
loop types (loop, loop, loop, loop, loop)

Read accesses
C[i_0]
D[i_1][i_0+1]
C[i_0-1]
B[i_0+2][i_0+2]
Write accesses
B[i_1+1][i_1+1]
Original loop: 0 -> yes
Original loop: 1 -> yes

--- Dep 1 from S2 to S1; satisfied: 0, sat level: -1; Type: RAW
on variable: B
Dependence polyhedron
Set #1
[4 dims; 4 constraints]
-i_1+i_0' = 0
-i_0+PB_M-3 >= 0
i_1-1 >= 0
i_0-i_1-1 >= 0


--- Dep 2 from S2 to S1; satisfied: 0, sat level: -1; Type: RAW
on variable: B
Dependence polyhedron
Set #1
[4 dims; 4 constraints]
-i_1+i_0'-1 = 0
-i_0+PB_M-3 >= 0
i_1 >= 0
i_0-i_1-2 >= 0


--- Dep 3 from S2 to S2; satisfied: 0, sat level: -1; Type: RAW
on variable: B
Dependence polyhedron
Set #1
[5 dims; 5 constraints]
-i_1+i_0'+1 = 0
-i_0+PB_M-3 >= 0
i_0-i_1-1 >= 0
i_1' >= 0
i_1-i_1'-2 >= 0


--- Dep 4 from S1 to S2; satisfied: 0, sat level: -1; Type: WAR
on variable: B
Dependence polyhedron
Set #1
[4 dims; 4 constraints]
-i_0+i_1'+1 = 0
-i_0+i_0' = 0
-i_0+PB_M-3 >= 0
i_0-1 >= 0


--- Dep 5 from S2 to S2; satisfied: 0, sat level: -1; Type: WAW
on variable: B
Dependence polyhedron
Set #1
[5 dims; 5 constraints]
-i_1+i_1' = 0
-i_0+PB_M-3 >= 0
i_1 >= 0
i_0-i_0'-1 >= 0
-i_1+i_0'-1 >= 0



[pluto] WARNING: working with original (identity) transformation (if they exist)
[plcg-info] After affine transformations
T(S1): (0, -i_0, 0, 0, 0, 0)
loop types (scalar, loop, scalar, scalar, scalar, scalar)

T(S2): (0, -i_0, 1, i_1/32, i_1, 0)
loop types (scalar, loop, scalar, loop, loop, scalar)

t1 --> unknown  scalar (band -1)no-ujam
t2 --> unknown  loop   (band -1)no-ujam
t3 --> unknown  scalar (band -1)no-ujam
t4 --> unknown  loop   (band -1)no-ujam
t5 --> unknown  loop   (band -1)no-ujam
t6 --> unknown  scalar (band -1)no-ujam

