[plcg-info] Before affine transformations
nvar = 2, npar = 2
Parameters: PB_L PB_M 
S1 "A[i_0][i_1] = C[i_0][i_1+i_0] * D[i_1+1][i_0] - 3;"
ndims: 2; orig_depth: 2
iterators: i_0, i_1
Index set
10 6
1 1 0 0 0 0 
1 -1 0 1 0 -1 
1 0 0 1 0 -1 
1 0 1 0 0 0 
1 -1 -1 0 1 -1 
1 0 -1 1 0 -2 
1 1 -1 0 0 -1 
1 -1 0 0 1 -1 
1 0 0 1 0 -2 
1 1 0 0 0 -1 
T(S1): (0, i_0, 0, i_1, 0)
loop types (loop, loop, loop, loop, loop)

Read accesses
C[i_0][i_0+i_1]
D[i_1+1][i_0]
Write accesses
A[i_0][i_1]
Original loop: 0 -> yes
Original loop: 1 -> yes

S2 "B[i_2] = B[i_2-1] + 1;"
ndims: 2; orig_depth: 2
iterators: i_0, i_2
Index set
8 6
1 1 0 0 0 0 
1 -1 0 1 0 -1 
1 0 0 1 0 -1 
1 0 -1 0 1 -1 
1 0 1 0 0 -1 
1 -1 1 0 0 0 
1 0 0 0 1 -2 
1 -1 0 0 1 -1 
T(S2): (0, i_0, 1, -i_2, 0)
loop types (loop, loop, loop, loop, loop)

Read accesses
B[i_2-1]
Write accesses
B[i_2]
Original loop: 0 -> yes
Original loop: 1 -> yes

--- Dep 1 from S2 to S2; satisfied: 0, sat level: -1; Type: RAW
on variable: B
Dependence polyhedron
Set #1
[6 dims; 7 constraints]
-i_2+i_2'-1 = 0
i_0 >= 0
-i_2+PB_M-2 >= 0
i_2-1 >= 0
-i_0+i_0'-1 >= 0
i_2-i_0'+1 >= 0
-i_0'+PB_L-1 >= 0


--- Dep 2 from S2 to S2; satisfied: 0, sat level: -1; Type: WAR
on variable: B
Dependence polyhedron
Set #1
[6 dims; 6 constraints]
-i_2+i_2'+1 = 0
i_0 >= 0
-i_2+PB_M-1 >= 0
-i_0+i_0'-1 >= 0
i_2-i_0'-1 >= 0
-i_0'+PB_L-1 >= 0


--- Dep 3 from S2 to S2; satisfied: 0, sat level: -1; Type: WAR
on variable: B
Dependence polyhedron
Set #1
[6 dims; 7 constraints]
-i_2+i_2'+1 = 0
-i_0+i_0' = 0
i_0 >= 0
-i_0+PB_L-1 >= 0
-i_2+PB_M-1 >= 0
-i_0+i_2-1 >= 0
i_2-2 >= 0


--- Dep 4 from S2 to S2; satisfied: 0, sat level: -1; Type: WAW
on variable: B
Dependence polyhedron
Set #1
[6 dims; 6 constraints]
-i_2+i_2' = 0
i_0 >= 0
-i_2+PB_M-1 >= 0
-i_0+i_0'-1 >= 0
i_2-i_0' >= 0
-i_0'+PB_L-1 >= 0



[pluto] WARNING: working with original (identity) transformation (if they exist)
[plcg-info] After affine transformations
T(S1): (0, i_0, 0, i_1/32, i_1, 0)
loop types (scalar, loop, scalar, loop, loop, scalar)

T(S2): (0, i_0, 1, -i_2, 0, 0)
loop types (scalar, loop, scalar, loop, scalar, scalar)

t1 --> unknown  scalar (band -1)no-ujam
t2 --> unknown  loop   (band -1)no-ujam
t3 --> unknown  scalar (band -1)no-ujam
t4 --> unknown  loop   (band -1)no-ujam
t5 --> unknown  loop   (band -1)no-ujam
t6 --> unknown  scalar (band -1)no-ujam

