[plcg-info] Before affine transformations
nvar = 3, npar = 1
Parameters: PB_L 
S1 "A[i_0-1][i_2+i_1][i_1+1] = B[i_2+1][i_1+1][i_0-1] + A[i_1-2][i_2+i_0+2][i_2+3] * 1;"
ndims: 3; orig_depth: 3
iterators: i_0, i_1, i_2
Index set
9 6
1 -1 0 0 1 -3 
1 1 0 0 0 -1 
1 0 0 0 1 -4 
1 0 1 0 0 -2 
1 0 -1 0 1 -1 
1 0 0 0 1 -3 
1 0 0 1 0 0 
1 -1 0 -1 1 -3 
1 0 -1 -1 1 -1 
T(S1): (0, -i_0, 0, i_1, 0, i_2, 0)
loop types (loop, loop, loop, loop, loop, loop, loop)

Read accesses
B[i_2+1][i_1+1][i_0-1]
A[i_1-2][i_0+i_2+2][i_2+3]
Write accesses
A[i_0-1][i_1+i_2][i_1+1]
Original loop: 0 -> yes
Original loop: 1 -> yes
Original loop: 2 -> yes

--- Dep 1 from S1 to S1; satisfied: 0, sat level: -1; Type: RAW
on variable: A
Dependence polyhedron
Set #1
[7 dims; 8 constraints]
-i_1+i_2'+2 = 0
-i_0+i_1'-1 = 0
-i_2+i_0' = 0
i_1-2 >= 0
-i_0-i_1+PB_L >= 0
i_2-1 >= 0
i_0-i_2-1 >= 0
-i_0-i_2+PB_L-3 >= 0


--- Dep 2 from S1 to S1; satisfied: 0, sat level: -1; Type: RAW
on variable: A
Dependence polyhedron
Set #1
[7 dims; 7 constraints]
-i_1+i_2'+2 = 0
-i_0+i_1'-1 = 0
-i_0+i_0' = 0
-i_0+i_2 = 0
-2i_0+PB_L-3 >= 0
i_1-2 >= 0
i_0-i_1 >= 0


--- Dep 3 from S1 to S1; satisfied: 0, sat level: -1; Type: WAR
on variable: A
Dependence polyhedron
Set #1
[7 dims; 8 constraints]
-i_0+i_2' = 0
-i_2+i_1'-2 = 0
-i_1+i_0'+1 = 0
i_1-2 >= 0
i_0-i_1 >= 0
-i_0-i_1+PB_L-2 >= 0
i_2 >= 0
-i_0-i_2+PB_L-3 >= 0


--- Dep 4 from S1 to S1; satisfied: 0, sat level: -1; Type: WAR
on variable: A
Dependence polyhedron
Set #1
[7 dims; 7 constraints]
-i_0+i_2' = 0
-i_2+i_1'-2 = 0
-i_0+i_0' = 0
-i_0+i_1-1 = 0
i_0-1 >= 0
-i_0+i_2 >= 0
-i_0-i_2+PB_L-3 >= 0


--- Dep 5 from S1 to S1; satisfied: 0, sat level: -1; Type: WAR
on variable: A
Dependence polyhedron
Set #1
[7 dims; 7 constraints]
-i_0+i_2' = 0
-i_0+i_1'-1 = 0
-i_0+i_0' = 0
-i_0+i_2+1 = 0
-i_0+i_1-1 = 0
i_0-1 >= 0
-2i_0+PB_L-3 >= 0



[pluto] WARNING: working with original (identity) transformation (if they exist)
[plcg-info] After affine transformations
T(S1): (0, -i_0, 0, i_1, 0, i_2, 0)
loop types (scalar, loop, scalar, loop, scalar, loop, scalar)

t1 --> unknown  scalar (band -1)no-ujam
t2 --> unknown  loop   (band -1)no-ujam
t3 --> unknown  scalar (band -1)no-ujam
t4 --> unknown  loop   (band -1)no-ujam
t5 --> unknown  scalar (band -1)no-ujam
t6 --> unknown  loop   (band -1)no-ujam
t7 --> unknown  scalar (band -1)no-ujam

