[plcg-info] Before affine transformations
nvar = 3, npar = 1
Parameters: PB_L 
S1 "A[i_2-1][i_1][i_0-1] = B[i_0][0] * A[i_2-1][i_1][i_0-3] * A[i_2-1][i_1][i_0] - 4;"
ndims: 3; orig_depth: 3
iterators: i_0, i_1, i_2
Index set
9 6
1 1 0 0 0 -3 
1 -1 0 0 1 -1 
1 0 0 0 1 -4 
1 0 1 0 0 0 
1 1 -1 0 0 -1 
1 1 0 0 0 -1 
1 0 0 1 0 -1 
1 0 0 -1 1 -1 
1 0 0 0 1 -2 
T(S1): (0, i_0, 0, i_1, 0, i_2, 0)
loop types (loop, loop, loop, loop, loop, loop, loop)

Read accesses
B[i_0][0]
A[i_2-1][i_1][i_0-3]
A[i_2-1][i_1][i_0]
Write accesses
A[i_2-1][i_1][i_0-1]
Original loop: 0 -> yes
Original loop: 1 -> yes
Original loop: 2 -> yes

--- Dep 1 from S1 to S1; satisfied: 0, sat level: -1; Type: RAW
on variable: A
Dependence polyhedron
Set #1
[7 dims; 9 constraints]
-i_2+i_2' = 0
-i_1+i_1' = 0
-i_0+i_0'-2 = 0
i_0-3 >= 0
-i_0+PB_L-3 >= 0
i_1 >= 0
i_0-i_1-1 >= 0
i_2-1 >= 0
-i_2+PB_L-1 >= 0


--- Dep 2 from S1 to S1; satisfied: 0, sat level: -1; Type: WAR
on variable: A
Dependence polyhedron
Set #1
[7 dims; 9 constraints]
-i_2+i_2' = 0
-i_1+i_1' = 0
-i_0+i_0'-1 = 0
i_0-3 >= 0
-i_0+PB_L-2 >= 0
i_1 >= 0
i_0-i_1-1 >= 0
i_2-1 >= 0
-i_2+PB_L-1 >= 0



[plcg-info] After affine transformations
T(S1): (i_1/32, i_2/32, i_0/32, i_1, i_2, i_0)
loop types (loop, loop, loop, loop, loop, loop)

t1 --> unknown  loop   (band -1)no-ujam
t2 --> unknown  loop   (band -1)no-ujam
t3 --> unknown  loop   (band -1)no-ujam
t4 --> unknown  loop   (band -1)no-ujam
t5 --> unknown  loop   (band -1)no-ujam
t6 --> unknown  loop   (band -1)no-ujam

