[plcg-info] Before affine transformations
nvar = 3, npar = 2
Parameters: PB_Q PB_M 
S1 "A[i_2][i_1+i_0-2][i_1] = B[i_2][i_0-2][i_1+i_0] * B[i_2][i_0+1][i_1-2] * C[i_2+i_1][i_0][i_1] - A[i_2][i_1+i_0-4][i_1] + 5;"
ndims: 3; orig_depth: 3
iterators: i_0, i_1, i_2
Index set
11 7
1 1 0 0 0 0 -4 
1 -1 0 0 1 0 -1 
1 0 0 0 1 0 -5 
1 0 1 0 0 0 -2 
1 -1 -1 0 1 0 -1 
1 1 -1 0 0 0 -1 
1 -1 0 0 1 0 -3 
1 1 0 0 0 0 -3 
1 0 0 1 0 0 0 
1 0 -1 -1 0 1 -1 
1 0 -1 0 0 1 -1 
T(S1): (0, i_0, 0, i_1, 0, i_2, 0)
loop types (loop, loop, loop, loop, loop, loop, loop)

Read accesses
B[i_2][i_0-2][i_0+i_1]
B[i_2][i_0+1][i_1-2]
C[i_1+i_2][i_0][i_1]
A[i_2][i_0+i_1-4][i_1]
Write accesses
A[i_2][i_0+i_1-2][i_1]
Original loop: 0 -> yes
Original loop: 1 -> yes
Original loop: 2 -> yes

--- Dep 1 from S1 to S1; satisfied: 0, sat level: -1; Type: RAW
on variable: A
Dependence polyhedron
Set #1
[8 dims; 9 constraints]
-i_2+i_2' = 0
-i_1+i_1' = 0
-i_0+i_0'-2 = 0
i_0-4 >= 0
i_1-2 >= 0
i_0-i_1-1 >= 0
-i_0-i_1+PB_Q-3 >= 0
i_2 >= 0
-i_1-i_2+PB_M-1 >= 0



[plcg-info] After affine transformations
T(S1): (i_1/32, i_2/32, i_0/32, i_2, i_0, i_1)
loop types (loop, loop, loop, loop, loop, loop)

t1 --> unknown  loop   (band -1)no-ujam
t2 --> unknown  loop   (band -1)no-ujam
t3 --> unknown  loop   (band -1)no-ujam
t4 --> unknown  loop   (band -1)no-ujam
t5 --> unknown  loop   (band -1)no-ujam
t6 --> unknown  loop   (band -1)no-ujam

