[plcg-info] Before affine transformations
nvar = 3, npar = 1
Parameters: PB_M 
S1 "A[i_0][i_1] = B[i_0-1][i_1] * B[i_2-1][i_0] - C[i_2][i_0][i_1] * A[i_1-1][i_2-1] + A[i_1][i_0+1] + 6;"
ndims: 3; orig_depth: 3
iterators: i_0, i_1, i_2
Index set
8 6
1 1 0 0 0 -1 
1 -1 0 0 1 -1 
1 0 0 0 1 -2 
1 0 1 0 0 -1 
1 0 -1 0 1 -1 
1 0 0 1 0 -1 
1 0 1 -1 0 -1 
1 0 1 0 0 -2 
T(S1): (0, i_0, 0, i_1, 0, i_2, 0)
loop types (loop, loop, loop, loop, loop, loop, loop)

Read accesses
B[i_0-1][i_1]
B[i_2-1][i_0]
C[i_2][i_0][i_1]
A[i_1-1][i_2-1]
A[i_1][i_0+1]
Write accesses
A[i_0][i_1]
Original loop: 0 -> yes
Original loop: 1 -> yes
Original loop: 2 -> yes

--- Dep 1 from S1 to S1; satisfied: 0, sat level: -1; Type: RAW
on variable: A
Dependence polyhedron
Set #1
[7 dims; 7 constraints]
-i_1+i_2'-1 = 0
-i_0+i_1'-1 = 0
i_0-i_1-1 >= 0
i_2-1 >= 0
i_1-i_2-1 >= 0
-i_0+i_0'-1 >= 0
-i_0'+PB_M-1 >= 0


--- Dep 2 from S1 to S1; satisfied: 0, sat level: -1; Type: RAW
on variable: A
Dependence polyhedron
Set #1
[7 dims; 7 constraints]
-i_1+i_2'-1 = 0
-i_0+i_1'-1 = 0
-i_0+i_0' = 0
-i_0+PB_M-2 >= 0
i_0-i_1-1 >= 0
i_2-1 >= 0
i_1-i_2-1 >= 0


--- Dep 3 from S1 to S1; satisfied: 0, sat level: -1; Type: RAW
on variable: A
Dependence polyhedron
Set #1
[7 dims; 8 constraints]
-i_0+i_1' = 0
-i_1+i_0'+1 = 0
-i_0+i_1-2 >= 0
-i_1+PB_M-1 >= 0
i_2-1 >= 0
i_1-i_2-1 >= 0
i_2'-1 >= 0
i_0-i_2'-1 >= 0


--- Dep 4 from S1 to S1; satisfied: 0, sat level: -1; Type: WAR
on variable: A
Dependence polyhedron
Set #1
[7 dims; 8 constraints]
-i_2+i_1'+1 = 0
-i_1+i_0'+1 = 0
i_0-1 >= 0
-i_0+i_1-2 >= 0
-i_1+PB_M-1 >= 0
i_1-i_2-1 >= 0
i_2'-1 >= 0
i_2-i_2'-2 >= 0


--- Dep 5 from S1 to S1; satisfied: 0, sat level: -1; Type: WAR
on variable: A
Dependence polyhedron
Set #1
[7 dims; 8 constraints]
-i_0+i_1'-1 = 0
-i_1+i_0' = 0
-i_0+i_1-1 >= 0
-i_1+PB_M-1 >= 0
i_2-1 >= 0
i_1-i_2-1 >= 0
i_2'-1 >= 0
i_0-i_2' >= 0


--- Dep 6 from S1 to S1; satisfied: 0, sat level: -1; Type: WAR
on variable: A
Dependence polyhedron
Set #1
[7 dims; 8 constraints]
-i_0+i_1'-1 = 0
-i_0+i_0' = 0
-i_0+i_1 = 0
-i_0+PB_M-2 >= 0
i_2-1 >= 0
i_0-i_2-1 >= 0
i_2'-1 >= 0
i_0-i_2' >= 0


--- Dep 7 from S1 to S1; satisfied: 0, sat level: -1; Type: WAW
on variable: A
Dependence polyhedron
Set #1
[7 dims; 8 constraints]
-i_1+i_1' = 0
-i_0+i_0' = 0
i_0-1 >= 0
-i_0+PB_M-1 >= 0
-i_1+PB_M-1 >= 0
i_2-1 >= 0
-i_2+i_2'-1 >= 0
i_1-i_2'-1 >= 0



[plcg-info] After affine transformations
T(S1): (i_0, i_1, i_2)
loop types (loop, loop, loop)

t1 --> unknown  loop   (band -1)no-ujam
t2 --> unknown  loop   (band -1)no-ujam
t3 --> unknown  loop   (band -1)no-ujam

