[plcg-info] Before affine transformations
nvar = 2, npar = 2
Parameters: PB_M PB_P 
S1 "A[i_0+1][i_1+1] = B[i_0][i_1] - C[i_0][i_1] - C[i_1+i_0][i_1] + A[i_0+1][i_1+2] - A[i_1][i_0+1] - 2;"
ndims: 2; orig_depth: 2
iterators: i_0, i_1
Index set
8 6
1 -1 0 1 0 -2 
1 1 0 0 0 0 
1 0 0 1 0 -2 
1 0 1 0 0 0 
1 -1 -1 1 0 -1 
1 0 -1 0 1 -1 
1 -1 0 1 0 -1 
1 0 0 0 1 -1 
T(S1): (0, -i_0, 0, i_1, 0)
loop types (loop, loop, loop, loop, loop)

Read accesses
B[i_0][i_1]
C[i_0][i_1]
C[i_0+i_1][i_1]
A[i_0+1][i_1+2]
A[i_1][i_0+1]
Write accesses
A[i_0+1][i_1+1]
Original loop: 0 -> yes
Original loop: 1 -> yes

--- Dep 1 from S1 to S1; satisfied: 0, sat level: -1; Type: RAW
on variable: A
Dependence polyhedron
Set #1
[6 dims; 6 constraints]
-i_0+i_1'-1 = 0
-i_1+i_0' = 0
-i_0+PB_P-2 >= 0
i_1 >= 0
i_0-i_1-1 >= 0
-i_0-i_1+PB_M-2 >= 0


--- Dep 2 from S1 to S1; satisfied: 0, sat level: -1; Type: RAW
on variable: A
Dependence polyhedron
Set #1
[6 dims; 6 constraints]
-i_0+i_1'-1 = 0
-i_0+i_0' = 0
-i_0+i_1 = 0
-i_0+PB_P-2 >= 0
i_0 >= 0
-2i_0+PB_M-2 >= 0


--- Dep 3 from S1 to S1; satisfied: 0, sat level: -1; Type: WAR
on variable: A
Dependence polyhedron
Set #1
[6 dims; 6 constraints]
-i_1+i_1'-1 = 0
-i_0+i_0' = 0
i_0 >= 0
i_1 >= 0
-i_1+PB_P-2 >= 0
-i_0-i_1+PB_M-2 >= 0


--- Dep 4 from S1 to S1; satisfied: 0, sat level: -1; Type: WAR
on variable: A
Dependence polyhedron
Set #1
[6 dims; 6 constraints]
-i_0+i_1' = 0
-i_1+i_0'+1 = 0
-i_0+PB_P-1 >= 0
i_1-1 >= 0
i_0-i_1 >= 0
-i_0-i_1+PB_M-1 >= 0



[pluto] WARNING: working with original (identity) transformation (if they exist)
[plcg-info] After affine transformations
T(S1): (0, -i_0/32+0/32, 0/32, i_1/32, -i_0, 0, i_1, 0)
loop types (scalar, loop, loop, loop, loop, scalar, loop, scalar)

t1 --> unknown  scalar (band -1)no-ujam
t2 --> unknown  loop   (band -1)no-ujam
t3 --> unknown  loop   (band -1)no-ujam
t4 --> unknown  loop   (band -1)no-ujam
t5 --> unknown  loop   (band -1)no-ujam
t6 --> unknown  scalar (band -1)no-ujam
t7 --> unknown  loop   (band -1)no-ujam
t8 --> unknown  scalar (band -1)no-ujam

