[plcg-info] Before affine transformations
nvar = 3, npar = 3
Parameters: PB_Q PB_L PB_M 
S1 "A[i_1][i_1+1][i_2+i_0] = B[i_2][i_0-1][i_1+i_0] + A[i_1][i_1+1][i_2+i_0+2] * 6;"
ndims: 3; orig_depth: 3
iterators: i_0, i_1, i_2
Index set
11 8
1 1 0 0 0 0 0 -1 
1 -1 0 0 1 0 0 -3 
1 0 0 0 1 0 0 -4 
1 0 1 0 0 0 0 0 
1 -1 -1 0 0 1 0 -1 
1 0 -1 0 0 0 1 -1 
1 -1 0 0 0 1 0 -1 
1 0 0 0 0 0 1 -1 
1 -1 0 -1 1 0 0 -3 
1 -1 0 1 0 0 0 0 
1 -2 0 0 1 0 0 -3 
T(S1): (0, i_0, 0, i_1, 0, -i_2, 0)
loop types (loop, loop, loop, loop, loop, loop, loop)

Read accesses
B[i_2][i_0-1][i_0+i_1]
A[i_1][i_1+1][i_0+i_2+2]
Write accesses
A[i_1][i_1+1][i_0+i_2]
Original loop: 0 -> yes
Original loop: 1 -> yes
Original loop: 2 -> yes

--- Dep 1 from S1 to S1; satisfied: 0, sat level: -1; Type: RAW
on variable: A
Dependence polyhedron
Set #1
[9 dims; 9 constraints]
-i_0-i_2+i_0'+i_2'+2 = 0
-i_1+i_1' = 0
i_0-1 >= 0
i_1 >= 0
-i_1+PB_M-1 >= 0
-i_0-i_2+PB_Q-3 >= 0
-i_0+i_0'-1 >= 0
-i_1-i_0'+PB_L-1 >= 0
i_0+i_2-2i_0'-2 >= 0


--- Dep 2 from S1 to S1; satisfied: 0, sat level: -1; Type: RAW
on variable: A
Dependence polyhedron
Set #1
[9 dims; 9 constraints]
-i_2+i_2'+2 = 0
-i_1+i_1' = 0
-i_0+i_0' = 0
i_0-1 >= 0
i_1 >= 0
-i_1+PB_M-1 >= 0
-i_0-i_1+PB_L-1 >= 0
-i_0-i_2+PB_Q-3 >= 0
-i_0+i_2-2 >= 0


--- Dep 3 from S1 to S1; satisfied: 0, sat level: -1; Type: WAR
on variable: A
Dependence polyhedron
Set #1
[9 dims; 9 constraints]
-i_0-i_2+i_0'+i_2'-2 = 0
-i_1+i_1' = 0
i_0-1 >= 0
i_1 >= 0
-i_1+PB_M-1 >= 0
-i_0-i_2+PB_Q-5 >= 0
-i_0+i_0'-1 >= 0
-i_1-i_0'+PB_L-1 >= 0
i_0+i_2-2i_0'+2 >= 0


--- Dep 4 from S1 to S1; satisfied: 0, sat level: -1; Type: WAW
on variable: A
Dependence polyhedron
Set #1
[9 dims; 9 constraints]
-i_0-i_2+i_0'+i_2' = 0
-i_1+i_1' = 0
i_0-1 >= 0
i_1 >= 0
-i_1+PB_M-1 >= 0
-i_0-i_2+PB_Q-3 >= 0
-i_0+i_0'-1 >= 0
-i_1-i_0'+PB_L-1 >= 0
i_0+i_2-2i_0' >= 0



[pluto] WARNING: working with original (identity) transformation (if they exist)
t9 {loop with stmts: S1, }
t7 {loop with stmts: S1, }
t5 {loop with stmts: S1, }
t7 {loop with stmts: S1, }
[plcg-info] After affine transformations
T(S1): (0, i_0/32+0/32, 0/32, i_1/32, i_0, 0, 0, -i_2, i_1, 0)
loop types (scalar, loop, loop, loop, loop, scalar, loop, scalar, loop, scalar)

t1 --> unknown  scalar (band -1)no-ujam
t2 --> unknown  loop   (band -1)no-ujam
t3 --> unknown  loop   (band -1)no-ujam
t4 --> unknown  loop   (band -1)no-ujam
t5 --> unknown  loop   (band -1)no-ujam
t6 --> unknown  scalar (band -1)no-ujam
t7 --> unknown  loop   (band -1)no-ujam
t8 --> unknown  scalar (band -1)no-ujam
t9 --> unknown  loop   (band -1)no-ujam
t10 --> unknown  scalar (band -1)no-ujam

