[plcg-info] Before affine transformations
nvar = 1, npar = 2
Parameters: PB_L PB_M 
S1 "A[i_0] = C[i_0-1][0] + D[i_0+2] - A[i_0-2] + 6;"
ndims: 1; orig_depth: 1
iterators: i_0
Index set
3 5
1 1 0 0 -2 
1 -1 1 0 -3 
1 0 1 0 -5 
T(S1): (0, i_0, 0)
loop types (loop, loop, loop)

Read accesses
C[i_0-1][0]
D[i_0+2]
A[i_0-2]
Write accesses
A[i_0]
Original loop: 0 -> yes

S2 "B[i_1] = 4;"
ndims: 1; orig_depth: 1
iterators: i_1
Index set
3 5
1 1 0 0 0 
1 -1 0 1 -1 
1 0 0 1 -1 
T(S2): (1, i_1, 0)
loop types (loop, loop, loop)

No Read accesses
Write accesses
B[i_1]
Original loop: 0 -> yes

--- Dep 1 from S1 to S1; satisfied: 0, sat level: -1; Type: RAW
on variable: A
Dependence polyhedron
Set #1
[4 dims; 3 constraints]
-i_0+i_0'-2 = 0
i_0-2 >= 0
-i_0+PB_L-5 >= 0



[plcg-info] After affine transformations
T(S1): (i_0)
loop types (loop)

T(S2): (i_1)
loop types (loop)

t1 --> unknown  loop   (band -1)no-ujam

