[plcg-info] Before affine transformations
nvar = 3, npar = 4
Parameters: PB_M PB_L PB_N PB_P 
S1 "A[i_1][i_0+1][i_2] = C[i_1][i_0][i_2] * C[i_1-2][i_2+2][i_0] + A[i_1][i_0+2][i_2-1] * 1;"
ndims: 3; orig_depth: 3
iterators: i_0, i_1, i_2
Index set
9 9
1 1 0 0 0 0 0 0 0 
1 -1 0 0 1 0 0 0 -1 
1 0 0 0 1 0 0 0 -1 
1 0 1 0 0 0 0 0 -2 
1 0 -1 0 0 1 0 0 -1 
1 0 0 0 0 1 0 0 -3 
1 0 0 1 0 0 0 0 -1 
1 0 0 -1 0 0 1 0 -3 
1 0 0 0 0 0 1 0 -4 
T(S1): (0, i_0, 0, i_1, 0, i_2, 0)
loop types (loop, loop, loop, loop, loop, loop, loop)

Read accesses
C[i_1][i_0][i_2]
C[i_1-2][i_2+2][i_0]
A[i_1][i_0+2][i_2-1]
Write accesses
A[i_1][i_0+1][i_2]
Original loop: 0 -> yes
Original loop: 1 -> yes
Original loop: 2 -> yes

S2 "B[i_4][i_3+2][i_3-2] = D[i_3][i_5-1][i_5] - C[i_5-1][i_3][i_4-1] - D[i_5][i_3][0] + E[i_3][i_4-2][i_5][i_4] + B[i_3+1][i_4+1][i_4-3] - 5;"
ndims: 3; orig_depth: 3
iterators: i_3, i_4, i_5
Index set
8 9
1 1 0 0 0 0 0 0 -2 
1 -1 0 0 0 0 0 1 -3 
1 0 0 0 0 0 0 1 -5 
1 0 1 0 0 0 0 0 -3 
1 0 -1 0 0 0 0 1 -2 
1 0 0 1 0 0 0 0 -1 
1 0 0 -1 1 0 0 0 -1 
1 0 0 0 1 0 0 0 -2 
T(S2): (1, i_3, 0, i_4, 0, i_5, 0)
loop types (loop, loop, loop, loop, loop, loop, loop)

Read accesses
D[i_3][i_5-1][i_5]
C[i_5-1][i_3][i_4-1]
D[i_5][i_3][0]
E[i_3][i_4-2][i_5][i_4]
B[i_3+1][i_4+1][i_4-3]
Write accesses
B[i_4][i_3+2][i_3-2]
Original loop: 0 -> yes
Original loop: 1 -> yes
Original loop: 2 -> yes

--- Dep 1 from S2 to S2; satisfied: 0, sat level: -1; Type: RAW
on variable: B
Dependence polyhedron
Set #1
[10 dims; 9 constraints]
-i_3+i_4'-1 = 0
-i_4+i_3'+1 = 0
i_3-2 >= 0
-i_3+i_4-2 >= 0
-i_4+PB_P-2 >= 0
i_5-1 >= 0
-i_5+PB_M-1 >= 0
i_5'-1 >= 0
-i_5'+PB_M-1 >= 0


--- Dep 2 from S2 to S2; satisfied: 0, sat level: -1; Type: RAW
on variable: B
Dependence polyhedron
Set #1
[10 dims; 8 constraints]
-i_3+i_4'-1 = 0
-i_3+i_3' = 0
-i_3+i_4-1 = 0
i_3-2 >= 0
-i_3+PB_P-3 >= 0
i_5-1 >= 0
-i_5+i_5'-1 >= 0
-i_5'+PB_M-1 >= 0


--- Dep 3 from S2 to S2; satisfied: 0, sat level: -1; Type: WAR
on variable: B
Dependence polyhedron
Set #1
[10 dims; 9 constraints]
-i_3+i_4'-1 = 0
-i_4+i_3'+1 = 0
i_3-2 >= 0
-i_3+i_4-2 >= 0
-i_4+PB_P-2 >= 0
i_5-1 >= 0
-i_5+PB_M-1 >= 0
i_5'-1 >= 0
-i_5'+PB_M-1 >= 0


--- Dep 4 from S2 to S2; satisfied: 0, sat level: -1; Type: WAR
on variable: B
Dependence polyhedron
Set #1
[10 dims; 8 constraints]
-i_3+i_4'-1 = 0
-i_3+i_3' = 0
-i_3+i_4-1 = 0
i_3-2 >= 0
-i_3+PB_P-3 >= 0
i_5-1 >= 0
-i_5+i_5'-1 >= 0
-i_5'+PB_M-1 >= 0


--- Dep 5 from S1 to S1; satisfied: 0, sat level: -1; Type: WAR
on variable: A
Dependence polyhedron
Set #1
[10 dims; 9 constraints]
-i_2+i_2'+1 = 0
-i_1+i_1' = 0
-i_0+i_0'-1 = 0
i_0 >= 0
-i_0+PB_M-2 >= 0
i_1-2 >= 0
-i_1+PB_L-1 >= 0
i_2-2 >= 0
-i_2+PB_N-3 >= 0


--- Dep 6 from S2 to S2; satisfied: 0, sat level: -1; Type: WAW
on variable: B
Dependence polyhedron
Set #1
[10 dims; 9 constraints]
-i_4+i_4' = 0
-i_3+i_3' = 0
i_3-2 >= 0
-i_3+PB_P-3 >= 0
i_4-3 >= 0
-i_4+PB_P-2 >= 0
i_5-1 >= 0
-i_5+i_5'-1 >= 0
-i_5'+PB_M-1 >= 0



t5 {loop with stmts: S1, S2, }
t4 {loop with stmts: S1, S2, }
t3 {loop with stmts: S1, S2, }
t3 {loop with stmts: S1, S2, }
[plcg-info] After affine transformations
T(S1): (i_1/32, i_0/32, i_0, i_2, i_1)
loop types (loop, loop, loop, loop, loop)

T(S2): ((i_3+i_4)/32, i_3/32, i_3, i_5, i_3+i_4)
loop types (loop, loop, loop, loop, loop)

t1 --> unknown  loop   (band -1)no-ujam
t2 --> unknown  loop   (band -1)no-ujam
t3 --> unknown  loop   (band -1)no-ujam
t4 --> unknown  loop   (band -1)no-ujam
t5 --> unknown  loop   (band -1)no-ujam

