[plcg-info] Before affine transformations
nvar = 3, npar = 1
Parameters: PB_M 
S1 "A[0] = C[i_0][i_0] - D[i_0] - A[0] - 2;"
ndims: 1; orig_depth: 1
iterators: i_0
Index set
3 4
1 1 0 0 
1 -1 1 -1 
1 0 1 -1 
T(S1): (0, i_0, 0, 0, 0, 0, 0)
loop types (loop, loop, loop, scalar, scalar, scalar, scalar)

Read accesses
C[i_0][i_0]
D[i_0]
A[0]
Write accesses
A[0]
Original loop: 0 -> yes

S2 "B[i_1+1][0] = B[i_2][0] + B[i_2+2][0] - B[i_1+2][0] - 5;"
ndims: 3; orig_depth: 3
iterators: i_0, i_1, i_2
Index set
9 6
1 1 0 0 0 0 
1 -1 0 0 1 -1 
1 0 0 0 1 -1 
1 -1 1 0 0 0 
1 0 -1 0 1 -3 
1 -1 0 0 1 -3 
1 0 0 1 0 0 
1 0 0 -1 1 -3 
1 0 0 0 1 -3 
T(S2): (0, i_0, 1, i_1, 0, i_2, 0)
loop types (loop, loop, loop, loop, loop, loop, loop)

Read accesses
B[i_2][0]
B[i_2+2][0]
B[i_1+2][0]
Write accesses
B[i_1+1][0]
Original loop: 0 -> yes
Original loop: 1 -> yes
Original loop: 2 -> yes

--- Dep 1 from S2 to S2; satisfied: 0, sat level: -1; Type: RAW
on variable: B
Dependence polyhedron
Set #1
[7 dims; 9 constraints]
-i_1+i_1'+1 = 0
i_0 >= 0
-i_1+PB_M-3 >= 0
i_2 >= 0
-i_2+PB_M-3 >= 0
-i_0+i_0'-1 >= 0
i_1-i_0'-1 >= 0
i_2' >= 0
-i_2'+PB_M-3 >= 0


--- Dep 2 from S2 to S2; satisfied: 0, sat level: -1; Type: RAW
on variable: B
Dependence polyhedron
Set #1
[7 dims; 9 constraints]
-i_1+i_2'-1 = 0
i_0 >= 0
-i_0+i_1 >= 0
-i_1+PB_M-4 >= 0
i_2 >= 0
-i_2+PB_M-3 >= 0
-i_0+i_0'-1 >= 0
-i_0'+i_1' >= 0
-i_1'+PB_M-3 >= 0


--- Dep 3 from S2 to S2; satisfied: 0, sat level: -1; Type: RAW
on variable: B
Dependence polyhedron
Set #1
[7 dims; 8 constraints]
-i_1+i_2'-1 = 0
-i_0+i_0' = 0
i_0 >= 0
-i_0+i_1 >= 0
i_2 >= 0
-i_2+PB_M-3 >= 0
-i_1+i_1'-1 >= 0
-i_1'+PB_M-3 >= 0


--- Dep 4 from S2 to S2; satisfied: 0, sat level: -1; Type: RAW
on variable: B
Dependence polyhedron
Set #1
[7 dims; 8 constraints]
-i_1+i_2'-1 = 0
-i_1+i_1' = 0
-i_0+i_0' = 0
i_0 >= 0
-i_0+i_1 >= 0
-i_1+PB_M-4 >= 0
i_2 >= 0
i_1-i_2 >= 0


--- Dep 5 from S1 to S1; satisfied: 0, sat level: -1; Type: RAW
on variable: A
Dependence polyhedron
Set #1
[3 dims; 3 constraints]
i_0 >= 0
-i_0+i_0'-1 >= 0
-i_0'+PB_M-1 >= 0


--- Dep 6 from S2 to S2; satisfied: 0, sat level: -1; Type: RAW
on variable: B
Dependence polyhedron
Set #1
[7 dims; 10 constraints]
-i_1+i_2'+1 = 0
i_0 >= 0
-i_0+i_1 >= 0
i_1-1 >= 0
-i_1+PB_M-3 >= 0
i_2 >= 0
-i_2+PB_M-3 >= 0
-i_0+i_0'-1 >= 0
-i_0'+i_1' >= 0
-i_1'+PB_M-3 >= 0


--- Dep 7 from S2 to S2; satisfied: 0, sat level: -1; Type: RAW
on variable: B
Dependence polyhedron
Set #1
[7 dims; 9 constraints]
-i_1+i_2'+1 = 0
-i_0+i_0' = 0
i_0 >= 0
-i_0+i_1 >= 0
i_1-1 >= 0
i_2 >= 0
-i_2+PB_M-3 >= 0
-i_1+i_1'-1 >= 0
-i_1'+PB_M-3 >= 0


--- Dep 8 from S2 to S2; satisfied: 0, sat level: -1; Type: RAW
on variable: B
Dependence polyhedron
Set #1
[7 dims; 8 constraints]
-i_1+i_2'+1 = 0
-i_1+i_1' = 0
-i_0+i_0' = 0
i_0 >= 0
-i_0+i_1 >= 0
-i_1+PB_M-3 >= 0
i_2 >= 0
i_1-i_2-2 >= 0


--- Dep 9 from S1 to S1; satisfied: 0, sat level: -1; Type: WAR
on variable: A
Dependence polyhedron
Set #1
[3 dims; 3 constraints]
i_0 >= 0
-i_0+i_0'-1 >= 0
-i_0'+PB_M-1 >= 0


--- Dep 10 from S2 to S2; satisfied: 0, sat level: -1; Type: WAR
on variable: B
Dependence polyhedron
Set #1
[7 dims; 9 constraints]
-i_1+i_1'-1 = 0
i_0 >= 0
-i_1+PB_M-4 >= 0
i_2 >= 0
-i_2+PB_M-3 >= 0
-i_0+i_0'-1 >= 0
i_1-i_0'+1 >= 0
i_2' >= 0
-i_2'+PB_M-3 >= 0


--- Dep 11 from S2 to S2; satisfied: 0, sat level: -1; Type: WAR
on variable: B
Dependence polyhedron
Set #1
[7 dims; 9 constraints]
-i_1+i_1'-1 = 0
-i_0+i_0' = 0
i_0 >= 0
-i_0+i_1 >= 0
-i_1+PB_M-4 >= 0
i_2 >= 0
-i_2+PB_M-3 >= 0
i_2' >= 0
-i_2'+PB_M-3 >= 0


--- Dep 12 from S2 to S2; satisfied: 0, sat level: -1; Type: WAR
on variable: B
Dependence polyhedron
Set #1
[7 dims; 9 constraints]
-i_2+i_1'-1 = 0
i_0 >= 0
-i_0+i_1 >= 0
-i_1+PB_M-3 >= 0
-i_2+PB_M-4 >= 0
-i_0+i_0'-1 >= 0
i_2-i_0'+1 >= 0
i_2' >= 0
-i_2'+PB_M-3 >= 0


--- Dep 13 from S2 to S2; satisfied: 0, sat level: -1; Type: WAR
on variable: B
Dependence polyhedron
Set #1
[7 dims; 8 constraints]
-i_2+i_1'-1 = 0
-i_0+i_0' = 0
i_0 >= 0
-i_0+i_1 >= 0
-i_1+i_2 >= 0
-i_2+PB_M-4 >= 0
i_2' >= 0
-i_2'+PB_M-3 >= 0


--- Dep 14 from S2 to S2; satisfied: 0, sat level: -1; Type: WAR
on variable: B
Dependence polyhedron
Set #1
[7 dims; 8 constraints]
-i_1+i_1' = 0
-i_0+i_0' = 0
-i_1+i_2+1 = 0
i_0 >= 0
-i_0+i_1 >= 0
i_1-1 >= 0
-i_1+i_2' >= 0
-i_2'+PB_M-3 >= 0


--- Dep 15 from S2 to S2; satisfied: 0, sat level: -1; Type: WAR
on variable: B
Dependence polyhedron
Set #1
[7 dims; 9 constraints]
-i_2+i_1'+1 = 0
i_0 >= 0
-i_0+i_1 >= 0
-i_1+PB_M-3 >= 0
-i_2+PB_M-3 >= 0
-i_0+i_0'-1 >= 0
i_2-i_0'-1 >= 0
i_2' >= 0
-i_2'+PB_M-3 >= 0


--- Dep 16 from S2 to S2; satisfied: 0, sat level: -1; Type: WAR
on variable: B
Dependence polyhedron
Set #1
[7 dims; 8 constraints]
-i_2+i_1'+1 = 0
-i_0+i_0' = 0
i_0 >= 0
-i_0+i_1 >= 0
-i_1+i_2-2 >= 0
-i_2+PB_M-3 >= 0
i_2' >= 0
-i_2'+PB_M-3 >= 0


--- Dep 17 from S2 to S2; satisfied: 0, sat level: -1; Type: WAR
on variable: B
Dependence polyhedron
Set #1
[7 dims; 7 constraints]
-i_1+i_1' = 0
-i_0+i_0' = 0
-i_1+i_2-1 = 0
i_0 >= 0
-i_0+i_1 >= 0
-i_1+i_2'-2 >= 0
-i_2'+PB_M-3 >= 0


--- Dep 18 from S1 to S1; satisfied: 0, sat level: -1; Type: WAW
on variable: A
Dependence polyhedron
Set #1
[3 dims; 3 constraints]
i_0 >= 0
-i_0+i_0'-1 >= 0
-i_0'+PB_M-1 >= 0


--- Dep 19 from S2 to S2; satisfied: 0, sat level: -1; Type: WAW
on variable: B
Dependence polyhedron
Set #1
[7 dims; 9 constraints]
-i_1+i_1' = 0
i_0 >= 0
-i_1+PB_M-3 >= 0
i_2 >= 0
-i_2+PB_M-3 >= 0
-i_0+i_0'-1 >= 0
i_1-i_0' >= 0
i_2' >= 0
-i_2'+PB_M-3 >= 0


--- Dep 20 from S2 to S2; satisfied: 0, sat level: -1; Type: WAW
on variable: B
Dependence polyhedron
Set #1
[7 dims; 8 constraints]
-i_1+i_1' = 0
-i_0+i_0' = 0
i_0 >= 0
-i_0+i_1 >= 0
-i_1+PB_M-3 >= 0
i_2 >= 0
-i_2+i_2'-1 >= 0
-i_2'+PB_M-3 >= 0



[plcg-info] After affine transformations
T(S1): (i_0, 0, 0)
loop types (loop, scalar, scalar)

T(S2): (i_0, i_1, i_2)
loop types (loop, loop, loop)

t1 --> unknown  loop   (band -1)no-ujam
t2 --> unknown  loop   (band -1)no-ujam
t3 --> unknown  loop   (band -1)no-ujam

