[plcg-info] Before affine transformations
nvar = 3, npar = 2
Parameters: PB_P PB_L 
S1 "A[i_0][i_1-1] = C[i_0][i_0-1] * 4;"
ndims: 2; orig_depth: 2
iterators: i_0, i_1
Index set
6 6
1 1 0 0 0 -3 
1 -1 0 1 0 -3 
1 0 0 1 0 -6 
1 0 1 0 0 -1 
1 1 -1 0 0 -1 
1 1 0 0 0 -2 
T(S1): (0, i_0, 0, i_1, 0, 0, 0)
loop types (loop, loop, loop, loop, loop, scalar, scalar)

Read accesses
C[i_0][i_0-1]
Write accesses
A[i_0][i_1-1]
Original loop: 0 -> yes
Original loop: 1 -> yes

S2 "A[i_1][i_2-1] = D[i_1][i_2][i_0+2] - A[i_1][i_0-3] * 4;"
ndims: 3; orig_depth: 3
iterators: i_0, i_1, i_2
Index set
9 7
1 1 0 0 0 0 -3 
1 -1 0 0 1 0 -3 
1 0 0 0 1 0 -6 
1 0 1 0 0 0 -1 
1 1 -1 0 0 0 -1 
1 1 0 0 0 0 -2 
1 0 0 1 0 0 -1 
1 0 0 -1 0 1 -1 
1 0 0 0 0 1 -2 
T(S2): (0, i_0, 0, i_1, 1, i_2, 0)
loop types (loop, loop, loop, loop, loop, loop, loop)

Read accesses
D[i_1][i_2][i_0+2]
A[i_1][i_0-3]
Write accesses
A[i_1][i_2-1]
Original loop: 0 -> yes
Original loop: 1 -> yes
Original loop: 2 -> yes

--- Dep 1 from S1 to S2; satisfied: 0, sat level: -1; Type: RAW
on variable: A
Dependence polyhedron
Set #1
[7 dims; 7 constraints]
-i_0+i_1' = 0
-i_0+i_0'-1 = 0
-i_0+i_1+1 = 0
i_0-3 >= 0
-i_0+PB_P-4 >= 0
i_2'-1 >= 0
-i_2'+PB_L-1 >= 0


--- Dep 2 from S2 to S2; satisfied: 0, sat level: -1; Type: RAW
on variable: A
Dependence polyhedron
Set #1
[8 dims; 10 constraints]
-i_1+i_1' = 0
-i_2+i_0'-2 = 0
i_0-3 >= 0
i_1-1 >= 0
i_0-i_1-1 >= 0
-i_0+i_2+1 >= 0
-i_2+PB_L-1 >= 0
-i_2+PB_P-5 >= 0
i_2'-1 >= 0
-i_2'+PB_L-1 >= 0


--- Dep 3 from S2 to S2; satisfied: 0, sat level: -1; Type: RAW
on variable: A
Dependence polyhedron
Set #1
[8 dims; 9 constraints]
-i_1+i_1' = 0
-i_0+i_0' = 0
-i_0+i_2+2 = 0
i_0-3 >= 0
-i_0+PB_P-3 >= 0
i_1-1 >= 0
i_0-i_1-1 >= 0
-i_0+i_2'+1 >= 0
-i_2'+PB_L-1 >= 0


--- Dep 4 from S2 to S2; satisfied: 0, sat level: -1; Type: WAR
on variable: A
Dependence polyhedron
Set #1
[8 dims; 10 constraints]
-i_0+i_2'+2 = 0
-i_1+i_1' = 0
i_0-3 >= 0
-i_0+PB_L+1 >= 0
i_1-1 >= 0
i_0-i_1-1 >= 0
i_2-1 >= 0
-i_2+PB_L-1 >= 0
-i_0+i_0'-1 >= 0
-i_0'+PB_P-3 >= 0


--- Dep 5 from S2 to S2; satisfied: 0, sat level: -1; Type: WAR
on variable: A
Dependence polyhedron
Set #1
[8 dims; 9 constraints]
-i_0+i_2'+2 = 0
-i_1+i_1' = 0
-i_0+i_0' = 0
-i_0+PB_L+1 >= 0
-i_0+PB_P-3 >= 0
i_1-1 >= 0
i_0-i_1-1 >= 0
i_2-1 >= 0
i_0-i_2-3 >= 0


--- Dep 6 from S2 to S2; satisfied: 0, sat level: -1; Type: WAW
on variable: A
Dependence polyhedron
Set #1
[8 dims; 9 constraints]
-i_2+i_2' = 0
-i_1+i_1' = 0
i_0-3 >= 0
i_1-1 >= 0
i_0-i_1-1 >= 0
i_2-1 >= 0
-i_2+PB_L-1 >= 0
-i_0+i_0'-1 >= 0
-i_0'+PB_P-3 >= 0


--- Dep 7 from S1 to S2; satisfied: 0, sat level: -1; Type: WAW
on variable: A
Dependence polyhedron
Set #1
[7 dims; 8 constraints]
-i_1+i_2' = 0
-i_0+i_1' = 0
i_0-3 >= 0
i_1-1 >= 0
i_0-i_1-1 >= 0
-i_1+PB_L-1 >= 0
-i_0+i_0'-1 >= 0
-i_0'+PB_P-3 >= 0



t6 {loop with stmts: S2, }
t5 {loop with stmts: S2, }
t4 {loop with stmts: S2, }
t4 {loop with stmts: S2, }
[plcg-info] After affine transformations
T(S1): (0, i_0/32, i_1/32, i_0, i_1, 0)
loop types (scalar, loop, loop, loop, loop, scalar)

T(S2): (1, i_1/32, i_0/32, i_0, i_2, i_1)
loop types (scalar, loop, loop, loop, loop, loop)

t1 --> unknown  scalar (band -1)no-ujam
t2 --> unknown  loop   (band -1)no-ujam
t3 --> unknown  loop   (band -1)no-ujam
t4 --> unknown  loop   (band -1)no-ujam
t5 --> unknown  loop   (band -1)no-ujam
t6 --> unknown  loop   (band -1)no-ujam

