[plcg-info] Before affine transformations
nvar = 3, npar = 2
Parameters: PB_M PB_L 
S1 "B[i_0-1][i_1][i_2+2] = C[i_2][i_0+1][i_0] * C[i_1][i_2][i_0+2] * 2;"
ndims: 3; orig_depth: 3
iterators: i_0, i_1, i_2
Index set
9 7
1 1 0 0 0 0 -2 
1 -1 0 0 1 0 -3 
1 0 0 0 1 0 -5 
1 -1 1 0 0 0 0 
1 0 -1 0 0 1 -1 
1 -1 0 0 0 1 -1 
1 0 0 1 0 0 0 
1 0 0 -1 1 0 -1 
1 0 0 0 1 0 -1 
T(S1): (0, i_0, 0, i_1, 0, i_2, 0)
loop types (loop, loop, loop, loop, loop, loop, loop)

Read accesses
C[i_2][i_0+1][i_0]
C[i_1][i_2][i_0+2]
Write accesses
B[i_0-1][i_1][i_2+2]
Original loop: 0 -> yes
Original loop: 1 -> yes
Original loop: 2 -> yes

S2 "B[i_0-1][i_3][i_4] = C[i_3-2][i_4+2][0] - C[i_3][i_4-1][i_0-2] * C[i_4][i_0][i_3+2] + C[i_3][i_4-1][i_0] + B[i_0-1][i_3-2][i_4] * 2;"
ndims: 3; orig_depth: 3
iterators: i_0, i_3, i_4
Index set
7 7
1 1 0 0 0 0 -2 
1 -1 0 0 1 0 -3 
1 0 0 0 1 0 -5 
1 0 1 0 0 0 -2 
1 0 -1 0 1 0 -3 
1 0 -1 1 0 0 0 
1 0 0 -1 1 0 -3 
T(S2): (0, i_0, 1, i_3, 0, i_4, 0)
loop types (loop, loop, loop, loop, loop, loop, loop)

Read accesses
C[i_3-2][i_4+2][0]
C[i_3][i_4-1][i_0-2]
C[i_4][i_0][i_3+2]
C[i_3][i_4-1][i_0]
B[i_0-1][i_3-2][i_4]
Write accesses
B[i_0-1][i_3][i_4]
Original loop: 0 -> yes
Original loop: 1 -> yes
Original loop: 2 -> yes

--- Dep 1 from S1 to S2; satisfied: 0, sat level: -1; Type: RAW
on variable: B
Dependence polyhedron
Set #1
[8 dims; 8 constraints]
-i_2+i_4'-2 = 0
-i_1+i_3'-2 = 0
-i_0+i_0' = 0
i_0-2 >= 0
-i_0+i_1 >= 0
-i_1+PB_L-1 >= 0
-i_1+i_2 >= 0
-i_2+PB_M-5 >= 0


--- Dep 2 from S2 to S2; satisfied: 0, sat level: -1; Type: RAW
on variable: B
Dependence polyhedron
Set #1
[8 dims; 8 constraints]
-i_4+i_4' = 0
-i_3+i_3'-2 = 0
-i_0+i_0' = 0
i_0-2 >= 0
-i_0+PB_M-3 >= 0
i_3-2 >= 0
-i_3+i_4-2 >= 0
-i_4+PB_M-3 >= 0


--- Dep 3 from S1 to S2; satisfied: 0, sat level: -1; Type: WAW
on variable: B
Dependence polyhedron
Set #1
[8 dims; 8 constraints]
-i_2+i_4'-2 = 0
-i_1+i_3' = 0
-i_0+i_0' = 0
i_0-2 >= 0
-i_0+i_1 >= 0
-i_1+PB_L-1 >= 0
-i_1+i_2+2 >= 0
-i_2+PB_M-5 >= 0



[plcg-info] After affine transformations
T(S1): (i_0/32, zT4, i_1/32, i_2+2, i_1, i_0, 0)
loop types (loop, loop, loop, loop, loop, loop, scalar)

T(S2): (i_0/32, i_4/32, i_3/32, i_4, i_3, i_0, 1)
loop types (loop, loop, loop, loop, loop, loop, scalar)

t1 --> unknown  loop   (band -1)no-ujam
t2 --> unknown  loop   (band -1)no-ujam
t3 --> unknown  loop   (band -1)no-ujam
t4 --> unknown  loop   (band -1)no-ujam
t5 --> unknown  loop   (band -1)no-ujam
t6 --> unknown  loop   (band -1)no-ujam
t7 --> unknown  scalar (band -1)no-ujam

