[plcg-info] Before affine transformations
nvar = 3, npar = 3
Parameters: PB_M PB_P PB_L 
S1 "A[i_1][i_0][i_2] = C[i_2+i_1-2][i_0-1][i_2+i_0+1] - C[i_0][i_2][i_1] - A[i_1-1][i_2][i_0] + B[i_1] - 3;"
ndims: 3; orig_depth: 3
iterators: i_0, i_1, i_2
Index set
15 8
1 1 0 0 0 0 0 -1 
1 -1 0 0 1 0 0 -1 
1 0 0 0 1 0 0 -2 
1 0 1 0 0 0 0 -2 
1 -1 -1 0 1 0 0 -1 
1 0 -1 0 1 0 0 -3 
1 -1 0 0 1 0 0 -3 
1 0 0 0 1 0 0 -5 
1 0 0 1 0 0 0 0 
1 -1 0 -1 0 1 0 -2 
1 0 -1 -1 1 0 0 1 
1 0 0 -1 0 0 1 -1 
1 -1 0 0 0 1 0 -2 
1 0 -1 0 1 0 0 1 
1 0 0 0 0 0 1 -1 
T(S1): (0, i_0, 0, i_1, 0, i_2, 0)
loop types (loop, loop, loop, loop, loop, loop, loop)

Read accesses
C[i_1+i_2-2][i_0-1][i_0+i_2+1]
C[i_0][i_2][i_1]
A[i_1-1][i_2][i_0]
B[i_1]
Write accesses
A[i_1][i_0][i_2]
Original loop: 0 -> yes
Original loop: 1 -> yes
Original loop: 2 -> yes

S2 "B[i_1] = D[i_1][i_0] - D[i_1+2][i_1+i_0] - E[i_1+i_0] - 1;"
ndims: 2; orig_depth: 2
iterators: i_0, i_1
Index set
8 7
1 1 0 0 0 0 -1 
1 -1 0 1 0 0 -1 
1 0 0 1 0 0 -2 
1 0 1 0 0 0 -2 
1 -1 -1 1 0 0 -1 
1 0 -1 1 0 0 -3 
1 -1 0 1 0 0 -3 
1 0 0 1 0 0 -5 
T(S2): (0, i_0, 0, i_1, 1, 0, 0)
loop types (loop, loop, loop, loop, loop, scalar, scalar)

Read accesses
D[i_1][i_0]
D[i_1+2][i_0+i_1]
E[i_0+i_1]
Write accesses
B[i_1]
Original loop: 0 -> yes
Original loop: 1 -> yes

--- Dep 1 from S1 to S1; satisfied: 0, sat level: -1; Type: RAW
on variable: A
Dependence polyhedron
Set #1
[9 dims; 9 constraints]
-i_0+i_2' = 0
-i_1+i_1'-1 = 0
-i_2+i_0' = 0
i_0-1 >= 0
i_1-2 >= 0
-i_0+i_2-1 >= 0
-i_2+PB_L-1 >= 0
-i_0-i_2+PB_P-2 >= 0
-i_1-i_2+PB_M-2 >= 0


--- Dep 2 from S1 to S1; satisfied: 0, sat level: -1; Type: RAW
on variable: A
Dependence polyhedron
Set #1
[9 dims; 10 constraints]
-i_0+i_2' = 0
-i_1+i_1'-1 = 0
-i_0+i_0' = 0
-i_0+i_2 = 0
i_0-1 >= 0
-i_0+PB_L-1 >= 0
-2i_0+PB_P-2 >= 0
i_1-2 >= 0
-i_0-i_1+PB_M-2 >= 0
-i_1+PB_M-4 >= 0


--- Dep 3 from S2 to S1; satisfied: 0, sat level: -1; Type: RAW
on variable: B
Dependence polyhedron
Set #1
[8 dims; 9 constraints]
-i_1+i_1' = 0
i_0-1 >= 0
i_1-2 >= 0
-i_0+i_0'-1 >= 0
-i_1-i_0'+PB_M-1 >= 0
i_2' >= 0
-i_2'+PB_L-1 >= 0
-i_0'-i_2'+PB_P-2 >= 0
-i_1-i_2'+PB_M+1 >= 0


--- Dep 4 from S1 to S2; satisfied: 0, sat level: -1; Type: WAR
on variable: B
Dependence polyhedron
Set #1
[8 dims; 9 constraints]
-i_1+i_1' = 0
i_0-1 >= 0
i_1-2 >= 0
i_2 >= 0
-i_2+PB_L-1 >= 0
-i_0-i_2+PB_P-2 >= 0
-i_1-i_2+PB_M+1 >= 0
-i_0+i_0'-1 >= 0
-i_1-i_0'+PB_M-1 >= 0


--- Dep 5 from S1 to S2; satisfied: 0, sat level: -1; Type: WAR
on variable: B
Dependence polyhedron
Set #1
[8 dims; 10 constraints]
-i_1+i_1' = 0
-i_0+i_0' = 0
i_0-1 >= 0
i_1-2 >= 0
-i_0-i_1+PB_M-1 >= 0
-i_1+PB_M-3 >= 0
i_2 >= 0
-i_2+PB_L-1 >= 0
-i_0-i_2+PB_P-2 >= 0
-i_1-i_2+PB_M+1 >= 0


--- Dep 6 from S1 to S1; satisfied: 0, sat level: -1; Type: WAR
on variable: A
Dependence polyhedron
Set #1
[9 dims; 10 constraints]
-i_0+i_2' = 0
-i_1+i_1'+1 = 0
-i_2+i_0' = 0
i_0-1 >= 0
i_1-3 >= 0
-i_1+PB_M-3 >= 0
-i_0+i_2-1 >= 0
-i_2+PB_L-1 >= 0
-i_0-i_2+PB_P-2 >= 0
-i_1-i_2+PB_M >= 0


--- Dep 7 from S2 to S2; satisfied: 0, sat level: -1; Type: WAW
on variable: B
Dependence polyhedron
Set #1
[7 dims; 5 constraints]
-i_1+i_1' = 0
i_0-1 >= 0
i_1-2 >= 0
-i_0+i_0'-1 >= 0
-i_1-i_0'+PB_M-1 >= 0



t6 {loop with stmts: S1, }
t4 {loop with stmts: S1, S2, }
t3 {loop with stmts: S1, S2, }
[plcg-info] After affine transformations
T(S1): (i_0/32+(i_0+i_1)/32, (i_0+i_1)/32, i_0, i_0+i_1, 0, i_2)
loop types (loop, loop, loop, loop, scalar, loop)

T(S2): (i_0/32+(i_0+i_1)/32, (i_0+i_1)/32, i_0, i_0+i_1, 1, 0)
loop types (loop, loop, loop, loop, scalar, scalar)

t1 --> unknown  loop   (band -1)no-ujam
t2 --> unknown  loop   (band -1)no-ujam
t3 --> unknown  loop   (band -1)no-ujam
t4 --> unknown  loop   (band -1)no-ujam
t5 --> unknown  scalar (band -1)no-ujam
t6 --> unknown  loop   (band -1)no-ujam

