[plcg-info] Before affine transformations
nvar = 3, npar = 3
Parameters: PB_L PB_Q PB_N 
S1 "A[i_0][i_1-1] = C[i_0][2] * 3;"
ndims: 2; orig_depth: 2
iterators: i_0, i_1
Index set
6 7
1 1 0 0 0 0 0 
1 -1 0 1 0 0 -1 
1 0 0 1 0 0 -1 
1 0 1 0 0 0 -1 
1 0 -1 1 0 0 -1 
1 0 0 1 0 0 -2 
T(S1): (0, i_0, 0, i_1, 0, 0, 0)
loop types (loop, loop, loop, loop, loop, scalar, scalar)

Read accesses
C[i_0][2]
Write accesses
A[i_0][i_1-1]
Original loop: 0 -> yes
Original loop: 1 -> yes

S2 "B[i_2][i_3][i_2] = D[i_4+i_3][i_2][i_3+2] - C[i_4-1][i_3] - E[i_4][i_3+1][i_2] + E[i_4+2][i_2-1][i_3+2] * B[i_3][i_4-2][i_3] + B[i_2-1][i_3][i_2-1] + B[i_2][i_3+2][i_2] * 6;"
ndims: 3; orig_depth: 3
iterators: i_2, i_3, i_4
Index set
12 8
1 1 0 0 0 0 0 -1 
1 -1 0 0 0 1 0 -1 
1 0 0 0 0 1 0 -2 
1 0 1 0 0 0 0 0 
1 1 -1 0 0 0 0 -1 
1 0 -1 0 1 0 0 -3 
1 0 0 0 1 0 0 -3 
1 0 0 1 0 0 0 -2 
1 0 0 -1 1 0 0 -3 
1 0 -1 -1 0 0 1 -1 
1 0 0 0 1 0 0 -5 
1 0 -1 0 0 0 1 -3 
T(S2): (1, i_2, 0, i_3, 0, i_4, 0)
loop types (loop, loop, loop, loop, loop, loop, loop)

Read accesses
D[i_3+i_4][i_2][i_3+2]
C[i_4-1][i_3]
E[i_4][i_3+1][i_2]
E[i_4+2][i_2-1][i_3+2]
B[i_3][i_4-2][i_3]
B[i_2-1][i_3][i_2-1]
B[i_2][i_3+2][i_2]
Write accesses
B[i_2][i_3][i_2]
Original loop: 0 -> yes
Original loop: 1 -> yes
Original loop: 2 -> yes

--- Dep 1 from S2 to S2; satisfied: 0, sat level: -1; Type: RAW
on variable: B
Dependence polyhedron
Set #1
[9 dims; 12 constraints]
-i_3+i_4'-2 = 0
-i_2+i_3' = 0
-i_2+PB_L-3 >= 0
i_3 >= 0
i_2-i_3-1 >= 0
-i_2-i_3+PB_N-3 >= 0
-i_3+PB_L-5 >= 0
i_4-2 >= 0
-i_3-i_4+PB_N-1 >= 0
-i_4+PB_L-3 >= 0
-i_2+i_2'-1 >= 0
-i_2'+PB_Q-1 >= 0


--- Dep 2 from S2 to S2; satisfied: 0, sat level: -1; Type: RAW
on variable: B
Dependence polyhedron
Set #1
[9 dims; 12 constraints]
-i_3+i_3' = 0
-i_2+i_2'-1 = 0
-i_2+PB_Q-2 >= 0
i_3 >= 0
i_2-i_3-1 >= 0
-i_3+PB_L-3 >= 0
i_4-2 >= 0
-i_3-i_4+PB_N-1 >= 0
-i_4+PB_L-3 >= 0
i_4'-2 >= 0
-i_3-i_4'+PB_N-1 >= 0
-i_4'+PB_L-3 >= 0


--- Dep 3 from S2 to S2; satisfied: 0, sat level: -1; Type: WAR
on variable: B
Dependence polyhedron
Set #1
[9 dims; 12 constraints]
-i_3+i_3'-2 = 0
-i_2+i_2' = 0
-i_2+PB_Q-1 >= 0
i_3 >= 0
i_2-i_3-3 >= 0
-i_3+PB_L-5 >= 0
i_4-2 >= 0
-i_3-i_4+PB_N-1 >= 0
-i_4+PB_L-3 >= 0
i_4'-2 >= 0
-i_3-i_4'+PB_N-3 >= 0
-i_4'+PB_L-3 >= 0


--- Dep 4 from S2 to S2; satisfied: 0, sat level: -1; Type: WAW
on variable: B
Dependence polyhedron
Set #1
[9 dims; 10 constraints]
-i_3+i_3' = 0
-i_2+i_2' = 0
-i_2+PB_Q-1 >= 0
i_3 >= 0
i_2-i_3-1 >= 0
-i_3+PB_L-3 >= 0
i_4-2 >= 0
-i_4+i_4'-1 >= 0
-i_3-i_4'+PB_N-1 >= 0
-i_4'+PB_L-3 >= 0



t5 {loop with stmts: S2, }
t4 {loop with stmts: S1, S2, }
t3 {loop with stmts: S1, S2, }
[plcg-info] After affine transformations
T(S1): (i_0/32+i_1/32, i_1/32, i_0, i_1, 0)
loop types (loop, loop, loop, loop, scalar)

T(S2): (i_3/32+i_2/32, i_2/32, i_3, i_2, i_4)
loop types (loop, loop, loop, loop, loop)

t1 --> unknown  loop   (band -1)no-ujam
t2 --> unknown  loop   (band -1)no-ujam
t3 --> unknown  loop   (band -1)no-ujam
t4 --> unknown  loop   (band -1)no-ujam
t5 --> unknown  loop   (band -1)no-ujam

