[plcg-info] Before affine transformations
nvar = 3, npar = 3
Parameters: PB_M PB_P PB_L 
S1 "A[i_1][i_2-1][i_2+i_0-1] = C[i_0+1][i_2+1][0] + A[i_1][i_2+1][i_2+i_0+1] * A[i_2][i_1-1][i_1+i_0+1] + 5;"
ndims: 3; orig_depth: 3
iterators: i_0, i_1, i_2
Index set
12 8
1 1 0 0 0 0 0 -1 
1 -1 0 0 1 0 0 -2 
1 0 0 0 1 0 0 -3 
1 0 1 0 0 0 0 -1 
1 0 -1 0 1 0 0 -1 
1 -1 -1 0 0 1 0 -2 
1 0 0 0 1 0 0 -2 
1 -1 0 0 0 1 0 -3 
1 0 0 1 0 0 0 -1 
1 -1 0 -1 0 1 0 -2 
1 0 0 -1 0 0 1 -2 
1 0 0 0 0 0 1 -3 
T(S1): (0, i_0, 0, i_1, 0, i_2, 0)
loop types (loop, loop, loop, loop, loop, loop, loop)

Read accesses
C[i_0+1][i_2+1][0]
A[i_1][i_2+1][i_0+i_2+1]
A[i_2][i_1-1][i_0+i_1+1]
Write accesses
A[i_1][i_2-1][i_0+i_2-1]
Original loop: 0 -> yes
Original loop: 1 -> yes
Original loop: 2 -> yes

S2 "A[i_5][i_4+1][i_4+i_3+1] = 5;"
ndims: 3; orig_depth: 3
iterators: i_3, i_4, i_5
Index set
10 8
1 1 0 0 0 0 0 0 
1 -1 0 0 0 1 0 -2 
1 0 0 0 0 1 0 -2 
1 0 1 0 0 0 0 0 
1 -1 -1 0 0 1 0 -2 
1 0 0 1 0 0 0 0 
1 0 0 -1 1 0 0 -1 
1 1 0 -1 0 0 0 -1 
1 0 0 0 1 0 0 -1 
1 1 0 0 0 0 0 -1 
T(S2): (1, i_3, 0, i_4, 0, i_5, 0)
loop types (loop, loop, loop, loop, loop, loop, loop)

No Read accesses
Write accesses
A[i_5][i_4+1][i_3+i_4+1]
Original loop: 0 -> yes
Original loop: 1 -> yes
Original loop: 2 -> yes

--- Dep 1 from S1 to S2; satisfied: 0, sat level: -1; Type: WAR
on variable: A
Dependence polyhedron
Set #1
[9 dims; 12 constraints]
-i_2+i_5' = 0
-i_1+i_4'+2 = 0
-i_0+i_3'-2 = 0
i_0-1 >= 0
-i_0+PB_M-2 >= 0
i_1-2 >= 0
-i_0-i_1+PB_P-2 >= 0
-i_1+PB_M-1 >= 0
i_2-1 >= 0
i_0-i_2+1 >= 0
-i_2+PB_L-2 >= 0
-i_0-i_2+PB_P-2 >= 0


--- Dep 2 from S1 to S2; satisfied: 0, sat level: -1; Type: WAR
on variable: A
Dependence polyhedron
Set #1
[9 dims; 10 constraints]
-i_1+i_5' = 0
-i_2+i_4' = 0
-i_0+i_3' = 0
-i_0+PB_M-2 >= 0
i_1-1 >= 0
i_0-i_1-1 >= 0
-i_0-i_1+PB_P-2 >= 0
i_2-1 >= 0
-i_2+PB_L-2 >= 0
-i_0-i_2+PB_P-2 >= 0


--- Dep 3 from S1 to S1; satisfied: 0, sat level: -1; Type: WAR
on variable: A
Dependence polyhedron
Set #1
[9 dims; 11 constraints]
-i_2+i_2'-2 = 0
-i_1+i_1' = 0
-i_0+i_0' = 0
i_0-1 >= 0
-i_0+PB_M-2 >= 0
i_1-1 >= 0
-i_0-i_1+PB_P-2 >= 0
-i_1+PB_M-1 >= 0
i_2-1 >= 0
-i_2+PB_L-4 >= 0
-i_0-i_2+PB_P-4 >= 0


--- Dep 4 from S1 to S1; satisfied: 0, sat level: -1; Type: WAR
on variable: A
Dependence polyhedron
Set #1
[9 dims; 13 constraints]
-i_1+i_2' = 0
-i_2+i_1' = 0
-i_0+i_0'-2 = 0
i_0-1 >= 0
-i_0+PB_M-4 >= 0
i_1-1 >= 0
-i_1+PB_L-2 >= 0
-i_0-i_1+PB_P-4 >= 0
-i_1+PB_M-1 >= 0
i_2-1 >= 0
-i_2+PB_L-2 >= 0
-i_0-i_2+PB_P-4 >= 0
-i_2+PB_M-1 >= 0


--- Dep 5 from S1 to S2; satisfied: 0, sat level: -1; Type: WAW
on variable: A
Dependence polyhedron
Set #1
[9 dims; 10 constraints]
-i_1+i_5' = 0
-i_2+i_4'+2 = 0
-i_0+i_3' = 0
-i_0+PB_M-2 >= 0
i_1-1 >= 0
i_0-i_1-1 >= 0
-i_0-i_1+PB_P-2 >= 0
i_2-2 >= 0
-i_2+PB_L-2 >= 0
-i_0-i_2+PB_P-2 >= 0



t5 {loop with stmts: S1, S2, }
t4 {loop with stmts: S1, S2, }
t3 {loop with stmts: S1, S2, }
[plcg-info] After affine transformations
T(S1): (i_0/32+(i_1+i_2)/32, (i_1+i_2)/32, i_0, i_1+i_2, i_2, 0)
loop types (loop, loop, loop, loop, loop, scalar)

T(S2): (i_3/32+zT4, zT4, i_3, i_4+i_5+2, i_4+2i_5, 1)
loop types (loop, loop, loop, loop, loop, scalar)

t1 --> unknown  loop   (band -1)no-ujam
t2 --> unknown  loop   (band -1)no-ujam
t3 --> unknown  loop   (band -1)no-ujam
t4 --> unknown  loop   (band -1)no-ujam
t5 --> unknown  loop   (band -1)no-ujam
t6 --> unknown  scalar (band -1)no-ujam

