[plcg-info] Before affine transformations
nvar = 3, npar = 2
Parameters: PB_M PB_L 
S1 "A[i_0-1][i_1-1] = C[i_0] - A[i_0-1][i_1] - 1;"
ndims: 2; orig_depth: 2
iterators: i_0, i_1
Index set
6 6
1 1 0 0 0 -1 
1 -1 0 1 0 -1 
1 0 0 1 0 -2 
1 0 -1 0 1 -1 
1 0 1 0 0 -1 
1 0 0 0 1 -2 
T(S1): (0, i_0, 0, -i_1, 0, 0, 0)
loop types (loop, loop, loop, loop, loop, scalar, scalar)

Read accesses
C[i_0]
A[i_0-1][i_1]
Write accesses
A[i_0-1][i_1-1]
Original loop: 0 -> yes
Original loop: 1 -> yes

S2 "A[i_2-2][i_1-1] = 1;"
ndims: 3; orig_depth: 3
iterators: i_0, i_1, i_2
Index set
9 7
1 1 0 0 0 0 -1 
1 -1 0 0 1 0 -1 
1 0 0 0 1 0 -2 
1 0 -1 0 0 1 -1 
1 0 1 0 0 0 -1 
1 0 0 0 0 1 -2 
1 0 0 1 0 0 -2 
1 0 0 -1 1 0 1 
1 0 0 0 1 0 -1 
T(S2): (0, i_0, 0, -i_1, 1, i_2, 0)
loop types (loop, loop, loop, loop, loop, loop, loop)

No Read accesses
Write accesses
A[i_2-2][i_1-1]
Original loop: 0 -> yes
Original loop: 1 -> yes
Original loop: 2 -> yes

--- Dep 1 from S2 to S1; satisfied: 0, sat level: -1; Type: RAW
on variable: A
Dependence polyhedron
Set #1
[7 dims; 7 constraints]
-i_1+i_1'+1 = 0
-i_2+i_0'+1 = 0
i_0-1 >= 0
-i_1+PB_L-1 >= 0
i_1-2 >= 0
-i_0+i_2-2 >= 0
-i_2+PB_M >= 0


--- Dep 2 from S2 to S1; satisfied: 0, sat level: -1; Type: RAW
on variable: A
Dependence polyhedron
Set #1
[7 dims; 7 constraints]
-i_1+i_1'+1 = 0
-i_0+i_0' = 0
-i_0+i_2-1 = 0
i_0-1 >= 0
-i_0+PB_M-1 >= 0
-i_1+PB_L-1 >= 0
i_1-2 >= 0


--- Dep 3 from S1 to S1; satisfied: 0, sat level: -1; Type: RAW
on variable: A
Dependence polyhedron
Set #1
[6 dims; 6 constraints]
-i_1+i_1'+1 = 0
-i_0+i_0' = 0
i_0-1 >= 0
-i_0+PB_M-1 >= 0
-i_1+PB_L-1 >= 0
i_1-2 >= 0


--- Dep 4 from S1 to S2; satisfied: 0, sat level: -1; Type: WAR
on variable: A
Dependence polyhedron
Set #1
[7 dims; 7 constraints]
-i_0+i_2'-1 = 0
-i_1+i_1'-1 = 0
i_0-1 >= 0
-i_1+PB_L-2 >= 0
i_1-1 >= 0
-i_0+i_0'-1 >= 0
-i_0'+PB_M-1 >= 0


--- Dep 5 from S2 to S1; satisfied: 0, sat level: -1; Type: WAW
on variable: A
Dependence polyhedron
Set #1
[7 dims; 7 constraints]
-i_1+i_1' = 0
-i_2+i_0'+1 = 0
i_0-1 >= 0
-i_1+PB_L-1 >= 0
i_1-1 >= 0
-i_0+i_2-2 >= 0
-i_2+PB_M >= 0


--- Dep 6 from S1 to S2; satisfied: 0, sat level: -1; Type: WAW
on variable: A
Dependence polyhedron
Set #1
[7 dims; 7 constraints]
-i_0+i_2'-1 = 0
-i_1+i_1' = 0
i_0-1 >= 0
-i_1+PB_L-1 >= 0
i_1-1 >= 0
-i_0+i_0'-1 >= 0
-i_0'+PB_M-1 >= 0


--- Dep 7 from S1 to S2; satisfied: 0, sat level: -1; Type: WAW
on variable: A
Dependence polyhedron
Set #1
[7 dims; 7 constraints]
-i_0+i_2'-1 = 0
-i_1+i_1' = 0
-i_0+i_0' = 0
i_0-1 >= 0
-i_0+PB_M-1 >= 0
-i_1+PB_L-1 >= 0
i_1-1 >= 0


--- Dep 8 from S2 to S2; satisfied: 0, sat level: -1; Type: WAW
on variable: A
Dependence polyhedron
Set #1
[8 dims; 9 constraints]
-i_2+i_2' = 0
-i_1+i_1' = 0
i_0-1 >= 0
-i_1+PB_L-1 >= 0
i_1-1 >= 0
i_2-2 >= 0
-i_2+PB_M+1 >= 0
-i_0+i_0'-1 >= 0
-i_0'+PB_M-1 >= 0



[pluto] WARNING: working with original (identity) transformation (if they exist)
[plcg-info] After affine transformations
T(S1): (0, i_0, 0, -i_1, 0, 0, 0, 0)
loop types (scalar, loop, scalar, loop, scalar, scalar, scalar, scalar)

T(S2): (0, i_0, 0, -i_1, 1, i_2/32, i_2, 0)
loop types (scalar, loop, scalar, loop, scalar, loop, loop, scalar)

t1 --> unknown  scalar (band -1)no-ujam
t2 --> unknown  loop   (band -1)no-ujam
t3 --> unknown  scalar (band -1)no-ujam
t4 --> unknown  loop   (band -1)no-ujam
t5 --> unknown  scalar (band -1)no-ujam
t6 --> unknown  loop   (band -1)no-ujam
t7 --> unknown  loop   (band -1)no-ujam
t8 --> unknown  scalar (band -1)no-ujam

