[plcg-info] Before affine transformations
nvar = 3, npar = 2
Parameters: PB_Q PB_P 
S1 "B[i_0-1][i_1+i_0] = C[i_1] + B[i_0][i_1+i_0+1] - B[i_1][i_1+i_0+1] * 5;"
ndims: 2; orig_depth: 2
iterators: i_0, i_1
Index set
8 6
1 1 0 0 0 -1 
1 -1 0 1 0 -1 
1 0 0 1 0 -2 
1 0 1 0 0 0 
1 0 -1 1 0 -1 
1 -1 -1 0 1 -2 
1 0 0 1 0 -1 
1 -1 0 0 1 -2 
T(S1): (0, i_0, 0, i_1, 0, 0, 0)
loop types (loop, loop, loop, loop, loop, scalar, scalar)

Read accesses
C[i_1]
B[i_0][i_0+i_1+1]
B[i_1][i_0+i_1+1]
Write accesses
B[i_0-1][i_0+i_1]
Original loop: 0 -> yes
Original loop: 1 -> yes

S2 "B[i_2-1][i_2+i_1] = D[i_2][i_1] - E[i_1][i_0+1][i_2+1] * F[i_1][i_2][i_0][i_1] - E[i_2+i_1][i_0][i_0] * 5;"
ndims: 3; orig_depth: 3
iterators: i_0, i_1, i_2
Index set
13 7
1 1 0 0 0 0 -1 
1 -1 0 0 1 0 -1 
1 0 0 0 1 0 -2 
1 0 1 0 0 0 0 
1 0 -1 0 1 0 -1 
1 -1 -1 0 0 1 -2 
1 0 0 0 1 0 -1 
1 -1 0 0 0 1 -2 
1 0 0 1 0 0 -1 
1 0 -1 -1 0 1 -1 
1 0 0 -1 0 1 -2 
1 0 -1 0 0 1 -2 
1 0 0 0 0 1 -3 
T(S2): (0, i_0, 0, i_1, 1, i_2, 0)
loop types (loop, loop, loop, loop, loop, loop, loop)

Read accesses
D[i_2][i_1]
E[i_1][i_0+1][i_2+1]
F[i_1][i_2][i_0][i_1]
E[i_1+i_2][i_0][i_0]
Write accesses
B[i_2-1][i_1+i_2]
Original loop: 0 -> yes
Original loop: 1 -> yes
Original loop: 2 -> yes

--- Dep 1 from S1 to S1; satisfied: 0, sat level: -1; Type: RAW
on variable: B
Dependence polyhedron
Set #1
[6 dims; 6 constraints]
-i_0+i_1'+1 = 0
-i_1+i_0' = 0
i_0-1 >= 0
-i_0+i_1-1 >= 0
-i_0-i_1+PB_P-2 >= 0
-i_1+PB_Q-1 >= 0


--- Dep 2 from S2 to S1; satisfied: 0, sat level: -1; Type: RAW
on variable: B
Dependence polyhedron
Set #1
[7 dims; 9 constraints]
-i_2+i_1'+1 = 0
-i_1+i_0' = 0
i_0-1 >= 0
-i_0+i_1-1 >= 0
-i_0-i_1+PB_P-2 >= 0
-i_1+PB_Q-1 >= 0
i_2-1 >= 0
-i_1-i_2+PB_P-1 >= 0
-i_2+PB_Q >= 0


--- Dep 3 from S2 to S1; satisfied: 0, sat level: -1; Type: RAW
on variable: B
Dependence polyhedron
Set #1
[7 dims; 7 constraints]
-i_2+i_1'+1 = 0
-i_0+i_0' = 0
-i_0+i_1 = 0
i_0-1 >= 0
-i_0+i_2-2 >= 0
-i_0-i_2+PB_P-1 >= 0
-i_2+PB_Q >= 0


--- Dep 4 from S2 to S1; satisfied: 0, sat level: -1; Type: RAW
on variable: B
Dependence polyhedron
Set #1
[7 dims; 9 constraints]
-i_1+i_1' = 0
-i_2+i_0'+1 = 0
i_0-1 >= 0
i_1 >= 0
-i_1+PB_Q-1 >= 0
-i_0+i_2-2 >= 0
-i_1-i_2+PB_P-1 >= 0
-i_2+PB_P-2 >= 0
-i_2+PB_Q >= 0


--- Dep 5 from S1 to S2; satisfied: 0, sat level: -1; Type: WAR
on variable: B
Dependence polyhedron
Set #1
[7 dims; 9 constraints]
-i_1+i_2'-1 = 0
-i_0+i_1' = 0
i_0-1 >= 0
i_1 >= 0
-i_0-i_1+PB_P-2 >= 0
-i_1+PB_Q-1 >= 0
-i_0+i_0'-1 >= 0
-i_0-i_0'+PB_P-2 >= 0
-i_0'+PB_Q-1 >= 0


--- Dep 6 from S1 to S2; satisfied: 0, sat level: -1; Type: WAR
on variable: B
Dependence polyhedron
Set #1
[7 dims; 8 constraints]
-i_1+i_2'-1 = 0
-i_0+i_1' = 0
-i_0+i_0' = 0
i_0-1 >= 0
-i_0+PB_Q-1 >= 0
-2i_0+PB_P-2 >= 0
i_1 >= 0
i_0-i_1 >= 0


--- Dep 7 from S1 to S1; satisfied: 0, sat level: -1; Type: WAR
on variable: B
Dependence polyhedron
Set #1
[6 dims; 7 constraints]
-i_1+i_1' = 0
-i_0+i_0'-1 = 0
i_0-1 >= 0
-i_0+PB_Q-2 >= 0
i_1 >= 0
-i_0-i_1+PB_P-3 >= 0
-i_1+PB_Q-1 >= 0


--- Dep 8 from S1 to S1; satisfied: 0, sat level: -1; Type: WAR
on variable: B
Dependence polyhedron
Set #1
[6 dims; 6 constraints]
-i_0+i_1' = 0
-i_1+i_0'-1 = 0
i_0-1 >= 0
-i_0+i_1 >= 0
-i_0-i_1+PB_P-3 >= 0
-i_1+PB_Q-2 >= 0


--- Dep 9 from S1 to S1; satisfied: 0, sat level: -1; Type: WAR
on variable: B
Dependence polyhedron
Set #1
[6 dims; 6 constraints]
-i_0+i_1' = 0
-i_0+i_0' = 0
-i_0+i_1+1 = 0
i_0-1 >= 0
-i_0+PB_Q-1 >= 0
-2i_0+PB_P-2 >= 0


--- Dep 10 from S1 to S2; satisfied: 0, sat level: -1; Type: WAR
on variable: B
Dependence polyhedron
Set #1
[7 dims; 8 constraints]
-i_0+i_2'-1 = 0
-i_1+i_1' = 0
i_0-1 >= 0
i_1 >= 0
-i_1+PB_Q-1 >= 0
-i_0+i_0'-1 >= 0
-i_1-i_0'+PB_P-2 >= 0
-i_0'+PB_Q-1 >= 0


--- Dep 11 from S1 to S2; satisfied: 0, sat level: -1; Type: WAR
on variable: B
Dependence polyhedron
Set #1
[7 dims; 9 constraints]
-i_0+i_2'-1 = 0
-i_1+i_1' = 0
-i_0+i_0' = 0
i_0-1 >= 0
-i_0+PB_P-3 >= 0
-i_0+PB_Q-1 >= 0
i_1 >= 0
-i_0-i_1+PB_P-2 >= 0
-i_1+PB_Q-1 >= 0


--- Dep 12 from S2 to S2; satisfied: 0, sat level: -1; Type: WAW
on variable: B
Dependence polyhedron
Set #1
[8 dims; 11 constraints]
-i_2+i_2' = 0
-i_1+i_1' = 0
i_0-1 >= 0
i_1 >= 0
-i_1+PB_Q-1 >= 0
i_2-1 >= 0
-i_1-i_2+PB_P-1 >= 0
-i_2+PB_P-2 >= 0
-i_0+i_0'-1 >= 0
-i_1-i_0'+PB_P-2 >= 0
-i_0'+PB_Q-1 >= 0


--- Dep 13 from S1 to S2; satisfied: 0, sat level: -1; Type: WAW
on variable: B
Dependence polyhedron
Set #1
[7 dims; 8 constraints]
-i_0+i_2' = 0
-i_1+i_1' = 0
i_0-1 >= 0
i_1 >= 0
-i_1+PB_Q-1 >= 0
-i_0+i_0'-1 >= 0
-i_1-i_0'+PB_P-2 >= 0
-i_0'+PB_Q-1 >= 0


--- Dep 14 from S1 to S2; satisfied: 0, sat level: -1; Type: WAW
on variable: B
Dependence polyhedron
Set #1
[7 dims; 8 constraints]
-i_0+i_2' = 0
-i_1+i_1' = 0
-i_0+i_0' = 0
i_0-1 >= 0
-i_0+PB_Q-1 >= 0
i_1 >= 0
-i_0-i_1+PB_P-2 >= 0
-i_1+PB_Q-1 >= 0


--- Dep 15 from S2 to S1; satisfied: 0, sat level: -1; Type: WAW
on variable: B
Dependence polyhedron
Set #1
[7 dims; 8 constraints]
-i_1+i_1' = 0
-i_2+i_0' = 0
i_0-1 >= 0
i_1 >= 0
-i_1+PB_Q-1 >= 0
-i_0+i_2-1 >= 0
-i_1-i_2+PB_P-2 >= 0
-i_2+PB_Q-1 >= 0



[plcg-info] After affine transformations
T(S1): (i_0, i_1/32+(i_0+2i_1)/32, (i_0+2i_1)/32, i_1, i_0+2i_1, 0)
loop types (loop, loop, loop, loop, loop, scalar)

T(S2): (i_0, i_1/32+(2i_1+i_2)/32, (2i_1+i_2)/32, i_1, 2i_1+i_2, 1)
loop types (loop, loop, loop, loop, loop, scalar)

t1 --> unknown  loop   (band -1)no-ujam
t2 --> unknown  loop   (band -1)no-ujam
t3 --> unknown  loop   (band -1)no-ujam
t4 --> unknown  loop   (band -1)no-ujam
t5 --> unknown  loop   (band -1)no-ujam
t6 --> unknown  scalar (band -1)no-ujam

