[plcg-info] Before affine transformations
nvar = 3, npar = 2
Parameters: PB_M PB_L 
S1 "B[i_2][i_2] = 3;"
ndims: 3; orig_depth: 3
iterators: i_0, i_1, i_2
Index set
8 7
1 1 0 0 0 0 -1 
1 -1 0 0 1 0 -1 
1 0 0 0 1 0 -2 
1 -1 1 0 0 0 0 
1 0 -1 0 1 0 -1 
1 0 0 1 0 0 0 
1 0 0 -1 0 1 -1 
1 0 0 0 0 1 -1 
T(S1): (0, i_0, 0, i_1, 0, i_2, 0)
loop types (loop, loop, loop, loop, loop, loop, loop)

No Read accesses
Write accesses
B[i_2][i_2]
Original loop: 0 -> yes
Original loop: 1 -> yes
Original loop: 2 -> yes

S2 "B[i_3][i_3] = C[i_3+i_0][i_3] + B[i_3-1][i_3-1] + B[i_0-1][i_0-1] * 4;"
ndims: 2; orig_depth: 2
iterators: i_0, i_3
Index set
6 6
1 1 0 0 0 -1 
1 -1 0 1 0 -1 
1 0 0 1 0 -2 
1 -1 1 0 0 0 
1 -1 -1 1 0 -1 
1 -2 0 1 0 -1 
T(S2): (0, i_0, 1, i_3, 0, 0, 0)
loop types (loop, loop, loop, loop, loop, scalar, scalar)

Read accesses
C[i_0+i_3][i_3]
B[i_3-1][i_3-1]
B[i_0-1][i_0-1]
Write accesses
B[i_3][i_3]
Original loop: 0 -> yes
Original loop: 1 -> yes

--- Dep 1 from S2 to S2; satisfied: 0, sat level: -1; Type: RAW
on variable: B
Dependence polyhedron
Set #1
[6 dims; 5 constraints]
-i_3+i_3'-1 = 0
i_0-1 >= 0
-i_0+i_0'-1 >= 0
i_3-i_0'+1 >= 0
-i_3-i_0'+PB_M-2 >= 0


--- Dep 2 from S2 to S2; satisfied: 0, sat level: -1; Type: RAW
on variable: B
Dependence polyhedron
Set #1
[6 dims; 5 constraints]
-i_3+i_3'-1 = 0
-i_0+i_0' = 0
i_0-1 >= 0
-i_0+i_3 >= 0
-i_0-i_3+PB_M-2 >= 0


--- Dep 3 from S1 to S2; satisfied: 0, sat level: -1; Type: RAW
on variable: B
Dependence polyhedron
Set #1
[7 dims; 8 constraints]
-i_2+i_3'-1 = 0
i_0-1 >= 0
-i_0+i_1 >= 0
-i_1+PB_M-1 >= 0
-i_2+PB_L-1 >= 0
-i_0+i_0' >= 0
i_2-i_0'+1 >= 0
-i_2-i_0'+PB_M-2 >= 0


--- Dep 4 from S1 to S2; satisfied: 0, sat level: -1; Type: RAW
on variable: B
Dependence polyhedron
Set #1
[7 dims; 8 constraints]
-i_2+i_0'-1 = 0
i_0-1 >= 0
-i_0+i_1 >= 0
-i_1+PB_M-1 >= 0
-i_0+i_2+1 >= 0
-i_2+PB_L-1 >= 0
-i_2+i_3'-1 >= 0
-i_2-i_3'+PB_M-2 >= 0


--- Dep 5 from S2 to S2; satisfied: 0, sat level: -1; Type: RAW
on variable: B
Dependence polyhedron
Set #1
[6 dims; 5 constraints]
-i_3+i_0'-1 = 0
i_0-1 >= 0
-i_0+i_3 >= 0
-i_3+i_3'-1 >= 0
-i_3-i_3'+PB_M-2 >= 0


--- Dep 6 from S2 to S1; satisfied: 0, sat level: -1; Type: WAR
on variable: B
Dependence polyhedron
Set #1
[7 dims; 8 constraints]
-i_3+i_2'+1 = 0
i_0-1 >= 0
-i_0+i_3 >= 0
-i_3+PB_L >= 0
-i_0-i_3+PB_M-1 >= 0
-i_0+i_0'-1 >= 0
-i_0'+i_1' >= 0
-i_1'+PB_M-1 >= 0


--- Dep 7 from S2 to S2; satisfied: 0, sat level: -1; Type: WAR
on variable: B
Dependence polyhedron
Set #1
[6 dims; 5 constraints]
-i_3+i_3'+1 = 0
i_0-1 >= 0
-i_0+i_0'-1 >= 0
i_3-i_0'-1 >= 0
-i_3-i_0'+PB_M >= 0


--- Dep 8 from S2 to S1; satisfied: 0, sat level: -1; Type: WAR
on variable: B
Dependence polyhedron
Set #1
[7 dims; 8 constraints]
-i_0+i_2'+1 = 0
i_0-1 >= 0
-i_0+PB_L >= 0
-i_0+i_3 >= 0
-i_0-i_3+PB_M-1 >= 0
-i_0+i_0'-1 >= 0
-i_0'+i_1' >= 0
-i_1'+PB_M-1 >= 0


--- Dep 9 from S2 to S2; satisfied: 0, sat level: -1; Type: WAW
on variable: B
Dependence polyhedron
Set #1
[6 dims; 5 constraints]
-i_3+i_3' = 0
i_0-1 >= 0
-i_0+i_0'-1 >= 0
i_3-i_0' >= 0
-i_3-i_0'+PB_M-1 >= 0


--- Dep 10 from S2 to S1; satisfied: 0, sat level: -1; Type: WAW
on variable: B
Dependence polyhedron
Set #1
[7 dims; 8 constraints]
-i_3+i_2' = 0
i_0-1 >= 0
-i_0+i_3 >= 0
-i_3+PB_L-1 >= 0
-i_0-i_3+PB_M-1 >= 0
-i_0+i_0'-1 >= 0
-i_0'+i_1' >= 0
-i_1'+PB_M-1 >= 0


--- Dep 11 from S1 to S2; satisfied: 0, sat level: -1; Type: WAW
on variable: B
Dependence polyhedron
Set #1
[7 dims; 8 constraints]
-i_2+i_3' = 0
i_0-1 >= 0
-i_0+i_1 >= 0
-i_1+PB_M-1 >= 0
-i_2+PB_L-1 >= 0
-i_0+i_0' >= 0
i_2-i_0' >= 0
-i_2-i_0'+PB_M-1 >= 0


--- Dep 12 from S1 to S1; satisfied: 0, sat level: -1; Type: WAW
on variable: B
Dependence polyhedron
Set #1
[8 dims; 9 constraints]
-i_2+i_2' = 0
i_0-1 >= 0
-i_0+i_1 >= 0
-i_1+PB_M-1 >= 0
i_2 >= 0
-i_2+PB_L-1 >= 0
-i_0+i_0'-1 >= 0
-i_0'+i_1' >= 0
-i_1'+PB_M-1 >= 0


--- Dep 13 from S1 to S1; satisfied: 0, sat level: -1; Type: WAW
on variable: B
Dependence polyhedron
Set #1
[8 dims; 8 constraints]
-i_2+i_2' = 0
-i_0+i_0' = 0
i_0-1 >= 0
-i_0+i_1 >= 0
i_2 >= 0
-i_2+PB_L-1 >= 0
-i_1+i_1'-1 >= 0
-i_1'+PB_M-1 >= 0



[plcg-info] After affine transformations
T(S1): (i_0, i_2, 0, i_1)
loop types (loop, loop, scalar, loop)

T(S2): (i_0, i_3, 1, 0)
loop types (loop, loop, scalar, scalar)

t1 --> unknown  loop   (band -1)no-ujam
t2 --> unknown  loop   (band -1)no-ujam
t3 --> unknown  scalar (band -1)no-ujam
t4 --> unknown  loop   (band -1)no-ujam

