[plcg-info] Before affine transformations
nvar = 3, npar = 2
Parameters: PB_L PB_M 
S1 "B[i_1+2][i_2][i_0+3][i_1-1] = C[i_0-2][i_2-2][i_2] * D[i_2-2][i_1][i_0-2] * 2;"
ndims: 3; orig_depth: 3
iterators: i_0, i_1, i_2
Index set
9 7
1 1 0 0 0 0 -2 
1 -1 0 0 1 0 1 
1 0 0 0 1 0 -1 
1 0 1 0 0 0 -1 
1 0 -1 0 0 1 -3 
1 0 0 0 0 1 -4 
1 0 0 1 0 0 -2 
1 0 0 -1 1 0 -1 
1 0 0 0 1 0 -3 
T(S1): (0, i_0, 0, i_1, 0, i_2, 0)
loop types (loop, loop, loop, loop, loop, loop, loop)

Read accesses
C[i_0-2][i_2-2][i_2]
D[i_2-2][i_1][i_0-2]
Write accesses
B[i_1+2][i_2][i_0+3][i_1-1]
Original loop: 0 -> yes
Original loop: 1 -> yes
Original loop: 2 -> yes

S2 "B[i_3+2][i_5][i_4+2][i_3-1] = B[i_4+2][i_5-1][i_3+1][i_4-1] - B[i_3+1][i_4][i_5+2][i_3-2] - 3;"
ndims: 3; orig_depth: 3
iterators: i_3, i_4, i_5
Index set
9 7
1 1 0 0 0 0 -2 
1 -1 0 0 0 1 -3 
1 0 0 0 0 1 -5 
1 0 1 0 0 0 -1 
1 0 -1 0 0 1 -3 
1 0 0 0 0 1 -4 
1 0 0 1 0 0 -1 
1 0 0 -1 1 0 -1 
1 0 0 0 1 0 -2 
T(S2): (1, i_3, 0, i_4, 0, i_5, 0)
loop types (loop, loop, loop, loop, loop, loop, loop)

Read accesses
B[i_4+2][i_5-1][i_3+1][i_4-1]
B[i_3+1][i_4][i_5+2][i_3-2]
Write accesses
B[i_3+2][i_5][i_4+2][i_3-1]
Original loop: 0 -> yes
Original loop: 1 -> yes
Original loop: 2 -> yes

--- Dep 1 from S1 to S2; satisfied: 0, sat level: -1; Type: RAW
on variable: B
Dependence polyhedron
Set #1
[8 dims; 10 constraints]
-i_2+i_5'-1 = 0
-i_1+i_4' = 0
-i_0+i_3'-2 = 0
i_0-2 >= 0
-i_0+PB_M-5 >= 0
-i_0+PB_L+1 >= 0
i_1-1 >= 0
-i_1+PB_M-3 >= 0
i_2-2 >= 0
-i_2+PB_L-2 >= 0


--- Dep 2 from S1 to S2; satisfied: 0, sat level: -1; Type: RAW
on variable: B
Dependence polyhedron
Set #1
[8 dims; 10 constraints]
-i_0+i_5'-1 = 0
-i_2+i_4' = 0
-i_1+i_3'-1 = 0
i_0-2 >= 0
-i_0+PB_L-2 >= 0
i_1-1 >= 0
-i_1+PB_M-4 >= 0
i_2-2 >= 0
-i_2+PB_M-3 >= 0
-i_2+PB_L-1 >= 0


--- Dep 3 from S2 to S2; satisfied: 0, sat level: -1; Type: RAW
on variable: B
Dependence polyhedron
Set #1
[8 dims; 11 constraints]
-i_4+i_5' = 0
-i_5+i_4' = 0
-i_3+i_3'-1 = 0
i_3-2 >= 0
-i_3+PB_M-4 >= 0
i_4-1 >= 0
-i_4+PB_M-3 >= 0
-i_4+PB_L-1 >= 0
i_5-1 >= 0
-i_5+PB_M-3 >= 0
-i_5+PB_L-1 >= 0


--- Dep 4 from S2 to S2; satisfied: 0, sat level: -1; Type: RAW
on variable: B
Dependence polyhedron
Set #1
[8 dims; 8 constraints]
-i_5+i_5'-1 = 0
-i_3+i_4' = 0
-i_4+i_3'-1 = 0
i_3-2 >= 0
-i_3+i_4 >= 0
-i_4+PB_M-4 >= 0
i_5-1 >= 0
-i_5+PB_L-2 >= 0


--- Dep 5 from S2 to S2; satisfied: 0, sat level: -1; Type: RAW
on variable: B
Dependence polyhedron
Set #1
[8 dims; 8 constraints]
-i_5+i_5'-1 = 0
-i_3+i_4' = 0
-i_3+i_3' = 0
-i_3+i_4+1 = 0
i_3-2 >= 0
-i_3+PB_M-3 >= 0
i_5-1 >= 0
-i_5+PB_L-2 >= 0


--- Dep 6 from S2 to S2; satisfied: 0, sat level: -1; Type: WAR
on variable: B
Dependence polyhedron
Set #1
[8 dims; 8 constraints]
-i_5+i_5'+1 = 0
-i_3+i_4'+1 = 0
-i_4+i_3' = 0
i_3-2 >= 0
-i_3+i_4-1 >= 0
-i_4+PB_M-3 >= 0
i_5-2 >= 0
-i_5+PB_L-1 >= 0


--- Dep 7 from S1 to S2; satisfied: 0, sat level: -1; Type: WAW
on variable: B
Dependence polyhedron
Set #1
[8 dims; 10 constraints]
-i_2+i_5' = 0
-i_0+i_4'-1 = 0
-i_1+i_3' = 0
i_0-2 >= 0
-i_0+PB_M-4 >= 0
-i_0+PB_L+1 >= 0
i_1-2 >= 0
-i_1+PB_M-3 >= 0
i_2-2 >= 0
-i_2+PB_L-1 >= 0



t5 {loop with stmts: S1, S2, }
t4 {loop with stmts: S1, S2, }
t3 {loop with stmts: S1, S2, }
[plcg-info] After affine transformations
T(S1): ((i_0+i_1+i_2)/32+(i_1+i_2)/32, (i_1+i_2)/32, i_0+i_1+i_2, i_1+i_2, i_2)
loop types (loop, loop, loop, loop, loop)

T(S2): ((3i_3+i_4+i_5)/32+(4i_3+i_4+i_5)/32, (4i_3+i_4+i_5)/32, 3i_3+i_4+i_5, 4i_3+i_4+i_5, i_5)
loop types (loop, loop, loop, loop, loop)

t1 --> unknown  loop   (band -1)no-ujam
t2 --> unknown  loop   (band -1)no-ujam
t3 --> unknown  loop   (band -1)no-ujam
t4 --> unknown  loop   (band -1)no-ujam
t5 --> unknown  loop   (band -1)no-ujam

