[plcg-info] Before affine transformations
nvar = 3, npar = 3
Parameters: PB_M PB_L PB_P 
S1 "A[i_0] = C[i_0] + C[i_0+1] * C[i_0-1] - D[i_0][i_0+1] * A[i_0-2] - 3;"
ndims: 1; orig_depth: 1
iterators: i_0
Index set
3 6
1 1 0 0 0 -2 
1 -1 1 0 0 -2 
1 0 1 0 0 -4 
T(S1): (0, i_0, 0, 0, 0, 0, 0)
loop types (loop, loop, loop, scalar, scalar, scalar, scalar)

Read accesses
C[i_0]
C[i_0+1]
C[i_0-1]
D[i_0][i_0+1]
A[i_0-2]
Write accesses
A[i_0]
Original loop: 0 -> yes

S2 "B[i_1][i_2][i_3-1] = E[i_3+1][i_1][i_2] * D[i_3+i_2+1][i_1] + 1;"
ndims: 3; orig_depth: 3
iterators: i_1, i_2, i_3
Index set
11 8
1 1 0 0 0 0 0 0 
1 -1 0 0 1 0 0 -1 
1 0 0 0 1 0 0 -1 
1 0 1 0 0 0 0 0 
1 0 -1 0 0 1 0 -2 
1 0 0 0 0 1 0 -2 
1 0 0 1 0 0 0 -1 
1 0 -1 -1 0 1 0 -2 
1 0 0 -1 0 0 1 0 
1 0 -1 0 0 1 0 -3 
1 0 0 0 0 0 1 -1 
T(S2): (1, i_1, 0, i_2, 0, i_3, 0)
loop types (loop, loop, loop, loop, loop, loop, loop)

Read accesses
E[i_3+1][i_1][i_2]
D[i_2+i_3+1][i_1]
Write accesses
B[i_1][i_2][i_3-1]
Original loop: 0 -> yes
Original loop: 1 -> yes
Original loop: 2 -> yes

--- Dep 1 from S1 to S1; satisfied: 0, sat level: -1; Type: RAW
on variable: A
Dependence polyhedron
Set #1
[5 dims; 3 constraints]
-i_0+i_0'-2 = 0
i_0-2 >= 0
-i_0+PB_M-4 >= 0



[plcg-info] After affine transformations
T(S1): (i_0/32, 0, 0, i_0, 0, 0)
loop types (loop, scalar, scalar, loop, scalar, scalar)

T(S2): (i_1/32, i_2/32, i_3/32, i_1, i_2, i_3)
loop types (loop, loop, loop, loop, loop, loop)

t1 --> unknown  loop   (band -1)no-ujam
t2 --> unknown  loop   (band -1)no-ujam
t3 --> unknown  loop   (band -1)no-ujam
t4 --> unknown  loop   (band -1)no-ujam
t5 --> unknown  loop   (band -1)no-ujam
t6 --> unknown  loop   (band -1)no-ujam

