[plcg-info] Before affine transformations
nvar = 3, npar = 2
Parameters: PB_Q PB_P 
S1 "A[i_1][i_2][i_0+1][i_2+i_1] = A[i_0][i_2][i_1-1][i_2+i_0] + 5;"
ndims: 3; orig_depth: 3
iterators: i_0, i_1, i_2
Index set
12 7
1 1 0 0 0 0 -2 
1 -1 0 0 1 0 -2 
1 0 0 0 1 0 -4 
1 0 1 0 0 0 -1 
1 0 -1 0 1 0 -1 
1 0 0 0 1 0 -2 
1 0 0 1 0 0 0 
1 0 0 -1 0 1 -1 
1 -1 0 -1 1 0 -1 
1 0 -1 -1 1 0 -1 
1 0 0 0 0 1 -1 
1 -1 0 0 1 0 -1 
T(S1): (0, i_0, 0, i_1, 0, i_2, 0)
loop types (loop, loop, loop, loop, loop, loop, loop)

Read accesses
A[i_0][i_2][i_1-1][i_0+i_2]
Write accesses
A[i_1][i_2][i_0+1][i_1+i_2]
Original loop: 0 -> yes
Original loop: 1 -> yes
Original loop: 2 -> yes

S2 "B[i_0] = C[i_0] * B[i_0-1] * B[i_0-2] + 4;"
ndims: 1; orig_depth: 1
iterators: i_0
Index set
3 5
1 1 0 0 -2 
1 -1 1 0 -2 
1 0 1 0 -4 
T(S2): (0, i_0, 1, 0, 0, 0, 0)
loop types (loop, loop, loop, scalar, scalar, scalar, scalar)

Read accesses
C[i_0]
B[i_0-1]
B[i_0-2]
Write accesses
B[i_0]
Original loop: 0 -> yes

--- Dep 1 from S2 to S2; satisfied: 0, sat level: -1; Type: RAW
on variable: B
Dependence polyhedron
Set #1
[4 dims; 3 constraints]
-i_0+i_0'-2 = 0
i_0-2 >= 0
-i_0+PB_Q-4 >= 0


--- Dep 2 from S2 to S2; satisfied: 0, sat level: -1; Type: RAW
on variable: B
Dependence polyhedron
Set #1
[4 dims; 3 constraints]
-i_0+i_0'-1 = 0
i_0-2 >= 0
-i_0+PB_Q-3 >= 0


--- Dep 3 from S1 to S1; satisfied: 0, sat level: -1; Type: RAW
on variable: A
Dependence polyhedron
Set #1
[8 dims; 10 constraints]
-i_2+i_2' = 0
-i_0+i_1'-2 = 0
-i_1+i_0' = 0
i_0-2 >= 0
-i_0+i_1-1 >= 0
-i_1+PB_Q-2 >= 0
i_2 >= 0
-i_2+PB_P-1 >= 0
-i_0-i_2+PB_Q-3 >= 0
-i_1-i_2+PB_Q-1 >= 0


--- Dep 4 from S1 to S1; satisfied: 0, sat level: -1; Type: RAW
on variable: A
Dependence polyhedron
Set #1
[8 dims; 8 constraints]
-i_2+i_2' = 0
-i_0+i_1'-2 = 0
-i_0+i_0' = 0
-i_0+i_1 = 0
i_0-2 >= 0
i_2 >= 0
-i_2+PB_P-1 >= 0
-i_0-i_2+PB_Q-3 >= 0


--- Dep 5 from S1 to S1; satisfied: 0, sat level: -1; Type: WAR
on variable: A
Dependence polyhedron
Set #1
[8 dims; 8 constraints]
-i_2+i_2' = 0
-i_0+i_1' = 0
-i_1+i_0'+2 = 0
i_0-2 >= 0
-i_0+i_1-3 >= 0
i_2 >= 0
-i_2+PB_P-1 >= 0
-i_1-i_2+PB_Q-1 >= 0



[plcg-info] After affine transformations
T(S1): (i_2/32, i_0/32, (3i_0+i_1)/32, i_2, i_0, 3i_0+i_1)
loop types (loop, loop, loop, loop, loop, loop)

T(S2): (i_0/32, 0, 0, i_0, 0, 0)
loop types (loop, scalar, scalar, loop, scalar, scalar)

t1 --> unknown  loop   (band -1)no-ujam
t2 --> unknown  loop   (band -1)no-ujam
t3 --> unknown  loop   (band -1)no-ujam
t4 --> unknown  loop   (band -1)no-ujam
t5 --> unknown  loop   (band -1)no-ujam
t6 --> unknown  loop   (band -1)no-ujam

