[plcg-info] Before affine transformations
nvar = 3, npar = 2
Parameters: PB_M PB_N 
S1 "A[i_1][i_1] = C[i_1+i_0][i_2][0] + A[i_2-1][i_2-1] * A[i_1+1][i_1+1] - A[i_2+1][i_2+1] + 3;"
ndims: 3; orig_depth: 3
iterators: i_0, i_1, i_2
Index set
10 7
1 1 0 0 0 0 0 
1 -1 0 0 1 0 -1 
1 0 0 0 1 0 -1 
1 0 1 0 0 0 0 
1 -1 -1 0 1 0 -1 
1 0 -1 0 1 0 -2 
1 0 0 0 1 0 -2 
1 0 0 1 0 0 -1 
1 0 0 -1 1 0 -2 
1 0 0 0 1 0 -3 
T(S1): (0, i_0, 0, i_1, 0, i_2, 0)
loop types (loop, loop, loop, loop, loop, loop, loop)

Read accesses
C[i_0+i_1][i_2][0]
A[i_2-1][i_2-1]
A[i_1+1][i_1+1]
A[i_2+1][i_2+1]
Write accesses
A[i_1][i_1]
Original loop: 0 -> yes
Original loop: 1 -> yes
Original loop: 2 -> yes

S2 "B[i_3-2][i_4-2] = B[i_3-2][i_4-3] * 6;"
ndims: 2; orig_depth: 2
iterators: i_3, i_4
Index set
8 6
1 1 0 0 0 -2 
1 -1 0 0 1 1 
1 0 0 0 1 -1 
1 0 1 0 0 -3 
1 1 -1 0 0 -1 
1 0 -1 1 0 1 
1 1 0 0 0 -4 
1 0 0 1 0 -2 
T(S2): (1, i_3, 0, i_4, 0, 0, 0)
loop types (loop, loop, loop, loop, loop, scalar, scalar)

Read accesses
B[i_3-2][i_4-3]
Write accesses
B[i_3-2][i_4-2]
Original loop: 0 -> yes
Original loop: 1 -> yes

--- Dep 1 from S2 to S2; satisfied: 0, sat level: -1; Type: RAW
on variable: B
Dependence polyhedron
Set #1
[6 dims; 6 constraints]
-i_4+i_4'-1 = 0
-i_3+i_3' = 0
-i_3+PB_N+1 >= 0
i_4-3 >= 0
i_3-i_4-2 >= 0
-i_4+PB_M >= 0


--- Dep 2 from S1 to S1; satisfied: 0, sat level: -1; Type: RAW
on variable: A
Dependence polyhedron
Set #1
[8 dims; 10 constraints]
-i_1+i_1'+1 = 0
i_0 >= 0
i_1-1 >= 0
-i_1+PB_M-2 >= 0
i_2-1 >= 0
-i_2+PB_M-2 >= 0
-i_0+i_0'-1 >= 0
-i_1-i_0'+PB_M >= 0
i_2'-1 >= 0
-i_2'+PB_M-2 >= 0


--- Dep 3 from S1 to S1; satisfied: 0, sat level: -1; Type: RAW
on variable: A
Dependence polyhedron
Set #1
[8 dims; 10 constraints]
-i_1+i_2'-1 = 0
i_0 >= 0
i_1 >= 0
-i_0-i_1+PB_M-1 >= 0
-i_1+PB_M-3 >= 0
i_2-1 >= 0
-i_2+PB_M-2 >= 0
-i_0+i_0'-1 >= 0
i_1' >= 0
-i_0'-i_1'+PB_M-1 >= 0


--- Dep 4 from S1 to S1; satisfied: 0, sat level: -1; Type: RAW
on variable: A
Dependence polyhedron
Set #1
[8 dims; 9 constraints]
-i_1+i_2'-1 = 0
-i_0+i_0' = 0
i_0 >= 0
i_1 >= 0
i_2-1 >= 0
-i_2+PB_M-2 >= 0
-i_1+i_1'-1 >= 0
-i_0-i_1'+PB_M-1 >= 0
-i_1'+PB_M-2 >= 0


--- Dep 5 from S1 to S1; satisfied: 0, sat level: -1; Type: RAW
on variable: A
Dependence polyhedron
Set #1
[8 dims; 8 constraints]
-i_1+i_2'-1 = 0
-i_1+i_1' = 0
-i_0+i_0' = 0
i_0 >= 0
-i_0-i_1+PB_M-1 >= 0
-i_1+PB_M-3 >= 0
i_2-1 >= 0
i_1-i_2 >= 0


--- Dep 6 from S1 to S1; satisfied: 0, sat level: -1; Type: RAW
on variable: A
Dependence polyhedron
Set #1
[8 dims; 10 constraints]
-i_1+i_2'+1 = 0
i_0 >= 0
i_1-2 >= 0
-i_0-i_1+PB_M-1 >= 0
-i_1+PB_M-2 >= 0
i_2-1 >= 0
-i_2+PB_M-2 >= 0
-i_0+i_0'-1 >= 0
i_1' >= 0
-i_0'-i_1'+PB_M-1 >= 0


--- Dep 7 from S1 to S1; satisfied: 0, sat level: -1; Type: RAW
on variable: A
Dependence polyhedron
Set #1
[8 dims; 9 constraints]
-i_1+i_2'+1 = 0
-i_0+i_0' = 0
i_0 >= 0
i_1-2 >= 0
i_2-1 >= 0
-i_2+PB_M-2 >= 0
-i_1+i_1'-1 >= 0
-i_0-i_1'+PB_M-1 >= 0
-i_1'+PB_M-2 >= 0


--- Dep 8 from S1 to S1; satisfied: 0, sat level: -1; Type: RAW
on variable: A
Dependence polyhedron
Set #1
[8 dims; 8 constraints]
-i_1+i_2'+1 = 0
-i_1+i_1' = 0
-i_0+i_0' = 0
i_0 >= 0
-i_0-i_1+PB_M-1 >= 0
-i_1+PB_M-2 >= 0
i_2-1 >= 0
i_1-i_2-2 >= 0


--- Dep 9 from S1 to S1; satisfied: 0, sat level: -1; Type: WAR
on variable: A
Dependence polyhedron
Set #1
[8 dims; 11 constraints]
-i_2+i_1'+1 = 0
i_0 >= 0
i_1 >= 0
-i_0-i_1+PB_M-1 >= 0
-i_1+PB_M-2 >= 0
i_2-1 >= 0
-i_2+PB_M-2 >= 0
-i_0+i_0'-1 >= 0
-i_2-i_0'+PB_M >= 0
i_2'-1 >= 0
-i_2'+PB_M-2 >= 0


--- Dep 10 from S1 to S1; satisfied: 0, sat level: -1; Type: WAR
on variable: A
Dependence polyhedron
Set #1
[8 dims; 9 constraints]
-i_2+i_1'+1 = 0
-i_0+i_0' = 0
i_0 >= 0
i_1 >= 0
-i_1+i_2-2 >= 0
-i_0-i_2+PB_M >= 0
-i_2+PB_M-2 >= 0
i_2'-1 >= 0
-i_2'+PB_M-2 >= 0


--- Dep 11 from S1 to S1; satisfied: 0, sat level: -1; Type: WAR
on variable: A
Dependence polyhedron
Set #1
[8 dims; 8 constraints]
-i_1+i_1' = 0
-i_0+i_0' = 0
-i_1+i_2-1 = 0
i_0 >= 0
i_1 >= 0
-i_0-i_1+PB_M-1 >= 0
-i_1+i_2'-2 >= 0
-i_2'+PB_M-2 >= 0


--- Dep 12 from S1 to S1; satisfied: 0, sat level: -1; Type: WAR
on variable: A
Dependence polyhedron
Set #1
[8 dims; 9 constraints]
-i_1+i_1'-1 = 0
i_0 >= 0
i_1 >= 0
i_2-1 >= 0
-i_2+PB_M-2 >= 0
-i_0+i_0'-1 >= 0
-i_1-i_0'+PB_M-2 >= 0
i_2'-1 >= 0
-i_2'+PB_M-2 >= 0


--- Dep 13 from S1 to S1; satisfied: 0, sat level: -1; Type: WAR
on variable: A
Dependence polyhedron
Set #1
[8 dims; 10 constraints]
-i_1+i_1'-1 = 0
-i_0+i_0' = 0
i_0 >= 0
i_1 >= 0
-i_0-i_1+PB_M-2 >= 0
-i_1+PB_M-3 >= 0
i_2-1 >= 0
-i_2+PB_M-2 >= 0
i_2'-1 >= 0
-i_2'+PB_M-2 >= 0


--- Dep 14 from S1 to S1; satisfied: 0, sat level: -1; Type: WAR
on variable: A
Dependence polyhedron
Set #1
[8 dims; 10 constraints]
-i_2+i_1'-1 = 0
i_0 >= 0
i_1 >= 0
-i_0-i_1+PB_M-1 >= 0
-i_1+PB_M-2 >= 0
i_2-1 >= 0
-i_0+i_0'-1 >= 0
-i_2-i_0'+PB_M-2 >= 0
i_2'-1 >= 0
-i_2'+PB_M-2 >= 0


--- Dep 15 from S1 to S1; satisfied: 0, sat level: -1; Type: WAR
on variable: A
Dependence polyhedron
Set #1
[8 dims; 10 constraints]
-i_2+i_1'-1 = 0
-i_0+i_0' = 0
i_0 >= 0
i_1 >= 0
-i_1+i_2 >= 0
i_2-1 >= 0
-i_0-i_2+PB_M-2 >= 0
-i_2+PB_M-3 >= 0
i_2'-1 >= 0
-i_2'+PB_M-2 >= 0


--- Dep 16 from S1 to S1; satisfied: 0, sat level: -1; Type: WAR
on variable: A
Dependence polyhedron
Set #1
[8 dims; 8 constraints]
-i_1+i_1' = 0
-i_0+i_0' = 0
-i_1+i_2+1 = 0
i_0 >= 0
i_1-2 >= 0
-i_0-i_1+PB_M-1 >= 0
-i_1+i_2' >= 0
-i_2'+PB_M-2 >= 0


--- Dep 17 from S1 to S1; satisfied: 0, sat level: -1; Type: WAW
on variable: A
Dependence polyhedron
Set #1
[8 dims; 9 constraints]
-i_1+i_1' = 0
i_0 >= 0
i_1 >= 0
i_2-1 >= 0
-i_2+PB_M-2 >= 0
-i_0+i_0'-1 >= 0
-i_1-i_0'+PB_M-1 >= 0
i_2'-1 >= 0
-i_2'+PB_M-2 >= 0


--- Dep 18 from S1 to S1; satisfied: 0, sat level: -1; Type: WAW
on variable: A
Dependence polyhedron
Set #1
[8 dims; 9 constraints]
-i_1+i_1' = 0
-i_0+i_0' = 0
i_0 >= 0
i_1 >= 0
-i_0-i_1+PB_M-1 >= 0
-i_1+PB_M-2 >= 0
i_2-1 >= 0
-i_2+i_2'-1 >= 0
-i_2'+PB_M-2 >= 0



[plcg-info] After affine transformations
T(S1): (i_0, i_1, i_2)
loop types (loop, loop, loop)

T(S2): (i_3, i_4, 0)
loop types (loop, loop, scalar)

t1 --> unknown  loop   (band -1)no-ujam
t2 --> unknown  loop   (band -1)no-ujam
t3 --> unknown  loop   (band -1)no-ujam

