[plcg-info] Before affine transformations
nvar = 3, npar = 2
Parameters: PB_M PB_L 
S1 "A[i_0][i_2][i_1] = C[i_1][i_0][i_1+1] - C[i_1+1][i_2-1][i_0] + A[i_0+1][i_2+2][i_1] * B[i_2][i_0+1] - 2;"
ndims: 3; orig_depth: 3
iterators: i_0, i_1, i_2
Index set
8 7
1 1 0 0 0 0 0 
1 -1 0 0 1 0 -2 
1 0 0 0 1 0 -2 
1 0 1 0 0 0 0 
1 0 -1 0 1 0 -2 
1 0 0 1 0 0 -1 
1 0 0 -1 0 1 -3 
1 0 0 0 0 1 -4 
T(S1): (0, i_0, 0, i_1, 0, i_2, 0)
loop types (loop, loop, loop, loop, loop, loop, loop)

Read accesses
C[i_1][i_0][i_1+1]
C[i_1+1][i_2-1][i_0]
A[i_0+1][i_2+2][i_1]
B[i_2][i_0+1]
Write accesses
A[i_0][i_2][i_1]
Original loop: 0 -> yes
Original loop: 1 -> yes
Original loop: 2 -> yes

S2 "B[i_0][i_1+1] = 4;"
ndims: 2; orig_depth: 2
iterators: i_0, i_1
Index set
5 6
1 1 0 0 0 0 
1 -1 0 1 0 -2 
1 0 0 1 0 -2 
1 0 1 0 0 0 
1 0 -1 1 0 -2 
T(S2): (0, i_0, 0, i_1, 1, 0, 0)
loop types (loop, loop, loop, loop, loop, scalar, scalar)

No Read accesses
Write accesses
B[i_0][i_1+1]
Original loop: 0 -> yes
Original loop: 1 -> yes

--- Dep 1 from S2 to S1; satisfied: 0, sat level: -1; Type: RAW
on variable: B
Dependence polyhedron
Set #1
[7 dims; 8 constraints]
-i_0+i_2' = 0
-i_1+i_0' = 0
i_0-1 >= 0
-i_0+PB_L-3 >= 0
-i_0+i_1-1 >= 0
-i_1+PB_M-2 >= 0
i_1' >= 0
-i_1'+PB_M-2 >= 0


--- Dep 2 from S2 to S1; satisfied: 0, sat level: -1; Type: RAW
on variable: B
Dependence polyhedron
Set #1
[7 dims; 7 constraints]
-i_0+i_2' = 0
-i_0+i_0' = 0
-i_0+i_1 = 0
i_0-1 >= 0
-i_0+PB_L-3 >= 0
-i_0+i_1'-1 >= 0
-i_1'+PB_M-2 >= 0


--- Dep 3 from S1 to S2; satisfied: 0, sat level: -1; Type: WAR
on variable: B
Dependence polyhedron
Set #1
[7 dims; 8 constraints]
-i_0+i_1' = 0
-i_2+i_0' = 0
i_0 >= 0
i_1 >= 0
-i_1+PB_M-2 >= 0
-i_0+i_2-1 >= 0
-i_2+PB_L-3 >= 0
-i_2+PB_M-2 >= 0


--- Dep 4 from S1 to S2; satisfied: 0, sat level: -1; Type: WAR
on variable: B
Dependence polyhedron
Set #1
[7 dims; 8 constraints]
-i_0+i_1' = 0
-i_0+i_0' = 0
-i_0+i_2 = 0
i_0-1 >= 0
-i_0+PB_L-3 >= 0
-i_0+PB_M-2 >= 0
i_1 >= 0
i_0-i_1 >= 0


--- Dep 5 from S1 to S1; satisfied: 0, sat level: -1; Type: WAR
on variable: A
Dependence polyhedron
Set #1
[8 dims; 9 constraints]
-i_2+i_2'-2 = 0
-i_1+i_1' = 0
-i_0+i_0'-1 = 0
i_0 >= 0
-i_0+PB_M-3 >= 0
i_1 >= 0
-i_1+PB_M-2 >= 0
i_2-1 >= 0
-i_2+PB_L-5 >= 0



[pluto] WARNING: working with original (identity) transformation (if they exist)
[plcg-info] After affine transformations
T(S1): (0, i_0, 0, i_1, 0, i_2/32, i_2, 0)
loop types (scalar, loop, scalar, loop, scalar, loop, loop, scalar)

T(S2): (0, i_0, 0, i_1, 1, 0, 0, 0)
loop types (scalar, loop, scalar, loop, scalar, scalar, scalar, scalar)

t1 --> unknown  scalar (band -1)no-ujam
t2 --> unknown  loop   (band -1)no-ujam
t3 --> unknown  scalar (band -1)no-ujam
t4 --> unknown  loop   (band -1)no-ujam
t5 --> unknown  scalar (band -1)no-ujam
t6 --> unknown  loop   (band -1)no-ujam
t7 --> unknown  loop   (band -1)no-ujam
t8 --> unknown  scalar (band -1)no-ujam

