[plcg-info] Before affine transformations
nvar = 3, npar = 1
Parameters: PB_L 
S1 "A[i_0-2] = C[i_0-2] * D[i_0] * C[0] + A[i_0-1] * A[i_0] + A[i_0-3] * 4;"
ndims: 1; orig_depth: 1
iterators: i_0
Index set
3 4
1 1 0 -3 
1 -1 1 -1 
1 0 1 -4 
T(S1): (0, i_0, 0, 0, 0, 0, 0)
loop types (loop, loop, loop, scalar, scalar, scalar, scalar)

Read accesses
C[i_0-2]
D[i_0]
C[0]
A[i_0-1]
A[i_0]
A[i_0-3]
Write accesses
A[i_0-2]
Original loop: 0 -> yes

S2 "B[i_1][i_0-2][i_2] = E[i_1][i_2][i_2] * F[i_0][i_0-1][i_2][2] + E[i_1][i_0][i_2-1] + B[i_2+1][i_0-1][i_1] * 4;"
ndims: 3; orig_depth: 3
iterators: i_0, i_1, i_2
Index set
9 6
1 1 0 0 0 -3 
1 -1 0 0 1 -1 
1 0 0 0 1 -4 
1 0 1 0 0 0 
1 0 -1 0 1 -1 
1 0 0 0 1 -1 
1 0 0 1 0 -1 
1 0 0 -1 1 -2 
1 0 0 0 1 -3 
T(S2): (0, i_0, 1, i_1, 0, i_2, 0)
loop types (loop, loop, loop, loop, loop, loop, loop)

Read accesses
E[i_1][i_2][i_2]
F[i_0][i_0-1][i_2][2]
E[i_1][i_0][i_2-1]
B[i_2+1][i_0-1][i_1]
Write accesses
B[i_1][i_0-2][i_2]
Original loop: 0 -> yes
Original loop: 1 -> yes
Original loop: 2 -> yes

--- Dep 1 from S1 to S1; satisfied: 0, sat level: -1; Type: RAW
on variable: A
Dependence polyhedron
Set #1
[3 dims; 3 constraints]
-i_0+i_0'-1 = 0
i_0-3 >= 0
-i_0+PB_L-2 >= 0


--- Dep 2 from S2 to S2; satisfied: 0, sat level: -1; Type: WAR
on variable: B
Dependence polyhedron
Set #1
[7 dims; 9 constraints]
-i_1+i_2' = 0
-i_2+i_1'-1 = 0
-i_0+i_0'-1 = 0
i_0-3 >= 0
-i_0+PB_L-2 >= 0
i_1-1 >= 0
-i_1+PB_L-2 >= 0
i_2-1 >= 0
-i_2+PB_L-2 >= 0


--- Dep 3 from S1 to S1; satisfied: 0, sat level: -1; Type: WAR
on variable: A
Dependence polyhedron
Set #1
[3 dims; 3 constraints]
-i_0+i_0'-2 = 0
i_0-3 >= 0
-i_0+PB_L-3 >= 0


--- Dep 4 from S1 to S1; satisfied: 0, sat level: -1; Type: WAR
on variable: A
Dependence polyhedron
Set #1
[3 dims; 3 constraints]
-i_0+i_0'-1 = 0
i_0-3 >= 0
-i_0+PB_L-2 >= 0



t5 {loop with stmts: S2, }
t4 {loop with stmts: S2, }
t3 {loop with stmts: S1, S2, }
t4 {loop with stmts: S2, }
[plcg-info] After affine transformations
T(S1): (i_0/32+i_0, i_0, i_0, 0, 0)
loop types (loop, scalar, loop, scalar, scalar)

T(S2): ((i_0-i_1-i_2)/32+(i_1+i_2)/32, (i_1+i_2)/32, i_0, i_2, i_1+i_2)
loop types (loop, loop, loop, loop, loop)

t1 --> unknown  loop   (band -1)no-ujam
t2 --> unknown  loop   (band -1)no-ujam
t3 --> unknown  loop   (band -1)no-ujam
t4 --> unknown  loop   (band -1)no-ujam
t5 --> unknown  loop   (band -1)no-ujam

