[plcg-info] Before affine transformations
nvar = 3, npar = 3
Parameters: PB_M PB_P PB_L 
S1 "A[i_0][i_0][i_1] = C[1][i_2][i_1-1] * A[i_0][i_0][i_1+2] + 2;"
ndims: 3; orig_depth: 3
iterators: i_0, i_1, i_2
Index set
9 8
1 1 0 0 0 0 0 0 
1 -1 0 0 1 0 0 -1 
1 0 0 0 1 0 0 -1 
1 0 1 0 0 0 0 -1 
1 0 -1 0 0 1 0 -3 
1 0 0 0 0 1 0 -4 
1 0 0 1 0 0 0 0 
1 0 0 -1 0 0 1 -1 
1 0 0 0 0 0 1 -1 
T(S1): (0, i_0, 0, i_1, 0, i_2, 0)
loop types (loop, loop, loop, loop, loop, loop, loop)

Read accesses
C[1][i_2][i_1-1]
A[i_0][i_0][i_1+2]
Write accesses
A[i_0][i_0][i_1]
Original loop: 0 -> yes
Original loop: 1 -> yes
Original loop: 2 -> yes

S2 "B[i_3-1] = D[i_3] - B[i_3-2] * B[i_3] - B[i_3+1] * 1;"
ndims: 1; orig_depth: 1
iterators: i_3
Index set
3 6
1 1 0 0 0 -2 
1 -1 1 0 0 -2 
1 0 1 0 0 -4 
T(S2): (1, i_3, 0, 0, 0, 0, 0)
loop types (loop, loop, loop, scalar, scalar, scalar, scalar)

Read accesses
D[i_3]
B[i_3-2]
B[i_3]
B[i_3+1]
Write accesses
B[i_3-1]
Original loop: 0 -> yes

--- Dep 1 from S2 to S2; satisfied: 0, sat level: -1; Type: RAW
on variable: B
Dependence polyhedron
Set #1
[5 dims; 3 constraints]
-i_3+i_3'-1 = 0
i_3-2 >= 0
-i_3+PB_M-3 >= 0


--- Dep 2 from S2 to S2; satisfied: 0, sat level: -1; Type: WAR
on variable: B
Dependence polyhedron
Set #1
[5 dims; 3 constraints]
-i_3+i_3'-2 = 0
i_3-2 >= 0
-i_3+PB_M-4 >= 0


--- Dep 3 from S1 to S1; satisfied: 0, sat level: -1; Type: WAR
on variable: A
Dependence polyhedron
Set #1
[9 dims; 10 constraints]
-i_1+i_1'-2 = 0
-i_0+i_0' = 0
i_0 >= 0
-i_0+PB_M-1 >= 0
i_1-1 >= 0
-i_1+PB_P-5 >= 0
i_2 >= 0
-i_2+PB_L-1 >= 0
i_2' >= 0
-i_2'+PB_L-1 >= 0


--- Dep 4 from S2 to S2; satisfied: 0, sat level: -1; Type: WAR
on variable: B
Dependence polyhedron
Set #1
[5 dims; 3 constraints]
-i_3+i_3'-1 = 0
i_3-2 >= 0
-i_3+PB_M-3 >= 0


--- Dep 5 from S1 to S1; satisfied: 0, sat level: -1; Type: WAW
on variable: A
Dependence polyhedron
Set #1
[9 dims; 9 constraints]
-i_1+i_1' = 0
-i_0+i_0' = 0
i_0 >= 0
-i_0+PB_M-1 >= 0
i_1-1 >= 0
-i_1+PB_P-3 >= 0
i_2 >= 0
-i_2+i_2'-1 >= 0
-i_2'+PB_L-1 >= 0



t5 {loop with stmts: S1, }
t4 {loop with stmts: S1, }
t3 {loop with stmts: S1, S2, }
[plcg-info] After affine transformations
T(S1): (i_0/32, i_1/32, i_0, i_1, i_2)
loop types (loop, loop, loop, loop, loop)

T(S2): (i_3/32, 0, i_3, 0, 0)
loop types (loop, scalar, loop, scalar, scalar)

t1 --> unknown  loop   (band -1)no-ujam
t2 --> unknown  loop   (band -1)no-ujam
t3 --> unknown  loop   (band -1)no-ujam
t4 --> unknown  loop   (band -1)no-ujam
t5 --> unknown  loop   (band -1)no-ujam

