[plcg-info] Before affine transformations
nvar = 3, npar = 3
Parameters: PB_N PB_L PB_M 
S1 "A[i_0+1][i_2][i_2] = A[i_1-1][i_2][i_2] + A[i_0+1][i_2+1][i_2+1] * A[i_1][i_2+1][i_2+1] - A[i_0+1][i_2-2][i_2-2] + 6;"
ndims: 3; orig_depth: 3
iterators: i_0, i_1, i_2
Index set
8 8
1 1 0 0 0 0 0 0 
1 -1 0 0 1 0 0 -2 
1 0 0 0 1 0 0 -2 
1 0 1 0 0 0 0 -1 
1 0 -1 0 1 0 0 -1 
1 0 0 1 0 0 0 -2 
1 0 0 -1 0 1 0 -2 
1 0 0 0 0 1 0 -4 
T(S1): (0, i_0, 0, i_1, 0, i_2, 0)
loop types (loop, loop, loop, loop, loop, loop, loop)

Read accesses
A[i_1-1][i_2][i_2]
A[i_0+1][i_2+1][i_2+1]
A[i_1][i_2+1][i_2+1]
A[i_0+1][i_2-2][i_2-2]
Write accesses
A[i_0+1][i_2][i_2]
Original loop: 0 -> yes
Original loop: 1 -> yes
Original loop: 2 -> yes

S2 "B[i_3+1] = C[i_3+1] + 6;"
ndims: 1; orig_depth: 1
iterators: i_3
Index set
3 6
1 1 0 0 0 0 
1 -1 0 0 1 -2 
1 0 0 0 1 -2 
T(S2): (1, i_3, 0, 0, 0, 0, 0)
loop types (loop, loop, loop, scalar, scalar, scalar, scalar)

Read accesses
C[i_3+1]
Write accesses
B[i_3+1]
Original loop: 0 -> yes

--- Dep 1 from S1 to S1; satisfied: 0, sat level: -1; Type: RAW
on variable: A
Dependence polyhedron
Set #1
[9 dims; 9 constraints]
-i_2+i_2'-2 = 0
-i_0+i_0' = 0
i_0 >= 0
-i_0+PB_N-2 >= 0
i_1-1 >= 0
i_2-2 >= 0
-i_2+PB_L-4 >= 0
-i_1+i_1'-1 >= 0
-i_1'+PB_N-1 >= 0


--- Dep 2 from S1 to S1; satisfied: 0, sat level: -1; Type: RAW
on variable: A
Dependence polyhedron
Set #1
[9 dims; 9 constraints]
-i_2+i_2'-2 = 0
-i_1+i_1' = 0
-i_0+i_0' = 0
i_0 >= 0
-i_0+PB_N-2 >= 0
i_1-1 >= 0
-i_1+PB_N-1 >= 0
i_2-2 >= 0
-i_2+PB_L-4 >= 0


--- Dep 3 from S1 to S1; satisfied: 0, sat level: -1; Type: RAW
on variable: A
Dependence polyhedron
Set #1
[9 dims; 9 constraints]
-i_2+i_2'+1 = 0
-i_0+i_1'-1 = 0
i_0 >= 0
i_1-1 >= 0
-i_1+PB_N-1 >= 0
i_2-3 >= 0
-i_2+PB_L-2 >= 0
-i_0+i_0'-1 >= 0
-i_0'+PB_N-2 >= 0


--- Dep 4 from S1 to S1; satisfied: 0, sat level: -1; Type: RAW
on variable: A
Dependence polyhedron
Set #1
[9 dims; 8 constraints]
-i_2+i_2'+1 = 0
-i_0+i_1'-1 = 0
-i_0+i_0' = 0
-i_0+PB_N-2 >= 0
i_1-1 >= 0
i_0-i_1 >= 0
i_2-3 >= 0
-i_2+PB_L-2 >= 0


--- Dep 5 from S1 to S1; satisfied: 0, sat level: -1; Type: RAW
on variable: A
Dependence polyhedron
Set #1
[9 dims; 9 constraints]
-i_2+i_2'+1 = 0
-i_0+i_0' = 0
i_0 >= 0
-i_0+PB_N-2 >= 0
i_1-1 >= 0
i_2-3 >= 0
-i_2+PB_L-2 >= 0
-i_1+i_1'-1 >= 0
-i_1'+PB_N-1 >= 0


--- Dep 6 from S1 to S1; satisfied: 0, sat level: -1; Type: RAW
on variable: A
Dependence polyhedron
Set #1
[9 dims; 9 constraints]
-i_2+i_2' = 0
-i_0+i_1'-2 = 0
i_0 >= 0
i_1-1 >= 0
-i_1+PB_N-1 >= 0
i_2-2 >= 0
-i_2+PB_L-2 >= 0
-i_0+i_0'-1 >= 0
-i_0'+PB_N-2 >= 0


--- Dep 7 from S1 to S1; satisfied: 0, sat level: -1; Type: RAW
on variable: A
Dependence polyhedron
Set #1
[9 dims; 8 constraints]
-i_2+i_2' = 0
-i_0+i_1'-2 = 0
-i_0+i_0' = 0
-i_0+PB_N-3 >= 0
i_1-1 >= 0
i_0-i_1+1 >= 0
i_2-2 >= 0
-i_2+PB_L-2 >= 0


--- Dep 8 from S1 to S1; satisfied: 0, sat level: -1; Type: WAR
on variable: A
Dependence polyhedron
Set #1
[9 dims; 9 constraints]
-i_2+i_2' = 0
-i_1+i_0'+2 = 0
i_0 >= 0
-i_0+i_1-3 >= 0
-i_1+PB_N-1 >= 0
i_2-2 >= 0
-i_2+PB_L-2 >= 0
i_1'-1 >= 0
-i_1'+PB_N-1 >= 0


--- Dep 9 from S1 to S1; satisfied: 0, sat level: -1; Type: WAR
on variable: A
Dependence polyhedron
Set #1
[9 dims; 8 constraints]
-i_2+i_2' = 0
-i_0+i_0' = 0
-i_0+i_1-2 = 0
i_0 >= 0
i_2-2 >= 0
-i_2+PB_L-2 >= 0
-i_0+i_1'-3 >= 0
-i_1'+PB_N-1 >= 0


--- Dep 10 from S1 to S1; satisfied: 0, sat level: -1; Type: WAR
on variable: A
Dependence polyhedron
Set #1
[9 dims; 9 constraints]
-i_2+i_2'+2 = 0
-i_0+i_0' = 0
i_0 >= 0
-i_0+PB_N-2 >= 0
i_1-1 >= 0
i_2-4 >= 0
-i_2+PB_L-2 >= 0
-i_1+i_1'-1 >= 0
-i_1'+PB_N-1 >= 0


--- Dep 11 from S1 to S1; satisfied: 0, sat level: -1; Type: WAR
on variable: A
Dependence polyhedron
Set #1
[9 dims; 9 constraints]
-i_2+i_2'-1 = 0
-i_0+i_0' = 0
i_0 >= 0
-i_0+PB_N-2 >= 0
i_1-1 >= 0
i_2-2 >= 0
-i_2+PB_L-3 >= 0
-i_1+i_1'-1 >= 0
-i_1'+PB_N-1 >= 0


--- Dep 12 from S1 to S1; satisfied: 0, sat level: -1; Type: WAR
on variable: A
Dependence polyhedron
Set #1
[9 dims; 9 constraints]
-i_2+i_2'-1 = 0
-i_1+i_1' = 0
-i_0+i_0' = 0
i_0 >= 0
-i_0+PB_N-2 >= 0
i_1-1 >= 0
-i_1+PB_N-1 >= 0
i_2-2 >= 0
-i_2+PB_L-3 >= 0


--- Dep 13 from S1 to S1; satisfied: 0, sat level: -1; Type: WAR
on variable: A
Dependence polyhedron
Set #1
[9 dims; 9 constraints]
-i_2+i_2'-1 = 0
-i_1+i_0'+1 = 0
i_0 >= 0
-i_0+i_1-2 >= 0
-i_1+PB_N-1 >= 0
i_2-2 >= 0
-i_2+PB_L-3 >= 0
i_1'-1 >= 0
-i_1'+PB_N-1 >= 0


--- Dep 14 from S1 to S1; satisfied: 0, sat level: -1; Type: WAR
on variable: A
Dependence polyhedron
Set #1
[9 dims; 8 constraints]
-i_2+i_2'-1 = 0
-i_0+i_0' = 0
-i_0+i_1-1 = 0
i_0 >= 0
i_2-2 >= 0
-i_2+PB_L-3 >= 0
-i_0+i_1'-2 >= 0
-i_1'+PB_N-1 >= 0


--- Dep 15 from S1 to S1; satisfied: 0, sat level: -1; Type: WAR
on variable: A
Dependence polyhedron
Set #1
[9 dims; 8 constraints]
-i_2+i_2'-1 = 0
-i_0+i_1'-1 = 0
-i_0+i_0' = 0
-i_0+i_1-1 = 0
i_0 >= 0
-i_0+PB_N-2 >= 0
i_2-2 >= 0
-i_2+PB_L-3 >= 0


--- Dep 16 from S1 to S1; satisfied: 0, sat level: -1; Type: WAW
on variable: A
Dependence polyhedron
Set #1
[9 dims; 9 constraints]
-i_2+i_2' = 0
-i_0+i_0' = 0
i_0 >= 0
-i_0+PB_N-2 >= 0
i_1-1 >= 0
i_2-2 >= 0
-i_2+PB_L-2 >= 0
-i_1+i_1'-1 >= 0
-i_1'+PB_N-1 >= 0



[plcg-info] After affine transformations
T(S1): (i_0, i_1/32+(2i_1+i_2)/32, (2i_1+i_2)/32, i_1, 2i_1+i_2)
loop types (loop, loop, loop, loop, loop)

T(S2): (i_3, 0, 0, 0, 0)
loop types (loop, scalar, scalar, scalar, scalar)

t1 --> unknown  loop   (band -1)no-ujam
t2 --> unknown  loop   (band -1)no-ujam
t3 --> unknown  loop   (band -1)no-ujam
t4 --> unknown  loop   (band -1)no-ujam
t5 --> unknown  loop   (band -1)no-ujam

