[plcg-info] Before affine transformations
nvar = 2, npar = 2
Parameters: PB_N PB_M 
S1 "A[i_0+1] = C[i_0] * C[i_0] * 2;"
ndims: 1; orig_depth: 1
iterators: i_0
Index set
3 5
1 1 0 0 0 
1 -1 1 0 -1 
1 0 1 0 -1 
T(S1): (0, i_0, 0, 0, 0)
loop types (loop, loop, loop, scalar, scalar)

Read accesses
C[i_0]
C[i_0]
Write accesses
A[i_0+1]
Original loop: 0 -> yes

S2 "B[i_2] = B[i_2-1] - B[i_2+2] - 5;"
ndims: 2; orig_depth: 2
iterators: i_1, i_2
Index set
7 6
1 1 0 0 0 0 
1 -1 0 0 1 -1 
1 0 0 0 1 -1 
1 -1 1 0 0 0 
1 0 1 0 0 -1 
1 0 -1 1 0 -3 
1 -1 0 1 0 -3 
T(S2): (1, i_1, 0, i_2, 0)
loop types (loop, loop, loop, loop, loop)

Read accesses
B[i_2-1]
B[i_2+2]
Write accesses
B[i_2]
Original loop: 0 -> yes
Original loop: 1 -> yes

--- Dep 1 from S2 to S2; satisfied: 0, sat level: -1; Type: RAW
on variable: B
Dependence polyhedron
Set #1
[6 dims; 7 constraints]
-i_2+i_2'-1 = 0
i_1 >= 0
i_2-1 >= 0
-i_2+PB_N-4 >= 0
-i_1+i_1'-1 >= 0
i_2-i_1'+1 >= 0
-i_1'+PB_M-1 >= 0


--- Dep 2 from S2 to S2; satisfied: 0, sat level: -1; Type: RAW
on variable: B
Dependence polyhedron
Set #1
[6 dims; 7 constraints]
-i_2+i_2'-1 = 0
-i_1+i_1' = 0
i_1 >= 0
-i_1+PB_M-1 >= 0
-i_1+i_2 >= 0
i_2-1 >= 0
-i_2+PB_N-4 >= 0


--- Dep 3 from S2 to S2; satisfied: 0, sat level: -1; Type: RAW
on variable: B
Dependence polyhedron
Set #1
[6 dims; 6 constraints]
-i_2+i_2'+2 = 0
i_1 >= 0
-i_2+PB_N-3 >= 0
-i_1+i_1'-1 >= 0
i_2-i_1'-2 >= 0
-i_1'+PB_M-1 >= 0


--- Dep 4 from S2 to S2; satisfied: 0, sat level: -1; Type: WAR
on variable: B
Dependence polyhedron
Set #1
[6 dims; 6 constraints]
-i_2+i_2'+1 = 0
i_1 >= 0
-i_2+PB_N-3 >= 0
-i_1+i_1'-1 >= 0
i_2-i_1'-1 >= 0
-i_1'+PB_M-1 >= 0


--- Dep 5 from S2 to S2; satisfied: 0, sat level: -1; Type: WAR
on variable: B
Dependence polyhedron
Set #1
[6 dims; 8 constraints]
-i_2+i_2'-2 = 0
i_1 >= 0
-i_1+i_2 >= 0
i_2-1 >= 0
-i_2+PB_N-5 >= 0
-i_1+i_1'-1 >= 0
i_2-i_1'+2 >= 0
-i_1'+PB_M-1 >= 0


--- Dep 6 from S2 to S2; satisfied: 0, sat level: -1; Type: WAR
on variable: B
Dependence polyhedron
Set #1
[6 dims; 7 constraints]
-i_2+i_2'-2 = 0
-i_1+i_1' = 0
i_1 >= 0
-i_1+PB_M-1 >= 0
-i_1+i_2 >= 0
i_2-1 >= 0
-i_2+PB_N-5 >= 0


--- Dep 7 from S2 to S2; satisfied: 0, sat level: -1; Type: WAW
on variable: B
Dependence polyhedron
Set #1
[6 dims; 6 constraints]
-i_2+i_2' = 0
i_1 >= 0
-i_2+PB_N-3 >= 0
-i_1+i_1'-1 >= 0
i_2-i_1' >= 0
-i_1'+PB_M-1 >= 0



[plcg-info] After affine transformations
T(S1): (i_0/32, 0, i_0, 0)
loop types (loop, scalar, loop, scalar)

T(S2): (i_1/32, (2i_1+i_2)/32, i_1, 2i_1+i_2)
loop types (loop, loop, loop, loop)

t1 --> unknown  loop   (band -1)no-ujam
t2 --> unknown  loop   (band -1)no-ujam
t3 --> unknown  loop   (band -1)no-ujam
t4 --> unknown  loop   (band -1)no-ujam

