[plcg-info] Before affine transformations
nvar = 3, npar = 4
Parameters: PB_N PB_L PB_M PB_P 
S1 "A[i_0][i_1] = A[i_1+1][i_0] * 4;"
ndims: 2; orig_depth: 2
iterators: i_0, i_1
Index set
6 8
1 1 0 0 0 0 0 0 
1 -1 0 1 0 0 0 -1 
1 0 0 1 0 0 0 -1 
1 -1 1 0 0 0 0 0 
1 0 -1 1 0 0 0 -2 
1 -1 0 1 0 0 0 -2 
T(S1): (0, i_0, 0, i_1, 0, 0, 0)
loop types (loop, loop, loop, loop, loop, scalar, scalar)

Read accesses
A[i_1+1][i_0]
Write accesses
A[i_0][i_1]
Original loop: 0 -> yes
Original loop: 1 -> yes

S2 "A[i_3][i_4] = C[i_4-1][i_2] + D[i_3][i_2+2][i_4] - 3;"
ndims: 3; orig_depth: 3
iterators: i_2, i_3, i_4
Index set
9 9
1 1 0 0 0 0 0 0 0 
1 -1 0 0 0 1 0 0 -3 
1 0 0 0 0 1 0 0 -3 
1 -1 1 0 0 0 0 0 0 
1 0 -1 0 0 0 1 0 -1 
1 -1 0 0 0 0 1 0 -1 
1 0 0 1 0 0 0 0 -1 
1 0 0 -1 0 0 0 1 -1 
1 0 0 0 0 0 0 1 -2 
T(S2): (1, i_2, 0, i_3, 0, i_4, 0)
loop types (loop, loop, loop, loop, loop, loop, loop)

Read accesses
C[i_4-1][i_2]
D[i_3][i_2+2][i_4]
Write accesses
A[i_3][i_4]
Original loop: 0 -> yes
Original loop: 1 -> yes
Original loop: 2 -> yes

--- Dep 1 from S1 to S2; satisfied: 0, sat level: -1; Type: WAR
on variable: A
Dependence polyhedron
Set #1
[9 dims; 10 constraints]
-i_0+i_4' = 0
-i_1+i_3'-1 = 0
i_0-1 >= 0
-i_0+PB_P-1 >= 0
-i_0+i_1 >= 0
-i_1+PB_M-2 >= 0
-i_1+PB_N-2 >= 0
i_2' >= 0
i_1-i_2'+1 >= 0
-i_2'+PB_L-3 >= 0


--- Dep 2 from S2 to S2; satisfied: 0, sat level: -1; Type: WAW
on variable: A
Dependence polyhedron
Set #1
[10 dims; 9 constraints]
-i_4+i_4' = 0
-i_3+i_3' = 0
i_2 >= 0
-i_3+PB_M-1 >= 0
i_4-1 >= 0
-i_4+PB_P-1 >= 0
-i_2+i_2'-1 >= 0
i_3-i_2' >= 0
-i_2'+PB_L-3 >= 0


--- Dep 3 from S1 to S2; satisfied: 0, sat level: -1; Type: WAW
on variable: A
Dependence polyhedron
Set #1
[9 dims; 10 constraints]
-i_1+i_4' = 0
-i_0+i_3' = 0
-i_0+PB_M-1 >= 0
-i_0+i_1 >= 0
i_1-1 >= 0
-i_1+PB_P-1 >= 0
-i_1+PB_N-2 >= 0
i_2' >= 0
i_0-i_2' >= 0
-i_2'+PB_L-3 >= 0



[plcg-info] After affine transformations
T(S1): (0, i_0/32, i_1/32, i_0, i_1, 0, 0)
loop types (scalar, loop, loop, loop, loop, scalar, scalar)

T(S2): (1, i_3/32, i_4/32, i_2/32, i_3, i_4, i_2)
loop types (scalar, loop, loop, loop, loop, loop, loop)

t1 --> unknown  scalar (band -1)no-ujam
t2 --> unknown  loop   (band -1)no-ujam
t3 --> unknown  loop   (band -1)no-ujam
t4 --> unknown  loop   (band -1)no-ujam
t5 --> unknown  loop   (band -1)no-ujam
t6 --> unknown  loop   (band -1)no-ujam
t7 --> unknown  loop   (band -1)no-ujam

