[plcg-info] Before affine transformations
nvar = 3, npar = 4
Parameters: PB_L PB_P PB_Q PB_M 
S1 "B[i_1-2][i_2] = 1;"
ndims: 3; orig_depth: 3
iterators: i_0, i_1, i_2
Index set
10 9
1 1 0 0 0 0 0 0 0 
1 -1 0 0 1 0 0 0 -1 
1 0 0 0 1 0 0 0 -1 
1 0 1 0 0 0 0 0 -2 
1 -1 1 0 0 0 0 0 0 
1 0 -1 0 0 1 0 0 1 
1 0 0 0 0 1 0 0 -1 
1 0 0 1 0 0 0 0 0 
1 0 0 -1 0 0 1 0 -1 
1 0 0 0 0 0 1 0 -1 
T(S1): (0, i_0, 0, i_1, 0, i_2, 0)
loop types (loop, loop, loop, loop, loop, loop, loop)

No Read accesses
Write accesses
B[i_1-2][i_2]
Original loop: 0 -> yes
Original loop: 1 -> yes
Original loop: 2 -> yes

S2 "B[i_5][i_4] = C[i_5+1][i_4+2][i_3] + B[i_5][i_4+2] + 1;"
ndims: 3; orig_depth: 3
iterators: i_3, i_4, i_5
Index set
9 9
1 1 0 0 0 0 0 0 0 
1 -1 0 0 0 1 0 0 -1 
1 0 0 0 0 1 0 0 -1 
1 0 1 0 0 0 0 0 0 
1 0 -1 0 1 0 0 0 -3 
1 0 0 0 1 0 0 0 -3 
1 0 0 1 0 0 0 0 0 
1 0 0 -1 0 0 0 1 -2 
1 0 0 0 0 0 0 1 -2 
T(S2): (1, i_3, 0, i_4, 0, i_5, 0)
loop types (loop, loop, loop, loop, loop, loop, loop)

Read accesses
C[i_5+1][i_4+2][i_3]
B[i_5][i_4+2]
Write accesses
B[i_5][i_4]
Original loop: 0 -> yes
Original loop: 1 -> yes
Original loop: 2 -> yes

--- Dep 1 from S2 to S2; satisfied: 0, sat level: -1; Type: RAW
on variable: B
Dependence polyhedron
Set #1
[10 dims; 9 constraints]
-i_5+i_5' = 0
-i_4+i_4'+2 = 0
i_3 >= 0
i_4-2 >= 0
-i_4+PB_L-3 >= 0
i_5 >= 0
-i_5+PB_M-2 >= 0
-i_3+i_3'-1 >= 0
-i_3'+PB_P-1 >= 0


--- Dep 2 from S1 to S2; satisfied: 0, sat level: -1; Type: RAW
on variable: B
Dependence polyhedron
Set #1
[10 dims; 13 constraints]
-i_1+i_5'+2 = 0
-i_2+i_4'+2 = 0
i_0 >= 0
-i_0+PB_L-1 >= 0
-i_0+i_1 >= 0
i_1-2 >= 0
-i_1+PB_M >= 0
-i_1+PB_P+1 >= 0
i_2-2 >= 0
-i_2+PB_Q-1 >= 0
-i_2+PB_L-1 >= 0
i_3' >= 0
-i_3'+PB_P-1 >= 0


--- Dep 3 from S2 to S2; satisfied: 0, sat level: -1; Type: WAR
on variable: B
Dependence polyhedron
Set #1
[10 dims; 9 constraints]
-i_5+i_5' = 0
-i_4+i_4'-2 = 0
i_3 >= 0
i_4 >= 0
-i_4+PB_L-5 >= 0
i_5 >= 0
-i_5+PB_M-2 >= 0
-i_3+i_3'-1 >= 0
-i_3'+PB_P-1 >= 0


--- Dep 4 from S2 to S2; satisfied: 0, sat level: -1; Type: WAR
on variable: B
Dependence polyhedron
Set #1
[10 dims; 9 constraints]
-i_5+i_5' = 0
-i_4+i_4'-2 = 0
-i_3+i_3' = 0
i_3 >= 0
-i_3+PB_P-1 >= 0
i_4 >= 0
-i_4+PB_L-5 >= 0
i_5 >= 0
-i_5+PB_M-2 >= 0


--- Dep 5 from S2 to S2; satisfied: 0, sat level: -1; Type: WAW
on variable: B
Dependence polyhedron
Set #1
[10 dims; 9 constraints]
-i_5+i_5' = 0
-i_4+i_4' = 0
i_3 >= 0
i_4 >= 0
-i_4+PB_L-3 >= 0
i_5 >= 0
-i_5+PB_M-2 >= 0
-i_3+i_3'-1 >= 0
-i_3'+PB_P-1 >= 0


--- Dep 6 from S1 to S1; satisfied: 0, sat level: -1; Type: WAW
on variable: B
Dependence polyhedron
Set #1
[10 dims; 10 constraints]
-i_2+i_2' = 0
-i_1+i_1' = 0
i_0 >= 0
i_1-2 >= 0
-i_1+PB_P+1 >= 0
i_2 >= 0
-i_2+PB_Q-1 >= 0
-i_0+i_0'-1 >= 0
i_1-i_0' >= 0
-i_0'+PB_L-1 >= 0


--- Dep 7 from S1 to S2; satisfied: 0, sat level: -1; Type: WAW
on variable: B
Dependence polyhedron
Set #1
[10 dims; 13 constraints]
-i_1+i_5'+2 = 0
-i_2+i_4' = 0
i_0 >= 0
-i_0+PB_L-1 >= 0
-i_0+i_1 >= 0
i_1-2 >= 0
-i_1+PB_M >= 0
-i_1+PB_P+1 >= 0
i_2 >= 0
-i_2+PB_Q-1 >= 0
-i_2+PB_L-3 >= 0
i_3' >= 0
-i_3'+PB_P-1 >= 0



[plcg-info] After affine transformations
T(S1): (i_1/32, i_0/32, i_2/32, i_1, i_0, i_2, 0)
loop types (loop, loop, loop, loop, loop, loop, scalar)

T(S2): (zT3, zT4, zT5, i_5+2, i_3+i_5+2, 2i_3+i_4+2, 1)
loop types (loop, loop, loop, loop, loop, loop, scalar)

t1 --> unknown  loop   (band -1)no-ujam
t2 --> unknown  loop   (band -1)no-ujam
t3 --> unknown  loop   (band -1)no-ujam
t4 --> unknown  loop   (band -1)no-ujam
t5 --> unknown  loop   (band -1)no-ujam
t6 --> unknown  loop   (band -1)no-ujam
t7 --> unknown  scalar (band -1)no-ujam

