[plcg-info] Before affine transformations
nvar = 2, npar = 1
Parameters: PB_L 
S1 "A[i_1][i_0][i_1] = C[i_1][i_0] + D[i_1+1][i_0] + A[i_1][i_0-1][i_1] - A[i_1][i_0+1][i_1] + A[i_1][i_0+2][i_1] - 3;"
ndims: 2; orig_depth: 2
iterators: i_0, i_1
Index set
6 5
1 1 0 0 -1 
1 -1 0 1 -3 
1 0 0 1 -4 
1 0 1 0 0 
1 0 -1 1 -1 
1 0 0 1 -1 
T(S1): (0, i_0, 0, i_1, 0)
loop types (loop, loop, loop, loop, loop)

Read accesses
C[i_1][i_0]
D[i_1+1][i_0]
A[i_1][i_0-1][i_1]
A[i_1][i_0+1][i_1]
A[i_1][i_0+2][i_1]
Write accesses
A[i_1][i_0][i_1]
Original loop: 0 -> yes
Original loop: 1 -> yes

S2 "B[i_0] = E[i_0-1] - F[i_0] * F[i_0] * B[i_0+1] - 3;"
ndims: 1; orig_depth: 1
iterators: i_0
Index set
3 4
1 1 0 -1 
1 -1 1 -3 
1 0 1 -4 
T(S2): (0, i_0, 1, 0, 0)
loop types (loop, loop, loop, scalar, scalar)

Read accesses
E[i_0-1]
F[i_0]
F[i_0]
B[i_0+1]
Write accesses
B[i_0]
Original loop: 0 -> yes

--- Dep 1 from S1 to S1; satisfied: 0, sat level: -1; Type: RAW
on variable: A
Dependence polyhedron
Set #1
[5 dims; 6 constraints]
-i_1+i_1' = 0
-i_0+i_0'-1 = 0
i_0-1 >= 0
-i_0+PB_L-4 >= 0
i_1 >= 0
-i_1+PB_L-1 >= 0


--- Dep 2 from S1 to S1; satisfied: 0, sat level: -1; Type: WAR
on variable: A
Dependence polyhedron
Set #1
[5 dims; 6 constraints]
-i_1+i_1' = 0
-i_0+i_0'-1 = 0
i_0-1 >= 0
-i_0+PB_L-4 >= 0
i_1 >= 0
-i_1+PB_L-1 >= 0


--- Dep 3 from S2 to S2; satisfied: 0, sat level: -1; Type: WAR
on variable: B
Dependence polyhedron
Set #1
[3 dims; 3 constraints]
-i_0+i_0'-1 = 0
i_0-1 >= 0
-i_0+PB_L-4 >= 0


--- Dep 4 from S1 to S1; satisfied: 0, sat level: -1; Type: WAR
on variable: A
Dependence polyhedron
Set #1
[5 dims; 6 constraints]
-i_1+i_1' = 0
-i_0+i_0'-2 = 0
i_0-1 >= 0
-i_0+PB_L-5 >= 0
i_1 >= 0
-i_1+PB_L-1 >= 0



[plcg-info] After affine transformations
T(S1): (i_1/32, i_0/32, i_1, i_0)
loop types (loop, loop, loop, loop)

T(S2): (i_0/32, 0, i_0, 0)
loop types (loop, scalar, loop, scalar)

t1 --> unknown  loop   (band -1)no-ujam
t2 --> unknown  loop   (band -1)no-ujam
t3 --> unknown  loop   (band -1)no-ujam
t4 --> unknown  loop   (band -1)no-ujam

