[plcg-info] Before affine transformations
nvar = 3, npar = 1
Parameters: PB_M 
S1 "A[i_1][i_0-2] = C[i_2+2][i_0][i_1] * D[i_2+i_1][i_0+2] + D[i_2+i_1+2][i_0] - 2;"
ndims: 3; orig_depth: 3
iterators: i_0, i_1, i_2
Index set
8 6
1 1 0 0 0 -2 
1 -1 0 0 1 -3 
1 0 0 0 1 -5 
1 0 1 0 0 -1 
1 1 -1 0 0 -1 
1 0 -1 -1 1 -3 
1 0 0 1 0 0 
1 0 -1 0 1 -3 
T(S1): (0, i_0, 0, i_1, 0, -i_2, 0)
loop types (loop, loop, loop, loop, loop, loop, loop)

Read accesses
C[i_2+2][i_0][i_1]
D[i_1+i_2][i_0+2]
D[i_1+i_2+2][i_0]
Write accesses
A[i_1][i_0-2]
Original loop: 0 -> yes
Original loop: 1 -> yes
Original loop: 2 -> yes

S2 "B[i_0][i_1+1] = E[i_0] + D[i_0-2][i_1] + D[i_1-1][0] - B[i_0][i_1+2] - 4;"
ndims: 2; orig_depth: 2
iterators: i_0, i_1
Index set
5 5
1 1 0 0 -2 
1 -1 0 1 -3 
1 0 0 1 -5 
1 0 1 0 -1 
1 1 -1 0 -1 
T(S2): (0, i_0, 0, i_1, 1, 0, 0)
loop types (loop, loop, loop, loop, loop, scalar, scalar)

Read accesses
E[i_0]
D[i_0-2][i_1]
D[i_1-1][0]
B[i_0][i_1+2]
Write accesses
B[i_0][i_1+1]
Original loop: 0 -> yes
Original loop: 1 -> yes

--- Dep 1 from S2 to S2; satisfied: 0, sat level: -1; Type: WAR
on variable: B
Dependence polyhedron
Set #1
[5 dims; 5 constraints]
-i_1+i_1'-1 = 0
-i_0+i_0' = 0
-i_0+PB_M-3 >= 0
i_1-1 >= 0
i_0-i_1-2 >= 0


--- Dep 2 from S1 to S1; satisfied: 0, sat level: -1; Type: WAW
on variable: A
Dependence polyhedron
Set #1
[7 dims; 8 constraints]
-i_1+i_1' = 0
-i_0+i_0' = 0
-i_0+PB_M-3 >= 0
i_1-1 >= 0
i_0-i_1-1 >= 0
-i_1-i_2+PB_M-3 >= 0
i_2-i_2'-1 >= 0
i_2' >= 0



[pluto] WARNING: working with original (identity) transformation (if they exist)
[plcg-info] After affine transformations
T(S1): (0, i_0/32, 0/32, i_1/32, 0/32, -i_2/32, i_0, 0, i_1, 0, -i_2, 0)
loop types (scalar, loop, loop, loop, loop, loop, loop, scalar, loop, scalar, loop, scalar)

T(S2): (0, i_0/32, 0/32, i_1/32, zT5, 0, i_0, 0, i_1, 1, 0, 0)
loop types (scalar, loop, loop, loop, loop, scalar, loop, scalar, loop, scalar, scalar, scalar)

t1 --> unknown  scalar (band -1)no-ujam
t2 --> unknown  loop   (band -1)no-ujam
t3 --> unknown  loop   (band -1)no-ujam
t4 --> unknown  loop   (band -1)no-ujam
t5 --> unknown  loop   (band -1)no-ujam
t6 --> unknown  loop   (band -1)no-ujam
t7 --> unknown  loop   (band -1)no-ujam
t8 --> unknown  scalar (band -1)no-ujam
t9 --> unknown  loop   (band -1)no-ujam
t10 --> unknown  scalar (band -1)no-ujam
t11 --> unknown  loop   (band -1)no-ujam
t12 --> unknown  scalar (band -1)no-ujam

[pluto] pluto_unroll_jam: WARNING: Unroll-jam poly loop not found in AST
