[plcg-info] Before affine transformations
nvar = 3, npar = 1
Parameters: PB_P 
S1 "A[i_2][i_1][i_1+i_0] = C[i_0][i_1][i_2] - A[i_2+1][i_1][i_1+i_0] + 2;"
ndims: 3; orig_depth: 3
iterators: i_0, i_1, i_2
Index set
9 6
1 -1 0 0 1 -1 
1 1 0 0 0 -1 
1 0 0 0 1 -2 
1 -1 1 0 0 0 
1 -1 -1 0 1 -1 
1 -2 0 0 1 -1 
1 0 0 1 0 0 
1 0 0 -1 1 -1 
1 0 0 0 1 -1 
T(S1): (0, -i_0, 0, i_1, 0, i_2, 0)
loop types (loop, loop, loop, loop, loop, loop, loop)

Read accesses
C[i_0][i_1][i_2]
A[i_2+1][i_1][i_0+i_1]
Write accesses
A[i_2][i_1][i_0+i_1]
Original loop: 0 -> yes
Original loop: 1 -> yes
Original loop: 2 -> yes

S2 "B[i_0] = D[i_0-1] + D[i_0-1] * D[i_0] * D[i_0] * D[i_0] + B[i_0+1] - B[i_0-1] - 5;"
ndims: 1; orig_depth: 1
iterators: i_0
Index set
3 4
1 -1 1 -1 
1 1 0 -1 
1 0 1 -2 
T(S2): (0, -i_0, 1, 0, 0, 0, 0)
loop types (loop, loop, loop, scalar, scalar, scalar, scalar)

Read accesses
D[i_0-1]
D[i_0-1]
D[i_0]
D[i_0]
D[i_0]
B[i_0+1]
B[i_0-1]
Write accesses
B[i_0]
Original loop: 0 -> yes

--- Dep 1 from S2 to S2; satisfied: 0, sat level: -1; Type: RAW
on variable: B
Dependence polyhedron
Set #1
[3 dims; 3 constraints]
-i_0+i_0'+1 = 0
-i_0+PB_P-1 >= 0
i_0-2 >= 0


--- Dep 2 from S2 to S2; satisfied: 0, sat level: -1; Type: WAR
on variable: B
Dependence polyhedron
Set #1
[3 dims; 3 constraints]
-i_0+i_0'+1 = 0
-i_0+PB_P-1 >= 0
i_0-2 >= 0


--- Dep 3 from S1 to S1; satisfied: 0, sat level: -1; Type: WAR
on variable: A
Dependence polyhedron
Set #1
[7 dims; 8 constraints]
-i_2+i_2'-1 = 0
-i_1+i_1' = 0
-i_0+i_0' = 0
i_0-1 >= 0
-i_0+i_1 >= 0
-i_0-i_1+PB_P-1 >= 0
i_2 >= 0
-i_2+PB_P-2 >= 0



[pluto] WARNING: working with original (identity) transformation (if they exist)
[plcg-info] After affine transformations
T(S1): (0, -i_0/32+0/32, 0/32, i_1/32, 0/32, i_2/32, -i_0, 0, i_1, 0, i_2, 0)
loop types (scalar, loop, loop, loop, loop, loop, loop, scalar, loop, scalar, loop, scalar)

T(S2): (0, -i_0/32+zT2, zT2, 0, 0, 0, -i_0, 1, 0, 0, 0, 0)
loop types (scalar, loop, loop, scalar, scalar, scalar, loop, scalar, scalar, scalar, scalar, scalar)

t1 --> unknown  scalar (band -1)no-ujam
t2 --> unknown  loop   (band -1)no-ujam
t3 --> unknown  loop   (band -1)no-ujam
t4 --> unknown  loop   (band -1)no-ujam
t5 --> unknown  loop   (band -1)no-ujam
t6 --> unknown  loop   (band -1)no-ujam
t7 --> unknown  loop   (band -1)no-ujam
t8 --> unknown  scalar (band -1)no-ujam
t9 --> unknown  loop   (band -1)no-ujam
t10 --> unknown  scalar (band -1)no-ujam
t11 --> unknown  loop   (band -1)no-ujam
t12 --> unknown  scalar (band -1)no-ujam

Warning: parallel poly loop not found in AST
[pluto] pluto_unroll_jam: WARNING: Unroll-jam poly loop not found in AST
