[plcg-info] Before affine transformations
nvar = 3, npar = 3
Parameters: PB_P PB_Q PB_M 
S1 "A[i_2-1][i_1+i_0][i_2+i_1] = C[i_1-1][i_2][i_0] - D[i_2-1][i_1+1] - 3;"
ndims: 3; orig_depth: 3
iterators: i_0, i_1, i_2
Index set
15 8
1 1 0 0 0 0 0 0 
1 -1 0 0 1 0 0 -2 
1 0 0 0 1 0 0 -2 
1 0 1 0 0 0 0 -1 
1 -1 -1 0 1 0 0 -2 
1 1 -1 0 0 0 0 -1 
1 -1 0 0 1 0 0 -3 
1 1 0 0 0 0 0 -2 
1 0 0 1 0 0 0 -1 
1 -1 0 -1 0 1 0 -1 
1 0 0 -1 0 0 1 0 
1 0 -1 -1 0 1 0 -2 
1 -1 0 0 0 1 0 -2 
1 0 0 0 0 0 1 -1 
1 0 -1 0 0 1 0 -3 
T(S1): (0, i_0, 0, i_1, 0, i_2, 0)
loop types (loop, loop, loop, loop, loop, loop, loop)

Read accesses
C[i_1-1][i_2][i_0]
D[i_2-1][i_1+1]
Write accesses
A[i_2-1][i_0+i_1][i_1+i_2]
Original loop: 0 -> yes
Original loop: 1 -> yes
Original loop: 2 -> yes

S2 "A[i_2-1][i_1+i_0+1][i_2+i_0] = A[i_2][i_1+i_0][i_2+i_1+1] - A[i_2-1][i_1+i_0+1][i_2+i_1+1] + 2;"
ndims: 3; orig_depth: 3
iterators: i_0, i_1, i_2
Index set
15 8
1 1 0 0 0 0 0 0 
1 -1 0 0 1 0 0 -2 
1 0 0 0 1 0 0 -2 
1 0 1 0 0 0 0 -1 
1 -1 -1 0 1 0 0 -2 
1 1 -1 0 0 0 0 -1 
1 -1 0 0 1 0 0 -3 
1 1 0 0 0 0 0 -2 
1 0 0 1 0 0 0 -1 
1 -1 0 -1 0 1 0 -1 
1 0 0 -1 0 0 1 0 
1 0 -1 -1 0 1 0 -2 
1 -1 0 0 0 1 0 -2 
1 0 0 0 0 0 1 -1 
1 0 -1 0 0 1 0 -3 
T(S2): (0, i_0, 0, i_1, 0, i_2, 1)
loop types (loop, loop, loop, loop, loop, loop, loop)

Read accesses
A[i_2][i_0+i_1][i_1+i_2+1]
A[i_2-1][i_0+i_1+1][i_1+i_2+1]
Write accesses
A[i_2-1][i_0+i_1+1][i_0+i_2]
Original loop: 0 -> yes
Original loop: 1 -> yes
Original loop: 2 -> yes

--- Dep 1 from S2 to S1; satisfied: 0, sat level: -1; Type: WAR
on variable: A
Dependence polyhedron
Set #1
[9 dims; 9 constraints]
-i_2+i_2'-1 = 0
-i_1+i_1' = 0
-i_0+i_0' = 0
i_1-1 >= 0
i_0-i_1-1 >= 0
-i_0-i_1+PB_P-2 >= 0
i_2-1 >= 0
-i_2+PB_M-1 >= 0
-i_0-i_2+PB_Q-2 >= 0


--- Dep 2 from S2 to S1; satisfied: 0, sat level: -1; Type: WAR
on variable: A
Dependence polyhedron
Set #1
[9 dims; 9 constraints]
-i_2+i_2' = 0
-i_1+i_1'-1 = 0
-i_0+i_0' = 0
i_1-1 >= 0
i_0-i_1-2 >= 0
-i_0-i_1+PB_P-3 >= 0
i_2-1 >= 0
-i_2+PB_M >= 0
-i_0-i_2+PB_Q-1 >= 0



[plcg-info] After affine transformations
T(S1): (i_0/32, (i_1+i_2)/32, i_2/32, i_1+i_2, i_2, i_0, 1)
loop types (loop, loop, loop, loop, loop, loop, scalar)

T(S2): (i_0/32, zT4, i_2/32, i_1+i_2+1, i_2, i_0, 0)
loop types (loop, loop, loop, loop, loop, loop, scalar)

t1 --> unknown  loop   (band -1)no-ujam
t2 --> unknown  loop   (band -1)no-ujam
t3 --> unknown  loop   (band -1)no-ujam
t4 --> unknown  loop   (band -1)no-ujam
t5 --> unknown  loop   (band -1)no-ujam
t6 --> unknown  loop   (band -1)no-ujam
t7 --> unknown  scalar (band -1)no-ujam

