[plcg-info] Before affine transformations
nvar = 3, npar = 3
Parameters: PB_M PB_Q PB_L 
S1 "A[i_1+i_0+2][i_1] = C[i_0][i_1] + D[i_1] + D[i_1] - 4;"
ndims: 2; orig_depth: 2
iterators: i_0, i_1
Index set
8 7
1 1 0 0 0 0 0 
1 -1 0 1 0 0 -4 
1 0 0 1 0 0 -4 
1 0 1 0 0 0 0 
1 1 -1 0 0 0 -1 
1 -1 -1 1 0 0 -3 
1 1 0 0 0 0 -1 
1 -1 0 1 0 0 -3 
T(S1): (0, i_0, 0, i_1, 0, 0, 0)
loop types (loop, loop, loop, loop, loop, scalar, scalar)

Read accesses
C[i_0][i_1]
D[i_1]
D[i_1]
Write accesses
A[i_0+i_1+2][i_1]
Original loop: 0 -> yes
Original loop: 1 -> yes

S2 "B[i_2+i_0][i_3-2][i_2][i_0] = E[i_3][i_2] - F[i_2][i_0][i_3-1] * G[i_2][i_3][i_2] + B[i_2+i_0+3][i_3-4][i_2+1][i_0+2] * 5;"
ndims: 3; orig_depth: 3
iterators: i_0, i_2, i_3
Index set
13 8
1 1 0 0 0 0 0 0 
1 -1 0 0 1 0 0 -4 
1 0 0 0 1 0 0 -4 
1 0 1 0 0 0 0 0 
1 0 -1 0 0 1 0 -1 
1 -1 -1 0 1 0 0 -4 
1 1 -1 0 0 0 0 -1 
1 0 0 0 0 1 0 -1 
1 1 0 0 0 0 0 -1 
1 0 0 1 0 0 0 -4 
1 -1 0 1 0 0 0 0 
1 0 0 -1 0 0 1 -1 
1 0 0 0 0 0 1 -5 
T(S2): (0, i_0, 1, i_2, 0, i_3, 0)
loop types (loop, loop, loop, loop, loop, loop, loop)

Read accesses
E[i_3][i_2]
F[i_2][i_0][i_3-1]
G[i_2][i_3][i_2]
B[i_0+i_2+3][i_3-4][i_2+1][i_0+2]
Write accesses
B[i_0+i_2][i_3-2][i_2][i_0]
Original loop: 0 -> yes
Original loop: 1 -> yes
Original loop: 2 -> yes

--- Dep 1 from S2 to S2; satisfied: 0, sat level: -1; Type: WAR
on variable: B
Dependence polyhedron
Set #1
[9 dims; 10 constraints]
-i_3+i_3'+2 = 0
-i_2+i_2'-1 = 0
-i_0+i_0'-2 = 0
i_2 >= 0
i_0-i_2-1 >= 0
-i_2+PB_Q-2 >= 0
-i_0-i_2+PB_M-7 >= 0
-i_0+i_3-4 >= 0
i_3-6 >= 0
-i_3+PB_L-1 >= 0



[plcg-info] After affine transformations
T(S1): (i_0/32, i_1/32, 0, i_0, i_1, 0)
loop types (loop, loop, scalar, loop, loop, scalar)

T(S2): ((i_0+i_3)/32, (2i_2+i_3)/32, i_2/32, i_0+i_3, 2i_2+i_3, i_2)
loop types (loop, loop, loop, loop, loop, loop)

t1 --> unknown  loop   (band -1)no-ujam
t2 --> unknown  loop   (band -1)no-ujam
t3 --> unknown  loop   (band -1)no-ujam
t4 --> unknown  loop   (band -1)no-ujam
t5 --> unknown  loop   (band -1)no-ujam
t6 --> unknown  loop   (band -1)no-ujam

