[plcg-info] Before affine transformations
nvar = 3, npar = 1
Parameters: PB_L 
S1 "B[i_2+2][i_0-1] = C[i_2][0] - 2;"
ndims: 3; orig_depth: 3
iterators: i_0, i_1, i_2
Index set
9 6
1 1 0 0 0 -2 
1 -1 0 0 1 -3 
1 0 0 0 1 -5 
1 0 1 0 0 0 
1 1 -1 0 0 -1 
1 1 0 0 0 -1 
1 0 0 1 0 0 
1 0 0 -1 1 -1 
1 0 0 0 1 -1 
T(S1): (0, i_0, 0, i_1, 0, i_2, 0)
loop types (loop, loop, loop, loop, loop, loop, loop)

Read accesses
C[i_2][0]
Write accesses
B[i_2+2][i_0-1]
Original loop: 0 -> yes
Original loop: 1 -> yes
Original loop: 2 -> yes

S2 "B[i_0+2][i_3] = C[i_0][i_3] - C[i_0-2][i_3+2] * C[i_3][i_0] + D[i_3] + E[i_3+1][i_0+2][i_3] + B[i_0+1][i_3+1] + 5;"
ndims: 2; orig_depth: 2
iterators: i_0, i_3
Index set
6 5
1 1 0 0 -2 
1 -1 0 1 -3 
1 0 0 1 -5 
1 0 1 0 0 
1 1 -1 0 -1 
1 1 0 0 -1 
T(S2): (0, i_0, 1, i_3, 0, 0, 0)
loop types (loop, loop, loop, loop, loop, scalar, scalar)

Read accesses
C[i_0][i_3]
C[i_0-2][i_3+2]
C[i_3][i_0]
D[i_3]
E[i_3+1][i_0+2][i_3]
B[i_0+1][i_3+1]
Write accesses
B[i_0+2][i_3]
Original loop: 0 -> yes
Original loop: 1 -> yes

--- Dep 1 from S1 to S2; satisfied: 0, sat level: -1; Type: RAW
on variable: B
Dependence polyhedron
Set #1
[6 dims; 7 constraints]
-i_0+i_3'+2 = 0
-i_2+i_0'-1 = 0
i_0-2 >= 0
i_1 >= 0
i_0-i_1-1 >= 0
-i_0+i_2+1 >= 0
-i_2+PB_L-4 >= 0


--- Dep 2 from S2 to S2; satisfied: 0, sat level: -1; Type: RAW
on variable: B
Dependence polyhedron
Set #1
[5 dims; 5 constraints]
-i_3+i_3'+1 = 0
-i_0+i_0'-1 = 0
-i_0+PB_L-4 >= 0
i_3-1 >= 0
i_0-i_3-1 >= 0


--- Dep 3 from S2 to S1; satisfied: 0, sat level: -1; Type: WAR
on variable: B
Dependence polyhedron
Set #1
[6 dims; 7 constraints]
-i_0+i_2'+1 = 0
-i_0+i_0'-1 = 0
-i_0+i_3+1 = 0
i_0-2 >= 0
-i_0+PB_L-4 >= 0
i_1' >= 0
i_0-i_1' >= 0


--- Dep 4 from S1 to S2; satisfied: 0, sat level: -1; Type: WAW
on variable: B
Dependence polyhedron
Set #1
[6 dims; 7 constraints]
-i_0+i_3'+1 = 0
-i_2+i_0' = 0
i_0-2 >= 0
i_1 >= 0
i_0-i_1-1 >= 0
-i_0+i_2 >= 0
-i_2+PB_L-3 >= 0


--- Dep 5 from S1 to S1; satisfied: 0, sat level: -1; Type: WAW
on variable: B
Dependence polyhedron
Set #1
[7 dims; 8 constraints]
-i_2+i_2' = 0
-i_0+i_0' = 0
-i_0+PB_L-3 >= 0
i_1 >= 0
i_2 >= 0
-i_2+PB_L-1 >= 0
-i_1+i_1'-1 >= 0
i_0-i_1'-1 >= 0



t5 {loop with stmts: S1, S2, }
t4 {loop with stmts: S1, S2, }
t3 {loop with stmts: S1, S2, }
t3 {loop with stmts: S1, S2, }
[plcg-info] After affine transformations
T(S1): ((i_0+i_2)/32, i_0/32, i_0, i_1, i_0+i_2)
loop types (loop, loop, loop, loop, loop)

T(S2): (zT2, i_0/32, i_0, i_0, i_0+i_3+1)
loop types (loop, loop, loop, loop, loop)

t1 --> unknown  loop   (band -1)no-ujam
t2 --> unknown  loop   (band -1)no-ujam
t3 --> unknown  loop   (band -1)no-ujam
t4 --> unknown  loop   (band -1)no-ujam
t5 --> unknown  loop   (band -1)no-ujam

