[plcg-info] Before affine transformations
nvar = 3, npar = 3
Parameters: PB_P PB_L PB_N 
S1 "A[i_2][i_1][i_0+1] = C[i_1-1][i_0] - C[i_1][i_2-1] * A[i_2-1][i_1][i_0+1] * 3;"
ndims: 3; orig_depth: 3
iterators: i_0, i_1, i_2
Index set
11 8
1 1 0 0 0 0 0 0 
1 -1 0 0 1 0 0 -2 
1 0 0 0 1 0 0 -2 
1 0 1 0 0 0 0 -1 
1 0 -1 0 0 1 0 -1 
1 1 -1 0 0 0 0 -1 
1 0 0 0 0 1 0 -2 
1 1 0 0 0 0 0 -2 
1 0 0 1 0 0 0 -1 
1 0 0 -1 0 0 1 -1 
1 0 0 0 0 0 1 -2 
T(S1): (0, i_0, 0, i_1, 0, i_2, 0)
loop types (loop, loop, loop, loop, loop, loop, loop)

Read accesses
C[i_1-1][i_0]
C[i_1][i_2-1]
A[i_2-1][i_1][i_0+1]
Write accesses
A[i_2][i_1][i_0+1]
Original loop: 0 -> yes
Original loop: 1 -> yes
Original loop: 2 -> yes

S2 "B[i_3][i_4][i_4] = D[i_5-1][i_3] * E[i_3][i_4+1][i_4] + E[i_4+1][i_3-1][i_5+i_3] * D[i_3][i_4+1] - 5;"
ndims: 3; orig_depth: 3
iterators: i_3, i_4, i_5
Index set
10 8
1 1 0 0 0 0 0 -1 
1 -1 0 0 0 1 0 -1 
1 0 0 0 0 1 0 -2 
1 0 1 0 0 0 0 0 
1 0 -1 0 0 1 0 -2 
1 0 0 1 0 0 0 -1 
1 0 0 -1 0 1 0 0 
1 -1 0 -1 1 0 0 -1 
1 0 0 0 0 1 0 -1 
1 -1 0 0 1 0 0 -2 
T(S2): (1, i_3, 0, i_4, 0, i_5, 0)
loop types (loop, loop, loop, loop, loop, loop, loop)

Read accesses
D[i_5-1][i_3]
E[i_3][i_4+1][i_4]
E[i_4+1][i_3-1][i_3+i_5]
D[i_3][i_4+1]
Write accesses
B[i_3][i_4][i_4]
Original loop: 0 -> yes
Original loop: 1 -> yes
Original loop: 2 -> yes

--- Dep 1 from S1 to S1; satisfied: 0, sat level: -1; Type: RAW
on variable: A
Dependence polyhedron
Set #1
[9 dims; 9 constraints]
-i_2+i_2'-1 = 0
-i_1+i_1' = 0
-i_0+i_0' = 0
-i_0+PB_P-2 >= 0
i_1-1 >= 0
i_0-i_1-1 >= 0
-i_1+PB_L-1 >= 0
i_2-1 >= 0
-i_2+PB_N-2 >= 0


--- Dep 2 from S2 to S2; satisfied: 0, sat level: -1; Type: WAW
on variable: B
Dependence polyhedron
Set #1
[9 dims; 10 constraints]
-i_4+i_4' = 0
-i_3+i_3' = 0
i_3-1 >= 0
-i_3+PB_L-1 >= 0
i_4 >= 0
-i_4+PB_L-2 >= 0
i_5-1 >= 0
-i_5+i_5'-1 >= 0
-i_5'+PB_L >= 0
-i_3-i_5'+PB_P-1 >= 0



[plcg-info] After affine transformations
T(S1): (i_0/32, i_1/32, i_2/32, i_0, i_1, i_2)
loop types (loop, loop, loop, loop, loop, loop)

T(S2): (i_3/32, i_4/32, i_5/32, i_3, i_4, i_5)
loop types (loop, loop, loop, loop, loop, loop)

t1 --> unknown  loop   (band -1)no-ujam
t2 --> unknown  loop   (band -1)no-ujam
t3 --> unknown  loop   (band -1)no-ujam
t4 --> unknown  loop   (band -1)no-ujam
t5 --> unknown  loop   (band -1)no-ujam
t6 --> unknown  loop   (band -1)no-ujam

