[plcg-info] Before affine transformations
nvar = 3, npar = 4
Parameters: PB_L PB_P PB_Q PB_M 
S1 "A[i_0][i_1][i_2-1] = 6;"
ndims: 3; orig_depth: 3
iterators: i_0, i_1, i_2
Index set
9 9
1 1 0 0 0 0 0 0 0 
1 -1 0 0 1 0 0 0 -1 
1 0 0 0 1 0 0 0 -1 
1 0 1 0 0 0 0 0 0 
1 0 -1 0 0 1 0 0 -1 
1 0 0 0 0 1 0 0 -1 
1 0 0 1 0 0 0 0 -1 
1 0 0 -1 0 0 1 0 0 
1 0 0 0 0 0 1 0 -1 
T(S1): (0, i_0, 0, i_1, 0, i_2, 0)
loop types (loop, loop, loop, loop, loop, loop, loop)

No Read accesses
Write accesses
A[i_0][i_1][i_2-1]
Original loop: 0 -> yes
Original loop: 1 -> yes
Original loop: 2 -> yes

S2 "B[i_3][i_4][i_4-1] = C[2] * B[i_3+2][i_4+2][i_4+1] + B[i_3-1][i_4][i_4-1] + 3;"
ndims: 2; orig_depth: 2
iterators: i_3, i_4
Index set
5 8
1 1 0 0 0 0 0 -1 
1 -1 0 0 0 0 1 -3 
1 0 0 0 0 0 1 -4 
1 0 1 0 0 0 0 -1 
1 0 -1 0 0 0 1 -3 
T(S2): (1, i_3, 0, i_4, 0, 0, 0)
loop types (loop, loop, loop, loop, loop, scalar, scalar)

Read accesses
C[2]
B[i_3+2][i_4+2][i_4+1]
B[i_3-1][i_4][i_4-1]
Write accesses
B[i_3][i_4][i_4-1]
Original loop: 0 -> yes
Original loop: 1 -> yes

--- Dep 1 from S2 to S2; satisfied: 0, sat level: -1; Type: RAW
on variable: B
Dependence polyhedron
Set #1
[8 dims; 6 constraints]
-i_4+i_4' = 0
-i_3+i_3'-1 = 0
i_3-1 >= 0
-i_3+PB_M-4 >= 0
i_4-1 >= 0
-i_4+PB_M-3 >= 0


--- Dep 2 from S2 to S2; satisfied: 0, sat level: -1; Type: WAR
on variable: B
Dependence polyhedron
Set #1
[8 dims; 6 constraints]
-i_4+i_4'-2 = 0
-i_3+i_3'-2 = 0
i_3-1 >= 0
-i_3+PB_M-5 >= 0
i_4-1 >= 0
-i_4+PB_M-5 >= 0



[plcg-info] After affine transformations
T(S1): (i_0/32+i_1/32, i_1/32, i_2/32, i_0, i_1, i_2)
loop types (loop, loop, loop, loop, loop, loop)

T(S2): (i_3/32+i_4/32, i_4/32, 0, i_3, i_4, 0)
loop types (loop, loop, scalar, loop, loop, scalar)

t1 --> unknown  loop   (band -1)no-ujam
t2 --> unknown  loop   (band -1)no-ujam
t3 --> unknown  loop   (band -1)no-ujam
t4 --> unknown  loop   (band -1)no-ujam
t5 --> unknown  loop   (band -1)no-ujam
t6 --> unknown  loop   (band -1)no-ujam

