[plcg-info] Before affine transformations
nvar = 3, npar = 3
Parameters: PB_M PB_L PB_N 
S1 "A[i_0+1][i_1][i_1] = C[i_2+i_1][i_0][i_2] + 5;"
ndims: 3; orig_depth: 3
iterators: i_0, i_1, i_2
Index set
10 8
1 1 0 0 0 0 0 0 
1 -1 0 0 1 0 0 -2 
1 0 0 0 1 0 0 -2 
1 0 1 0 0 0 0 0 
1 0 -1 0 0 1 0 -1 
1 0 0 0 0 1 0 -1 
1 0 0 1 0 0 0 0 
1 0 -1 -1 0 0 1 -1 
1 0 0 -1 0 1 0 -1 
1 0 -1 0 0 0 1 -1 
T(S1): (0, i_0, 0, i_1, 0, i_2, 0)
loop types (loop, loop, loop, loop, loop, loop, loop)

Read accesses
C[i_1+i_2][i_0][i_2]
Write accesses
A[i_0+1][i_1][i_1]
Original loop: 0 -> yes
Original loop: 1 -> yes
Original loop: 2 -> yes

S2 "B[i_5][i_4+1] = D[i_5][i_5] + C[i_4+1][i_3][i_5] * C[i_4+i_3][i_5+1][i_4-1] + E[i_3][i_5][i_5+i_3][i_4] - A[i_4+1][i_5][i_5] * 1;"
ndims: 3; orig_depth: 3
iterators: i_3, i_4, i_5
Index set
10 8
1 1 0 0 0 0 0 0 
1 -1 0 0 0 0 1 -1 
1 0 0 0 0 0 1 -1 
1 0 1 0 0 0 0 -1 
1 0 -1 0 0 1 0 -2 
1 -1 -1 0 0 0 1 -1 
1 0 0 0 0 1 0 -3 
1 -1 0 0 0 0 1 -2 
1 0 0 1 0 0 0 0 
1 0 1 -1 0 0 0 -1 
T(S2): (1, i_3, 0, i_4, 0, i_5, 0)
loop types (loop, loop, loop, loop, loop, loop, loop)

Read accesses
D[i_5][i_5]
C[i_4+1][i_3][i_5]
C[i_3+i_4][i_5+1][i_4-1]
E[i_3][i_5][i_3+i_5][i_4]
A[i_4+1][i_5][i_5]
Write accesses
B[i_5][i_4+1]
Original loop: 0 -> yes
Original loop: 1 -> yes
Original loop: 2 -> yes

--- Dep 1 from S1 to S2; satisfied: 0, sat level: -1; Type: RAW
on variable: A
Dependence polyhedron
Set #1
[9 dims; 11 constraints]
-i_1+i_5' = 0
-i_0+i_4' = 0
-i_0+PB_L-2 >= 0
-i_0+PB_M-2 >= 0
i_1 >= 0
i_0-i_1-1 >= 0
i_2 >= 0
-i_1-i_2+PB_N-1 >= 0
-i_2+PB_L-1 >= 0
i_3' >= 0
-i_0-i_3'+PB_N-1 >= 0


--- Dep 2 from S1 to S1; satisfied: 0, sat level: -1; Type: WAW
on variable: A
Dependence polyhedron
Set #1
[9 dims; 10 constraints]
-i_1+i_1' = 0
-i_0+i_0' = 0
i_0 >= 0
-i_0+PB_M-2 >= 0
i_1 >= 0
-i_1+PB_L-1 >= 0
i_2 >= 0
-i_2+i_2'-1 >= 0
-i_1-i_2'+PB_N-1 >= 0
-i_2'+PB_L-1 >= 0


--- Dep 3 from S2 to S2; satisfied: 0, sat level: -1; Type: WAW
on variable: B
Dependence polyhedron
Set #1
[9 dims; 8 constraints]
-i_5+i_5' = 0
-i_4+i_4' = 0
i_3 >= 0
-i_4+PB_L-2 >= 0
i_5 >= 0
i_4-i_5-1 >= 0
-i_3+i_3'-1 >= 0
-i_4-i_3'+PB_N-1 >= 0



[plcg-info] After affine transformations
T(S1): (i_0/32, i_1/32, 0, i_2/32, i_0, i_1, 0, i_2)
loop types (loop, loop, scalar, loop, loop, loop, scalar, loop)

T(S2): (i_4/32, i_5/32, 1, i_3/32, i_4, i_5, 1, i_3)
loop types (loop, loop, scalar, loop, loop, loop, scalar, loop)

t1 --> unknown  loop   (band -1)no-ujam
t2 --> unknown  loop   (band -1)no-ujam
t3 --> unknown  scalar (band -1)no-ujam
t4 --> unknown  loop   (band -1)no-ujam
t5 --> unknown  loop   (band -1)no-ujam
t6 --> unknown  loop   (band -1)no-ujam
t7 --> unknown  scalar (band -1)no-ujam
t8 --> unknown  loop   (band -1)no-ujam

