[plcg-info] Before affine transformations
nvar = 2, npar = 2
Parameters: PB_M PB_P 
S1 "B[i_1][i_0-1] = B[i_1+2][i_0+1] + 3;"
ndims: 2; orig_depth: 2
iterators: i_0, i_1
Index set
6 6
1 1 0 0 0 -1 
1 -1 0 1 0 -2 
1 0 0 1 0 -3 
1 0 1 0 0 0 
1 0 -1 1 0 -3 
1 1 -1 0 0 -1 
T(S1): (0, i_0, 0, i_1, 0)
loop types (loop, loop, loop, loop, loop)

Read accesses
B[i_1+2][i_0+1]
Write accesses
B[i_1][i_0-1]
Original loop: 0 -> yes
Original loop: 1 -> yes

S2 "B[i_2][i_3] = C[i_2-1][i_3] * D[i_3+i_2] * 2;"
ndims: 2; orig_depth: 2
iterators: i_2, i_3
Index set
7 6
1 1 0 0 0 -1 
1 -1 0 1 0 -1 
1 0 0 1 0 -2 
1 0 1 0 0 0 
1 0 -1 0 1 -1 
1 -1 -1 1 0 -1 
1 0 0 0 1 -1 
T(S2): (1, i_2, 0, i_3, 0)
loop types (loop, loop, loop, loop, loop)

Read accesses
C[i_2-1][i_3]
D[i_2+i_3]
Write accesses
B[i_2][i_3]
Original loop: 0 -> yes
Original loop: 1 -> yes

--- Dep 1 from S1 to S1; satisfied: 0, sat level: -1; Type: WAR
on variable: B
Dependence polyhedron
Set #1
[6 dims; 5 constraints]
-i_1+i_1'-2 = 0
-i_0+i_0'-2 = 0
-i_0+PB_M-4 >= 0
i_1 >= 0
i_0-i_1-1 >= 0


--- Dep 2 from S1 to S2; satisfied: 0, sat level: -1; Type: WAR
on variable: B
Dependence polyhedron
Set #1
[6 dims; 6 constraints]
-i_0+i_3'-1 = 0
-i_1+i_2'-2 = 0
-i_0+PB_P-2 >= 0
i_1 >= 0
i_0-i_1-1 >= 0
-i_0-i_1+PB_M-4 >= 0


--- Dep 3 from S1 to S2; satisfied: 0, sat level: -1; Type: WAW
on variable: B
Dependence polyhedron
Set #1
[6 dims; 7 constraints]
-i_0+i_3'+1 = 0
-i_1+i_2' = 0
-i_0+PB_P >= 0
-i_0+PB_M-2 >= 0
i_1-1 >= 0
i_0-i_1-1 >= 0
-i_0-i_1+PB_M >= 0



[plcg-info] After affine transformations
T(S1): ((i_0-i_1)/32, i_1/32, i_1, i_0, 0)
loop types (loop, loop, loop, loop, scalar)

T(S2): (zT2, i_2/32, i_2, i_3+1, 1)
loop types (loop, loop, loop, loop, scalar)

t1 --> unknown  loop   (band -1)no-ujam
t2 --> unknown  loop   (band -1)no-ujam
t3 --> unknown  loop   (band -1)no-ujam
t4 --> unknown  loop   (band -1)no-ujam
t5 --> unknown  scalar (band -1)no-ujam

