[plcg-info] Before affine transformations
nvar = 3, npar = 2
Parameters: PB_L PB_M 
S1 "A[i_0+2][i_1] = 4;"
ndims: 2; orig_depth: 2
iterators: i_0, i_1
Index set
6 6
1 1 0 0 0 -2 
1 -1 0 1 0 -1 
1 0 0 1 0 -3 
1 0 1 0 0 0 
1 0 -1 1 0 -1 
1 0 0 1 0 -1 
T(S1): (0, i_0, 0, i_1, 0, 0, 0)
loop types (loop, loop, loop, loop, loop, scalar, scalar)

No Read accesses
Write accesses
A[i_0+2][i_1]
Original loop: 0 -> yes
Original loop: 1 -> yes

S2 "B[i_2][i_0][i_1] = C[i_1][i_2-1][i_0] - C[i_2][i_2][i_0] + B[i_2+1][i_0][i_1] + B[i_1][i_2][i_0-2] * 6;"
ndims: 3; orig_depth: 3
iterators: i_0, i_1, i_2
Index set
9 7
1 1 0 0 0 0 -2 
1 -1 0 0 1 0 -1 
1 0 0 0 1 0 -3 
1 0 1 0 0 0 0 
1 0 -1 0 1 0 -1 
1 0 0 0 1 0 -1 
1 0 0 1 0 0 -1 
1 0 0 -1 0 1 -2 
1 0 0 0 0 1 -3 
T(S2): (0, i_0, 0, i_1, 1, i_2, 0)
loop types (loop, loop, loop, loop, loop, loop, loop)

Read accesses
C[i_1][i_2-1][i_0]
C[i_2][i_2][i_0]
B[i_2+1][i_0][i_1]
B[i_1][i_2][i_0-2]
Write accesses
B[i_2][i_0][i_1]
Original loop: 0 -> yes
Original loop: 1 -> yes
Original loop: 2 -> yes

--- Dep 1 from S2 to S2; satisfied: 0, sat level: -1; Type: RAW
on variable: B
Dependence polyhedron
Set #1
[8 dims; 10 constraints]
-i_0+i_2' = 0
-i_2+i_1' = 0
-i_1+i_0'-2 = 0
i_0-2 >= 0
-i_0+PB_M-2 >= 0
-i_0+i_1+1 >= 0
-i_1+PB_L-3 >= 0
i_2-1 >= 0
-i_2+PB_M-2 >= 0
-i_2+PB_L-1 >= 0


--- Dep 2 from S2 to S2; satisfied: 0, sat level: -1; Type: RAW
on variable: B
Dependence polyhedron
Set #1
[8 dims; 10 constraints]
-i_0+i_2' = 0
-i_2+i_1' = 0
-i_0+i_0' = 0
-i_0+i_1+2 = 0
i_0-2 >= 0
-i_0+PB_M-2 >= 0
-i_0+PB_L-1 >= 0
-i_0+i_2+1 >= 0
-i_2+PB_M-2 >= 0
-i_2+PB_L-1 >= 0


--- Dep 3 from S2 to S2; satisfied: 0, sat level: -1; Type: RAW
on variable: B
Dependence polyhedron
Set #1
[8 dims; 8 constraints]
-i_0+i_2' = 0
-i_0+i_1'+2 = 0
-i_0+i_0' = 0
-i_0+i_2+2 = 0
-i_0+i_1+2 = 0
i_0-3 >= 0
-i_0+PB_M-2 >= 0
-i_0+PB_L-1 >= 0


--- Dep 4 from S2 to S2; satisfied: 0, sat level: -1; Type: WAR
on variable: B
Dependence polyhedron
Set #1
[8 dims; 9 constraints]
-i_2+i_2'-1 = 0
-i_1+i_1' = 0
-i_0+i_0' = 0
i_0-2 >= 0
-i_0+PB_L-1 >= 0
i_1 >= 0
-i_1+PB_L-1 >= 0
i_2-1 >= 0
-i_2+PB_M-3 >= 0


--- Dep 5 from S2 to S2; satisfied: 0, sat level: -1; Type: WAR
on variable: B
Dependence polyhedron
Set #1
[8 dims; 10 constraints]
-i_1+i_2' = 0
-i_0+i_1'+2 = 0
-i_2+i_0' = 0
i_0-2 >= 0
i_1-1 >= 0
-i_1+PB_M-2 >= 0
-i_1+PB_L-1 >= 0
-i_0+i_2-1 >= 0
-i_2+PB_M-2 >= 0
-i_2+PB_L-1 >= 0


--- Dep 6 from S2 to S2; satisfied: 0, sat level: -1; Type: WAR
on variable: B
Dependence polyhedron
Set #1
[8 dims; 8 constraints]
-i_1+i_2' = 0
-i_0+i_1'+2 = 0
-i_0+i_0' = 0
-i_0+i_2 = 0
-i_0+PB_M-2 >= 0
-i_0+PB_L-1 >= 0
i_1-1 >= 0
i_0-i_1-3 >= 0



[plcg-info] After affine transformations
T(S1): (i_0, i_1/32, 0, i_1, 0)
loop types (loop, loop, scalar, loop, scalar)

T(S2): (i_0, i_1/32, (3i_1+i_2)/32, i_1, 3i_1+i_2)
loop types (loop, loop, loop, loop, loop)

t1 --> unknown  loop   (band -1)no-ujam
t2 --> unknown  loop   (band -1)no-ujam
t3 --> unknown  loop   (band -1)no-ujam
t4 --> unknown  loop   (band -1)no-ujam
t5 --> unknown  loop   (band -1)no-ujam

[pluto] pluto_unroll_jam: WARNING: Unroll-jam poly loop not found in AST
