[plcg-info] Before affine transformations
nvar = 3, npar = 2
Parameters: PB_L PB_M 
S1 "A[i_0+1] = C[i_0] * C[i_0] + C[i_0] * C[0] + 1;"
ndims: 1; orig_depth: 1
iterators: i_0
Index set
3 5
1 1 0 0 0 
1 -1 1 0 -2 
1 0 1 0 -2 
T(S1): (0, i_0, 0, 0, 0, 0, 0)
loop types (loop, loop, loop, scalar, scalar, scalar, scalar)

Read accesses
C[i_0]
C[i_0]
C[i_0]
C[0]
Write accesses
A[i_0+1]
Original loop: 0 -> yes

S2 "B[i_3+i_2][i_1-2][i_3] = D[i_2+i_1][i_3][i_2] + E[i_3+i_1][i_2][i_2+i_1] + B[i_3+i_2-1][i_1-2][i_3] * B[i_3+i_2][i_1-3][i_3] + B[i_2+i_1-1][i_3-2][i_1] - B[i_3+i_2+1][i_1-2][i_3] + 6;"
ndims: 3; orig_depth: 3
iterators: i_1, i_2, i_3
Index set
9 7
1 1 0 0 0 0 -3 
1 -1 0 0 1 0 -1 
1 0 0 0 1 0 -4 
1 0 1 0 0 0 -1 
1 -1 -1 0 1 0 -1 
1 -1 0 0 1 0 -2 
1 0 0 1 0 0 -2 
1 -1 0 -1 0 1 -1 
1 -1 0 0 0 1 -3 
T(S2): (1, i_1, 0, i_2, 0, i_3, 0)
loop types (loop, loop, loop, loop, loop, loop, loop)

Read accesses
D[i_1+i_2][i_3][i_2]
E[i_1+i_3][i_2][i_1+i_2]
B[i_2+i_3-1][i_1-2][i_3]
B[i_2+i_3][i_1-3][i_3]
B[i_1+i_2-1][i_3-2][i_1]
B[i_2+i_3+1][i_1-2][i_3]
Write accesses
B[i_2+i_3][i_1-2][i_3]
Original loop: 0 -> yes
Original loop: 1 -> yes
Original loop: 2 -> yes

--- Dep 1 from S2 to S2; satisfied: 0, sat level: -1; Type: RAW
on variable: B
Dependence polyhedron
Set #1
[8 dims; 8 constraints]
-i_3+i_3' = 0
-i_2+i_2' = 0
-i_1+i_1'-1 = 0
i_1-3 >= 0
i_2-1 >= 0
-i_1-i_2+PB_L-2 >= 0
i_3-2 >= 0
-i_1-i_3+PB_M-2 >= 0


--- Dep 2 from S2 to S2; satisfied: 0, sat level: -1; Type: RAW
on variable: B
Dependence polyhedron
Set #1
[8 dims; 8 constraints]
-i_1+i_3' = 0
-i_2+i_2'-1 = 0
-i_3+i_1' = 0
i_1-3 >= 0
i_2-1 >= 0
-i_1+i_3-1 >= 0
-i_1-i_3+PB_M-1 >= 0
-i_2-i_3+PB_L-2 >= 0


--- Dep 3 from S2 to S2; satisfied: 0, sat level: -1; Type: RAW
on variable: B
Dependence polyhedron
Set #1
[8 dims; 8 constraints]
-i_1+i_3' = 0
-i_2+i_2'-1 = 0
-i_1+i_1' = 0
-i_1+i_3 = 0
i_1-3 >= 0
-2i_1+PB_M-1 >= 0
i_2-1 >= 0
-i_1-i_2+PB_L-2 >= 0


--- Dep 4 from S2 to S2; satisfied: 0, sat level: -1; Type: RAW
on variable: B
Dependence polyhedron
Set #1
[8 dims; 8 constraints]
-i_3+i_3' = 0
-i_2+i_2'-1 = 0
-i_1+i_1' = 0
i_1-3 >= 0
i_2-1 >= 0
-i_1-i_2+PB_L-2 >= 0
i_3-2 >= 0
-i_1-i_3+PB_M-1 >= 0


--- Dep 5 from S2 to S2; satisfied: 0, sat level: -1; Type: WAR
on variable: B
Dependence polyhedron
Set #1
[8 dims; 8 constraints]
-i_3+i_3' = 0
-i_2+i_2'-1 = 0
-i_1+i_1' = 0
i_1-3 >= 0
i_2-1 >= 0
-i_1-i_2+PB_L-2 >= 0
i_3-2 >= 0
-i_1-i_3+PB_M-1 >= 0


--- Dep 6 from S2 to S2; satisfied: 0, sat level: -1; Type: WAR
on variable: B
Dependence polyhedron
Set #1
[8 dims; 8 constraints]
-i_1+i_3' = 0
-i_2+i_2'+1 = 0
-i_3+i_1' = 0
i_1-3 >= 0
i_2-2 >= 0
-i_1+i_3-1 >= 0
-i_1-i_3+PB_M-1 >= 0
-i_2-i_3+PB_L >= 0



[plcg-info] After affine transformations
T(S1): (i_0/32, 0, 0, i_0, 0, 0)
loop types (loop, scalar, scalar, loop, scalar, scalar)

T(S2): ((i_1+i_3)/32, i_1/32, (i_1+i_2)/32, i_1+i_3, i_1, i_1+i_2)
loop types (loop, loop, loop, loop, loop, loop)

t1 --> unknown  loop   (band -1)no-ujam
t2 --> unknown  loop   (band -1)no-ujam
t3 --> unknown  loop   (band -1)no-ujam
t4 --> unknown  loop   (band -1)no-ujam
t5 --> unknown  loop   (band -1)no-ujam
t6 --> unknown  loop   (band -1)no-ujam

