[plcg-info] Before affine transformations
nvar = 3, npar = 3
Parameters: PB_M PB_L PB_P 
S1 "A[i_0+2] = C[i_0-2] * 2;"
ndims: 1; orig_depth: 1
iterators: i_0
Index set
3 6
1 1 0 0 0 -2 
1 -1 1 0 0 -3 
1 0 1 0 0 -5 
T(S1): (0, i_0, 0, 0, 0, 0, 0)
loop types (loop, loop, loop, scalar, scalar, scalar, scalar)

Read accesses
C[i_0-2]
Write accesses
A[i_0+2]
Original loop: 0 -> yes

S2 "B[i_3][i_2-2] = D[i_3][i_1][i_2] + E[i_1][i_3-1][i_2] * D[i_2][i_3][i_1+1] * E[i_3][i_2+i_1][i_2+i_1-2] - F[i_3][0] * B[i_2-2][i_3-1] + B[i_1][i_3-4] * 1;"
ndims: 3; orig_depth: 3
iterators: i_1, i_2, i_3
Index set
11 8
1 1 0 0 0 0 0 -2 
1 -1 0 0 0 1 0 -2 
1 0 0 0 0 1 0 -4 
1 0 1 0 0 0 0 -2 
1 -1 -1 0 0 0 1 -1 
1 0 -1 0 0 1 0 -1 
1 -1 0 0 0 0 1 -3 
1 0 0 0 0 1 0 -3 
1 0 0 1 0 0 0 -4 
1 0 0 -1 1 0 0 -1 
1 0 0 0 1 0 0 -5 
T(S2): (1, i_1, 0, i_2, 0, i_3, 0)
loop types (loop, loop, loop, loop, loop, loop, loop)

Read accesses
D[i_3][i_1][i_2]
E[i_1][i_3-1][i_2]
D[i_2][i_3][i_1+1]
E[i_3][i_1+i_2][i_1+i_2-2]
F[i_3][0]
B[i_2-2][i_3-1]
B[i_1][i_3-4]
Write accesses
B[i_3][i_2-2]
Original loop: 0 -> yes
Original loop: 1 -> yes
Original loop: 2 -> yes

--- Dep 1 from S2 to S2; satisfied: 0, sat level: -1; Type: RAW
on variable: B
Dependence polyhedron
Set #1
[9 dims; 13 constraints]
-i_2+i_3'+1 = 0
-i_3+i_2'-2 = 0
i_1-2 >= 0
i_2-5 >= 0
-i_1-i_2+PB_P-1 >= 0
-i_2+PB_L-1 >= 0
-i_2+PB_M >= 0
i_3-4 >= 0
-i_3+PB_L-3 >= 0
-i_3+PB_M-1 >= 0
-i_1+i_1'-1 >= 0
-i_3-i_1'+PB_P-3 >= 0
-i_1'+PB_L-2 >= 0


--- Dep 2 from S2 to S2; satisfied: 0, sat level: -1; Type: RAW
on variable: B
Dependence polyhedron
Set #1
[9 dims; 10 constraints]
-i_2+i_3'+1 = 0
-i_3+i_2'-2 = 0
-i_1+i_1' = 0
i_1-2 >= 0
-i_1+PB_L-2 >= 0
i_2-5 >= 0
-i_2+i_3+1 >= 0
-i_1-i_3+PB_P-3 >= 0
-i_3+PB_L-3 >= 0
-i_3+PB_M-1 >= 0


--- Dep 3 from S2 to S2; satisfied: 0, sat level: -1; Type: RAW
on variable: B
Dependence polyhedron
Set #1
[9 dims; 10 constraints]
-i_2+i_3'+1 = 0
-i_2+i_2' = 0
-i_1+i_1' = 0
-i_2+i_3+2 = 0
i_1-2 >= 0
-i_1+PB_L-2 >= 0
i_2-6 >= 0
-i_1-i_2+PB_P-1 >= 0
-i_2+PB_L-1 >= 0
-i_2+PB_M >= 0


--- Dep 4 from S2 to S2; satisfied: 0, sat level: -1; Type: RAW
on variable: B
Dependence polyhedron
Set #1
[9 dims; 14 constraints]
-i_2+i_3'-2 = 0
-i_3+i_1' = 0
i_1-2 >= 0
i_2-2 >= 0
-i_1-i_2+PB_P-1 >= 0
-i_2+PB_L-1 >= 0
-i_2+PB_M-3 >= 0
-i_1+i_3-1 >= 0
i_3-4 >= 0
-i_3+PB_L-2 >= 0
-i_3+PB_M-1 >= 0
i_2'-2 >= 0
-i_3-i_2'+PB_P-1 >= 0
-i_2'+PB_L-1 >= 0


--- Dep 5 from S2 to S2; satisfied: 0, sat level: -1; Type: RAW
on variable: B
Dependence polyhedron
Set #1
[9 dims; 11 constraints]
-i_2+i_3'-2 = 0
-i_1+i_1' = 0
-i_1+i_3 = 0
i_1-4 >= 0
-i_1+PB_L-2 >= 0
-i_1+PB_M-1 >= 0
i_2-2 >= 0
-i_2+PB_M-3 >= 0
-i_2+i_2'-1 >= 0
-i_1-i_2'+PB_P-1 >= 0
-i_2'+PB_L-1 >= 0


--- Dep 6 from S2 to S2; satisfied: 0, sat level: -1; Type: RAW
on variable: B
Dependence polyhedron
Set #1
[9 dims; 10 constraints]
-i_2+i_3'-2 = 0
-i_2+i_2' = 0
-i_1+i_1' = 0
-i_1+i_3 = 0
i_1-4 >= 0
-i_1+PB_L-2 >= 0
-i_1+i_2+1 >= 0
-i_1-i_2+PB_P-1 >= 0
-i_2+PB_L-1 >= 0
-i_2+PB_M-3 >= 0


--- Dep 7 from S2 to S2; satisfied: 0, sat level: -1; Type: WAR
on variable: B
Dependence polyhedron
Set #1
[9 dims; 13 constraints]
-i_1+i_3' = 0
-i_3+i_2'+2 = 0
i_1-4 >= 0
-i_1+PB_M-1 >= 0
i_2-2 >= 0
-i_1-i_2+PB_P-1 >= 0
-i_2+PB_L-1 >= 0
i_3-4 >= 0
-i_3+PB_L+1 >= 0
-i_3+PB_M-1 >= 0
-i_1+i_1'-1 >= 0
-i_3-i_1'+PB_P+1 >= 0
-i_1'+PB_L-2 >= 0


--- Dep 8 from S2 to S2; satisfied: 0, sat level: -1; Type: WAR
on variable: B
Dependence polyhedron
Set #1
[9 dims; 11 constraints]
-i_1+i_3' = 0
-i_3+i_2'+2 = 0
-i_1+i_1' = 0
i_1-4 >= 0
-i_1+PB_L-2 >= 0
-i_1+PB_M-1 >= 0
i_2-2 >= 0
-i_2+i_3-3 >= 0
-i_1-i_3+PB_P+1 >= 0
-i_3+PB_L+1 >= 0
-i_3+PB_M-1 >= 0


--- Dep 9 from S2 to S2; satisfied: 0, sat level: -1; Type: WAR
on variable: B
Dependence polyhedron
Set #1
[9 dims; 9 constraints]
-i_1+i_3' = 0
-i_2+i_2' = 0
-i_1+i_1' = 0
-i_2+i_3-2 = 0
-i_1+PB_L-2 >= 0
-i_1+PB_M-1 >= 0
i_2-2 >= 0
i_1-i_2-3 >= 0
-i_1-i_2+PB_P-1 >= 0


--- Dep 10 from S2 to S2; satisfied: 0, sat level: -1; Type: WAR
on variable: B
Dependence polyhedron
Set #1
[9 dims; 13 constraints]
-i_2+i_3'+2 = 0
-i_3+i_2'-1 = 0
i_1-2 >= 0
i_2-6 >= 0
-i_1-i_2+PB_P-1 >= 0
-i_2+PB_L-1 >= 0
-i_2+PB_M+1 >= 0
i_3-4 >= 0
-i_3+PB_L-2 >= 0
-i_3+PB_M-1 >= 0
-i_1+i_1'-1 >= 0
-i_3-i_1'+PB_P-2 >= 0
-i_1'+PB_L-2 >= 0


--- Dep 11 from S2 to S2; satisfied: 0, sat level: -1; Type: WAR
on variable: B
Dependence polyhedron
Set #1
[9 dims; 10 constraints]
-i_2+i_3'+2 = 0
-i_3+i_2'-1 = 0
-i_1+i_1' = 0
i_1-2 >= 0
-i_1+PB_L-2 >= 0
i_2-6 >= 0
-i_2+i_3 >= 0
-i_1-i_3+PB_P-2 >= 0
-i_3+PB_L-2 >= 0
-i_3+PB_M-1 >= 0


--- Dep 12 from S2 to S2; satisfied: 0, sat level: -1; Type: WAW
on variable: B
Dependence polyhedron
Set #1
[9 dims; 10 constraints]
-i_3+i_3' = 0
-i_2+i_2' = 0
i_1-2 >= 0
i_2-2 >= 0
-i_2+PB_L-1 >= 0
i_3-4 >= 0
-i_3+PB_M-1 >= 0
-i_1+i_1'-1 >= 0
-i_2-i_1'+PB_P-1 >= 0
-i_1'+PB_L-2 >= 0



[plcg-info] After affine transformations
T(S1): (i_0, 0, 0)
loop types (loop, scalar, scalar)

T(S2): (i_1, i_2, i_3)
loop types (loop, loop, loop)

t1 --> unknown  loop   (band -1)no-ujam
t2 --> unknown  loop   (band -1)no-ujam
t3 --> unknown  loop   (band -1)no-ujam

