[plcg-info] Before affine transformations
nvar = 3, npar = 3
Parameters: PB_M PB_P PB_L 
S1 "A[i_2][i_0][i_0+1] = C[i_0+1][i_2][i_1] - A[i_2-1][i_0-1][i_0] - B[i_2-1][i_1] - 1;"
ndims: 3; orig_depth: 3
iterators: i_0, i_1, i_2
Index set
9 8
1 1 0 0 0 0 0 -1 
1 -1 0 0 1 0 0 -2 
1 0 0 0 1 0 0 -3 
1 0 1 0 0 0 0 0 
1 0 -1 0 0 1 0 -1 
1 0 0 0 0 1 0 -1 
1 0 0 1 0 0 0 -1 
1 0 0 -1 1 0 0 -1 
1 0 0 0 1 0 0 -2 
T(S1): (0, i_0, 0, i_1, 0, i_2, 0)
loop types (loop, loop, loop, loop, loop, loop, loop)

Read accesses
C[i_0+1][i_2][i_1]
A[i_2-1][i_0-1][i_0]
B[i_2-1][i_1]
Write accesses
A[i_2][i_0][i_0+1]
Original loop: 0 -> yes
Original loop: 1 -> yes
Original loop: 2 -> yes

S2 "B[i_3][i_4-1] = 4;"
ndims: 2; orig_depth: 2
iterators: i_3, i_4
Index set
8 7
1 1 0 0 0 0 0 
1 -1 0 0 0 1 -1 
1 0 0 0 0 1 -1 
1 0 1 0 0 0 -1 
1 1 -1 0 0 0 -1 
1 0 -1 0 1 0 0 
1 1 0 0 0 0 -2 
1 0 0 0 1 0 -1 
T(S2): (1, i_3, 0, i_4, 0, 0, 0)
loop types (loop, loop, loop, loop, loop, scalar, scalar)

No Read accesses
Write accesses
B[i_3][i_4-1]
Original loop: 0 -> yes
Original loop: 1 -> yes

--- Dep 1 from S1 to S1; satisfied: 0, sat level: -1; Type: RAW
on variable: A
Dependence polyhedron
Set #1
[9 dims; 10 constraints]
-i_2+i_2'-1 = 0
-i_0+i_0'-1 = 0
i_0-1 >= 0
-i_0+PB_M-3 >= 0
i_1 >= 0
-i_1+PB_P-1 >= 0
i_2-1 >= 0
-i_2+PB_M-2 >= 0
i_1' >= 0
-i_1'+PB_P-1 >= 0


--- Dep 2 from S1 to S2; satisfied: 0, sat level: -1; Type: WAR
on variable: B
Dependence polyhedron
Set #1
[8 dims; 9 constraints]
-i_1+i_4'-1 = 0
-i_2+i_3'+1 = 0
i_0-1 >= 0
-i_0+PB_M-2 >= 0
i_1 >= 0
-i_1+PB_P-1 >= 0
-i_1+i_2-3 >= 0
-i_2+PB_L >= 0
-i_2+PB_M-1 >= 0


--- Dep 3 from S1 to S1; satisfied: 0, sat level: -1; Type: WAW
on variable: A
Dependence polyhedron
Set #1
[9 dims; 9 constraints]
-i_2+i_2' = 0
-i_0+i_0' = 0
i_0-1 >= 0
-i_0+PB_M-2 >= 0
i_1 >= 0
i_2-1 >= 0
-i_2+PB_M-1 >= 0
-i_1+i_1'-1 >= 0
-i_1'+PB_P-1 >= 0



t6 {loop with stmts: S1, }
t5 {loop with stmts: S1, }
t4 {loop with stmts: S1, }
t5 {loop with stmts: S1, }
[plcg-info] After affine transformations
T(S1): (0, i_0/32+i_2/32, i_2/32, i_0, i_1, i_2)
loop types (scalar, loop, loop, loop, loop, loop)

T(S2): (1, i_3/32, i_4/32, i_3, i_4, 0)
loop types (scalar, loop, loop, loop, loop, scalar)

t1 --> unknown  scalar (band -1)no-ujam
t2 --> unknown  loop   (band -1)no-ujam
t3 --> unknown  loop   (band -1)no-ujam
t4 --> unknown  loop   (band -1)no-ujam
t5 --> unknown  loop   (band -1)no-ujam
t6 --> unknown  loop   (band -1)no-ujam

