[plcg-info] Before affine transformations
nvar = 1, npar = 1
Parameters: PB_M 
S1 "A[i_0] = C[i_0-1] - C[i_0-1] + C[i_0] + 4;"
ndims: 1; orig_depth: 1
iterators: i_0
Index set
3 4
1 1 0 -1 
1 -1 1 -1 
1 0 1 -2 
T(S1): (0, i_0, 0)
loop types (loop, loop, loop)

Read accesses
C[i_0-1]
C[i_0-1]
C[i_0]
Write accesses
A[i_0]
Original loop: 0 -> yes

S2 "B[0] = C[i_1] + C[i_1] - C[i_1+1] * B[0] + B[0] - B[0] + B[0] - 3;"
ndims: 1; orig_depth: 1
iterators: i_1
Index set
3 4
1 1 0 0 
1 -1 1 -2 
1 0 1 -2 
T(S2): (1, i_1, 0)
loop types (loop, loop, loop)

Read accesses
C[i_1]
C[i_1]
C[i_1+1]
B[0]
B[0]
B[0]
B[0]
Write accesses
B[0]
Original loop: 0 -> yes

--- Dep 1 from S2 to S2; satisfied: 0, sat level: -1; Type: RAW
on variable: B
Dependence polyhedron
Set #1
[3 dims; 3 constraints]
i_1 >= 0
-i_1+i_1'-1 >= 0
-i_1'+PB_M-2 >= 0


--- Dep 2 from S2 to S2; satisfied: 0, sat level: -1; Type: RAW
on variable: B
Dependence polyhedron
Set #1
[3 dims; 3 constraints]
i_1 >= 0
-i_1+i_1'-1 >= 0
-i_1'+PB_M-2 >= 0


--- Dep 3 from S2 to S2; satisfied: 0, sat level: -1; Type: RAW
on variable: B
Dependence polyhedron
Set #1
[3 dims; 3 constraints]
i_1 >= 0
-i_1+i_1'-1 >= 0
-i_1'+PB_M-2 >= 0


--- Dep 4 from S2 to S2; satisfied: 0, sat level: -1; Type: RAW
on variable: B
Dependence polyhedron
Set #1
[3 dims; 3 constraints]
i_1 >= 0
-i_1+i_1'-1 >= 0
-i_1'+PB_M-2 >= 0


--- Dep 5 from S2 to S2; satisfied: 0, sat level: -1; Type: WAR
on variable: B
Dependence polyhedron
Set #1
[3 dims; 3 constraints]
i_1 >= 0
-i_1+i_1'-1 >= 0
-i_1'+PB_M-2 >= 0


--- Dep 6 from S2 to S2; satisfied: 0, sat level: -1; Type: WAR
on variable: B
Dependence polyhedron
Set #1
[3 dims; 3 constraints]
i_1 >= 0
-i_1+i_1'-1 >= 0
-i_1'+PB_M-2 >= 0


--- Dep 7 from S2 to S2; satisfied: 0, sat level: -1; Type: WAR
on variable: B
Dependence polyhedron
Set #1
[3 dims; 3 constraints]
i_1 >= 0
-i_1+i_1'-1 >= 0
-i_1'+PB_M-2 >= 0


--- Dep 8 from S2 to S2; satisfied: 0, sat level: -1; Type: WAR
on variable: B
Dependence polyhedron
Set #1
[3 dims; 3 constraints]
i_1 >= 0
-i_1+i_1'-1 >= 0
-i_1'+PB_M-2 >= 0


--- Dep 9 from S2 to S2; satisfied: 0, sat level: -1; Type: WAW
on variable: B
Dependence polyhedron
Set #1
[3 dims; 3 constraints]
i_1 >= 0
-i_1+i_1'-1 >= 0
-i_1'+PB_M-2 >= 0



[plcg-info] After affine transformations
T(S1): (i_0)
loop types (loop)

T(S2): (i_1)
loop types (loop)

t1 --> unknown  loop   (band -1)no-ujam

