[plcg-info] Before affine transformations
nvar = 2, npar = 3
Parameters: PB_N PB_P PB_M 
S1 "A[i_1+i_0][i_1] = C[i_1][i_0] * C[i_1][i_0] - C[i_1+i_0+1][i_1+i_0] + A[i_1+i_0-1][i_1] - 3;"
ndims: 2; orig_depth: 2
iterators: i_0, i_1
Index set
6 7
1 1 0 0 0 0 -1 
1 -1 0 1 0 0 -2 
1 0 0 1 0 0 -3 
1 0 1 0 0 0 0 
1 1 -1 0 0 0 -1 
1 -1 -1 1 0 0 -2 
T(S1): (0, i_0, 0, i_1, 0)
loop types (loop, loop, loop, loop, loop)

Read accesses
C[i_1][i_0]
C[i_1][i_0]
C[i_0+i_1+1][i_0+i_1]
A[i_0+i_1-1][i_1]
Write accesses
A[i_0+i_1][i_1]
Original loop: 0 -> yes
Original loop: 1 -> yes

S2 "A[i_3+i_2+2][i_3] = D[i_3-1][i_2] * D[i_2][i_3] - 4;"
ndims: 2; orig_depth: 2
iterators: i_2, i_3
Index set
8 7
1 1 0 0 0 0 0 
1 -1 0 0 1 0 -1 
1 0 0 0 1 0 -1 
1 0 1 0 0 0 -1 
1 -1 -1 0 0 1 -3 
1 0 -1 0 1 0 -1 
1 -1 0 0 0 1 -4 
1 0 0 0 1 0 -2 
T(S2): (1, i_2, 0, i_3, 0)
loop types (loop, loop, loop, loop, loop)

Read accesses
D[i_3-1][i_2]
D[i_2][i_3]
Write accesses
A[i_2+i_3+2][i_3]
Original loop: 0 -> yes
Original loop: 1 -> yes

--- Dep 1 from S1 to S1; satisfied: 0, sat level: -1; Type: RAW
on variable: A
Dependence polyhedron
Set #1
[7 dims; 5 constraints]
-i_1+i_1' = 0
-i_0+i_0'-1 = 0
i_1 >= 0
i_0-i_1-1 >= 0
-i_0-i_1+PB_N-3 >= 0


--- Dep 2 from S1 to S2; satisfied: 0, sat level: -1; Type: WAR
on variable: A
Dependence polyhedron
Set #1
[7 dims; 9 constraints]
-i_1+i_3' = 0
-i_0+i_2'+3 = 0
i_0-3 >= 0
-i_0+PB_P+2 >= 0
i_1-1 >= 0
i_0-i_1-1 >= 0
-i_0-i_1+PB_M >= 0
-i_1+PB_P-1 >= 0
-i_0-i_1+PB_N-2 >= 0


--- Dep 3 from S1 to S2; satisfied: 0, sat level: -1; Type: WAW
on variable: A
Dependence polyhedron
Set #1
[7 dims; 8 constraints]
-i_1+i_3' = 0
-i_0+i_2'+2 = 0
-i_0+PB_P+1 >= 0
i_1-1 >= 0
i_0-i_1-1 >= 0
-i_0-i_1+PB_M-1 >= 0
-i_1+PB_P-1 >= 0
-i_0-i_1+PB_N-2 >= 0



[plcg-info] After affine transformations
T(S1): (i_1/32, i_0/32, i_1, i_0, 0)
loop types (loop, loop, loop, loop, scalar)

T(S2): (i_3/32, zT3, i_3, i_2+3, 1)
loop types (loop, loop, loop, loop, scalar)

t1 --> unknown  loop   (band -1)no-ujam
t2 --> unknown  loop   (band -1)no-ujam
t3 --> unknown  loop   (band -1)no-ujam
t4 --> unknown  loop   (band -1)no-ujam
t5 --> unknown  scalar (band -1)no-ujam

