[plcg-info] Before affine transformations
nvar = 3, npar = 3
Parameters: PB_N PB_M PB_P 
S1 "A[i_0-2][i_1][i_0] = C[i_0][i_1][i_2+1] * A[i_0-2][i_1-1][i_0] - A[i_0-2][i_1+1][i_0] - 2;"
ndims: 3; orig_depth: 3
iterators: i_0, i_1, i_2
Index set
9 8
1 1 0 0 0 0 0 -2 
1 -1 0 0 1 0 0 1 
1 0 0 0 1 0 0 -1 
1 0 1 0 0 0 0 -1 
1 0 -1 0 0 1 0 -2 
1 0 0 0 0 1 0 -3 
1 0 0 1 0 0 0 0 
1 0 0 -1 0 0 1 -2 
1 0 0 0 0 0 1 -2 
T(S1): (0, i_0, 0, i_1, 0, i_2, 0)
loop types (loop, loop, loop, loop, loop, loop, loop)

Read accesses
C[i_0][i_1][i_2+1]
A[i_0-2][i_1-1][i_0]
A[i_0-2][i_1+1][i_0]
Write accesses
A[i_0-2][i_1][i_0]
Original loop: 0 -> yes
Original loop: 1 -> yes
Original loop: 2 -> yes

S2 "B[i_3+2][i_4] = D[i_4+2][i_3] * 6;"
ndims: 2; orig_depth: 2
iterators: i_3, i_4
Index set
5 7
1 1 0 0 0 0 0 
1 -1 0 1 0 0 -3 
1 0 0 1 0 0 -3 
1 -1 1 0 0 0 0 
1 0 -1 1 0 0 -3 
T(S2): (1, i_3, 0, i_4, 0, 0, 0)
loop types (loop, loop, loop, loop, loop, scalar, scalar)

Read accesses
D[i_4+2][i_3]
Write accesses
B[i_3+2][i_4]
Original loop: 0 -> yes
Original loop: 1 -> yes

--- Dep 1 from S1 to S1; satisfied: 0, sat level: -1; Type: RAW
on variable: A
Dependence polyhedron
Set #1
[9 dims; 10 constraints]
-i_1+i_1'-1 = 0
-i_0+i_0' = 0
i_0-2 >= 0
-i_0+PB_N+1 >= 0
i_1-1 >= 0
-i_1+PB_M-3 >= 0
i_2 >= 0
-i_2+PB_P-2 >= 0
i_2' >= 0
-i_2'+PB_P-2 >= 0


--- Dep 2 from S1 to S1; satisfied: 0, sat level: -1; Type: WAR
on variable: A
Dependence polyhedron
Set #1
[9 dims; 10 constraints]
-i_1+i_1'-1 = 0
-i_0+i_0' = 0
i_0-2 >= 0
-i_0+PB_N+1 >= 0
i_1-1 >= 0
-i_1+PB_M-3 >= 0
i_2 >= 0
-i_2+PB_P-2 >= 0
i_2' >= 0
-i_2'+PB_P-2 >= 0


--- Dep 3 from S1 to S1; satisfied: 0, sat level: -1; Type: WAW
on variable: A
Dependence polyhedron
Set #1
[9 dims; 9 constraints]
-i_1+i_1' = 0
-i_0+i_0' = 0
i_0-2 >= 0
-i_0+PB_N+1 >= 0
i_1-1 >= 0
-i_1+PB_M-2 >= 0
i_2 >= 0
-i_2+i_2'-1 >= 0
-i_2'+PB_P-2 >= 0



t5 {loop with stmts: S1, }
t4 {loop with stmts: S1, S2, }
t3 {loop with stmts: S1, S2, }
t3 {loop with stmts: S1, S2, }
[plcg-info] After affine transformations
T(S1): (i_0/32, i_1/32, i_1, i_2, i_0)
loop types (loop, loop, loop, loop, loop)

T(S2): (i_3/32, i_4/32, i_4, 0, i_3)
loop types (loop, loop, loop, loop, scalar)

t1 --> unknown  loop   (band -1)no-ujam
t2 --> unknown  loop   (band -1)no-ujam
t3 --> unknown  loop   (band -1)no-ujam
t4 --> unknown  loop   (band -1)no-ujam
t5 --> unknown  loop   (band -1)no-ujam

