[plcg-info] Before affine transformations
nvar = 1, npar = 1
Parameters: PB_M 
S1 "B[i_0-1] = C[i_0] - C[i_0] + 4;"
ndims: 1; orig_depth: 1
iterators: i_0
Index set
3 4
1 1 0 -1 
1 -1 1 -1 
1 0 1 -2 
T(S1): (0, i_0, 0)
loop types (loop, loop, loop)

Read accesses
C[i_0]
C[i_0]
Write accesses
B[i_0-1]
Original loop: 0 -> yes

S2 "B[i_1] = B[i_1+1] - B[i_1-1] - 6;"
ndims: 1; orig_depth: 1
iterators: i_1
Index set
3 4
1 1 0 -1 
1 -1 1 -2 
1 0 1 -3 
T(S2): (1, i_1, 0)
loop types (loop, loop, loop)

Read accesses
B[i_1+1]
B[i_1-1]
Write accesses
B[i_1]
Original loop: 0 -> yes

--- Dep 1 from S2 to S2; satisfied: 0, sat level: -1; Type: RAW
on variable: B
Dependence polyhedron
Set #1
[3 dims; 3 constraints]
-i_1+i_1'-1 = 0
i_1-1 >= 0
-i_1+PB_M-3 >= 0


--- Dep 2 from S1 to S2; satisfied: 0, sat level: -1; Type: RAW
on variable: B
Dependence polyhedron
Set #1
[3 dims; 3 constraints]
-i_0+i_1' = 0
i_0-1 >= 0
-i_0+PB_M-2 >= 0


--- Dep 3 from S1 to S2; satisfied: 0, sat level: -1; Type: RAW
on variable: B
Dependence polyhedron
Set #1
[3 dims; 3 constraints]
-i_0+i_1'+2 = 0
i_0-3 >= 0
-i_0+PB_M-1 >= 0


--- Dep 4 from S2 to S2; satisfied: 0, sat level: -1; Type: WAR
on variable: B
Dependence polyhedron
Set #1
[3 dims; 3 constraints]
-i_1+i_1'-1 = 0
i_1-1 >= 0
-i_1+PB_M-3 >= 0


--- Dep 5 from S1 to S2; satisfied: 0, sat level: -1; Type: WAW
on variable: B
Dependence polyhedron
Set #1
[3 dims; 3 constraints]
-i_0+i_1'+1 = 0
i_0-2 >= 0
-i_0+PB_M-1 >= 0



[plcg-info] After affine transformations
T(S1): (i_0, 0)
loop types (loop, scalar)

T(S2): (i_1+2, 1)
loop types (loop, scalar)

t1 --> unknown  loop   (band -1)no-ujam
t2 --> unknown  scalar (band -1)no-ujam

