[plcg-info] Before affine transformations
nvar = 3, npar = 2
Parameters: PB_N PB_P 
S1 "A[i_2][i_0][i_1] = C[i_1+1][i_0+1][i_2] - A[i_2-1][i_0][i_1] + 2;"
ndims: 3; orig_depth: 3
iterators: i_0, i_1, i_2
Index set
10 7
1 1 0 0 0 0 0 
1 -1 0 0 1 0 -3 
1 0 0 0 1 0 -3 
1 0 1 0 0 0 0 
1 -1 -1 0 1 0 -3 
1 0 -1 0 0 1 -1 
1 0 0 0 0 1 -1 
1 0 0 1 0 0 -1 
1 0 0 -1 0 1 -1 
1 0 0 0 0 1 -2 
T(S1): (0, i_0, 0, i_1, 0, i_2, 0)
loop types (loop, loop, loop, loop, loop, loop, loop)

Read accesses
C[i_1+1][i_0+1][i_2]
A[i_2-1][i_0][i_1]
Write accesses
A[i_2][i_0][i_1]
Original loop: 0 -> yes
Original loop: 1 -> yes
Original loop: 2 -> yes

S2 "B[i_1][i_1+i_0+1] = D[i_1+i_0][i_0+1] * B[i_1][i_1+i_0+2] * B[i_1][i_1+i_0] + B[i_1+1][i_1+i_0+2] + 4;"
ndims: 2; orig_depth: 2
iterators: i_0, i_1
Index set
7 6
1 1 0 0 0 0 
1 -1 0 1 0 -3 
1 0 0 1 0 -3 
1 0 1 0 0 0 
1 -1 -1 1 0 -3 
1 0 -1 0 1 -1 
1 0 0 0 1 -1 
T(S2): (0, i_0, 0, i_1, 1, 0, 0)
loop types (loop, loop, loop, loop, loop, scalar, scalar)

Read accesses
D[i_0+i_1][i_0+1]
B[i_1][i_0+i_1+2]
B[i_1][i_0+i_1]
B[i_1+1][i_0+i_1+2]
Write accesses
B[i_1][i_0+i_1+1]
Original loop: 0 -> yes
Original loop: 1 -> yes

--- Dep 1 from S2 to S2; satisfied: 0, sat level: -1; Type: RAW
on variable: B
Dependence polyhedron
Set #1
[6 dims; 6 constraints]
-i_1+i_1' = 0
-i_0+i_0'-1 = 0
i_0 >= 0
i_1 >= 0
-i_1+PB_P-1 >= 0
-i_0-i_1+PB_N-4 >= 0


--- Dep 2 from S1 to S1; satisfied: 0, sat level: -1; Type: RAW
on variable: A
Dependence polyhedron
Set #1
[8 dims; 9 constraints]
-i_2+i_2'-1 = 0
-i_1+i_1' = 0
-i_0+i_0' = 0
i_0 >= 0
i_1 >= 0
-i_1+PB_P-1 >= 0
-i_0-i_1+PB_N-3 >= 0
i_2-1 >= 0
-i_2+PB_P-2 >= 0


--- Dep 3 from S2 to S2; satisfied: 0, sat level: -1; Type: WAR
on variable: B
Dependence polyhedron
Set #1
[6 dims; 6 constraints]
-i_1+i_1' = 0
-i_0+i_0'-1 = 0
i_0 >= 0
i_1 >= 0
-i_1+PB_P-1 >= 0
-i_0-i_1+PB_N-4 >= 0


--- Dep 4 from S2 to S2; satisfied: 0, sat level: -1; Type: WAR
on variable: B
Dependence polyhedron
Set #1
[6 dims; 6 constraints]
-i_1+i_1'-1 = 0
-i_0+i_0' = 0
i_0 >= 0
i_1 >= 0
-i_1+PB_P-2 >= 0
-i_0-i_1+PB_N-4 >= 0



[plcg-info] After affine transformations
T(S1): (i_0/32+i_1/32, i_1/32, i_2/32, i_0, i_1, i_2)
loop types (loop, loop, loop, loop, loop, loop)

T(S2): (i_0/32+i_1/32, i_1/32, 0, i_0, i_1, 0)
loop types (loop, loop, scalar, loop, loop, scalar)

t1 --> unknown  loop   (band -1)no-ujam
t2 --> unknown  loop   (band -1)no-ujam
t3 --> unknown  loop   (band -1)no-ujam
t4 --> unknown  loop   (band -1)no-ujam
t5 --> unknown  loop   (band -1)no-ujam
t6 --> unknown  loop   (band -1)no-ujam

