[plcg-info] Before affine transformations
nvar = 3, npar = 2
Parameters: PB_P PB_M 
S1 "A[i_0][i_1] = C[i_0-1][i_1+i_0] - A[i_0][i_1-2] + 2;"
ndims: 2; orig_depth: 2
iterators: i_0, i_1
Index set
6 6
1 1 0 0 0 -1 
1 -1 0 1 0 -1 
1 0 0 1 0 -2 
1 0 1 0 0 -2 
1 -1 -1 1 0 -1 
1 -1 0 1 0 -3 
T(S1): (0, i_0, 0, i_1, 0, 0, 0)
loop types (loop, loop, loop, loop, loop, scalar, scalar)

Read accesses
C[i_0-1][i_0+i_1]
A[i_0][i_1-2]
Write accesses
A[i_0][i_1]
Original loop: 0 -> yes
Original loop: 1 -> yes

S2 "B[i_0][i_3+1][i_0] = D[i_3+i_2+1][i_0][i_3+1] - B[i_0-1][i_3+1][i_0-1] + 3;"
ndims: 3; orig_depth: 3
iterators: i_0, i_2, i_3
Index set
10 7
1 1 0 0 0 0 -1 
1 -1 0 0 1 0 -1 
1 0 0 0 1 0 -2 
1 0 1 0 0 0 0 
1 1 -1 0 0 0 -1 
1 -1 0 1 0 0 0 
1 0 0 -1 1 0 -2 
1 0 -1 -1 0 1 -2 
1 -1 0 0 1 0 -2 
1 -1 -1 0 0 1 -2 
T(S2): (0, i_0, 1, i_2, 0, i_3, 0)
loop types (loop, loop, loop, loop, loop, loop, loop)

Read accesses
D[i_2+i_3+1][i_0][i_3+1]
B[i_0-1][i_3+1][i_0-1]
Write accesses
B[i_0][i_3+1][i_0]
Original loop: 0 -> yes
Original loop: 1 -> yes
Original loop: 2 -> yes

--- Dep 1 from S1 to S1; satisfied: 0, sat level: -1; Type: RAW
on variable: A
Dependence polyhedron
Set #1
[6 dims; 5 constraints]
-i_1+i_1'-2 = 0
-i_0+i_0' = 0
i_0-1 >= 0
i_1-2 >= 0
-i_0-i_1+PB_P-3 >= 0


--- Dep 2 from S2 to S2; satisfied: 0, sat level: -1; Type: RAW
on variable: B
Dependence polyhedron
Set #1
[8 dims; 10 constraints]
-i_3+i_3' = 0
-i_0+i_0'-1 = 0
i_2 >= 0
i_0-i_2-1 >= 0
-i_0+i_3-1 >= 0
-i_2-i_3+PB_M-2 >= 0
-i_3+PB_P-2 >= 0
i_2' >= 0
i_0-i_2' >= 0
-i_3-i_2'+PB_M-2 >= 0


--- Dep 3 from S2 to S2; satisfied: 0, sat level: -1; Type: WAW
on variable: B
Dependence polyhedron
Set #1
[8 dims; 8 constraints]
-i_3+i_3' = 0
-i_0+i_0' = 0
i_2 >= 0
-i_0+i_3 >= 0
-i_3+PB_P-2 >= 0
-i_2+i_2'-1 >= 0
i_0-i_2'-1 >= 0
-i_3-i_2'+PB_M-2 >= 0



t5 {loop with stmts: S2, }
t4 {loop with stmts: S1, S2, }
t3 {loop with stmts: S1, S2, }
t3 {loop with stmts: S1, S2, }
[plcg-info] After affine transformations
T(S1): (i_0/32, i_1/32, i_1, 0, i_0)
loop types (loop, loop, loop, loop, scalar)

T(S2): (i_3/32, i_0/32, i_0, i_2, i_3)
loop types (loop, loop, loop, loop, loop)

t1 --> unknown  loop   (band -1)no-ujam
t2 --> unknown  loop   (band -1)no-ujam
t3 --> unknown  loop   (band -1)no-ujam
t4 --> unknown  loop   (band -1)no-ujam
t5 --> unknown  loop   (band -1)no-ujam

