[plcg-info] Before affine transformations
nvar = 3, npar = 1
Parameters: PB_M 
S1 "A[i_2+i_0][i_1][0] = C[i_2+i_1][i_2][i_1-1] * C[i_1+i_0][i_1][i_2+i_0] + A[i_2+i_0-1][i_1][0] - 6;"
ndims: 3; orig_depth: 3
iterators: i_0, i_1, i_2
Index set
9 6
1 1 0 0 0 -1 
1 -1 0 0 1 -1 
1 0 0 0 1 -2 
1 -1 1 0 0 0 
1 -1 -1 0 1 -1 
1 -2 0 0 1 -1 
1 -1 0 1 0 0 
1 -1 0 -1 1 -1 
1 0 -1 -1 1 -1 
T(S1): (0, i_0, 0, i_1, 0, i_2, 0)
loop types (loop, loop, loop, loop, loop, loop, loop)

Read accesses
C[i_1+i_2][i_2][i_1-1]
C[i_0+i_1][i_1][i_0+i_2]
A[i_0+i_2-1][i_1][0]
Write accesses
A[i_0+i_2][i_1][0]
Original loop: 0 -> yes
Original loop: 1 -> yes
Original loop: 2 -> yes

S2 "A[i_5+i_3][i_4+1][0] = D[i_5+2][i_4] * C[i_3][i_5+i_4][i_4] + C[i_3][i_5+2][i_5] + C[i_5+i_4-2][i_3][i_4] + A[i_5+i_4][i_3][0] * 6;"
ndims: 3; orig_depth: 3
iterators: i_3, i_4, i_5
Index set
10 6
1 1 0 0 0 0 
1 -1 0 0 1 -1 
1 0 0 0 1 -1 
1 0 1 0 0 -2 
1 0 -1 0 1 -1 
1 0 0 0 1 -3 
1 0 0 1 0 0 
1 0 -1 -1 1 -1 
1 -1 0 -1 1 -1 
1 0 0 -1 1 -3 
T(S2): (1, i_3, 0, i_4, 0, i_5, 0)
loop types (loop, loop, loop, loop, loop, loop, loop)

Read accesses
D[i_5+2][i_4]
C[i_3][i_4+i_5][i_4]
C[i_3][i_5+2][i_5]
C[i_4+i_5-2][i_3][i_4]
A[i_4+i_5][i_3][0]
Write accesses
A[i_3+i_5][i_4+1][0]
Original loop: 0 -> yes
Original loop: 1 -> yes
Original loop: 2 -> yes

--- Dep 1 from S1 to S2; satisfied: 0, sat level: -1; Type: RAW
on variable: A
Dependence polyhedron
Set #1
[7 dims; 9 constraints]
-i_0-i_2+i_4'+i_5' = 0
-i_1+i_3' = 0
i_0-1 >= 0
-i_0+i_1 >= 0
-i_0+i_2 >= 0
-i_1-i_2+PB_M-1 >= 0
i_4'-2 >= 0
-i_0-i_1-i_2+i_4'+PB_M-1 >= 0
i_0+i_2-i_4' >= 0


--- Dep 2 from S2 to S2; satisfied: 0, sat level: -1; Type: RAW
on variable: A
Dependence polyhedron
Set #1
[7 dims; 10 constraints]
-i_3-i_5+i_4'+i_5' = 0
-i_4+i_3'-1 = 0
i_3 >= 0
-i_3+i_4 >= 0
i_4-2 >= 0
i_5 >= 0
-i_4-i_5+PB_M-1 >= 0
i_4'-2 >= 0
-i_3-i_4-i_5+i_4'+PB_M-2 >= 0
i_3+i_5-i_4' >= 0


--- Dep 3 from S2 to S2; satisfied: 0, sat level: -1; Type: RAW
on variable: A
Dependence polyhedron
Set #1
[7 dims; 7 constraints]
-i_3-i_5+i_4'+i_5' = 0
-i_3+i_3' = 0
-i_3+i_4+1 = 0
i_3-3 >= 0
-i_3-i_5+PB_M-1 >= 0
-i_3+i_4' >= 0
i_3+i_5-i_4' >= 0


--- Dep 4 from S2 to S2; satisfied: 0, sat level: -1; Type: RAW
on variable: A
Dependence polyhedron
Set #1
[7 dims; 7 constraints]
-i_5+i_5'-1 = 0
-i_3+i_4'+1 = 0
-i_3+i_3' = 0
-i_3+i_4+1 = 0
i_3-3 >= 0
i_5 >= 0
-i_3-i_5+PB_M-2 >= 0


--- Dep 5 from S1 to S1; satisfied: 0, sat level: -1; Type: RAW
on variable: A
Dependence polyhedron
Set #1
[7 dims; 7 constraints]
-i_0-i_2+i_0'+i_2'-1 = 0
-i_1+i_1' = 0
i_0-1 >= 0
-i_1-i_2+PB_M-1 >= 0
-i_0+i_0'-1 >= 0
i_1-i_0' >= 0
i_0+i_2-2i_0'+1 >= 0


--- Dep 6 from S1 to S1; satisfied: 0, sat level: -1; Type: RAW
on variable: A
Dependence polyhedron
Set #1
[7 dims; 7 constraints]
-i_2+i_2'-1 = 0
-i_1+i_1' = 0
-i_0+i_0' = 0
i_0-1 >= 0
-i_0+i_1 >= 0
-i_0+i_2 >= 0
-i_1-i_2+PB_M-2 >= 0


--- Dep 7 from S1 to S2; satisfied: 0, sat level: -1; Type: WAR
on variable: A
Dependence polyhedron
Set #1
[7 dims; 10 constraints]
-i_0-i_2+i_3'+i_5'+1 = 0
-i_1+i_4'+1 = 0
i_0-1 >= 0
-i_0+i_1 >= 0
i_1-3 >= 0
-i_0+i_2 >= 0
-i_1-i_2+PB_M-1 >= 0
i_3' >= 0
-i_0-i_1-i_2+i_3'+PB_M+1 >= 0
i_0+i_2-i_3'-1 >= 0


--- Dep 8 from S1 to S1; satisfied: 0, sat level: -1; Type: WAR
on variable: A
Dependence polyhedron
Set #1
[7 dims; 7 constraints]
-i_0-i_2+i_0'+i_2'+1 = 0
-i_1+i_1' = 0
i_0-1 >= 0
-i_1-i_2+PB_M-1 >= 0
-i_0+i_0'-1 >= 0
i_1-i_0' >= 0
i_0+i_2-2i_0'-1 >= 0


--- Dep 9 from S2 to S2; satisfied: 0, sat level: -1; Type: WAR
on variable: A
Dependence polyhedron
Set #1
[7 dims; 9 constraints]
-i_4-i_5+i_3'+i_5' = 0
-i_3+i_4'+1 = 0
i_3-3 >= 0
i_4-2 >= 0
i_5 >= 0
-i_3-i_5+PB_M-1 >= 0
-i_4-i_5+PB_M-1 >= 0
-i_3+i_3'-1 >= 0
i_4+i_5-i_3' >= 0


--- Dep 10 from S2 to S2; satisfied: 0, sat level: -1; Type: WAR
on variable: A
Dependence polyhedron
Set #1
[7 dims; 7 constraints]
i_3-i_4-i_5+i_5' = 0
-i_3+i_4'+1 = 0
-i_3+i_3' = 0
i_4-2 >= 0
i_3-i_4-2 >= 0
-i_3+i_4+i_5 >= 0
-i_3-i_5+PB_M-1 >= 0


--- Dep 11 from S1 to S2; satisfied: 0, sat level: -1; Type: WAW
on variable: A
Dependence polyhedron
Set #1
[7 dims; 10 constraints]
-i_0-i_2+i_3'+i_5' = 0
-i_1+i_4'+1 = 0
i_0-1 >= 0
-i_0+i_1 >= 0
i_1-3 >= 0
-i_0+i_2 >= 0
-i_1-i_2+PB_M-1 >= 0
i_3' >= 0
-i_0-i_1-i_2+i_3'+PB_M >= 0
i_0+i_2-i_3' >= 0


--- Dep 12 from S2 to S2; satisfied: 0, sat level: -1; Type: WAW
on variable: A
Dependence polyhedron
Set #1
[7 dims; 8 constraints]
-i_3-i_5+i_3'+i_5' = 0
-i_4+i_4' = 0
i_3 >= 0
i_4-2 >= 0
-i_3-i_5+PB_M-1 >= 0
-i_4-i_5+PB_M-1 >= 0
-i_3+i_3'-1 >= 0
i_3+i_5-i_3' >= 0


--- Dep 13 from S1 to S1; satisfied: 0, sat level: -1; Type: WAW
on variable: A
Dependence polyhedron
Set #1
[7 dims; 7 constraints]
-i_0-i_2+i_0'+i_2' = 0
-i_1+i_1' = 0
i_0-1 >= 0
-i_1-i_2+PB_M-1 >= 0
-i_0+i_0'-1 >= 0
i_1-i_0' >= 0
i_0+i_2-2i_0' >= 0



t6 {loop with stmts: S1, }
t5 {loop with stmts: S1, }
t4 {loop with stmts: S1, }
t5 {loop with stmts: S1, }
[plcg-info] After affine transformations
T(S1): (0, i_0/32+i_1/32, i_1/32, i_0, i_2, i_1)
loop types (scalar, loop, loop, loop, loop, loop)

T(S2): (1, i_3, i_4/32+(2i_4+i_5)/32, (2i_4+i_5)/32, i_4, 2i_4+i_5)
loop types (scalar, loop, loop, loop, loop, loop)

t1 --> unknown  scalar (band -1)no-ujam
t2 --> unknown  loop   (band -1)no-ujam
t3 --> unknown  loop   (band -1)no-ujam
t4 --> unknown  loop   (band -1)no-ujam
t5 --> unknown  loop   (band -1)no-ujam
t6 --> unknown  loop   (band -1)no-ujam

