[plcg-info] Before affine transformations
nvar = 3, npar = 4
Parameters: PB_M PB_P PB_L PB_N 
S1 "A[i_1-1][i_0+1][i_2] = C[i_0][i_1-1][i_0-1] + 3;"
ndims: 3; orig_depth: 3
iterators: i_0, i_1, i_2
Index set
9 9
1 1 0 0 0 0 0 0 -1 
1 -1 0 0 1 0 0 0 -2 
1 0 0 0 1 0 0 0 -3 
1 -1 1 0 0 0 0 0 0 
1 0 -1 0 0 1 0 0 0 
1 -1 0 0 0 1 0 0 0 
1 0 0 1 0 0 0 0 0 
1 0 0 -1 0 0 1 0 -1 
1 0 0 0 0 0 1 0 -1 
T(S1): (0, i_0, 0, i_1, 0, i_2, 0)
loop types (loop, loop, loop, loop, loop, loop, loop)

Read accesses
C[i_0][i_1-1][i_0-1]
Write accesses
A[i_1-1][i_0+1][i_2]
Original loop: 0 -> yes
Original loop: 1 -> yes
Original loop: 2 -> yes

S2 "B[i_4+1][i_3-1] = B[i_4+1][i_3-2] * 5;"
ndims: 3; orig_depth: 3
iterators: i_3, i_4, i_5
Index set
10 9
1 1 0 0 0 0 0 0 -2 
1 -1 0 0 0 0 0 1 0 
1 0 0 0 0 0 0 1 -2 
1 0 1 0 0 0 0 0 0 
1 1 -1 0 0 0 0 0 -1 
1 0 -1 0 0 0 0 1 -2 
1 1 0 0 0 0 0 0 -1 
1 0 0 1 0 0 0 0 0 
1 0 1 -1 0 0 0 0 -1 
1 0 1 0 0 0 0 0 -1 
T(S2): (1, i_3, 0, i_4, 0, i_5, 0)
loop types (loop, loop, loop, loop, loop, loop, loop)

Read accesses
B[i_4+1][i_3-2]
Write accesses
B[i_4+1][i_3-1]
Original loop: 0 -> yes
Original loop: 1 -> yes
Original loop: 2 -> yes

--- Dep 1 from S2 to S2; satisfied: 0, sat level: -1; Type: RAW
on variable: B
Dependence polyhedron
Set #1
[10 dims; 8 constraints]
-i_4+i_4' = 0
-i_3+i_3'-1 = 0
-i_3+PB_N-1 >= 0
i_3-i_4-1 >= 0
i_5 >= 0
i_4-i_5-1 >= 0
i_5' >= 0
i_4-i_5'-1 >= 0


--- Dep 2 from S2 to S2; satisfied: 0, sat level: -1; Type: WAW
on variable: B
Dependence polyhedron
Set #1
[10 dims; 8 constraints]
-i_4+i_4' = 0
-i_3+i_3' = 0
-i_3+PB_N >= 0
i_3-i_4-1 >= 0
-i_4+PB_N-2 >= 0
i_5 >= 0
-i_5+i_5'-1 >= 0
i_4-i_5'-1 >= 0



t5 {loop with stmts: S1, S2, }
t4 {loop with stmts: S1, S2, }
t3 {loop with stmts: S1, S2, }
t3 {loop with stmts: S1, S2, }
[plcg-info] After affine transformations
T(S1): (i_0/32, i_1/32, i_1, i_2, i_0)
loop types (loop, loop, loop, loop, loop)

T(S2): (i_4/32, i_3/32, i_3, i_5, i_4)
loop types (loop, loop, loop, loop, loop)

t1 --> unknown  loop   (band -1)no-ujam
t2 --> unknown  loop   (band -1)no-ujam
t3 --> unknown  loop   (band -1)no-ujam
t4 --> unknown  loop   (band -1)no-ujam
t5 --> unknown  loop   (band -1)no-ujam

