[plcg-info] Before affine transformations
nvar = 3, npar = 3
Parameters: PB_M PB_L PB_Q 
S1 "A[i_1][i_0] = C[i_1+i_0][0] - 6;"
ndims: 2; orig_depth: 2
iterators: i_0, i_1
Index set
7 7
1 1 0 0 0 0 0 
1 -1 0 1 0 0 -1 
1 0 0 1 0 0 -1 
1 0 1 0 0 0 0 
1 -1 -1 0 1 0 -1 
1 0 -1 1 0 0 -1 
1 -1 0 0 1 0 -1 
T(S1): (0, i_0, 0, i_1, 0, 0, 0)
loop types (loop, loop, loop, loop, loop, scalar, scalar)

Read accesses
C[i_0+i_1][0]
Write accesses
A[i_1][i_0]
Original loop: 0 -> yes
Original loop: 1 -> yes

S2 "B[i_0][i_3+1][i_2] = D[i_3+i_2][0][i_2] + B[i_3+1][i_0+3][i_2] * 5;"
ndims: 3; orig_depth: 3
iterators: i_0, i_2, i_3
Index set
13 8
1 1 0 0 0 0 0 0 
1 -1 0 0 1 0 0 -1 
1 0 0 0 1 0 0 -1 
1 0 1 0 0 0 0 0 
1 0 -1 0 0 0 1 -1 
1 0 0 0 0 0 1 -1 
1 0 0 1 0 0 0 0 
1 0 0 -1 1 0 0 -2 
1 0 1 -1 0 0 0 -1 
1 0 -1 -1 0 1 0 -1 
1 0 0 0 1 0 0 -2 
1 0 1 0 0 0 0 -1 
1 0 -1 0 0 1 0 -1 
T(S2): (0, i_0, 1, i_2, 0, i_3, 0)
loop types (loop, loop, loop, loop, loop, loop, loop)

Read accesses
D[i_2+i_3][0][i_2]
B[i_3+1][i_0+3][i_2]
Write accesses
B[i_0][i_3+1][i_2]
Original loop: 0 -> yes
Original loop: 1 -> yes
Original loop: 2 -> yes

--- Dep 1 from S2 to S2; satisfied: 0, sat level: -1; Type: RAW
on variable: B
Dependence polyhedron
Set #1
[9 dims; 9 constraints]
-i_0+i_3'+1 = 0
-i_2+i_2' = 0
-i_3+i_0'+2 = 0
i_0-1 >= 0
-i_2+PB_Q-1 >= 0
-i_0+i_3-3 >= 0
i_2-i_3-1 >= 0
-i_2-i_3+PB_L-1 >= 0
-i_3+PB_M-2 >= 0


--- Dep 2 from S2 to S2; satisfied: 0, sat level: -1; Type: WAR
on variable: B
Dependence polyhedron
Set #1
[9 dims; 12 constraints]
-i_0+i_3'-2 = 0
-i_2+i_2' = 0
-i_3+i_0'-1 = 0
i_0 >= 0
-i_0+PB_M-4 >= 0
-i_0+i_2-3 >= 0
-i_2+PB_Q-1 >= 0
-i_0-i_2+PB_L-3 >= 0
-i_0+i_3 >= 0
i_2-i_3-1 >= 0
-i_2-i_3+PB_L-1 >= 0
-i_3+PB_M-2 >= 0


--- Dep 3 from S2 to S2; satisfied: 0, sat level: -1; Type: WAR
on variable: B
Dependence polyhedron
Set #1
[9 dims; 9 constraints]
-i_0+i_3'-2 = 0
-i_2+i_2' = 0
-i_0+i_0' = 0
-i_0+i_3+1 = 0
i_0-1 >= 0
-i_0+PB_M-4 >= 0
-i_0+i_2-3 >= 0
-i_2+PB_Q-1 >= 0
-i_0-i_2+PB_L-3 >= 0



[plcg-info] After affine transformations
T(S1): (i_0/32, i_1/32, 0, i_0, i_1, 0)
loop types (loop, loop, scalar, loop, loop, scalar)

T(S2): (i_2/32, i_0/32, (4i_0+i_3)/32, i_2, i_0, 4i_0+i_3)
loop types (loop, loop, loop, loop, loop, loop)

t1 --> unknown  loop   (band -1)no-ujam
t2 --> unknown  loop   (band -1)no-ujam
t3 --> unknown  loop   (band -1)no-ujam
t4 --> unknown  loop   (band -1)no-ujam
t5 --> unknown  loop   (band -1)no-ujam
t6 --> unknown  loop   (band -1)no-ujam

