[plcg-info] Before affine transformations
nvar = 3, npar = 2
Parameters: PB_Q PB_M 
S1 "A[i_2][i_1][i_0] = C[i_2][0] + D[i_2][i_0][1] + D[i_1][i_0][i_2+1] + D[i_2+i_1-1][i_0][i_2] + D[i_0+1][i_2+1][i_1] - 1;"
ndims: 3; orig_depth: 3
iterators: i_0, i_1, i_2
Index set
10 7
1 1 0 0 0 0 0 
1 -1 0 0 1 0 -1 
1 0 0 0 1 0 -1 
1 0 1 0 0 0 -1 
1 0 -1 0 1 0 -1 
1 0 0 0 1 0 -2 
1 0 0 1 0 0 0 
1 0 -1 -1 0 1 0 
1 0 0 -1 1 0 -2 
1 0 -1 0 0 1 0 
T(S1): (0, i_0, 0, i_1, 0, i_2, 0)
loop types (loop, loop, loop, loop, loop, loop, loop)

Read accesses
C[i_2][0]
D[i_2][i_0][1]
D[i_1][i_0][i_2+1]
D[i_1+i_2-1][i_0][i_2]
D[i_0+1][i_2+1][i_1]
Write accesses
A[i_2][i_1][i_0]
Original loop: 0 -> yes
Original loop: 1 -> yes
Original loop: 2 -> yes

S2 "B[i_0][i_4][i_4-1] = E[i_3][i_4+i_0][i_4][0] + B[i_0][i_4-2][i_4-3] - B[i_0][i_4+2][i_4+1] + B[i_0+1][i_3][i_3-1] * 5;"
ndims: 3; orig_depth: 3
iterators: i_0, i_3, i_4
Index set
10 7
1 1 0 0 0 0 0 
1 -1 0 0 1 0 -1 
1 0 0 0 1 0 -1 
1 0 1 0 0 0 -1 
1 0 -1 0 1 0 -1 
1 0 0 0 1 0 -2 
1 0 0 1 0 0 -3 
1 -1 0 1 0 0 0 
1 -1 0 -1 1 0 -1 
1 -1 0 0 1 0 -4 
T(S2): (0, i_0, 1, i_3, 0, i_4, 0)
loop types (loop, loop, loop, loop, loop, loop, loop)

Read accesses
E[i_3][i_0+i_4][i_4][0]
B[i_0][i_4-2][i_4-3]
B[i_0][i_4+2][i_4+1]
B[i_0+1][i_3][i_3-1]
Write accesses
B[i_0][i_4][i_4-1]
Original loop: 0 -> yes
Original loop: 1 -> yes
Original loop: 2 -> yes

--- Dep 1 from S2 to S2; satisfied: 0, sat level: -1; Type: RAW
on variable: B
Dependence polyhedron
Set #1
[8 dims; 9 constraints]
-i_4+i_4'-2 = 0
-i_0+i_0' = 0
i_0 >= 0
i_3-1 >= 0
-i_0+i_4 >= 0
i_4-3 >= 0
-i_0-i_4+PB_Q-3 >= 0
-i_3+i_3'-1 >= 0
-i_3'+PB_Q-1 >= 0


--- Dep 2 from S2 to S2; satisfied: 0, sat level: -1; Type: RAW
on variable: B
Dependence polyhedron
Set #1
[8 dims; 9 constraints]
-i_4+i_4'-2 = 0
-i_3+i_3' = 0
-i_0+i_0' = 0
i_0 >= 0
i_3-1 >= 0
-i_3+PB_Q-1 >= 0
-i_0+i_4 >= 0
i_4-3 >= 0
-i_0-i_4+PB_Q-3 >= 0


--- Dep 3 from S2 to S2; satisfied: 0, sat level: -1; Type: RAW
on variable: B
Dependence polyhedron
Set #1
[8 dims; 9 constraints]
-i_4+i_4'+2 = 0
-i_0+i_0' = 0
i_0 >= 0
i_3-1 >= 0
-i_0+i_4-2 >= 0
i_4-5 >= 0
-i_0-i_4+PB_Q-1 >= 0
-i_3+i_3'-1 >= 0
-i_3'+PB_Q-1 >= 0


--- Dep 4 from S2 to S2; satisfied: 0, sat level: -1; Type: WAR
on variable: B
Dependence polyhedron
Set #1
[8 dims; 11 constraints]
-i_3+i_4' = 0
-i_0+i_0'-1 = 0
i_0 >= 0
-i_0+i_3-1 >= 0
i_3-3 >= 0
-i_0-i_3+PB_Q-2 >= 0
-i_0+i_4 >= 0
i_4-3 >= 0
-i_0-i_4+PB_Q-1 >= 0
i_3'-1 >= 0
-i_3'+PB_Q-1 >= 0


--- Dep 5 from S2 to S2; satisfied: 0, sat level: -1; Type: WAR
on variable: B
Dependence polyhedron
Set #1
[8 dims; 9 constraints]
-i_4+i_4'+2 = 0
-i_0+i_0' = 0
i_0 >= 0
i_3-1 >= 0
-i_0+i_4-2 >= 0
i_4-5 >= 0
-i_0-i_4+PB_Q-1 >= 0
-i_3+i_3'-1 >= 0
-i_3'+PB_Q-1 >= 0


--- Dep 6 from S2 to S2; satisfied: 0, sat level: -1; Type: WAR
on variable: B
Dependence polyhedron
Set #1
[8 dims; 9 constraints]
-i_4+i_4'-2 = 0
-i_0+i_0' = 0
i_0 >= 0
i_3-1 >= 0
-i_0+i_4 >= 0
i_4-3 >= 0
-i_0-i_4+PB_Q-3 >= 0
-i_3+i_3'-1 >= 0
-i_3'+PB_Q-1 >= 0


--- Dep 7 from S2 to S2; satisfied: 0, sat level: -1; Type: WAR
on variable: B
Dependence polyhedron
Set #1
[8 dims; 9 constraints]
-i_4+i_4'-2 = 0
-i_3+i_3' = 0
-i_0+i_0' = 0
i_0 >= 0
i_3-1 >= 0
-i_3+PB_Q-1 >= 0
-i_0+i_4 >= 0
i_4-3 >= 0
-i_0-i_4+PB_Q-3 >= 0


--- Dep 8 from S2 to S2; satisfied: 0, sat level: -1; Type: WAW
on variable: B
Dependence polyhedron
Set #1
[8 dims; 9 constraints]
-i_4+i_4' = 0
-i_0+i_0' = 0
i_0 >= 0
i_3-1 >= 0
-i_0+i_4 >= 0
i_4-3 >= 0
-i_0-i_4+PB_Q-1 >= 0
-i_3+i_3'-1 >= 0
-i_3'+PB_Q-1 >= 0



[plcg-info] After affine transformations
T(S1): (i_0, i_1/32+i_2/32, i_2/32, i_2, i_1)
loop types (loop, loop, loop, loop, loop)

T(S2): (i_0, i_3/32+(2i_3+i_4)/32, (2i_3+i_4)/32, 2i_3+i_4, i_3)
loop types (loop, loop, loop, loop, loop)

t1 --> unknown  loop   (band -1)no-ujam
t2 --> unknown  loop   (band -1)no-ujam
t3 --> unknown  loop   (band -1)no-ujam
t4 --> unknown  loop   (band -1)no-ujam
t5 --> unknown  loop   (band -1)no-ujam

