[plcg-info] Before affine transformations
nvar = 3, npar = 4
Parameters: PB_L PB_M PB_P PB_N 
S1 "A[i_0+2] = C[i_0+1][i_1] - C[i_1+1][i_0] + C[i_0-1][i_1-2] * A[i_1] + 5;"
ndims: 2; orig_depth: 2
iterators: i_0, i_1
Index set
7 8
1 1 0 0 0 0 0 -1 
1 -1 0 1 0 0 0 -3 
1 0 0 1 0 0 0 -4 
1 -1 1 0 0 0 0 0 
1 0 1 0 0 0 0 -2 
1 0 -1 0 1 0 0 -2 
1 -1 0 0 1 0 0 -2 
T(S1): (0, i_0, 0, i_1, 0, 0, 0)
loop types (loop, loop, loop, loop, loop, scalar, scalar)

Read accesses
C[i_0+1][i_1]
C[i_1+1][i_0]
C[i_0-1][i_1-2]
A[i_1]
Write accesses
A[i_0+2]
Original loop: 0 -> yes
Original loop: 1 -> yes

S2 "A[i_3+1] = D[i_0][i_3][i_2+2] + D[i_3][i_0][i_2] + E[i_3][i_0+2][i_2] + 5;"
ndims: 3; orig_depth: 3
iterators: i_0, i_2, i_3
Index set
10 9
1 1 0 0 0 0 0 0 -1 
1 -1 0 0 1 0 0 0 -3 
1 0 0 0 1 0 0 0 -4 
1 0 1 0 0 0 0 0 0 
1 1 -1 0 0 0 0 0 -1 
1 0 -1 0 0 0 1 0 -3 
1 0 0 0 0 0 1 0 -3 
1 0 0 1 0 0 0 0 0 
1 0 0 -1 0 0 0 1 -1 
1 0 0 0 0 0 0 1 -1 
T(S2): (0, i_0, 1, i_2, 0, i_3, 0)
loop types (loop, loop, loop, loop, loop, loop, loop)

Read accesses
D[i_0][i_3][i_2+2]
D[i_3][i_0][i_2]
E[i_3][i_0+2][i_2]
Write accesses
A[i_3+1]
Original loop: 0 -> yes
Original loop: 1 -> yes
Original loop: 2 -> yes

--- Dep 1 from S1 to S1; satisfied: 0, sat level: -1; Type: RAW
on variable: A
Dependence polyhedron
Set #1
[8 dims; 9 constraints]
-i_0+i_1'-2 = 0
i_0-1 >= 0
-i_0+PB_M-4 >= 0
-i_0+i_1 >= 0
i_1-2 >= 0
-i_1+PB_M-2 >= 0
-i_0+i_0'-1 >= 0
i_0-i_0'+2 >= 0
-i_0'+PB_L-3 >= 0


--- Dep 2 from S1 to S1; satisfied: 0, sat level: -1; Type: RAW
on variable: A
Dependence polyhedron
Set #1
[8 dims; 7 constraints]
-i_0+i_1'-2 = 0
-i_0+i_0' = 0
-i_0+PB_M-4 >= 0
-i_0+PB_L-3 >= 0
-i_0+i_1 >= 0
i_1-2 >= 0
i_0-i_1+1 >= 0


--- Dep 3 from S2 to S1; satisfied: 0, sat level: -1; Type: RAW
on variable: A
Dependence polyhedron
Set #1
[9 dims; 9 constraints]
-i_3+i_1'-1 = 0
i_2 >= 0
i_0-i_2-1 >= 0
-i_2+PB_P-3 >= 0
-i_3+PB_N-1 >= 0
-i_3+PB_M-3 >= 0
-i_0+i_0'-1 >= 0
i_3-i_0'+1 >= 0
-i_0'+PB_L-3 >= 0


--- Dep 4 from S1 to S1; satisfied: 0, sat level: -1; Type: WAR
on variable: A
Dependence polyhedron
Set #1
[8 dims; 7 constraints]
-i_1+i_0'+2 = 0
i_0-1 >= 0
-i_0+i_1-3 >= 0
-i_1+PB_M-2 >= 0
-i_1+PB_L-1 >= 0
-i_1+i_1'+2 >= 0
-i_1'+PB_M-2 >= 0


--- Dep 5 from S1 to S1; satisfied: 0, sat level: -1; Type: WAR
on variable: A
Dependence polyhedron
Set #1
[8 dims; 6 constraints]
-i_0+i_0' = 0
-i_0+i_1-2 = 0
i_0-1 >= 0
-i_0+PB_L-3 >= 0
-i_0+i_1'-3 >= 0
-i_1'+PB_M-2 >= 0


--- Dep 6 from S1 to S2; satisfied: 0, sat level: -1; Type: WAR
on variable: A
Dependence polyhedron
Set #1
[9 dims; 11 constraints]
-i_1+i_3'+1 = 0
i_0-1 >= 0
-i_0+i_1 >= 0
i_1-2 >= 0
-i_1+PB_N >= 0
-i_1+PB_M-2 >= 0
-i_0+i_0' >= 0
-i_0'+PB_L-3 >= 0
i_2' >= 0
i_0'-i_2'-1 >= 0
-i_2'+PB_P-3 >= 0


--- Dep 7 from S2 to S2; satisfied: 0, sat level: -1; Type: WAW
on variable: A
Dependence polyhedron
Set #1
[10 dims; 11 constraints]
-i_3+i_3' = 0
i_2 >= 0
i_0-i_2-1 >= 0
-i_2+PB_P-3 >= 0
i_3 >= 0
-i_3+PB_N-1 >= 0
-i_0+i_0'-1 >= 0
-i_0'+PB_L-3 >= 0
i_2' >= 0
i_0'-i_2'-1 >= 0
-i_2'+PB_P-3 >= 0


--- Dep 8 from S2 to S2; satisfied: 0, sat level: -1; Type: WAW
on variable: A
Dependence polyhedron
Set #1
[10 dims; 9 constraints]
-i_3+i_3' = 0
-i_0+i_0' = 0
-i_0+PB_L-3 >= 0
i_2 >= 0
i_3 >= 0
-i_3+PB_N-1 >= 0
-i_2+i_2'-1 >= 0
i_0-i_2'-1 >= 0
-i_2'+PB_P-3 >= 0


--- Dep 9 from S1 to S2; satisfied: 0, sat level: -1; Type: WAW
on variable: A
Dependence polyhedron
Set #1
[9 dims; 11 constraints]
-i_0+i_3'-1 = 0
i_0-1 >= 0
-i_0+PB_N-2 >= 0
-i_0+i_1 >= 0
i_1-2 >= 0
-i_1+PB_M-2 >= 0
-i_0+i_0' >= 0
-i_0'+PB_L-3 >= 0
i_2' >= 0
i_0'-i_2'-1 >= 0
-i_2'+PB_P-3 >= 0


--- Dep 10 from S1 to S1; satisfied: 0, sat level: -1; Type: WAW
on variable: A
Dependence polyhedron
Set #1
[8 dims; 7 constraints]
-i_0+i_0' = 0
i_0-1 >= 0
-i_0+PB_L-3 >= 0
-i_0+i_1 >= 0
i_1-2 >= 0
-i_1+i_1'-1 >= 0
-i_1'+PB_M-2 >= 0


--- Dep 11 from S2 to S1; satisfied: 0, sat level: -1; Type: WAW
on variable: A
Dependence polyhedron
Set #1
[9 dims; 9 constraints]
-i_3+i_0'+1 = 0
i_2 >= 0
i_0-i_2-1 >= 0
-i_2+PB_P-3 >= 0
-i_0+i_3-2 >= 0
-i_3+PB_N-1 >= 0
-i_3+PB_L-2 >= 0
-i_3+i_1'+1 >= 0
-i_1'+PB_M-2 >= 0



[plcg-info] After affine transformations
T(S1): (i_0, 0, i_1, 0, 0, 0)
loop types (loop, scalar, loop, scalar, scalar, scalar)

T(S2): (i_0, 1, i_3/32, i_2/32, i_3, i_2)
loop types (loop, scalar, loop, loop, loop, loop)

t1 --> unknown  loop   (band -1)no-ujam
t2 --> unknown  scalar (band -1)no-ujam
t3 --> unknown  loop   (band -1)no-ujam
t4 --> unknown  loop   (band -1)no-ujam
t5 --> unknown  loop   (band -1)no-ujam
t6 --> unknown  loop   (band -1)no-ujam

