[plcg-info] Before affine transformations
nvar = 3, npar = 2
Parameters: PB_L PB_M 
S1 "B[i_0][i_1][i_0+2] = C[i_1-1][i_0] + C[i_1][i_0] * D[i_1+2] * 4;"
ndims: 2; orig_depth: 2
iterators: i_0, i_1
Index set
6 6
1 1 0 0 0 0 
1 -1 0 1 0 -3 
1 0 0 1 0 -3 
1 0 1 0 0 -1 
1 1 -1 0 0 -1 
1 1 0 0 0 -2 
T(S1): (0, i_0, 0, i_1, 0, 0, 0)
loop types (loop, loop, loop, loop, loop, scalar, scalar)

Read accesses
C[i_1-1][i_0]
C[i_1][i_0]
D[i_1+2]
Write accesses
B[i_0][i_1][i_0+2]
Original loop: 0 -> yes
Original loop: 1 -> yes

S2 "B[i_4][i_2][i_4+2] = E[i_4][i_3+i_2][i_2] * E[i_4][i_3+i_2-2][i_4] * E[i_4][i_2][i_3] + B[i_2][i_4-1][i_2+2] + B[i_4+1][i_2][i_4+3] + 3;"
ndims: 3; orig_depth: 3
iterators: i_2, i_3, i_4
Index set
10 7
1 1 0 0 0 0 -2 
1 -1 0 0 1 0 -3 
1 0 0 0 1 0 -5 
1 0 1 0 0 0 0 
1 -1 -1 0 0 1 -1 
1 0 -1 0 1 0 -1 
1 -1 0 0 0 1 -1 
1 0 0 0 1 0 -1 
1 0 0 1 0 0 -1 
1 0 0 -1 1 0 -4 
T(S2): (1, i_2, 0, i_3, 0, i_4, 0)
loop types (loop, loop, loop, loop, loop, loop, loop)

Read accesses
E[i_4][i_2+i_3][i_2]
E[i_4][i_2+i_3-2][i_4]
E[i_4][i_2][i_3]
B[i_2][i_4-1][i_2+2]
B[i_4+1][i_2][i_4+3]
Write accesses
B[i_4][i_2][i_4+2]
Original loop: 0 -> yes
Original loop: 1 -> yes
Original loop: 2 -> yes

--- Dep 1 from S2 to S2; satisfied: 0, sat level: -1; Type: RAW
on variable: B
Dependence polyhedron
Set #1
[8 dims; 11 constraints]
-i_2+i_4'-1 = 0
-i_4+i_2' = 0
i_2-2 >= 0
i_3 >= 0
-i_2-i_3+PB_M-1 >= 0
-i_3+PB_L-1 >= 0
-i_2+i_4-1 >= 0
-i_4+PB_L-4 >= 0
i_3' >= 0
-i_4-i_3'+PB_M-1 >= 0
-i_3'+PB_L-1 >= 0


--- Dep 2 from S2 to S2; satisfied: 0, sat level: -1; Type: RAW
on variable: B
Dependence polyhedron
Set #1
[8 dims; 9 constraints]
-i_2+i_4'-1 = 0
-i_2+i_2' = 0
-i_2+i_4 = 0
i_2-2 >= 0
-i_2+PB_L-5 >= 0
i_3 >= 0
-i_3+i_3'-1 >= 0
-i_2-i_3'+PB_M-1 >= 0
-i_3'+PB_L-1 >= 0


--- Dep 3 from S2 to S2; satisfied: 0, sat level: -1; Type: RAW
on variable: B
Dependence polyhedron
Set #1
[8 dims; 9 constraints]
-i_2+i_4'-1 = 0
-i_3+i_3' = 0
-i_2+i_2' = 0
-i_2+i_4 = 0
i_2-2 >= 0
-i_2+PB_L-5 >= 0
i_3 >= 0
-i_2-i_3+PB_M-1 >= 0
-i_3+PB_L-1 >= 0


--- Dep 4 from S1 to S2; satisfied: 0, sat level: -1; Type: RAW
on variable: B
Dependence polyhedron
Set #1
[7 dims; 8 constraints]
-i_0+i_4'+1 = 0
-i_1+i_2' = 0
-i_0+PB_L-3 >= 0
i_1-2 >= 0
i_0-i_1-1 >= 0
i_3' >= 0
-i_1-i_3'+PB_M-1 >= 0
-i_3'+PB_L-1 >= 0


--- Dep 5 from S1 to S2; satisfied: 0, sat level: -1; Type: RAW
on variable: B
Dependence polyhedron
Set #1
[7 dims; 9 constraints]
-i_1+i_4'-1 = 0
-i_0+i_2' = 0
-i_0+PB_L-3 >= 0
i_1-1 >= 0
i_0-i_1-1 >= 0
-i_1+PB_L-5 >= 0
i_3' >= 0
-i_0-i_3'+PB_M-1 >= 0
-i_3'+PB_L-1 >= 0


--- Dep 6 from S2 to S2; satisfied: 0, sat level: -1; Type: RAW
on variable: B
Dependence polyhedron
Set #1
[8 dims; 10 constraints]
-i_4+i_4'+1 = 0
-i_2+i_2' = 0
i_2-2 >= 0
-i_2+PB_L-3 >= 0
i_3 >= 0
i_4-2 >= 0
-i_4+PB_L-4 >= 0
-i_3+i_3'-1 >= 0
-i_2-i_3'+PB_M-1 >= 0
-i_3'+PB_L-1 >= 0


--- Dep 7 from S2 to S2; satisfied: 0, sat level: -1; Type: WAR
on variable: B
Dependence polyhedron
Set #1
[8 dims; 11 constraints]
-i_2+i_4' = 0
-i_4+i_2'+1 = 0
i_2-2 >= 0
i_3 >= 0
-i_2-i_3+PB_M-1 >= 0
-i_3+PB_L-1 >= 0
-i_2+i_4-2 >= 0
-i_4+PB_L-4 >= 0
i_3' >= 0
-i_4-i_3'+PB_M >= 0
-i_3'+PB_L-1 >= 0


--- Dep 8 from S2 to S2; satisfied: 0, sat level: -1; Type: WAR
on variable: B
Dependence polyhedron
Set #1
[8 dims; 9 constraints]
-i_2+i_4' = 0
-i_2+i_2' = 0
-i_2+i_4-1 = 0
i_2-2 >= 0
-i_2+PB_L-5 >= 0
i_3 >= 0
-i_3+i_3'-1 >= 0
-i_2-i_3'+PB_M-1 >= 0
-i_3'+PB_L-1 >= 0


--- Dep 9 from S2 to S2; satisfied: 0, sat level: -1; Type: WAR
on variable: B
Dependence polyhedron
Set #1
[8 dims; 10 constraints]
-i_4+i_4'-1 = 0
-i_2+i_2' = 0
i_2-2 >= 0
-i_2+PB_L-3 >= 0
i_3 >= 0
i_4-1 >= 0
-i_4+PB_L-5 >= 0
-i_3+i_3'-1 >= 0
-i_2-i_3'+PB_M-1 >= 0
-i_3'+PB_L-1 >= 0


--- Dep 10 from S2 to S2; satisfied: 0, sat level: -1; Type: WAR
on variable: B
Dependence polyhedron
Set #1
[8 dims; 10 constraints]
-i_4+i_4'-1 = 0
-i_3+i_3' = 0
-i_2+i_2' = 0
i_2-2 >= 0
-i_2+PB_L-3 >= 0
i_3 >= 0
-i_2-i_3+PB_M-1 >= 0
-i_3+PB_L-1 >= 0
i_4-1 >= 0
-i_4+PB_L-5 >= 0


--- Dep 11 from S1 to S2; satisfied: 0, sat level: -1; Type: WAW
on variable: B
Dependence polyhedron
Set #1
[7 dims; 8 constraints]
-i_0+i_4' = 0
-i_1+i_2' = 0
-i_0+PB_L-4 >= 0
i_1-2 >= 0
i_0-i_1-1 >= 0
i_3' >= 0
-i_1-i_3'+PB_M-1 >= 0
-i_3'+PB_L-1 >= 0


--- Dep 12 from S2 to S2; satisfied: 0, sat level: -1; Type: WAW
on variable: B
Dependence polyhedron
Set #1
[8 dims; 10 constraints]
-i_4+i_4' = 0
-i_2+i_2' = 0
i_2-2 >= 0
-i_2+PB_L-3 >= 0
i_3 >= 0
i_4-1 >= 0
-i_4+PB_L-4 >= 0
-i_3+i_3'-1 >= 0
-i_2-i_3'+PB_M-1 >= 0
-i_3'+PB_L-1 >= 0



[plcg-info] After affine transformations
T(S1): (0, i_0/32, i_1/32, i_1, i_0, 0)
loop types (scalar, loop, loop, loop, loop, scalar)

T(S2): (1, i_2, i_3/32+(i_3+i_4)/32, (i_3+i_4)/32, i_3, i_3+i_4)
loop types (scalar, loop, loop, loop, loop, loop)

t1 --> unknown  scalar (band -1)no-ujam
t2 --> unknown  loop   (band -1)no-ujam
t3 --> unknown  loop   (band -1)no-ujam
t4 --> unknown  loop   (band -1)no-ujam
t5 --> unknown  loop   (band -1)no-ujam
t6 --> unknown  loop   (band -1)no-ujam

