[plcg-info] Before affine transformations
nvar = 2, npar = 2
Parameters: PB_M PB_P 
S1 "B[i_0][i_1+1] = C[i_0][i_1] - 3;"
ndims: 2; orig_depth: 2
iterators: i_0, i_1
Index set
7 6
1 1 0 0 0 -1 
1 -1 0 1 0 -1 
1 0 0 1 0 -2 
1 0 1 0 0 0 
1 0 -1 0 1 -2 
1 1 -1 0 0 -1 
1 0 0 0 1 -2 
T(S1): (0, i_0, 0, i_1, 0)
loop types (loop, loop, loop, loop, loop)

Read accesses
C[i_0][i_1]
Write accesses
B[i_0][i_1+1]
Original loop: 0 -> yes
Original loop: 1 -> yes

S2 "B[i_0][i_2] = B[i_0-1][i_2+1] - B[i_0-1][i_2] + 6;"
ndims: 2; orig_depth: 2
iterators: i_0, i_2
Index set
7 6
1 1 0 0 0 -1 
1 -1 0 1 0 -1 
1 0 0 1 0 -2 
1 0 1 0 0 0 
1 0 -1 0 1 -2 
1 1 -1 0 0 -1 
1 0 0 0 1 -2 
T(S2): (0, i_0, 1, i_2, 0)
loop types (loop, loop, loop, loop, loop)

Read accesses
B[i_0-1][i_2+1]
B[i_0-1][i_2]
Write accesses
B[i_0][i_2]
Original loop: 0 -> yes
Original loop: 1 -> yes

--- Dep 1 from S1 to S2; satisfied: 0, sat level: -1; Type: RAW
on variable: B
Dependence polyhedron
Set #1
[6 dims; 8 constraints]
-i_1+i_2' = 0
-i_0+i_0'-1 = 0
PB_M-80 >= 0
PB_P-80 >= 0
-i_0+PB_M-2 >= 0
i_1 >= 0
i_0-i_1-1 >= 0
-i_1+PB_P-2 >= 0


--- Dep 2 from S2 to S2; satisfied: 0, sat level: -1; Type: RAW
on variable: B
Dependence polyhedron
Set #1
[6 dims; 8 constraints]
-i_2+i_2' = 0
-i_0+i_0'-1 = 0
PB_M-80 >= 0
PB_P-80 >= 0
-i_0+PB_M-2 >= 0
i_2 >= 0
i_0-i_2-1 >= 0
-i_2+PB_P-2 >= 0


--- Dep 3 from S2 to S2; satisfied: 0, sat level: -1; Type: RAW
on variable: B
Dependence polyhedron
Set #1
[6 dims; 8 constraints]
-i_2+i_2'+1 = 0
-i_0+i_0'-1 = 0
PB_M-80 >= 0
PB_P-80 >= 0
-i_0+PB_M-2 >= 0
i_2-1 >= 0
i_0-i_2-1 >= 0
-i_2+PB_P-2 >= 0


--- Dep 4 from S1 to S2; satisfied: 0, sat level: -1; Type: RAW
on variable: B
Dependence polyhedron
Set #1
[6 dims; 8 constraints]
-i_1+i_2'-1 = 0
-i_0+i_0'-1 = 0
PB_M-80 >= 0
PB_P-80 >= 0
-i_0+PB_M-2 >= 0
i_1 >= 0
i_0-i_1-1 >= 0
-i_1+PB_P-3 >= 0


--- Dep 5 from S1 to S2; satisfied: 0, sat level: -1; Type: WAW
on variable: B
Dependence polyhedron
Set #1
[6 dims; 8 constraints]
-i_1+i_2'-1 = 0
-i_0+i_0' = 0
PB_M-80 >= 0
PB_P-80 >= 0
-i_0+PB_M-1 >= 0
i_1 >= 0
i_0-i_1-2 >= 0
-i_1+PB_P-3 >= 0



[plcg-info] After affine transformations
T(S1): (i_0/32+zT3, zT3, i_0, i_0+i_1+1, 0)
loop types (loop, loop, loop, loop, scalar)

T(S2): (i_0/32+(i_0+i_2)/32, (i_0+i_2)/32, i_0, i_0+i_2, 1)
loop types (loop, loop, loop, loop, scalar)

t1 --> unknown  loop   (band -1)no-ujam
t2 --> unknown  loop   (band -1)no-ujam
t3 --> unknown  loop   (band -1)no-ujam
t4 --> unknown  loop   (band -1)no-ujam
t5 --> unknown  scalar (band -1)no-ujam

