[plcg-info] Before affine transformations
nvar = 3, npar = 2
Parameters: PB_M PB_L 
S1 "A[i_0][i_1][i_2+i_1] = C[i_2][i_0][i_1] - C[i_0][i_2-1][i_1-1] - A[i_0][i_1][i_2+i_1-1] * A[i_1+1][i_2][i_2+i_0] * 5;"
ndims: 3; orig_depth: 3
iterators: i_0, i_1, i_2
Index set
12 7
1 1 0 0 0 0 -1 
1 -1 0 0 1 0 -2 
1 0 0 0 1 0 -3 
1 0 1 0 0 0 -1 
1 1 -1 0 0 0 -1 
1 1 0 0 0 0 -2 
1 0 0 1 0 0 -1 
1 -1 0 -1 0 1 -1 
1 0 -1 -1 0 1 -1 
1 1 0 -1 0 0 -1 
1 -1 0 0 0 1 -2 
1 0 -1 0 0 1 -2 
T(S1): (0, i_0, 0, i_1, 0, i_2, 0)
loop types (loop, loop, loop, loop, loop, loop, loop)

Read accesses
C[i_2][i_0][i_1]
C[i_0][i_2-1][i_1-1]
A[i_0][i_1][i_1+i_2-1]
A[i_1+1][i_2][i_0+i_2]
Write accesses
A[i_0][i_1][i_1+i_2]
Original loop: 0 -> yes
Original loop: 1 -> yes
Original loop: 2 -> yes

S2 "B[i_0][1] = D[i_0+1] + D[i_0-1] + D[i_0-1] + B[i_0+1][1] * 6;"
ndims: 1; orig_depth: 1
iterators: i_0
Index set
3 5
1 1 0 0 -1 
1 -1 1 0 -2 
1 0 1 0 -3 
T(S2): (0, i_0, 1, 0, 0, 0, 0)
loop types (loop, loop, loop, scalar, scalar, scalar, scalar)

Read accesses
D[i_0+1]
D[i_0-1]
D[i_0-1]
B[i_0+1][1]
Write accesses
B[i_0][1]
Original loop: 0 -> yes

--- Dep 1 from S1 to S1; satisfied: 0, sat level: -1; Type: RAW
on variable: A
Dependence polyhedron
Set #1
[8 dims; 9 constraints]
-i_2+i_2'-1 = 0
-i_1+i_1' = 0
-i_0+i_0' = 0
-i_0+PB_M-2 >= 0
i_1-1 >= 0
i_0-i_1-1 >= 0
i_2-1 >= 0
i_0-i_2-2 >= 0
-i_0-i_2+PB_L-2 >= 0


--- Dep 2 from S2 to S2; satisfied: 0, sat level: -1; Type: WAR
on variable: B
Dependence polyhedron
Set #1
[4 dims; 3 constraints]
-i_0+i_0'-1 = 0
i_0-1 >= 0
-i_0+PB_M-3 >= 0



[plcg-info] After affine transformations
T(S1): (i_0/32, i_1/32, i_2/32, i_0, i_1, i_2)
loop types (loop, loop, loop, loop, loop, loop)

T(S2): (i_0/32, 0, 0, i_0, 0, 0)
loop types (loop, scalar, scalar, loop, scalar, scalar)

t1 --> unknown  loop   (band -1)no-ujam
t2 --> unknown  loop   (band -1)no-ujam
t3 --> unknown  loop   (band -1)no-ujam
t4 --> unknown  loop   (band -1)no-ujam
t5 --> unknown  loop   (band -1)no-ujam
t6 --> unknown  loop   (band -1)no-ujam

Warning: parallel poly loop not found in AST
