[zyj-debug] Before affine transformations
nvar = 3, npar = 4
Parameters: _PB_NI _PB_NJ _PB_NK _PB_NL 
S1 "tmp[i][j] = SCALAR_VAL(0.0);"
ndims: 2; orig_depth: 2
iterators: i, j
Index set
6 8
1 1 0 0 0 0 0 0 
1 -1 0 1 0 0 0 -1 
1 0 0 1 0 0 0 -1 
1 0 1 0 0 0 0 0 
1 0 -1 0 1 0 0 -1 
1 0 0 0 1 0 0 -1 
T(S1): (0, i, 0, j, 0, 0, 0)
loop types (loop, loop, loop, loop, loop, scalar, scalar)

No Read accesses
Write accesses
tmp[i][j]
Original loop: 0 -> yes
Original loop: 1 -> yes

S2 "tmp[i][j] += alpha * A[i][k] * B[k][j];"
ndims: 3; orig_depth: 3
iterators: i, j, k
Index set
9 9
1 1 0 0 0 0 0 0 0 
1 -1 0 0 1 0 0 0 -1 
1 0 0 0 1 0 0 0 -1 
1 0 1 0 0 0 0 0 0 
1 0 -1 0 0 1 0 0 -1 
1 0 0 0 0 1 0 0 -1 
1 0 0 1 0 0 0 0 0 
1 0 0 -1 0 0 1 0 -1 
1 0 0 0 0 0 1 0 -1 
T(S2): (0, i, 0, j, 1, k, 0)
loop types (loop, loop, loop, loop, loop, loop, loop)

Read accesses
tmp[i][j]
alpha[0]
A[i][k]
B[k][j]
Write accesses
tmp[i][j]
Original loop: 0 -> yes
Original loop: 1 -> yes
Original loop: 2 -> yes

S3 "D[i][j] *= beta;"
ndims: 2; orig_depth: 2
iterators: i, j
Index set
6 8
1 1 0 0 0 0 0 0 
1 -1 0 1 0 0 0 -1 
1 0 0 1 0 0 0 -1 
1 0 1 0 0 0 0 0 
1 0 -1 0 0 0 1 -1 
1 0 0 0 0 0 1 -1 
T(S3): (1, i, 0, j, 0, 0, 0)
loop types (loop, loop, loop, loop, loop, scalar, scalar)

Read accesses
D[i][j]
beta[0]
Write accesses
D[i][j]
Original loop: 0 -> yes
Original loop: 1 -> yes

S4 "D[i][j] += tmp[i][k] * C[k][j];"
ndims: 3; orig_depth: 3
iterators: i, j, k
Index set
9 9
1 1 0 0 0 0 0 0 0 
1 -1 0 0 1 0 0 0 -1 
1 0 0 0 1 0 0 0 -1 
1 0 1 0 0 0 0 0 0 
1 0 -1 0 0 0 0 1 -1 
1 0 0 0 0 0 0 1 -1 
1 0 0 1 0 0 0 0 0 
1 0 0 -1 0 1 0 0 -1 
1 0 0 0 0 1 0 0 -1 
T(S4): (1, i, 0, j, 1, k, 0)
loop types (loop, loop, loop, loop, loop, loop, loop)

Read accesses
D[i][j]
tmp[i][k]
C[k][j]
Write accesses
D[i][j]
Original loop: 0 -> yes
Original loop: 1 -> yes
Original loop: 2 -> yes

--- Dep 1 from S2 to S4; satisfied: 0, sat level: -1; Type: RAW
on variable: tmp
Dependence polyhedron
Set #1
[10 dims; 14 constraints]
-j+k' = 0
-i+i' = 0
i >= 0
-i+_PB_N-1 >= 0
_PB_N-800 >= 0
j >= 0
-j+_PB_N-1 >= 0
_PB_N-900 >= 0
k >= 0
-k+_PB_N-1 >= 0
_PB_N-1100 >= 0
_PB_N-1200 >= 0
-j'+_PB_N-1 >= 0
j' >= 0


--- Dep 2 from S3 to S4; satisfied: 0, sat level: -1; Type: RAW
on variable: D
Dependence polyhedron
Set #1
[9 dims; 12 constraints]
-j+j' = 0
-i+i' = 0
i >= 0
-i+_PB_N-1 >= 0
_PB_N-800 >= 0
j >= 0
-j+_PB_N-1 >= 0
_PB_N-1200 >= 0
_PB_N-1100 >= 0
_PB_N-900 >= 0
-k'+_PB_N-1 >= 0
k' >= 0


--- Dep 3 from S4 to S4; satisfied: 0, sat level: -1; Type: RAW
on variable: D
Dependence polyhedron
Set #1
[10 dims; 15 constraints]
-j+j' = 0
-i+i' = 0
i >= 0
-i+_PB_N-1 >= 0
_PB_N-800 >= 0
j >= 0
-j+_PB_N-1 >= 0
_PB_N-1200 >= 0
k >= 0
-k+_PB_N-1 >= 0
_PB_N-900 >= 0
_PB_N-1100 >= 0
-k'+_PB_N-1 >= 0
k' >= 0
-k+k'-1 >= 0


--- Dep 4 from S1 to S2; satisfied: 0, sat level: -1; Type: RAW
on variable: tmp
Dependence polyhedron
Set #1
[9 dims; 12 constraints]
-j+j' = 0
-i+i' = 0
i >= 0
-i+_PB_N-1 >= 0
_PB_N-800 >= 0
j >= 0
-j+_PB_N-1 >= 0
_PB_N-900 >= 0
_PB_N-1200 >= 0
_PB_N-1100 >= 0
-k'+_PB_N-1 >= 0
k' >= 0


--- Dep 5 from S1 to S4; satisfied: 0, sat level: -1; Type: RAW
on variable: tmp
Dependence polyhedron
Set #1
[9 dims; 12 constraints]
-j+k' = 0
-i+i' = 0
i >= 0
-i+_PB_N-1 >= 0
_PB_N-800 >= 0
j >= 0
-j+_PB_N-1 >= 0
_PB_N-900 >= 0
_PB_N-1200 >= 0
_PB_N-1100 >= 0
-j'+_PB_N-1 >= 0
j' >= 0


--- Dep 6 from S2 to S2; satisfied: 0, sat level: -1; Type: RAW
on variable: tmp
Dependence polyhedron
Set #1
[10 dims; 15 constraints]
-j+j' = 0
-i+i' = 0
i >= 0
-i+_PB_N-1 >= 0
_PB_N-800 >= 0
j >= 0
-j+_PB_N-1 >= 0
_PB_N-900 >= 0
k >= 0
-k+_PB_N-1 >= 0
_PB_N-1100 >= 0
_PB_N-1200 >= 0
-k'+_PB_N-1 >= 0
k' >= 0
-k+k'-1 >= 0


--- Dep 7 from S4 to S4; satisfied: 0, sat level: -1; Type: WAR
on variable: D
Dependence polyhedron
Set #1
[10 dims; 15 constraints]
-j+j' = 0
-i+i' = 0
i >= 0
-i+_PB_N-1 >= 0
_PB_N-800 >= 0
j >= 0
-j+_PB_N-1 >= 0
_PB_N-1200 >= 0
k >= 0
-k+_PB_N-1 >= 0
_PB_N-900 >= 0
_PB_N-1100 >= 0
-k'+_PB_N-1 >= 0
k' >= 0
-k+k'-1 >= 0


--- Dep 8 from S2 to S2; satisfied: 0, sat level: -1; Type: WAR
on variable: tmp
Dependence polyhedron
Set #1
[10 dims; 15 constraints]
-j+j' = 0
-i+i' = 0
i >= 0
-i+_PB_N-1 >= 0
_PB_N-800 >= 0
j >= 0
-j+_PB_N-1 >= 0
_PB_N-900 >= 0
k >= 0
-k+_PB_N-1 >= 0
_PB_N-1100 >= 0
_PB_N-1200 >= 0
-k'+_PB_N-1 >= 0
k' >= 0
-k+k'-1 >= 0


--- Dep 9 from S3 to S4; satisfied: 0, sat level: -1; Type: WAR
on variable: D
Dependence polyhedron
Set #1
[9 dims; 12 constraints]
-j+j' = 0
-i+i' = 0
i >= 0
-i+_PB_N-1 >= 0
_PB_N-800 >= 0
j >= 0
-j+_PB_N-1 >= 0
_PB_N-1200 >= 0
_PB_N-1100 >= 0
_PB_N-900 >= 0
-k'+_PB_N-1 >= 0
k' >= 0


--- Dep 10 from S4 to S4; satisfied: 0, sat level: -1; Type: WAW
on variable: D
Dependence polyhedron
Set #1
[10 dims; 15 constraints]
-j+j' = 0
-i+i' = 0
i >= 0
-i+_PB_N-1 >= 0
_PB_N-800 >= 0
j >= 0
-j+_PB_N-1 >= 0
_PB_N-1200 >= 0
k >= 0
-k+_PB_N-1 >= 0
_PB_N-900 >= 0
_PB_N-1100 >= 0
-k'+_PB_N-1 >= 0
k' >= 0
-k+k'-1 >= 0


--- Dep 11 from S2 to S2; satisfied: 0, sat level: -1; Type: WAW
on variable: tmp
Dependence polyhedron
Set #1
[10 dims; 15 constraints]
-j+j' = 0
-i+i' = 0
i >= 0
-i+_PB_N-1 >= 0
_PB_N-800 >= 0
j >= 0
-j+_PB_N-1 >= 0
_PB_N-900 >= 0
k >= 0
-k+_PB_N-1 >= 0
_PB_N-1100 >= 0
_PB_N-1200 >= 0
-k'+_PB_N-1 >= 0
k' >= 0
-k+k'-1 >= 0


--- Dep 12 from S3 to S4; satisfied: 0, sat level: -1; Type: WAW
on variable: D
Dependence polyhedron
Set #1
[9 dims; 12 constraints]
-j+j' = 0
-i+i' = 0
i >= 0
-i+_PB_N-1 >= 0
_PB_N-800 >= 0
j >= 0
-j+_PB_N-1 >= 0
_PB_N-1200 >= 0
_PB_N-1100 >= 0
_PB_N-900 >= 0
-k'+_PB_N-1 >= 0
k' >= 0


--- Dep 13 from S1 to S2; satisfied: 0, sat level: -1; Type: WAW
on variable: tmp
Dependence polyhedron
Set #1
[9 dims; 12 constraints]
-j+j' = 0
-i+i' = 0
i >= 0
-i+_PB_N-1 >= 0
_PB_N-800 >= 0
j >= 0
-j+_PB_N-1 >= 0
_PB_N-900 >= 0
_PB_N-1200 >= 0
_PB_N-1100 >= 0
-k'+_PB_N-1 >= 0
k' >= 0


[zyj-debug] After affine transformations
T(S1): (1, zT2, zT3, i, j, 0, 0)
loop types (scalar, loop, loop, loop, loop, scalar, scalar)

T(S2): (2, zT3, zT4, zT5, i, j, k)
loop types (scalar, loop, loop, loop, loop, loop, loop)

T(S3): (0, zT2, zT3, i, j, 0, 0)
loop types (scalar, loop, loop, loop, loop, scalar, scalar)

T(S4): (3, zT3, zT4, zT5, i, j, k)
loop types (scalar, loop, loop, loop, loop, loop, loop)

t1 --> fwd_dep  scalar (band 0)no-ujam
t2 --> parallel loop   (band 0)no-ujam
t3 --> parallel loop   (band 0)no-ujam
t4 --> fwd_dep  loop   (band 0)no-ujam
t5 --> parallel loop   (band 0)no-ujam
t6 --> parallel loop   (band 0)no-ujam
t7 --> fwd_dep  loop   (band 0)no-ujam

