[zyj-debug] Before affine transformations
nvar = 3, npar = 5
Parameters: _PB_NI _PB_NJ _PB_NK _PB_NL _PB_NM 
S1 "E[i][j] = SCALAR_VAL(0.0);"
ndims: 2; orig_depth: 2
iterators: i, j
Index set
6 9
1 1 0 0 0 0 0 0 0 
1 -1 0 1 0 0 0 0 -1 
1 0 0 1 0 0 0 0 -1 
1 0 1 0 0 0 0 0 0 
1 0 -1 0 1 0 0 0 -1 
1 0 0 0 1 0 0 0 -1 
T(S1): (0, i, 0, j, 0, 0, 0)
loop types (loop, loop, loop, loop, loop, scalar, scalar)

No Read accesses
Write accesses
E[i][j]
Original loop: 0 -> yes
Original loop: 1 -> yes

S2 "E[i][j] += A[i][k] * B[k][j];"
ndims: 3; orig_depth: 3
iterators: i, j, k
Index set
9 10
1 1 0 0 0 0 0 0 0 0 
1 -1 0 0 1 0 0 0 0 -1 
1 0 0 0 1 0 0 0 0 -1 
1 0 1 0 0 0 0 0 0 0 
1 0 -1 0 0 1 0 0 0 -1 
1 0 0 0 0 1 0 0 0 -1 
1 0 0 1 0 0 0 0 0 0 
1 0 0 -1 0 0 1 0 0 -1 
1 0 0 0 0 0 1 0 0 -1 
T(S2): (0, i, 0, j, 1, k, 0)
loop types (loop, loop, loop, loop, loop, loop, loop)

Read accesses
E[i][j]
A[i][k]
B[k][j]
Write accesses
E[i][j]
Original loop: 0 -> yes
Original loop: 1 -> yes
Original loop: 2 -> yes

S3 "F[i][j] = SCALAR_VAL(0.0);"
ndims: 2; orig_depth: 2
iterators: i, j
Index set
6 9
1 1 0 0 0 0 0 0 0 
1 -1 0 0 1 0 0 0 -1 
1 0 0 0 1 0 0 0 -1 
1 0 1 0 0 0 0 0 0 
1 0 -1 0 0 0 1 0 -1 
1 0 0 0 0 0 1 0 -1 
T(S3): (1, i, 0, j, 0, 0, 0)
loop types (loop, loop, loop, loop, loop, scalar, scalar)

No Read accesses
Write accesses
F[i][j]
Original loop: 0 -> yes
Original loop: 1 -> yes

S4 "F[i][j] += C[i][k] * D[k][j];"
ndims: 3; orig_depth: 3
iterators: i, j, k
Index set
9 10
1 1 0 0 0 0 0 0 0 0 
1 -1 0 0 0 1 0 0 0 -1 
1 0 0 0 0 1 0 0 0 -1 
1 0 1 0 0 0 0 0 0 0 
1 0 -1 0 0 0 0 1 0 -1 
1 0 0 0 0 0 0 1 0 -1 
1 0 0 1 0 0 0 0 0 0 
1 0 0 -1 0 0 0 0 1 -1 
1 0 0 0 0 0 0 0 1 -1 
T(S4): (1, i, 0, j, 1, k, 0)
loop types (loop, loop, loop, loop, loop, loop, loop)

Read accesses
F[i][j]
C[i][k]
D[k][j]
Write accesses
F[i][j]
Original loop: 0 -> yes
Original loop: 1 -> yes
Original loop: 2 -> yes

S5 "G[i][j] = SCALAR_VAL(0.0);"
ndims: 2; orig_depth: 2
iterators: i, j
Index set
6 9
1 1 0 0 0 0 0 0 0 
1 -1 0 1 0 0 0 0 -1 
1 0 0 1 0 0 0 0 -1 
1 0 1 0 0 0 0 0 0 
1 0 -1 0 0 0 1 0 -1 
1 0 0 0 0 0 1 0 -1 
T(S5): (2, i, 0, j, 0, 0, 0)
loop types (loop, loop, loop, loop, loop, scalar, scalar)

No Read accesses
Write accesses
G[i][j]
Original loop: 0 -> yes
Original loop: 1 -> yes

S6 "G[i][j] += E[i][k] * F[k][j];"
ndims: 3; orig_depth: 3
iterators: i, j, k
Index set
9 10
1 1 0 0 0 0 0 0 0 0 
1 -1 0 0 1 0 0 0 0 -1 
1 0 0 0 1 0 0 0 0 -1 
1 0 1 0 0 0 0 0 0 0 
1 0 -1 0 0 0 0 1 0 -1 
1 0 0 0 0 0 0 1 0 -1 
1 0 0 1 0 0 0 0 0 0 
1 0 0 -1 0 1 0 0 0 -1 
1 0 0 0 0 1 0 0 0 -1 
T(S6): (2, i, 0, j, 1, k, 0)
loop types (loop, loop, loop, loop, loop, loop, loop)

Read accesses
G[i][j]
E[i][k]
F[k][j]
Write accesses
G[i][j]
Original loop: 0 -> yes
Original loop: 1 -> yes
Original loop: 2 -> yes

--- Dep 1 from S1 to S6; satisfied: 0, sat level: -1; Type: RAW
on variable: E
Dependence polyhedron
Set #1
[10 dims; 13 constraints]
-j+k' = 0
-i+i' = 0
i >= 0
-i+_PB_N-1 >= 0
_PB_N-800 >= 0
j >= 0
-j+_PB_N-1 >= 0
_PB_N-900 >= 0
_PB_N-1200 >= 0
_PB_N-1100 >= 0
_PB_N-1000 >= 0
-j'+_PB_N-1 >= 0
j' >= 0


--- Dep 2 from S6 to S6; satisfied: 0, sat level: -1; Type: RAW
on variable: G
Dependence polyhedron
Set #1
[11 dims; 16 constraints]
-j+j' = 0
-i+i' = 0
i >= 0
-i+_PB_N-1 >= 0
_PB_N-800 >= 0
j >= 0
-j+_PB_N-1 >= 0
_PB_N-1100 >= 0
k >= 0
-k+_PB_N-1 >= 0
_PB_N-900 >= 0
_PB_N-1200 >= 0
_PB_N-1000 >= 0
-k'+_PB_N-1 >= 0
k' >= 0
-k+k'-1 >= 0


--- Dep 3 from S5 to S6; satisfied: 0, sat level: -1; Type: RAW
on variable: G
Dependence polyhedron
Set #1
[10 dims; 13 constraints]
-j+j' = 0
-i+i' = 0
i >= 0
-i+_PB_N-1 >= 0
_PB_N-800 >= 0
j >= 0
-j+_PB_N-1 >= 0
_PB_N-1100 >= 0
_PB_N-1200 >= 0
_PB_N-900 >= 0
_PB_N-1000 >= 0
-k'+_PB_N-1 >= 0
k' >= 0


--- Dep 4 from S1 to S2; satisfied: 0, sat level: -1; Type: RAW
on variable: E
Dependence polyhedron
Set #1
[10 dims; 13 constraints]
-j+j' = 0
-i+i' = 0
i >= 0
-i+_PB_N-1 >= 0
_PB_N-800 >= 0
j >= 0
-j+_PB_N-1 >= 0
_PB_N-900 >= 0
_PB_N-1200 >= 0
_PB_N-1100 >= 0
_PB_N-1000 >= 0
-k'+_PB_N-1 >= 0
k' >= 0


--- Dep 5 from S4 to S6; satisfied: 0, sat level: -1; Type: RAW
on variable: F
Dependence polyhedron
Set #1
[11 dims; 15 constraints]
-i+k' = 0
-j+j' = 0
i >= 0
-i+_PB_N-1 >= 0
_PB_N-900 >= 0
j >= 0
-j+_PB_N-1 >= 0
_PB_N-1100 >= 0
k >= 0
-k+_PB_N-1 >= 0
_PB_N-1200 >= 0
_PB_N-800 >= 0
_PB_N-1000 >= 0
i' >= 0
-i'+_PB_N-1 >= 0


--- Dep 6 from S3 to S6; satisfied: 0, sat level: -1; Type: RAW
on variable: F
Dependence polyhedron
Set #1
[10 dims; 13 constraints]
-i+k' = 0
-j+j' = 0
i >= 0
-i+_PB_N-1 >= 0
_PB_N-900 >= 0
j >= 0
-j+_PB_N-1 >= 0
_PB_N-1100 >= 0
_PB_N-800 >= 0
_PB_N-1200 >= 0
_PB_N-1000 >= 0
i' >= 0
-i'+_PB_N-1 >= 0


--- Dep 7 from S3 to S4; satisfied: 0, sat level: -1; Type: RAW
on variable: F
Dependence polyhedron
Set #1
[10 dims; 13 constraints]
-j+j' = 0
-i+i' = 0
i >= 0
-i+_PB_N-1 >= 0
_PB_N-900 >= 0
j >= 0
-j+_PB_N-1 >= 0
_PB_N-1100 >= 0
_PB_N-800 >= 0
_PB_N-1200 >= 0
_PB_N-1000 >= 0
-k'+_PB_N-1 >= 0
k' >= 0


--- Dep 8 from S4 to S4; satisfied: 0, sat level: -1; Type: RAW
on variable: F
Dependence polyhedron
Set #1
[11 dims; 16 constraints]
-j+j' = 0
-i+i' = 0
i >= 0
-i+_PB_N-1 >= 0
_PB_N-900 >= 0
j >= 0
-j+_PB_N-1 >= 0
_PB_N-1100 >= 0
k >= 0
-k+_PB_N-1 >= 0
_PB_N-1200 >= 0
_PB_N-800 >= 0
_PB_N-1000 >= 0
-k'+_PB_N-1 >= 0
k' >= 0
-k+k'-1 >= 0


--- Dep 9 from S2 to S6; satisfied: 0, sat level: -1; Type: RAW
on variable: E
Dependence polyhedron
Set #1
[11 dims; 15 constraints]
-j+k' = 0
-i+i' = 0
i >= 0
-i+_PB_N-1 >= 0
_PB_N-800 >= 0
j >= 0
-j+_PB_N-1 >= 0
_PB_N-900 >= 0
k >= 0
-k+_PB_N-1 >= 0
_PB_N-1000 >= 0
_PB_N-1200 >= 0
_PB_N-1100 >= 0
-j'+_PB_N-1 >= 0
j' >= 0


--- Dep 10 from S2 to S2; satisfied: 0, sat level: -1; Type: RAW
on variable: E
Dependence polyhedron
Set #1
[11 dims; 16 constraints]
-j+j' = 0
-i+i' = 0
i >= 0
-i+_PB_N-1 >= 0
_PB_N-800 >= 0
j >= 0
-j+_PB_N-1 >= 0
_PB_N-900 >= 0
k >= 0
-k+_PB_N-1 >= 0
_PB_N-1000 >= 0
_PB_N-1200 >= 0
_PB_N-1100 >= 0
-k'+_PB_N-1 >= 0
k' >= 0
-k+k'-1 >= 0


--- Dep 11 from S2 to S2; satisfied: 0, sat level: -1; Type: WAR
on variable: E
Dependence polyhedron
Set #1
[11 dims; 16 constraints]
-j+j' = 0
-i+i' = 0
i >= 0
-i+_PB_N-1 >= 0
_PB_N-800 >= 0
j >= 0
-j+_PB_N-1 >= 0
_PB_N-900 >= 0
k >= 0
-k+_PB_N-1 >= 0
_PB_N-1000 >= 0
_PB_N-1200 >= 0
_PB_N-1100 >= 0
-k'+_PB_N-1 >= 0
k' >= 0
-k+k'-1 >= 0


--- Dep 12 from S4 to S4; satisfied: 0, sat level: -1; Type: WAR
on variable: F
Dependence polyhedron
Set #1
[11 dims; 16 constraints]
-j+j' = 0
-i+i' = 0
i >= 0
-i+_PB_N-1 >= 0
_PB_N-900 >= 0
j >= 0
-j+_PB_N-1 >= 0
_PB_N-1100 >= 0
k >= 0
-k+_PB_N-1 >= 0
_PB_N-1200 >= 0
_PB_N-800 >= 0
_PB_N-1000 >= 0
-k'+_PB_N-1 >= 0
k' >= 0
-k+k'-1 >= 0


--- Dep 13 from S6 to S6; satisfied: 0, sat level: -1; Type: WAR
on variable: G
Dependence polyhedron
Set #1
[11 dims; 16 constraints]
-j+j' = 0
-i+i' = 0
i >= 0
-i+_PB_N-1 >= 0
_PB_N-800 >= 0
j >= 0
-j+_PB_N-1 >= 0
_PB_N-1100 >= 0
k >= 0
-k+_PB_N-1 >= 0
_PB_N-900 >= 0
_PB_N-1200 >= 0
_PB_N-1000 >= 0
-k'+_PB_N-1 >= 0
k' >= 0
-k+k'-1 >= 0


--- Dep 14 from S3 to S4; satisfied: 0, sat level: -1; Type: WAW
on variable: F
Dependence polyhedron
Set #1
[10 dims; 13 constraints]
-j+j' = 0
-i+i' = 0
i >= 0
-i+_PB_N-1 >= 0
_PB_N-900 >= 0
j >= 0
-j+_PB_N-1 >= 0
_PB_N-1100 >= 0
_PB_N-800 >= 0
_PB_N-1200 >= 0
_PB_N-1000 >= 0
-k'+_PB_N-1 >= 0
k' >= 0


--- Dep 15 from S1 to S2; satisfied: 0, sat level: -1; Type: WAW
on variable: E
Dependence polyhedron
Set #1
[10 dims; 13 constraints]
-j+j' = 0
-i+i' = 0
i >= 0
-i+_PB_N-1 >= 0
_PB_N-800 >= 0
j >= 0
-j+_PB_N-1 >= 0
_PB_N-900 >= 0
_PB_N-1200 >= 0
_PB_N-1100 >= 0
_PB_N-1000 >= 0
-k'+_PB_N-1 >= 0
k' >= 0


--- Dep 16 from S5 to S6; satisfied: 0, sat level: -1; Type: WAW
on variable: G
Dependence polyhedron
Set #1
[10 dims; 13 constraints]
-j+j' = 0
-i+i' = 0
i >= 0
-i+_PB_N-1 >= 0
_PB_N-800 >= 0
j >= 0
-j+_PB_N-1 >= 0
_PB_N-1100 >= 0
_PB_N-1200 >= 0
_PB_N-900 >= 0
_PB_N-1000 >= 0
-k'+_PB_N-1 >= 0
k' >= 0


--- Dep 17 from S4 to S4; satisfied: 0, sat level: -1; Type: WAW
on variable: F
Dependence polyhedron
Set #1
[11 dims; 16 constraints]
-j+j' = 0
-i+i' = 0
i >= 0
-i+_PB_N-1 >= 0
_PB_N-900 >= 0
j >= 0
-j+_PB_N-1 >= 0
_PB_N-1100 >= 0
k >= 0
-k+_PB_N-1 >= 0
_PB_N-1200 >= 0
_PB_N-800 >= 0
_PB_N-1000 >= 0
-k'+_PB_N-1 >= 0
k' >= 0
-k+k'-1 >= 0


--- Dep 18 from S6 to S6; satisfied: 0, sat level: -1; Type: WAW
on variable: G
Dependence polyhedron
Set #1
[11 dims; 16 constraints]
-j+j' = 0
-i+i' = 0
i >= 0
-i+_PB_N-1 >= 0
_PB_N-800 >= 0
j >= 0
-j+_PB_N-1 >= 0
_PB_N-1100 >= 0
k >= 0
-k+_PB_N-1 >= 0
_PB_N-900 >= 0
_PB_N-1200 >= 0
_PB_N-1000 >= 0
-k'+_PB_N-1 >= 0
k' >= 0
-k+k'-1 >= 0


--- Dep 19 from S2 to S2; satisfied: 0, sat level: -1; Type: WAW
on variable: E
Dependence polyhedron
Set #1
[11 dims; 16 constraints]
-j+j' = 0
-i+i' = 0
i >= 0
-i+_PB_N-1 >= 0
_PB_N-800 >= 0
j >= 0
-j+_PB_N-1 >= 0
_PB_N-900 >= 0
k >= 0
-k+_PB_N-1 >= 0
_PB_N-1000 >= 0
_PB_N-1200 >= 0
_PB_N-1100 >= 0
-k'+_PB_N-1 >= 0
k' >= 0
-k+k'-1 >= 0


[zyj-debug] After affine transformations
T(S1): (2, i, j, 1, 0)
loop types (scalar, loop, loop, scalar, scalar)

T(S2): (3, i, j, 0, k)
loop types (scalar, loop, loop, scalar, loop)

T(S3): (0, i, j, 0, 0)
loop types (scalar, loop, loop, scalar, scalar)

T(S4): (1, i, j, 0, k)
loop types (scalar, loop, loop, scalar, loop)

T(S5): (0, i, j, 0, 0)
loop types (scalar, loop, loop, scalar, scalar)

T(S6): (3, i, k, 1, j)
loop types (scalar, loop, loop, scalar, loop)

t1 --> fwd_dep  scalar (band 0)no-ujam
t2 --> parallel loop   (band 0)no-ujam
t3 --> fwd_dep  loop   (band 0)no-ujam
t4 --> fwd_dep  scalar (band 0)no-ujam
t5 --> fwd_dep  loop   (band 0)no-ujam

