[zyj-debug] Before affine transformations
nvar = 2, npar = 2
Parameters: _PB_N _PB_M 
S1 "y[i] = 0;"
ndims: 1; orig_depth: 1
iterators: i
Index set
3 5
1 1 0 0 0 
1 -1 1 0 -1 
1 0 1 0 -1 
T(S1): (0, i, 0, 0, 0)
loop types (loop, loop, loop, scalar, scalar)

No Read accesses
Write accesses
y[i]
Original loop: 0 -> yes

S2 "tmp[i] = SCALAR_VAL(0.0);"
ndims: 1; orig_depth: 1
iterators: i
Index set
3 5
1 1 0 0 0 
1 -1 0 1 -1 
1 0 0 1 -1 
T(S2): (1, i, 0, 0, 0)
loop types (loop, loop, loop, scalar, scalar)

No Read accesses
Write accesses
tmp[i]
Original loop: 0 -> yes

S3 "tmp[i] = tmp[i] + A[i][j] * x[j];"
ndims: 2; orig_depth: 2
iterators: i, j
Index set
6 6
1 1 0 0 0 0 
1 -1 0 0 1 -1 
1 0 0 0 1 -1 
1 0 1 0 0 0 
1 0 -1 1 0 -1 
1 0 0 1 0 -1 
T(S3): (1, i, 1, j, 0)
loop types (loop, loop, loop, loop, loop)

Read accesses
tmp[i]
A[i][j]
x[j]
Write accesses
tmp[i]
Original loop: 0 -> yes
Original loop: 1 -> yes

S4 "y[j] = y[j] + A[i][j] * tmp[i];"
ndims: 2; orig_depth: 2
iterators: i, j
Index set
6 6
1 1 0 0 0 0 
1 -1 0 0 1 -1 
1 0 0 0 1 -1 
1 0 1 0 0 0 
1 0 -1 1 0 -1 
1 0 0 1 0 -1 
T(S4): (1, i, 2, j, 0)
loop types (loop, loop, loop, loop, loop)

Read accesses
y[j]
A[i][j]
tmp[i]
Write accesses
y[j]
Original loop: 0 -> yes
Original loop: 1 -> yes

--- Dep 1 from S2 to S3; satisfied: 0, sat level: -1; Type: RAW
on variable: tmp
Dependence polyhedron
Set #1
[5 dims; 7 constraints]
-i+i' = 0
i >= 0
-i+_PB_M-1 >= 0
_PB_M-1900 >= 0
_PB_N-2100 >= 0
-j'+_PB_N-1 >= 0
j' >= 0


--- Dep 2 from S3 to S4; satisfied: 0, sat level: -1; Type: RAW
on variable: tmp
Dependence polyhedron
Set #1
[6 dims; 9 constraints]
-i+i' = 0
i >= 0
-i+_PB_M-1 >= 0
_PB_M-1900 >= 0
j >= 0
-j+_PB_N-1 >= 0
_PB_N-2100 >= 0
-j'+_PB_N-1 >= 0
j' >= 0


--- Dep 3 from S2 to S4; satisfied: 0, sat level: -1; Type: RAW
on variable: tmp
Dependence polyhedron
Set #1
[5 dims; 7 constraints]
-i+i' = 0
i >= 0
-i+_PB_M-1 >= 0
_PB_M-1900 >= 0
_PB_N-2100 >= 0
-j'+_PB_N-1 >= 0
j' >= 0


--- Dep 4 from S3 to S3; satisfied: 0, sat level: -1; Type: RAW
on variable: tmp
Dependence polyhedron
Set #1
[6 dims; 10 constraints]
-i+i' = 0
i >= 0
-i+_PB_M-1 >= 0
_PB_M-1900 >= 0
j >= 0
-j+_PB_N-1 >= 0
_PB_N-2100 >= 0
-j'+_PB_N-1 >= 0
j' >= 0
-j+j'-1 >= 0


--- Dep 5 from S1 to S4; satisfied: 0, sat level: -1; Type: RAW
on variable: y
Dependence polyhedron
Set #1
[5 dims; 7 constraints]
-i+j' = 0
i >= 0
-i+_PB_N-1 >= 0
_PB_N-2100 >= 0
_PB_M-1900 >= 0
i' >= 0
-i'+_PB_M-1 >= 0


--- Dep 6 from S4 to S4; satisfied: 0, sat level: -1; Type: RAW
on variable: y
Dependence polyhedron
Set #1
[6 dims; 10 constraints]
-j+j' = 0
i >= 0
-i+_PB_M-1 >= 0
_PB_M-1900 >= 0
j >= 0
-j+_PB_N-1 >= 0
_PB_N-2100 >= 0
i' >= 0
-i'+_PB_M-1 >= 0
-i+i'-1 >= 0


--- Dep 7 from S3 to S3; satisfied: 0, sat level: -1; Type: WAR
on variable: tmp
Dependence polyhedron
Set #1
[6 dims; 10 constraints]
-i+i' = 0
i >= 0
-i+_PB_M-1 >= 0
_PB_M-1900 >= 0
j >= 0
-j+_PB_N-1 >= 0
_PB_N-2100 >= 0
-j'+_PB_N-1 >= 0
j' >= 0
-j+j'-1 >= 0


--- Dep 8 from S4 to S4; satisfied: 0, sat level: -1; Type: WAR
on variable: y
Dependence polyhedron
Set #1
[6 dims; 10 constraints]
-j+j' = 0
i >= 0
-i+_PB_M-1 >= 0
_PB_M-1900 >= 0
j >= 0
-j+_PB_N-1 >= 0
_PB_N-2100 >= 0
i' >= 0
-i'+_PB_M-1 >= 0
-i+i'-1 >= 0


--- Dep 9 from S1 to S4; satisfied: 0, sat level: -1; Type: WAW
on variable: y
Dependence polyhedron
Set #1
[5 dims; 7 constraints]
-i+j' = 0
i >= 0
-i+_PB_N-1 >= 0
_PB_N-2100 >= 0
_PB_M-1900 >= 0
i' >= 0
-i'+_PB_M-1 >= 0


--- Dep 10 from S4 to S4; satisfied: 0, sat level: -1; Type: WAW
on variable: y
Dependence polyhedron
Set #1
[6 dims; 10 constraints]
-j+j' = 0
i >= 0
-i+_PB_M-1 >= 0
_PB_M-1900 >= 0
j >= 0
-j+_PB_N-1 >= 0
_PB_N-2100 >= 0
i' >= 0
-i'+_PB_M-1 >= 0
-i+i'-1 >= 0


--- Dep 11 from S2 to S3; satisfied: 0, sat level: -1; Type: WAW
on variable: tmp
Dependence polyhedron
Set #1
[5 dims; 7 constraints]
-i+i' = 0
i >= 0
-i+_PB_M-1 >= 0
_PB_M-1900 >= 0
_PB_N-2100 >= 0
-j'+_PB_N-1 >= 0
j' >= 0


--- Dep 12 from S3 to S3; satisfied: 0, sat level: -1; Type: WAW
on variable: tmp
Dependence polyhedron
Set #1
[6 dims; 10 constraints]
-i+i' = 0
i >= 0
-i+_PB_M-1 >= 0
_PB_M-1900 >= 0
j >= 0
-j+_PB_N-1 >= 0
_PB_N-2100 >= 0
-j'+_PB_N-1 >= 0
j' >= 0
-j+j'-1 >= 0


[zyj-debug] After affine transformations
T(S1): (2, i, 0)
loop types (scalar, loop, scalar)

T(S2): (0, i, 0)
loop types (scalar, loop, scalar)

T(S3): (1, i, j)
loop types (scalar, loop, loop)

T(S4): (3, i, j)
loop types (scalar, loop, loop)

t1 --> fwd_dep  scalar (band 0)no-ujam
t2 --> fwd_dep  loop   (band 0)no-ujam
t3 --> fwd_dep  loop   (band 0)no-ujam

