[zyj-debug] Before affine transformations
nvar = 2, npar = 2
Parameters: _PB_M _PB_N 
S1 "s[i] = 0;"
ndims: 1; orig_depth: 1
iterators: i
Index set
3 5
1 1 0 0 0 
1 -1 1 0 -1 
1 0 1 0 -1 
T(S1): (0, i, 0, 0, 0)
loop types (loop, loop, loop, scalar, scalar)

No Read accesses
Write accesses
s[i]
Original loop: 0 -> yes

S2 "q[i] = SCALAR_VAL(0.0);"
ndims: 1; orig_depth: 1
iterators: i
Index set
3 5
1 1 0 0 0 
1 -1 0 1 -1 
1 0 0 1 -1 
T(S2): (1, i, 0, 0, 0)
loop types (loop, loop, loop, scalar, scalar)

No Read accesses
Write accesses
q[i]
Original loop: 0 -> yes

S3 "s[j] = s[j] + r[i] * A[i][j];"
ndims: 2; orig_depth: 2
iterators: i, j
Index set
6 6
1 1 0 0 0 0 
1 -1 0 0 1 -1 
1 0 0 0 1 -1 
1 0 1 0 0 0 
1 0 -1 1 0 -1 
1 0 0 1 0 -1 
T(S3): (1, i, 1, j, 0)
loop types (loop, loop, loop, loop, loop)

Read accesses
s[j]
r[i]
A[i][j]
Write accesses
s[j]
Original loop: 0 -> yes
Original loop: 1 -> yes

S4 "q[i] = q[i] + A[i][j] * p[j];"
ndims: 2; orig_depth: 2
iterators: i, j
Index set
6 6
1 1 0 0 0 0 
1 -1 0 0 1 -1 
1 0 0 0 1 -1 
1 0 1 0 0 0 
1 0 -1 1 0 -1 
1 0 0 1 0 -1 
T(S4): (1, i, 1, j, 1)
loop types (loop, loop, loop, loop, loop)

Read accesses
q[i]
A[i][j]
p[j]
Write accesses
q[i]
Original loop: 0 -> yes
Original loop: 1 -> yes

--- Dep 1 from S4 to S4; satisfied: 0, sat level: -1; Type: RAW
on variable: q
Dependence polyhedron
Set #1
[6 dims; 10 constraints]
-i+i' = 0
i >= 0
-i+_PB_N-1 >= 0
_PB_N-2100 >= 0
j >= 0
-j+_PB_M-1 >= 0
_PB_M-1900 >= 0
-j'+_PB_M-1 >= 0
j' >= 0
-j+j'-1 >= 0


--- Dep 2 from S1 to S3; satisfied: 0, sat level: -1; Type: RAW
on variable: s
Dependence polyhedron
Set #1
[5 dims; 7 constraints]
-i+j' = 0
i >= 0
-i+_PB_M-1 >= 0
_PB_M-1900 >= 0
_PB_N-2100 >= 0
i' >= 0
-i'+_PB_N-1 >= 0


--- Dep 3 from S3 to S3; satisfied: 0, sat level: -1; Type: RAW
on variable: s
Dependence polyhedron
Set #1
[6 dims; 10 constraints]
-j+j' = 0
i >= 0
-i+_PB_N-1 >= 0
_PB_N-2100 >= 0
j >= 0
-j+_PB_M-1 >= 0
_PB_M-1900 >= 0
i' >= 0
-i'+_PB_N-1 >= 0
-i+i'-1 >= 0


--- Dep 4 from S2 to S4; satisfied: 0, sat level: -1; Type: RAW
on variable: q
Dependence polyhedron
Set #1
[5 dims; 7 constraints]
-i+i' = 0
i >= 0
-i+_PB_N-1 >= 0
_PB_N-2100 >= 0
_PB_M-1900 >= 0
-j'+_PB_M-1 >= 0
j' >= 0


--- Dep 5 from S4 to S4; satisfied: 0, sat level: -1; Type: WAR
on variable: q
Dependence polyhedron
Set #1
[6 dims; 10 constraints]
-i+i' = 0
i >= 0
-i+_PB_N-1 >= 0
_PB_N-2100 >= 0
j >= 0
-j+_PB_M-1 >= 0
_PB_M-1900 >= 0
-j'+_PB_M-1 >= 0
j' >= 0
-j+j'-1 >= 0


--- Dep 6 from S3 to S3; satisfied: 0, sat level: -1; Type: WAR
on variable: s
Dependence polyhedron
Set #1
[6 dims; 10 constraints]
-j+j' = 0
i >= 0
-i+_PB_N-1 >= 0
_PB_N-2100 >= 0
j >= 0
-j+_PB_M-1 >= 0
_PB_M-1900 >= 0
i' >= 0
-i'+_PB_N-1 >= 0
-i+i'-1 >= 0


--- Dep 7 from S4 to S4; satisfied: 0, sat level: -1; Type: WAW
on variable: q
Dependence polyhedron
Set #1
[6 dims; 10 constraints]
-i+i' = 0
i >= 0
-i+_PB_N-1 >= 0
_PB_N-2100 >= 0
j >= 0
-j+_PB_M-1 >= 0
_PB_M-1900 >= 0
-j'+_PB_M-1 >= 0
j' >= 0
-j+j'-1 >= 0


--- Dep 8 from S2 to S4; satisfied: 0, sat level: -1; Type: WAW
on variable: q
Dependence polyhedron
Set #1
[5 dims; 7 constraints]
-i+i' = 0
i >= 0
-i+_PB_N-1 >= 0
_PB_N-2100 >= 0
_PB_M-1900 >= 0
-j'+_PB_M-1 >= 0
j' >= 0


--- Dep 9 from S1 to S3; satisfied: 0, sat level: -1; Type: WAW
on variable: s
Dependence polyhedron
Set #1
[5 dims; 7 constraints]
-i+j' = 0
i >= 0
-i+_PB_M-1 >= 0
_PB_M-1900 >= 0
_PB_N-2100 >= 0
i' >= 0
-i'+_PB_N-1 >= 0


--- Dep 10 from S3 to S3; satisfied: 0, sat level: -1; Type: WAW
on variable: s
Dependence polyhedron
Set #1
[6 dims; 10 constraints]
-j+j' = 0
i >= 0
-i+_PB_N-1 >= 0
_PB_N-2100 >= 0
j >= 0
-j+_PB_M-1 >= 0
_PB_M-1900 >= 0
i' >= 0
-i'+_PB_N-1 >= 0
-i+i'-1 >= 0


[zyj-debug] After affine transformations
T(S1): (i, 0, 2)
loop types (loop, scalar, scalar)

T(S2): (i, 0, 0)
loop types (loop, scalar, scalar)

T(S3): (j, i, 3)
loop types (loop, loop, scalar)

T(S4): (i, j, 1)
loop types (loop, loop, scalar)

t1 --> parallel loop   (band 0)no-ujam
t2 --> fwd_dep  loop   (band 0)no-ujam
t3 --> fwd_dep  scalar (band 0)no-ujam

