[zyj-debug] Before affine transformations
nvar = 3, npar = 2
Parameters: _PB_M _PB_N 
S1 "mean[j] = SCALAR_VAL(0.0);"
ndims: 1; orig_depth: 1
iterators: j
Index set
3 5
1 1 0 0 0 
1 -1 1 0 -1 
1 0 1 0 -1 
T(S1): (0, j, 0, 0, 0, 0, 0)
loop types (loop, loop, loop, scalar, scalar, scalar, scalar)

No Read accesses
Write accesses
mean[j]
Original loop: 0 -> yes

S2 "mean[j] += data[i][j];"
ndims: 2; orig_depth: 2
iterators: j, i
Index set
6 6
1 1 0 0 0 0 
1 -1 0 1 0 -1 
1 0 0 1 0 -1 
1 0 1 0 0 0 
1 0 -1 0 1 -1 
1 0 0 0 1 -1 
T(S2): (0, j, 1, i, 0, 0, 0)
loop types (loop, loop, loop, loop, loop, scalar, scalar)

Read accesses
mean[j]
data[i][j]
Write accesses
mean[j]
Original loop: 0 -> yes
Original loop: 1 -> yes

S3 "mean[j] /= float_n;"
ndims: 1; orig_depth: 1
iterators: j
Index set
3 5
1 1 0 0 0 
1 -1 1 0 -1 
1 0 1 0 -1 
T(S3): (0, j, 2, 0, 0, 0, 0)
loop types (loop, loop, loop, scalar, scalar, scalar, scalar)

Read accesses
mean[j]
float_n[0]
Write accesses
mean[j]
Original loop: 0 -> yes

S4 "stddev[j] = SCALAR_VAL(0.0);"
ndims: 1; orig_depth: 1
iterators: j
Index set
3 5
1 1 0 0 0 
1 -1 1 0 -1 
1 0 1 0 -1 
T(S4): (1, j, 0, 0, 0, 0, 0)
loop types (loop, loop, loop, scalar, scalar, scalar, scalar)

No Read accesses
Write accesses
stddev[j]
Original loop: 0 -> yes

S5 "stddev[j] += (data[i][j] - mean[j]) * (data[i][j] - mean[j]);"
ndims: 2; orig_depth: 2
iterators: j, i
Index set
6 6
1 1 0 0 0 0 
1 -1 0 1 0 -1 
1 0 0 1 0 -1 
1 0 1 0 0 0 
1 0 -1 0 1 -1 
1 0 0 0 1 -1 
T(S5): (1, j, 1, i, 0, 0, 0)
loop types (loop, loop, loop, loop, loop, scalar, scalar)

Read accesses
stddev[j]
data[i][j]
mean[j]
data[i][j]
mean[j]
Write accesses
stddev[j]
Original loop: 0 -> yes
Original loop: 1 -> yes

S6 "stddev[j] /= float_n;"
ndims: 1; orig_depth: 1
iterators: j
Index set
3 5
1 1 0 0 0 
1 -1 1 0 -1 
1 0 1 0 -1 
T(S6): (1, j, 2, 0, 0, 0, 0)
loop types (loop, loop, loop, scalar, scalar, scalar, scalar)

Read accesses
stddev[j]
float_n[0]
Write accesses
stddev[j]
Original loop: 0 -> yes

S7 "stddev[j] = SQRT_FUN(stddev[j]);"
ndims: 1; orig_depth: 1
iterators: j
Index set
3 5
1 1 0 0 0 
1 -1 1 0 -1 
1 0 1 0 -1 
T(S7): (1, j, 3, 0, 0, 0, 0)
loop types (loop, loop, loop, scalar, scalar, scalar, scalar)

Read accesses
stddev[j]
Write accesses
stddev[j]
Original loop: 0 -> yes

S8 "stddev[j] = stddev[j] <= eps ? SCALAR_VAL(1.0) : stddev[j];"
ndims: 1; orig_depth: 1
iterators: j
Index set
3 5
1 1 0 0 0 
1 -1 1 0 -1 
1 0 1 0 -1 
T(S8): (1, j, 4, 0, 0, 0, 0)
loop types (loop, loop, loop, scalar, scalar, scalar, scalar)

Read accesses
stddev[j]
eps[0]
stddev[j]
Write accesses
stddev[j]
Original loop: 0 -> yes

S9 "data[i][j] -= mean[j];"
ndims: 2; orig_depth: 2
iterators: i, j
Index set
6 6
1 1 0 0 0 0 
1 -1 0 0 1 -1 
1 0 0 0 1 -1 
1 0 1 0 0 0 
1 0 -1 1 0 -1 
1 0 0 1 0 -1 
T(S9): (2, i, 0, j, 0, 0, 0)
loop types (loop, loop, loop, loop, loop, scalar, scalar)

Read accesses
data[i][j]
mean[j]
Write accesses
data[i][j]
Original loop: 0 -> yes
Original loop: 1 -> yes

S10 "data[i][j] /= SQRT_FUN(float_n) * stddev[j];"
ndims: 2; orig_depth: 2
iterators: i, j
Index set
6 6
1 1 0 0 0 0 
1 -1 0 0 1 -1 
1 0 0 0 1 -1 
1 0 1 0 0 0 
1 0 -1 1 0 -1 
1 0 0 1 0 -1 
T(S10): (2, i, 0, j, 1, 0, 0)
loop types (loop, loop, loop, loop, loop, scalar, scalar)

Read accesses
data[i][j]
float_n[0]
stddev[j]
Write accesses
data[i][j]
Original loop: 0 -> yes
Original loop: 1 -> yes

S11 "corr[i][i] = SCALAR_VAL(1.0);"
ndims: 1; orig_depth: 1
iterators: i
Index set
3 5
1 1 0 0 0 
1 -1 1 0 -2 
1 0 1 0 -2 
T(S11): (3, i, 0, 0, 0, 0, 0)
loop types (loop, loop, loop, scalar, scalar, scalar, scalar)

No Read accesses
Write accesses
corr[i][i]
Original loop: 0 -> yes

S12 "corr[i][j] = SCALAR_VAL(0.0);"
ndims: 2; orig_depth: 2
iterators: i, j
Index set
5 6
1 1 0 0 0 0 
1 -1 0 1 0 -2 
1 0 0 1 0 -2 
1 -1 1 0 0 -1 
1 0 -1 1 0 -1 
T(S12): (3, i, 1, j, 0, 0, 0)
loop types (loop, loop, loop, loop, loop, scalar, scalar)

No Read accesses
Write accesses
corr[i][j]
Original loop: 0 -> yes
Original loop: 1 -> yes

S13 "corr[i][j] += (data[k][i] * data[k][j]);"
ndims: 3; orig_depth: 3
iterators: i, j, k
Index set
8 7
1 1 0 0 0 0 0 
1 -1 0 0 1 0 -2 
1 0 0 0 1 0 -2 
1 -1 1 0 0 0 -1 
1 0 -1 0 1 0 -1 
1 0 0 1 0 0 0 
1 0 0 -1 0 1 -1 
1 0 0 0 0 1 -1 
T(S13): (3, i, 1, j, 1, k, 0)
loop types (loop, loop, loop, loop, loop, loop, loop)

Read accesses
corr[i][j]
data[k][i]
data[k][j]
Write accesses
corr[i][j]
Original loop: 0 -> yes
Original loop: 1 -> yes
Original loop: 2 -> yes

S14 "corr[j][i] = corr[i][j];"
ndims: 2; orig_depth: 2
iterators: i, j
Index set
5 6
1 1 0 0 0 0 
1 -1 0 1 0 -2 
1 0 0 1 0 -2 
1 -1 1 0 0 -1 
1 0 -1 1 0 -1 
T(S14): (3, i, 1, j, 2, 0, 0)
loop types (loop, loop, loop, loop, loop, scalar, scalar)

Read accesses
corr[i][j]
Write accesses
corr[j][i]
Original loop: 0 -> yes
Original loop: 1 -> yes

S15 "corr[_PB_M-1][_PB_M-1] = SCALAR_VAL(1.0);"
ndims: 0; orig_depth: 0
iterators: 
Index set
0 4
T(S15): (4, 0, 0, 0, 0, 0, 0)
loop types (loop, scalar, scalar, scalar, scalar, scalar, scalar)

No Read accesses
Write accesses
corr[_PB_M-1][_PB_M-1]

--- Dep 1 from S4 to S5; satisfied: 0, sat level: -1; Type: RAW
on variable: stddev
Dependence polyhedron
Set #1
[5 dims; 7 constraints]
-j+j' = 0
j >= 0
-j+_PB_M-1 >= 0
_PB_M-1200 >= 0
_PB_N-1400 >= 0
-i'+_PB_N-1 >= 0
i' >= 0


--- Dep 2 from S2 to S5; satisfied: 0, sat level: -1; Type: RAW
on variable: mean
Dependence polyhedron
Set #1
[6 dims; 9 constraints]
-j+j' = 0
j >= 0
-j+_PB_M-1 >= 0
_PB_M-1200 >= 0
i >= 0
-i+_PB_N-1 >= 0
_PB_N-1400 >= 0
-i'+_PB_N-1 >= 0
i' >= 0


--- Dep 3 from S9 to S10; satisfied: 0, sat level: -1; Type: RAW
on variable: data
Dependence polyhedron
Set #1
[6 dims; 8 constraints]
-j+j' = 0
-i+i' = 0
i >= 0
-i+_PB_N-1 >= 0
_PB_N-1400 >= 0
j >= 0
-j+_PB_M-1 >= 0
_PB_M-1200 >= 0


--- Dep 4 from S7 to S10; satisfied: 0, sat level: -1; Type: RAW
on variable: stddev
Dependence polyhedron
Set #1
[5 dims; 7 constraints]
-j+j' = 0
j >= 0
-j+_PB_M-1 >= 0
_PB_M-1200 >= 0
_PB_N-1400 >= 0
i' >= 0
-i'+_PB_N-1 >= 0


--- Dep 5 from S13 to S13; satisfied: 0, sat level: -1; Type: RAW
on variable: corr
Dependence polyhedron
Set #1
[8 dims; 13 constraints]
-j+j' = 0
-i+i' = 0
i >= 0
-i+_PB_M-2 >= 0
_PB_M-1200 >= 0
-i+j-1 >= 0
-j+_PB_M-1 >= 0
k >= 0
-k+_PB_N-1 >= 0
_PB_N-1400 >= 0
-k'+_PB_N-1 >= 0
k' >= 0
-k+k'-1 >= 0


--- Dep 6 from S1 to S2; satisfied: 0, sat level: -1; Type: RAW
on variable: mean
Dependence polyhedron
Set #1
[5 dims; 7 constraints]
-j+j' = 0
j >= 0
-j+_PB_M-1 >= 0
_PB_M-1200 >= 0
_PB_N-1400 >= 0
-i'+_PB_N-1 >= 0
i' >= 0


--- Dep 7 from S9 to S13; satisfied: 0, sat level: -1; Type: RAW
on variable: data
Dependence polyhedron
Set #1
[7 dims; 10 constraints]
-i+k' = 0
-j+i' = 0
i >= 0
-i+_PB_N-1 >= 0
_PB_N-1400 >= 0
j >= 0
-j+_PB_M-2 >= 0
_PB_M-1200 >= 0
-j'+_PB_M-1 >= 0
-j+j'-1 >= 0


--- Dep 8 from S1 to S5; satisfied: 0, sat level: -1; Type: RAW
on variable: mean
Dependence polyhedron
Set #1
[5 dims; 7 constraints]
-j+j' = 0
j >= 0
-j+_PB_M-1 >= 0
_PB_M-1200 >= 0
_PB_N-1400 >= 0
-i'+_PB_N-1 >= 0
i' >= 0


--- Dep 9 from S5 to S8; satisfied: 0, sat level: -1; Type: RAW
on variable: stddev
Dependence polyhedron
Set #1
[5 dims; 7 constraints]
-j+j' = 0
j >= 0
-j+_PB_M-1 >= 0
_PB_M-1200 >= 0
i >= 0
-i+_PB_N-1 >= 0
_PB_N-1400 >= 0


--- Dep 10 from S6 to S8; satisfied: 0, sat level: -1; Type: RAW
on variable: stddev
Dependence polyhedron
Set #1
[4 dims; 5 constraints]
-j+j' = 0
j >= 0
-j+_PB_M-1 >= 0
_PB_M-1200 >= 0
_PB_N-1400 >= 0


--- Dep 11 from S5 to S7; satisfied: 0, sat level: -1; Type: RAW
on variable: stddev
Dependence polyhedron
Set #1
[5 dims; 7 constraints]
-j+j' = 0
j >= 0
-j+_PB_M-1 >= 0
_PB_M-1200 >= 0
i >= 0
-i+_PB_N-1 >= 0
_PB_N-1400 >= 0


--- Dep 12 from S4 to S10; satisfied: 0, sat level: -1; Type: RAW
on variable: stddev
Dependence polyhedron
Set #1
[5 dims; 7 constraints]
-j+j' = 0
j >= 0
-j+_PB_M-1 >= 0
_PB_M-1200 >= 0
_PB_N-1400 >= 0
i' >= 0
-i'+_PB_N-1 >= 0


--- Dep 13 from S1 to S9; satisfied: 0, sat level: -1; Type: RAW
on variable: mean
Dependence polyhedron
Set #1
[5 dims; 7 constraints]
-j+j' = 0
j >= 0
-j+_PB_M-1 >= 0
_PB_M-1200 >= 0
_PB_N-1400 >= 0
i' >= 0
-i'+_PB_N-1 >= 0


--- Dep 14 from S4 to S6; satisfied: 0, sat level: -1; Type: RAW
on variable: stddev
Dependence polyhedron
Set #1
[4 dims; 5 constraints]
-j+j' = 0
j >= 0
-j+_PB_M-1 >= 0
_PB_M-1200 >= 0
_PB_N-1400 >= 0


--- Dep 15 from S5 to S6; satisfied: 0, sat level: -1; Type: RAW
on variable: stddev
Dependence polyhedron
Set #1
[5 dims; 7 constraints]
-j+j' = 0
j >= 0
-j+_PB_M-1 >= 0
_PB_M-1200 >= 0
i >= 0
-i+_PB_N-1 >= 0
_PB_N-1400 >= 0


--- Dep 16 from S4 to S7; satisfied: 0, sat level: -1; Type: RAW
on variable: stddev
Dependence polyhedron
Set #1
[4 dims; 5 constraints]
-j+j' = 0
j >= 0
-j+_PB_M-1 >= 0
_PB_M-1200 >= 0
_PB_N-1400 >= 0


--- Dep 17 from S2 to S5; satisfied: 0, sat level: -1; Type: RAW
on variable: mean
Dependence polyhedron
Set #1
[6 dims; 9 constraints]
-j+j' = 0
j >= 0
-j+_PB_M-1 >= 0
_PB_M-1200 >= 0
i >= 0
-i+_PB_N-1 >= 0
_PB_N-1400 >= 0
-i'+_PB_N-1 >= 0
i' >= 0


--- Dep 18 from S1 to S5; satisfied: 0, sat level: -1; Type: RAW
on variable: mean
Dependence polyhedron
Set #1
[5 dims; 7 constraints]
-j+j' = 0
j >= 0
-j+_PB_M-1 >= 0
_PB_M-1200 >= 0
_PB_N-1400 >= 0
-i'+_PB_N-1 >= 0
i' >= 0


--- Dep 19 from S2 to S9; satisfied: 0, sat level: -1; Type: RAW
on variable: mean
Dependence polyhedron
Set #1
[6 dims; 9 constraints]
-j+j' = 0
j >= 0
-j+_PB_M-1 >= 0
_PB_M-1200 >= 0
i >= 0
-i+_PB_N-1 >= 0
_PB_N-1400 >= 0
i' >= 0
-i'+_PB_N-1 >= 0


--- Dep 20 from S7 to S8; satisfied: 0, sat level: -1; Type: RAW
on variable: stddev
Dependence polyhedron
Set #1
[4 dims; 5 constraints]
-j+j' = 0
j >= 0
-j+_PB_M-1 >= 0
_PB_M-1200 >= 0
_PB_N-1400 >= 0


--- Dep 21 from S3 to S5; satisfied: 0, sat level: -1; Type: RAW
on variable: mean
Dependence polyhedron
Set #1
[5 dims; 7 constraints]
-j+j' = 0
j >= 0
-j+_PB_M-1 >= 0
_PB_M-1200 >= 0
_PB_N-1400 >= 0
-i'+_PB_N-1 >= 0
i' >= 0


--- Dep 22 from S6 to S10; satisfied: 0, sat level: -1; Type: RAW
on variable: stddev
Dependence polyhedron
Set #1
[5 dims; 7 constraints]
-j+j' = 0
j >= 0
-j+_PB_M-1 >= 0
_PB_M-1200 >= 0
_PB_N-1400 >= 0
i' >= 0
-i'+_PB_N-1 >= 0


--- Dep 23 from S5 to S10; satisfied: 0, sat level: -1; Type: RAW
on variable: stddev
Dependence polyhedron
Set #1
[6 dims; 9 constraints]
-j+j' = 0
j >= 0
-j+_PB_M-1 >= 0
_PB_M-1200 >= 0
i >= 0
-i+_PB_N-1 >= 0
_PB_N-1400 >= 0
i' >= 0
-i'+_PB_N-1 >= 0


--- Dep 24 from S3 to S5; satisfied: 0, sat level: -1; Type: RAW
on variable: mean
Dependence polyhedron
Set #1
[5 dims; 7 constraints]
-j+j' = 0
j >= 0
-j+_PB_M-1 >= 0
_PB_M-1200 >= 0
_PB_N-1400 >= 0
-i'+_PB_N-1 >= 0
i' >= 0


--- Dep 25 from S8 to S10; satisfied: 0, sat level: -1; Type: RAW
on variable: stddev
Dependence polyhedron
Set #1
[5 dims; 7 constraints]
-j+j' = 0
j >= 0
-j+_PB_M-1 >= 0
_PB_M-1200 >= 0
_PB_N-1400 >= 0
i' >= 0
-i'+_PB_N-1 >= 0


--- Dep 26 from S6 to S8; satisfied: 0, sat level: -1; Type: RAW
on variable: stddev
Dependence polyhedron
Set #1
[4 dims; 5 constraints]
-j+j' = 0
j >= 0
-j+_PB_M-1 >= 0
_PB_M-1200 >= 0
_PB_N-1400 >= 0


--- Dep 27 from S12 to S14; satisfied: 0, sat level: -1; Type: RAW
on variable: corr
Dependence polyhedron
Set #1
[6 dims; 8 constraints]
-j+j' = 0
-i+i' = 0
i >= 0
-i+_PB_M-2 >= 0
_PB_M-1200 >= 0
-i+j-1 >= 0
-j+_PB_M-1 >= 0
_PB_N-1400 >= 0


--- Dep 28 from S13 to S14; satisfied: 0, sat level: -1; Type: RAW
on variable: corr
Dependence polyhedron
Set #1
[7 dims; 10 constraints]
-j+j' = 0
-i+i' = 0
i >= 0
-i+_PB_M-2 >= 0
_PB_M-1200 >= 0
-i+j-1 >= 0
-j+_PB_M-1 >= 0
k >= 0
-k+_PB_N-1 >= 0
_PB_N-1400 >= 0


--- Dep 29 from S2 to S3; satisfied: 0, sat level: -1; Type: RAW
on variable: mean
Dependence polyhedron
Set #1
[5 dims; 7 constraints]
-j+j' = 0
j >= 0
-j+_PB_M-1 >= 0
_PB_M-1200 >= 0
i >= 0
-i+_PB_N-1 >= 0
_PB_N-1400 >= 0


--- Dep 30 from S6 to S7; satisfied: 0, sat level: -1; Type: RAW
on variable: stddev
Dependence polyhedron
Set #1
[4 dims; 5 constraints]
-j+j' = 0
j >= 0
-j+_PB_M-1 >= 0
_PB_M-1200 >= 0
_PB_N-1400 >= 0


--- Dep 31 from S9 to S13; satisfied: 0, sat level: -1; Type: RAW
on variable: data
Dependence polyhedron
Set #1
[7 dims; 11 constraints]
-i+k' = 0
-j+j' = 0
i >= 0
-i+_PB_N-1 >= 0
_PB_N-1400 >= 0
j >= 0
-j+_PB_M-1 >= 0
_PB_M-1200 >= 0
i' >= 0
-i'+_PB_M-2 >= 0
j-i'-1 >= 0


--- Dep 32 from S3 to S9; satisfied: 0, sat level: -1; Type: RAW
on variable: mean
Dependence polyhedron
Set #1
[5 dims; 7 constraints]
-j+j' = 0
j >= 0
-j+_PB_M-1 >= 0
_PB_M-1200 >= 0
_PB_N-1400 >= 0
i' >= 0
-i'+_PB_N-1 >= 0


--- Dep 33 from S1 to S3; satisfied: 0, sat level: -1; Type: RAW
on variable: mean
Dependence polyhedron
Set #1
[4 dims; 5 constraints]
-j+j' = 0
j >= 0
-j+_PB_M-1 >= 0
_PB_M-1200 >= 0
_PB_N-1400 >= 0


--- Dep 34 from S2 to S2; satisfied: 0, sat level: -1; Type: RAW
on variable: mean
Dependence polyhedron
Set #1
[6 dims; 10 constraints]
-j+j' = 0
j >= 0
-j+_PB_M-1 >= 0
_PB_M-1200 >= 0
i >= 0
-i+_PB_N-1 >= 0
_PB_N-1400 >= 0
-i'+_PB_N-1 >= 0
i' >= 0
-i+i'-1 >= 0


--- Dep 35 from S4 to S8; satisfied: 0, sat level: -1; Type: RAW
on variable: stddev
Dependence polyhedron
Set #1
[4 dims; 5 constraints]
-j+j' = 0
j >= 0
-j+_PB_M-1 >= 0
_PB_M-1200 >= 0
_PB_N-1400 >= 0


--- Dep 36 from S10 to S13; satisfied: 0, sat level: -1; Type: RAW
on variable: data
Dependence polyhedron
Set #1
[7 dims; 10 constraints]
-i+k' = 0
-j+i' = 0
i >= 0
-i+_PB_N-1 >= 0
_PB_N-1400 >= 0
j >= 0
-j+_PB_M-2 >= 0
_PB_M-1200 >= 0
-j'+_PB_M-1 >= 0
-j+j'-1 >= 0


--- Dep 37 from S10 to S13; satisfied: 0, sat level: -1; Type: RAW
on variable: data
Dependence polyhedron
Set #1
[7 dims; 11 constraints]
-i+k' = 0
-j+j' = 0
i >= 0
-i+_PB_N-1 >= 0
_PB_N-1400 >= 0
j >= 0
-j+_PB_M-1 >= 0
_PB_M-1200 >= 0
i' >= 0
-i'+_PB_M-2 >= 0
j-i'-1 >= 0


--- Dep 38 from S5 to S5; satisfied: 0, sat level: -1; Type: RAW
on variable: stddev
Dependence polyhedron
Set #1
[6 dims; 10 constraints]
-j+j' = 0
j >= 0
-j+_PB_M-1 >= 0
_PB_M-1200 >= 0
i >= 0
-i+_PB_N-1 >= 0
_PB_N-1400 >= 0
-i'+_PB_N-1 >= 0
i' >= 0
-i+i'-1 >= 0


--- Dep 39 from S5 to S8; satisfied: 0, sat level: -1; Type: RAW
on variable: stddev
Dependence polyhedron
Set #1
[5 dims; 7 constraints]
-j+j' = 0
j >= 0
-j+_PB_M-1 >= 0
_PB_M-1200 >= 0
i >= 0
-i+_PB_N-1 >= 0
_PB_N-1400 >= 0


--- Dep 40 from S4 to S8; satisfied: 0, sat level: -1; Type: RAW
on variable: stddev
Dependence polyhedron
Set #1
[4 dims; 5 constraints]
-j+j' = 0
j >= 0
-j+_PB_M-1 >= 0
_PB_M-1200 >= 0
_PB_N-1400 >= 0


--- Dep 41 from S7 to S8; satisfied: 0, sat level: -1; Type: RAW
on variable: stddev
Dependence polyhedron
Set #1
[4 dims; 5 constraints]
-j+j' = 0
j >= 0
-j+_PB_M-1 >= 0
_PB_M-1200 >= 0
_PB_N-1400 >= 0


--- Dep 42 from S12 to S13; satisfied: 0, sat level: -1; Type: RAW
on variable: corr
Dependence polyhedron
Set #1
[7 dims; 10 constraints]
-j+j' = 0
-i+i' = 0
i >= 0
-i+_PB_M-2 >= 0
_PB_M-1200 >= 0
-i+j-1 >= 0
-j+_PB_M-1 >= 0
_PB_N-1400 >= 0
-k'+_PB_N-1 >= 0
k' >= 0


--- Dep 43 from S2 to S3; satisfied: 0, sat level: -1; Type: WAR
on variable: mean
Dependence polyhedron
Set #1
[5 dims; 7 constraints]
-j+j' = 0
j >= 0
-j+_PB_M-1 >= 0
_PB_M-1200 >= 0
i >= 0
-i+_PB_N-1 >= 0
_PB_N-1400 >= 0


--- Dep 44 from S13 to S13; satisfied: 0, sat level: -1; Type: WAR
on variable: corr
Dependence polyhedron
Set #1
[8 dims; 13 constraints]
-j+j' = 0
-i+i' = 0
i >= 0
-i+_PB_M-2 >= 0
_PB_M-1200 >= 0
-i+j-1 >= 0
-j+_PB_M-1 >= 0
k >= 0
-k+_PB_N-1 >= 0
_PB_N-1400 >= 0
-k'+_PB_N-1 >= 0
k' >= 0
-k+k'-1 >= 0


--- Dep 45 from S2 to S9; satisfied: 0, sat level: -1; Type: WAR
on variable: data
Dependence polyhedron
Set #1
[6 dims; 8 constraints]
-j+j' = 0
-i+i' = 0
j >= 0
-j+_PB_M-1 >= 0
_PB_M-1200 >= 0
i >= 0
-i+_PB_N-1 >= 0
_PB_N-1400 >= 0


--- Dep 46 from S6 to S8; satisfied: 0, sat level: -1; Type: WAR
on variable: stddev
Dependence polyhedron
Set #1
[4 dims; 5 constraints]
-j+j' = 0
j >= 0
-j+_PB_M-1 >= 0
_PB_M-1200 >= 0
_PB_N-1400 >= 0


--- Dep 47 from S5 to S7; satisfied: 0, sat level: -1; Type: WAR
on variable: stddev
Dependence polyhedron
Set #1
[5 dims; 7 constraints]
-j+j' = 0
j >= 0
-j+_PB_M-1 >= 0
_PB_M-1200 >= 0
i >= 0
-i+_PB_N-1 >= 0
_PB_N-1400 >= 0


--- Dep 48 from S5 to S5; satisfied: 0, sat level: -1; Type: WAR
on variable: stddev
Dependence polyhedron
Set #1
[6 dims; 10 constraints]
-j+j' = 0
j >= 0
-j+_PB_M-1 >= 0
_PB_M-1200 >= 0
i >= 0
-i+_PB_N-1 >= 0
_PB_N-1400 >= 0
-i'+_PB_N-1 >= 0
i' >= 0
-i+i'-1 >= 0


--- Dep 49 from S2 to S2; satisfied: 0, sat level: -1; Type: WAR
on variable: mean
Dependence polyhedron
Set #1
[6 dims; 10 constraints]
-j+j' = 0
j >= 0
-j+_PB_M-1 >= 0
_PB_M-1200 >= 0
i >= 0
-i+_PB_N-1 >= 0
_PB_N-1400 >= 0
-i'+_PB_N-1 >= 0
i' >= 0
-i+i'-1 >= 0


--- Dep 50 from S5 to S9; satisfied: 0, sat level: -1; Type: WAR
on variable: data
Dependence polyhedron
Set #1
[6 dims; 8 constraints]
-j+j' = 0
-i+i' = 0
j >= 0
-j+_PB_M-1 >= 0
_PB_M-1200 >= 0
i >= 0
-i+_PB_N-1 >= 0
_PB_N-1400 >= 0


--- Dep 51 from S9 to S10; satisfied: 0, sat level: -1; Type: WAR
on variable: data
Dependence polyhedron
Set #1
[6 dims; 8 constraints]
-j+j' = 0
-i+i' = 0
i >= 0
-i+_PB_N-1 >= 0
_PB_N-1400 >= 0
j >= 0
-j+_PB_M-1 >= 0
_PB_M-1200 >= 0


--- Dep 52 from S7 to S8; satisfied: 0, sat level: -1; Type: WAR
on variable: stddev
Dependence polyhedron
Set #1
[4 dims; 5 constraints]
-j+j' = 0
j >= 0
-j+_PB_M-1 >= 0
_PB_M-1200 >= 0
_PB_N-1400 >= 0


--- Dep 53 from S5 to S10; satisfied: 0, sat level: -1; Type: WAR
on variable: data
Dependence polyhedron
Set #1
[6 dims; 8 constraints]
-j+j' = 0
-i+i' = 0
j >= 0
-j+_PB_M-1 >= 0
_PB_M-1200 >= 0
i >= 0
-i+_PB_N-1 >= 0
_PB_N-1400 >= 0


--- Dep 54 from S5 to S8; satisfied: 0, sat level: -1; Type: WAR
on variable: stddev
Dependence polyhedron
Set #1
[5 dims; 7 constraints]
-j+j' = 0
j >= 0
-j+_PB_M-1 >= 0
_PB_M-1200 >= 0
i >= 0
-i+_PB_N-1 >= 0
_PB_N-1400 >= 0


--- Dep 55 from S5 to S9; satisfied: 0, sat level: -1; Type: WAR
on variable: data
Dependence polyhedron
Set #1
[6 dims; 8 constraints]
-j+j' = 0
-i+i' = 0
j >= 0
-j+_PB_M-1 >= 0
_PB_M-1200 >= 0
i >= 0
-i+_PB_N-1 >= 0
_PB_N-1400 >= 0


--- Dep 56 from S5 to S10; satisfied: 0, sat level: -1; Type: WAR
on variable: data
Dependence polyhedron
Set #1
[6 dims; 8 constraints]
-j+j' = 0
-i+i' = 0
j >= 0
-j+_PB_M-1 >= 0
_PB_M-1200 >= 0
i >= 0
-i+_PB_N-1 >= 0
_PB_N-1400 >= 0


--- Dep 57 from S2 to S10; satisfied: 0, sat level: -1; Type: WAR
on variable: data
Dependence polyhedron
Set #1
[6 dims; 8 constraints]
-j+j' = 0
-i+i' = 0
j >= 0
-j+_PB_M-1 >= 0
_PB_M-1200 >= 0
i >= 0
-i+_PB_N-1 >= 0
_PB_N-1400 >= 0


--- Dep 58 from S6 to S7; satisfied: 0, sat level: -1; Type: WAR
on variable: stddev
Dependence polyhedron
Set #1
[4 dims; 5 constraints]
-j+j' = 0
j >= 0
-j+_PB_M-1 >= 0
_PB_M-1200 >= 0
_PB_N-1400 >= 0


--- Dep 59 from S5 to S6; satisfied: 0, sat level: -1; Type: WAR
on variable: stddev
Dependence polyhedron
Set #1
[5 dims; 7 constraints]
-j+j' = 0
j >= 0
-j+_PB_M-1 >= 0
_PB_M-1200 >= 0
i >= 0
-i+_PB_N-1 >= 0
_PB_N-1400 >= 0


--- Dep 60 from S6 to S8; satisfied: 0, sat level: -1; Type: WAW
on variable: stddev
Dependence polyhedron
Set #1
[4 dims; 5 constraints]
-j+j' = 0
j >= 0
-j+_PB_M-1 >= 0
_PB_M-1200 >= 0
_PB_N-1400 >= 0


--- Dep 61 from S4 to S6; satisfied: 0, sat level: -1; Type: WAW
on variable: stddev
Dependence polyhedron
Set #1
[4 dims; 5 constraints]
-j+j' = 0
j >= 0
-j+_PB_M-1 >= 0
_PB_M-1200 >= 0
_PB_N-1400 >= 0


--- Dep 62 from S4 to S7; satisfied: 0, sat level: -1; Type: WAW
on variable: stddev
Dependence polyhedron
Set #1
[4 dims; 5 constraints]
-j+j' = 0
j >= 0
-j+_PB_M-1 >= 0
_PB_M-1200 >= 0
_PB_N-1400 >= 0


--- Dep 63 from S6 to S7; satisfied: 0, sat level: -1; Type: WAW
on variable: stddev
Dependence polyhedron
Set #1
[4 dims; 5 constraints]
-j+j' = 0
j >= 0
-j+_PB_M-1 >= 0
_PB_M-1200 >= 0
_PB_N-1400 >= 0


--- Dep 64 from S2 to S3; satisfied: 0, sat level: -1; Type: WAW
on variable: mean
Dependence polyhedron
Set #1
[5 dims; 7 constraints]
-j+j' = 0
j >= 0
-j+_PB_M-1 >= 0
_PB_M-1200 >= 0
i >= 0
-i+_PB_N-1 >= 0
_PB_N-1400 >= 0


--- Dep 65 from S9 to S10; satisfied: 0, sat level: -1; Type: WAW
on variable: data
Dependence polyhedron
Set #1
[6 dims; 8 constraints]
-j+j' = 0
-i+i' = 0
i >= 0
-i+_PB_N-1 >= 0
_PB_N-1400 >= 0
j >= 0
-j+_PB_M-1 >= 0
_PB_M-1200 >= 0


--- Dep 66 from S5 to S6; satisfied: 0, sat level: -1; Type: WAW
on variable: stddev
Dependence polyhedron
Set #1
[5 dims; 7 constraints]
-j+j' = 0
j >= 0
-j+_PB_M-1 >= 0
_PB_M-1200 >= 0
i >= 0
-i+_PB_N-1 >= 0
_PB_N-1400 >= 0


--- Dep 67 from S4 to S8; satisfied: 0, sat level: -1; Type: WAW
on variable: stddev
Dependence polyhedron
Set #1
[4 dims; 5 constraints]
-j+j' = 0
j >= 0
-j+_PB_M-1 >= 0
_PB_M-1200 >= 0
_PB_N-1400 >= 0


--- Dep 68 from S1 to S2; satisfied: 0, sat level: -1; Type: WAW
on variable: mean
Dependence polyhedron
Set #1
[5 dims; 7 constraints]
-j+j' = 0
j >= 0
-j+_PB_M-1 >= 0
_PB_M-1200 >= 0
_PB_N-1400 >= 0
-i'+_PB_N-1 >= 0
i' >= 0


--- Dep 69 from S5 to S5; satisfied: 0, sat level: -1; Type: WAW
on variable: stddev
Dependence polyhedron
Set #1
[6 dims; 10 constraints]
-j+j' = 0
j >= 0
-j+_PB_M-1 >= 0
_PB_M-1200 >= 0
i >= 0
-i+_PB_N-1 >= 0
_PB_N-1400 >= 0
-i'+_PB_N-1 >= 0
i' >= 0
-i+i'-1 >= 0


--- Dep 70 from S4 to S5; satisfied: 0, sat level: -1; Type: WAW
on variable: stddev
Dependence polyhedron
Set #1
[5 dims; 7 constraints]
-j+j' = 0
j >= 0
-j+_PB_M-1 >= 0
_PB_M-1200 >= 0
_PB_N-1400 >= 0
-i'+_PB_N-1 >= 0
i' >= 0


--- Dep 71 from S1 to S3; satisfied: 0, sat level: -1; Type: WAW
on variable: mean
Dependence polyhedron
Set #1
[4 dims; 5 constraints]
-j+j' = 0
j >= 0
-j+_PB_M-1 >= 0
_PB_M-1200 >= 0
_PB_N-1400 >= 0


--- Dep 72 from S13 to S13; satisfied: 0, sat level: -1; Type: WAW
on variable: corr
Dependence polyhedron
Set #1
[8 dims; 13 constraints]
-j+j' = 0
-i+i' = 0
i >= 0
-i+_PB_M-2 >= 0
_PB_M-1200 >= 0
-i+j-1 >= 0
-j+_PB_M-1 >= 0
k >= 0
-k+_PB_N-1 >= 0
_PB_N-1400 >= 0
-k'+_PB_N-1 >= 0
k' >= 0
-k+k'-1 >= 0


--- Dep 73 from S2 to S2; satisfied: 0, sat level: -1; Type: WAW
on variable: mean
Dependence polyhedron
Set #1
[6 dims; 10 constraints]
-j+j' = 0
j >= 0
-j+_PB_M-1 >= 0
_PB_M-1200 >= 0
i >= 0
-i+_PB_N-1 >= 0
_PB_N-1400 >= 0
-i'+_PB_N-1 >= 0
i' >= 0
-i+i'-1 >= 0


--- Dep 74 from S5 to S7; satisfied: 0, sat level: -1; Type: WAW
on variable: stddev
Dependence polyhedron
Set #1
[5 dims; 7 constraints]
-j+j' = 0
j >= 0
-j+_PB_M-1 >= 0
_PB_M-1200 >= 0
i >= 0
-i+_PB_N-1 >= 0
_PB_N-1400 >= 0


--- Dep 75 from S5 to S8; satisfied: 0, sat level: -1; Type: WAW
on variable: stddev
Dependence polyhedron
Set #1
[5 dims; 7 constraints]
-j+j' = 0
j >= 0
-j+_PB_M-1 >= 0
_PB_M-1200 >= 0
i >= 0
-i+_PB_N-1 >= 0
_PB_N-1400 >= 0


--- Dep 76 from S7 to S8; satisfied: 0, sat level: -1; Type: WAW
on variable: stddev
Dependence polyhedron
Set #1
[4 dims; 5 constraints]
-j+j' = 0
j >= 0
-j+_PB_M-1 >= 0
_PB_M-1200 >= 0
_PB_N-1400 >= 0


--- Dep 77 from S12 to S13; satisfied: 0, sat level: -1; Type: WAW
on variable: corr
Dependence polyhedron
Set #1
[7 dims; 10 constraints]
-j+j' = 0
-i+i' = 0
i >= 0
-i+_PB_M-2 >= 0
_PB_M-1200 >= 0
-i+j-1 >= 0
-j+_PB_M-1 >= 0
_PB_N-1400 >= 0
-k'+_PB_N-1 >= 0
k' >= 0


[zyj-debug] After affine transformations
T(S1): (4, zT1, j, 0, 0, 0, 0)
loop types (scalar, loop, loop, scalar, scalar, scalar, scalar)

T(S2): (5, zT2, zT3, i, j, 0, 0)
loop types (scalar, loop, loop, loop, loop, scalar, scalar)

T(S3): (6, zT1, j, 0, 0, 0, 0)
loop types (scalar, loop, loop, scalar, scalar, scalar, scalar)

T(S4): (3, zT1, j, 0, 0, 0, 0)
loop types (scalar, loop, loop, scalar, scalar, scalar, scalar)

T(S5): (7, zT2, zT3, i, j, 0, 0)
loop types (scalar, loop, loop, loop, loop, scalar, scalar)

T(S6): (9, zT1, j, 0, 0, 0, 0)
loop types (scalar, loop, loop, scalar, scalar, scalar, scalar)

T(S7): (10, zT1, j, 0, 0, 0, 0)
loop types (scalar, loop, loop, scalar, scalar, scalar, scalar)

T(S8): (11, zT1, j, 0, 0, 0, 0)
loop types (scalar, loop, loop, scalar, scalar, scalar, scalar)

T(S9): (8, zT2, zT3, i, j, 0, 0)
loop types (scalar, loop, loop, loop, loop, scalar, scalar)

T(S10): (12, zT2, zT3, i, j, 0, 0)
loop types (scalar, loop, loop, loop, loop, scalar, scalar)

T(S11): (2, zT1, i, 0, 0, 0, 0)
loop types (scalar, loop, loop, scalar, scalar, scalar, scalar)

T(S12): (1, zT2, zT3, i, j, 0, 0)
loop types (scalar, loop, loop, loop, loop, scalar, scalar)

T(S13): (13, zT3, zT4, zT5, i, k, j)
loop types (scalar, loop, loop, loop, loop, loop, loop)

T(S14): (14, zT2, zT3, i, j, 0, 0)
loop types (scalar, loop, loop, loop, loop, scalar, scalar)

T(S15): (0, 0, 0, 0, 0, 0, 0)
loop types (scalar, scalar, scalar, scalar, scalar, scalar, scalar)

t1 --> fwd_dep  scalar (band 0)no-ujam
t2 --> parallel loop   (band 0)no-ujam
t3 --> fwd_dep  loop   (band 0)no-ujam
t4 --> fwd_dep  loop   (band 0)no-ujam
t5 --> parallel loop   (band 0)no-ujam
t6 --> fwd_dep  loop   (band 0)no-ujam
t7 --> parallel loop   (band 0)no-ujam

