[zyj-debug] Before affine transformations
nvar = 2, npar = 1
Parameters: _PB_N 
S1 "A[i][j] = A[i][j] + u1[i] * v1[j] + u2[i] * v2[j];"
ndims: 2; orig_depth: 2
iterators: i, j
Index set
5 5
1 1 0 0 0 
1 -1 0 1 -1 
1 0 0 1 -1 
1 0 1 0 0 
1 0 -1 1 -1 
T(S1): (0, i, 0, j, 0)
loop types (loop, loop, loop, loop, loop)

Read accesses
A[i][j]
u1[i]
v1[j]
u2[i]
v2[j]
Write accesses
A[i][j]
Original loop: 0 -> yes
Original loop: 1 -> yes

S2 "x[i] = x[i] + beta * A[j][i] * y[j];"
ndims: 2; orig_depth: 2
iterators: i, j
Index set
5 5
1 1 0 0 0 
1 -1 0 1 -1 
1 0 0 1 -1 
1 0 1 0 0 
1 0 -1 1 -1 
T(S2): (1, i, 0, j, 0)
loop types (loop, loop, loop, loop, loop)

Read accesses
x[i]
beta[0]
A[j][i]
y[j]
Write accesses
x[i]
Original loop: 0 -> yes
Original loop: 1 -> yes

S3 "x[i] = x[i] + z[i];"
ndims: 1; orig_depth: 1
iterators: i
Index set
3 4
1 1 0 0 
1 -1 1 -1 
1 0 1 -1 
T(S3): (2, i, 0, 0, 0)
loop types (loop, loop, loop, scalar, scalar)

Read accesses
x[i]
z[i]
Write accesses
x[i]
Original loop: 0 -> yes

S4 "w[i] = w[i] + alpha * A[i][j] * x[j];"
ndims: 2; orig_depth: 2
iterators: i, j
Index set
5 5
1 1 0 0 0 
1 -1 0 1 -1 
1 0 0 1 -1 
1 0 1 0 0 
1 0 -1 1 -1 
T(S4): (3, i, 0, j, 0)
loop types (loop, loop, loop, loop, loop)

Read accesses
w[i]
alpha[0]
A[i][j]
x[j]
Write accesses
w[i]
Original loop: 0 -> yes
Original loop: 1 -> yes

--- Dep 1 from S4 to S4; satisfied: 0, sat level: -1; Type: RAW
on variable: w
Dependence polyhedron
Set #1
[5 dims; 9 constraints]
-i+i' = 0
i >= 0
-i+_PB_N-1 >= 0
_PB_N-2000 >= 0
j >= 0
-j+_PB_N-1 >= 0
-j'+_PB_N-1 >= 0
j' >= 0
-j+j'-1 >= 0


--- Dep 2 from S2 to S4; satisfied: 0, sat level: -1; Type: RAW
on variable: x
Dependence polyhedron
Set #1
[5 dims; 8 constraints]
-i+j' = 0
i >= 0
-i+_PB_N-1 >= 0
_PB_N-2000 >= 0
j >= 0
-j+_PB_N-1 >= 0
i' >= 0
-i'+_PB_N-1 >= 0


--- Dep 3 from S3 to S4; satisfied: 0, sat level: -1; Type: RAW
on variable: x
Dependence polyhedron
Set #1
[4 dims; 6 constraints]
-i+j' = 0
i >= 0
-i+_PB_N-1 >= 0
_PB_N-2000 >= 0
i' >= 0
-i'+_PB_N-1 >= 0


--- Dep 4 from S1 to S4; satisfied: 0, sat level: -1; Type: RAW
on variable: A
Dependence polyhedron
Set #1
[5 dims; 7 constraints]
-j+j' = 0
-i+i' = 0
i >= 0
-i+_PB_N-1 >= 0
_PB_N-2000 >= 0
j >= 0
-j+_PB_N-1 >= 0


--- Dep 5 from S2 to S3; satisfied: 0, sat level: -1; Type: RAW
on variable: x
Dependence polyhedron
Set #1
[4 dims; 6 constraints]
-i+i' = 0
i >= 0
-i+_PB_N-1 >= 0
_PB_N-2000 >= 0
j >= 0
-j+_PB_N-1 >= 0


--- Dep 6 from S1 to S2; satisfied: 0, sat level: -1; Type: RAW
on variable: A
Dependence polyhedron
Set #1
[5 dims; 7 constraints]
-i+j' = 0
-j+i' = 0
i >= 0
-i+_PB_N-1 >= 0
_PB_N-2000 >= 0
j >= 0
-j+_PB_N-1 >= 0


--- Dep 7 from S2 to S2; satisfied: 0, sat level: -1; Type: RAW
on variable: x
Dependence polyhedron
Set #1
[5 dims; 9 constraints]
-i+i' = 0
i >= 0
-i+_PB_N-1 >= 0
_PB_N-2000 >= 0
j >= 0
-j+_PB_N-1 >= 0
-j'+_PB_N-1 >= 0
j' >= 0
-j+j'-1 >= 0


--- Dep 8 from S2 to S3; satisfied: 0, sat level: -1; Type: WAR
on variable: x
Dependence polyhedron
Set #1
[4 dims; 6 constraints]
-i+i' = 0
i >= 0
-i+_PB_N-1 >= 0
_PB_N-2000 >= 0
j >= 0
-j+_PB_N-1 >= 0


--- Dep 9 from S2 to S2; satisfied: 0, sat level: -1; Type: WAR
on variable: x
Dependence polyhedron
Set #1
[5 dims; 9 constraints]
-i+i' = 0
i >= 0
-i+_PB_N-1 >= 0
_PB_N-2000 >= 0
j >= 0
-j+_PB_N-1 >= 0
-j'+_PB_N-1 >= 0
j' >= 0
-j+j'-1 >= 0


--- Dep 10 from S4 to S4; satisfied: 0, sat level: -1; Type: WAR
on variable: w
Dependence polyhedron
Set #1
[5 dims; 9 constraints]
-i+i' = 0
i >= 0
-i+_PB_N-1 >= 0
_PB_N-2000 >= 0
j >= 0
-j+_PB_N-1 >= 0
-j'+_PB_N-1 >= 0
j' >= 0
-j+j'-1 >= 0


--- Dep 11 from S4 to S4; satisfied: 0, sat level: -1; Type: WAW
on variable: w
Dependence polyhedron
Set #1
[5 dims; 9 constraints]
-i+i' = 0
i >= 0
-i+_PB_N-1 >= 0
_PB_N-2000 >= 0
j >= 0
-j+_PB_N-1 >= 0
-j'+_PB_N-1 >= 0
j' >= 0
-j+j'-1 >= 0


--- Dep 12 from S2 to S3; satisfied: 0, sat level: -1; Type: WAW
on variable: x
Dependence polyhedron
Set #1
[4 dims; 6 constraints]
-i+i' = 0
i >= 0
-i+_PB_N-1 >= 0
_PB_N-2000 >= 0
j >= 0
-j+_PB_N-1 >= 0


--- Dep 13 from S2 to S2; satisfied: 0, sat level: -1; Type: WAW
on variable: x
Dependence polyhedron
Set #1
[5 dims; 9 constraints]
-i+i' = 0
i >= 0
-i+_PB_N-1 >= 0
_PB_N-2000 >= 0
j >= 0
-j+_PB_N-1 >= 0
-j'+_PB_N-1 >= 0
j' >= 0
-j+j'-1 >= 0


[zyj-debug] After affine transformations
T(S1): (0, zT2, zT3, i, j)
loop types (scalar, loop, loop, loop, loop)

T(S2): (1, zT2, zT3, j, i)
loop types (scalar, loop, loop, loop, loop)

T(S3): (2, zT1, i, 0, 0)
loop types (scalar, loop, loop, scalar, scalar)

T(S4): (3, zT2, zT3, i, j)
loop types (scalar, loop, loop, loop, loop)

t1 --> fwd_dep  scalar (band 0)no-ujam
t2 --> parallel loop   (band 0)no-ujam
t3 --> fwd_dep  loop   (band 0)no-ujam
t4 --> fwd_dep  loop   (band 0)no-ujam
t5 --> fwd_dep  loop   (band 0)no-ujam

