[zyj-debug] Before affine transformations
nvar = 2, npar = 2
Parameters: _PB_TSTEPS _PB_N 
S1 "B[i] = 0.33333 * (A[i-1] + A[i] + A[i + 1]);"
ndims: 2; orig_depth: 2
iterators: t, i
Index set
6 6
1 1 0 0 0 0 
1 -1 0 1 0 -1 
1 0 0 1 0 -1 
1 0 1 0 0 -1 
1 0 -1 0 1 -2 
1 0 0 0 1 -3 
T(S1): (0, t, 0, i, 0)
loop types (loop, loop, loop, loop, loop)

Read accesses
A[i-1]
A[i]
A[i+1]
Write accesses
B[i]
Original loop: 0 -> yes
Original loop: 1 -> yes

S2 "A[i] = 0.33333 * (B[i-1] + B[i] + B[i + 1]);"
ndims: 2; orig_depth: 2
iterators: t, i
Index set
6 6
1 1 0 0 0 0 
1 -1 0 1 0 -1 
1 0 0 1 0 -1 
1 0 1 0 0 -1 
1 0 -1 0 1 -2 
1 0 0 0 1 -3 
T(S2): (0, t, 1, i, 0)
loop types (loop, loop, loop, loop, loop)

Read accesses
B[i-1]
B[i]
B[i+1]
Write accesses
A[i]
Original loop: 0 -> yes
Original loop: 1 -> yes

--- Dep 1 from S1 to S2; satisfied: 0, sat level: -1; Type: RAW
on variable: B
Dependence polyhedron
Set #1
[6 dims; 10 constraints]
-i+i'+1 = 0
t >= 0
-t+_PB_T-1 >= 0
_PB_T-500 >= 0
i-2 >= 0
-i+_PB_N-2 >= 0
_PB_N-2000 >= 0
t' >= 0
-t'+_PB_T-1 >= 0
-t+t' >= 0


--- Dep 2 from S2 to S1; satisfied: 0, sat level: -1; Type: RAW
on variable: A
Dependence polyhedron
Set #1
[6 dims; 10 constraints]
-i+i' = 0
t >= 0
-t+_PB_T-1 >= 0
_PB_T-500 >= 0
i-1 >= 0
-i+_PB_N-2 >= 0
_PB_N-2000 >= 0
t' >= 0
-t'+_PB_T-1 >= 0
-t+t'-1 >= 0


--- Dep 3 from S2 to S1; satisfied: 0, sat level: -1; Type: RAW
on variable: A
Dependence polyhedron
Set #1
[6 dims; 10 constraints]
-i+i'-1 = 0
t >= 0
-t+_PB_T-1 >= 0
_PB_T-500 >= 0
i-1 >= 0
-i+_PB_N-3 >= 0
_PB_N-2000 >= 0
t' >= 0
-t'+_PB_T-1 >= 0
-t+t'-1 >= 0


--- Dep 4 from S2 to S1; satisfied: 0, sat level: -1; Type: RAW
on variable: A
Dependence polyhedron
Set #1
[6 dims; 10 constraints]
-i+i'+1 = 0
t >= 0
-t+_PB_T-1 >= 0
_PB_T-500 >= 0
i-2 >= 0
-i+_PB_N-2 >= 0
_PB_N-2000 >= 0
t' >= 0
-t'+_PB_T-1 >= 0
-t+t'-1 >= 0


--- Dep 5 from S1 to S2; satisfied: 0, sat level: -1; Type: RAW
on variable: B
Dependence polyhedron
Set #1
[6 dims; 10 constraints]
-i+i'-1 = 0
t >= 0
-t+_PB_T-1 >= 0
_PB_T-500 >= 0
i-1 >= 0
-i+_PB_N-3 >= 0
_PB_N-2000 >= 0
t' >= 0
-t'+_PB_T-1 >= 0
-t+t' >= 0


--- Dep 6 from S1 to S2; satisfied: 0, sat level: -1; Type: RAW
on variable: B
Dependence polyhedron
Set #1
[6 dims; 10 constraints]
-i+i' = 0
t >= 0
-t+_PB_T-1 >= 0
_PB_T-500 >= 0
i-1 >= 0
-i+_PB_N-2 >= 0
_PB_N-2000 >= 0
t' >= 0
-t'+_PB_T-1 >= 0
-t+t' >= 0


--- Dep 7 from S2 to S1; satisfied: 0, sat level: -1; Type: WAR
on variable: B
Dependence polyhedron
Set #1
[6 dims; 10 constraints]
-i+i'-1 = 0
t >= 0
-t+_PB_T-1 >= 0
_PB_T-500 >= 0
i-1 >= 0
-i+_PB_N-3 >= 0
_PB_N-2000 >= 0
t' >= 0
-t'+_PB_T-1 >= 0
-t+t'-1 >= 0


--- Dep 8 from S2 to S1; satisfied: 0, sat level: -1; Type: WAR
on variable: B
Dependence polyhedron
Set #1
[6 dims; 10 constraints]
-i+i' = 0
t >= 0
-t+_PB_T-1 >= 0
_PB_T-500 >= 0
i-1 >= 0
-i+_PB_N-2 >= 0
_PB_N-2000 >= 0
t' >= 0
-t'+_PB_T-1 >= 0
-t+t'-1 >= 0


--- Dep 9 from S1 to S2; satisfied: 0, sat level: -1; Type: WAR
on variable: A
Dependence polyhedron
Set #1
[6 dims; 10 constraints]
-i+i'-1 = 0
t >= 0
-t+_PB_T-1 >= 0
_PB_T-500 >= 0
i-1 >= 0
-i+_PB_N-3 >= 0
_PB_N-2000 >= 0
t' >= 0
-t'+_PB_T-1 >= 0
-t+t' >= 0


--- Dep 10 from S2 to S1; satisfied: 0, sat level: -1; Type: WAR
on variable: B
Dependence polyhedron
Set #1
[6 dims; 10 constraints]
-i+i'+1 = 0
t >= 0
-t+_PB_T-1 >= 0
_PB_T-500 >= 0
i-2 >= 0
-i+_PB_N-2 >= 0
_PB_N-2000 >= 0
t' >= 0
-t'+_PB_T-1 >= 0
-t+t'-1 >= 0


--- Dep 11 from S1 to S2; satisfied: 0, sat level: -1; Type: WAR
on variable: A
Dependence polyhedron
Set #1
[6 dims; 10 constraints]
-i+i' = 0
t >= 0
-t+_PB_T-1 >= 0
_PB_T-500 >= 0
i-1 >= 0
-i+_PB_N-2 >= 0
_PB_N-2000 >= 0
t' >= 0
-t'+_PB_T-1 >= 0
-t+t' >= 0


--- Dep 12 from S1 to S2; satisfied: 0, sat level: -1; Type: WAR
on variable: A
Dependence polyhedron
Set #1
[6 dims; 10 constraints]
-i+i'+1 = 0
t >= 0
-t+_PB_T-1 >= 0
_PB_T-500 >= 0
i-2 >= 0
-i+_PB_N-2 >= 0
_PB_N-2000 >= 0
t' >= 0
-t'+_PB_T-1 >= 0
-t+t' >= 0


--- Dep 13 from S2 to S2; satisfied: 0, sat level: -1; Type: WAW
on variable: A
Dependence polyhedron
Set #1
[6 dims; 10 constraints]
-i+i' = 0
t >= 0
-t+_PB_T-1 >= 0
_PB_T-500 >= 0
i-1 >= 0
-i+_PB_N-2 >= 0
_PB_N-2000 >= 0
t' >= 0
-t'+_PB_T-1 >= 0
-t+t'-1 >= 0


--- Dep 14 from S1 to S1; satisfied: 0, sat level: -1; Type: WAW
on variable: B
Dependence polyhedron
Set #1
[6 dims; 10 constraints]
-i+i' = 0
t >= 0
-t+_PB_T-1 >= 0
_PB_T-500 >= 0
i-1 >= 0
-i+_PB_N-2 >= 0
_PB_N-2000 >= 0
t' >= 0
-t'+_PB_T-1 >= 0
-t+t'-1 >= 0


[zyj-debug] After affine transformations
T(S1): (t, 2t+i, 0)
loop types (loop, loop, scalar)

T(S2): (t, 2t+i+1, 1)
loop types (loop, loop, scalar)

t1 --> fwd_dep  loop   (band 0)no-ujam
t2 --> fwd_dep  loop   (band 0)no-ujam
t3 --> fwd_dep  scalar (band 1)no-ujam

