[zyj-debug] Before affine transformations
nvar = 2, npar = 1
Parameters: _PB_N 
S1 "x[i] = b[i];"
ndims: 1; orig_depth: 1
iterators: i
Index set
3 4
1 1 0 0 
1 -1 1 -1 
1 0 1 -1 
T(S1): (0, i, 0, 0, 0)
loop types (loop, loop, loop, scalar, scalar)

Read accesses
b[i]
Write accesses
x[i]
Original loop: 0 -> yes

S2 "x[i] -= L[i][j] * x[j];"
ndims: 2; orig_depth: 2
iterators: i, j
Index set
6 5
1 1 0 0 0 
1 -1 0 1 -1 
1 0 0 1 -1 
1 0 1 0 0 
1 1 -1 0 -1 
1 1 0 0 -1 
T(S2): (0, i, 1, j, 0)
loop types (loop, loop, loop, loop, loop)

Read accesses
x[i]
L[i][j]
x[j]
Write accesses
x[i]
Original loop: 0 -> yes
Original loop: 1 -> yes

S3 "x[i] = x[i] / L[i][i];"
ndims: 1; orig_depth: 1
iterators: i
Index set
3 4
1 1 0 0 
1 -1 1 -1 
1 0 1 -1 
T(S3): (0, i, 2, 0, 0)
loop types (loop, loop, loop, scalar, scalar)

Read accesses
x[i]
L[i][i]
Write accesses
x[i]
Original loop: 0 -> yes

--- Dep 1 from S1 to S3; satisfied: 0, sat level: -1; Type: RAW
on variable: x
Dependence polyhedron
Set #1
[3 dims; 4 constraints]
-i+i' = 0
i >= 0
-i+_PB_N-1 >= 0
_PB_N-2000 >= 0


--- Dep 2 from S1 to S2; satisfied: 0, sat level: -1; Type: RAW
on variable: x
Dependence polyhedron
Set #1
[4 dims; 6 constraints]
-i+i' = 0
i-1 >= 0
-i+_PB_N-1 >= 0
_PB_N-2000 >= 0
i-j'-1 >= 0
j' >= 0


--- Dep 3 from S3 to S2; satisfied: 0, sat level: -1; Type: RAW
on variable: x
Dependence polyhedron
Set #1
[4 dims; 7 constraints]
-i+j' = 0
i >= 0
-i+_PB_N-1 >= 0
_PB_N-2000 >= 0
i'-1 >= 0
-i'+_PB_N-1 >= 0
-i+i'-1 >= 0


--- Dep 4 from S2 to S3; satisfied: 0, sat level: -1; Type: RAW
on variable: x
Dependence polyhedron
Set #1
[4 dims; 6 constraints]
-i+i' = 0
i-1 >= 0
-i+_PB_N-1 >= 0
_PB_N-2000 >= 0
j >= 0
i-j-1 >= 0


--- Dep 5 from S2 to S2; satisfied: 0, sat level: -1; Type: RAW
on variable: x
Dependence polyhedron
Set #1
[5 dims; 9 constraints]
-i+j' = 0
i-1 >= 0
-i+_PB_N-1 >= 0
_PB_N-2000 >= 0
j >= 0
i-j-1 >= 0
i'-1 >= 0
-i'+_PB_N-1 >= 0
-i+i'-1 >= 0


--- Dep 6 from S1 to S2; satisfied: 0, sat level: -1; Type: RAW
on variable: x
Dependence polyhedron
Set #1
[4 dims; 7 constraints]
-i+j' = 0
i >= 0
-i+_PB_N-1 >= 0
_PB_N-2000 >= 0
i'-1 >= 0
-i'+_PB_N-1 >= 0
-i+i'-1 >= 0


--- Dep 7 from S2 to S2; satisfied: 0, sat level: -1; Type: RAW
on variable: x
Dependence polyhedron
Set #1
[5 dims; 9 constraints]
-i+i' = 0
i-1 >= 0
-i+_PB_N-1 >= 0
_PB_N-2000 >= 0
j >= 0
i-j-1 >= 0
i-j'-1 >= 0
j' >= 0
-j+j'-1 >= 0


--- Dep 8 from S2 to S3; satisfied: 0, sat level: -1; Type: WAR
on variable: x
Dependence polyhedron
Set #1
[4 dims; 6 constraints]
-i+i' = 0
i-1 >= 0
-i+_PB_N-1 >= 0
_PB_N-2000 >= 0
j >= 0
i-j-1 >= 0


--- Dep 9 from S2 to S2; satisfied: 0, sat level: -1; Type: WAR
on variable: x
Dependence polyhedron
Set #1
[5 dims; 9 constraints]
-i+i' = 0
i-1 >= 0
-i+_PB_N-1 >= 0
_PB_N-2000 >= 0
j >= 0
i-j-1 >= 0
i-j'-1 >= 0
j' >= 0
-j+j'-1 >= 0


--- Dep 10 from S1 to S2; satisfied: 0, sat level: -1; Type: WAW
on variable: x
Dependence polyhedron
Set #1
[4 dims; 6 constraints]
-i+i' = 0
i-1 >= 0
-i+_PB_N-1 >= 0
_PB_N-2000 >= 0
i-j'-1 >= 0
j' >= 0


--- Dep 11 from S2 to S3; satisfied: 0, sat level: -1; Type: WAW
on variable: x
Dependence polyhedron
Set #1
[4 dims; 6 constraints]
-i+i' = 0
i-1 >= 0
-i+_PB_N-1 >= 0
_PB_N-2000 >= 0
j >= 0
i-j-1 >= 0


--- Dep 12 from S1 to S3; satisfied: 0, sat level: -1; Type: WAW
on variable: x
Dependence polyhedron
Set #1
[3 dims; 4 constraints]
-i+i' = 0
i >= 0
-i+_PB_N-1 >= 0
_PB_N-2000 >= 0


--- Dep 13 from S2 to S2; satisfied: 0, sat level: -1; Type: WAW
on variable: x
Dependence polyhedron
Set #1
[5 dims; 9 constraints]
-i+i' = 0
i-1 >= 0
-i+_PB_N-1 >= 0
_PB_N-2000 >= 0
j >= 0
i-j-1 >= 0
i-j'-1 >= 0
j' >= 0
-j+j'-1 >= 0


[zyj-debug] After affine transformations
T(S1): (zT1, 0, i, 0, 0, 0)
loop types (loop, scalar, loop, scalar, scalar, scalar)

T(S2): (zT2, zT3, i, j, 1, 0)
loop types (loop, loop, loop, loop, scalar, scalar)

T(S3): (zT1, zT2, i, i, 0, 1)
loop types (loop, loop, loop, loop, scalar, scalar)

t1 --> fwd_dep  loop   (band 0)no-ujam
t2 --> fwd_dep  loop   (band 0)no-ujam
t3 --> fwd_dep  loop   (band 0)no-ujam
t4 --> fwd_dep  loop   (band 0)no-ujam
t5 --> fwd_dep  scalar (band 1)no-ujam
t6 --> fwd_dep  scalar (band 1)no-ujam

